{"uid":"39c2d89af56dafc7","name":"Verify presence, visibility of the user name in the Header for an authorized user","fullName":"tests.header_test.TestAuHdPageText#test_hpa_02_02_verify_auth_user_name","historyId":"e3cc92e33f3b87b0c45d511b595a99e0","time":{"start":1763463526124,"stop":1763463526124,"duration":0},"status":"broken","statusMessage":"selenium.common.exceptions.TimeoutException: Message: Can't find element by locator https://www.brainup.site/groups","statusTrace":"self = <pages.base_page.BasePage object at 0x7f4a9cf76cf0>\nurl = 'https://www.brainup.site/groups'\n\n    def check_expected_link(self, url):\n        with allure.step(f'Check url is present: {url}'):\n            try:\n>               return Wait(self.driver, self.timeout).until(\n                    EC.url_to_be(url), message=f\"Can't find element by locator {url}\")\n\npages/base_page.py:80: \n_ _ _ _ _ _ _ _ _ _ _ _ _ _ _ _ _ _ _ _ _ _ _ _ _ _ _ _ _ _ _ _ _ _ _ _ _ _ _ _ \n\nself = <selenium.webdriver.support.wait.WebDriverWait (session=\"335601f977b4f9645310c8d5b49c9263\")>\nmethod = <function url_to_be.<locals>._predicate at 0x7f4a9cebd300>\nmessage = \"Can't find element by locator https://www.brainup.site/groups\"\n\n    def until(self, method, message: str = \"\"):\n        \"\"\"Calls the method provided with the driver as an argument until the \\\n        return value does not evaluate to ``False``.\n    \n        :param method: callable(WebDriver)\n        :param message: optional message for :exc:`TimeoutException`\n        :returns: the result of the last call to `method`\n        :raises: :exc:`selenium.common.exceptions.TimeoutException` if timeout occurs\n        \"\"\"\n        screen = None\n        stacktrace = None\n    \n        end_time = time.monotonic() + self._timeout\n        while True:\n            try:\n                value = method(self._driver)\n                if value:\n                    return value\n            except self._ignored_exceptions as exc:\n                screen = getattr(exc, \"screen\", None)\n                stacktrace = getattr(exc, \"stacktrace\", None)\n            time.sleep(self._poll)\n            if time.monotonic() > end_time:\n                break\n>       raise TimeoutException(message, screen, stacktrace)\nE       selenium.common.exceptions.TimeoutException: Message: Can't find element by locator https://www.brainup.site/groups\n\n/opt/hostedtoolcache/Python/3.12.12/x64/lib/python3.12/site-packages/selenium/webdriver/support/wait.py:95: TimeoutException\n\nDuring handling of the above exception, another exception occurred:\n\ndriver = <selenium.webdriver.chrome.webdriver.WebDriver (session=\"335601f977b4f9645310c8d5b49c9263\")>\nmain_page_open = None\n\n    @pytest.fixture()\n    @allure.step('Auto test user authorized')\n    def auto_test_user_authorized(driver, main_page_open):\n        page = BasePage(driver)\n        page.element_is_present_and_clickable(MainPageLocators.LOGIN_BUTTON).click()\n        page.element_is_visible(LoginPageLocators.INPUT_LOGIN).send_keys(os.environ[\"LOGIN\"])\n        page.element_is_visible(LoginPageLocators.INPUT_PASSWORD).send_keys(os.environ[\"PASSWORD\"])\n        page.element_is_present_and_clickable(LoginPageLocators.SIGN_IN_BUTTON).click()\n>       page.check_expected_link(MainPageLinks.URL_GROUPS_PAGE)\n\ntests/conftest.py:156: \n_ _ _ _ _ _ _ _ _ _ _ _ _ _ _ _ _ _ _ _ _ _ _ _ _ _ _ _ _ _ _ _ _ _ _ _ _ _ _ _ \npages/base_page.py:84: in check_expected_link\n    return Wait(self.driver, self.timeout).until(\n_ _ _ _ _ _ _ _ _ _ _ _ _ _ _ _ _ _ _ _ _ _ _ _ _ _ _ _ _ _ _ _ _ _ _ _ _ _ _ _ \n\nself = <selenium.webdriver.support.wait.WebDriverWait (session=\"335601f977b4f9645310c8d5b49c9263\")>\nmethod = <function url_to_be.<locals>._predicate at 0x7f4a9cebcd60>\nmessage = \"Can't find element by locator https://www.brainup.site/groups\"\n\n    def until(self, method, message: str = \"\"):\n        \"\"\"Calls the method provided with the driver as an argument until the \\\n        return value does not evaluate to ``False``.\n    \n        :param method: callable(WebDriver)\n        :param message: optional message for :exc:`TimeoutException`\n        :returns: the result of the last call to `method`\n        :raises: :exc:`selenium.common.exceptions.TimeoutException` if timeout occurs\n        \"\"\"\n        screen = None\n        stacktrace = None\n    \n        end_time = time.monotonic() + self._timeout\n        while True:\n            try:\n                value = method(self._driver)\n                if value:\n                    return value\n            except self._ignored_exceptions as exc:\n                screen = getattr(exc, \"screen\", None)\n                stacktrace = getattr(exc, \"stacktrace\", None)\n            time.sleep(self._poll)\n            if time.monotonic() > end_time:\n                break\n>       raise TimeoutException(message, screen, stacktrace)\nE       selenium.common.exceptions.TimeoutException: Message: Can't find element by locator https://www.brainup.site/groups\n\n/opt/hostedtoolcache/Python/3.12.12/x64/lib/python3.12/site-packages/selenium/webdriver/support/wait.py:95: TimeoutException","flaky":false,"newFailed":false,"newBroken":true,"newPassed":false,"retriesCount":0,"retriesStatusChange":false,"beforeStages":[{"name":"clear_allure_results_folder","time":{"start":1763462792063,"stop":1763462792063,"duration":0},"status":"passed","steps":[],"attachments":[],"parameters":[],"stepsCount":0,"shouldDisplayMessage":false,"attachmentsCount":0,"hasContent":false,"attachmentStep":false},{"name":"driver","time":{"start":1763463526124,"stop":1763463526884,"duration":760},"status":"passed","steps":[],"attachments":[],"parameters":[],"stepsCount":0,"shouldDisplayMessage":false,"attachmentsCount":0,"hasContent":false,"attachmentStep":false},{"name":"main_page_open","time":{"start":1763463526884,"stop":1763463529273,"duration":2389},"status":"passed","steps":[{"name":"Open page: https://www.brainup.site/","time":{"start":1763463526884,"stop":1763463529273,"duration":2389},"status":"passed","steps":[],"attachments":[],"parameters":[{"name":"driver","value":"<selenium.webdriver.chrome.webdriver.WebDriver (session=\"335601f977b4f9645310c8d5b49c9263\")>"}],"stepsCount":0,"shouldDisplayMessage":false,"attachmentsCount":0,"hasContent":true,"attachmentStep":false}],"attachments":[],"parameters":[],"stepsCount":1,"shouldDisplayMessage":false,"attachmentsCount":0,"hasContent":true,"attachmentStep":false},{"name":"auto_test_user_authorized","time":{"start":1763463529273,"stop":1763463549803,"duration":20530},"status":"broken","statusMessage":"selenium.common.exceptions.TimeoutException: Message: Can't find element by locator https://www.brainup.site/groups\n\n","statusTrace":"  File \"/opt/hostedtoolcache/Python/3.12.12/x64/lib/python3.12/site-packages/pluggy/_callers.py\", line 38, in run_old_style_hookwrapper\n    res = yield\n          ^^^^^\n  File \"/opt/hostedtoolcache/Python/3.12.12/x64/lib/python3.12/site-packages/pluggy/_callers.py\", line 139, in _multicall\n    teardown.throw(exception)\n  File \"/opt/hostedtoolcache/Python/3.12.12/x64/lib/python3.12/site-packages/pluggy/_callers.py\", line 53, in run_old_style_hookwrapper\n    return result.get_result()\n           ^^^^^^^^^^^^^^^^^^^\n  File \"/opt/hostedtoolcache/Python/3.12.12/x64/lib/python3.12/site-packages/pluggy/_result.py\", line 103, in get_result\n    raise exc.with_traceback(tb)\n  File \"/opt/hostedtoolcache/Python/3.12.12/x64/lib/python3.12/site-packages/pluggy/_callers.py\", line 38, in run_old_style_hookwrapper\n    res = yield\n          ^^^^^\n  File \"/opt/hostedtoolcache/Python/3.12.12/x64/lib/python3.12/site-packages/pluggy/_callers.py\", line 121, in _multicall\n    res = hook_impl.function(*args)\n          ^^^^^^^^^^^^^^^^^^^^^^^^^\n  File \"/opt/hostedtoolcache/Python/3.12.12/x64/lib/python3.12/site-packages/_pytest/fixtures.py\", line 1123, in pytest_fixture_setup\n    result = call_fixture_func(fixturefunc, request, kwargs)\n             ^^^^^^^^^^^^^^^^^^^^^^^^^^^^^^^^^^^^^^^^^^^^^^^\n  File \"/opt/hostedtoolcache/Python/3.12.12/x64/lib/python3.12/site-packages/_pytest/fixtures.py\", line 902, in call_fixture_func\n    fixture_result = fixturefunc(**kwargs)\n                     ^^^^^^^^^^^^^^^^^^^^^\n  File \"/opt/hostedtoolcache/Python/3.12.12/x64/lib/python3.12/site-packages/allure_commons/_allure.py\", line 192, in impl\n    return func(*a, **kw)\n           ^^^^^^^^^^^^^^\n  File \"/home/runner/work/auto-tests-python/auto-tests-python/tests/conftest.py\", line 156, in auto_test_user_authorized\n    page.check_expected_link(MainPageLinks.URL_GROUPS_PAGE)\n  File \"/home/runner/work/auto-tests-python/auto-tests-python/pages/base_page.py\", line 84, in check_expected_link\n    return Wait(self.driver, self.timeout).until(\n           ^^^^^^^^^^^^^^^^^^^^^^^^^^^^^^^^^^^^^^\n  File \"/opt/hostedtoolcache/Python/3.12.12/x64/lib/python3.12/site-packages/selenium/webdriver/support/wait.py\", line 95, in until\n    raise TimeoutException(message, screen, stacktrace)\n","steps":[{"name":"Auto test user authorized","time":{"start":1763463529273,"stop":1763463549802,"duration":20529},"status":"broken","statusMessage":"selenium.common.exceptions.TimeoutException: Message: Can't find element by locator https://www.brainup.site/groups\n\n","statusTrace":"  File \"/opt/hostedtoolcache/Python/3.12.12/x64/lib/python3.12/site-packages/allure_commons/_allure.py\", line 192, in impl\n    return func(*a, **kw)\n           ^^^^^^^^^^^^^^\n  File \"/home/runner/work/auto-tests-python/auto-tests-python/tests/conftest.py\", line 156, in auto_test_user_authorized\n    page.check_expected_link(MainPageLinks.URL_GROUPS_PAGE)\n  File \"/home/runner/work/auto-tests-python/auto-tests-python/pages/base_page.py\", line 84, in check_expected_link\n    return Wait(self.driver, self.timeout).until(\n           ^^^^^^^^^^^^^^^^^^^^^^^^^^^^^^^^^^^^^^\n  File \"/opt/hostedtoolcache/Python/3.12.12/x64/lib/python3.12/site-packages/selenium/webdriver/support/wait.py\", line 95, in until\n    raise TimeoutException(message, screen, stacktrace)\n","steps":[{"name":"Check url is present: https://www.brainup.site/groups","time":{"start":1763463529659,"stop":1763463549802,"duration":20143},"status":"broken","statusMessage":"selenium.common.exceptions.TimeoutException: Message: Can't find element by locator https://www.brainup.site/groups\n\n","statusTrace":"  File \"/home/runner/work/auto-tests-python/auto-tests-python/pages/base_page.py\", line 84, in check_expected_link\n    return Wait(self.driver, self.timeout).until(\n           ^^^^^^^^^^^^^^^^^^^^^^^^^^^^^^^^^^^^^^\n  File \"/opt/hostedtoolcache/Python/3.12.12/x64/lib/python3.12/site-packages/selenium/webdriver/support/wait.py\", line 95, in until\n    raise TimeoutException(message, screen, stacktrace)\n","steps":[],"attachments":[],"parameters":[],"stepsCount":0,"shouldDisplayMessage":true,"attachmentsCount":0,"hasContent":true,"attachmentStep":false}],"attachments":[],"parameters":[{"name":"driver","value":"<selenium.webdriver.chrome.webdriver.WebDriver (session=\"335601f977b4f9645310c8d5b49c9263\")>"},{"name":"main_page_open","value":"None"}],"stepsCount":1,"shouldDisplayMessage":false,"attachmentsCount":0,"hasContent":true,"attachmentStep":false}],"attachments":[],"parameters":[],"stepsCount":2,"shouldDisplayMessage":false,"attachmentsCount":0,"hasContent":true,"attachmentStep":false}],"afterStages":[{"name":"driver::0","time":{"start":1763463549847,"stop":1763463549915,"duration":68},"status":"passed","steps":[],"attachments":[],"parameters":[],"stepsCount":0,"shouldDisplayMessage":false,"attachmentsCount":0,"hasContent":false,"attachmentStep":false}],"labels":[{"name":"epic","value":"Test Header"},{"name":"parentSuite","value":"tests"},{"name":"suite","value":"header_test"},{"name":"subSuite","value":"TestHeaderPage"},{"name":"host","value":"runnervmg1sw1"},{"name":"thread","value":"2592-MainThread"},{"name":"framework","value":"pytest"},{"name":"language","value":"cpython3"},{"name":"package","value":"tests.header_test"},{"name":"resultFormat","value":"allure2"}],"parameters":[],"links":[],"hidden":false,"retry":false,"extra":{"severity":"normal","retries":[],"categories":[{"name":"Test defects","matchedStatuses":[],"flaky":false}],"history":{"statistic":{"failed":0,"broken":1,"skipped":0,"passed":17,"unknown":0,"total":18},"items":[{"uid":"c68d57a74572f7f6","reportUrl":"https://Brain-up.github.io/auto-tests-python/751/#testresult/c68d57a74572f7f6","status":"passed","time":{"start":1763379450390,"stop":1763379450417,"duration":27}},{"uid":"64d8bd2b10cba43b","reportUrl":"https://Brain-up.github.io/auto-tests-python/750/#testresult/64d8bd2b10cba43b","status":"passed","time":{"start":1763295787533,"stop":1763295787561,"duration":28}},{"uid":"afe96d411652e083","reportUrl":"https://Brain-up.github.io/auto-tests-python/749/#testresult/afe96d411652e083","status":"passed","time":{"start":1763199328687,"stop":1763199328714,"duration":27}},{"uid":"4b518da1f2e78fa7","reportUrl":"https://Brain-up.github.io/auto-tests-python/748/#testresult/4b518da1f2e78fa7","status":"passed","time":{"start":1763120670285,"stop":1763120670315,"duration":30}},{"uid":"e60daa53c56e44e","reportUrl":"https://Brain-up.github.io/auto-tests-python/747/#testresult/e60daa53c56e44e","status":"passed","time":{"start":1763038948733,"stop":1763038948760,"duration":27}},{"uid":"aac857c524a465e6","reportUrl":"https://Brain-up.github.io/auto-tests-python/746/#testresult/aac857c524a465e6","status":"passed","time":{"start":1762955872375,"stop":1762955872402,"duration":27}},{"uid":"79e1c07ab3fa999b","reportUrl":"https://Brain-up.github.io/auto-tests-python/745/#testresult/79e1c07ab3fa999b","status":"passed","time":{"start":1762851570142,"stop":1762851570172,"duration":30}},{"uid":"fd2d634b8391d30e","reportUrl":"https://Brain-up.github.io/auto-tests-python/744/#testresult/fd2d634b8391d30e","status":"passed","time":{"start":1762772247995,"stop":1762772248022,"duration":27}},{"uid":"6e2180324ca4cdd4","reportUrl":"https://Brain-up.github.io/auto-tests-python/743/#testresult/6e2180324ca4cdd4","status":"passed","time":{"start":1762679978980,"stop":1762679979008,"duration":28}},{"uid":"e9ddbbc215553200","reportUrl":"https://Brain-up.github.io/auto-tests-python/742/#testresult/e9ddbbc215553200","status":"passed","time":{"start":1762596701397,"stop":1762596701426,"duration":29}},{"uid":"9ab3503343d7313","reportUrl":"https://Brain-up.github.io/auto-tests-python/741/#testresult/9ab3503343d7313","status":"passed","time":{"start":1762512841623,"stop":1762512841652,"duration":29}},{"uid":"12e82cba37cc62a9","reportUrl":"https://Brain-up.github.io/auto-tests-python/740/#testresult/12e82cba37cc62a9","status":"passed","time":{"start":1762426207070,"stop":1762426207100,"duration":30}},{"uid":"7d89e65459d75804","reportUrl":"https://Brain-up.github.io/auto-tests-python/739/#testresult/7d89e65459d75804","status":"passed","time":{"start":1762340531170,"stop":1762340531197,"duration":27}},{"uid":"759a46466ea4bc61","reportUrl":"https://Brain-up.github.io/auto-tests-python/738/#testresult/759a46466ea4bc61","status":"passed","time":{"start":1762337557951,"stop":1762337557978,"duration":27}},{"uid":"2714a52669b74caa","reportUrl":"https://Brain-up.github.io/auto-tests-python/737/#testresult/2714a52669b74caa","status":"passed","time":{"start":1762337385004,"stop":1762337385031,"duration":27}},{"uid":"de53cccc8440fd04","reportUrl":"https://Brain-up.github.io/auto-tests-python/2/#testresult/de53cccc8440fd04","status":"passed","time":{"start":1762337406761,"stop":1762337406789,"duration":28}},{"uid":"4eac1e9a941aa4e","reportUrl":"https://Brain-up.github.io/auto-tests-python/736/#testresult/4eac1e9a941aa4e","status":"passed","time":{"start":1762336776889,"stop":1762336776915,"duration":26}}]},"tags":[]},"source":"39c2d89af56dafc7.json","parameterValues":[]}