{"uid":"ed74f003d3cb84b0","name":"Solutions to a random task in the \"Слова Королёвой\" .","fullName":"tests.test_speech_exercises_ru.TestCardsRU#test_solve_koroleva_cards_ru","historyId":"c9fe4fbd9394e2fb5a6898be66ba433b","time":{"start":1763463992865,"stop":1763464003175,"duration":10310},"status":"skipped","statusMessage":"XFAIL\n\nselenium.common.exceptions.TimeoutException: Message: Can't find element by locator ('xpath', '//a[text()=\"Упражнения\"]')\nStacktrace:\n#0 0x564079f4332a <unknown>\n#1 0x56407998fe4b <unknown>\n#2 0x5640799e282b <unknown>\n#3 0x5640799e2a61 <unknown>\n#4 0x564079a31a44 <unknown>\n#5 0x564079a2edf7 <unknown>\n#6 0x5640799d4c1a <unknown>\n#7 0x5640799d5921 <unknown>\n#8 0x564079f0a239 <unknown>\n#9 0x564079f0d1e8 <unknown>\n#10 0x564079ef34c9 <unknown>\n#11 0x564079f0ddb5 <unknown>\n#12 0x564079edae93 <unknown>\n#13 0x564079f30098 <unknown>\n#14 0x564079f30273 <unknown>\n#15 0x564079f422c3 <unknown>\n#16 0x7f41db49caa4 <unknown>\n#17 0x7f41db529c6c <unknown>","statusTrace":"self = <tests.test_speech_exercises_ru.TestCardsRU object at 0x7f4a9cffd760>\ndriver = <selenium.webdriver.chrome.webdriver.WebDriver (session=\"bd7f12f07b6370f4d0d83acf83ce6d19\")>\ndefault_user_authorized = None\n\n    @pytest.mark.xfail\n    @allure.suite(\"Речевые упражнения.\")\n    @allure.title('Solutions to a random task in the \"Слова Королёвой\" .')\n    def test_solve_koroleva_cards_ru(self, driver, default_user_authorized):\n        page = SpeechExercisesPageRU(driver)\n>       page.click_button_exercises()\n\ntests/test_speech_exercises_ru.py:144: \n_ _ _ _ _ _ _ _ _ _ _ _ _ _ _ _ _ _ _ _ _ _ _ _ _ _ _ _ _ _ _ _ _ _ _ _ _ _ _ _ \npages/speech_exercises_page_ru.py:199: in click_button_exercises\n    button = self.element_is_present_and_clickable(self.locators.AuthorizedUserHomePageLocators.BUTTON_EXERCISES_RU)\npages/base_page.py:40: in element_is_present_and_clickable\n    return (Wait(self.driver, self.timeout).until(\n_ _ _ _ _ _ _ _ _ _ _ _ _ _ _ _ _ _ _ _ _ _ _ _ _ _ _ _ _ _ _ _ _ _ _ _ _ _ _ _ \n\nself = <selenium.webdriver.support.wait.WebDriverWait (session=\"bd7f12f07b6370f4d0d83acf83ce6d19\")>\nmethod = <function visibility_of_element_located.<locals>._predicate at 0x7f4a9cf5bf60>\nmessage = 'Can\\'t find element by locator (\\'xpath\\', \\'//a[text()=\"Упражнения\"]\\')'\n\n    def until(self, method, message: str = \"\"):\n        \"\"\"Calls the method provided with the driver as an argument until the \\\n        return value does not evaluate to ``False``.\n    \n        :param method: callable(WebDriver)\n        :param message: optional message for :exc:`TimeoutException`\n        :returns: the result of the last call to `method`\n        :raises: :exc:`selenium.common.exceptions.TimeoutException` if timeout occurs\n        \"\"\"\n        screen = None\n        stacktrace = None\n    \n        end_time = time.monotonic() + self._timeout\n        while True:\n            try:\n                value = method(self._driver)\n                if value:\n                    return value\n            except self._ignored_exceptions as exc:\n                screen = getattr(exc, \"screen\", None)\n                stacktrace = getattr(exc, \"stacktrace\", None)\n            time.sleep(self._poll)\n            if time.monotonic() > end_time:\n                break\n>       raise TimeoutException(message, screen, stacktrace)\nE       selenium.common.exceptions.TimeoutException: Message: Can't find element by locator ('xpath', '//a[text()=\"Упражнения\"]')\nE       Stacktrace:\nE       #0 0x564079f4332a <unknown>\nE       #1 0x56407998fe4b <unknown>\nE       #2 0x5640799e282b <unknown>\nE       #3 0x5640799e2a61 <unknown>\nE       #4 0x564079a31a44 <unknown>\nE       #5 0x564079a2edf7 <unknown>\nE       #6 0x5640799d4c1a <unknown>\nE       #7 0x5640799d5921 <unknown>\nE       #8 0x564079f0a239 <unknown>\nE       #9 0x564079f0d1e8 <unknown>\nE       #10 0x564079ef34c9 <unknown>\nE       #11 0x564079f0ddb5 <unknown>\nE       #12 0x564079edae93 <unknown>\nE       #13 0x564079f30098 <unknown>\nE       #14 0x564079f30273 <unknown>\nE       #15 0x564079f422c3 <unknown>\nE       #16 0x7f41db49caa4 <unknown>\nE       #17 0x7f41db529c6c <unknown>\n\n/opt/hostedtoolcache/Python/3.12.12/x64/lib/python3.12/site-packages/selenium/webdriver/support/wait.py:95: TimeoutException","flaky":false,"newFailed":false,"newBroken":false,"newPassed":false,"retriesCount":0,"retriesStatusChange":false,"beforeStages":[{"name":"clear_allure_results_folder","time":{"start":1763462792063,"stop":1763462792063,"duration":0},"status":"passed","steps":[],"attachments":[],"parameters":[],"stepsCount":0,"shouldDisplayMessage":false,"attachmentsCount":0,"hasContent":false,"attachmentStep":false},{"name":"driver","time":{"start":1763463987223,"stop":1763463987974,"duration":751},"status":"passed","steps":[],"attachments":[],"parameters":[],"stepsCount":0,"shouldDisplayMessage":false,"attachmentsCount":0,"hasContent":false,"attachmentStep":false},{"name":"main_page_open","time":{"start":1763463987975,"stop":1763463990455,"duration":2480},"status":"passed","steps":[{"name":"Open page: https://www.brainup.site/","time":{"start":1763463987975,"stop":1763463990455,"duration":2480},"status":"passed","steps":[],"attachments":[],"parameters":[{"name":"driver","value":"<selenium.webdriver.chrome.webdriver.WebDriver (session=\"bd7f12f07b6370f4d0d83acf83ce6d19\")>"}],"stepsCount":0,"shouldDisplayMessage":false,"attachmentsCount":0,"hasContent":true,"attachmentStep":false}],"attachments":[],"parameters":[],"stepsCount":1,"shouldDisplayMessage":false,"attachmentsCount":0,"hasContent":true,"attachmentStep":false},{"name":"default_user_authorized","time":{"start":1763463990455,"stop":1763463992865,"duration":2410},"status":"passed","steps":[{"name":"DEFAULT user authorized","time":{"start":1763463990456,"stop":1763463992865,"duration":2409},"status":"passed","steps":[{"name":"Check url is present: https://www.brainup.site/groups","time":{"start":1763463990824,"stop":1763463992842,"duration":2018},"status":"passed","steps":[],"attachments":[],"parameters":[],"stepsCount":0,"shouldDisplayMessage":false,"attachmentsCount":0,"hasContent":false,"attachmentStep":false},{"name":"Loader checking","time":{"start":1763463992842,"stop":1763463992865,"duration":23},"status":"passed","steps":[],"attachments":[],"parameters":[],"stepsCount":0,"shouldDisplayMessage":false,"attachmentsCount":0,"hasContent":false,"attachmentStep":false}],"attachments":[],"parameters":[{"name":"driver","value":"<selenium.webdriver.chrome.webdriver.WebDriver (session=\"bd7f12f07b6370f4d0d83acf83ce6d19\")>"},{"name":"main_page_open","value":"None"}],"stepsCount":2,"shouldDisplayMessage":false,"attachmentsCount":0,"hasContent":true,"attachmentStep":false}],"attachments":[],"parameters":[],"stepsCount":3,"shouldDisplayMessage":false,"attachmentsCount":0,"hasContent":true,"attachmentStep":false}],"testStage":{"status":"skipped","statusMessage":"XFAIL\n\nselenium.common.exceptions.TimeoutException: Message: Can't find element by locator ('xpath', '//a[text()=\"Упражнения\"]')\nStacktrace:\n#0 0x564079f4332a <unknown>\n#1 0x56407998fe4b <unknown>\n#2 0x5640799e282b <unknown>\n#3 0x5640799e2a61 <unknown>\n#4 0x564079a31a44 <unknown>\n#5 0x564079a2edf7 <unknown>\n#6 0x5640799d4c1a <unknown>\n#7 0x5640799d5921 <unknown>\n#8 0x564079f0a239 <unknown>\n#9 0x564079f0d1e8 <unknown>\n#10 0x564079ef34c9 <unknown>\n#11 0x564079f0ddb5 <unknown>\n#12 0x564079edae93 <unknown>\n#13 0x564079f30098 <unknown>\n#14 0x564079f30273 <unknown>\n#15 0x564079f422c3 <unknown>\n#16 0x7f41db49caa4 <unknown>\n#17 0x7f41db529c6c <unknown>","statusTrace":"self = <tests.test_speech_exercises_ru.TestCardsRU object at 0x7f4a9cffd760>\ndriver = <selenium.webdriver.chrome.webdriver.WebDriver (session=\"bd7f12f07b6370f4d0d83acf83ce6d19\")>\ndefault_user_authorized = None\n\n    @pytest.mark.xfail\n    @allure.suite(\"Речевые упражнения.\")\n    @allure.title('Solutions to a random task in the \"Слова Королёвой\" .')\n    def test_solve_koroleva_cards_ru(self, driver, default_user_authorized):\n        page = SpeechExercisesPageRU(driver)\n>       page.click_button_exercises()\n\ntests/test_speech_exercises_ru.py:144: \n_ _ _ _ _ _ _ _ _ _ _ _ _ _ _ _ _ _ _ _ _ _ _ _ _ _ _ _ _ _ _ _ _ _ _ _ _ _ _ _ \npages/speech_exercises_page_ru.py:199: in click_button_exercises\n    button = self.element_is_present_and_clickable(self.locators.AuthorizedUserHomePageLocators.BUTTON_EXERCISES_RU)\npages/base_page.py:40: in element_is_present_and_clickable\n    return (Wait(self.driver, self.timeout).until(\n_ _ _ _ _ _ _ _ _ _ _ _ _ _ _ _ _ _ _ _ _ _ _ _ _ _ _ _ _ _ _ _ _ _ _ _ _ _ _ _ \n\nself = <selenium.webdriver.support.wait.WebDriverWait (session=\"bd7f12f07b6370f4d0d83acf83ce6d19\")>\nmethod = <function visibility_of_element_located.<locals>._predicate at 0x7f4a9cf5bf60>\nmessage = 'Can\\'t find element by locator (\\'xpath\\', \\'//a[text()=\"Упражнения\"]\\')'\n\n    def until(self, method, message: str = \"\"):\n        \"\"\"Calls the method provided with the driver as an argument until the \\\n        return value does not evaluate to ``False``.\n    \n        :param method: callable(WebDriver)\n        :param message: optional message for :exc:`TimeoutException`\n        :returns: the result of the last call to `method`\n        :raises: :exc:`selenium.common.exceptions.TimeoutException` if timeout occurs\n        \"\"\"\n        screen = None\n        stacktrace = None\n    \n        end_time = time.monotonic() + self._timeout\n        while True:\n            try:\n                value = method(self._driver)\n                if value:\n                    return value\n            except self._ignored_exceptions as exc:\n                screen = getattr(exc, \"screen\", None)\n                stacktrace = getattr(exc, \"stacktrace\", None)\n            time.sleep(self._poll)\n            if time.monotonic() > end_time:\n                break\n>       raise TimeoutException(message, screen, stacktrace)\nE       selenium.common.exceptions.TimeoutException: Message: Can't find element by locator ('xpath', '//a[text()=\"Упражнения\"]')\nE       Stacktrace:\nE       #0 0x564079f4332a <unknown>\nE       #1 0x56407998fe4b <unknown>\nE       #2 0x5640799e282b <unknown>\nE       #3 0x5640799e2a61 <unknown>\nE       #4 0x564079a31a44 <unknown>\nE       #5 0x564079a2edf7 <unknown>\nE       #6 0x5640799d4c1a <unknown>\nE       #7 0x5640799d5921 <unknown>\nE       #8 0x564079f0a239 <unknown>\nE       #9 0x564079f0d1e8 <unknown>\nE       #10 0x564079ef34c9 <unknown>\nE       #11 0x564079f0ddb5 <unknown>\nE       #12 0x564079edae93 <unknown>\nE       #13 0x564079f30098 <unknown>\nE       #14 0x564079f30273 <unknown>\nE       #15 0x564079f422c3 <unknown>\nE       #16 0x7f41db49caa4 <unknown>\nE       #17 0x7f41db529c6c <unknown>\n\n/opt/hostedtoolcache/Python/3.12.12/x64/lib/python3.12/site-packages/selenium/webdriver/support/wait.py:95: TimeoutException","steps":[{"name":"Click button \"Упражнения\".","time":{"start":1763463992865,"stop":1763464003175,"duration":10310},"status":"broken","statusMessage":"selenium.common.exceptions.TimeoutException: Message: Can't find element by locator ('xpath', '//a[text()=\"Упражнения\"]')\nStacktrace:\n#0 0x564079f4332a <unknown>\n#1 0x56407998fe4b <unknown>\n#2 0x5640799e282b <unknown>\n#3 0x5640799e2a61 <unknown>\n#4 0x564079a31a44 <unknown>\n#5 0x564079a2edf7 <unknown>\n#6 0x5640799d4c1a <unknown>\n#7 0x5640799d5921 <unknown>\n#8 0x564079f0a239 <unknown>\n#9 0x564079f0d1e8 <unknown>\n#10 0x564079ef34c9 <unknown>\n#11 0x564079f0ddb5 <unknown>\n#12 0x564079edae93 <unknown>\n#13 0x564079f30098 <unknown>\n#14 0x564079f30273 <unknown>\n#15 0x564079f422c3 <unknown>\n#16 0x7f41db49caa4 <unknown>\n#17 0x7f41db529c6c <unknown>\n\n","statusTrace":"  File \"/opt/hostedtoolcache/Python/3.12.12/x64/lib/python3.12/site-packages/allure_commons/_allure.py\", line 192, in impl\n    return func(*a, **kw)\n           ^^^^^^^^^^^^^^\n  File \"/home/runner/work/auto-tests-python/auto-tests-python/pages/speech_exercises_page_ru.py\", line 199, in click_button_exercises\n    button = self.element_is_present_and_clickable(self.locators.AuthorizedUserHomePageLocators.BUTTON_EXERCISES_RU)\n             ^^^^^^^^^^^^^^^^^^^^^^^^^^^^^^^^^^^^^^^^^^^^^^^^^^^^^^^^^^^^^^^^^^^^^^^^^^^^^^^^^^^^^^^^^^^^^^^^^^^^^^^\n  File \"/home/runner/work/auto-tests-python/auto-tests-python/pages/base_page.py\", line 40, in element_is_present_and_clickable\n    return (Wait(self.driver, self.timeout).until(\n            ^^^^^^^^^^^^^^^^^^^^^^^^^^^^^^^^^^^^^^\n  File \"/opt/hostedtoolcache/Python/3.12.12/x64/lib/python3.12/site-packages/selenium/webdriver/support/wait.py\", line 95, in until\n    raise TimeoutException(message, screen, stacktrace)\n","steps":[{"name":"Click button \"RU\".","time":{"start":1763463992865,"stop":1763463992934,"duration":69},"status":"passed","steps":[],"attachments":[],"parameters":[],"stepsCount":0,"shouldDisplayMessage":false,"attachmentsCount":0,"hasContent":false,"attachmentStep":false}],"attachments":[],"parameters":[],"stepsCount":1,"shouldDisplayMessage":true,"attachmentsCount":0,"hasContent":true,"attachmentStep":false}],"attachments":[],"parameters":[],"stepsCount":2,"shouldDisplayMessage":true,"attachmentsCount":0,"hasContent":true,"attachmentStep":false},"afterStages":[{"name":"driver::0","time":{"start":1763464003189,"stop":1763464003256,"duration":67},"status":"passed","steps":[],"attachments":[],"parameters":[],"stepsCount":0,"shouldDisplayMessage":false,"attachmentsCount":0,"hasContent":false,"attachmentStep":false}],"labels":[{"name":"suite","value":"Речевые упражнения."},{"name":"epic","value":"Speech exercises."},{"name":"tag","value":"@pytest.mark.xfail"},{"name":"parentSuite","value":"tests"},{"name":"subSuite","value":"TestCardsRU"},{"name":"host","value":"runnervmg1sw1"},{"name":"thread","value":"2592-MainThread"},{"name":"framework","value":"pytest"},{"name":"language","value":"cpython3"},{"name":"package","value":"tests.test_speech_exercises_ru"},{"name":"resultFormat","value":"allure2"}],"parameters":[],"links":[],"hidden":false,"retry":false,"extra":{"severity":"normal","retries":[],"categories":[],"history":{"statistic":{"failed":0,"broken":0,"skipped":15,"passed":3,"unknown":0,"total":18},"items":[{"uid":"dc57ced54c17fb0e","reportUrl":"https://Brain-up.github.io/auto-tests-python/751/#testresult/dc57ced54c17fb0e","status":"passed","statusDetails":"XPASS","time":{"start":1763379939865,"stop":1763380164975,"duration":225110}},{"uid":"6b0a28ab040e3d6","reportUrl":"https://Brain-up.github.io/auto-tests-python/750/#testresult/6b0a28ab040e3d6","status":"skipped","statusDetails":"XFAIL\n\nselenium.common.exceptions.TimeoutException: Message: Can't find element by locator ('xpath', '//a[text()=\"Упражнения\"]')\nStacktrace:\n#0 0x5627c2db532a <unknown>\n#1 0x5627c2801e4b <unknown>\n#2 0x5627c285482b <unknown>\n#3 0x5627c2854a61 <unknown>\n#4 0x5627c28a3a44 <unknown>\n#5 0x5627c28a0df7 <unknown>\n#6 0x5627c2846c1a <unknown>\n#7 0x5627c2847921 <unknown>\n#8 0x5627c2d7c239 <unknown>\n#9 0x5627c2d7f1e8 <unknown>\n#10 0x5627c2d654c9 <unknown>\n#11 0x5627c2d7fdb5 <unknown>\n#12 0x5627c2d4ce93 <unknown>\n#13 0x5627c2da2098 <unknown>\n#14 0x5627c2da2273 <unknown>\n#15 0x5627c2db42c3 <unknown>\n#16 0x7f1a2389caa4 <unknown>\n#17 0x7f1a23929c6c <unknown>","time":{"start":1763296233713,"stop":1763296244099,"duration":10386}},{"uid":"9526a2e674eda09e","reportUrl":"https://Brain-up.github.io/auto-tests-python/749/#testresult/9526a2e674eda09e","status":"skipped","statusDetails":"XFAIL\n\nselenium.common.exceptions.TimeoutException: Message: Can't find element by locator ('xpath', '//a[text()=\"Упражнения\"]')\nStacktrace:\n#0 0x55bb6298c32a <unknown>\n#1 0x55bb623d8e4b <unknown>\n#2 0x55bb6242b82b <unknown>\n#3 0x55bb6242ba61 <unknown>\n#4 0x55bb6247aa44 <unknown>\n#5 0x55bb62477df7 <unknown>\n#6 0x55bb6241dc1a <unknown>\n#7 0x55bb6241e921 <unknown>\n#8 0x55bb62953239 <unknown>\n#9 0x55bb629561e8 <unknown>\n#10 0x55bb6293c4c9 <unknown>\n#11 0x55bb62956db5 <unknown>\n#12 0x55bb62923e93 <unknown>\n#13 0x55bb62979098 <unknown>\n#14 0x55bb62979273 <unknown>\n#15 0x55bb6298b2c3 <unknown>\n#16 0x7fb42e69caa4 <unknown>\n#17 0x7fb42e729c6c <unknown>","time":{"start":1763199873408,"stop":1763199883716,"duration":10308}},{"uid":"b2252bf331209a09","reportUrl":"https://Brain-up.github.io/auto-tests-python/748/#testresult/b2252bf331209a09","status":"passed","statusDetails":"XPASS","time":{"start":1763121135370,"stop":1763121157152,"duration":21782}},{"uid":"d86e999355f58c10","reportUrl":"https://Brain-up.github.io/auto-tests-python/747/#testresult/d86e999355f58c10","status":"skipped","statusDetails":"XFAIL\n\nselenium.common.exceptions.TimeoutException: Message: Can't find element by locator ('xpath', '//a[text()=\"Упражнения\"]')\nStacktrace:\n#0 0x561110ec0aea <unknown>\n#1 0x56111090ccdb <unknown>\n#2 0x56111095f6c4 <unknown>\n#3 0x56111095f901 <unknown>\n#4 0x5611109ae8b4 <unknown>\n#5 0x5611109abc87 <unknown>\n#6 0x561110951aca <unknown>\n#7 0x5611109527d1 <unknown>\n#8 0x561110e87ab9 <unknown>\n#9 0x561110e8aa8c <unknown>\n#10 0x561110e70d49 <unknown>\n#11 0x561110e8b685 <unknown>\n#12 0x561110e586c3 <unknown>\n#13 0x561110ead7d8 <unknown>\n#14 0x561110ead9b3 <unknown>\n#15 0x561110ebfa83 <unknown>\n#16 0x7f2c4769caa4 <unknown>\n#17 0x7f2c47729c6c <unknown>","time":{"start":1763039494090,"stop":1763039504396,"duration":10306}},{"uid":"faf7499547993840","reportUrl":"https://Brain-up.github.io/auto-tests-python/746/#testresult/faf7499547993840","status":"skipped","statusDetails":"XFAIL\n\nselenium.common.exceptions.TimeoutException: Message: Can't find element by locator ('xpath', '//a[text()=\"Упражнения\"]')\nStacktrace:\n#0 0x5570d999faea <unknown>\n#1 0x5570d93ebcdb <unknown>\n#2 0x5570d943e6c4 <unknown>\n#3 0x5570d943e901 <unknown>\n#4 0x5570d948d8b4 <unknown>\n#5 0x5570d948ac87 <unknown>\n#6 0x5570d9430aca <unknown>\n#7 0x5570d94317d1 <unknown>\n#8 0x5570d9966ab9 <unknown>\n#9 0x5570d9969a8c <unknown>\n#10 0x5570d994fd49 <unknown>\n#11 0x5570d996a685 <unknown>\n#12 0x5570d99376c3 <unknown>\n#13 0x5570d998c7d8 <unknown>\n#14 0x5570d998c9b3 <unknown>\n#15 0x5570d999ea83 <unknown>\n#16 0x7fc12e69caa4 <unknown>\n#17 0x7fc12e729c6c <unknown>","time":{"start":1762956354409,"stop":1762956364716,"duration":10307}},{"uid":"65be23405c8a06e7","reportUrl":"https://Brain-up.github.io/auto-tests-python/745/#testresult/65be23405c8a06e7","status":"skipped","statusDetails":"XFAIL\n\nselenium.common.exceptions.TimeoutException: Message: Can't find element by locator ('xpath', '//a[text()=\"Упражнения\"]')\nStacktrace:\n#0 0x55fa3414caea <unknown>\n#1 0x55fa33b98cdb <unknown>\n#2 0x55fa33beb6c4 <unknown>\n#3 0x55fa33beb901 <unknown>\n#4 0x55fa33c3a8b4 <unknown>\n#5 0x55fa33c37c87 <unknown>\n#6 0x55fa33bddaca <unknown>\n#7 0x55fa33bde7d1 <unknown>\n#8 0x55fa34113ab9 <unknown>\n#9 0x55fa34116a8c <unknown>\n#10 0x55fa340fcd49 <unknown>\n#11 0x55fa34117685 <unknown>\n#12 0x55fa340e46c3 <unknown>\n#13 0x55fa341397d8 <unknown>\n#14 0x55fa341399b3 <unknown>\n#15 0x55fa3414ba83 <unknown>\n#16 0x7f044989caa4 <unknown>\n#17 0x7f0449929c6c <unknown>","time":{"start":1762852073332,"stop":1762852083669,"duration":10337}},{"uid":"381c2f99dd9db859","reportUrl":"https://Brain-up.github.io/auto-tests-python/744/#testresult/381c2f99dd9db859","status":"skipped","statusDetails":"XFAIL\n\nselenium.common.exceptions.TimeoutException: Message: Can't find element by locator ('xpath', '//a[text()=\"Упражнения\"]')\nStacktrace:\n#0 0x55d5ca550aea <unknown>\n#1 0x55d5c9f9ccdb <unknown>\n#2 0x55d5c9fef6c4 <unknown>\n#3 0x55d5c9fef901 <unknown>\n#4 0x55d5ca03e8b4 <unknown>\n#5 0x55d5ca03bc87 <unknown>\n#6 0x55d5c9fe1aca <unknown>\n#7 0x55d5c9fe27d1 <unknown>\n#8 0x55d5ca517ab9 <unknown>\n#9 0x55d5ca51aa8c <unknown>\n#10 0x55d5ca500d49 <unknown>\n#11 0x55d5ca51b685 <unknown>\n#12 0x55d5ca4e86c3 <unknown>\n#13 0x55d5ca53d7d8 <unknown>\n#14 0x55d5ca53d9b3 <unknown>\n#15 0x55d5ca54fa83 <unknown>\n#16 0x7f1dece9caa4 <unknown>\n#17 0x7f1decf29c6c <unknown>","time":{"start":1762772762738,"stop":1762772773054,"duration":10316}},{"uid":"3da3eea3c242e005","reportUrl":"https://Brain-up.github.io/auto-tests-python/743/#testresult/3da3eea3c242e005","status":"skipped","statusDetails":"XFAIL\n\nselenium.common.exceptions.TimeoutException: Message: Can't find element by locator ('xpath', '//a[text()=\"Упражнения\"]')\nStacktrace:\n#0 0x562db7b95aea <unknown>\n#1 0x562db75e1cdb <unknown>\n#2 0x562db76346c4 <unknown>\n#3 0x562db7634901 <unknown>\n#4 0x562db76838b4 <unknown>\n#5 0x562db7680c87 <unknown>\n#6 0x562db7626aca <unknown>\n#7 0x562db76277d1 <unknown>\n#8 0x562db7b5cab9 <unknown>\n#9 0x562db7b5fa8c <unknown>\n#10 0x562db7b45d49 <unknown>\n#11 0x562db7b60685 <unknown>\n#12 0x562db7b2d6c3 <unknown>\n#13 0x562db7b827d8 <unknown>\n#14 0x562db7b829b3 <unknown>\n#15 0x562db7b94a83 <unknown>\n#16 0x7f814ba9caa4 <unknown>\n#17 0x7f814bb29c6c <unknown>","time":{"start":1762680471266,"stop":1762680481571,"duration":10305}},{"uid":"d43332f9ee7eefdc","reportUrl":"https://Brain-up.github.io/auto-tests-python/742/#testresult/d43332f9ee7eefdc","status":"skipped","statusDetails":"XFAIL\n\nselenium.common.exceptions.TimeoutException: Message: Can't find element by locator ('xpath', '//a[text()=\"Упражнения\"]')\nStacktrace:\n#0 0x561238e39aea <unknown>\n#1 0x561238885cdb <unknown>\n#2 0x5612388d86c4 <unknown>\n#3 0x5612388d8901 <unknown>\n#4 0x5612389278b4 <unknown>\n#5 0x561238924c87 <unknown>\n#6 0x5612388caaca <unknown>\n#7 0x5612388cb7d1 <unknown>\n#8 0x561238e00ab9 <unknown>\n#9 0x561238e03a8c <unknown>\n#10 0x561238de9d49 <unknown>\n#11 0x561238e04685 <unknown>\n#12 0x561238dd16c3 <unknown>\n#13 0x561238e267d8 <unknown>\n#14 0x561238e269b3 <unknown>\n#15 0x561238e38a83 <unknown>\n#16 0x7f7f7da9caa4 <unknown>\n#17 0x7f7f7db29c6c <unknown>","time":{"start":1762597282616,"stop":1762597292932,"duration":10316}},{"uid":"2a860f9cc12c2d3e","reportUrl":"https://Brain-up.github.io/auto-tests-python/741/#testresult/2a860f9cc12c2d3e","status":"skipped","statusDetails":"XFAIL\n\nselenium.common.exceptions.TimeoutException: Message: Can't find element by locator ('xpath', '//a[text()=\"Упражнения\"]')\nStacktrace:\n#0 0x55abc3e0faea <unknown>\n#1 0x55abc385bcdb <unknown>\n#2 0x55abc38ae6c4 <unknown>\n#3 0x55abc38ae901 <unknown>\n#4 0x55abc38fd8b4 <unknown>\n#5 0x55abc38fac87 <unknown>\n#6 0x55abc38a0aca <unknown>\n#7 0x55abc38a17d1 <unknown>\n#8 0x55abc3dd6ab9 <unknown>\n#9 0x55abc3dd9a8c <unknown>\n#10 0x55abc3dbfd49 <unknown>\n#11 0x55abc3dda685 <unknown>\n#12 0x55abc3da76c3 <unknown>\n#13 0x55abc3dfc7d8 <unknown>\n#14 0x55abc3dfc9b3 <unknown>\n#15 0x55abc3e0ea83 <unknown>\n#16 0x7f697ec9caa4 <unknown>\n#17 0x7f697ed29c6c <unknown>","time":{"start":1762513395976,"stop":1762513406367,"duration":10391}},{"uid":"1796c3628a8d76db","reportUrl":"https://Brain-up.github.io/auto-tests-python/740/#testresult/1796c3628a8d76db","status":"skipped","statusDetails":"XFAIL\n\nselenium.common.exceptions.TimeoutException: Message: Can't find element by locator ('xpath', '//a[text()=\"Упражнения\"]')\nStacktrace:\n#0 0x56273ac90aea <unknown>\n#1 0x56273a6dccdb <unknown>\n#2 0x56273a72f6c4 <unknown>\n#3 0x56273a72f901 <unknown>\n#4 0x56273a77e8b4 <unknown>\n#5 0x56273a77bc87 <unknown>\n#6 0x56273a721aca <unknown>\n#7 0x56273a7227d1 <unknown>\n#8 0x56273ac57ab9 <unknown>\n#9 0x56273ac5aa8c <unknown>\n#10 0x56273ac40d49 <unknown>\n#11 0x56273ac5b685 <unknown>\n#12 0x56273ac286c3 <unknown>\n#13 0x56273ac7d7d8 <unknown>\n#14 0x56273ac7d9b3 <unknown>\n#15 0x56273ac8fa83 <unknown>\n#16 0x7f4a1e09caa4 <unknown>\n#17 0x7f4a1e129c6c <unknown>","time":{"start":1762426703122,"stop":1762426713439,"duration":10317}},{"uid":"88355a5ea30811af","reportUrl":"https://Brain-up.github.io/auto-tests-python/739/#testresult/88355a5ea30811af","status":"passed","statusDetails":"XPASS","time":{"start":1762341151468,"stop":1762341187771,"duration":36303}},{"uid":"df8b89cdd0bfa8f","reportUrl":"https://Brain-up.github.io/auto-tests-python/738/#testresult/df8b89cdd0bfa8f","status":"skipped","statusDetails":"XFAIL\n\nselenium.common.exceptions.TimeoutException: Message: Can't find element by locator ('xpath', '//a[text()=\"Упражнения\"]')\nStacktrace:\n#0 0x555565262aea <unknown>\n#1 0x555564caecdb <unknown>\n#2 0x555564d016c4 <unknown>\n#3 0x555564d01901 <unknown>\n#4 0x555564d508b4 <unknown>\n#5 0x555564d4dc87 <unknown>\n#6 0x555564cf3aca <unknown>\n#7 0x555564cf47d1 <unknown>\n#8 0x555565229ab9 <unknown>\n#9 0x55556522ca8c <unknown>\n#10 0x555565212d49 <unknown>\n#11 0x55556522d685 <unknown>\n#12 0x5555651fa6c3 <unknown>\n#13 0x55556524f7d8 <unknown>\n#14 0x55556524f9b3 <unknown>\n#15 0x555565261a83 <unknown>\n#16 0x7f1abe69caa4 <unknown>\n#17 0x7f1abe729c6c <unknown>","time":{"start":1762338154528,"stop":1762338164825,"duration":10297}},{"uid":"8a508bc1c00b1d46","reportUrl":"https://Brain-up.github.io/auto-tests-python/737/#testresult/8a508bc1c00b1d46","status":"skipped","statusDetails":"XFAIL\n\nselenium.common.exceptions.TimeoutException: Message: Can't find element by locator ('xpath', '//a[text()=\"Упражнения\"]')\nStacktrace:\n#0 0x55f7f8ed3aea <unknown>\n#1 0x55f7f891fcdb <unknown>\n#2 0x55f7f89726c4 <unknown>\n#3 0x55f7f8972901 <unknown>\n#4 0x55f7f89c18b4 <unknown>\n#5 0x55f7f89bec87 <unknown>\n#6 0x55f7f8964aca <unknown>\n#7 0x55f7f89657d1 <unknown>\n#8 0x55f7f8e9aab9 <unknown>\n#9 0x55f7f8e9da8c <unknown>\n#10 0x55f7f8e83d49 <unknown>\n#11 0x55f7f8e9e685 <unknown>\n#12 0x55f7f8e6b6c3 <unknown>\n#13 0x55f7f8ec07d8 <unknown>\n#14 0x55f7f8ec09b3 <unknown>\n#15 0x55f7f8ed2a83 <unknown>\n#16 0x7f564309caa4 <unknown>\n#17 0x7f5643129c6c <unknown>","time":{"start":1762337973814,"stop":1762337984140,"duration":10326}},{"uid":"d82daefa08dbd511","reportUrl":"https://Brain-up.github.io/auto-tests-python/2/#testresult/d82daefa08dbd511","status":"skipped","statusDetails":"XFAIL\n\nselenium.common.exceptions.TimeoutException: Message: Can't find element by locator ('xpath', '//a[text()=\"Упражнения\"]')\nStacktrace:\n#0 0x55d4f05adaea <unknown>\n#1 0x55d4efff9cdb <unknown>\n#2 0x55d4f004c6c4 <unknown>\n#3 0x55d4f004c901 <unknown>\n#4 0x55d4f009b8b4 <unknown>\n#5 0x55d4f0098c87 <unknown>\n#6 0x55d4f003eaca <unknown>\n#7 0x55d4f003f7d1 <unknown>\n#8 0x55d4f0574ab9 <unknown>\n#9 0x55d4f0577a8c <unknown>\n#10 0x55d4f055dd49 <unknown>\n#11 0x55d4f0578685 <unknown>\n#12 0x55d4f05456c3 <unknown>\n#13 0x55d4f059a7d8 <unknown>\n#14 0x55d4f059a9b3 <unknown>\n#15 0x55d4f05aca83 <unknown>\n#16 0x7fef20a9caa4 <unknown>\n#17 0x7fef20b29c6c <unknown>","time":{"start":1762337963980,"stop":1762337974293,"duration":10313}},{"uid":"c409ebd302fbabc6","reportUrl":"https://Brain-up.github.io/auto-tests-python/736/#testresult/c409ebd302fbabc6","status":"skipped","statusDetails":"XFAIL\n\nselenium.common.exceptions.TimeoutException: Message: Can't find element by locator ('xpath', '//a[text()=\"Упражнения\"]')\nStacktrace:\n#0 0x55be0fdc6aea <unknown>\n#1 0x55be0f812cdb <unknown>\n#2 0x55be0f8656c4 <unknown>\n#3 0x55be0f865901 <unknown>\n#4 0x55be0f8b48b4 <unknown>\n#5 0x55be0f8b1c87 <unknown>\n#6 0x55be0f857aca <unknown>\n#7 0x55be0f8587d1 <unknown>\n#8 0x55be0fd8dab9 <unknown>\n#9 0x55be0fd90a8c <unknown>\n#10 0x55be0fd76d49 <unknown>\n#11 0x55be0fd91685 <unknown>\n#12 0x55be0fd5e6c3 <unknown>\n#13 0x55be0fdb37d8 <unknown>\n#14 0x55be0fdb39b3 <unknown>\n#15 0x55be0fdc5a83 <unknown>\n#16 0x7fe32dc9caa4 <unknown>\n#17 0x7fe32dd29c6c <unknown>","time":{"start":1762337257598,"stop":1762337267912,"duration":10314}}]},"tags":["@pytest.mark.xfail"]},"source":"ed74f003d3cb84b0.json","parameterValues":[]}