{"uid":"c275abfea04ca4d8","name":"Solutions to a random task in the \"Слова Королёвой\" .","fullName":"tests.test_speech_exercises_ru.TestCardsRU#test_solve_koroleva_cards_ru","historyId":"c9fe4fbd9394e2fb5a6898be66ba433b","time":{"start":1765023588413,"stop":1765023598719,"duration":10306},"status":"skipped","statusMessage":"XFAIL\n\nselenium.common.exceptions.TimeoutException: Message: Can't find element by locator ('xpath', '//a[text()=\"Упражнения\"]')\nStacktrace:\n#0 0x561a387f04ca <unknown>\n#1 0x561a3823ee4b <unknown>\n#2 0x561a38291814 <unknown>\n#3 0x561a38291a51 <unknown>\n#4 0x561a382e0a44 <unknown>\n#5 0x561a382dddf7 <unknown>\n#6 0x561a38283c2a <unknown>\n#7 0x561a38284931 <unknown>\n#8 0x561a387b6cf9 <unknown>\n#9 0x561a387b9cdc <unknown>\n#10 0x561a3879ff79 <unknown>\n#11 0x561a387ba8b5 <unknown>\n#12 0x561a387879c3 <unknown>\n#13 0x561a387dd228 <unknown>\n#14 0x561a387dd403 <unknown>\n#15 0x561a387ef463 <unknown>\n#16 0x7f159709caa4 <unknown>\n#17 0x7f1597129c6c <unknown>","statusTrace":"self = <tests.test_speech_exercises_ru.TestCardsRU object at 0x7f9706c7f140>\ndriver = <selenium.webdriver.chrome.webdriver.WebDriver (session=\"27a4e4c5cd102268e5021b4eda3b789c\")>\ndefault_user_authorized = None\n\n    @pytest.mark.xfail\n    @allure.suite(\"Речевые упражнения.\")\n    @allure.title('Solutions to a random task in the \"Слова Королёвой\" .')\n    def test_solve_koroleva_cards_ru(self, driver, default_user_authorized):\n        page = SpeechExercisesPageRU(driver)\n>       page.click_button_exercises()\n\ntests/test_speech_exercises_ru.py:144: \n_ _ _ _ _ _ _ _ _ _ _ _ _ _ _ _ _ _ _ _ _ _ _ _ _ _ _ _ _ _ _ _ _ _ _ _ _ _ _ _ \npages/speech_exercises_page_ru.py:199: in click_button_exercises\n    button = self.element_is_present_and_clickable(self.locators.AuthorizedUserHomePageLocators.BUTTON_EXERCISES_RU)\npages/base_page.py:40: in element_is_present_and_clickable\n    return (Wait(self.driver, self.timeout).until(\n_ _ _ _ _ _ _ _ _ _ _ _ _ _ _ _ _ _ _ _ _ _ _ _ _ _ _ _ _ _ _ _ _ _ _ _ _ _ _ _ \n\nself = <selenium.webdriver.support.wait.WebDriverWait (session=\"27a4e4c5cd102268e5021b4eda3b789c\")>\nmethod = <function visibility_of_element_located.<locals>._predicate at 0x7f9706be4900>\nmessage = 'Can\\'t find element by locator (\\'xpath\\', \\'//a[text()=\"Упражнения\"]\\')'\n\n    def until(self, method, message: str = \"\"):\n        \"\"\"Calls the method provided with the driver as an argument until the \\\n        return value does not evaluate to ``False``.\n    \n        :param method: callable(WebDriver)\n        :param message: optional message for :exc:`TimeoutException`\n        :returns: the result of the last call to `method`\n        :raises: :exc:`selenium.common.exceptions.TimeoutException` if timeout occurs\n        \"\"\"\n        screen = None\n        stacktrace = None\n    \n        end_time = time.monotonic() + self._timeout\n        while True:\n            try:\n                value = method(self._driver)\n                if value:\n                    return value\n            except self._ignored_exceptions as exc:\n                screen = getattr(exc, \"screen\", None)\n                stacktrace = getattr(exc, \"stacktrace\", None)\n            time.sleep(self._poll)\n            if time.monotonic() > end_time:\n                break\n>       raise TimeoutException(message, screen, stacktrace)\nE       selenium.common.exceptions.TimeoutException: Message: Can't find element by locator ('xpath', '//a[text()=\"Упражнения\"]')\nE       Stacktrace:\nE       #0 0x561a387f04ca <unknown>\nE       #1 0x561a3823ee4b <unknown>\nE       #2 0x561a38291814 <unknown>\nE       #3 0x561a38291a51 <unknown>\nE       #4 0x561a382e0a44 <unknown>\nE       #5 0x561a382dddf7 <unknown>\nE       #6 0x561a38283c2a <unknown>\nE       #7 0x561a38284931 <unknown>\nE       #8 0x561a387b6cf9 <unknown>\nE       #9 0x561a387b9cdc <unknown>\nE       #10 0x561a3879ff79 <unknown>\nE       #11 0x561a387ba8b5 <unknown>\nE       #12 0x561a387879c3 <unknown>\nE       #13 0x561a387dd228 <unknown>\nE       #14 0x561a387dd403 <unknown>\nE       #15 0x561a387ef463 <unknown>\nE       #16 0x7f159709caa4 <unknown>\nE       #17 0x7f1597129c6c <unknown>\n\n/opt/hostedtoolcache/Python/3.12.12/x64/lib/python3.12/site-packages/selenium/webdriver/support/wait.py:95: TimeoutException","flaky":false,"newFailed":false,"newBroken":false,"newPassed":false,"retriesCount":0,"retriesStatusChange":false,"beforeStages":[{"name":"clear_allure_results_folder","time":{"start":1765022126078,"stop":1765022126078,"duration":0},"status":"passed","steps":[],"attachments":[],"parameters":[],"stepsCount":0,"shouldDisplayMessage":false,"attachmentsCount":0,"hasContent":false,"attachmentStep":false},{"name":"driver","time":{"start":1765023581399,"stop":1765023582148,"duration":749},"status":"passed","steps":[],"attachments":[],"parameters":[],"stepsCount":0,"shouldDisplayMessage":false,"attachmentsCount":0,"hasContent":false,"attachmentStep":false},{"name":"main_page_open","time":{"start":1765023582148,"stop":1765023585509,"duration":3361},"status":"passed","steps":[{"name":"Open page: https://www.brainup.site/","time":{"start":1765023582149,"stop":1765023585509,"duration":3360},"status":"passed","steps":[],"attachments":[],"parameters":[{"name":"driver","value":"<selenium.webdriver.chrome.webdriver.WebDriver (session=\"27a4e4c5cd102268e5021b4eda3b789c\")>"}],"stepsCount":0,"shouldDisplayMessage":false,"attachmentsCount":0,"hasContent":true,"attachmentStep":false}],"attachments":[],"parameters":[],"stepsCount":1,"shouldDisplayMessage":false,"attachmentsCount":0,"hasContent":true,"attachmentStep":false},{"name":"default_user_authorized","time":{"start":1765023585509,"stop":1765023588412,"duration":2903},"status":"passed","steps":[{"name":"DEFAULT user authorized","time":{"start":1765023585509,"stop":1765023588412,"duration":2903},"status":"passed","steps":[{"name":"Check url is present: https://www.brainup.site/groups","time":{"start":1765023585869,"stop":1765023588390,"duration":2521},"status":"passed","steps":[],"attachments":[],"parameters":[],"stepsCount":0,"shouldDisplayMessage":false,"attachmentsCount":0,"hasContent":false,"attachmentStep":false},{"name":"Loader checking","time":{"start":1765023588390,"stop":1765023588412,"duration":22},"status":"passed","steps":[],"attachments":[],"parameters":[],"stepsCount":0,"shouldDisplayMessage":false,"attachmentsCount":0,"hasContent":false,"attachmentStep":false}],"attachments":[],"parameters":[{"name":"driver","value":"<selenium.webdriver.chrome.webdriver.WebDriver (session=\"27a4e4c5cd102268e5021b4eda3b789c\")>"},{"name":"main_page_open","value":"None"}],"stepsCount":2,"shouldDisplayMessage":false,"attachmentsCount":0,"hasContent":true,"attachmentStep":false}],"attachments":[],"parameters":[],"stepsCount":3,"shouldDisplayMessage":false,"attachmentsCount":0,"hasContent":true,"attachmentStep":false}],"testStage":{"status":"skipped","statusMessage":"XFAIL\n\nselenium.common.exceptions.TimeoutException: Message: Can't find element by locator ('xpath', '//a[text()=\"Упражнения\"]')\nStacktrace:\n#0 0x561a387f04ca <unknown>\n#1 0x561a3823ee4b <unknown>\n#2 0x561a38291814 <unknown>\n#3 0x561a38291a51 <unknown>\n#4 0x561a382e0a44 <unknown>\n#5 0x561a382dddf7 <unknown>\n#6 0x561a38283c2a <unknown>\n#7 0x561a38284931 <unknown>\n#8 0x561a387b6cf9 <unknown>\n#9 0x561a387b9cdc <unknown>\n#10 0x561a3879ff79 <unknown>\n#11 0x561a387ba8b5 <unknown>\n#12 0x561a387879c3 <unknown>\n#13 0x561a387dd228 <unknown>\n#14 0x561a387dd403 <unknown>\n#15 0x561a387ef463 <unknown>\n#16 0x7f159709caa4 <unknown>\n#17 0x7f1597129c6c <unknown>","statusTrace":"self = <tests.test_speech_exercises_ru.TestCardsRU object at 0x7f9706c7f140>\ndriver = <selenium.webdriver.chrome.webdriver.WebDriver (session=\"27a4e4c5cd102268e5021b4eda3b789c\")>\ndefault_user_authorized = None\n\n    @pytest.mark.xfail\n    @allure.suite(\"Речевые упражнения.\")\n    @allure.title('Solutions to a random task in the \"Слова Королёвой\" .')\n    def test_solve_koroleva_cards_ru(self, driver, default_user_authorized):\n        page = SpeechExercisesPageRU(driver)\n>       page.click_button_exercises()\n\ntests/test_speech_exercises_ru.py:144: \n_ _ _ _ _ _ _ _ _ _ _ _ _ _ _ _ _ _ _ _ _ _ _ _ _ _ _ _ _ _ _ _ _ _ _ _ _ _ _ _ \npages/speech_exercises_page_ru.py:199: in click_button_exercises\n    button = self.element_is_present_and_clickable(self.locators.AuthorizedUserHomePageLocators.BUTTON_EXERCISES_RU)\npages/base_page.py:40: in element_is_present_and_clickable\n    return (Wait(self.driver, self.timeout).until(\n_ _ _ _ _ _ _ _ _ _ _ _ _ _ _ _ _ _ _ _ _ _ _ _ _ _ _ _ _ _ _ _ _ _ _ _ _ _ _ _ \n\nself = <selenium.webdriver.support.wait.WebDriverWait (session=\"27a4e4c5cd102268e5021b4eda3b789c\")>\nmethod = <function visibility_of_element_located.<locals>._predicate at 0x7f9706be4900>\nmessage = 'Can\\'t find element by locator (\\'xpath\\', \\'//a[text()=\"Упражнения\"]\\')'\n\n    def until(self, method, message: str = \"\"):\n        \"\"\"Calls the method provided with the driver as an argument until the \\\n        return value does not evaluate to ``False``.\n    \n        :param method: callable(WebDriver)\n        :param message: optional message for :exc:`TimeoutException`\n        :returns: the result of the last call to `method`\n        :raises: :exc:`selenium.common.exceptions.TimeoutException` if timeout occurs\n        \"\"\"\n        screen = None\n        stacktrace = None\n    \n        end_time = time.monotonic() + self._timeout\n        while True:\n            try:\n                value = method(self._driver)\n                if value:\n                    return value\n            except self._ignored_exceptions as exc:\n                screen = getattr(exc, \"screen\", None)\n                stacktrace = getattr(exc, \"stacktrace\", None)\n            time.sleep(self._poll)\n            if time.monotonic() > end_time:\n                break\n>       raise TimeoutException(message, screen, stacktrace)\nE       selenium.common.exceptions.TimeoutException: Message: Can't find element by locator ('xpath', '//a[text()=\"Упражнения\"]')\nE       Stacktrace:\nE       #0 0x561a387f04ca <unknown>\nE       #1 0x561a3823ee4b <unknown>\nE       #2 0x561a38291814 <unknown>\nE       #3 0x561a38291a51 <unknown>\nE       #4 0x561a382e0a44 <unknown>\nE       #5 0x561a382dddf7 <unknown>\nE       #6 0x561a38283c2a <unknown>\nE       #7 0x561a38284931 <unknown>\nE       #8 0x561a387b6cf9 <unknown>\nE       #9 0x561a387b9cdc <unknown>\nE       #10 0x561a3879ff79 <unknown>\nE       #11 0x561a387ba8b5 <unknown>\nE       #12 0x561a387879c3 <unknown>\nE       #13 0x561a387dd228 <unknown>\nE       #14 0x561a387dd403 <unknown>\nE       #15 0x561a387ef463 <unknown>\nE       #16 0x7f159709caa4 <unknown>\nE       #17 0x7f1597129c6c <unknown>\n\n/opt/hostedtoolcache/Python/3.12.12/x64/lib/python3.12/site-packages/selenium/webdriver/support/wait.py:95: TimeoutException","steps":[{"name":"Click button \"Упражнения\".","time":{"start":1765023588413,"stop":1765023598719,"duration":10306},"status":"broken","statusMessage":"selenium.common.exceptions.TimeoutException: Message: Can't find element by locator ('xpath', '//a[text()=\"Упражнения\"]')\nStacktrace:\n#0 0x561a387f04ca <unknown>\n#1 0x561a3823ee4b <unknown>\n#2 0x561a38291814 <unknown>\n#3 0x561a38291a51 <unknown>\n#4 0x561a382e0a44 <unknown>\n#5 0x561a382dddf7 <unknown>\n#6 0x561a38283c2a <unknown>\n#7 0x561a38284931 <unknown>\n#8 0x561a387b6cf9 <unknown>\n#9 0x561a387b9cdc <unknown>\n#10 0x561a3879ff79 <unknown>\n#11 0x561a387ba8b5 <unknown>\n#12 0x561a387879c3 <unknown>\n#13 0x561a387dd228 <unknown>\n#14 0x561a387dd403 <unknown>\n#15 0x561a387ef463 <unknown>\n#16 0x7f159709caa4 <unknown>\n#17 0x7f1597129c6c <unknown>\n\n","statusTrace":"  File \"/opt/hostedtoolcache/Python/3.12.12/x64/lib/python3.12/site-packages/allure_commons/_allure.py\", line 192, in impl\n    return func(*a, **kw)\n           ^^^^^^^^^^^^^^\n  File \"/home/runner/work/auto-tests-python/auto-tests-python/pages/speech_exercises_page_ru.py\", line 199, in click_button_exercises\n    button = self.element_is_present_and_clickable(self.locators.AuthorizedUserHomePageLocators.BUTTON_EXERCISES_RU)\n             ^^^^^^^^^^^^^^^^^^^^^^^^^^^^^^^^^^^^^^^^^^^^^^^^^^^^^^^^^^^^^^^^^^^^^^^^^^^^^^^^^^^^^^^^^^^^^^^^^^^^^^^\n  File \"/home/runner/work/auto-tests-python/auto-tests-python/pages/base_page.py\", line 40, in element_is_present_and_clickable\n    return (Wait(self.driver, self.timeout).until(\n            ^^^^^^^^^^^^^^^^^^^^^^^^^^^^^^^^^^^^^^\n  File \"/opt/hostedtoolcache/Python/3.12.12/x64/lib/python3.12/site-packages/selenium/webdriver/support/wait.py\", line 95, in until\n    raise TimeoutException(message, screen, stacktrace)\n","steps":[{"name":"Click button \"RU\".","time":{"start":1765023588413,"stop":1765023588480,"duration":67},"status":"passed","steps":[],"attachments":[],"parameters":[],"stepsCount":0,"shouldDisplayMessage":false,"attachmentsCount":0,"hasContent":false,"attachmentStep":false}],"attachments":[],"parameters":[],"stepsCount":1,"shouldDisplayMessage":true,"attachmentsCount":0,"hasContent":true,"attachmentStep":false}],"attachments":[],"parameters":[],"stepsCount":2,"shouldDisplayMessage":true,"attachmentsCount":0,"hasContent":true,"attachmentStep":false},"afterStages":[{"name":"driver::0","time":{"start":1765023598733,"stop":1765023598801,"duration":68},"status":"passed","steps":[],"attachments":[],"parameters":[],"stepsCount":0,"shouldDisplayMessage":false,"attachmentsCount":0,"hasContent":false,"attachmentStep":false}],"labels":[{"name":"suite","value":"Речевые упражнения."},{"name":"epic","value":"Speech exercises."},{"name":"tag","value":"@pytest.mark.xfail"},{"name":"parentSuite","value":"tests"},{"name":"subSuite","value":"TestCardsRU"},{"name":"host","value":"runnervmoqczp"},{"name":"thread","value":"2652-MainThread"},{"name":"framework","value":"pytest"},{"name":"language","value":"cpython3"},{"name":"package","value":"tests.test_speech_exercises_ru"},{"name":"resultFormat","value":"allure2"}],"parameters":[],"links":[],"hidden":false,"retry":false,"extra":{"severity":"normal","retries":[],"categories":[],"history":{"statistic":{"failed":0,"broken":0,"skipped":28,"passed":6,"unknown":0,"total":34},"items":[{"uid":"3cf297af3f0a6a6d","reportUrl":"https://Brain-up.github.io/auto-tests-python/767/#testresult/3cf297af3f0a6a6d","status":"skipped","statusDetails":"XFAIL\n\nselenium.common.exceptions.TimeoutException: Message: Can't find element by locator ('xpath', '//a[text()=\"Упражнения\"]')\nStacktrace:\n#0 0x55e4c38354ca <unknown>\n#1 0x55e4c3283e4b <unknown>\n#2 0x55e4c32d6814 <unknown>\n#3 0x55e4c32d6a51 <unknown>\n#4 0x55e4c3325a44 <unknown>\n#5 0x55e4c3322df7 <unknown>\n#6 0x55e4c32c8c2a <unknown>\n#7 0x55e4c32c9931 <unknown>\n#8 0x55e4c37fbcf9 <unknown>\n#9 0x55e4c37fecdc <unknown>\n#10 0x55e4c37e4f79 <unknown>\n#11 0x55e4c37ff8b5 <unknown>\n#12 0x55e4c37cc9c3 <unknown>\n#13 0x55e4c3822228 <unknown>\n#14 0x55e4c3822403 <unknown>\n#15 0x55e4c3834463 <unknown>\n#16 0x7fa5a529caa4 <unknown>\n#17 0x7fa5a5329c6c <unknown>","time":{"start":1764842770739,"stop":1764842781118,"duration":10379}},{"uid":"e72bc7a3c8d53b1f","reportUrl":"https://Brain-up.github.io/auto-tests-python/766/#testresult/e72bc7a3c8d53b1f","status":"skipped","statusDetails":"XFAIL\n\nselenium.common.exceptions.TimeoutException: Message: Can't find element by locator ('xpath', '//a[text()=\"Упражнения\"]')\nStacktrace:\n#0 0x55ca89b084ca <unknown>\n#1 0x55ca89556e4b <unknown>\n#2 0x55ca895a9814 <unknown>\n#3 0x55ca895a9a51 <unknown>\n#4 0x55ca895f8a44 <unknown>\n#5 0x55ca895f5df7 <unknown>\n#6 0x55ca8959bc2a <unknown>\n#7 0x55ca8959c931 <unknown>\n#8 0x55ca89acecf9 <unknown>\n#9 0x55ca89ad1cdc <unknown>\n#10 0x55ca89ab7f79 <unknown>\n#11 0x55ca89ad28b5 <unknown>\n#12 0x55ca89a9f9c3 <unknown>\n#13 0x55ca89af5228 <unknown>\n#14 0x55ca89af5403 <unknown>\n#15 0x55ca89b07463 <unknown>\n#16 0x7fca4e89caa4 <unknown>\n#17 0x7fca4e929c6c <unknown>","time":{"start":1764760307108,"stop":1764760317415,"duration":10307}},{"uid":"3138686ccb14cd7f","reportUrl":"https://Brain-up.github.io/auto-tests-python/765/#testresult/3138686ccb14cd7f","status":"skipped","statusDetails":"XFAIL\n\nselenium.common.exceptions.TimeoutException: Message: Can't find element by locator ('xpath', '//a[text()=\"Упражнения\"]')\nStacktrace:\n#0 0x55b53cc1332a <unknown>\n#1 0x55b53c65fe4b <unknown>\n#2 0x55b53c6b282b <unknown>\n#3 0x55b53c6b2a61 <unknown>\n#4 0x55b53c701a44 <unknown>\n#5 0x55b53c6fedf7 <unknown>\n#6 0x55b53c6a4c1a <unknown>\n#7 0x55b53c6a5921 <unknown>\n#8 0x55b53cbda239 <unknown>\n#9 0x55b53cbdd1e8 <unknown>\n#10 0x55b53cbc34c9 <unknown>\n#11 0x55b53cbdddb5 <unknown>\n#12 0x55b53cbaae93 <unknown>\n#13 0x55b53cc00098 <unknown>\n#14 0x55b53cc00273 <unknown>\n#15 0x55b53cc122c3 <unknown>\n#16 0x7fd43a89caa4 <unknown>\n#17 0x7fd43a929c6c <unknown>","time":{"start":1764674779663,"stop":1764674790046,"duration":10383}},{"uid":"c2254ed183ae80f9","reportUrl":"https://Brain-up.github.io/auto-tests-python/764/#testresult/c2254ed183ae80f9","status":"skipped","statusDetails":"XFAIL\n\nselenium.common.exceptions.TimeoutException: Message: Can't find element by locator ('xpath', '//a[text()=\"Упражнения\"]')\nStacktrace:\n#0 0x56407cb6e32a <unknown>\n#1 0x56407c5bae4b <unknown>\n#2 0x56407c60d82b <unknown>\n#3 0x56407c60da61 <unknown>\n#4 0x56407c65ca44 <unknown>\n#5 0x56407c659df7 <unknown>\n#6 0x56407c5ffc1a <unknown>\n#7 0x56407c600921 <unknown>\n#8 0x56407cb35239 <unknown>\n#9 0x56407cb381e8 <unknown>\n#10 0x56407cb1e4c9 <unknown>\n#11 0x56407cb38db5 <unknown>\n#12 0x56407cb05e93 <unknown>\n#13 0x56407cb5b098 <unknown>\n#14 0x56407cb5b273 <unknown>\n#15 0x56407cb6d2c3 <unknown>\n#16 0x7f8fc389caa4 <unknown>\n#17 0x7f8fc3929c6c <unknown>","time":{"start":1764588643797,"stop":1764588654074,"duration":10277}},{"uid":"6f133d8d0d3907c3","reportUrl":"https://Brain-up.github.io/auto-tests-python/763/#testresult/6f133d8d0d3907c3","status":"skipped","statusDetails":"XFAIL\n\nselenium.common.exceptions.TimeoutException: Message: Can't find element by locator ('xpath', '//a[text()=\"Упражнения\"]')\nStacktrace:\n#0 0x55bf6d45032a <unknown>\n#1 0x55bf6ce9ce4b <unknown>\n#2 0x55bf6ceef82b <unknown>\n#3 0x55bf6ceefa61 <unknown>\n#4 0x55bf6cf3ea44 <unknown>\n#5 0x55bf6cf3bdf7 <unknown>\n#6 0x55bf6cee1c1a <unknown>\n#7 0x55bf6cee2921 <unknown>\n#8 0x55bf6d417239 <unknown>\n#9 0x55bf6d41a1e8 <unknown>\n#10 0x55bf6d4004c9 <unknown>\n#11 0x55bf6d41adb5 <unknown>\n#12 0x55bf6d3e7e93 <unknown>\n#13 0x55bf6d43d098 <unknown>\n#14 0x55bf6d43d273 <unknown>\n#15 0x55bf6d44f2c3 <unknown>\n#16 0x7f738189caa4 <unknown>\n#17 0x7f7381929c6c <unknown>","time":{"start":1764490283107,"stop":1764490293473,"duration":10366}},{"uid":"fddbcfe959254a61","reportUrl":"https://Brain-up.github.io/auto-tests-python/762/#testresult/fddbcfe959254a61","status":"skipped","statusDetails":"XFAIL\n\nselenium.common.exceptions.TimeoutException: Message: Can't find element by locator ('xpath', '//a[text()=\"Упражнения\"]')\nStacktrace:\n#0 0x56547a4b932a <unknown>\n#1 0x565479f05e4b <unknown>\n#2 0x565479f5882b <unknown>\n#3 0x565479f58a61 <unknown>\n#4 0x565479fa7a44 <unknown>\n#5 0x565479fa4df7 <unknown>\n#6 0x565479f4ac1a <unknown>\n#7 0x565479f4b921 <unknown>\n#8 0x56547a480239 <unknown>\n#9 0x56547a4831e8 <unknown>\n#10 0x56547a4694c9 <unknown>\n#11 0x56547a483db5 <unknown>\n#12 0x56547a450e93 <unknown>\n#13 0x56547a4a6098 <unknown>\n#14 0x56547a4a6273 <unknown>\n#15 0x56547a4b82c3 <unknown>\n#16 0x7f9c2089caa4 <unknown>\n#17 0x7f9c20929c6c <unknown>","time":{"start":1764422986953,"stop":1764422997302,"duration":10349}},{"uid":"5b195160d7a6b3b8","reportUrl":"https://Brain-up.github.io/auto-tests-python/761/#testresult/5b195160d7a6b3b8","status":"passed","statusDetails":"XPASS","time":{"start":1764329454616,"stop":1764329578002,"duration":123386}},{"uid":"4389c831564a976a","reportUrl":"https://Brain-up.github.io/auto-tests-python/760/#testresult/4389c831564a976a","status":"skipped","statusDetails":"XFAIL\n\nselenium.common.exceptions.TimeoutException: Message: Can't find element by locator ('xpath', '//a[text()=\"Упражнения\"]')\nStacktrace:\n#0 0x55c0109fd32a <unknown>\n#1 0x55c010449e4b <unknown>\n#2 0x55c01049c82b <unknown>\n#3 0x55c01049ca61 <unknown>\n#4 0x55c0104eba44 <unknown>\n#5 0x55c0104e8df7 <unknown>\n#6 0x55c01048ec1a <unknown>\n#7 0x55c01048f921 <unknown>\n#8 0x55c0109c4239 <unknown>\n#9 0x55c0109c71e8 <unknown>\n#10 0x55c0109ad4c9 <unknown>\n#11 0x55c0109c7db5 <unknown>\n#12 0x55c010994e93 <unknown>\n#13 0x55c0109ea098 <unknown>\n#14 0x55c0109ea273 <unknown>\n#15 0x55c0109fc2c3 <unknown>\n#16 0x7fb38889caa4 <unknown>\n#17 0x7fb388929c6c <unknown>","time":{"start":1764258273278,"stop":1764258283587,"duration":10309}},{"uid":"2069ea536ecfdbad","reportUrl":"https://Brain-up.github.io/auto-tests-python/759/#testresult/2069ea536ecfdbad","status":"passed","statusDetails":"XPASS","time":{"start":1764069882063,"stop":1764069906427,"duration":24364}},{"uid":"ce576d6eb598fe7c","reportUrl":"https://Brain-up.github.io/auto-tests-python/758/#testresult/ce576d6eb598fe7c","status":"skipped","statusDetails":"XFAIL\n\nselenium.common.exceptions.TimeoutException: Message: Can't find element by locator ('xpath', '//a[text()=\"Упражнения\"]')\nStacktrace:\n#0 0x558843b7b32a <unknown>\n#1 0x5588435c7e4b <unknown>\n#2 0x55884361a82b <unknown>\n#3 0x55884361aa61 <unknown>\n#4 0x558843669a44 <unknown>\n#5 0x558843666df7 <unknown>\n#6 0x55884360cc1a <unknown>\n#7 0x55884360d921 <unknown>\n#8 0x558843b42239 <unknown>\n#9 0x558843b451e8 <unknown>\n#10 0x558843b2b4c9 <unknown>\n#11 0x558843b45db5 <unknown>\n#12 0x558843b12e93 <unknown>\n#13 0x558843b68098 <unknown>\n#14 0x558843b68273 <unknown>\n#15 0x558843b7a2c3 <unknown>\n#16 0x7f09fee9caa4 <unknown>\n#17 0x7f09fef29c6c <unknown>","time":{"start":1764011714733,"stop":1764011725138,"duration":10405}},{"uid":"e97feb92909950ff","reportUrl":"https://Brain-up.github.io/auto-tests-python/757/#testresult/e97feb92909950ff","status":"skipped","statusDetails":"XFAIL\n\nselenium.common.exceptions.TimeoutException: Message: Can't find element by locator ('xpath', '//a[text()=\"Упражнения\"]')\nStacktrace:\n#0 0x5620f8b6632a <unknown>\n#1 0x5620f85b2e4b <unknown>\n#2 0x5620f860582b <unknown>\n#3 0x5620f8605a61 <unknown>\n#4 0x5620f8654a44 <unknown>\n#5 0x5620f8651df7 <unknown>\n#6 0x5620f85f7c1a <unknown>\n#7 0x5620f85f8921 <unknown>\n#8 0x5620f8b2d239 <unknown>\n#9 0x5620f8b301e8 <unknown>\n#10 0x5620f8b164c9 <unknown>\n#11 0x5620f8b30db5 <unknown>\n#12 0x5620f8afde93 <unknown>\n#13 0x5620f8b53098 <unknown>\n#14 0x5620f8b53273 <unknown>\n#15 0x5620f8b652c3 <unknown>\n#16 0x7f6a25e9caa4 <unknown>\n#17 0x7f6a25f29c6c <unknown>","time":{"start":1763904289254,"stop":1763904299499,"duration":10245}},{"uid":"65b1c40adbba1aa0","reportUrl":"https://Brain-up.github.io/auto-tests-python/756/#testresult/65b1c40adbba1aa0","status":"skipped","statusDetails":"XFAIL\n\nselenium.common.exceptions.TimeoutException: Message: Can't find element by locator ('xpath', '//a[text()=\"Упражнения\"]')\nStacktrace:\n#0 0x555603fdc32a <unknown>\n#1 0x555603a28e4b <unknown>\n#2 0x555603a7b82b <unknown>\n#3 0x555603a7ba61 <unknown>\n#4 0x555603acaa44 <unknown>\n#5 0x555603ac7df7 <unknown>\n#6 0x555603a6dc1a <unknown>\n#7 0x555603a6e921 <unknown>\n#8 0x555603fa3239 <unknown>\n#9 0x555603fa61e8 <unknown>\n#10 0x555603f8c4c9 <unknown>\n#11 0x555603fa6db5 <unknown>\n#12 0x555603f73e93 <unknown>\n#13 0x555603fc9098 <unknown>\n#14 0x555603fc9273 <unknown>\n#15 0x555603fdb2c3 <unknown>\n#16 0x7fd17529caa4 <unknown>\n#17 0x7fd175329c6c <unknown>","time":{"start":1763826146694,"stop":1763826157008,"duration":10314}},{"uid":"9ae8da521b4a07f1","reportUrl":"https://Brain-up.github.io/auto-tests-python/755/#testresult/9ae8da521b4a07f1","status":"skipped","statusDetails":"XFAIL\n\nselenium.common.exceptions.TimeoutException: Message: Can't find element by locator ('xpath', '//a[text()=\"Упражнения\"]')\nStacktrace:\n#0 0x560e9fdb432a <unknown>\n#1 0x560e9f800e4b <unknown>\n#2 0x560e9f85382b <unknown>\n#3 0x560e9f853a61 <unknown>\n#4 0x560e9f8a2a44 <unknown>\n#5 0x560e9f89fdf7 <unknown>\n#6 0x560e9f845c1a <unknown>\n#7 0x560e9f846921 <unknown>\n#8 0x560e9fd7b239 <unknown>\n#9 0x560e9fd7e1e8 <unknown>\n#10 0x560e9fd644c9 <unknown>\n#11 0x560e9fd7edb5 <unknown>\n#12 0x560e9fd4be93 <unknown>\n#13 0x560e9fda1098 <unknown>\n#14 0x560e9fda1273 <unknown>\n#15 0x560e9fdb32c3 <unknown>\n#16 0x7f99cee9caa4 <unknown>\n#17 0x7f99cef29c6c <unknown>","time":{"start":1763700822295,"stop":1763700832620,"duration":10325}},{"uid":"2454e07953c0cbe5","reportUrl":"https://Brain-up.github.io/auto-tests-python/754/#testresult/2454e07953c0cbe5","status":"skipped","statusDetails":"XFAIL\n\nselenium.common.exceptions.TimeoutException: Message: Can't find element by locator ('xpath', '//a[text()=\"Упражнения\"]')\nStacktrace:\n#0 0x564fd4ad432a <unknown>\n#1 0x564fd4520e4b <unknown>\n#2 0x564fd457382b <unknown>\n#3 0x564fd4573a61 <unknown>\n#4 0x564fd45c2a44 <unknown>\n#5 0x564fd45bfdf7 <unknown>\n#6 0x564fd4565c1a <unknown>\n#7 0x564fd4566921 <unknown>\n#8 0x564fd4a9b239 <unknown>\n#9 0x564fd4a9e1e8 <unknown>\n#10 0x564fd4a844c9 <unknown>\n#11 0x564fd4a9edb5 <unknown>\n#12 0x564fd4a6be93 <unknown>\n#13 0x564fd4ac1098 <unknown>\n#14 0x564fd4ac1273 <unknown>\n#15 0x564fd4ad32c3 <unknown>\n#16 0x7f09cb29caa4 <unknown>\n#17 0x7f09cb329c6c <unknown>","time":{"start":1763644215893,"stop":1763644226217,"duration":10324}},{"uid":"959a1031ccf5cec7","reportUrl":"https://Brain-up.github.io/auto-tests-python/753/#testresult/959a1031ccf5cec7","status":"passed","statusDetails":"XPASS","time":{"start":1763553446310,"stop":1763553493288,"duration":46978}},{"uid":"ed74f003d3cb84b0","reportUrl":"https://Brain-up.github.io/auto-tests-python/752/#testresult/ed74f003d3cb84b0","status":"skipped","statusDetails":"XFAIL\n\nselenium.common.exceptions.TimeoutException: Message: Can't find element by locator ('xpath', '//a[text()=\"Упражнения\"]')\nStacktrace:\n#0 0x564079f4332a <unknown>\n#1 0x56407998fe4b <unknown>\n#2 0x5640799e282b <unknown>\n#3 0x5640799e2a61 <unknown>\n#4 0x564079a31a44 <unknown>\n#5 0x564079a2edf7 <unknown>\n#6 0x5640799d4c1a <unknown>\n#7 0x5640799d5921 <unknown>\n#8 0x564079f0a239 <unknown>\n#9 0x564079f0d1e8 <unknown>\n#10 0x564079ef34c9 <unknown>\n#11 0x564079f0ddb5 <unknown>\n#12 0x564079edae93 <unknown>\n#13 0x564079f30098 <unknown>\n#14 0x564079f30273 <unknown>\n#15 0x564079f422c3 <unknown>\n#16 0x7f41db49caa4 <unknown>\n#17 0x7f41db529c6c <unknown>","time":{"start":1763463992865,"stop":1763464003175,"duration":10310}},{"uid":"dc57ced54c17fb0e","reportUrl":"https://Brain-up.github.io/auto-tests-python/751/#testresult/dc57ced54c17fb0e","status":"passed","statusDetails":"XPASS","time":{"start":1763379939865,"stop":1763380164975,"duration":225110}},{"uid":"6b0a28ab040e3d6","reportUrl":"https://Brain-up.github.io/auto-tests-python/750/#testresult/6b0a28ab040e3d6","status":"skipped","statusDetails":"XFAIL\n\nselenium.common.exceptions.TimeoutException: Message: Can't find element by locator ('xpath', '//a[text()=\"Упражнения\"]')\nStacktrace:\n#0 0x5627c2db532a <unknown>\n#1 0x5627c2801e4b <unknown>\n#2 0x5627c285482b <unknown>\n#3 0x5627c2854a61 <unknown>\n#4 0x5627c28a3a44 <unknown>\n#5 0x5627c28a0df7 <unknown>\n#6 0x5627c2846c1a <unknown>\n#7 0x5627c2847921 <unknown>\n#8 0x5627c2d7c239 <unknown>\n#9 0x5627c2d7f1e8 <unknown>\n#10 0x5627c2d654c9 <unknown>\n#11 0x5627c2d7fdb5 <unknown>\n#12 0x5627c2d4ce93 <unknown>\n#13 0x5627c2da2098 <unknown>\n#14 0x5627c2da2273 <unknown>\n#15 0x5627c2db42c3 <unknown>\n#16 0x7f1a2389caa4 <unknown>\n#17 0x7f1a23929c6c <unknown>","time":{"start":1763296233713,"stop":1763296244099,"duration":10386}},{"uid":"9526a2e674eda09e","reportUrl":"https://Brain-up.github.io/auto-tests-python/749/#testresult/9526a2e674eda09e","status":"skipped","statusDetails":"XFAIL\n\nselenium.common.exceptions.TimeoutException: Message: Can't find element by locator ('xpath', '//a[text()=\"Упражнения\"]')\nStacktrace:\n#0 0x55bb6298c32a <unknown>\n#1 0x55bb623d8e4b <unknown>\n#2 0x55bb6242b82b <unknown>\n#3 0x55bb6242ba61 <unknown>\n#4 0x55bb6247aa44 <unknown>\n#5 0x55bb62477df7 <unknown>\n#6 0x55bb6241dc1a <unknown>\n#7 0x55bb6241e921 <unknown>\n#8 0x55bb62953239 <unknown>\n#9 0x55bb629561e8 <unknown>\n#10 0x55bb6293c4c9 <unknown>\n#11 0x55bb62956db5 <unknown>\n#12 0x55bb62923e93 <unknown>\n#13 0x55bb62979098 <unknown>\n#14 0x55bb62979273 <unknown>\n#15 0x55bb6298b2c3 <unknown>\n#16 0x7fb42e69caa4 <unknown>\n#17 0x7fb42e729c6c <unknown>","time":{"start":1763199873408,"stop":1763199883716,"duration":10308}},{"uid":"b2252bf331209a09","reportUrl":"https://Brain-up.github.io/auto-tests-python/748/#testresult/b2252bf331209a09","status":"passed","statusDetails":"XPASS","time":{"start":1763121135370,"stop":1763121157152,"duration":21782}}]},"tags":["@pytest.mark.xfail"]},"source":"c275abfea04ca4d8.json","parameterValues":[]}