{"uid":"80bfe6fe1c483c78","name":"Select a random card from \"Similar phrases\" group and compare UI vs BACKEND data","fullName":"tests.test_speech_exercises_en.TestCardsEN#test_random_cards_in_similar_phrases_en","historyId":"106afe14e1824ad4b55b346a52794d4b","time":{"start":1771534744164,"stop":1771534754548,"duration":10384},"status":"skipped","statusMessage":"XFAIL\n\nselenium.common.exceptions.TimeoutException: Message: Can't find element by locator ('xpath', '//button[@data-test-active-link=\"Similar phrases\"]')\nStacktrace:\n#0 0x55661211ddba <unknown>\n#1 0x556611b2d682 <unknown>\n#2 0x556611b82a06 <unknown>\n#3 0x556611b82c41 <unknown>\n#4 0x556611bcde14 <unknown>\n#5 0x556611bcb04b <unknown>\n#6 0x556611b7488f <unknown>\n#7 0x556611b75651 <unknown>\n#8 0x5566120e2209 <unknown>\n#9 0x5566120e5111 <unknown>\n#10 0x5566120ce9c9 <unknown>\n#11 0x5566120e5cde <unknown>\n#12 0x5566120b4d40 <unknown>\n#13 0x55661210a408 <unknown>\n#14 0x55661210a5d8 <unknown>\n#15 0x55661211c403 <unknown>\n#16 0x7ff62809caa4 <unknown>\n#17 0x7ff628129c6c <unknown>","statusTrace":"self = <tests.test_speech_exercises_en.TestCardsEN object at 0x7f89baf0ec90>\ndriver = <selenium.webdriver.chrome.webdriver.WebDriver (session=\"2fd8be7f41e95eac8bf6fcba352362de\")>\nspecialist_user_authorized = None\n\n    @pytest.mark.xfail\n    @allure.suite(\"Speech exercises EN.\")\n    @allure.title('Select a random card from \"Similar phrases\" group and compare UI vs BACKEND data')\n    def test_random_cards_in_similar_phrases_en(self, driver, specialist_user_authorized):\n        page = SpeechExercisesPage(driver)\n>       page.select_group(SpeechExercisesPageLocators.SIMILAR_PHRASES_EN)\n\ntests/test_speech_exercises_en.py:57: \n_ _ _ _ _ _ _ _ _ _ _ _ _ _ _ _ _ _ _ _ _ _ _ _ _ _ _ _ _ _ _ _ _ _ _ _ _ _ _ _ \npages/speech_exercises_page_en.py:18: in select_group\n    text_of_the_button = self.element_is_present_and_clickable(selector_for_sub_group)\npages/base_page.py:40: in element_is_present_and_clickable\n    return (Wait(self.driver, self.timeout).until(\n_ _ _ _ _ _ _ _ _ _ _ _ _ _ _ _ _ _ _ _ _ _ _ _ _ _ _ _ _ _ _ _ _ _ _ _ _ _ _ _ \n\nself = <selenium.webdriver.support.wait.WebDriverWait (session=\"2fd8be7f41e95eac8bf6fcba352362de\")>\nmethod = <function visibility_of_element_located.<locals>._predicate at 0x7f89bac5ee80>\nmessage = 'Can\\'t find element by locator (\\'xpath\\', \\'//button[@data-test-active-link=\"Similar phrases\"]\\')'\n\n    def until(self, method, message: str = \"\"):\n        \"\"\"Calls the method provided with the driver as an argument until the \\\n        return value does not evaluate to ``False``.\n    \n        :param method: callable(WebDriver)\n        :param message: optional message for :exc:`TimeoutException`\n        :returns: the result of the last call to `method`\n        :raises: :exc:`selenium.common.exceptions.TimeoutException` if timeout occurs\n        \"\"\"\n        screen = None\n        stacktrace = None\n    \n        end_time = time.monotonic() + self._timeout\n        while True:\n            try:\n                value = method(self._driver)\n                if value:\n                    return value\n            except self._ignored_exceptions as exc:\n                screen = getattr(exc, \"screen\", None)\n                stacktrace = getattr(exc, \"stacktrace\", None)\n            time.sleep(self._poll)\n            if time.monotonic() > end_time:\n                break\n>       raise TimeoutException(message, screen, stacktrace)\nE       selenium.common.exceptions.TimeoutException: Message: Can't find element by locator ('xpath', '//button[@data-test-active-link=\"Similar phrases\"]')\nE       Stacktrace:\nE       #0 0x55661211ddba <unknown>\nE       #1 0x556611b2d682 <unknown>\nE       #2 0x556611b82a06 <unknown>\nE       #3 0x556611b82c41 <unknown>\nE       #4 0x556611bcde14 <unknown>\nE       #5 0x556611bcb04b <unknown>\nE       #6 0x556611b7488f <unknown>\nE       #7 0x556611b75651 <unknown>\nE       #8 0x5566120e2209 <unknown>\nE       #9 0x5566120e5111 <unknown>\nE       #10 0x5566120ce9c9 <unknown>\nE       #11 0x5566120e5cde <unknown>\nE       #12 0x5566120b4d40 <unknown>\nE       #13 0x55661210a408 <unknown>\nE       #14 0x55661210a5d8 <unknown>\nE       #15 0x55661211c403 <unknown>\nE       #16 0x7ff62809caa4 <unknown>\nE       #17 0x7ff628129c6c <unknown>\n\n/opt/hostedtoolcache/Python/3.12.12/x64/lib/python3.12/site-packages/selenium/webdriver/support/wait.py:95: TimeoutException","flaky":false,"newFailed":false,"newBroken":false,"newPassed":false,"retriesCount":0,"retriesStatusChange":false,"beforeStages":[{"name":"clear_allure_results_folder","time":{"start":1771533320876,"stop":1771533320876,"duration":0},"status":"passed","steps":[],"attachments":[],"parameters":[],"stepsCount":0,"shouldDisplayMessage":false,"attachmentsCount":0,"hasContent":false,"attachmentStep":false},{"name":"driver","time":{"start":1771534736882,"stop":1771534737656,"duration":774},"status":"passed","steps":[],"attachments":[],"parameters":[],"stepsCount":0,"shouldDisplayMessage":false,"attachmentsCount":0,"hasContent":false,"attachmentStep":false},{"name":"main_page_open","time":{"start":1771534737656,"stop":1771534741223,"duration":3567},"status":"passed","steps":[{"name":"Open page: https://www.brainup.site/","time":{"start":1771534737656,"stop":1771534741223,"duration":3567},"status":"passed","steps":[],"attachments":[],"parameters":[{"name":"driver","value":"<selenium.webdriver.chrome.webdriver.WebDriver (session=\"2fd8be7f41e95eac8bf6fcba352362de\")>"}],"stepsCount":0,"shouldDisplayMessage":false,"attachmentsCount":0,"hasContent":true,"attachmentStep":false}],"attachments":[],"parameters":[],"stepsCount":1,"shouldDisplayMessage":false,"attachmentsCount":0,"hasContent":true,"attachmentStep":false},{"name":"specialist_user_authorized","time":{"start":1771534741223,"stop":1771534744163,"duration":2940},"status":"passed","steps":[{"name":"USER specialist authorized","time":{"start":1771534741223,"stop":1771534744163,"duration":2940},"status":"passed","steps":[{"name":"Check url is present: https://www.brainup.site/groups","time":{"start":1771534741616,"stop":1771534744139,"duration":2523},"status":"passed","steps":[],"attachments":[],"parameters":[],"stepsCount":0,"shouldDisplayMessage":false,"attachmentsCount":0,"hasContent":false,"attachmentStep":false},{"name":"Loader checking","time":{"start":1771534744140,"stop":1771534744163,"duration":23},"status":"passed","steps":[],"attachments":[],"parameters":[],"stepsCount":0,"shouldDisplayMessage":false,"attachmentsCount":0,"hasContent":false,"attachmentStep":false}],"attachments":[],"parameters":[{"name":"driver","value":"<selenium.webdriver.chrome.webdriver.WebDriver (session=\"2fd8be7f41e95eac8bf6fcba352362de\")>"},{"name":"main_page_open","value":"None"}],"stepsCount":2,"shouldDisplayMessage":false,"attachmentsCount":0,"hasContent":true,"attachmentStep":false}],"attachments":[],"parameters":[],"stepsCount":3,"shouldDisplayMessage":false,"attachmentsCount":0,"hasContent":true,"attachmentStep":false}],"testStage":{"status":"skipped","statusMessage":"XFAIL\n\nselenium.common.exceptions.TimeoutException: Message: Can't find element by locator ('xpath', '//button[@data-test-active-link=\"Similar phrases\"]')\nStacktrace:\n#0 0x55661211ddba <unknown>\n#1 0x556611b2d682 <unknown>\n#2 0x556611b82a06 <unknown>\n#3 0x556611b82c41 <unknown>\n#4 0x556611bcde14 <unknown>\n#5 0x556611bcb04b <unknown>\n#6 0x556611b7488f <unknown>\n#7 0x556611b75651 <unknown>\n#8 0x5566120e2209 <unknown>\n#9 0x5566120e5111 <unknown>\n#10 0x5566120ce9c9 <unknown>\n#11 0x5566120e5cde <unknown>\n#12 0x5566120b4d40 <unknown>\n#13 0x55661210a408 <unknown>\n#14 0x55661210a5d8 <unknown>\n#15 0x55661211c403 <unknown>\n#16 0x7ff62809caa4 <unknown>\n#17 0x7ff628129c6c <unknown>","statusTrace":"self = <tests.test_speech_exercises_en.TestCardsEN object at 0x7f89baf0ec90>\ndriver = <selenium.webdriver.chrome.webdriver.WebDriver (session=\"2fd8be7f41e95eac8bf6fcba352362de\")>\nspecialist_user_authorized = None\n\n    @pytest.mark.xfail\n    @allure.suite(\"Speech exercises EN.\")\n    @allure.title('Select a random card from \"Similar phrases\" group and compare UI vs BACKEND data')\n    def test_random_cards_in_similar_phrases_en(self, driver, specialist_user_authorized):\n        page = SpeechExercisesPage(driver)\n>       page.select_group(SpeechExercisesPageLocators.SIMILAR_PHRASES_EN)\n\ntests/test_speech_exercises_en.py:57: \n_ _ _ _ _ _ _ _ _ _ _ _ _ _ _ _ _ _ _ _ _ _ _ _ _ _ _ _ _ _ _ _ _ _ _ _ _ _ _ _ \npages/speech_exercises_page_en.py:18: in select_group\n    text_of_the_button = self.element_is_present_and_clickable(selector_for_sub_group)\npages/base_page.py:40: in element_is_present_and_clickable\n    return (Wait(self.driver, self.timeout).until(\n_ _ _ _ _ _ _ _ _ _ _ _ _ _ _ _ _ _ _ _ _ _ _ _ _ _ _ _ _ _ _ _ _ _ _ _ _ _ _ _ \n\nself = <selenium.webdriver.support.wait.WebDriverWait (session=\"2fd8be7f41e95eac8bf6fcba352362de\")>\nmethod = <function visibility_of_element_located.<locals>._predicate at 0x7f89bac5ee80>\nmessage = 'Can\\'t find element by locator (\\'xpath\\', \\'//button[@data-test-active-link=\"Similar phrases\"]\\')'\n\n    def until(self, method, message: str = \"\"):\n        \"\"\"Calls the method provided with the driver as an argument until the \\\n        return value does not evaluate to ``False``.\n    \n        :param method: callable(WebDriver)\n        :param message: optional message for :exc:`TimeoutException`\n        :returns: the result of the last call to `method`\n        :raises: :exc:`selenium.common.exceptions.TimeoutException` if timeout occurs\n        \"\"\"\n        screen = None\n        stacktrace = None\n    \n        end_time = time.monotonic() + self._timeout\n        while True:\n            try:\n                value = method(self._driver)\n                if value:\n                    return value\n            except self._ignored_exceptions as exc:\n                screen = getattr(exc, \"screen\", None)\n                stacktrace = getattr(exc, \"stacktrace\", None)\n            time.sleep(self._poll)\n            if time.monotonic() > end_time:\n                break\n>       raise TimeoutException(message, screen, stacktrace)\nE       selenium.common.exceptions.TimeoutException: Message: Can't find element by locator ('xpath', '//button[@data-test-active-link=\"Similar phrases\"]')\nE       Stacktrace:\nE       #0 0x55661211ddba <unknown>\nE       #1 0x556611b2d682 <unknown>\nE       #2 0x556611b82a06 <unknown>\nE       #3 0x556611b82c41 <unknown>\nE       #4 0x556611bcde14 <unknown>\nE       #5 0x556611bcb04b <unknown>\nE       #6 0x556611b7488f <unknown>\nE       #7 0x556611b75651 <unknown>\nE       #8 0x5566120e2209 <unknown>\nE       #9 0x5566120e5111 <unknown>\nE       #10 0x5566120ce9c9 <unknown>\nE       #11 0x5566120e5cde <unknown>\nE       #12 0x5566120b4d40 <unknown>\nE       #13 0x55661210a408 <unknown>\nE       #14 0x55661210a5d8 <unknown>\nE       #15 0x55661211c403 <unknown>\nE       #16 0x7ff62809caa4 <unknown>\nE       #17 0x7ff628129c6c <unknown>\n\n/opt/hostedtoolcache/Python/3.12.12/x64/lib/python3.12/site-packages/selenium/webdriver/support/wait.py:95: TimeoutException","steps":[{"name":"select_group","time":{"start":1771534744164,"stop":1771534754548,"duration":10384},"status":"broken","statusMessage":"selenium.common.exceptions.TimeoutException: Message: Can't find element by locator ('xpath', '//button[@data-test-active-link=\"Similar phrases\"]')\nStacktrace:\n#0 0x55661211ddba <unknown>\n#1 0x556611b2d682 <unknown>\n#2 0x556611b82a06 <unknown>\n#3 0x556611b82c41 <unknown>\n#4 0x556611bcde14 <unknown>\n#5 0x556611bcb04b <unknown>\n#6 0x556611b7488f <unknown>\n#7 0x556611b75651 <unknown>\n#8 0x5566120e2209 <unknown>\n#9 0x5566120e5111 <unknown>\n#10 0x5566120ce9c9 <unknown>\n#11 0x5566120e5cde <unknown>\n#12 0x5566120b4d40 <unknown>\n#13 0x55661210a408 <unknown>\n#14 0x55661210a5d8 <unknown>\n#15 0x55661211c403 <unknown>\n#16 0x7ff62809caa4 <unknown>\n#17 0x7ff628129c6c <unknown>\n\n","statusTrace":"  File \"/opt/hostedtoolcache/Python/3.12.12/x64/lib/python3.12/site-packages/allure_commons/_allure.py\", line 192, in impl\n    return func(*a, **kw)\n           ^^^^^^^^^^^^^^\n  File \"/home/runner/work/auto-tests-python/auto-tests-python/pages/speech_exercises_page_en.py\", line 18, in select_group\n    text_of_the_button = self.element_is_present_and_clickable(selector_for_sub_group)\n                         ^^^^^^^^^^^^^^^^^^^^^^^^^^^^^^^^^^^^^^^^^^^^^^^^^^^^^^^^^^^^^\n  File \"/home/runner/work/auto-tests-python/auto-tests-python/pages/base_page.py\", line 40, in element_is_present_and_clickable\n    return (Wait(self.driver, self.timeout).until(\n            ^^^^^^^^^^^^^^^^^^^^^^^^^^^^^^^^^^^^^^\n  File \"/opt/hostedtoolcache/Python/3.12.12/x64/lib/python3.12/site-packages/selenium/webdriver/support/wait.py\", line 95, in until\n    raise TimeoutException(message, screen, stacktrace)\n","steps":[{"name":"Select Russian language. Click \"EN\" button.","time":{"start":1771534744164,"stop":1771534744244,"duration":80},"status":"passed","steps":[],"attachments":[],"parameters":[],"stepsCount":0,"shouldDisplayMessage":false,"attachmentsCount":0,"hasContent":false,"attachmentStep":false},{"name":"Click button \"SPEECH EXERCISES\".","time":{"start":1771534744244,"stop":1771534744323,"duration":79},"status":"passed","steps":[],"attachments":[],"parameters":[],"stepsCount":0,"shouldDisplayMessage":false,"attachmentsCount":0,"hasContent":false,"attachmentStep":false}],"attachments":[],"parameters":[{"name":"selector_for_sub_group","value":"('xpath', '//button[@data-test-active-link=\"Similar phrases\"]')"}],"stepsCount":2,"shouldDisplayMessage":true,"attachmentsCount":0,"hasContent":true,"attachmentStep":false}],"attachments":[],"parameters":[],"stepsCount":3,"shouldDisplayMessage":true,"attachmentsCount":0,"hasContent":true,"attachmentStep":false},"afterStages":[{"name":"driver::0","time":{"start":1771534754558,"stop":1771534754635,"duration":77},"status":"passed","steps":[],"attachments":[],"parameters":[],"stepsCount":0,"shouldDisplayMessage":false,"attachmentsCount":0,"hasContent":false,"attachmentStep":false}],"labels":[{"name":"suite","value":"Speech exercises EN."},{"name":"epic","value":"Speech exercises."},{"name":"tag","value":"@pytest.mark.xfail"},{"name":"parentSuite","value":"tests"},{"name":"subSuite","value":"TestCardsEN"},{"name":"host","value":"runnervmieams"},{"name":"thread","value":"2785-MainThread"},{"name":"framework","value":"pytest"},{"name":"language","value":"cpython3"},{"name":"package","value":"tests.test_speech_exercises_en"},{"name":"resultFormat","value":"allure2"}],"parameters":[],"links":[],"hidden":false,"retry":false,"extra":{"severity":"normal","retries":[],"categories":[],"history":{"statistic":{"failed":0,"broken":0,"skipped":40,"passed":0,"unknown":0,"total":40},"items":[{"uid":"5c3b89b20c4cecef","reportUrl":"https://Brain-up.github.io/auto-tests-python/829/#testresult/5c3b89b20c4cecef","status":"skipped","statusDetails":"XFAIL\n\nselenium.common.exceptions.TimeoutException: Message: Can't find element by locator ('xpath', '//button[@data-test-active-link=\"Similar phrases\"]')\nStacktrace:\n#0 0x55620285ba4a <unknown>\n#1 0x5562022746a2 <unknown>\n#2 0x5562022c9a8d <unknown>\n#3 0x5562022c9cd1 <unknown>\n#4 0x5562023155c4 <unknown>\n#5 0x5562023127f0 <unknown>\n#6 0x5562022bb8b2 <unknown>\n#7 0x5562022bc6a1 <unknown>\n#8 0x5562028218a9 <unknown>\n#9 0x5562028247b1 <unknown>\n#10 0x55620280dea9 <unknown>\n#11 0x55620282536e <unknown>\n#12 0x5562027f4410 <unknown>\n#13 0x5562028490c8 <unknown>\n#14 0x55620284929b <unknown>\n#15 0x55620285adb8 <unknown>\n#16 0x7f9c8a29caa4 <unknown>\n#17 0x7f9c8a329c6c <unknown>","time":{"start":1771409853939,"stop":1771409864357,"duration":10418}},{"uid":"f88214aedaae4e8d","reportUrl":"https://Brain-up.github.io/auto-tests-python/828/#testresult/f88214aedaae4e8d","status":"skipped","statusDetails":"XFAIL\n\nselenium.common.exceptions.TimeoutException: Message: Can't find element by locator ('xpath', '//button[@data-test-active-link=\"Similar phrases\"]')\nStacktrace:\n#0 0x563dc8b85a4a <unknown>\n#1 0x563dc859e6a2 <unknown>\n#2 0x563dc85f3a8d <unknown>\n#3 0x563dc85f3cd1 <unknown>\n#4 0x563dc863f5c4 <unknown>\n#5 0x563dc863c7f0 <unknown>\n#6 0x563dc85e58b2 <unknown>\n#7 0x563dc85e66a1 <unknown>\n#8 0x563dc8b4b8a9 <unknown>\n#9 0x563dc8b4e7b1 <unknown>\n#10 0x563dc8b37ea9 <unknown>\n#11 0x563dc8b4f36e <unknown>\n#12 0x563dc8b1e410 <unknown>\n#13 0x563dc8b730c8 <unknown>\n#14 0x563dc8b7329b <unknown>\n#15 0x563dc8b84db8 <unknown>\n#16 0x7ff77009caa4 <unknown>\n#17 0x7ff770129c6c <unknown>","time":{"start":1771342787239,"stop":1771342797712,"duration":10473}},{"uid":"4577f4c4973a8ff0","reportUrl":"https://Brain-up.github.io/auto-tests-python/827/#testresult/4577f4c4973a8ff0","status":"skipped","statusDetails":"XFAIL\n\nselenium.common.exceptions.TimeoutException: Message: Can't find element by locator ('xpath', '//button[@data-test-active-link=\"Similar phrases\"]')\nStacktrace:\n#0 0x561cb74a1a4a <unknown>\n#1 0x561cb6eba6a2 <unknown>\n#2 0x561cb6f0fa8d <unknown>\n#3 0x561cb6f0fcd1 <unknown>\n#4 0x561cb6f5b5c4 <unknown>\n#5 0x561cb6f587f0 <unknown>\n#6 0x561cb6f018b2 <unknown>\n#7 0x561cb6f026a1 <unknown>\n#8 0x561cb74678a9 <unknown>\n#9 0x561cb746a7b1 <unknown>\n#10 0x561cb7453ea9 <unknown>\n#11 0x561cb746b36e <unknown>\n#12 0x561cb743a410 <unknown>\n#13 0x561cb748f0c8 <unknown>\n#14 0x561cb748f29b <unknown>\n#15 0x561cb74a0db8 <unknown>\n#16 0x7f0abda9caa4 <unknown>\n#17 0x7f0abdb29c6c <unknown>","time":{"start":1771236406045,"stop":1771236416345,"duration":10300}},{"uid":"8821375d671d6bb","reportUrl":"https://Brain-up.github.io/auto-tests-python/826/#testresult/8821375d671d6bb","status":"skipped","statusDetails":"XFAIL\n\nselenium.common.exceptions.TimeoutException: Message: Can't find element by locator ('xpath', '//button[@data-test-active-link=\"Similar phrases\"]')\nStacktrace:\n#0 0x55f5a35dea4a <unknown>\n#1 0x55f5a2ff76a2 <unknown>\n#2 0x55f5a304ca8d <unknown>\n#3 0x55f5a304ccd1 <unknown>\n#4 0x55f5a30985c4 <unknown>\n#5 0x55f5a30957f0 <unknown>\n#6 0x55f5a303e8b2 <unknown>\n#7 0x55f5a303f6a1 <unknown>\n#8 0x55f5a35a48a9 <unknown>\n#9 0x55f5a35a77b1 <unknown>\n#10 0x55f5a3590ea9 <unknown>\n#11 0x55f5a35a836e <unknown>\n#12 0x55f5a3577410 <unknown>\n#13 0x55f5a35cc0c8 <unknown>\n#14 0x55f5a35cc29b <unknown>\n#15 0x55f5a35dddb8 <unknown>\n#16 0x7fb471e9caa4 <unknown>\n#17 0x7fb471f29c6c <unknown>","time":{"start":1771167460234,"stop":1771167470617,"duration":10383}},{"uid":"602e884488f31b83","reportUrl":"https://Brain-up.github.io/auto-tests-python/825/#testresult/602e884488f31b83","status":"skipped","statusDetails":"XFAIL\n\nselenium.common.exceptions.TimeoutException: Message: Can't find element by locator ('xpath', '//button[@data-test-active-link=\"Similar phrases\"]')\nStacktrace:\n#0 0x563d999bca4a <unknown>\n#1 0x563d993d56a2 <unknown>\n#2 0x563d9942aa8d <unknown>\n#3 0x563d9942acd1 <unknown>\n#4 0x563d994765c4 <unknown>\n#5 0x563d994737f0 <unknown>\n#6 0x563d9941c8b2 <unknown>\n#7 0x563d9941d6a1 <unknown>\n#8 0x563d999828a9 <unknown>\n#9 0x563d999857b1 <unknown>\n#10 0x563d9996eea9 <unknown>\n#11 0x563d9998636e <unknown>\n#12 0x563d99955410 <unknown>\n#13 0x563d999aa0c8 <unknown>\n#14 0x563d999aa29b <unknown>\n#15 0x563d999bbdb8 <unknown>\n#16 0x7f015cc9caa4 <unknown>\n#17 0x7f015cd29c6c <unknown>","time":{"start":1771046794846,"stop":1771046805217,"duration":10371}},{"uid":"a2aa4ce18f6e2c29","reportUrl":"https://Brain-up.github.io/auto-tests-python/824/#testresult/a2aa4ce18f6e2c29","status":"skipped","statusDetails":"XFAIL\n\nselenium.common.exceptions.TimeoutException: Message: Can't find element by locator ('xpath', '//button[@data-test-active-link=\"Similar phrases\"]')\nStacktrace:\n#0 0x5645278c1a4a <unknown>\n#1 0x5645272da6a2 <unknown>\n#2 0x56452732fa8d <unknown>\n#3 0x56452732fcd1 <unknown>\n#4 0x56452737b5c4 <unknown>\n#5 0x5645273787f0 <unknown>\n#6 0x5645273218b2 <unknown>\n#7 0x5645273226a1 <unknown>\n#8 0x5645278878a9 <unknown>\n#9 0x56452788a7b1 <unknown>\n#10 0x564527873ea9 <unknown>\n#11 0x56452788b36e <unknown>\n#12 0x56452785a410 <unknown>\n#13 0x5645278af0c8 <unknown>\n#14 0x5645278af29b <unknown>\n#15 0x5645278c0db8 <unknown>\n#16 0x7f6b5c09caa4 <unknown>\n#17 0x7f6b5c129c6c <unknown>","time":{"start":1770984807733,"stop":1770984818058,"duration":10325}},{"uid":"498016dc2eaf4ebd","reportUrl":"https://Brain-up.github.io/auto-tests-python/823/#testresult/498016dc2eaf4ebd","status":"skipped","statusDetails":"XFAIL\n\nselenium.common.exceptions.TimeoutException: Message: Can't find element by locator ('xpath', '//button[@data-test-active-link=\"Similar phrases\"]')\nStacktrace:\n#0 0x5576da1104ba <unknown>\n#1 0x5576d9b79492 <unknown>\n#2 0x5576d9bce9b6 <unknown>\n#3 0x5576d9bcebf1 <unknown>\n#4 0x5576d9c1a4d4 <unknown>\n#5 0x5576d9c17700 <unknown>\n#6 0x5576d9bc06a2 <unknown>\n#7 0x5576d9bc1491 <unknown>\n#8 0x5576da0d6479 <unknown>\n#9 0x5576da0d9391 <unknown>\n#10 0x5576da0c2a89 <unknown>\n#11 0x5576da0d9f4e <unknown>\n#12 0x5576da0a9070 <unknown>\n#13 0x5576da0fdca8 <unknown>\n#14 0x5576da0fde78 <unknown>\n#15 0x5576da10f828 <unknown>\n#16 0x7f64f849caa4 <unknown>\n#17 0x7f64f8529c6c <unknown>","time":{"start":1770897519597,"stop":1770897529946,"duration":10349}},{"uid":"9b5042f9d2f15809","reportUrl":"https://Brain-up.github.io/auto-tests-python/822/#testresult/9b5042f9d2f15809","status":"skipped","statusDetails":"XFAIL\n\nselenium.common.exceptions.TimeoutException: Message: Can't find element by locator ('xpath', '//button[@data-test-active-link=\"Similar phrases\"]')\nStacktrace:\n#0 0x55a876d684ba <unknown>\n#1 0x55a8767d1492 <unknown>\n#2 0x55a8768269b6 <unknown>\n#3 0x55a876826bf1 <unknown>\n#4 0x55a8768724d4 <unknown>\n#5 0x55a87686f700 <unknown>\n#6 0x55a8768186a2 <unknown>\n#7 0x55a876819491 <unknown>\n#8 0x55a876d2e479 <unknown>\n#9 0x55a876d31391 <unknown>\n#10 0x55a876d1aa89 <unknown>\n#11 0x55a876d31f4e <unknown>\n#12 0x55a876d01070 <unknown>\n#13 0x55a876d55ca8 <unknown>\n#14 0x55a876d55e78 <unknown>\n#15 0x55a876d67828 <unknown>\n#16 0x7f9e55a9caa4 <unknown>\n#17 0x7f9e55b29c6c <unknown>","time":{"start":1770836223114,"stop":1770836233579,"duration":10465}},{"uid":"d965063755ac89be","reportUrl":"https://Brain-up.github.io/auto-tests-python/821/#testresult/d965063755ac89be","status":"skipped","statusDetails":"XFAIL\n\nselenium.common.exceptions.TimeoutException: Message: Can't find element by locator ('xpath', '//button[@data-test-active-link=\"Similar phrases\"]')\nStacktrace:\n#0 0x55c188b9c4ba <unknown>\n#1 0x55c188605492 <unknown>\n#2 0x55c18865a9b6 <unknown>\n#3 0x55c18865abf1 <unknown>\n#4 0x55c1886a64d4 <unknown>\n#5 0x55c1886a3700 <unknown>\n#6 0x55c18864c6a2 <unknown>\n#7 0x55c18864d491 <unknown>\n#8 0x55c188b62479 <unknown>\n#9 0x55c188b65391 <unknown>\n#10 0x55c188b4ea89 <unknown>\n#11 0x55c188b65f4e <unknown>\n#12 0x55c188b35070 <unknown>\n#13 0x55c188b89ca8 <unknown>\n#14 0x55c188b89e78 <unknown>\n#15 0x55c188b9b828 <unknown>\n#16 0x7f9bc3c9caa4 <unknown>\n#17 0x7f9bc3d29c6c <unknown>","time":{"start":1770552286915,"stop":1770552297270,"duration":10355}},{"uid":"773dc0afac6e1639","reportUrl":"https://Brain-up.github.io/auto-tests-python/820/#testresult/773dc0afac6e1639","status":"skipped","statusDetails":"XFAIL\n\nselenium.common.exceptions.TimeoutException: Message: Can't find element by locator ('xpath', '//button[@data-test-active-link=\"Similar phrases\"]')\nStacktrace:\n#0 0x5609608914ba <unknown>\n#1 0x5609602fa492 <unknown>\n#2 0x56096034f9b6 <unknown>\n#3 0x56096034fbf1 <unknown>\n#4 0x56096039b4d4 <unknown>\n#5 0x560960398700 <unknown>\n#6 0x5609603416a2 <unknown>\n#7 0x560960342491 <unknown>\n#8 0x560960857479 <unknown>\n#9 0x56096085a391 <unknown>\n#10 0x560960843a89 <unknown>\n#11 0x56096085af4e <unknown>\n#12 0x56096082a070 <unknown>\n#13 0x56096087eca8 <unknown>\n#14 0x56096087ee78 <unknown>\n#15 0x560960890828 <unknown>\n#16 0x7fd9a809caa4 <unknown>\n#17 0x7fd9a8129c6c <unknown>","time":{"start":1770489528606,"stop":1770489538959,"duration":10353}},{"uid":"99ab5771da8dc81f","reportUrl":"https://Brain-up.github.io/auto-tests-python/819/#testresult/99ab5771da8dc81f","status":"skipped","statusDetails":"XFAIL\n\nselenium.common.exceptions.TimeoutException: Message: Can't find element by locator ('xpath', '//button[@data-test-active-link=\"Similar phrases\"]')\nStacktrace:\n#0 0x563f18befafa <unknown>\n#1 0x563f1860960f <unknown>\n#2 0x563f1865ea16 <unknown>\n#3 0x563f1865ec51 <unknown>\n#4 0x563f186aa404 <unknown>\n#5 0x563f186a762b <unknown>\n#6 0x563f18650842 <unknown>\n#7 0x563f18651631 <unknown>\n#8 0x563f18bb5689 <unknown>\n#9 0x563f18bb8581 <unknown>\n#10 0x563f18ba1ca9 <unknown>\n#11 0x563f18bb913e <unknown>\n#12 0x563f18b883a0 <unknown>\n#13 0x563f18bdcfc8 <unknown>\n#14 0x563f18bdd19b <unknown>\n#15 0x563f18beee68 <unknown>\n#16 0x7f2b6449caa4 <unknown>\n#17 0x7f2b64529c6c <unknown>","time":{"start":1770376990516,"stop":1770377000892,"duration":10376}},{"uid":"48ec72b77ec95dc8","reportUrl":"https://Brain-up.github.io/auto-tests-python/818/#testresult/48ec72b77ec95dc8","status":"skipped","statusDetails":"XFAIL\n\nselenium.common.exceptions.TimeoutException: Message: Can't find element by locator ('xpath', '//button[@data-test-active-link=\"Similar phrases\"]')\nStacktrace:\n#0 0x5590c826dafa <unknown>\n#1 0x5590c7c8760f <unknown>\n#2 0x5590c7cdca16 <unknown>\n#3 0x5590c7cdcc51 <unknown>\n#4 0x5590c7d28404 <unknown>\n#5 0x5590c7d2562b <unknown>\n#6 0x5590c7cce842 <unknown>\n#7 0x5590c7ccf631 <unknown>\n#8 0x5590c8233689 <unknown>\n#9 0x5590c8236581 <unknown>\n#10 0x5590c821fca9 <unknown>\n#11 0x5590c823713e <unknown>\n#12 0x5590c82063a0 <unknown>\n#13 0x5590c825afc8 <unknown>\n#14 0x5590c825b19b <unknown>\n#15 0x5590c826ce68 <unknown>\n#16 0x7fbce4a9caa4 <unknown>\n#17 0x7fbce4b29c6c <unknown>","time":{"start":1770119466008,"stop":1770119476366,"duration":10358}},{"uid":"375af4917cae82dd","reportUrl":"https://Brain-up.github.io/auto-tests-python/817/#testresult/375af4917cae82dd","status":"skipped","statusDetails":"XFAIL\n\nselenium.common.exceptions.TimeoutException: Message: Can't find element by locator ('xpath', '//button[@data-test-active-link=\"Similar phrases\"]')\nStacktrace:\n#0 0x555c0caafafa <unknown>\n#1 0x555c0c4c960f <unknown>\n#2 0x555c0c51ea16 <unknown>\n#3 0x555c0c51ec51 <unknown>\n#4 0x555c0c56a404 <unknown>\n#5 0x555c0c56762b <unknown>\n#6 0x555c0c510842 <unknown>\n#7 0x555c0c511631 <unknown>\n#8 0x555c0ca75689 <unknown>\n#9 0x555c0ca78581 <unknown>\n#10 0x555c0ca61ca9 <unknown>\n#11 0x555c0ca7913e <unknown>\n#12 0x555c0ca483a0 <unknown>\n#13 0x555c0ca9cfc8 <unknown>\n#14 0x555c0ca9d19b <unknown>\n#15 0x555c0caaee68 <unknown>\n#16 0x7fb89fc9caa4 <unknown>\n#17 0x7fb89fd29c6c <unknown>","time":{"start":1769945724094,"stop":1769945734438,"duration":10344}},{"uid":"ff1a135b5062109f","reportUrl":"https://Brain-up.github.io/auto-tests-python/816/#testresult/ff1a135b5062109f","status":"skipped","statusDetails":"XFAIL\n\nselenium.common.exceptions.TimeoutException: Message: Can't find element by locator ('xpath', '//button[@data-test-active-link=\"Similar phrases\"]')\nStacktrace:\n#0 0x55a9f807eafa <unknown>\n#1 0x55a9f7a9860f <unknown>\n#2 0x55a9f7aeda16 <unknown>\n#3 0x55a9f7aedc51 <unknown>\n#4 0x55a9f7b39404 <unknown>\n#5 0x55a9f7b3662b <unknown>\n#6 0x55a9f7adf842 <unknown>\n#7 0x55a9f7ae0631 <unknown>\n#8 0x55a9f8044689 <unknown>\n#9 0x55a9f8047581 <unknown>\n#10 0x55a9f8030ca9 <unknown>\n#11 0x55a9f804813e <unknown>\n#12 0x55a9f80173a0 <unknown>\n#13 0x55a9f806bfc8 <unknown>\n#14 0x55a9f806c19b <unknown>\n#15 0x55a9f807de68 <unknown>\n#16 0x7f579749caa4 <unknown>\n#17 0x7f5797529c6c <unknown>","time":{"start":1769859680137,"stop":1769859690491,"duration":10354}},{"uid":"13ea32c8e5dab0c7","reportUrl":"https://Brain-up.github.io/auto-tests-python/816/#testresult/13ea32c8e5dab0c7","status":"skipped","statusDetails":"XFAIL\n\nselenium.common.exceptions.TimeoutException: Message: Can't find element by locator ('xpath', '//button[@data-test-active-link=\"Similar phrases\"]')\nStacktrace:\n#0 0x5642f985cafa <unknown>\n#1 0x5642f927660f <unknown>\n#2 0x5642f92cba16 <unknown>\n#3 0x5642f92cbc51 <unknown>\n#4 0x5642f9317404 <unknown>\n#5 0x5642f931462b <unknown>\n#6 0x5642f92bd842 <unknown>\n#7 0x5642f92be631 <unknown>\n#8 0x5642f9822689 <unknown>\n#9 0x5642f9825581 <unknown>\n#10 0x5642f980eca9 <unknown>\n#11 0x5642f982613e <unknown>\n#12 0x5642f97f53a0 <unknown>\n#13 0x5642f9849fc8 <unknown>\n#14 0x5642f984a19b <unknown>\n#15 0x5642f985be68 <unknown>\n#16 0x7f620489caa4 <unknown>\n#17 0x7f6204929c6c <unknown>","time":{"start":1769785053440,"stop":1769785063834,"duration":10394}},{"uid":"63b1f6fb789b2151","reportUrl":"https://Brain-up.github.io/auto-tests-python/815/#testresult/63b1f6fb789b2151","status":"skipped","statusDetails":"XFAIL\n\nselenium.common.exceptions.TimeoutException: Message: Can't find element by locator ('xpath', '//button[@data-test-active-link=\"Similar phrases\"]')\nStacktrace:\n#0 0x55c1322d9c3a <unknown>\n#1 0x55c131cf3969 <unknown>\n#2 0x55c131d48ead <unknown>\n#3 0x55c131d490f1 <unknown>\n#4 0x55c131d947e4 <unknown>\n#5 0x55c131d91a20 <unknown>\n#6 0x55c131d3abe2 <unknown>\n#7 0x55c131d3b991 <unknown>\n#8 0x55c13229fa99 <unknown>\n#9 0x55c1322a29b1 <unknown>\n#10 0x55c13228c0a9 <unknown>\n#11 0x55c1322a356e <unknown>\n#12 0x55c1322725e0 <unknown>\n#13 0x55c1322c7358 <unknown>\n#14 0x55c1322c7528 <unknown>\n#15 0x55c1322d8fa8 <unknown>\n#16 0x7fe09fc9caa4 <unknown>\n#17 0x7fe09fd29c6c <unknown>","time":{"start":1769688886490,"stop":1769688896891,"duration":10401}},{"uid":"eaba59b8ede2470c","reportUrl":"https://Brain-up.github.io/auto-tests-python/814/#testresult/eaba59b8ede2470c","status":"skipped","statusDetails":"XFAIL\n\nselenium.common.exceptions.TimeoutException: Message: Can't find element by locator ('xpath', '//button[@data-test-active-link=\"Similar phrases\"]')\nStacktrace:\n#0 0x55d5083e4c3a <unknown>\n#1 0x55d507dfe969 <unknown>\n#2 0x55d507e53ead <unknown>\n#3 0x55d507e540f1 <unknown>\n#4 0x55d507e9f7e4 <unknown>\n#5 0x55d507e9ca20 <unknown>\n#6 0x55d507e45be2 <unknown>\n#7 0x55d507e46991 <unknown>\n#8 0x55d5083aaa99 <unknown>\n#9 0x55d5083ad9b1 <unknown>\n#10 0x55d5083970a9 <unknown>\n#11 0x55d5083ae56e <unknown>\n#12 0x55d50837d5e0 <unknown>\n#13 0x55d5083d2358 <unknown>\n#14 0x55d5083d2528 <unknown>\n#15 0x55d5083e3fa8 <unknown>\n#16 0x7f4bf149caa4 <unknown>\n#17 0x7f4bf1529c6c <unknown>","time":{"start":1769600806983,"stop":1769600817331,"duration":10348}},{"uid":"e3c54a807365d8ce","reportUrl":"https://Brain-up.github.io/auto-tests-python/814/#testresult/e3c54a807365d8ce","status":"skipped","statusDetails":"XFAIL\n\nselenium.common.exceptions.TimeoutException: Message: Can't find element by locator ('xpath', '//button[@data-test-active-link=\"Similar phrases\"]')\nStacktrace:\n#0 0x55ac5008ac3a <unknown>\n#1 0x55ac4faa4969 <unknown>\n#2 0x55ac4faf9ead <unknown>\n#3 0x55ac4fafa0f1 <unknown>\n#4 0x55ac4fb457e4 <unknown>\n#5 0x55ac4fb42a20 <unknown>\n#6 0x55ac4faebbe2 <unknown>\n#7 0x55ac4faec991 <unknown>\n#8 0x55ac50050a99 <unknown>\n#9 0x55ac500539b1 <unknown>\n#10 0x55ac5003d0a9 <unknown>\n#11 0x55ac5005456e <unknown>\n#12 0x55ac500235e0 <unknown>\n#13 0x55ac50078358 <unknown>\n#14 0x55ac50078528 <unknown>\n#15 0x55ac50089fa8 <unknown>\n#16 0x7f7f82e9caa4 <unknown>\n#17 0x7f7f82f29c6c <unknown>","time":{"start":1769552562130,"stop":1769552572491,"duration":10361}},{"uid":"f896df3f60a17196","reportUrl":"https://Brain-up.github.io/auto-tests-python/814/#testresult/f896df3f60a17196","status":"skipped","statusDetails":"XFAIL\n\nselenium.common.exceptions.TimeoutException: Message: Can't find element by locator ('xpath', '//button[@data-test-active-link=\"Similar phrases\"]')\nStacktrace:\n#0 0x5637f9fdcc3a <unknown>\n#1 0x5637f99f6969 <unknown>\n#2 0x5637f9a4bead <unknown>\n#3 0x5637f9a4c0f1 <unknown>\n#4 0x5637f9a977e4 <unknown>\n#5 0x5637f9a94a20 <unknown>\n#6 0x5637f9a3dbe2 <unknown>\n#7 0x5637f9a3e991 <unknown>\n#8 0x5637f9fa2a99 <unknown>\n#9 0x5637f9fa59b1 <unknown>\n#10 0x5637f9f8f0a9 <unknown>\n#11 0x5637f9fa656e <unknown>\n#12 0x5637f9f755e0 <unknown>\n#13 0x5637f9fca358 <unknown>\n#14 0x5637f9fca528 <unknown>\n#15 0x5637f9fdbfa8 <unknown>\n#16 0x7f0072c9caa4 <unknown>\n#17 0x7f0072d29c6c <unknown>","time":{"start":1769545210090,"stop":1769545220435,"duration":10345}},{"uid":"fe1eebc97968f989","reportUrl":"https://Brain-up.github.io/auto-tests-python/813/#testresult/fe1eebc97968f989","status":"skipped","statusDetails":"XFAIL\n\nselenium.common.exceptions.TimeoutException: Message: Can't find element by locator ('xpath', '//button[@data-test-active-link=\"Similar phrases\"]')\nStacktrace:\n#0 0x55bc5322fc3a <unknown>\n#1 0x55bc52c49969 <unknown>\n#2 0x55bc52c9eead <unknown>\n#3 0x55bc52c9f0f1 <unknown>\n#4 0x55bc52cea7e4 <unknown>\n#5 0x55bc52ce7a20 <unknown>\n#6 0x55bc52c90be2 <unknown>\n#7 0x55bc52c91991 <unknown>\n#8 0x55bc531f5a99 <unknown>\n#9 0x55bc531f89b1 <unknown>\n#10 0x55bc531e20a9 <unknown>\n#11 0x55bc531f956e <unknown>\n#12 0x55bc531c85e0 <unknown>\n#13 0x55bc5321d358 <unknown>\n#14 0x55bc5321d528 <unknown>\n#15 0x55bc5322efa8 <unknown>\n#16 0x7f749f69caa4 <unknown>\n#17 0x7f749f729c6c <unknown>","time":{"start":1769425819343,"stop":1769425829721,"duration":10378}}]},"tags":["@pytest.mark.xfail"]},"source":"80bfe6fe1c483c78.json","parameterValues":[]}