{"uid":"1693112b7751ae71","name":"Select a random card from \"Similar phrases\" group and compare UI vs BACKEND data","fullName":"tests.test_speech_exercises_en.TestCardsEN#test_random_cards_in_similar_phrases_en","historyId":"106afe14e1824ad4b55b346a52794d4b","time":{"start":1762337131606,"stop":1762337141965,"duration":10359},"status":"skipped","statusMessage":"XFAIL\n\nselenium.common.exceptions.TimeoutException: Message: Can't find element by locator ('xpath', '//button[@data-test-active-link=\"Similar phrases\"]')\nStacktrace:\n#0 0x55628c570aea <unknown>\n#1 0x55628bfbccdb <unknown>\n#2 0x55628c00f6c4 <unknown>\n#3 0x55628c00f901 <unknown>\n#4 0x55628c05e8b4 <unknown>\n#5 0x55628c05bc87 <unknown>\n#6 0x55628c001aca <unknown>\n#7 0x55628c0027d1 <unknown>\n#8 0x55628c537ab9 <unknown>\n#9 0x55628c53aa8c <unknown>\n#10 0x55628c520d49 <unknown>\n#11 0x55628c53b685 <unknown>\n#12 0x55628c5086c3 <unknown>\n#13 0x55628c55d7d8 <unknown>\n#14 0x55628c55d9b3 <unknown>\n#15 0x55628c56fa83 <unknown>\n#16 0x7f01c5c9caa4 <unknown>\n#17 0x7f01c5d29c6c <unknown>","statusTrace":"self = <tests.test_speech_exercises_en.TestCardsEN object at 0x7f87238e7830>\ndriver = <selenium.webdriver.chrome.webdriver.WebDriver (session=\"1bc2404e18557a8cd3aa3d10d758fec0\")>\nspecialist_user_authorized = None\n\n    @pytest.mark.xfail\n    @allure.suite(\"Speech exercises EN.\")\n    @allure.title('Select a random card from \"Similar phrases\" group and compare UI vs BACKEND data')\n    def test_random_cards_in_similar_phrases_en(self, driver, specialist_user_authorized):\n        page = SpeechExercisesPage(driver)\n>       page.select_group(SpeechExercisesPageLocators.SIMILAR_PHRASES_EN)\n\ntests/test_speech_exercises_en.py:57: \n_ _ _ _ _ _ _ _ _ _ _ _ _ _ _ _ _ _ _ _ _ _ _ _ _ _ _ _ _ _ _ _ _ _ _ _ _ _ _ _ \npages/speech_exercises_page_en.py:18: in select_group\n    text_of_the_button = self.element_is_present_and_clickable(selector_for_sub_group)\npages/base_page.py:40: in element_is_present_and_clickable\n    return (Wait(self.driver, self.timeout).until(\n_ _ _ _ _ _ _ _ _ _ _ _ _ _ _ _ _ _ _ _ _ _ _ _ _ _ _ _ _ _ _ _ _ _ _ _ _ _ _ _ \n\nself = <selenium.webdriver.support.wait.WebDriverWait (session=\"1bc2404e18557a8cd3aa3d10d758fec0\")>\nmethod = <function visibility_of_element_located.<locals>._predicate at 0x7f87236767a0>\nmessage = 'Can\\'t find element by locator (\\'xpath\\', \\'//button[@data-test-active-link=\"Similar phrases\"]\\')'\n\n    def until(self, method, message: str = \"\"):\n        \"\"\"Calls the method provided with the driver as an argument until the \\\n        return value does not evaluate to ``False``.\n    \n        :param method: callable(WebDriver)\n        :param message: optional message for :exc:`TimeoutException`\n        :returns: the result of the last call to `method`\n        :raises: :exc:`selenium.common.exceptions.TimeoutException` if timeout occurs\n        \"\"\"\n        screen = None\n        stacktrace = None\n    \n        end_time = time.monotonic() + self._timeout\n        while True:\n            try:\n                value = method(self._driver)\n                if value:\n                    return value\n            except self._ignored_exceptions as exc:\n                screen = getattr(exc, \"screen\", None)\n                stacktrace = getattr(exc, \"stacktrace\", None)\n            time.sleep(self._poll)\n            if time.monotonic() > end_time:\n                break\n>       raise TimeoutException(message, screen, stacktrace)\nE       selenium.common.exceptions.TimeoutException: Message: Can't find element by locator ('xpath', '//button[@data-test-active-link=\"Similar phrases\"]')\nE       Stacktrace:\nE       #0 0x55628c570aea <unknown>\nE       #1 0x55628bfbccdb <unknown>\nE       #2 0x55628c00f6c4 <unknown>\nE       #3 0x55628c00f901 <unknown>\nE       #4 0x55628c05e8b4 <unknown>\nE       #5 0x55628c05bc87 <unknown>\nE       #6 0x55628c001aca <unknown>\nE       #7 0x55628c0027d1 <unknown>\nE       #8 0x55628c537ab9 <unknown>\nE       #9 0x55628c53aa8c <unknown>\nE       #10 0x55628c520d49 <unknown>\nE       #11 0x55628c53b685 <unknown>\nE       #12 0x55628c5086c3 <unknown>\nE       #13 0x55628c55d7d8 <unknown>\nE       #14 0x55628c55d9b3 <unknown>\nE       #15 0x55628c56fa83 <unknown>\nE       #16 0x7f01c5c9caa4 <unknown>\nE       #17 0x7f01c5d29c6c <unknown>\n\n/opt/hostedtoolcache/Python/3.12.12/x64/lib/python3.12/site-packages/selenium/webdriver/support/wait.py:95: TimeoutException","flaky":false,"newFailed":false,"newBroken":false,"newPassed":false,"retriesCount":0,"retriesStatusChange":false,"beforeStages":[{"name":"clear_allure_results_folder","time":{"start":1762336010511,"stop":1762336010511,"duration":0},"status":"passed","steps":[],"attachments":[],"parameters":[],"stepsCount":0,"shouldDisplayMessage":false,"attachmentsCount":0,"hasContent":false,"attachmentStep":false},{"name":"driver","time":{"start":1762337125677,"stop":1762337126440,"duration":763},"status":"passed","steps":[],"attachments":[],"parameters":[],"stepsCount":0,"shouldDisplayMessage":false,"attachmentsCount":0,"hasContent":false,"attachmentStep":false},{"name":"main_page_open","time":{"start":1762337126440,"stop":1762337129180,"duration":2740},"status":"passed","steps":[{"name":"Open page: https://www.brainup.site/","time":{"start":1762337126440,"stop":1762337129180,"duration":2740},"status":"passed","steps":[],"attachments":[],"parameters":[{"name":"driver","value":"<selenium.webdriver.chrome.webdriver.WebDriver (session=\"1bc2404e18557a8cd3aa3d10d758fec0\")>"}],"stepsCount":0,"shouldDisplayMessage":false,"attachmentsCount":0,"hasContent":true,"attachmentStep":false}],"attachments":[],"parameters":[],"stepsCount":1,"shouldDisplayMessage":false,"attachmentsCount":0,"hasContent":true,"attachmentStep":false},{"name":"specialist_user_authorized","time":{"start":1762337129180,"stop":1762337131606,"duration":2426},"status":"passed","steps":[{"name":"USER specialist authorized","time":{"start":1762337129180,"stop":1762337131606,"duration":2426},"status":"passed","steps":[{"name":"Check url is present: https://www.brainup.site/groups","time":{"start":1762337129564,"stop":1762337131583,"duration":2019},"status":"passed","steps":[],"attachments":[],"parameters":[],"stepsCount":0,"shouldDisplayMessage":false,"attachmentsCount":0,"hasContent":false,"attachmentStep":false},{"name":"Loader checking","time":{"start":1762337131583,"stop":1762337131606,"duration":23},"status":"passed","steps":[],"attachments":[],"parameters":[],"stepsCount":0,"shouldDisplayMessage":false,"attachmentsCount":0,"hasContent":false,"attachmentStep":false}],"attachments":[],"parameters":[{"name":"driver","value":"<selenium.webdriver.chrome.webdriver.WebDriver (session=\"1bc2404e18557a8cd3aa3d10d758fec0\")>"},{"name":"main_page_open","value":"None"}],"stepsCount":2,"shouldDisplayMessage":false,"attachmentsCount":0,"hasContent":true,"attachmentStep":false}],"attachments":[],"parameters":[],"stepsCount":3,"shouldDisplayMessage":false,"attachmentsCount":0,"hasContent":true,"attachmentStep":false}],"testStage":{"status":"skipped","statusMessage":"XFAIL\n\nselenium.common.exceptions.TimeoutException: Message: Can't find element by locator ('xpath', '//button[@data-test-active-link=\"Similar phrases\"]')\nStacktrace:\n#0 0x55628c570aea <unknown>\n#1 0x55628bfbccdb <unknown>\n#2 0x55628c00f6c4 <unknown>\n#3 0x55628c00f901 <unknown>\n#4 0x55628c05e8b4 <unknown>\n#5 0x55628c05bc87 <unknown>\n#6 0x55628c001aca <unknown>\n#7 0x55628c0027d1 <unknown>\n#8 0x55628c537ab9 <unknown>\n#9 0x55628c53aa8c <unknown>\n#10 0x55628c520d49 <unknown>\n#11 0x55628c53b685 <unknown>\n#12 0x55628c5086c3 <unknown>\n#13 0x55628c55d7d8 <unknown>\n#14 0x55628c55d9b3 <unknown>\n#15 0x55628c56fa83 <unknown>\n#16 0x7f01c5c9caa4 <unknown>\n#17 0x7f01c5d29c6c <unknown>","statusTrace":"self = <tests.test_speech_exercises_en.TestCardsEN object at 0x7f87238e7830>\ndriver = <selenium.webdriver.chrome.webdriver.WebDriver (session=\"1bc2404e18557a8cd3aa3d10d758fec0\")>\nspecialist_user_authorized = None\n\n    @pytest.mark.xfail\n    @allure.suite(\"Speech exercises EN.\")\n    @allure.title('Select a random card from \"Similar phrases\" group and compare UI vs BACKEND data')\n    def test_random_cards_in_similar_phrases_en(self, driver, specialist_user_authorized):\n        page = SpeechExercisesPage(driver)\n>       page.select_group(SpeechExercisesPageLocators.SIMILAR_PHRASES_EN)\n\ntests/test_speech_exercises_en.py:57: \n_ _ _ _ _ _ _ _ _ _ _ _ _ _ _ _ _ _ _ _ _ _ _ _ _ _ _ _ _ _ _ _ _ _ _ _ _ _ _ _ \npages/speech_exercises_page_en.py:18: in select_group\n    text_of_the_button = self.element_is_present_and_clickable(selector_for_sub_group)\npages/base_page.py:40: in element_is_present_and_clickable\n    return (Wait(self.driver, self.timeout).until(\n_ _ _ _ _ _ _ _ _ _ _ _ _ _ _ _ _ _ _ _ _ _ _ _ _ _ _ _ _ _ _ _ _ _ _ _ _ _ _ _ \n\nself = <selenium.webdriver.support.wait.WebDriverWait (session=\"1bc2404e18557a8cd3aa3d10d758fec0\")>\nmethod = <function visibility_of_element_located.<locals>._predicate at 0x7f87236767a0>\nmessage = 'Can\\'t find element by locator (\\'xpath\\', \\'//button[@data-test-active-link=\"Similar phrases\"]\\')'\n\n    def until(self, method, message: str = \"\"):\n        \"\"\"Calls the method provided with the driver as an argument until the \\\n        return value does not evaluate to ``False``.\n    \n        :param method: callable(WebDriver)\n        :param message: optional message for :exc:`TimeoutException`\n        :returns: the result of the last call to `method`\n        :raises: :exc:`selenium.common.exceptions.TimeoutException` if timeout occurs\n        \"\"\"\n        screen = None\n        stacktrace = None\n    \n        end_time = time.monotonic() + self._timeout\n        while True:\n            try:\n                value = method(self._driver)\n                if value:\n                    return value\n            except self._ignored_exceptions as exc:\n                screen = getattr(exc, \"screen\", None)\n                stacktrace = getattr(exc, \"stacktrace\", None)\n            time.sleep(self._poll)\n            if time.monotonic() > end_time:\n                break\n>       raise TimeoutException(message, screen, stacktrace)\nE       selenium.common.exceptions.TimeoutException: Message: Can't find element by locator ('xpath', '//button[@data-test-active-link=\"Similar phrases\"]')\nE       Stacktrace:\nE       #0 0x55628c570aea <unknown>\nE       #1 0x55628bfbccdb <unknown>\nE       #2 0x55628c00f6c4 <unknown>\nE       #3 0x55628c00f901 <unknown>\nE       #4 0x55628c05e8b4 <unknown>\nE       #5 0x55628c05bc87 <unknown>\nE       #6 0x55628c001aca <unknown>\nE       #7 0x55628c0027d1 <unknown>\nE       #8 0x55628c537ab9 <unknown>\nE       #9 0x55628c53aa8c <unknown>\nE       #10 0x55628c520d49 <unknown>\nE       #11 0x55628c53b685 <unknown>\nE       #12 0x55628c5086c3 <unknown>\nE       #13 0x55628c55d7d8 <unknown>\nE       #14 0x55628c55d9b3 <unknown>\nE       #15 0x55628c56fa83 <unknown>\nE       #16 0x7f01c5c9caa4 <unknown>\nE       #17 0x7f01c5d29c6c <unknown>\n\n/opt/hostedtoolcache/Python/3.12.12/x64/lib/python3.12/site-packages/selenium/webdriver/support/wait.py:95: TimeoutException","steps":[{"name":"select_group","time":{"start":1762337131606,"stop":1762337141965,"duration":10359},"status":"broken","statusMessage":"selenium.common.exceptions.TimeoutException: Message: Can't find element by locator ('xpath', '//button[@data-test-active-link=\"Similar phrases\"]')\nStacktrace:\n#0 0x55628c570aea <unknown>\n#1 0x55628bfbccdb <unknown>\n#2 0x55628c00f6c4 <unknown>\n#3 0x55628c00f901 <unknown>\n#4 0x55628c05e8b4 <unknown>\n#5 0x55628c05bc87 <unknown>\n#6 0x55628c001aca <unknown>\n#7 0x55628c0027d1 <unknown>\n#8 0x55628c537ab9 <unknown>\n#9 0x55628c53aa8c <unknown>\n#10 0x55628c520d49 <unknown>\n#11 0x55628c53b685 <unknown>\n#12 0x55628c5086c3 <unknown>\n#13 0x55628c55d7d8 <unknown>\n#14 0x55628c55d9b3 <unknown>\n#15 0x55628c56fa83 <unknown>\n#16 0x7f01c5c9caa4 <unknown>\n#17 0x7f01c5d29c6c <unknown>\n\n","statusTrace":"  File \"/opt/hostedtoolcache/Python/3.12.12/x64/lib/python3.12/site-packages/allure_commons/_allure.py\", line 192, in impl\n    return func(*a, **kw)\n           ^^^^^^^^^^^^^^\n  File \"/home/runner/work/auto-tests-python/auto-tests-python/pages/speech_exercises_page_en.py\", line 18, in select_group\n    text_of_the_button = self.element_is_present_and_clickable(selector_for_sub_group)\n                         ^^^^^^^^^^^^^^^^^^^^^^^^^^^^^^^^^^^^^^^^^^^^^^^^^^^^^^^^^^^^^\n  File \"/home/runner/work/auto-tests-python/auto-tests-python/pages/base_page.py\", line 40, in element_is_present_and_clickable\n    return (Wait(self.driver, self.timeout).until(\n            ^^^^^^^^^^^^^^^^^^^^^^^^^^^^^^^^^^^^^^\n  File \"/opt/hostedtoolcache/Python/3.12.12/x64/lib/python3.12/site-packages/selenium/webdriver/support/wait.py\", line 95, in until\n    raise TimeoutException(message, screen, stacktrace)\n","steps":[{"name":"Select Russian language. Click \"EN\" button.","time":{"start":1762337131606,"stop":1762337131684,"duration":78},"status":"passed","steps":[],"attachments":[],"parameters":[],"stepsCount":0,"shouldDisplayMessage":false,"attachmentsCount":0,"hasContent":false,"attachmentStep":false},{"name":"Click button \"SPEECH EXERCISES\".","time":{"start":1762337131684,"stop":1762337131764,"duration":80},"status":"passed","steps":[],"attachments":[],"parameters":[],"stepsCount":0,"shouldDisplayMessage":false,"attachmentsCount":0,"hasContent":false,"attachmentStep":false}],"attachments":[],"parameters":[{"name":"selector_for_sub_group","value":"('xpath', '//button[@data-test-active-link=\"Similar phrases\"]')"}],"stepsCount":2,"shouldDisplayMessage":true,"attachmentsCount":0,"hasContent":true,"attachmentStep":false}],"attachments":[],"parameters":[],"stepsCount":3,"shouldDisplayMessage":true,"attachmentsCount":0,"hasContent":true,"attachmentStep":false},"afterStages":[{"name":"driver::0","time":{"start":1762337141976,"stop":1762337142045,"duration":69},"status":"passed","steps":[],"attachments":[],"parameters":[],"stepsCount":0,"shouldDisplayMessage":false,"attachmentsCount":0,"hasContent":false,"attachmentStep":false}],"labels":[{"name":"suite","value":"Speech exercises EN."},{"name":"epic","value":"Speech exercises."},{"name":"tag","value":"@pytest.mark.xfail"},{"name":"parentSuite","value":"tests"},{"name":"subSuite","value":"TestCardsEN"},{"name":"host","value":"runnervmf2e7y"},{"name":"thread","value":"2574-MainThread"},{"name":"framework","value":"pytest"},{"name":"language","value":"cpython3"},{"name":"package","value":"tests.test_speech_exercises_en"},{"name":"resultFormat","value":"allure2"}],"parameters":[],"links":[],"hidden":false,"retry":false,"extra":{"severity":"normal","retries":[],"categories":[],"tags":["@pytest.mark.xfail"]},"source":"1693112b7751ae71.json","parameterValues":[]}