{"uid":"af65db5ce97e1ae7","name":"Check statistic table.","fullName":"tests.test_speech_exercises_ru.TestCardsRU#test_get_statistic_data","historyId":"15df626f86a935fbcd917f7ea4002a26","time":{"start":1762337289943,"stop":1762337300201,"duration":10258},"status":"skipped","statusMessage":"XFAIL\n\nselenium.common.exceptions.TimeoutException: Message: Can't find element by locator ('xpath', '//div[@class=\"__51e19\"]')\nStacktrace:\n#0 0x55e2d6863aea <unknown>\n#1 0x55e2d62afcdb <unknown>\n#2 0x55e2d63026c4 <unknown>\n#3 0x55e2d6302901 <unknown>\n#4 0x55e2d63518b4 <unknown>\n#5 0x55e2d634ec87 <unknown>\n#6 0x55e2d62f4aca <unknown>\n#7 0x55e2d62f57d1 <unknown>\n#8 0x55e2d682aab9 <unknown>\n#9 0x55e2d682da8c <unknown>\n#10 0x55e2d6813d49 <unknown>\n#11 0x55e2d682e685 <unknown>\n#12 0x55e2d67fb6c3 <unknown>\n#13 0x55e2d68507d8 <unknown>\n#14 0x55e2d68509b3 <unknown>\n#15 0x55e2d6862a83 <unknown>\n#16 0x7f80bf69caa4 <unknown>\n#17 0x7f80bf729c6c <unknown>","statusTrace":"self = <tests.test_speech_exercises_ru.TestCardsRU object at 0x7f872380e4e0>\ndriver = <selenium.webdriver.chrome.webdriver.WebDriver (session=\"bf82c58efc5e5ef432b205847119b360\")>\ndefault_user_authorized = None\n\n    @pytest.mark.xfail\n    @allure.suite('Statistic.')\n    @allure.title('Check statistic table.')\n    def test_get_statistic_data(self, driver, default_user_authorized):\n        page = SpeechExercisesPageRU(driver)\n>       table = page.get_statistic_data()\n\ntests/test_speech_exercises_ru.py:192: \n_ _ _ _ _ _ _ _ _ _ _ _ _ _ _ _ _ _ _ _ _ _ _ _ _ _ _ _ _ _ _ _ _ _ _ _ _ _ _ _ \npages/speech_exercises_page_ru.py:174: in get_statistic_data\n    table = self.element_is_present(self.locators.AuthorizedUserHomePageLocators.STATISTIC_TABLE)\npages/base_page.py:32: in element_is_present\n    return Wait(self.driver, self.timeout).until(\n_ _ _ _ _ _ _ _ _ _ _ _ _ _ _ _ _ _ _ _ _ _ _ _ _ _ _ _ _ _ _ _ _ _ _ _ _ _ _ _ \n\nself = <selenium.webdriver.support.wait.WebDriverWait (session=\"bf82c58efc5e5ef432b205847119b360\")>\nmethod = <function presence_of_element_located.<locals>._predicate at 0x7f8723758cc0>\nmessage = 'Can\\'t find element by locator (\\'xpath\\', \\'//div[@class=\"__51e19\"]\\')'\n\n    def until(self, method, message: str = \"\"):\n        \"\"\"Calls the method provided with the driver as an argument until the \\\n        return value does not evaluate to ``False``.\n    \n        :param method: callable(WebDriver)\n        :param message: optional message for :exc:`TimeoutException`\n        :returns: the result of the last call to `method`\n        :raises: :exc:`selenium.common.exceptions.TimeoutException` if timeout occurs\n        \"\"\"\n        screen = None\n        stacktrace = None\n    \n        end_time = time.monotonic() + self._timeout\n        while True:\n            try:\n                value = method(self._driver)\n                if value:\n                    return value\n            except self._ignored_exceptions as exc:\n                screen = getattr(exc, \"screen\", None)\n                stacktrace = getattr(exc, \"stacktrace\", None)\n            time.sleep(self._poll)\n            if time.monotonic() > end_time:\n                break\n>       raise TimeoutException(message, screen, stacktrace)\nE       selenium.common.exceptions.TimeoutException: Message: Can't find element by locator ('xpath', '//div[@class=\"__51e19\"]')\nE       Stacktrace:\nE       #0 0x55e2d6863aea <unknown>\nE       #1 0x55e2d62afcdb <unknown>\nE       #2 0x55e2d63026c4 <unknown>\nE       #3 0x55e2d6302901 <unknown>\nE       #4 0x55e2d63518b4 <unknown>\nE       #5 0x55e2d634ec87 <unknown>\nE       #6 0x55e2d62f4aca <unknown>\nE       #7 0x55e2d62f57d1 <unknown>\nE       #8 0x55e2d682aab9 <unknown>\nE       #9 0x55e2d682da8c <unknown>\nE       #10 0x55e2d6813d49 <unknown>\nE       #11 0x55e2d682e685 <unknown>\nE       #12 0x55e2d67fb6c3 <unknown>\nE       #13 0x55e2d68507d8 <unknown>\nE       #14 0x55e2d68509b3 <unknown>\nE       #15 0x55e2d6862a83 <unknown>\nE       #16 0x7f80bf69caa4 <unknown>\nE       #17 0x7f80bf729c6c <unknown>\n\n/opt/hostedtoolcache/Python/3.12.12/x64/lib/python3.12/site-packages/selenium/webdriver/support/wait.py:95: TimeoutException","flaky":false,"newFailed":false,"newBroken":false,"newPassed":false,"retriesCount":0,"retriesStatusChange":false,"beforeStages":[{"name":"clear_allure_results_folder","time":{"start":1762336010511,"stop":1762336010511,"duration":0},"status":"passed","steps":[],"attachments":[],"parameters":[],"stepsCount":0,"shouldDisplayMessage":false,"attachmentsCount":0,"hasContent":false,"attachmentStep":false},{"name":"driver","time":{"start":1762337284146,"stop":1762337284902,"duration":756},"status":"passed","steps":[],"attachments":[],"parameters":[],"stepsCount":0,"shouldDisplayMessage":false,"attachmentsCount":0,"hasContent":false,"attachmentStep":false},{"name":"main_page_open","time":{"start":1762337284903,"stop":1762337287529,"duration":2626},"status":"passed","steps":[{"name":"Open page: https://www.brainup.site/","time":{"start":1762337284903,"stop":1762337287529,"duration":2626},"status":"passed","steps":[],"attachments":[],"parameters":[{"name":"driver","value":"<selenium.webdriver.chrome.webdriver.WebDriver (session=\"bf82c58efc5e5ef432b205847119b360\")>"}],"stepsCount":0,"shouldDisplayMessage":false,"attachmentsCount":0,"hasContent":true,"attachmentStep":false}],"attachments":[],"parameters":[],"stepsCount":1,"shouldDisplayMessage":false,"attachmentsCount":0,"hasContent":true,"attachmentStep":false},{"name":"default_user_authorized","time":{"start":1762337287529,"stop":1762337289942,"duration":2413},"status":"passed","steps":[{"name":"DEFAULT user authorized","time":{"start":1762337287529,"stop":1762337289942,"duration":2413},"status":"passed","steps":[{"name":"Check url is present: https://www.brainup.site/groups","time":{"start":1762337287901,"stop":1762337289920,"duration":2019},"status":"passed","steps":[],"attachments":[],"parameters":[],"stepsCount":0,"shouldDisplayMessage":false,"attachmentsCount":0,"hasContent":false,"attachmentStep":false},{"name":"Loader checking","time":{"start":1762337289920,"stop":1762337289942,"duration":22},"status":"passed","steps":[],"attachments":[],"parameters":[],"stepsCount":0,"shouldDisplayMessage":false,"attachmentsCount":0,"hasContent":false,"attachmentStep":false}],"attachments":[],"parameters":[{"name":"driver","value":"<selenium.webdriver.chrome.webdriver.WebDriver (session=\"bf82c58efc5e5ef432b205847119b360\")>"},{"name":"main_page_open","value":"None"}],"stepsCount":2,"shouldDisplayMessage":false,"attachmentsCount":0,"hasContent":true,"attachmentStep":false}],"attachments":[],"parameters":[],"stepsCount":3,"shouldDisplayMessage":false,"attachmentsCount":0,"hasContent":true,"attachmentStep":false}],"testStage":{"status":"skipped","statusMessage":"XFAIL\n\nselenium.common.exceptions.TimeoutException: Message: Can't find element by locator ('xpath', '//div[@class=\"__51e19\"]')\nStacktrace:\n#0 0x55e2d6863aea <unknown>\n#1 0x55e2d62afcdb <unknown>\n#2 0x55e2d63026c4 <unknown>\n#3 0x55e2d6302901 <unknown>\n#4 0x55e2d63518b4 <unknown>\n#5 0x55e2d634ec87 <unknown>\n#6 0x55e2d62f4aca <unknown>\n#7 0x55e2d62f57d1 <unknown>\n#8 0x55e2d682aab9 <unknown>\n#9 0x55e2d682da8c <unknown>\n#10 0x55e2d6813d49 <unknown>\n#11 0x55e2d682e685 <unknown>\n#12 0x55e2d67fb6c3 <unknown>\n#13 0x55e2d68507d8 <unknown>\n#14 0x55e2d68509b3 <unknown>\n#15 0x55e2d6862a83 <unknown>\n#16 0x7f80bf69caa4 <unknown>\n#17 0x7f80bf729c6c <unknown>","statusTrace":"self = <tests.test_speech_exercises_ru.TestCardsRU object at 0x7f872380e4e0>\ndriver = <selenium.webdriver.chrome.webdriver.WebDriver (session=\"bf82c58efc5e5ef432b205847119b360\")>\ndefault_user_authorized = None\n\n    @pytest.mark.xfail\n    @allure.suite('Statistic.')\n    @allure.title('Check statistic table.')\n    def test_get_statistic_data(self, driver, default_user_authorized):\n        page = SpeechExercisesPageRU(driver)\n>       table = page.get_statistic_data()\n\ntests/test_speech_exercises_ru.py:192: \n_ _ _ _ _ _ _ _ _ _ _ _ _ _ _ _ _ _ _ _ _ _ _ _ _ _ _ _ _ _ _ _ _ _ _ _ _ _ _ _ \npages/speech_exercises_page_ru.py:174: in get_statistic_data\n    table = self.element_is_present(self.locators.AuthorizedUserHomePageLocators.STATISTIC_TABLE)\npages/base_page.py:32: in element_is_present\n    return Wait(self.driver, self.timeout).until(\n_ _ _ _ _ _ _ _ _ _ _ _ _ _ _ _ _ _ _ _ _ _ _ _ _ _ _ _ _ _ _ _ _ _ _ _ _ _ _ _ \n\nself = <selenium.webdriver.support.wait.WebDriverWait (session=\"bf82c58efc5e5ef432b205847119b360\")>\nmethod = <function presence_of_element_located.<locals>._predicate at 0x7f8723758cc0>\nmessage = 'Can\\'t find element by locator (\\'xpath\\', \\'//div[@class=\"__51e19\"]\\')'\n\n    def until(self, method, message: str = \"\"):\n        \"\"\"Calls the method provided with the driver as an argument until the \\\n        return value does not evaluate to ``False``.\n    \n        :param method: callable(WebDriver)\n        :param message: optional message for :exc:`TimeoutException`\n        :returns: the result of the last call to `method`\n        :raises: :exc:`selenium.common.exceptions.TimeoutException` if timeout occurs\n        \"\"\"\n        screen = None\n        stacktrace = None\n    \n        end_time = time.monotonic() + self._timeout\n        while True:\n            try:\n                value = method(self._driver)\n                if value:\n                    return value\n            except self._ignored_exceptions as exc:\n                screen = getattr(exc, \"screen\", None)\n                stacktrace = getattr(exc, \"stacktrace\", None)\n            time.sleep(self._poll)\n            if time.monotonic() > end_time:\n                break\n>       raise TimeoutException(message, screen, stacktrace)\nE       selenium.common.exceptions.TimeoutException: Message: Can't find element by locator ('xpath', '//div[@class=\"__51e19\"]')\nE       Stacktrace:\nE       #0 0x55e2d6863aea <unknown>\nE       #1 0x55e2d62afcdb <unknown>\nE       #2 0x55e2d63026c4 <unknown>\nE       #3 0x55e2d6302901 <unknown>\nE       #4 0x55e2d63518b4 <unknown>\nE       #5 0x55e2d634ec87 <unknown>\nE       #6 0x55e2d62f4aca <unknown>\nE       #7 0x55e2d62f57d1 <unknown>\nE       #8 0x55e2d682aab9 <unknown>\nE       #9 0x55e2d682da8c <unknown>\nE       #10 0x55e2d6813d49 <unknown>\nE       #11 0x55e2d682e685 <unknown>\nE       #12 0x55e2d67fb6c3 <unknown>\nE       #13 0x55e2d68507d8 <unknown>\nE       #14 0x55e2d68509b3 <unknown>\nE       #15 0x55e2d6862a83 <unknown>\nE       #16 0x7f80bf69caa4 <unknown>\nE       #17 0x7f80bf729c6c <unknown>\n\n/opt/hostedtoolcache/Python/3.12.12/x64/lib/python3.12/site-packages/selenium/webdriver/support/wait.py:95: TimeoutException","steps":[{"name":"get_statistic_data","time":{"start":1762337289943,"stop":1762337300201,"duration":10258},"status":"broken","statusMessage":"selenium.common.exceptions.TimeoutException: Message: Can't find element by locator ('xpath', '//div[@class=\"__51e19\"]')\nStacktrace:\n#0 0x55e2d6863aea <unknown>\n#1 0x55e2d62afcdb <unknown>\n#2 0x55e2d63026c4 <unknown>\n#3 0x55e2d6302901 <unknown>\n#4 0x55e2d63518b4 <unknown>\n#5 0x55e2d634ec87 <unknown>\n#6 0x55e2d62f4aca <unknown>\n#7 0x55e2d62f57d1 <unknown>\n#8 0x55e2d682aab9 <unknown>\n#9 0x55e2d682da8c <unknown>\n#10 0x55e2d6813d49 <unknown>\n#11 0x55e2d682e685 <unknown>\n#12 0x55e2d67fb6c3 <unknown>\n#13 0x55e2d68507d8 <unknown>\n#14 0x55e2d68509b3 <unknown>\n#15 0x55e2d6862a83 <unknown>\n#16 0x7f80bf69caa4 <unknown>\n#17 0x7f80bf729c6c <unknown>\n\n","statusTrace":"  File \"/opt/hostedtoolcache/Python/3.12.12/x64/lib/python3.12/site-packages/allure_commons/_allure.py\", line 192, in impl\n    return func(*a, **kw)\n           ^^^^^^^^^^^^^^\n  File \"/home/runner/work/auto-tests-python/auto-tests-python/pages/speech_exercises_page_ru.py\", line 174, in get_statistic_data\n    table = self.element_is_present(self.locators.AuthorizedUserHomePageLocators.STATISTIC_TABLE)\n            ^^^^^^^^^^^^^^^^^^^^^^^^^^^^^^^^^^^^^^^^^^^^^^^^^^^^^^^^^^^^^^^^^^^^^^^^^^^^^^^^^^^^^\n  File \"/home/runner/work/auto-tests-python/auto-tests-python/pages/base_page.py\", line 32, in element_is_present\n    return Wait(self.driver, self.timeout).until(\n           ^^^^^^^^^^^^^^^^^^^^^^^^^^^^^^^^^^^^^^\n  File \"/opt/hostedtoolcache/Python/3.12.12/x64/lib/python3.12/site-packages/selenium/webdriver/support/wait.py\", line 95, in until\n    raise TimeoutException(message, screen, stacktrace)\n","steps":[{"name":"Click button \"Статистика\"\".","time":{"start":1762337289943,"stop":1762337290013,"duration":70},"status":"passed","steps":[],"attachments":[],"parameters":[],"stepsCount":0,"shouldDisplayMessage":false,"attachmentsCount":0,"hasContent":false,"attachmentStep":false},{"name":"Check statistic table is present and scroll to table","time":{"start":1762337290013,"stop":1762337300200,"duration":10187},"status":"broken","statusMessage":"selenium.common.exceptions.TimeoutException: Message: Can't find element by locator ('xpath', '//div[@class=\"__51e19\"]')\nStacktrace:\n#0 0x55e2d6863aea <unknown>\n#1 0x55e2d62afcdb <unknown>\n#2 0x55e2d63026c4 <unknown>\n#3 0x55e2d6302901 <unknown>\n#4 0x55e2d63518b4 <unknown>\n#5 0x55e2d634ec87 <unknown>\n#6 0x55e2d62f4aca <unknown>\n#7 0x55e2d62f57d1 <unknown>\n#8 0x55e2d682aab9 <unknown>\n#9 0x55e2d682da8c <unknown>\n#10 0x55e2d6813d49 <unknown>\n#11 0x55e2d682e685 <unknown>\n#12 0x55e2d67fb6c3 <unknown>\n#13 0x55e2d68507d8 <unknown>\n#14 0x55e2d68509b3 <unknown>\n#15 0x55e2d6862a83 <unknown>\n#16 0x7f80bf69caa4 <unknown>\n#17 0x7f80bf729c6c <unknown>\n\n","statusTrace":"  File \"/home/runner/work/auto-tests-python/auto-tests-python/pages/speech_exercises_page_ru.py\", line 174, in get_statistic_data\n    table = self.element_is_present(self.locators.AuthorizedUserHomePageLocators.STATISTIC_TABLE)\n            ^^^^^^^^^^^^^^^^^^^^^^^^^^^^^^^^^^^^^^^^^^^^^^^^^^^^^^^^^^^^^^^^^^^^^^^^^^^^^^^^^^^^^\n  File \"/home/runner/work/auto-tests-python/auto-tests-python/pages/base_page.py\", line 32, in element_is_present\n    return Wait(self.driver, self.timeout).until(\n           ^^^^^^^^^^^^^^^^^^^^^^^^^^^^^^^^^^^^^^\n  File \"/opt/hostedtoolcache/Python/3.12.12/x64/lib/python3.12/site-packages/selenium/webdriver/support/wait.py\", line 95, in until\n    raise TimeoutException(message, screen, stacktrace)\n","steps":[],"attachments":[],"parameters":[],"stepsCount":0,"shouldDisplayMessage":true,"attachmentsCount":0,"hasContent":true,"attachmentStep":false}],"attachments":[],"parameters":[],"stepsCount":2,"shouldDisplayMessage":false,"attachmentsCount":0,"hasContent":true,"attachmentStep":false}],"attachments":[],"parameters":[],"stepsCount":3,"shouldDisplayMessage":true,"attachmentsCount":0,"hasContent":true,"attachmentStep":false},"afterStages":[{"name":"driver::0","time":{"start":1762337300216,"stop":1762337300288,"duration":72},"status":"passed","steps":[],"attachments":[],"parameters":[],"stepsCount":0,"shouldDisplayMessage":false,"attachmentsCount":0,"hasContent":false,"attachmentStep":false}],"labels":[{"name":"suite","value":"Statistic."},{"name":"epic","value":"Speech exercises."},{"name":"tag","value":"@pytest.mark.xfail"},{"name":"parentSuite","value":"tests"},{"name":"subSuite","value":"TestCardsRU"},{"name":"host","value":"runnervmf2e7y"},{"name":"thread","value":"2574-MainThread"},{"name":"framework","value":"pytest"},{"name":"language","value":"cpython3"},{"name":"package","value":"tests.test_speech_exercises_ru"},{"name":"resultFormat","value":"allure2"}],"parameters":[],"links":[],"hidden":false,"retry":false,"extra":{"severity":"normal","retries":[],"categories":[],"tags":["@pytest.mark.xfail"]},"source":"af65db5ce97e1ae7.json","parameterValues":[]}