{"uid":"eca6f2c29c90080a","name":"Select random card from \"Word\" group and compare UI vs BACKEND data","fullName":"tests.test_speech_exercises_en.TestCardsEN#test_random_word_cards_en","historyId":"84999af5e98c6318908a9abbfe6fc3a3","time":{"start":1766133643285,"stop":1766133653640,"duration":10355},"status":"skipped","statusMessage":"XFAIL\n\nselenium.common.exceptions.TimeoutException: Message: Can't find element by locator ('xpath', '//button[@data-test-active-link=\"Words\"]')\nStacktrace:\n#0 0x56380000619a <unknown>\n#1 0x5637ffa83c4b <unknown>\n#2 0x5637ffad5318 <unknown>\n#3 0x5637ffad5551 <unknown>\n#4 0x5637ffb23764 <unknown>\n#5 0x5637ffb20bee <unknown>\n#6 0x5637ffac7c42 <unknown>\n#7 0x5637ffac88f1 <unknown>\n#8 0x5637fffcef39 <unknown>\n#9 0x5637fffd1e7d <unknown>\n#10 0x5637fffb7c81 <unknown>\n#11 0x5637fffd2a5b <unknown>\n#12 0x5637fff9ea50 <unknown>\n#13 0x5637ffff3aa8 <unknown>\n#14 0x5637ffff3c79 <unknown>\n#15 0x5638000054f3 <unknown>\n#16 0x7f3cc3a9caa4 <unknown>\n#17 0x7f3cc3b29c6c <unknown>","statusTrace":"self = <tests.test_speech_exercises_en.TestCardsEN object at 0x7fa354082540>\ndriver = <selenium.webdriver.chrome.webdriver.WebDriver (session=\"ff0f73966d0ee915f814e3d4bda83d8e\")>\nspecialist_user_authorized = None\n\n    @pytest.mark.xfail\n    @allure.suite(\"Speech exercises EN.\")\n    @allure.title('Select random card from \"Word\" group and compare UI vs BACKEND data')\n    def test_random_word_cards_en(self, driver, specialist_user_authorized):\n        page = SpeechExercisesPage(driver)\n>       page.select_group(SpeechExercisesPageLocators.WORDS_BUTTON_EN)\n\ntests/test_speech_exercises_en.py:16: \n_ _ _ _ _ _ _ _ _ _ _ _ _ _ _ _ _ _ _ _ _ _ _ _ _ _ _ _ _ _ _ _ _ _ _ _ _ _ _ _ \npages/speech_exercises_page_en.py:18: in select_group\n    text_of_the_button = self.element_is_present_and_clickable(selector_for_sub_group)\npages/base_page.py:40: in element_is_present_and_clickable\n    return (Wait(self.driver, self.timeout).until(\n_ _ _ _ _ _ _ _ _ _ _ _ _ _ _ _ _ _ _ _ _ _ _ _ _ _ _ _ _ _ _ _ _ _ _ _ _ _ _ _ \n\nself = <selenium.webdriver.support.wait.WebDriverWait (session=\"ff0f73966d0ee915f814e3d4bda83d8e\")>\nmethod = <function visibility_of_element_located.<locals>._predicate at 0x7fa35437a2a0>\nmessage = 'Can\\'t find element by locator (\\'xpath\\', \\'//button[@data-test-active-link=\"Words\"]\\')'\n\n    def until(self, method, message: str = \"\"):\n        \"\"\"Calls the method provided with the driver as an argument until the \\\n        return value does not evaluate to ``False``.\n    \n        :param method: callable(WebDriver)\n        :param message: optional message for :exc:`TimeoutException`\n        :returns: the result of the last call to `method`\n        :raises: :exc:`selenium.common.exceptions.TimeoutException` if timeout occurs\n        \"\"\"\n        screen = None\n        stacktrace = None\n    \n        end_time = time.monotonic() + self._timeout\n        while True:\n            try:\n                value = method(self._driver)\n                if value:\n                    return value\n            except self._ignored_exceptions as exc:\n                screen = getattr(exc, \"screen\", None)\n                stacktrace = getattr(exc, \"stacktrace\", None)\n            time.sleep(self._poll)\n            if time.monotonic() > end_time:\n                break\n>       raise TimeoutException(message, screen, stacktrace)\nE       selenium.common.exceptions.TimeoutException: Message: Can't find element by locator ('xpath', '//button[@data-test-active-link=\"Words\"]')\nE       Stacktrace:\nE       #0 0x56380000619a <unknown>\nE       #1 0x5637ffa83c4b <unknown>\nE       #2 0x5637ffad5318 <unknown>\nE       #3 0x5637ffad5551 <unknown>\nE       #4 0x5637ffb23764 <unknown>\nE       #5 0x5637ffb20bee <unknown>\nE       #6 0x5637ffac7c42 <unknown>\nE       #7 0x5637ffac88f1 <unknown>\nE       #8 0x5637fffcef39 <unknown>\nE       #9 0x5637fffd1e7d <unknown>\nE       #10 0x5637fffb7c81 <unknown>\nE       #11 0x5637fffd2a5b <unknown>\nE       #12 0x5637fff9ea50 <unknown>\nE       #13 0x5637ffff3aa8 <unknown>\nE       #14 0x5637ffff3c79 <unknown>\nE       #15 0x5638000054f3 <unknown>\nE       #16 0x7f3cc3a9caa4 <unknown>\nE       #17 0x7f3cc3b29c6c <unknown>\n\n/opt/hostedtoolcache/Python/3.12.12/x64/lib/python3.12/site-packages/selenium/webdriver/support/wait.py:95: TimeoutException","flaky":false,"newFailed":false,"newBroken":false,"newPassed":false,"retriesCount":0,"retriesStatusChange":false,"beforeStages":[{"name":"clear_allure_results_folder","time":{"start":1766132617051,"stop":1766132617051,"duration":0},"status":"passed","steps":[],"attachments":[],"parameters":[],"stepsCount":0,"shouldDisplayMessage":false,"attachmentsCount":0,"hasContent":false,"attachmentStep":false},{"name":"driver","time":{"start":1766133637603,"stop":1766133638371,"duration":768},"status":"passed","steps":[],"attachments":[],"parameters":[],"stepsCount":0,"shouldDisplayMessage":false,"attachmentsCount":0,"hasContent":false,"attachmentStep":false},{"name":"main_page_open","time":{"start":1766133638371,"stop":1766133640863,"duration":2492},"status":"passed","steps":[{"name":"Open page: https://www.brainup.site/","time":{"start":1766133638372,"stop":1766133640863,"duration":2491},"status":"passed","steps":[],"attachments":[],"parameters":[{"name":"driver","value":"<selenium.webdriver.chrome.webdriver.WebDriver (session=\"ff0f73966d0ee915f814e3d4bda83d8e\")>"}],"stepsCount":0,"shouldDisplayMessage":false,"attachmentsCount":0,"hasContent":true,"attachmentStep":false}],"attachments":[],"parameters":[],"stepsCount":1,"shouldDisplayMessage":false,"attachmentsCount":0,"hasContent":true,"attachmentStep":false},{"name":"specialist_user_authorized","time":{"start":1766133640863,"stop":1766133643284,"duration":2421},"status":"passed","steps":[{"name":"USER specialist authorized","time":{"start":1766133640863,"stop":1766133643284,"duration":2421},"status":"passed","steps":[{"name":"Check url is present: https://www.brainup.site/groups","time":{"start":1766133641243,"stop":1766133643262,"duration":2019},"status":"passed","steps":[],"attachments":[],"parameters":[],"stepsCount":0,"shouldDisplayMessage":false,"attachmentsCount":0,"hasContent":false,"attachmentStep":false},{"name":"Loader checking","time":{"start":1766133643262,"stop":1766133643284,"duration":22},"status":"passed","steps":[],"attachments":[],"parameters":[],"stepsCount":0,"shouldDisplayMessage":false,"attachmentsCount":0,"hasContent":false,"attachmentStep":false}],"attachments":[],"parameters":[{"name":"driver","value":"<selenium.webdriver.chrome.webdriver.WebDriver (session=\"ff0f73966d0ee915f814e3d4bda83d8e\")>"},{"name":"main_page_open","value":"None"}],"stepsCount":2,"shouldDisplayMessage":false,"attachmentsCount":0,"hasContent":true,"attachmentStep":false}],"attachments":[],"parameters":[],"stepsCount":3,"shouldDisplayMessage":false,"attachmentsCount":0,"hasContent":true,"attachmentStep":false}],"testStage":{"status":"skipped","statusMessage":"XFAIL\n\nselenium.common.exceptions.TimeoutException: Message: Can't find element by locator ('xpath', '//button[@data-test-active-link=\"Words\"]')\nStacktrace:\n#0 0x56380000619a <unknown>\n#1 0x5637ffa83c4b <unknown>\n#2 0x5637ffad5318 <unknown>\n#3 0x5637ffad5551 <unknown>\n#4 0x5637ffb23764 <unknown>\n#5 0x5637ffb20bee <unknown>\n#6 0x5637ffac7c42 <unknown>\n#7 0x5637ffac88f1 <unknown>\n#8 0x5637fffcef39 <unknown>\n#9 0x5637fffd1e7d <unknown>\n#10 0x5637fffb7c81 <unknown>\n#11 0x5637fffd2a5b <unknown>\n#12 0x5637fff9ea50 <unknown>\n#13 0x5637ffff3aa8 <unknown>\n#14 0x5637ffff3c79 <unknown>\n#15 0x5638000054f3 <unknown>\n#16 0x7f3cc3a9caa4 <unknown>\n#17 0x7f3cc3b29c6c <unknown>","statusTrace":"self = <tests.test_speech_exercises_en.TestCardsEN object at 0x7fa354082540>\ndriver = <selenium.webdriver.chrome.webdriver.WebDriver (session=\"ff0f73966d0ee915f814e3d4bda83d8e\")>\nspecialist_user_authorized = None\n\n    @pytest.mark.xfail\n    @allure.suite(\"Speech exercises EN.\")\n    @allure.title('Select random card from \"Word\" group and compare UI vs BACKEND data')\n    def test_random_word_cards_en(self, driver, specialist_user_authorized):\n        page = SpeechExercisesPage(driver)\n>       page.select_group(SpeechExercisesPageLocators.WORDS_BUTTON_EN)\n\ntests/test_speech_exercises_en.py:16: \n_ _ _ _ _ _ _ _ _ _ _ _ _ _ _ _ _ _ _ _ _ _ _ _ _ _ _ _ _ _ _ _ _ _ _ _ _ _ _ _ \npages/speech_exercises_page_en.py:18: in select_group\n    text_of_the_button = self.element_is_present_and_clickable(selector_for_sub_group)\npages/base_page.py:40: in element_is_present_and_clickable\n    return (Wait(self.driver, self.timeout).until(\n_ _ _ _ _ _ _ _ _ _ _ _ _ _ _ _ _ _ _ _ _ _ _ _ _ _ _ _ _ _ _ _ _ _ _ _ _ _ _ _ \n\nself = <selenium.webdriver.support.wait.WebDriverWait (session=\"ff0f73966d0ee915f814e3d4bda83d8e\")>\nmethod = <function visibility_of_element_located.<locals>._predicate at 0x7fa35437a2a0>\nmessage = 'Can\\'t find element by locator (\\'xpath\\', \\'//button[@data-test-active-link=\"Words\"]\\')'\n\n    def until(self, method, message: str = \"\"):\n        \"\"\"Calls the method provided with the driver as an argument until the \\\n        return value does not evaluate to ``False``.\n    \n        :param method: callable(WebDriver)\n        :param message: optional message for :exc:`TimeoutException`\n        :returns: the result of the last call to `method`\n        :raises: :exc:`selenium.common.exceptions.TimeoutException` if timeout occurs\n        \"\"\"\n        screen = None\n        stacktrace = None\n    \n        end_time = time.monotonic() + self._timeout\n        while True:\n            try:\n                value = method(self._driver)\n                if value:\n                    return value\n            except self._ignored_exceptions as exc:\n                screen = getattr(exc, \"screen\", None)\n                stacktrace = getattr(exc, \"stacktrace\", None)\n            time.sleep(self._poll)\n            if time.monotonic() > end_time:\n                break\n>       raise TimeoutException(message, screen, stacktrace)\nE       selenium.common.exceptions.TimeoutException: Message: Can't find element by locator ('xpath', '//button[@data-test-active-link=\"Words\"]')\nE       Stacktrace:\nE       #0 0x56380000619a <unknown>\nE       #1 0x5637ffa83c4b <unknown>\nE       #2 0x5637ffad5318 <unknown>\nE       #3 0x5637ffad5551 <unknown>\nE       #4 0x5637ffb23764 <unknown>\nE       #5 0x5637ffb20bee <unknown>\nE       #6 0x5637ffac7c42 <unknown>\nE       #7 0x5637ffac88f1 <unknown>\nE       #8 0x5637fffcef39 <unknown>\nE       #9 0x5637fffd1e7d <unknown>\nE       #10 0x5637fffb7c81 <unknown>\nE       #11 0x5637fffd2a5b <unknown>\nE       #12 0x5637fff9ea50 <unknown>\nE       #13 0x5637ffff3aa8 <unknown>\nE       #14 0x5637ffff3c79 <unknown>\nE       #15 0x5638000054f3 <unknown>\nE       #16 0x7f3cc3a9caa4 <unknown>\nE       #17 0x7f3cc3b29c6c <unknown>\n\n/opt/hostedtoolcache/Python/3.12.12/x64/lib/python3.12/site-packages/selenium/webdriver/support/wait.py:95: TimeoutException","steps":[{"name":"select_group","time":{"start":1766133643285,"stop":1766133653639,"duration":10354},"status":"broken","statusMessage":"selenium.common.exceptions.TimeoutException: Message: Can't find element by locator ('xpath', '//button[@data-test-active-link=\"Words\"]')\nStacktrace:\n#0 0x56380000619a <unknown>\n#1 0x5637ffa83c4b <unknown>\n#2 0x5637ffad5318 <unknown>\n#3 0x5637ffad5551 <unknown>\n#4 0x5637ffb23764 <unknown>\n#5 0x5637ffb20bee <unknown>\n#6 0x5637ffac7c42 <unknown>\n#7 0x5637ffac88f1 <unknown>\n#8 0x5637fffcef39 <unknown>\n#9 0x5637fffd1e7d <unknown>\n#10 0x5637fffb7c81 <unknown>\n#11 0x5637fffd2a5b <unknown>\n#12 0x5637fff9ea50 <unknown>\n#13 0x5637ffff3aa8 <unknown>\n#14 0x5637ffff3c79 <unknown>\n#15 0x5638000054f3 <unknown>\n#16 0x7f3cc3a9caa4 <unknown>\n#17 0x7f3cc3b29c6c <unknown>\n\n","statusTrace":"  File \"/opt/hostedtoolcache/Python/3.12.12/x64/lib/python3.12/site-packages/allure_commons/_allure.py\", line 192, in impl\n    return func(*a, **kw)\n           ^^^^^^^^^^^^^^\n  File \"/home/runner/work/auto-tests-python/auto-tests-python/pages/speech_exercises_page_en.py\", line 18, in select_group\n    text_of_the_button = self.element_is_present_and_clickable(selector_for_sub_group)\n                         ^^^^^^^^^^^^^^^^^^^^^^^^^^^^^^^^^^^^^^^^^^^^^^^^^^^^^^^^^^^^^\n  File \"/home/runner/work/auto-tests-python/auto-tests-python/pages/base_page.py\", line 40, in element_is_present_and_clickable\n    return (Wait(self.driver, self.timeout).until(\n            ^^^^^^^^^^^^^^^^^^^^^^^^^^^^^^^^^^^^^^\n  File \"/opt/hostedtoolcache/Python/3.12.12/x64/lib/python3.12/site-packages/selenium/webdriver/support/wait.py\", line 95, in until\n    raise TimeoutException(message, screen, stacktrace)\n","steps":[{"name":"Select Russian language. Click \"EN\" button.","time":{"start":1766133643285,"stop":1766133643363,"duration":78},"status":"passed","steps":[],"attachments":[],"parameters":[],"stepsCount":0,"shouldDisplayMessage":false,"attachmentsCount":0,"hasContent":false,"attachmentStep":false},{"name":"Click button \"SPEECH EXERCISES\".","time":{"start":1766133643363,"stop":1766133643440,"duration":77},"status":"passed","steps":[],"attachments":[],"parameters":[],"stepsCount":0,"shouldDisplayMessage":false,"attachmentsCount":0,"hasContent":false,"attachmentStep":false}],"attachments":[],"parameters":[{"name":"selector_for_sub_group","value":"('xpath', '//button[@data-test-active-link=\"Words\"]')"}],"stepsCount":2,"shouldDisplayMessage":true,"attachmentsCount":0,"hasContent":true,"attachmentStep":false}],"attachments":[],"parameters":[],"stepsCount":3,"shouldDisplayMessage":true,"attachmentsCount":0,"hasContent":true,"attachmentStep":false},"afterStages":[{"name":"driver::0","time":{"start":1766133653678,"stop":1766133653747,"duration":69},"status":"passed","steps":[],"attachments":[],"parameters":[],"stepsCount":0,"shouldDisplayMessage":false,"attachmentsCount":0,"hasContent":false,"attachmentStep":false}],"labels":[{"name":"suite","value":"Speech exercises EN."},{"name":"epic","value":"Speech exercises."},{"name":"tag","value":"@pytest.mark.xfail"},{"name":"parentSuite","value":"tests"},{"name":"subSuite","value":"TestCardsEN"},{"name":"host","value":"runnervmh13bl"},{"name":"thread","value":"2612-MainThread"},{"name":"framework","value":"pytest"},{"name":"language","value":"cpython3"},{"name":"package","value":"tests.test_speech_exercises_en"},{"name":"resultFormat","value":"allure2"}],"parameters":[],"links":[],"hidden":false,"retry":false,"extra":{"severity":"normal","retries":[],"categories":[],"history":{"statistic":{"failed":0,"broken":0,"skipped":43,"passed":1,"unknown":0,"total":44},"items":[{"uid":"17d975c2fa2b4c70","reportUrl":"https://Brain-up.github.io/auto-tests-python/777/#testresult/17d975c2fa2b4c70","status":"skipped","statusDetails":"XFAIL\n\nselenium.common.exceptions.TimeoutException: Message: Can't find element by locator ('xpath', '//button[@data-test-active-link=\"Words\"]')\nStacktrace:\n#0 0x561bd21ef19a <unknown>\n#1 0x561bd1c6cc4b <unknown>\n#2 0x561bd1cbe318 <unknown>\n#3 0x561bd1cbe551 <unknown>\n#4 0x561bd1d0c764 <unknown>\n#5 0x561bd1d09bee <unknown>\n#6 0x561bd1cb0c42 <unknown>\n#7 0x561bd1cb18f1 <unknown>\n#8 0x561bd21b7f39 <unknown>\n#9 0x561bd21bae7d <unknown>\n#10 0x561bd21a0c81 <unknown>\n#11 0x561bd21bba5b <unknown>\n#12 0x561bd2187a50 <unknown>\n#13 0x561bd21dcaa8 <unknown>\n#14 0x561bd21dcc79 <unknown>\n#15 0x561bd21ee4f3 <unknown>\n#16 0x7fed9189caa4 <unknown>\n#17 0x7fed91929c6c <unknown>","time":{"start":1766052331794,"stop":1766052342192,"duration":10398}},{"uid":"ffccd1e1f1038592","reportUrl":"https://Brain-up.github.io/auto-tests-python/776/#testresult/ffccd1e1f1038592","status":"skipped","statusDetails":"XFAIL\n\nselenium.common.exceptions.TimeoutException: Message: Can't find element by locator ('xpath', '//button[@data-test-active-link=\"Words\"]')\nStacktrace:\n#0 0x55c24738116a <unknown>\n#1 0x55c246dfec4b <unknown>\n#2 0x55c246e50318 <unknown>\n#3 0x55c246e50551 <unknown>\n#4 0x55c246e9e764 <unknown>\n#5 0x55c246e9bbee <unknown>\n#6 0x55c246e42c42 <unknown>\n#7 0x55c246e438f1 <unknown>\n#8 0x55c247349f09 <unknown>\n#9 0x55c24734ce4d <unknown>\n#10 0x55c247332c51 <unknown>\n#11 0x55c24734da2b <unknown>\n#12 0x55c247319a20 <unknown>\n#13 0x55c24736ea78 <unknown>\n#14 0x55c24736ec49 <unknown>\n#15 0x55c2473804c3 <unknown>\n#16 0x7f94b529caa4 <unknown>\n#17 0x7f94b5329c6c <unknown>","time":{"start":1765970208331,"stop":1765970218714,"duration":10383}},{"uid":"5e4ef01f30ab6c04","reportUrl":"https://Brain-up.github.io/auto-tests-python/775/#testresult/5e4ef01f30ab6c04","status":"skipped","statusDetails":"XFAIL\n\nselenium.common.exceptions.TimeoutException: Message: Can't find element by locator ('xpath', '//button[@data-test-active-link=\"Words\"]')\nStacktrace:\n#0 0x55a1f70d316a <unknown>\n#1 0x55a1f6b50c4b <unknown>\n#2 0x55a1f6ba2318 <unknown>\n#3 0x55a1f6ba2551 <unknown>\n#4 0x55a1f6bf0764 <unknown>\n#5 0x55a1f6bedbee <unknown>\n#6 0x55a1f6b94c42 <unknown>\n#7 0x55a1f6b958f1 <unknown>\n#8 0x55a1f709bf09 <unknown>\n#9 0x55a1f709ee4d <unknown>\n#10 0x55a1f7084c51 <unknown>\n#11 0x55a1f709fa2b <unknown>\n#12 0x55a1f706ba20 <unknown>\n#13 0x55a1f70c0a78 <unknown>\n#14 0x55a1f70c0c49 <unknown>\n#15 0x55a1f70d24c3 <unknown>\n#16 0x7f428f29caa4 <unknown>\n#17 0x7f428f329c6c <unknown>","time":{"start":1765883418598,"stop":1765883428954,"duration":10356}},{"uid":"86871894b8cdac0c","reportUrl":"https://Brain-up.github.io/auto-tests-python/774/#testresult/86871894b8cdac0c","status":"skipped","statusDetails":"XFAIL\n\nselenium.common.exceptions.TimeoutException: Message: Can't find element by locator ('xpath', '//button[@data-test-active-link=\"Words\"]')\nStacktrace:\n#0 0x558efd19b16a <unknown>\n#1 0x558efcc18c4b <unknown>\n#2 0x558efcc6a318 <unknown>\n#3 0x558efcc6a551 <unknown>\n#4 0x558efccb8764 <unknown>\n#5 0x558efccb5bee <unknown>\n#6 0x558efcc5cc42 <unknown>\n#7 0x558efcc5d8f1 <unknown>\n#8 0x558efd163f09 <unknown>\n#9 0x558efd166e4d <unknown>\n#10 0x558efd14cc51 <unknown>\n#11 0x558efd167a2b <unknown>\n#12 0x558efd133a20 <unknown>\n#13 0x558efd188a78 <unknown>\n#14 0x558efd188c49 <unknown>\n#15 0x558efd19a4c3 <unknown>\n#16 0x7f5dec69caa4 <unknown>\n#17 0x7f5dec729c6c <unknown>","time":{"start":1765800269571,"stop":1765800279880,"duration":10309}},{"uid":"6fd06120af59572c","reportUrl":"https://Brain-up.github.io/auto-tests-python/773/#testresult/6fd06120af59572c","status":"skipped","statusDetails":"XFAIL\n\nselenium.common.exceptions.TimeoutException: Message: Can't find element by locator ('xpath', '//button[@data-test-active-link=\"Words\"]')\nStacktrace:\n#0 0x55a4b6f0216a <unknown>\n#1 0x55a4b697fc4b <unknown>\n#2 0x55a4b69d1318 <unknown>\n#3 0x55a4b69d1551 <unknown>\n#4 0x55a4b6a1f764 <unknown>\n#5 0x55a4b6a1cbee <unknown>\n#6 0x55a4b69c3c42 <unknown>\n#7 0x55a4b69c48f1 <unknown>\n#8 0x55a4b6ecaf09 <unknown>\n#9 0x55a4b6ecde4d <unknown>\n#10 0x55a4b6eb3c51 <unknown>\n#11 0x55a4b6ecea2b <unknown>\n#12 0x55a4b6e9aa20 <unknown>\n#13 0x55a4b6eefa78 <unknown>\n#14 0x55a4b6eefc49 <unknown>\n#15 0x55a4b6f014c3 <unknown>\n#16 0x7fe232a9caa4 <unknown>\n#17 0x7fe232b29c6c <unknown>","time":{"start":1765737316903,"stop":1765737327249,"duration":10346}},{"uid":"bc02ff47631aeb62","reportUrl":"https://Brain-up.github.io/auto-tests-python/772/#testresult/bc02ff47631aeb62","status":"skipped","statusDetails":"XFAIL\n\nselenium.common.exceptions.TimeoutException: Message: Can't find element by locator ('xpath', '//button[@data-test-active-link=\"Words\"]')\nStacktrace:\n#0 0x558b6d99a16a <unknown>\n#1 0x558b6d417c4b <unknown>\n#2 0x558b6d469318 <unknown>\n#3 0x558b6d469551 <unknown>\n#4 0x558b6d4b7764 <unknown>\n#5 0x558b6d4b4bee <unknown>\n#6 0x558b6d45bc42 <unknown>\n#7 0x558b6d45c8f1 <unknown>\n#8 0x558b6d962f09 <unknown>\n#9 0x558b6d965e4d <unknown>\n#10 0x558b6d94bc51 <unknown>\n#11 0x558b6d966a2b <unknown>\n#12 0x558b6d932a20 <unknown>\n#13 0x558b6d987a78 <unknown>\n#14 0x558b6d987c49 <unknown>\n#15 0x558b6d9994c3 <unknown>\n#16 0x7f474449caa4 <unknown>\n#17 0x7f4744529c6c <unknown>","time":{"start":1765626854447,"stop":1765626864814,"duration":10367}},{"uid":"fc888f646d3b3d51","reportUrl":"https://Brain-up.github.io/auto-tests-python/771/#testresult/fc888f646d3b3d51","status":"skipped","statusDetails":"XFAIL\n\nselenium.common.exceptions.TimeoutException: Message: Can't find element by locator ('xpath', '//button[@data-test-active-link=\"Words\"]')\nStacktrace:\n#0 0x55e21744b16a <unknown>\n#1 0x55e216ec8c4b <unknown>\n#2 0x55e216f1a318 <unknown>\n#3 0x55e216f1a551 <unknown>\n#4 0x55e216f68764 <unknown>\n#5 0x55e216f65bee <unknown>\n#6 0x55e216f0cc42 <unknown>\n#7 0x55e216f0d8f1 <unknown>\n#8 0x55e217413f09 <unknown>\n#9 0x55e217416e4d <unknown>\n#10 0x55e2173fcc51 <unknown>\n#11 0x55e217417a2b <unknown>\n#12 0x55e2173e3a20 <unknown>\n#13 0x55e217438a78 <unknown>\n#14 0x55e217438c49 <unknown>\n#15 0x55e21744a4c3 <unknown>\n#16 0x7f9c7649caa4 <unknown>\n#17 0x7f9c76529c6c <unknown>","time":{"start":1765530015476,"stop":1765530025885,"duration":10409}},{"uid":"17f82d126a3c0fe0","reportUrl":"https://Brain-up.github.io/auto-tests-python/770/#testresult/17f82d126a3c0fe0","status":"skipped","statusDetails":"XFAIL\n\nselenium.common.exceptions.TimeoutException: Message: Can't find element by locator ('xpath', '//button[@data-test-active-link=\"Words\"]')\nStacktrace:\n#0 0x560e717e316a <unknown>\n#1 0x560e71260c4b <unknown>\n#2 0x560e712b2318 <unknown>\n#3 0x560e712b2551 <unknown>\n#4 0x560e71300764 <unknown>\n#5 0x560e712fdbee <unknown>\n#6 0x560e712a4c42 <unknown>\n#7 0x560e712a58f1 <unknown>\n#8 0x560e717abf09 <unknown>\n#9 0x560e717aee4d <unknown>\n#10 0x560e71794c51 <unknown>\n#11 0x560e717afa2b <unknown>\n#12 0x560e7177ba20 <unknown>\n#13 0x560e717d0a78 <unknown>\n#14 0x560e717d0c49 <unknown>\n#15 0x560e717e24c3 <unknown>\n#16 0x7fcb70e9caa4 <unknown>\n#17 0x7fcb70f29c6c <unknown>","time":{"start":1765429137801,"stop":1765429148139,"duration":10338}},{"uid":"f1340a94bdf2d54d","reportUrl":"https://Brain-up.github.io/auto-tests-python/769/#testresult/f1340a94bdf2d54d","status":"skipped","statusDetails":"XFAIL\n\nselenium.common.exceptions.TimeoutException: Message: Can't find element by locator ('xpath', '//button[@data-test-active-link=\"Words\"]')\nStacktrace:\n#0 0x559f1d9224ca <unknown>\n#1 0x559f1d370e4b <unknown>\n#2 0x559f1d3c3814 <unknown>\n#3 0x559f1d3c3a51 <unknown>\n#4 0x559f1d412a44 <unknown>\n#5 0x559f1d40fdf7 <unknown>\n#6 0x559f1d3b5c2a <unknown>\n#7 0x559f1d3b6931 <unknown>\n#8 0x559f1d8e8cf9 <unknown>\n#9 0x559f1d8ebcdc <unknown>\n#10 0x559f1d8d1f79 <unknown>\n#11 0x559f1d8ec8b5 <unknown>\n#12 0x559f1d8b99c3 <unknown>\n#13 0x559f1d90f228 <unknown>\n#14 0x559f1d90f403 <unknown>\n#15 0x559f1d921463 <unknown>\n#16 0x7f5dbcc9caa4 <unknown>\n#17 0x7f5dbcd29c6c <unknown>","time":{"start":1765131810767,"stop":1765131821118,"duration":10351}},{"uid":"56d15d6c486441c9","reportUrl":"https://Brain-up.github.io/auto-tests-python/768/#testresult/56d15d6c486441c9","status":"skipped","statusDetails":"XFAIL\n\nselenium.common.exceptions.TimeoutException: Message: Can't find element by locator ('xpath', '//button[@data-test-active-link=\"Words\"]')\nStacktrace:\n#0 0x55787005b4ca <unknown>\n#1 0x55786faa9e4b <unknown>\n#2 0x55786fafc814 <unknown>\n#3 0x55786fafca51 <unknown>\n#4 0x55786fb4ba44 <unknown>\n#5 0x55786fb48df7 <unknown>\n#6 0x55786faeec2a <unknown>\n#7 0x55786faef931 <unknown>\n#8 0x557870021cf9 <unknown>\n#9 0x557870024cdc <unknown>\n#10 0x55787000af79 <unknown>\n#11 0x5578700258b5 <unknown>\n#12 0x55786fff29c3 <unknown>\n#13 0x557870048228 <unknown>\n#14 0x557870048403 <unknown>\n#15 0x55787005a463 <unknown>\n#16 0x7f455169caa4 <unknown>\n#17 0x7f4551729c6c <unknown>","time":{"start":1765023413836,"stop":1765023424185,"duration":10349}},{"uid":"2f4bfa5643aab40","reportUrl":"https://Brain-up.github.io/auto-tests-python/767/#testresult/2f4bfa5643aab40","status":"skipped","statusDetails":"XFAIL\n\nselenium.common.exceptions.TimeoutException: Message: Can't find element by locator ('xpath', '//button[@data-test-active-link=\"Words\"]')\nStacktrace:\n#0 0x55c52f9e94ca <unknown>\n#1 0x55c52f437e4b <unknown>\n#2 0x55c52f48a814 <unknown>\n#3 0x55c52f48aa51 <unknown>\n#4 0x55c52f4d9a44 <unknown>\n#5 0x55c52f4d6df7 <unknown>\n#6 0x55c52f47cc2a <unknown>\n#7 0x55c52f47d931 <unknown>\n#8 0x55c52f9afcf9 <unknown>\n#9 0x55c52f9b2cdc <unknown>\n#10 0x55c52f998f79 <unknown>\n#11 0x55c52f9b38b5 <unknown>\n#12 0x55c52f9809c3 <unknown>\n#13 0x55c52f9d6228 <unknown>\n#14 0x55c52f9d6403 <unknown>\n#15 0x55c52f9e8463 <unknown>\n#16 0x7f1a21e9caa4 <unknown>\n#17 0x7f1a21f29c6c <unknown>","time":{"start":1764842610067,"stop":1764842620413,"duration":10346}},{"uid":"5ace9f61717980ca","reportUrl":"https://Brain-up.github.io/auto-tests-python/766/#testresult/5ace9f61717980ca","status":"skipped","statusDetails":"XFAIL\n\nselenium.common.exceptions.TimeoutException: Message: Can't find element by locator ('xpath', '//button[@data-test-active-link=\"Words\"]')\nStacktrace:\n#0 0x5598a62954ca <unknown>\n#1 0x5598a5ce3e4b <unknown>\n#2 0x5598a5d36814 <unknown>\n#3 0x5598a5d36a51 <unknown>\n#4 0x5598a5d85a44 <unknown>\n#5 0x5598a5d82df7 <unknown>\n#6 0x5598a5d28c2a <unknown>\n#7 0x5598a5d29931 <unknown>\n#8 0x5598a625bcf9 <unknown>\n#9 0x5598a625ecdc <unknown>\n#10 0x5598a6244f79 <unknown>\n#11 0x5598a625f8b5 <unknown>\n#12 0x5598a622c9c3 <unknown>\n#13 0x5598a6282228 <unknown>\n#14 0x5598a6282403 <unknown>\n#15 0x5598a6294463 <unknown>\n#16 0x7f13aa69caa4 <unknown>\n#17 0x7f13aa729c6c <unknown>","time":{"start":1764760146321,"stop":1764760156672,"duration":10351}},{"uid":"4874a81d9475f9f1","reportUrl":"https://Brain-up.github.io/auto-tests-python/765/#testresult/4874a81d9475f9f1","status":"skipped","statusDetails":"XFAIL\n\nselenium.common.exceptions.TimeoutException: Message: Can't find element by locator ('xpath', '//button[@data-test-active-link=\"Words\"]')\nStacktrace:\n#0 0x5610c921932a <unknown>\n#1 0x5610c8c65e4b <unknown>\n#2 0x5610c8cb882b <unknown>\n#3 0x5610c8cb8a61 <unknown>\n#4 0x5610c8d07a44 <unknown>\n#5 0x5610c8d04df7 <unknown>\n#6 0x5610c8caac1a <unknown>\n#7 0x5610c8cab921 <unknown>\n#8 0x5610c91e0239 <unknown>\n#9 0x5610c91e31e8 <unknown>\n#10 0x5610c91c94c9 <unknown>\n#11 0x5610c91e3db5 <unknown>\n#12 0x5610c91b0e93 <unknown>\n#13 0x5610c9206098 <unknown>\n#14 0x5610c9206273 <unknown>\n#15 0x5610c92182c3 <unknown>\n#16 0x7f65d189caa4 <unknown>\n#17 0x7f65d1929c6c <unknown>","time":{"start":1764674622950,"stop":1764674633297,"duration":10347}},{"uid":"68d3792d46d903b","reportUrl":"https://Brain-up.github.io/auto-tests-python/764/#testresult/68d3792d46d903b","status":"skipped","statusDetails":"XFAIL\n\nselenium.common.exceptions.TimeoutException: Message: Can't find element by locator ('xpath', '//button[@data-test-active-link=\"Words\"]')\nStacktrace:\n#0 0x55614735b32a <unknown>\n#1 0x556146da7e4b <unknown>\n#2 0x556146dfa82b <unknown>\n#3 0x556146dfaa61 <unknown>\n#4 0x556146e49a44 <unknown>\n#5 0x556146e46df7 <unknown>\n#6 0x556146decc1a <unknown>\n#7 0x556146ded921 <unknown>\n#8 0x556147322239 <unknown>\n#9 0x5561473251e8 <unknown>\n#10 0x55614730b4c9 <unknown>\n#11 0x556147325db5 <unknown>\n#12 0x5561472f2e93 <unknown>\n#13 0x556147348098 <unknown>\n#14 0x556147348273 <unknown>\n#15 0x55614735a2c3 <unknown>\n#16 0x7fd101c9caa4 <unknown>\n#17 0x7fd101d29c6c <unknown>","time":{"start":1764588470207,"stop":1764588480526,"duration":10319}},{"uid":"cfefbc73ca0ab99d","reportUrl":"https://Brain-up.github.io/auto-tests-python/763/#testresult/cfefbc73ca0ab99d","status":"skipped","statusDetails":"XFAIL\n\nselenium.common.exceptions.TimeoutException: Message: Can't find element by locator ('xpath', '//button[@data-test-active-link=\"Words\"]')\nStacktrace:\n#0 0x5638be7db32a <unknown>\n#1 0x5638be227e4b <unknown>\n#2 0x5638be27a82b <unknown>\n#3 0x5638be27aa61 <unknown>\n#4 0x5638be2c9a44 <unknown>\n#5 0x5638be2c6df7 <unknown>\n#6 0x5638be26cc1a <unknown>\n#7 0x5638be26d921 <unknown>\n#8 0x5638be7a2239 <unknown>\n#9 0x5638be7a51e8 <unknown>\n#10 0x5638be78b4c9 <unknown>\n#11 0x5638be7a5db5 <unknown>\n#12 0x5638be772e93 <unknown>\n#13 0x5638be7c8098 <unknown>\n#14 0x5638be7c8273 <unknown>\n#15 0x5638be7da2c3 <unknown>\n#16 0x7f265809caa4 <unknown>\n#17 0x7f2658129c6c <unknown>","time":{"start":1764490125724,"stop":1764490136082,"duration":10358}},{"uid":"c81e4b1cd20d5826","reportUrl":"https://Brain-up.github.io/auto-tests-python/762/#testresult/c81e4b1cd20d5826","status":"skipped","statusDetails":"XFAIL\n\nselenium.common.exceptions.TimeoutException: Message: Can't find element by locator ('xpath', '//button[@data-test-active-link=\"Words\"]')\nStacktrace:\n#0 0x56518bc2932a <unknown>\n#1 0x56518b675e4b <unknown>\n#2 0x56518b6c882b <unknown>\n#3 0x56518b6c8a61 <unknown>\n#4 0x56518b717a44 <unknown>\n#5 0x56518b714df7 <unknown>\n#6 0x56518b6bac1a <unknown>\n#7 0x56518b6bb921 <unknown>\n#8 0x56518bbf0239 <unknown>\n#9 0x56518bbf31e8 <unknown>\n#10 0x56518bbd94c9 <unknown>\n#11 0x56518bbf3db5 <unknown>\n#12 0x56518bbc0e93 <unknown>\n#13 0x56518bc16098 <unknown>\n#14 0x56518bc16273 <unknown>\n#15 0x56518bc282c3 <unknown>\n#16 0x7fd38849caa4 <unknown>\n#17 0x7fd388529c6c <unknown>","time":{"start":1764422827774,"stop":1764422838175,"duration":10401}},{"uid":"765157f803f09427","reportUrl":"https://Brain-up.github.io/auto-tests-python/761/#testresult/765157f803f09427","status":"skipped","statusDetails":"XFAIL\n\nselenium.common.exceptions.TimeoutException: Message: Can't find element by locator ('xpath', '//button[@data-test-active-link=\"Words\"]')\nStacktrace:\n#0 0x563163e1c32a <unknown>\n#1 0x563163868e4b <unknown>\n#2 0x5631638bb82b <unknown>\n#3 0x5631638bba61 <unknown>\n#4 0x56316390aa44 <unknown>\n#5 0x563163907df7 <unknown>\n#6 0x5631638adc1a <unknown>\n#7 0x5631638ae921 <unknown>\n#8 0x563163de3239 <unknown>\n#9 0x563163de61e8 <unknown>\n#10 0x563163dcc4c9 <unknown>\n#11 0x563163de6db5 <unknown>\n#12 0x563163db3e93 <unknown>\n#13 0x563163e09098 <unknown>\n#14 0x563163e09273 <unknown>\n#15 0x563163e1b2c3 <unknown>\n#16 0x7f112569caa4 <unknown>\n#17 0x7f1125729c6c <unknown>","time":{"start":1764329293282,"stop":1764329303642,"duration":10360}},{"uid":"3648f4d0c8f8f55","reportUrl":"https://Brain-up.github.io/auto-tests-python/760/#testresult/3648f4d0c8f8f55","status":"skipped","statusDetails":"XFAIL\n\nselenium.common.exceptions.TimeoutException: Message: Can't find element by locator ('xpath', '//button[@data-test-active-link=\"Words\"]')\nStacktrace:\n#0 0x5596b94c932a <unknown>\n#1 0x5596b8f15e4b <unknown>\n#2 0x5596b8f6882b <unknown>\n#3 0x5596b8f68a61 <unknown>\n#4 0x5596b8fb7a44 <unknown>\n#5 0x5596b8fb4df7 <unknown>\n#6 0x5596b8f5ac1a <unknown>\n#7 0x5596b8f5b921 <unknown>\n#8 0x5596b9490239 <unknown>\n#9 0x5596b94931e8 <unknown>\n#10 0x5596b94794c9 <unknown>\n#11 0x5596b9493db5 <unknown>\n#12 0x5596b9460e93 <unknown>\n#13 0x5596b94b6098 <unknown>\n#14 0x5596b94b6273 <unknown>\n#15 0x5596b94c82c3 <unknown>\n#16 0x7f4b5ea9caa4 <unknown>\n#17 0x7f4b5eb29c6c <unknown>","time":{"start":1764258114019,"stop":1764258124357,"duration":10338}},{"uid":"e89485dbb19cc497","reportUrl":"https://Brain-up.github.io/auto-tests-python/759/#testresult/e89485dbb19cc497","status":"skipped","statusDetails":"XFAIL\n\nselenium.common.exceptions.TimeoutException: Message: Can't find element by locator ('xpath', '//button[@data-test-active-link=\"Words\"]')\nStacktrace:\n#0 0x55cbfcb8132a <unknown>\n#1 0x55cbfc5cde4b <unknown>\n#2 0x55cbfc62082b <unknown>\n#3 0x55cbfc620a61 <unknown>\n#4 0x55cbfc66fa44 <unknown>\n#5 0x55cbfc66cdf7 <unknown>\n#6 0x55cbfc612c1a <unknown>\n#7 0x55cbfc613921 <unknown>\n#8 0x55cbfcb48239 <unknown>\n#9 0x55cbfcb4b1e8 <unknown>\n#10 0x55cbfcb314c9 <unknown>\n#11 0x55cbfcb4bdb5 <unknown>\n#12 0x55cbfcb18e93 <unknown>\n#13 0x55cbfcb6e098 <unknown>\n#14 0x55cbfcb6e273 <unknown>\n#15 0x55cbfcb802c3 <unknown>\n#16 0x7f42f0a9caa4 <unknown>\n#17 0x7f42f0b29c6c <unknown>","time":{"start":1764069707927,"stop":1764069718351,"duration":10424}},{"uid":"c30593f00fdeb5fd","reportUrl":"https://Brain-up.github.io/auto-tests-python/758/#testresult/c30593f00fdeb5fd","status":"skipped","statusDetails":"XFAIL\n\nselenium.common.exceptions.TimeoutException: Message: Can't find element by locator ('xpath', '//button[@data-test-active-link=\"Words\"]')\nStacktrace:\n#0 0x563db2b2832a <unknown>\n#1 0x563db2574e4b <unknown>\n#2 0x563db25c782b <unknown>\n#3 0x563db25c7a61 <unknown>\n#4 0x563db2616a44 <unknown>\n#5 0x563db2613df7 <unknown>\n#6 0x563db25b9c1a <unknown>\n#7 0x563db25ba921 <unknown>\n#8 0x563db2aef239 <unknown>\n#9 0x563db2af21e8 <unknown>\n#10 0x563db2ad84c9 <unknown>\n#11 0x563db2af2db5 <unknown>\n#12 0x563db2abfe93 <unknown>\n#13 0x563db2b15098 <unknown>\n#14 0x563db2b15273 <unknown>\n#15 0x563db2b272c3 <unknown>\n#16 0x7f38fd89caa4 <unknown>\n#17 0x7f38fd929c6c <unknown>","time":{"start":1764011557297,"stop":1764011567651,"duration":10354}}]},"tags":["@pytest.mark.xfail"]},"source":"eca6f2c29c90080a.json","parameterValues":[]}