{"uid":"16555b5e8323d1ac","name":"Verify presence, visibility of lists on the page","fullName":"tests.exercises_ru_similar_phrases_page_test.TestExRuSimPhrPageStructure#test_ersp_01_03_verify_page_structural_elements","historyId":"6a1af4293f100e07769db3b636cc787e","time":{"start":1768905608656,"stop":1768905608656,"duration":0},"status":"broken","statusMessage":"selenium.common.exceptions.TimeoutException: Message: Can't find element by locator https://www.brainup.site/groups","statusTrace":"self = <pages.base_page.BasePage object at 0x7f5921a48590>\nurl = 'https://www.brainup.site/groups'\n\n    def check_expected_link(self, url):\n        with allure.step(f'Check url is present: {url}'):\n            try:\n>               return Wait(self.driver, self.timeout).until(\n                    EC.url_to_be(url), message=f\"Can't find element by locator {url}\")\n\npages/base_page.py:80: \n_ _ _ _ _ _ _ _ _ _ _ _ _ _ _ _ _ _ _ _ _ _ _ _ _ _ _ _ _ _ _ _ _ _ _ _ _ _ _ _ \n\nself = <selenium.webdriver.support.wait.WebDriverWait (session=\"dd12e665ef817cd06cbae44eb6f2b3dd\")>\nmethod = <function url_to_be.<locals>._predicate at 0x7f5921e58900>\nmessage = \"Can't find element by locator https://www.brainup.site/groups\"\n\n    def until(self, method, message: str = \"\"):\n        \"\"\"Calls the method provided with the driver as an argument until the \\\n        return value does not evaluate to ``False``.\n    \n        :param method: callable(WebDriver)\n        :param message: optional message for :exc:`TimeoutException`\n        :returns: the result of the last call to `method`\n        :raises: :exc:`selenium.common.exceptions.TimeoutException` if timeout occurs\n        \"\"\"\n        screen = None\n        stacktrace = None\n    \n        end_time = time.monotonic() + self._timeout\n        while True:\n            try:\n                value = method(self._driver)\n                if value:\n                    return value\n            except self._ignored_exceptions as exc:\n                screen = getattr(exc, \"screen\", None)\n                stacktrace = getattr(exc, \"stacktrace\", None)\n            time.sleep(self._poll)\n            if time.monotonic() > end_time:\n                break\n>       raise TimeoutException(message, screen, stacktrace)\nE       selenium.common.exceptions.TimeoutException: Message: Can't find element by locator https://www.brainup.site/groups\n\n/opt/hostedtoolcache/Python/3.12.12/x64/lib/python3.12/site-packages/selenium/webdriver/support/wait.py:95: TimeoutException\n\nDuring handling of the above exception, another exception occurred:\n\ndriver = <selenium.webdriver.chrome.webdriver.WebDriver (session=\"dd12e665ef817cd06cbae44eb6f2b3dd\")>\nmain_page_open = None\n\n    @pytest.fixture()\n    @allure.step('Auto test user authorized')\n    def auto_test_user_authorized(driver, main_page_open):\n        page = BasePage(driver)\n        page.element_is_present_and_clickable(MainPageLocators.LOGIN_BUTTON).click()\n        page.element_is_visible(LoginPageLocators.INPUT_LOGIN).send_keys(os.environ[\"LOGIN\"])\n        page.element_is_visible(LoginPageLocators.INPUT_PASSWORD).send_keys(os.environ[\"PASSWORD\"])\n        page.element_is_present_and_clickable(LoginPageLocators.SIGN_IN_BUTTON).click()\n>       page.check_expected_link(MainPageLinks.URL_GROUPS_PAGE)\n\ntests/conftest.py:178: \n_ _ _ _ _ _ _ _ _ _ _ _ _ _ _ _ _ _ _ _ _ _ _ _ _ _ _ _ _ _ _ _ _ _ _ _ _ _ _ _ \npages/base_page.py:84: in check_expected_link\n    return Wait(self.driver, self.timeout).until(\n_ _ _ _ _ _ _ _ _ _ _ _ _ _ _ _ _ _ _ _ _ _ _ _ _ _ _ _ _ _ _ _ _ _ _ _ _ _ _ _ \n\nself = <selenium.webdriver.support.wait.WebDriverWait (session=\"dd12e665ef817cd06cbae44eb6f2b3dd\")>\nmethod = <function url_to_be.<locals>._predicate at 0x7f5921915d00>\nmessage = \"Can't find element by locator https://www.brainup.site/groups\"\n\n    def until(self, method, message: str = \"\"):\n        \"\"\"Calls the method provided with the driver as an argument until the \\\n        return value does not evaluate to ``False``.\n    \n        :param method: callable(WebDriver)\n        :param message: optional message for :exc:`TimeoutException`\n        :returns: the result of the last call to `method`\n        :raises: :exc:`selenium.common.exceptions.TimeoutException` if timeout occurs\n        \"\"\"\n        screen = None\n        stacktrace = None\n    \n        end_time = time.monotonic() + self._timeout\n        while True:\n            try:\n                value = method(self._driver)\n                if value:\n                    return value\n            except self._ignored_exceptions as exc:\n                screen = getattr(exc, \"screen\", None)\n                stacktrace = getattr(exc, \"stacktrace\", None)\n            time.sleep(self._poll)\n            if time.monotonic() > end_time:\n                break\n>       raise TimeoutException(message, screen, stacktrace)\nE       selenium.common.exceptions.TimeoutException: Message: Can't find element by locator https://www.brainup.site/groups\n\n/opt/hostedtoolcache/Python/3.12.12/x64/lib/python3.12/site-packages/selenium/webdriver/support/wait.py:95: TimeoutException","flaky":false,"newFailed":false,"newBroken":true,"newPassed":false,"retriesCount":0,"retriesStatusChange":false,"beforeStages":[{"name":"clear_allure_results_folder","time":{"start":1768905406937,"stop":1768905406937,"duration":0},"status":"passed","steps":[],"attachments":[],"parameters":[],"stepsCount":0,"shouldDisplayMessage":false,"attachmentsCount":0,"hasContent":false,"attachmentStep":false},{"name":"driver","time":{"start":1768905608656,"stop":1768905609376,"duration":720},"status":"passed","steps":[],"attachments":[],"parameters":[],"stepsCount":0,"shouldDisplayMessage":false,"attachmentsCount":0,"hasContent":false,"attachmentStep":false},{"name":"main_page_open","time":{"start":1768905609376,"stop":1768905613173,"duration":3797},"status":"passed","steps":[{"name":"Open page: https://www.brainup.site/","time":{"start":1768905609377,"stop":1768905613173,"duration":3796},"status":"passed","steps":[],"attachments":[],"parameters":[{"name":"driver","value":"<selenium.webdriver.chrome.webdriver.WebDriver (session=\"dd12e665ef817cd06cbae44eb6f2b3dd\")>"}],"stepsCount":0,"shouldDisplayMessage":false,"attachmentsCount":0,"hasContent":true,"attachmentStep":false}],"attachments":[],"parameters":[],"stepsCount":1,"shouldDisplayMessage":false,"attachmentsCount":0,"hasContent":true,"attachmentStep":false},{"name":"auto_test_user_authorized","time":{"start":1768905613173,"stop":1768905633667,"duration":20494},"status":"broken","statusMessage":"selenium.common.exceptions.TimeoutException: Message: Can't find element by locator https://www.brainup.site/groups\n\n","statusTrace":"  File \"/opt/hostedtoolcache/Python/3.12.12/x64/lib/python3.12/site-packages/pluggy/_callers.py\", line 38, in run_old_style_hookwrapper\n    res = yield\n          ^^^^^\n  File \"/opt/hostedtoolcache/Python/3.12.12/x64/lib/python3.12/site-packages/pluggy/_callers.py\", line 139, in _multicall\n    teardown.throw(exception)\n  File \"/opt/hostedtoolcache/Python/3.12.12/x64/lib/python3.12/site-packages/pluggy/_callers.py\", line 53, in run_old_style_hookwrapper\n    return result.get_result()\n           ^^^^^^^^^^^^^^^^^^^\n  File \"/opt/hostedtoolcache/Python/3.12.12/x64/lib/python3.12/site-packages/pluggy/_result.py\", line 103, in get_result\n    raise exc.with_traceback(tb)\n  File \"/opt/hostedtoolcache/Python/3.12.12/x64/lib/python3.12/site-packages/pluggy/_callers.py\", line 38, in run_old_style_hookwrapper\n    res = yield\n          ^^^^^\n  File \"/opt/hostedtoolcache/Python/3.12.12/x64/lib/python3.12/site-packages/pluggy/_callers.py\", line 121, in _multicall\n    res = hook_impl.function(*args)\n          ^^^^^^^^^^^^^^^^^^^^^^^^^\n  File \"/opt/hostedtoolcache/Python/3.12.12/x64/lib/python3.12/site-packages/_pytest/fixtures.py\", line 1123, in pytest_fixture_setup\n    result = call_fixture_func(fixturefunc, request, kwargs)\n             ^^^^^^^^^^^^^^^^^^^^^^^^^^^^^^^^^^^^^^^^^^^^^^^\n  File \"/opt/hostedtoolcache/Python/3.12.12/x64/lib/python3.12/site-packages/_pytest/fixtures.py\", line 902, in call_fixture_func\n    fixture_result = fixturefunc(**kwargs)\n                     ^^^^^^^^^^^^^^^^^^^^^\n  File \"/opt/hostedtoolcache/Python/3.12.12/x64/lib/python3.12/site-packages/allure_commons/_allure.py\", line 192, in impl\n    return func(*a, **kw)\n           ^^^^^^^^^^^^^^\n  File \"/home/runner/work/auto-tests-python/auto-tests-python/tests/conftest.py\", line 178, in auto_test_user_authorized\n    page.check_expected_link(MainPageLinks.URL_GROUPS_PAGE)\n  File \"/home/runner/work/auto-tests-python/auto-tests-python/pages/base_page.py\", line 84, in check_expected_link\n    return Wait(self.driver, self.timeout).until(\n           ^^^^^^^^^^^^^^^^^^^^^^^^^^^^^^^^^^^^^^\n  File \"/opt/hostedtoolcache/Python/3.12.12/x64/lib/python3.12/site-packages/selenium/webdriver/support/wait.py\", line 95, in until\n    raise TimeoutException(message, screen, stacktrace)\n","steps":[{"name":"Auto test user authorized","time":{"start":1768905613173,"stop":1768905633667,"duration":20494},"status":"broken","statusMessage":"selenium.common.exceptions.TimeoutException: Message: Can't find element by locator https://www.brainup.site/groups\n\n","statusTrace":"  File \"/opt/hostedtoolcache/Python/3.12.12/x64/lib/python3.12/site-packages/allure_commons/_allure.py\", line 192, in impl\n    return func(*a, **kw)\n           ^^^^^^^^^^^^^^\n  File \"/home/runner/work/auto-tests-python/auto-tests-python/tests/conftest.py\", line 178, in auto_test_user_authorized\n    page.check_expected_link(MainPageLinks.URL_GROUPS_PAGE)\n  File \"/home/runner/work/auto-tests-python/auto-tests-python/pages/base_page.py\", line 84, in check_expected_link\n    return Wait(self.driver, self.timeout).until(\n           ^^^^^^^^^^^^^^^^^^^^^^^^^^^^^^^^^^^^^^\n  File \"/opt/hostedtoolcache/Python/3.12.12/x64/lib/python3.12/site-packages/selenium/webdriver/support/wait.py\", line 95, in until\n    raise TimeoutException(message, screen, stacktrace)\n","steps":[{"name":"Check url is present: https://www.brainup.site/groups","time":{"start":1768905613533,"stop":1768905633667,"duration":20134},"status":"broken","statusMessage":"selenium.common.exceptions.TimeoutException: Message: Can't find element by locator https://www.brainup.site/groups\n\n","statusTrace":"  File \"/home/runner/work/auto-tests-python/auto-tests-python/pages/base_page.py\", line 84, in check_expected_link\n    return Wait(self.driver, self.timeout).until(\n           ^^^^^^^^^^^^^^^^^^^^^^^^^^^^^^^^^^^^^^\n  File \"/opt/hostedtoolcache/Python/3.12.12/x64/lib/python3.12/site-packages/selenium/webdriver/support/wait.py\", line 95, in until\n    raise TimeoutException(message, screen, stacktrace)\n","steps":[],"attachments":[],"parameters":[],"stepsCount":0,"shouldDisplayMessage":true,"attachmentsCount":0,"hasContent":true,"attachmentStep":false}],"attachments":[],"parameters":[{"name":"driver","value":"<selenium.webdriver.chrome.webdriver.WebDriver (session=\"dd12e665ef817cd06cbae44eb6f2b3dd\")>"},{"name":"main_page_open","value":"None"}],"stepsCount":1,"shouldDisplayMessage":false,"attachmentsCount":0,"hasContent":true,"attachmentStep":false}],"attachments":[],"parameters":[],"stepsCount":2,"shouldDisplayMessage":false,"attachmentsCount":0,"hasContent":true,"attachmentStep":false}],"afterStages":[{"name":"driver::0","time":{"start":1768905633683,"stop":1768905633742,"duration":59},"status":"passed","steps":[],"attachments":[],"parameters":[],"stepsCount":0,"shouldDisplayMessage":false,"attachmentsCount":0,"hasContent":false,"attachmentStep":false}],"labels":[{"name":"epic","value":"The Exercises 'Similar phrases' Page on the 'ru' local"},{"name":"parentSuite","value":"tests"},{"name":"suite","value":"exercises_ru_similar_phrases_page_test"},{"name":"subSuite","value":"TestExercisesRuSimilarPhrasesPage"},{"name":"host","value":"runnervmmtnos"},{"name":"thread","value":"2625-MainThread"},{"name":"framework","value":"pytest"},{"name":"language","value":"cpython3"},{"name":"package","value":"tests.exercises_ru_similar_phrases_page_test"},{"name":"resultFormat","value":"allure2"}],"parameters":[],"links":[],"hidden":false,"retry":false,"extra":{"severity":"normal","retries":[],"categories":[{"name":"Test defects","matchedStatuses":[],"flaky":false}],"history":{"statistic":{"failed":0,"broken":1,"skipped":0,"passed":14,"unknown":0,"total":15},"items":[{"uid":"d73695a4a580ca8a","reportUrl":"https://Brain-up.github.io/auto-tests-python/807/#testresult/d73695a4a580ca8a","status":"passed","time":{"start":1768820113138,"stop":1768820113308,"duration":170}},{"uid":"ee93a9df3ffb2eb1","reportUrl":"https://Brain-up.github.io/auto-tests-python/806/#testresult/ee93a9df3ffb2eb1","status":"passed","time":{"start":1768736334578,"stop":1768736334750,"duration":172}},{"uid":"608115299848f38b","reportUrl":"https://Brain-up.github.io/auto-tests-python/805/#testresult/608115299848f38b","status":"passed","time":{"start":1768646807793,"stop":1768646807960,"duration":167}},{"uid":"a49ed6a168b6dda7","reportUrl":"https://Brain-up.github.io/auto-tests-python/804/#testresult/a49ed6a168b6dda7","status":"passed","time":{"start":1768557836227,"stop":1768557836407,"duration":180}},{"uid":"fa23b9df0336b81e","reportUrl":"https://Brain-up.github.io/auto-tests-python/803/#testresult/fa23b9df0336b81e","status":"passed","time":{"start":1768470933675,"stop":1768470933846,"duration":171}},{"uid":"30670ebddabbf975","reportUrl":"https://Brain-up.github.io/auto-tests-python/802/#testresult/30670ebddabbf975","status":"passed","time":{"start":1768396239848,"stop":1768396240043,"duration":195}},{"uid":"14b00cd3bc14bcf0","reportUrl":"https://Brain-up.github.io/auto-tests-python/801/#testresult/14b00cd3bc14bcf0","status":"passed","time":{"start":1768297745410,"stop":1768297745577,"duration":167}},{"uid":"9e011fe8597e69a9","reportUrl":"https://Brain-up.github.io/auto-tests-python/800/#testresult/9e011fe8597e69a9","status":"passed","time":{"start":1768194616259,"stop":1768194616427,"duration":168}},{"uid":"f8d324735f30dead","reportUrl":"https://Brain-up.github.io/auto-tests-python/799/#testresult/f8d324735f30dead","status":"passed","time":{"start":1768044873977,"stop":1768044874133,"duration":156}},{"uid":"c6f2be283e4c565e","reportUrl":"https://Brain-up.github.io/auto-tests-python/798/#testresult/c6f2be283e4c565e","status":"passed","time":{"start":1767951462686,"stop":1767951462859,"duration":173}},{"uid":"4777bd9a08b4c46b","reportUrl":"https://Brain-up.github.io/auto-tests-python/797/#testresult/4777bd9a08b4c46b","status":"passed","time":{"start":1767867115122,"stop":1767867115291,"duration":169}},{"uid":"dd1cb1a18949ef3f","reportUrl":"https://Brain-up.github.io/auto-tests-python/796/#testresult/dd1cb1a18949ef3f","status":"passed","time":{"start":1767791684541,"stop":1767791684708,"duration":167}},{"uid":"bff475798a3a30bf","reportUrl":"https://Brain-up.github.io/auto-tests-python/795/#testresult/bff475798a3a30bf","status":"passed","time":{"start":1767706481255,"stop":1767706481428,"duration":173}},{"uid":"cfae8a1a0c1f016b","reportUrl":"https://Brain-up.github.io/auto-tests-python/794/#testresult/cfae8a1a0c1f016b","status":"passed","time":{"start":1767701436586,"stop":1767701436762,"duration":176}}]},"tags":[]},"source":"16555b5e8323d1ac.json","parameterValues":[]}