{"uid":"680cc9a54a0a8fcd","name":"Solutions to a random task in the \"Слова Королёвой\" .","fullName":"tests.test_speech_exercises_ru.TestCardsRU#test_solve_koroleva_cards_ru","historyId":"c9fe4fbd9394e2fb5a6898be66ba433b","time":{"start":1768906848165,"stop":1768906858417,"duration":10252},"status":"skipped","statusMessage":"XFAIL\n\nselenium.common.exceptions.TimeoutException: Message: Can't find element by locator ('xpath', '//a[text()=\"Упражнения\"]')\nStacktrace:\n#0 0x5607f853c40a <unknown>\n#1 0x5607f7f7076b <unknown>\n#2 0x5607f7fc1e88 <unknown>\n#3 0x5607f7fc20c1 <unknown>\n#4 0x5607f80102c4 <unknown>\n#5 0x5607f800d760 <unknown>\n#6 0x5607f7fb47b2 <unknown>\n#7 0x5607f7fb5461 <unknown>\n#8 0x5607f8504df9 <unknown>\n#9 0x5607f8507d5d <unknown>\n#10 0x5607f84edb41 <unknown>\n#11 0x5607f850893b <unknown>\n#12 0x5607f84d4870 <unknown>\n#13 0x5607f8529828 <unknown>\n#14 0x5607f85299fc <unknown>\n#15 0x5607f853b763 <unknown>\n#16 0x7f8b2869caa4 <unknown>\n#17 0x7f8b28729c6c <unknown>","statusTrace":"self = <tests.test_speech_exercises_ru.TestCardsRU object at 0x7f5921a70620>\ndriver = <selenium.webdriver.chrome.webdriver.WebDriver (session=\"4190760f0fe7d3f10f31778578a7c827\")>\ndefault_user_authorized = None\n\n    @pytest.mark.xfail\n    @allure.suite(\"Речевые упражнения.\")\n    @allure.title('Solutions to a random task in the \"Слова Королёвой\" .')\n    def test_solve_koroleva_cards_ru(self, driver, default_user_authorized):\n        page = SpeechExercisesPageRU(driver)\n>       page.click_button_exercises()\n\ntests/test_speech_exercises_ru.py:144: \n_ _ _ _ _ _ _ _ _ _ _ _ _ _ _ _ _ _ _ _ _ _ _ _ _ _ _ _ _ _ _ _ _ _ _ _ _ _ _ _ \npages/speech_exercises_page_ru.py:199: in click_button_exercises\n    button = self.element_is_present_and_clickable(self.locators.AuthorizedUserHomePageLocators.BUTTON_EXERCISES_RU)\npages/base_page.py:40: in element_is_present_and_clickable\n    return (Wait(self.driver, self.timeout).until(\n_ _ _ _ _ _ _ _ _ _ _ _ _ _ _ _ _ _ _ _ _ _ _ _ _ _ _ _ _ _ _ _ _ _ _ _ _ _ _ _ \n\nself = <selenium.webdriver.support.wait.WebDriverWait (session=\"4190760f0fe7d3f10f31778578a7c827\")>\nmethod = <function visibility_of_element_located.<locals>._predicate at 0x7f59219aad40>\nmessage = 'Can\\'t find element by locator (\\'xpath\\', \\'//a[text()=\"Упражнения\"]\\')'\n\n    def until(self, method, message: str = \"\"):\n        \"\"\"Calls the method provided with the driver as an argument until the \\\n        return value does not evaluate to ``False``.\n    \n        :param method: callable(WebDriver)\n        :param message: optional message for :exc:`TimeoutException`\n        :returns: the result of the last call to `method`\n        :raises: :exc:`selenium.common.exceptions.TimeoutException` if timeout occurs\n        \"\"\"\n        screen = None\n        stacktrace = None\n    \n        end_time = time.monotonic() + self._timeout\n        while True:\n            try:\n                value = method(self._driver)\n                if value:\n                    return value\n            except self._ignored_exceptions as exc:\n                screen = getattr(exc, \"screen\", None)\n                stacktrace = getattr(exc, \"stacktrace\", None)\n            time.sleep(self._poll)\n            if time.monotonic() > end_time:\n                break\n>       raise TimeoutException(message, screen, stacktrace)\nE       selenium.common.exceptions.TimeoutException: Message: Can't find element by locator ('xpath', '//a[text()=\"Упражнения\"]')\nE       Stacktrace:\nE       #0 0x5607f853c40a <unknown>\nE       #1 0x5607f7f7076b <unknown>\nE       #2 0x5607f7fc1e88 <unknown>\nE       #3 0x5607f7fc20c1 <unknown>\nE       #4 0x5607f80102c4 <unknown>\nE       #5 0x5607f800d760 <unknown>\nE       #6 0x5607f7fb47b2 <unknown>\nE       #7 0x5607f7fb5461 <unknown>\nE       #8 0x5607f8504df9 <unknown>\nE       #9 0x5607f8507d5d <unknown>\nE       #10 0x5607f84edb41 <unknown>\nE       #11 0x5607f850893b <unknown>\nE       #12 0x5607f84d4870 <unknown>\nE       #13 0x5607f8529828 <unknown>\nE       #14 0x5607f85299fc <unknown>\nE       #15 0x5607f853b763 <unknown>\nE       #16 0x7f8b2869caa4 <unknown>\nE       #17 0x7f8b28729c6c <unknown>\n\n/opt/hostedtoolcache/Python/3.12.12/x64/lib/python3.12/site-packages/selenium/webdriver/support/wait.py:95: TimeoutException","flaky":false,"newFailed":false,"newBroken":false,"newPassed":false,"retriesCount":0,"retriesStatusChange":false,"beforeStages":[{"name":"clear_allure_results_folder","time":{"start":1768905406937,"stop":1768905406937,"duration":0},"status":"passed","steps":[],"attachments":[],"parameters":[],"stepsCount":0,"shouldDisplayMessage":false,"attachmentsCount":0,"hasContent":false,"attachmentStep":false},{"name":"driver","time":{"start":1768906841656,"stop":1768906842376,"duration":720},"status":"passed","steps":[],"attachments":[],"parameters":[],"stepsCount":0,"shouldDisplayMessage":false,"attachmentsCount":0,"hasContent":false,"attachmentStep":false},{"name":"main_page_open","time":{"start":1768906842376,"stop":1768906845780,"duration":3404},"status":"passed","steps":[{"name":"Open page: https://www.brainup.site/","time":{"start":1768906842376,"stop":1768906845780,"duration":3404},"status":"passed","steps":[],"attachments":[],"parameters":[{"name":"driver","value":"<selenium.webdriver.chrome.webdriver.WebDriver (session=\"4190760f0fe7d3f10f31778578a7c827\")>"}],"stepsCount":0,"shouldDisplayMessage":false,"attachmentsCount":0,"hasContent":true,"attachmentStep":false}],"attachments":[],"parameters":[],"stepsCount":1,"shouldDisplayMessage":false,"attachmentsCount":0,"hasContent":true,"attachmentStep":false},{"name":"default_user_authorized","time":{"start":1768906845780,"stop":1768906848165,"duration":2385},"status":"passed","steps":[{"name":"DEFAULT user authorized","time":{"start":1768906845780,"stop":1768906848165,"duration":2385},"status":"passed","steps":[{"name":"Check url is present: https://www.brainup.site/groups","time":{"start":1768906846126,"stop":1768906848143,"duration":2017},"status":"passed","steps":[],"attachments":[],"parameters":[],"stepsCount":0,"shouldDisplayMessage":false,"attachmentsCount":0,"hasContent":false,"attachmentStep":false},{"name":"Loader checking","time":{"start":1768906848144,"stop":1768906848165,"duration":21},"status":"passed","steps":[],"attachments":[],"parameters":[],"stepsCount":0,"shouldDisplayMessage":false,"attachmentsCount":0,"hasContent":false,"attachmentStep":false}],"attachments":[],"parameters":[{"name":"driver","value":"<selenium.webdriver.chrome.webdriver.WebDriver (session=\"4190760f0fe7d3f10f31778578a7c827\")>"},{"name":"main_page_open","value":"None"}],"stepsCount":2,"shouldDisplayMessage":false,"attachmentsCount":0,"hasContent":true,"attachmentStep":false}],"attachments":[],"parameters":[],"stepsCount":3,"shouldDisplayMessage":false,"attachmentsCount":0,"hasContent":true,"attachmentStep":false}],"testStage":{"status":"skipped","statusMessage":"XFAIL\n\nselenium.common.exceptions.TimeoutException: Message: Can't find element by locator ('xpath', '//a[text()=\"Упражнения\"]')\nStacktrace:\n#0 0x5607f853c40a <unknown>\n#1 0x5607f7f7076b <unknown>\n#2 0x5607f7fc1e88 <unknown>\n#3 0x5607f7fc20c1 <unknown>\n#4 0x5607f80102c4 <unknown>\n#5 0x5607f800d760 <unknown>\n#6 0x5607f7fb47b2 <unknown>\n#7 0x5607f7fb5461 <unknown>\n#8 0x5607f8504df9 <unknown>\n#9 0x5607f8507d5d <unknown>\n#10 0x5607f84edb41 <unknown>\n#11 0x5607f850893b <unknown>\n#12 0x5607f84d4870 <unknown>\n#13 0x5607f8529828 <unknown>\n#14 0x5607f85299fc <unknown>\n#15 0x5607f853b763 <unknown>\n#16 0x7f8b2869caa4 <unknown>\n#17 0x7f8b28729c6c <unknown>","statusTrace":"self = <tests.test_speech_exercises_ru.TestCardsRU object at 0x7f5921a70620>\ndriver = <selenium.webdriver.chrome.webdriver.WebDriver (session=\"4190760f0fe7d3f10f31778578a7c827\")>\ndefault_user_authorized = None\n\n    @pytest.mark.xfail\n    @allure.suite(\"Речевые упражнения.\")\n    @allure.title('Solutions to a random task in the \"Слова Королёвой\" .')\n    def test_solve_koroleva_cards_ru(self, driver, default_user_authorized):\n        page = SpeechExercisesPageRU(driver)\n>       page.click_button_exercises()\n\ntests/test_speech_exercises_ru.py:144: \n_ _ _ _ _ _ _ _ _ _ _ _ _ _ _ _ _ _ _ _ _ _ _ _ _ _ _ _ _ _ _ _ _ _ _ _ _ _ _ _ \npages/speech_exercises_page_ru.py:199: in click_button_exercises\n    button = self.element_is_present_and_clickable(self.locators.AuthorizedUserHomePageLocators.BUTTON_EXERCISES_RU)\npages/base_page.py:40: in element_is_present_and_clickable\n    return (Wait(self.driver, self.timeout).until(\n_ _ _ _ _ _ _ _ _ _ _ _ _ _ _ _ _ _ _ _ _ _ _ _ _ _ _ _ _ _ _ _ _ _ _ _ _ _ _ _ \n\nself = <selenium.webdriver.support.wait.WebDriverWait (session=\"4190760f0fe7d3f10f31778578a7c827\")>\nmethod = <function visibility_of_element_located.<locals>._predicate at 0x7f59219aad40>\nmessage = 'Can\\'t find element by locator (\\'xpath\\', \\'//a[text()=\"Упражнения\"]\\')'\n\n    def until(self, method, message: str = \"\"):\n        \"\"\"Calls the method provided with the driver as an argument until the \\\n        return value does not evaluate to ``False``.\n    \n        :param method: callable(WebDriver)\n        :param message: optional message for :exc:`TimeoutException`\n        :returns: the result of the last call to `method`\n        :raises: :exc:`selenium.common.exceptions.TimeoutException` if timeout occurs\n        \"\"\"\n        screen = None\n        stacktrace = None\n    \n        end_time = time.monotonic() + self._timeout\n        while True:\n            try:\n                value = method(self._driver)\n                if value:\n                    return value\n            except self._ignored_exceptions as exc:\n                screen = getattr(exc, \"screen\", None)\n                stacktrace = getattr(exc, \"stacktrace\", None)\n            time.sleep(self._poll)\n            if time.monotonic() > end_time:\n                break\n>       raise TimeoutException(message, screen, stacktrace)\nE       selenium.common.exceptions.TimeoutException: Message: Can't find element by locator ('xpath', '//a[text()=\"Упражнения\"]')\nE       Stacktrace:\nE       #0 0x5607f853c40a <unknown>\nE       #1 0x5607f7f7076b <unknown>\nE       #2 0x5607f7fc1e88 <unknown>\nE       #3 0x5607f7fc20c1 <unknown>\nE       #4 0x5607f80102c4 <unknown>\nE       #5 0x5607f800d760 <unknown>\nE       #6 0x5607f7fb47b2 <unknown>\nE       #7 0x5607f7fb5461 <unknown>\nE       #8 0x5607f8504df9 <unknown>\nE       #9 0x5607f8507d5d <unknown>\nE       #10 0x5607f84edb41 <unknown>\nE       #11 0x5607f850893b <unknown>\nE       #12 0x5607f84d4870 <unknown>\nE       #13 0x5607f8529828 <unknown>\nE       #14 0x5607f85299fc <unknown>\nE       #15 0x5607f853b763 <unknown>\nE       #16 0x7f8b2869caa4 <unknown>\nE       #17 0x7f8b28729c6c <unknown>\n\n/opt/hostedtoolcache/Python/3.12.12/x64/lib/python3.12/site-packages/selenium/webdriver/support/wait.py:95: TimeoutException","steps":[{"name":"Click button \"Упражнения\".","time":{"start":1768906848165,"stop":1768906858416,"duration":10251},"status":"broken","statusMessage":"selenium.common.exceptions.TimeoutException: Message: Can't find element by locator ('xpath', '//a[text()=\"Упражнения\"]')\nStacktrace:\n#0 0x5607f853c40a <unknown>\n#1 0x5607f7f7076b <unknown>\n#2 0x5607f7fc1e88 <unknown>\n#3 0x5607f7fc20c1 <unknown>\n#4 0x5607f80102c4 <unknown>\n#5 0x5607f800d760 <unknown>\n#6 0x5607f7fb47b2 <unknown>\n#7 0x5607f7fb5461 <unknown>\n#8 0x5607f8504df9 <unknown>\n#9 0x5607f8507d5d <unknown>\n#10 0x5607f84edb41 <unknown>\n#11 0x5607f850893b <unknown>\n#12 0x5607f84d4870 <unknown>\n#13 0x5607f8529828 <unknown>\n#14 0x5607f85299fc <unknown>\n#15 0x5607f853b763 <unknown>\n#16 0x7f8b2869caa4 <unknown>\n#17 0x7f8b28729c6c <unknown>\n\n","statusTrace":"  File \"/opt/hostedtoolcache/Python/3.12.12/x64/lib/python3.12/site-packages/allure_commons/_allure.py\", line 192, in impl\n    return func(*a, **kw)\n           ^^^^^^^^^^^^^^\n  File \"/home/runner/work/auto-tests-python/auto-tests-python/pages/speech_exercises_page_ru.py\", line 199, in click_button_exercises\n    button = self.element_is_present_and_clickable(self.locators.AuthorizedUserHomePageLocators.BUTTON_EXERCISES_RU)\n             ^^^^^^^^^^^^^^^^^^^^^^^^^^^^^^^^^^^^^^^^^^^^^^^^^^^^^^^^^^^^^^^^^^^^^^^^^^^^^^^^^^^^^^^^^^^^^^^^^^^^^^^\n  File \"/home/runner/work/auto-tests-python/auto-tests-python/pages/base_page.py\", line 40, in element_is_present_and_clickable\n    return (Wait(self.driver, self.timeout).until(\n            ^^^^^^^^^^^^^^^^^^^^^^^^^^^^^^^^^^^^^^\n  File \"/opt/hostedtoolcache/Python/3.12.12/x64/lib/python3.12/site-packages/selenium/webdriver/support/wait.py\", line 95, in until\n    raise TimeoutException(message, screen, stacktrace)\n","steps":[{"name":"Click button \"RU\".","time":{"start":1768906848165,"stop":1768906848231,"duration":66},"status":"passed","steps":[],"attachments":[],"parameters":[],"stepsCount":0,"shouldDisplayMessage":false,"attachmentsCount":0,"hasContent":false,"attachmentStep":false}],"attachments":[],"parameters":[],"stepsCount":1,"shouldDisplayMessage":true,"attachmentsCount":0,"hasContent":true,"attachmentStep":false}],"attachments":[],"parameters":[],"stepsCount":2,"shouldDisplayMessage":true,"attachmentsCount":0,"hasContent":true,"attachmentStep":false},"afterStages":[{"name":"driver::0","time":{"start":1768906858429,"stop":1768906858490,"duration":61},"status":"passed","steps":[],"attachments":[],"parameters":[],"stepsCount":0,"shouldDisplayMessage":false,"attachmentsCount":0,"hasContent":false,"attachmentStep":false}],"labels":[{"name":"suite","value":"Речевые упражнения."},{"name":"epic","value":"Speech exercises."},{"name":"tag","value":"@pytest.mark.xfail"},{"name":"parentSuite","value":"tests"},{"name":"subSuite","value":"TestCardsRU"},{"name":"host","value":"runnervmmtnos"},{"name":"thread","value":"2625-MainThread"},{"name":"framework","value":"pytest"},{"name":"language","value":"cpython3"},{"name":"package","value":"tests.test_speech_exercises_ru"},{"name":"resultFormat","value":"allure2"}],"parameters":[],"links":[],"hidden":false,"retry":false,"extra":{"severity":"normal","retries":[],"categories":[],"history":{"statistic":{"failed":0,"broken":0,"skipped":13,"passed":2,"unknown":0,"total":15},"items":[{"uid":"d8a23de9f6fe007","reportUrl":"https://Brain-up.github.io/auto-tests-python/807/#testresult/d8a23de9f6fe007","status":"passed","statusDetails":"XPASS","time":{"start":1768821164045,"stop":1768821186176,"duration":22131}},{"uid":"74df54c68b0d0439","reportUrl":"https://Brain-up.github.io/auto-tests-python/806/#testresult/74df54c68b0d0439","status":"skipped","statusDetails":"XFAIL\n\nselenium.common.exceptions.TimeoutException: Message: Can't find element by locator ('xpath', '//a[text()=\"Упражнения\"]')\nStacktrace:\n#0 0x5608283d240a <unknown>\n#1 0x560827e0676b <unknown>\n#2 0x560827e57e88 <unknown>\n#3 0x560827e580c1 <unknown>\n#4 0x560827ea62c4 <unknown>\n#5 0x560827ea3760 <unknown>\n#6 0x560827e4a7b2 <unknown>\n#7 0x560827e4b461 <unknown>\n#8 0x56082839adf9 <unknown>\n#9 0x56082839dd5d <unknown>\n#10 0x560828383b41 <unknown>\n#11 0x56082839e93b <unknown>\n#12 0x56082836a870 <unknown>\n#13 0x5608283bf828 <unknown>\n#14 0x5608283bf9fc <unknown>\n#15 0x5608283d1763 <unknown>\n#16 0x7f2d6c09caa4 <unknown>\n#17 0x7f2d6c129c6c <unknown>","time":{"start":1768737427461,"stop":1768737437804,"duration":10343}},{"uid":"b83187663b027189","reportUrl":"https://Brain-up.github.io/auto-tests-python/805/#testresult/b83187663b027189","status":"skipped","statusDetails":"XFAIL\n\nselenium.common.exceptions.TimeoutException: Message: Can't find element by locator ('xpath', '//a[text()=\"Упражнения\"]')\nStacktrace:\n#0 0x562cb7c1440a <unknown>\n#1 0x562cb764876b <unknown>\n#2 0x562cb7699e88 <unknown>\n#3 0x562cb769a0c1 <unknown>\n#4 0x562cb76e82c4 <unknown>\n#5 0x562cb76e5760 <unknown>\n#6 0x562cb768c7b2 <unknown>\n#7 0x562cb768d461 <unknown>\n#8 0x562cb7bdcdf9 <unknown>\n#9 0x562cb7bdfd5d <unknown>\n#10 0x562cb7bc5b41 <unknown>\n#11 0x562cb7be093b <unknown>\n#12 0x562cb7bac870 <unknown>\n#13 0x562cb7c01828 <unknown>\n#14 0x562cb7c019fc <unknown>\n#15 0x562cb7c13763 <unknown>\n#16 0x7ffa6a49caa4 <unknown>\n#17 0x7ffa6a529c6c <unknown>","time":{"start":1768647836669,"stop":1768647846997,"duration":10328}},{"uid":"8ba23c04be1e9fb2","reportUrl":"https://Brain-up.github.io/auto-tests-python/804/#testresult/8ba23c04be1e9fb2","status":"skipped","statusDetails":"XFAIL\n\nselenium.common.exceptions.TimeoutException: Message: Can't find element by locator ('xpath', '//a[text()=\"Упражнения\"]')\nStacktrace:\n#0 0x562d548de40a <unknown>\n#1 0x562d5431276b <unknown>\n#2 0x562d54363e88 <unknown>\n#3 0x562d543640c1 <unknown>\n#4 0x562d543b22c4 <unknown>\n#5 0x562d543af760 <unknown>\n#6 0x562d543567b2 <unknown>\n#7 0x562d54357461 <unknown>\n#8 0x562d548a6df9 <unknown>\n#9 0x562d548a9d5d <unknown>\n#10 0x562d5488fb41 <unknown>\n#11 0x562d548aa93b <unknown>\n#12 0x562d54876870 <unknown>\n#13 0x562d548cb828 <unknown>\n#14 0x562d548cb9fc <unknown>\n#15 0x562d548dd763 <unknown>\n#16 0x7f7085c9caa4 <unknown>\n#17 0x7f7085d29c6c <unknown>","time":{"start":1768558862037,"stop":1768558872390,"duration":10353}},{"uid":"187d423d2f936699","reportUrl":"https://Brain-up.github.io/auto-tests-python/803/#testresult/187d423d2f936699","status":"skipped","statusDetails":"XFAIL\n\nselenium.common.exceptions.TimeoutException: Message: Can't find element by locator ('xpath', '//a[text()=\"Упражнения\"]')\nStacktrace:\n#0 0x55615577361a <unknown>\n#1 0x5561551f020b <unknown>\n#2 0x55615524190f <unknown>\n#3 0x556155241b51 <unknown>\n#4 0x55615528fd84 <unknown>\n#5 0x55615528d20e <unknown>\n#6 0x556155234232 <unknown>\n#7 0x556155234ee1 <unknown>\n#8 0x55615573c3f9 <unknown>\n#9 0x55615573f34d <unknown>\n#10 0x556155725122 <unknown>\n#11 0x55615573ff2b <unknown>\n#12 0x55615570bc30 <unknown>\n#13 0x556155760d78 <unknown>\n#14 0x556155760f4c <unknown>\n#15 0x556155772973 <unknown>\n#16 0x7f743589caa4 <unknown>\n#17 0x7f7435929c6c <unknown>","time":{"start":1768471963066,"stop":1768471973376,"duration":10310}},{"uid":"a150e860e1cbd4d4","reportUrl":"https://Brain-up.github.io/auto-tests-python/802/#testresult/a150e860e1cbd4d4","status":"skipped","statusDetails":"XFAIL\n\nselenium.common.exceptions.TimeoutException: Message: Can't find element by locator ('xpath', '//a[text()=\"Упражнения\"]')\nStacktrace:\n#0 0x55d8321be61a <unknown>\n#1 0x55d831c3b20b <unknown>\n#2 0x55d831c8c90f <unknown>\n#3 0x55d831c8cb51 <unknown>\n#4 0x55d831cdad84 <unknown>\n#5 0x55d831cd820e <unknown>\n#6 0x55d831c7f232 <unknown>\n#7 0x55d831c7fee1 <unknown>\n#8 0x55d8321873f9 <unknown>\n#9 0x55d83218a34d <unknown>\n#10 0x55d832170122 <unknown>\n#11 0x55d83218af2b <unknown>\n#12 0x55d832156c30 <unknown>\n#13 0x55d8321abd78 <unknown>\n#14 0x55d8321abf4c <unknown>\n#15 0x55d8321bd973 <unknown>\n#16 0x7f242949caa4 <unknown>\n#17 0x7f2429529c6c <unknown>","time":{"start":1768397325801,"stop":1768397336133,"duration":10332}},{"uid":"4393a8af65075b29","reportUrl":"https://Brain-up.github.io/auto-tests-python/801/#testresult/4393a8af65075b29","status":"skipped","statusDetails":"XFAIL\n\nselenium.common.exceptions.TimeoutException: Message: Can't find element by locator ('xpath', '//a[text()=\"Упражнения\"]')\nStacktrace:\n#0 0x564381ae861a <unknown>\n#1 0x56438156520b <unknown>\n#2 0x5643815b690f <unknown>\n#3 0x5643815b6b51 <unknown>\n#4 0x564381604d84 <unknown>\n#5 0x56438160220e <unknown>\n#6 0x5643815a9232 <unknown>\n#7 0x5643815a9ee1 <unknown>\n#8 0x564381ab13f9 <unknown>\n#9 0x564381ab434d <unknown>\n#10 0x564381a9a122 <unknown>\n#11 0x564381ab4f2b <unknown>\n#12 0x564381a80c30 <unknown>\n#13 0x564381ad5d78 <unknown>\n#14 0x564381ad5f4c <unknown>\n#15 0x564381ae7973 <unknown>\n#16 0x7f0c8fc9caa4 <unknown>\n#17 0x7f0c8fd29c6c <unknown>","time":{"start":1768298898459,"stop":1768298908765,"duration":10306}},{"uid":"c5e2b15b43f59426","reportUrl":"https://Brain-up.github.io/auto-tests-python/800/#testresult/c5e2b15b43f59426","status":"skipped","statusDetails":"XFAIL\n\nselenium.common.exceptions.TimeoutException: Message: Can't find element by locator ('xpath', '//a[text()=\"Упражнения\"]')\nStacktrace:\n#0 0x558fceddc61a <unknown>\n#1 0x558fce85920b <unknown>\n#2 0x558fce8aa90f <unknown>\n#3 0x558fce8aab51 <unknown>\n#4 0x558fce8f8d84 <unknown>\n#5 0x558fce8f620e <unknown>\n#6 0x558fce89d232 <unknown>\n#7 0x558fce89dee1 <unknown>\n#8 0x558fceda53f9 <unknown>\n#9 0x558fceda834d <unknown>\n#10 0x558fced8e122 <unknown>\n#11 0x558fceda8f2b <unknown>\n#12 0x558fced74c30 <unknown>\n#13 0x558fcedc9d78 <unknown>\n#14 0x558fcedc9f4c <unknown>\n#15 0x558fceddb973 <unknown>\n#16 0x7fce6ee9caa4 <unknown>\n#17 0x7fce6ef29c6c <unknown>","time":{"start":1768195704201,"stop":1768195714518,"duration":10317}},{"uid":"2cbb74fb034f1c66","reportUrl":"https://Brain-up.github.io/auto-tests-python/799/#testresult/2cbb74fb034f1c66","status":"skipped","statusDetails":"XFAIL\n\nselenium.common.exceptions.TimeoutException: Message: Can't find element by locator ('xpath', '//a[text()=\"Упражнения\"]')\nStacktrace:\n#0 0x56008e63861a <unknown>\n#1 0x56008e0b520b <unknown>\n#2 0x56008e10690f <unknown>\n#3 0x56008e106b51 <unknown>\n#4 0x56008e154d84 <unknown>\n#5 0x56008e15220e <unknown>\n#6 0x56008e0f9232 <unknown>\n#7 0x56008e0f9ee1 <unknown>\n#8 0x56008e6013f9 <unknown>\n#9 0x56008e60434d <unknown>\n#10 0x56008e5ea122 <unknown>\n#11 0x56008e604f2b <unknown>\n#12 0x56008e5d0c30 <unknown>\n#13 0x56008e625d78 <unknown>\n#14 0x56008e625f4c <unknown>\n#15 0x56008e637973 <unknown>\n#16 0x7fe803a9caa4 <unknown>\n#17 0x7fe803b29c6c <unknown>","time":{"start":1768045963369,"stop":1768045973705,"duration":10336}},{"uid":"d056ed478b5b7c20","reportUrl":"https://Brain-up.github.io/auto-tests-python/798/#testresult/d056ed478b5b7c20","status":"skipped","statusDetails":"XFAIL\n\nselenium.common.exceptions.TimeoutException: Message: Can't find element by locator ('xpath', '//a[text()=\"Упражнения\"]')\nStacktrace:\n#0 0x563e61b7361a <unknown>\n#1 0x563e615f020b <unknown>\n#2 0x563e6164190f <unknown>\n#3 0x563e61641b51 <unknown>\n#4 0x563e6168fd84 <unknown>\n#5 0x563e6168d20e <unknown>\n#6 0x563e61634232 <unknown>\n#7 0x563e61634ee1 <unknown>\n#8 0x563e61b3c3f9 <unknown>\n#9 0x563e61b3f34d <unknown>\n#10 0x563e61b25122 <unknown>\n#11 0x563e61b3ff2b <unknown>\n#12 0x563e61b0bc30 <unknown>\n#13 0x563e61b60d78 <unknown>\n#14 0x563e61b60f4c <unknown>\n#15 0x563e61b72973 <unknown>\n#16 0x7f4f7a49caa4 <unknown>\n#17 0x7f4f7a529c6c <unknown>","time":{"start":1767952656995,"stop":1767952667405,"duration":10410}},{"uid":"d3eae5aa5a2f49c0","reportUrl":"https://Brain-up.github.io/auto-tests-python/797/#testresult/d3eae5aa5a2f49c0","status":"skipped","statusDetails":"XFAIL\n\nselenium.common.exceptions.TimeoutException: Message: Can't find element by locator ('xpath', '//a[text()=\"Упражнения\"]')\nStacktrace:\n#0 0x5579a9c6d19a <unknown>\n#1 0x5579a96eac4b <unknown>\n#2 0x5579a973c318 <unknown>\n#3 0x5579a973c551 <unknown>\n#4 0x5579a978a764 <unknown>\n#5 0x5579a9787bee <unknown>\n#6 0x5579a972ec42 <unknown>\n#7 0x5579a972f8f1 <unknown>\n#8 0x5579a9c35f39 <unknown>\n#9 0x5579a9c38e7d <unknown>\n#10 0x5579a9c1ec81 <unknown>\n#11 0x5579a9c39a5b <unknown>\n#12 0x5579a9c05a50 <unknown>\n#13 0x5579a9c5aaa8 <unknown>\n#14 0x5579a9c5ac79 <unknown>\n#15 0x5579a9c6c4f3 <unknown>\n#16 0x7fc5efe9caa4 <unknown>\n#17 0x7fc5eff29c6c <unknown>","time":{"start":1767868138815,"stop":1767868149131,"duration":10316}},{"uid":"dc8589a894a992e5","reportUrl":"https://Brain-up.github.io/auto-tests-python/796/#testresult/dc8589a894a992e5","status":"passed","statusDetails":"XPASS","time":{"start":1767792845416,"stop":1767792881111,"duration":35695}},{"uid":"4fe596fa0c231e6","reportUrl":"https://Brain-up.github.io/auto-tests-python/795/#testresult/4fe596fa0c231e6","status":"skipped","statusDetails":"XFAIL\n\nselenium.common.exceptions.TimeoutException: Message: Can't find element by locator ('xpath', '//a[text()=\"Упражнения\"]')\nStacktrace:\n#0 0x55d35173519a <unknown>\n#1 0x55d3511b2c4b <unknown>\n#2 0x55d351204318 <unknown>\n#3 0x55d351204551 <unknown>\n#4 0x55d351252764 <unknown>\n#5 0x55d35124fbee <unknown>\n#6 0x55d3511f6c42 <unknown>\n#7 0x55d3511f78f1 <unknown>\n#8 0x55d3516fdf39 <unknown>\n#9 0x55d351700e7d <unknown>\n#10 0x55d3516e6c81 <unknown>\n#11 0x55d351701a5b <unknown>\n#12 0x55d3516cda50 <unknown>\n#13 0x55d351722aa8 <unknown>\n#14 0x55d351722c79 <unknown>\n#15 0x55d3517344f3 <unknown>\n#16 0x7f03fbe9caa4 <unknown>\n#17 0x7f03fbf29c6c <unknown>","time":{"start":1767707507219,"stop":1767707517561,"duration":10342}},{"uid":"987336057da8db40","reportUrl":"https://Brain-up.github.io/auto-tests-python/794/#testresult/987336057da8db40","status":"skipped","statusDetails":"XFAIL\n\nselenium.common.exceptions.TimeoutException: Message: Can't find element by locator ('xpath', '//a[text()=\"Упражнения\"]')\nStacktrace:\n#0 0x55e5e394319a <unknown>\n#1 0x55e5e33c0c4b <unknown>\n#2 0x55e5e3412318 <unknown>\n#3 0x55e5e3412551 <unknown>\n#4 0x55e5e3460764 <unknown>\n#5 0x55e5e345dbee <unknown>\n#6 0x55e5e3404c42 <unknown>\n#7 0x55e5e34058f1 <unknown>\n#8 0x55e5e390bf39 <unknown>\n#9 0x55e5e390ee7d <unknown>\n#10 0x55e5e38f4c81 <unknown>\n#11 0x55e5e390fa5b <unknown>\n#12 0x55e5e38dba50 <unknown>\n#13 0x55e5e3930aa8 <unknown>\n#14 0x55e5e3930c79 <unknown>\n#15 0x55e5e39424f3 <unknown>\n#16 0x7fedecc9caa4 <unknown>\n#17 0x7fedecd29c6c <unknown>","time":{"start":1767702650811,"stop":1767702661122,"duration":10311}}]},"tags":["@pytest.mark.xfail"]},"source":"680cc9a54a0a8fcd.json","parameterValues":[]}