{"uid":"ddd0ce4c0cc3b8cf","name":"Solutions to a random task in the \"Слова\" .","fullName":"tests.test_speech_exercises_ru.TestCardsRU#test_solve_word_cards_ru","historyId":"97a1dfc93de55b98f3507f18d0af26f8","time":{"start":1768906831331,"stop":1768906841581,"duration":10250},"status":"skipped","statusMessage":"XFAIL\n\nselenium.common.exceptions.TimeoutException: Message: Can't find element by locator ('xpath', '//a[text()=\"Упражнения\"]')\nStacktrace:\n#0 0x55f56334940a <unknown>\n#1 0x55f562d7d76b <unknown>\n#2 0x55f562dcee88 <unknown>\n#3 0x55f562dcf0c1 <unknown>\n#4 0x55f562e1d2c4 <unknown>\n#5 0x55f562e1a760 <unknown>\n#6 0x55f562dc17b2 <unknown>\n#7 0x55f562dc2461 <unknown>\n#8 0x55f563311df9 <unknown>\n#9 0x55f563314d5d <unknown>\n#10 0x55f5632fab41 <unknown>\n#11 0x55f56331593b <unknown>\n#12 0x55f5632e1870 <unknown>\n#13 0x55f563336828 <unknown>\n#14 0x55f5633369fc <unknown>\n#15 0x55f563348763 <unknown>\n#16 0x7f216fc9caa4 <unknown>\n#17 0x7f216fd29c6c <unknown>","statusTrace":"self = <tests.test_speech_exercises_ru.TestCardsRU object at 0x7f5921a70290>\ndriver = <selenium.webdriver.chrome.webdriver.WebDriver (session=\"1af12d95ad373831a0b9089fcda07fe5\")>\ndefault_user_authorized = None\n\n    @pytest.mark.xfail\n    @allure.suite(\"Речевые упражнения.\")\n    @allure.title('Solutions to a random task in the \"Слова\" .')\n    def test_solve_word_cards_ru(self, driver, default_user_authorized):\n        page = SpeechExercisesPageRU(driver)\n>       page.click_button_exercises()\n\ntests/test_speech_exercises_ru.py:124: \n_ _ _ _ _ _ _ _ _ _ _ _ _ _ _ _ _ _ _ _ _ _ _ _ _ _ _ _ _ _ _ _ _ _ _ _ _ _ _ _ \npages/speech_exercises_page_ru.py:199: in click_button_exercises\n    button = self.element_is_present_and_clickable(self.locators.AuthorizedUserHomePageLocators.BUTTON_EXERCISES_RU)\npages/base_page.py:40: in element_is_present_and_clickable\n    return (Wait(self.driver, self.timeout).until(\n_ _ _ _ _ _ _ _ _ _ _ _ _ _ _ _ _ _ _ _ _ _ _ _ _ _ _ _ _ _ _ _ _ _ _ _ _ _ _ _ \n\nself = <selenium.webdriver.support.wait.WebDriverWait (session=\"1af12d95ad373831a0b9089fcda07fe5\")>\nmethod = <function visibility_of_element_located.<locals>._predicate at 0x7f5921994d60>\nmessage = 'Can\\'t find element by locator (\\'xpath\\', \\'//a[text()=\"Упражнения\"]\\')'\n\n    def until(self, method, message: str = \"\"):\n        \"\"\"Calls the method provided with the driver as an argument until the \\\n        return value does not evaluate to ``False``.\n    \n        :param method: callable(WebDriver)\n        :param message: optional message for :exc:`TimeoutException`\n        :returns: the result of the last call to `method`\n        :raises: :exc:`selenium.common.exceptions.TimeoutException` if timeout occurs\n        \"\"\"\n        screen = None\n        stacktrace = None\n    \n        end_time = time.monotonic() + self._timeout\n        while True:\n            try:\n                value = method(self._driver)\n                if value:\n                    return value\n            except self._ignored_exceptions as exc:\n                screen = getattr(exc, \"screen\", None)\n                stacktrace = getattr(exc, \"stacktrace\", None)\n            time.sleep(self._poll)\n            if time.monotonic() > end_time:\n                break\n>       raise TimeoutException(message, screen, stacktrace)\nE       selenium.common.exceptions.TimeoutException: Message: Can't find element by locator ('xpath', '//a[text()=\"Упражнения\"]')\nE       Stacktrace:\nE       #0 0x55f56334940a <unknown>\nE       #1 0x55f562d7d76b <unknown>\nE       #2 0x55f562dcee88 <unknown>\nE       #3 0x55f562dcf0c1 <unknown>\nE       #4 0x55f562e1d2c4 <unknown>\nE       #5 0x55f562e1a760 <unknown>\nE       #6 0x55f562dc17b2 <unknown>\nE       #7 0x55f562dc2461 <unknown>\nE       #8 0x55f563311df9 <unknown>\nE       #9 0x55f563314d5d <unknown>\nE       #10 0x55f5632fab41 <unknown>\nE       #11 0x55f56331593b <unknown>\nE       #12 0x55f5632e1870 <unknown>\nE       #13 0x55f563336828 <unknown>\nE       #14 0x55f5633369fc <unknown>\nE       #15 0x55f563348763 <unknown>\nE       #16 0x7f216fc9caa4 <unknown>\nE       #17 0x7f216fd29c6c <unknown>\n\n/opt/hostedtoolcache/Python/3.12.12/x64/lib/python3.12/site-packages/selenium/webdriver/support/wait.py:95: TimeoutException","flaky":false,"newFailed":false,"newBroken":false,"newPassed":false,"retriesCount":0,"retriesStatusChange":false,"beforeStages":[{"name":"clear_allure_results_folder","time":{"start":1768905406937,"stop":1768905406937,"duration":0},"status":"passed","steps":[],"attachments":[],"parameters":[],"stepsCount":0,"shouldDisplayMessage":false,"attachmentsCount":0,"hasContent":false,"attachmentStep":false},{"name":"driver","time":{"start":1768906823912,"stop":1768906824644,"duration":732},"status":"passed","steps":[],"attachments":[],"parameters":[],"stepsCount":0,"shouldDisplayMessage":false,"attachmentsCount":0,"hasContent":false,"attachmentStep":false},{"name":"main_page_open","time":{"start":1768906824645,"stop":1768906828446,"duration":3801},"status":"passed","steps":[{"name":"Open page: https://www.brainup.site/","time":{"start":1768906824645,"stop":1768906828446,"duration":3801},"status":"passed","steps":[],"attachments":[],"parameters":[{"name":"driver","value":"<selenium.webdriver.chrome.webdriver.WebDriver (session=\"1af12d95ad373831a0b9089fcda07fe5\")>"}],"stepsCount":0,"shouldDisplayMessage":false,"attachmentsCount":0,"hasContent":true,"attachmentStep":false}],"attachments":[],"parameters":[],"stepsCount":1,"shouldDisplayMessage":false,"attachmentsCount":0,"hasContent":true,"attachmentStep":false},{"name":"default_user_authorized","time":{"start":1768906828446,"stop":1768906831331,"duration":2885},"status":"passed","steps":[{"name":"DEFAULT user authorized","time":{"start":1768906828446,"stop":1768906831331,"duration":2885},"status":"passed","steps":[{"name":"Check url is present: https://www.brainup.site/groups","time":{"start":1768906828788,"stop":1768906831309,"duration":2521},"status":"passed","steps":[],"attachments":[],"parameters":[],"stepsCount":0,"shouldDisplayMessage":false,"attachmentsCount":0,"hasContent":false,"attachmentStep":false},{"name":"Loader checking","time":{"start":1768906831309,"stop":1768906831331,"duration":22},"status":"passed","steps":[],"attachments":[],"parameters":[],"stepsCount":0,"shouldDisplayMessage":false,"attachmentsCount":0,"hasContent":false,"attachmentStep":false}],"attachments":[],"parameters":[{"name":"driver","value":"<selenium.webdriver.chrome.webdriver.WebDriver (session=\"1af12d95ad373831a0b9089fcda07fe5\")>"},{"name":"main_page_open","value":"None"}],"stepsCount":2,"shouldDisplayMessage":false,"attachmentsCount":0,"hasContent":true,"attachmentStep":false}],"attachments":[],"parameters":[],"stepsCount":3,"shouldDisplayMessage":false,"attachmentsCount":0,"hasContent":true,"attachmentStep":false}],"testStage":{"status":"skipped","statusMessage":"XFAIL\n\nselenium.common.exceptions.TimeoutException: Message: Can't find element by locator ('xpath', '//a[text()=\"Упражнения\"]')\nStacktrace:\n#0 0x55f56334940a <unknown>\n#1 0x55f562d7d76b <unknown>\n#2 0x55f562dcee88 <unknown>\n#3 0x55f562dcf0c1 <unknown>\n#4 0x55f562e1d2c4 <unknown>\n#5 0x55f562e1a760 <unknown>\n#6 0x55f562dc17b2 <unknown>\n#7 0x55f562dc2461 <unknown>\n#8 0x55f563311df9 <unknown>\n#9 0x55f563314d5d <unknown>\n#10 0x55f5632fab41 <unknown>\n#11 0x55f56331593b <unknown>\n#12 0x55f5632e1870 <unknown>\n#13 0x55f563336828 <unknown>\n#14 0x55f5633369fc <unknown>\n#15 0x55f563348763 <unknown>\n#16 0x7f216fc9caa4 <unknown>\n#17 0x7f216fd29c6c <unknown>","statusTrace":"self = <tests.test_speech_exercises_ru.TestCardsRU object at 0x7f5921a70290>\ndriver = <selenium.webdriver.chrome.webdriver.WebDriver (session=\"1af12d95ad373831a0b9089fcda07fe5\")>\ndefault_user_authorized = None\n\n    @pytest.mark.xfail\n    @allure.suite(\"Речевые упражнения.\")\n    @allure.title('Solutions to a random task in the \"Слова\" .')\n    def test_solve_word_cards_ru(self, driver, default_user_authorized):\n        page = SpeechExercisesPageRU(driver)\n>       page.click_button_exercises()\n\ntests/test_speech_exercises_ru.py:124: \n_ _ _ _ _ _ _ _ _ _ _ _ _ _ _ _ _ _ _ _ _ _ _ _ _ _ _ _ _ _ _ _ _ _ _ _ _ _ _ _ \npages/speech_exercises_page_ru.py:199: in click_button_exercises\n    button = self.element_is_present_and_clickable(self.locators.AuthorizedUserHomePageLocators.BUTTON_EXERCISES_RU)\npages/base_page.py:40: in element_is_present_and_clickable\n    return (Wait(self.driver, self.timeout).until(\n_ _ _ _ _ _ _ _ _ _ _ _ _ _ _ _ _ _ _ _ _ _ _ _ _ _ _ _ _ _ _ _ _ _ _ _ _ _ _ _ \n\nself = <selenium.webdriver.support.wait.WebDriverWait (session=\"1af12d95ad373831a0b9089fcda07fe5\")>\nmethod = <function visibility_of_element_located.<locals>._predicate at 0x7f5921994d60>\nmessage = 'Can\\'t find element by locator (\\'xpath\\', \\'//a[text()=\"Упражнения\"]\\')'\n\n    def until(self, method, message: str = \"\"):\n        \"\"\"Calls the method provided with the driver as an argument until the \\\n        return value does not evaluate to ``False``.\n    \n        :param method: callable(WebDriver)\n        :param message: optional message for :exc:`TimeoutException`\n        :returns: the result of the last call to `method`\n        :raises: :exc:`selenium.common.exceptions.TimeoutException` if timeout occurs\n        \"\"\"\n        screen = None\n        stacktrace = None\n    \n        end_time = time.monotonic() + self._timeout\n        while True:\n            try:\n                value = method(self._driver)\n                if value:\n                    return value\n            except self._ignored_exceptions as exc:\n                screen = getattr(exc, \"screen\", None)\n                stacktrace = getattr(exc, \"stacktrace\", None)\n            time.sleep(self._poll)\n            if time.monotonic() > end_time:\n                break\n>       raise TimeoutException(message, screen, stacktrace)\nE       selenium.common.exceptions.TimeoutException: Message: Can't find element by locator ('xpath', '//a[text()=\"Упражнения\"]')\nE       Stacktrace:\nE       #0 0x55f56334940a <unknown>\nE       #1 0x55f562d7d76b <unknown>\nE       #2 0x55f562dcee88 <unknown>\nE       #3 0x55f562dcf0c1 <unknown>\nE       #4 0x55f562e1d2c4 <unknown>\nE       #5 0x55f562e1a760 <unknown>\nE       #6 0x55f562dc17b2 <unknown>\nE       #7 0x55f562dc2461 <unknown>\nE       #8 0x55f563311df9 <unknown>\nE       #9 0x55f563314d5d <unknown>\nE       #10 0x55f5632fab41 <unknown>\nE       #11 0x55f56331593b <unknown>\nE       #12 0x55f5632e1870 <unknown>\nE       #13 0x55f563336828 <unknown>\nE       #14 0x55f5633369fc <unknown>\nE       #15 0x55f563348763 <unknown>\nE       #16 0x7f216fc9caa4 <unknown>\nE       #17 0x7f216fd29c6c <unknown>\n\n/opt/hostedtoolcache/Python/3.12.12/x64/lib/python3.12/site-packages/selenium/webdriver/support/wait.py:95: TimeoutException","steps":[{"name":"Click button \"Упражнения\".","time":{"start":1768906831331,"stop":1768906841581,"duration":10250},"status":"broken","statusMessage":"selenium.common.exceptions.TimeoutException: Message: Can't find element by locator ('xpath', '//a[text()=\"Упражнения\"]')\nStacktrace:\n#0 0x55f56334940a <unknown>\n#1 0x55f562d7d76b <unknown>\n#2 0x55f562dcee88 <unknown>\n#3 0x55f562dcf0c1 <unknown>\n#4 0x55f562e1d2c4 <unknown>\n#5 0x55f562e1a760 <unknown>\n#6 0x55f562dc17b2 <unknown>\n#7 0x55f562dc2461 <unknown>\n#8 0x55f563311df9 <unknown>\n#9 0x55f563314d5d <unknown>\n#10 0x55f5632fab41 <unknown>\n#11 0x55f56331593b <unknown>\n#12 0x55f5632e1870 <unknown>\n#13 0x55f563336828 <unknown>\n#14 0x55f5633369fc <unknown>\n#15 0x55f563348763 <unknown>\n#16 0x7f216fc9caa4 <unknown>\n#17 0x7f216fd29c6c <unknown>\n\n","statusTrace":"  File \"/opt/hostedtoolcache/Python/3.12.12/x64/lib/python3.12/site-packages/allure_commons/_allure.py\", line 192, in impl\n    return func(*a, **kw)\n           ^^^^^^^^^^^^^^\n  File \"/home/runner/work/auto-tests-python/auto-tests-python/pages/speech_exercises_page_ru.py\", line 199, in click_button_exercises\n    button = self.element_is_present_and_clickable(self.locators.AuthorizedUserHomePageLocators.BUTTON_EXERCISES_RU)\n             ^^^^^^^^^^^^^^^^^^^^^^^^^^^^^^^^^^^^^^^^^^^^^^^^^^^^^^^^^^^^^^^^^^^^^^^^^^^^^^^^^^^^^^^^^^^^^^^^^^^^^^^\n  File \"/home/runner/work/auto-tests-python/auto-tests-python/pages/base_page.py\", line 40, in element_is_present_and_clickable\n    return (Wait(self.driver, self.timeout).until(\n            ^^^^^^^^^^^^^^^^^^^^^^^^^^^^^^^^^^^^^^\n  File \"/opt/hostedtoolcache/Python/3.12.12/x64/lib/python3.12/site-packages/selenium/webdriver/support/wait.py\", line 95, in until\n    raise TimeoutException(message, screen, stacktrace)\n","steps":[{"name":"Click button \"RU\".","time":{"start":1768906831331,"stop":1768906831396,"duration":65},"status":"passed","steps":[],"attachments":[],"parameters":[],"stepsCount":0,"shouldDisplayMessage":false,"attachmentsCount":0,"hasContent":false,"attachmentStep":false}],"attachments":[],"parameters":[],"stepsCount":1,"shouldDisplayMessage":true,"attachmentsCount":0,"hasContent":true,"attachmentStep":false}],"attachments":[],"parameters":[],"stepsCount":2,"shouldDisplayMessage":true,"attachmentsCount":0,"hasContent":true,"attachmentStep":false},"afterStages":[{"name":"driver::0","time":{"start":1768906841595,"stop":1768906841654,"duration":59},"status":"passed","steps":[],"attachments":[],"parameters":[],"stepsCount":0,"shouldDisplayMessage":false,"attachmentsCount":0,"hasContent":false,"attachmentStep":false}],"labels":[{"name":"suite","value":"Речевые упражнения."},{"name":"epic","value":"Speech exercises."},{"name":"tag","value":"@pytest.mark.xfail"},{"name":"parentSuite","value":"tests"},{"name":"subSuite","value":"TestCardsRU"},{"name":"host","value":"runnervmmtnos"},{"name":"thread","value":"2625-MainThread"},{"name":"framework","value":"pytest"},{"name":"language","value":"cpython3"},{"name":"package","value":"tests.test_speech_exercises_ru"},{"name":"resultFormat","value":"allure2"}],"parameters":[],"links":[],"hidden":false,"retry":false,"extra":{"severity":"normal","retries":[],"categories":[],"history":{"statistic":{"failed":0,"broken":0,"skipped":13,"passed":2,"unknown":0,"total":15},"items":[{"uid":"e2435f45901af38a","reportUrl":"https://Brain-up.github.io/auto-tests-python/807/#testresult/e2435f45901af38a","status":"passed","statusDetails":"XPASS","time":{"start":1768821129795,"stop":1768821158384,"duration":28589}},{"uid":"5fe5a5aa1f9117c8","reportUrl":"https://Brain-up.github.io/auto-tests-python/806/#testresult/5fe5a5aa1f9117c8","status":"skipped","statusDetails":"XFAIL\n\nselenium.common.exceptions.TimeoutException: Message: Can't find element by locator ('xpath', '//a[text()=\"Упражнения\"]')\nStacktrace:\n#0 0x55b0b56a940a <unknown>\n#1 0x55b0b50dd76b <unknown>\n#2 0x55b0b512ee88 <unknown>\n#3 0x55b0b512f0c1 <unknown>\n#4 0x55b0b517d2c4 <unknown>\n#5 0x55b0b517a760 <unknown>\n#6 0x55b0b51217b2 <unknown>\n#7 0x55b0b5122461 <unknown>\n#8 0x55b0b5671df9 <unknown>\n#9 0x55b0b5674d5d <unknown>\n#10 0x55b0b565ab41 <unknown>\n#11 0x55b0b567593b <unknown>\n#12 0x55b0b5641870 <unknown>\n#13 0x55b0b5696828 <unknown>\n#14 0x55b0b56969fc <unknown>\n#15 0x55b0b56a8763 <unknown>\n#16 0x7f2de9c9caa4 <unknown>\n#17 0x7f2de9d29c6c <unknown>","time":{"start":1768737411260,"stop":1768737421585,"duration":10325}},{"uid":"bd2ab3b77a73701b","reportUrl":"https://Brain-up.github.io/auto-tests-python/805/#testresult/bd2ab3b77a73701b","status":"skipped","statusDetails":"XFAIL\n\nselenium.common.exceptions.TimeoutException: Message: Can't find element by locator ('xpath', '//a[text()=\"Упражнения\"]')\nStacktrace:\n#0 0x5563a778e40a <unknown>\n#1 0x5563a71c276b <unknown>\n#2 0x5563a7213e88 <unknown>\n#3 0x5563a72140c1 <unknown>\n#4 0x5563a72622c4 <unknown>\n#5 0x5563a725f760 <unknown>\n#6 0x5563a72067b2 <unknown>\n#7 0x5563a7207461 <unknown>\n#8 0x5563a7756df9 <unknown>\n#9 0x5563a7759d5d <unknown>\n#10 0x5563a773fb41 <unknown>\n#11 0x5563a775a93b <unknown>\n#12 0x5563a7726870 <unknown>\n#13 0x5563a777b828 <unknown>\n#14 0x5563a777b9fc <unknown>\n#15 0x5563a778d763 <unknown>\n#16 0x7f163449caa4 <unknown>\n#17 0x7f1634529c6c <unknown>","time":{"start":1768647820677,"stop":1768647830991,"duration":10314}},{"uid":"485125c0a4c98219","reportUrl":"https://Brain-up.github.io/auto-tests-python/804/#testresult/485125c0a4c98219","status":"skipped","statusDetails":"XFAIL\n\nselenium.common.exceptions.TimeoutException: Message: Can't find element by locator ('xpath', '//a[text()=\"Упражнения\"]')\nStacktrace:\n#0 0x55c5e95d140a <unknown>\n#1 0x55c5e900576b <unknown>\n#2 0x55c5e9056e88 <unknown>\n#3 0x55c5e90570c1 <unknown>\n#4 0x55c5e90a52c4 <unknown>\n#5 0x55c5e90a2760 <unknown>\n#6 0x55c5e90497b2 <unknown>\n#7 0x55c5e904a461 <unknown>\n#8 0x55c5e9599df9 <unknown>\n#9 0x55c5e959cd5d <unknown>\n#10 0x55c5e9582b41 <unknown>\n#11 0x55c5e959d93b <unknown>\n#12 0x55c5e9569870 <unknown>\n#13 0x55c5e95be828 <unknown>\n#14 0x55c5e95be9fc <unknown>\n#15 0x55c5e95d0763 <unknown>\n#16 0x7f2ea449caa4 <unknown>\n#17 0x7f2ea4529c6c <unknown>","time":{"start":1768558845955,"stop":1768558856290,"duration":10335}},{"uid":"cdd0d5569a78bbe8","reportUrl":"https://Brain-up.github.io/auto-tests-python/803/#testresult/cdd0d5569a78bbe8","status":"skipped","statusDetails":"XFAIL\n\nselenium.common.exceptions.TimeoutException: Message: Can't find element by locator ('xpath', '//a[text()=\"Упражнения\"]')\nStacktrace:\n#0 0x55654551a61a <unknown>\n#1 0x556544f9720b <unknown>\n#2 0x556544fe890f <unknown>\n#3 0x556544fe8b51 <unknown>\n#4 0x556545036d84 <unknown>\n#5 0x55654503420e <unknown>\n#6 0x556544fdb232 <unknown>\n#7 0x556544fdbee1 <unknown>\n#8 0x5565454e33f9 <unknown>\n#9 0x5565454e634d <unknown>\n#10 0x5565454cc122 <unknown>\n#11 0x5565454e6f2b <unknown>\n#12 0x5565454b2c30 <unknown>\n#13 0x556545507d78 <unknown>\n#14 0x556545507f4c <unknown>\n#15 0x556545519973 <unknown>\n#16 0x7f27aee9caa4 <unknown>\n#17 0x7f27aef29c6c <unknown>","time":{"start":1768471947018,"stop":1768471957419,"duration":10401}},{"uid":"6e823aab08576622","reportUrl":"https://Brain-up.github.io/auto-tests-python/802/#testresult/6e823aab08576622","status":"skipped","statusDetails":"XFAIL\n\nselenium.common.exceptions.TimeoutException: Message: Can't find element by locator ('xpath', '//a[text()=\"Упражнения\"]')\nStacktrace:\n#0 0x55de932ee61a <unknown>\n#1 0x55de92d6b20b <unknown>\n#2 0x55de92dbc90f <unknown>\n#3 0x55de92dbcb51 <unknown>\n#4 0x55de92e0ad84 <unknown>\n#5 0x55de92e0820e <unknown>\n#6 0x55de92daf232 <unknown>\n#7 0x55de92dafee1 <unknown>\n#8 0x55de932b73f9 <unknown>\n#9 0x55de932ba34d <unknown>\n#10 0x55de932a0122 <unknown>\n#11 0x55de932baf2b <unknown>\n#12 0x55de93286c30 <unknown>\n#13 0x55de932dbd78 <unknown>\n#14 0x55de932dbf4c <unknown>\n#15 0x55de932ed973 <unknown>\n#16 0x7ff3b429caa4 <unknown>\n#17 0x7ff3b4329c6c <unknown>","time":{"start":1768397309381,"stop":1768397319718,"duration":10337}},{"uid":"92d0ffe69dbaf258","reportUrl":"https://Brain-up.github.io/auto-tests-python/801/#testresult/92d0ffe69dbaf258","status":"skipped","statusDetails":"XFAIL\n\nselenium.common.exceptions.TimeoutException: Message: Can't find element by locator ('xpath', '//a[text()=\"Упражнения\"]')\nStacktrace:\n#0 0x55f7175d261a <unknown>\n#1 0x55f71704f20b <unknown>\n#2 0x55f7170a090f <unknown>\n#3 0x55f7170a0b51 <unknown>\n#4 0x55f7170eed84 <unknown>\n#5 0x55f7170ec20e <unknown>\n#6 0x55f717093232 <unknown>\n#7 0x55f717093ee1 <unknown>\n#8 0x55f71759b3f9 <unknown>\n#9 0x55f71759e34d <unknown>\n#10 0x55f717584122 <unknown>\n#11 0x55f71759ef2b <unknown>\n#12 0x55f71756ac30 <unknown>\n#13 0x55f7175bfd78 <unknown>\n#14 0x55f7175bff4c <unknown>\n#15 0x55f7175d1973 <unknown>\n#16 0x7fd29629caa4 <unknown>\n#17 0x7fd296329c6c <unknown>","time":{"start":1768298881567,"stop":1768298891875,"duration":10308}},{"uid":"8934e9a9d194e04f","reportUrl":"https://Brain-up.github.io/auto-tests-python/800/#testresult/8934e9a9d194e04f","status":"skipped","statusDetails":"XFAIL\n\nselenium.common.exceptions.TimeoutException: Message: Can't find element by locator ('xpath', '//a[text()=\"Упражнения\"]')\nStacktrace:\n#0 0x55eb9005a61a <unknown>\n#1 0x55eb8fad720b <unknown>\n#2 0x55eb8fb2890f <unknown>\n#3 0x55eb8fb28b51 <unknown>\n#4 0x55eb8fb76d84 <unknown>\n#5 0x55eb8fb7420e <unknown>\n#6 0x55eb8fb1b232 <unknown>\n#7 0x55eb8fb1bee1 <unknown>\n#8 0x55eb900233f9 <unknown>\n#9 0x55eb9002634d <unknown>\n#10 0x55eb9000c122 <unknown>\n#11 0x55eb90026f2b <unknown>\n#12 0x55eb8fff2c30 <unknown>\n#13 0x55eb90047d78 <unknown>\n#14 0x55eb90047f4c <unknown>\n#15 0x55eb90059973 <unknown>\n#16 0x7fe3d1e9caa4 <unknown>\n#17 0x7fe3d1f29c6c <unknown>","time":{"start":1768195687738,"stop":1768195698122,"duration":10384}},{"uid":"f748f7bee1668021","reportUrl":"https://Brain-up.github.io/auto-tests-python/799/#testresult/f748f7bee1668021","status":"skipped","statusDetails":"XFAIL\n\nselenium.common.exceptions.TimeoutException: Message: Can't find element by locator ('xpath', '//a[text()=\"Упражнения\"]')\nStacktrace:\n#0 0x56115bb8061a <unknown>\n#1 0x56115b5fd20b <unknown>\n#2 0x56115b64e90f <unknown>\n#3 0x56115b64eb51 <unknown>\n#4 0x56115b69cd84 <unknown>\n#5 0x56115b69a20e <unknown>\n#6 0x56115b641232 <unknown>\n#7 0x56115b641ee1 <unknown>\n#8 0x56115bb493f9 <unknown>\n#9 0x56115bb4c34d <unknown>\n#10 0x56115bb32122 <unknown>\n#11 0x56115bb4cf2b <unknown>\n#12 0x56115bb18c30 <unknown>\n#13 0x56115bb6dd78 <unknown>\n#14 0x56115bb6df4c <unknown>\n#15 0x56115bb7f973 <unknown>\n#16 0x7f508d89caa4 <unknown>\n#17 0x7f508d929c6c <unknown>","time":{"start":1768045947061,"stop":1768045957482,"duration":10421}},{"uid":"9371918c482d0f98","reportUrl":"https://Brain-up.github.io/auto-tests-python/798/#testresult/9371918c482d0f98","status":"skipped","statusDetails":"XFAIL\n\nselenium.common.exceptions.TimeoutException: Message: Can't find element by locator ('xpath', '//a[text()=\"Упражнения\"]')\nStacktrace:\n#0 0x561663e7961a <unknown>\n#1 0x5616638f620b <unknown>\n#2 0x56166394790f <unknown>\n#3 0x561663947b51 <unknown>\n#4 0x561663995d84 <unknown>\n#5 0x56166399320e <unknown>\n#6 0x56166393a232 <unknown>\n#7 0x56166393aee1 <unknown>\n#8 0x561663e423f9 <unknown>\n#9 0x561663e4534d <unknown>\n#10 0x561663e2b122 <unknown>\n#11 0x561663e45f2b <unknown>\n#12 0x561663e11c30 <unknown>\n#13 0x561663e66d78 <unknown>\n#14 0x561663e66f4c <unknown>\n#15 0x561663e78973 <unknown>\n#16 0x7f24d4c9caa4 <unknown>\n#17 0x7f24d4d29c6c <unknown>","time":{"start":1767952639826,"stop":1767952650198,"duration":10372}},{"uid":"64217e427ee20115","reportUrl":"https://Brain-up.github.io/auto-tests-python/797/#testresult/64217e427ee20115","status":"skipped","statusDetails":"XFAIL\n\nselenium.common.exceptions.TimeoutException: Message: Can't find element by locator ('xpath', '//a[text()=\"Упражнения\"]')\nStacktrace:\n#0 0x56326676619a <unknown>\n#1 0x5632661e3c4b <unknown>\n#2 0x563266235318 <unknown>\n#3 0x563266235551 <unknown>\n#4 0x563266283764 <unknown>\n#5 0x563266280bee <unknown>\n#6 0x563266227c42 <unknown>\n#7 0x5632662288f1 <unknown>\n#8 0x56326672ef39 <unknown>\n#9 0x563266731e7d <unknown>\n#10 0x563266717c81 <unknown>\n#11 0x563266732a5b <unknown>\n#12 0x5632666fea50 <unknown>\n#13 0x563266753aa8 <unknown>\n#14 0x563266753c79 <unknown>\n#15 0x5632667654f3 <unknown>\n#16 0x7f8cc809caa4 <unknown>\n#17 0x7f8cc8129c6c <unknown>","time":{"start":1767868122688,"stop":1767868133001,"duration":10313}},{"uid":"48db57acab88cfdb","reportUrl":"https://Brain-up.github.io/auto-tests-python/796/#testresult/48db57acab88cfdb","status":"passed","statusDetails":"XPASS","time":{"start":1767792790089,"stop":1767792838494,"duration":48405}},{"uid":"9a5ae50e6d9ddb34","reportUrl":"https://Brain-up.github.io/auto-tests-python/795/#testresult/9a5ae50e6d9ddb34","status":"skipped","statusDetails":"XFAIL\n\nselenium.common.exceptions.TimeoutException: Message: Can't find element by locator ('xpath', '//a[text()=\"Упражнения\"]')\nStacktrace:\n#0 0x562233bdf19a <unknown>\n#1 0x56223365cc4b <unknown>\n#2 0x5622336ae318 <unknown>\n#3 0x5622336ae551 <unknown>\n#4 0x5622336fc764 <unknown>\n#5 0x5622336f9bee <unknown>\n#6 0x5622336a0c42 <unknown>\n#7 0x5622336a18f1 <unknown>\n#8 0x562233ba7f39 <unknown>\n#9 0x562233baae7d <unknown>\n#10 0x562233b90c81 <unknown>\n#11 0x562233baba5b <unknown>\n#12 0x562233b77a50 <unknown>\n#13 0x562233bccaa8 <unknown>\n#14 0x562233bccc79 <unknown>\n#15 0x562233bde4f3 <unknown>\n#16 0x7fc4be49caa4 <unknown>\n#17 0x7fc4be529c6c <unknown>","time":{"start":1767707490868,"stop":1767707501251,"duration":10383}},{"uid":"67f671f7e4e5d625","reportUrl":"https://Brain-up.github.io/auto-tests-python/794/#testresult/67f671f7e4e5d625","status":"skipped","statusDetails":"XFAIL\n\nselenium.common.exceptions.TimeoutException: Message: Can't find element by locator ('xpath', '//a[text()=\"Упражнения\"]')\nStacktrace:\n#0 0x55fc6a90719a <unknown>\n#1 0x55fc6a384c4b <unknown>\n#2 0x55fc6a3d6318 <unknown>\n#3 0x55fc6a3d6551 <unknown>\n#4 0x55fc6a424764 <unknown>\n#5 0x55fc6a421bee <unknown>\n#6 0x55fc6a3c8c42 <unknown>\n#7 0x55fc6a3c98f1 <unknown>\n#8 0x55fc6a8cff39 <unknown>\n#9 0x55fc6a8d2e7d <unknown>\n#10 0x55fc6a8b8c81 <unknown>\n#11 0x55fc6a8d3a5b <unknown>\n#12 0x55fc6a89fa50 <unknown>\n#13 0x55fc6a8f4aa8 <unknown>\n#14 0x55fc6a8f4c79 <unknown>\n#15 0x55fc6a9064f3 <unknown>\n#16 0x7f2225c9caa4 <unknown>\n#17 0x7f2225d29c6c <unknown>","time":{"start":1767702633704,"stop":1767702644088,"duration":10384}}]},"tags":["@pytest.mark.xfail"]},"source":"ddd0ce4c0cc3b8cf.json","parameterValues":[]}