{"uid":"3c636c23c9954ec8","name":"Check statistic table.","fullName":"tests.test_speech_exercises_ru.TestCardsRU#test_get_statistic_data","historyId":"15df626f86a935fbcd917f7ea4002a26","time":{"start":1771581654583,"stop":1771581664811,"duration":10228},"status":"skipped","statusMessage":"XFAIL\n\nselenium.common.exceptions.TimeoutException: Message: Can't find element by locator ('xpath', '//div[@class=\"__51e19\"]')\nStacktrace:\n#0 0x559c58df24ba <unknown>\n#1 0x559c5885b492 <unknown>\n#2 0x559c588b09b6 <unknown>\n#3 0x559c588b0bf1 <unknown>\n#4 0x559c588fc4d4 <unknown>\n#5 0x559c588f9700 <unknown>\n#6 0x559c588a26a2 <unknown>\n#7 0x559c588a3491 <unknown>\n#8 0x559c58db8479 <unknown>\n#9 0x559c58dbb391 <unknown>\n#10 0x559c58da4a89 <unknown>\n#11 0x559c58dbbf4e <unknown>\n#12 0x559c58d8b070 <unknown>\n#13 0x559c58ddfca8 <unknown>\n#14 0x559c58ddfe78 <unknown>\n#15 0x559c58df1828 <unknown>\n#16 0x7f97c949caa4 <unknown>\n#17 0x7f97c9529c6c <unknown>","statusTrace":"self = <tests.test_speech_exercises_ru.TestCardsRU object at 0x7fbb830bd340>\ndriver = <selenium.webdriver.chrome.webdriver.WebDriver (session=\"73ea5e9217ca3919da105fc69b494137\")>\ndefault_user_authorized = None\n\n    @pytest.mark.xfail\n    @allure.suite('Statistic.')\n    @allure.title('Check statistic table.')\n    def test_get_statistic_data(self, driver, default_user_authorized):\n        page = SpeechExercisesPageRU(driver)\n>       table = page.get_statistic_data()\n\ntests/test_speech_exercises_ru.py:192: \n_ _ _ _ _ _ _ _ _ _ _ _ _ _ _ _ _ _ _ _ _ _ _ _ _ _ _ _ _ _ _ _ _ _ _ _ _ _ _ _ \npages/speech_exercises_page_ru.py:174: in get_statistic_data\n    table = self.element_is_present(self.locators.AuthorizedUserHomePageLocators.STATISTIC_TABLE)\npages/base_page.py:32: in element_is_present\n    return Wait(self.driver, self.timeout).until(\n_ _ _ _ _ _ _ _ _ _ _ _ _ _ _ _ _ _ _ _ _ _ _ _ _ _ _ _ _ _ _ _ _ _ _ _ _ _ _ _ \n\nself = <selenium.webdriver.support.wait.WebDriverWait (session=\"73ea5e9217ca3919da105fc69b494137\")>\nmethod = <function presence_of_element_located.<locals>._predicate at 0x7fbb82fa1760>\nmessage = 'Can\\'t find element by locator (\\'xpath\\', \\'//div[@class=\"__51e19\"]\\')'\n\n    def until(self, method, message: str = \"\"):\n        \"\"\"Calls the method provided with the driver as an argument until the \\\n        return value does not evaluate to ``False``.\n    \n        :param method: callable(WebDriver)\n        :param message: optional message for :exc:`TimeoutException`\n        :returns: the result of the last call to `method`\n        :raises: :exc:`selenium.common.exceptions.TimeoutException` if timeout occurs\n        \"\"\"\n        screen = None\n        stacktrace = None\n    \n        end_time = time.monotonic() + self._timeout\n        while True:\n            try:\n                value = method(self._driver)\n                if value:\n                    return value\n            except self._ignored_exceptions as exc:\n                screen = getattr(exc, \"screen\", None)\n                stacktrace = getattr(exc, \"stacktrace\", None)\n            time.sleep(self._poll)\n            if time.monotonic() > end_time:\n                break\n>       raise TimeoutException(message, screen, stacktrace)\nE       selenium.common.exceptions.TimeoutException: Message: Can't find element by locator ('xpath', '//div[@class=\"__51e19\"]')\nE       Stacktrace:\nE       #0 0x559c58df24ba <unknown>\nE       #1 0x559c5885b492 <unknown>\nE       #2 0x559c588b09b6 <unknown>\nE       #3 0x559c588b0bf1 <unknown>\nE       #4 0x559c588fc4d4 <unknown>\nE       #5 0x559c588f9700 <unknown>\nE       #6 0x559c588a26a2 <unknown>\nE       #7 0x559c588a3491 <unknown>\nE       #8 0x559c58db8479 <unknown>\nE       #9 0x559c58dbb391 <unknown>\nE       #10 0x559c58da4a89 <unknown>\nE       #11 0x559c58dbbf4e <unknown>\nE       #12 0x559c58d8b070 <unknown>\nE       #13 0x559c58ddfca8 <unknown>\nE       #14 0x559c58ddfe78 <unknown>\nE       #15 0x559c58df1828 <unknown>\nE       #16 0x7f97c949caa4 <unknown>\nE       #17 0x7f97c9529c6c <unknown>\n\n/opt/hostedtoolcache/Python/3.12.12/x64/lib/python3.12/site-packages/selenium/webdriver/support/wait.py:95: TimeoutException","flaky":false,"newFailed":false,"newBroken":false,"newPassed":false,"retriesCount":0,"retriesStatusChange":false,"beforeStages":[{"name":"clear_allure_results_folder","time":{"start":1771580295261,"stop":1771580295261,"duration":0},"status":"passed","steps":[],"attachments":[],"parameters":[],"stepsCount":0,"shouldDisplayMessage":false,"attachmentsCount":0,"hasContent":false,"attachmentStep":false},{"name":"driver","time":{"start":1771581648804,"stop":1771581649535,"duration":731},"status":"passed","steps":[],"attachments":[],"parameters":[],"stepsCount":0,"shouldDisplayMessage":false,"attachmentsCount":0,"hasContent":false,"attachmentStep":false},{"name":"main_page_open","time":{"start":1771581649535,"stop":1771581652184,"duration":2649},"status":"passed","steps":[{"name":"Open page: https://www.brainup.site/","time":{"start":1771581649535,"stop":1771581652184,"duration":2649},"status":"passed","steps":[],"attachments":[],"parameters":[{"name":"driver","value":"<selenium.webdriver.chrome.webdriver.WebDriver (session=\"73ea5e9217ca3919da105fc69b494137\")>"}],"stepsCount":0,"shouldDisplayMessage":false,"attachmentsCount":0,"hasContent":true,"attachmentStep":false}],"attachments":[],"parameters":[],"stepsCount":1,"shouldDisplayMessage":false,"attachmentsCount":0,"hasContent":true,"attachmentStep":false},{"name":"default_user_authorized","time":{"start":1771581652184,"stop":1771581654582,"duration":2398},"status":"passed","steps":[{"name":"DEFAULT user authorized","time":{"start":1771581652184,"stop":1771581654582,"duration":2398},"status":"passed","steps":[{"name":"Check url is present: https://www.brainup.site/groups","time":{"start":1771581652543,"stop":1771581654561,"duration":2018},"status":"passed","steps":[],"attachments":[],"parameters":[],"stepsCount":0,"shouldDisplayMessage":false,"attachmentsCount":0,"hasContent":false,"attachmentStep":false},{"name":"Loader checking","time":{"start":1771581654561,"stop":1771581654582,"duration":21},"status":"passed","steps":[],"attachments":[],"parameters":[],"stepsCount":0,"shouldDisplayMessage":false,"attachmentsCount":0,"hasContent":false,"attachmentStep":false}],"attachments":[],"parameters":[{"name":"driver","value":"<selenium.webdriver.chrome.webdriver.WebDriver (session=\"73ea5e9217ca3919da105fc69b494137\")>"},{"name":"main_page_open","value":"None"}],"stepsCount":2,"shouldDisplayMessage":false,"attachmentsCount":0,"hasContent":true,"attachmentStep":false}],"attachments":[],"parameters":[],"stepsCount":3,"shouldDisplayMessage":false,"attachmentsCount":0,"hasContent":true,"attachmentStep":false}],"testStage":{"status":"skipped","statusMessage":"XFAIL\n\nselenium.common.exceptions.TimeoutException: Message: Can't find element by locator ('xpath', '//div[@class=\"__51e19\"]')\nStacktrace:\n#0 0x559c58df24ba <unknown>\n#1 0x559c5885b492 <unknown>\n#2 0x559c588b09b6 <unknown>\n#3 0x559c588b0bf1 <unknown>\n#4 0x559c588fc4d4 <unknown>\n#5 0x559c588f9700 <unknown>\n#6 0x559c588a26a2 <unknown>\n#7 0x559c588a3491 <unknown>\n#8 0x559c58db8479 <unknown>\n#9 0x559c58dbb391 <unknown>\n#10 0x559c58da4a89 <unknown>\n#11 0x559c58dbbf4e <unknown>\n#12 0x559c58d8b070 <unknown>\n#13 0x559c58ddfca8 <unknown>\n#14 0x559c58ddfe78 <unknown>\n#15 0x559c58df1828 <unknown>\n#16 0x7f97c949caa4 <unknown>\n#17 0x7f97c9529c6c <unknown>","statusTrace":"self = <tests.test_speech_exercises_ru.TestCardsRU object at 0x7fbb830bd340>\ndriver = <selenium.webdriver.chrome.webdriver.WebDriver (session=\"73ea5e9217ca3919da105fc69b494137\")>\ndefault_user_authorized = None\n\n    @pytest.mark.xfail\n    @allure.suite('Statistic.')\n    @allure.title('Check statistic table.')\n    def test_get_statistic_data(self, driver, default_user_authorized):\n        page = SpeechExercisesPageRU(driver)\n>       table = page.get_statistic_data()\n\ntests/test_speech_exercises_ru.py:192: \n_ _ _ _ _ _ _ _ _ _ _ _ _ _ _ _ _ _ _ _ _ _ _ _ _ _ _ _ _ _ _ _ _ _ _ _ _ _ _ _ \npages/speech_exercises_page_ru.py:174: in get_statistic_data\n    table = self.element_is_present(self.locators.AuthorizedUserHomePageLocators.STATISTIC_TABLE)\npages/base_page.py:32: in element_is_present\n    return Wait(self.driver, self.timeout).until(\n_ _ _ _ _ _ _ _ _ _ _ _ _ _ _ _ _ _ _ _ _ _ _ _ _ _ _ _ _ _ _ _ _ _ _ _ _ _ _ _ \n\nself = <selenium.webdriver.support.wait.WebDriverWait (session=\"73ea5e9217ca3919da105fc69b494137\")>\nmethod = <function presence_of_element_located.<locals>._predicate at 0x7fbb82fa1760>\nmessage = 'Can\\'t find element by locator (\\'xpath\\', \\'//div[@class=\"__51e19\"]\\')'\n\n    def until(self, method, message: str = \"\"):\n        \"\"\"Calls the method provided with the driver as an argument until the \\\n        return value does not evaluate to ``False``.\n    \n        :param method: callable(WebDriver)\n        :param message: optional message for :exc:`TimeoutException`\n        :returns: the result of the last call to `method`\n        :raises: :exc:`selenium.common.exceptions.TimeoutException` if timeout occurs\n        \"\"\"\n        screen = None\n        stacktrace = None\n    \n        end_time = time.monotonic() + self._timeout\n        while True:\n            try:\n                value = method(self._driver)\n                if value:\n                    return value\n            except self._ignored_exceptions as exc:\n                screen = getattr(exc, \"screen\", None)\n                stacktrace = getattr(exc, \"stacktrace\", None)\n            time.sleep(self._poll)\n            if time.monotonic() > end_time:\n                break\n>       raise TimeoutException(message, screen, stacktrace)\nE       selenium.common.exceptions.TimeoutException: Message: Can't find element by locator ('xpath', '//div[@class=\"__51e19\"]')\nE       Stacktrace:\nE       #0 0x559c58df24ba <unknown>\nE       #1 0x559c5885b492 <unknown>\nE       #2 0x559c588b09b6 <unknown>\nE       #3 0x559c588b0bf1 <unknown>\nE       #4 0x559c588fc4d4 <unknown>\nE       #5 0x559c588f9700 <unknown>\nE       #6 0x559c588a26a2 <unknown>\nE       #7 0x559c588a3491 <unknown>\nE       #8 0x559c58db8479 <unknown>\nE       #9 0x559c58dbb391 <unknown>\nE       #10 0x559c58da4a89 <unknown>\nE       #11 0x559c58dbbf4e <unknown>\nE       #12 0x559c58d8b070 <unknown>\nE       #13 0x559c58ddfca8 <unknown>\nE       #14 0x559c58ddfe78 <unknown>\nE       #15 0x559c58df1828 <unknown>\nE       #16 0x7f97c949caa4 <unknown>\nE       #17 0x7f97c9529c6c <unknown>\n\n/opt/hostedtoolcache/Python/3.12.12/x64/lib/python3.12/site-packages/selenium/webdriver/support/wait.py:95: TimeoutException","steps":[{"name":"get_statistic_data","time":{"start":1771581654583,"stop":1771581664811,"duration":10228},"status":"broken","statusMessage":"selenium.common.exceptions.TimeoutException: Message: Can't find element by locator ('xpath', '//div[@class=\"__51e19\"]')\nStacktrace:\n#0 0x559c58df24ba <unknown>\n#1 0x559c5885b492 <unknown>\n#2 0x559c588b09b6 <unknown>\n#3 0x559c588b0bf1 <unknown>\n#4 0x559c588fc4d4 <unknown>\n#5 0x559c588f9700 <unknown>\n#6 0x559c588a26a2 <unknown>\n#7 0x559c588a3491 <unknown>\n#8 0x559c58db8479 <unknown>\n#9 0x559c58dbb391 <unknown>\n#10 0x559c58da4a89 <unknown>\n#11 0x559c58dbbf4e <unknown>\n#12 0x559c58d8b070 <unknown>\n#13 0x559c58ddfca8 <unknown>\n#14 0x559c58ddfe78 <unknown>\n#15 0x559c58df1828 <unknown>\n#16 0x7f97c949caa4 <unknown>\n#17 0x7f97c9529c6c <unknown>\n\n","statusTrace":"  File \"/opt/hostedtoolcache/Python/3.12.12/x64/lib/python3.12/site-packages/allure_commons/_allure.py\", line 192, in impl\n    return func(*a, **kw)\n           ^^^^^^^^^^^^^^\n  File \"/home/runner/work/auto-tests-python/auto-tests-python/pages/speech_exercises_page_ru.py\", line 174, in get_statistic_data\n    table = self.element_is_present(self.locators.AuthorizedUserHomePageLocators.STATISTIC_TABLE)\n            ^^^^^^^^^^^^^^^^^^^^^^^^^^^^^^^^^^^^^^^^^^^^^^^^^^^^^^^^^^^^^^^^^^^^^^^^^^^^^^^^^^^^^\n  File \"/home/runner/work/auto-tests-python/auto-tests-python/pages/base_page.py\", line 32, in element_is_present\n    return Wait(self.driver, self.timeout).until(\n           ^^^^^^^^^^^^^^^^^^^^^^^^^^^^^^^^^^^^^^\n  File \"/opt/hostedtoolcache/Python/3.12.12/x64/lib/python3.12/site-packages/selenium/webdriver/support/wait.py\", line 95, in until\n    raise TimeoutException(message, screen, stacktrace)\n","steps":[{"name":"Click button \"Статистика\"\".","time":{"start":1771581654583,"stop":1771581654647,"duration":64},"status":"passed","steps":[],"attachments":[],"parameters":[],"stepsCount":0,"shouldDisplayMessage":false,"attachmentsCount":0,"hasContent":false,"attachmentStep":false},{"name":"Check statistic table is present and scroll to table","time":{"start":1771581654647,"stop":1771581664811,"duration":10164},"status":"broken","statusMessage":"selenium.common.exceptions.TimeoutException: Message: Can't find element by locator ('xpath', '//div[@class=\"__51e19\"]')\nStacktrace:\n#0 0x559c58df24ba <unknown>\n#1 0x559c5885b492 <unknown>\n#2 0x559c588b09b6 <unknown>\n#3 0x559c588b0bf1 <unknown>\n#4 0x559c588fc4d4 <unknown>\n#5 0x559c588f9700 <unknown>\n#6 0x559c588a26a2 <unknown>\n#7 0x559c588a3491 <unknown>\n#8 0x559c58db8479 <unknown>\n#9 0x559c58dbb391 <unknown>\n#10 0x559c58da4a89 <unknown>\n#11 0x559c58dbbf4e <unknown>\n#12 0x559c58d8b070 <unknown>\n#13 0x559c58ddfca8 <unknown>\n#14 0x559c58ddfe78 <unknown>\n#15 0x559c58df1828 <unknown>\n#16 0x7f97c949caa4 <unknown>\n#17 0x7f97c9529c6c <unknown>\n\n","statusTrace":"  File \"/home/runner/work/auto-tests-python/auto-tests-python/pages/speech_exercises_page_ru.py\", line 174, in get_statistic_data\n    table = self.element_is_present(self.locators.AuthorizedUserHomePageLocators.STATISTIC_TABLE)\n            ^^^^^^^^^^^^^^^^^^^^^^^^^^^^^^^^^^^^^^^^^^^^^^^^^^^^^^^^^^^^^^^^^^^^^^^^^^^^^^^^^^^^^\n  File \"/home/runner/work/auto-tests-python/auto-tests-python/pages/base_page.py\", line 32, in element_is_present\n    return Wait(self.driver, self.timeout).until(\n           ^^^^^^^^^^^^^^^^^^^^^^^^^^^^^^^^^^^^^^\n  File \"/opt/hostedtoolcache/Python/3.12.12/x64/lib/python3.12/site-packages/selenium/webdriver/support/wait.py\", line 95, in until\n    raise TimeoutException(message, screen, stacktrace)\n","steps":[],"attachments":[],"parameters":[],"stepsCount":0,"shouldDisplayMessage":true,"attachmentsCount":0,"hasContent":true,"attachmentStep":false}],"attachments":[],"parameters":[],"stepsCount":2,"shouldDisplayMessage":false,"attachmentsCount":0,"hasContent":true,"attachmentStep":false}],"attachments":[],"parameters":[],"stepsCount":3,"shouldDisplayMessage":true,"attachmentsCount":0,"hasContent":true,"attachmentStep":false},"afterStages":[{"name":"driver::0","time":{"start":1771581664825,"stop":1771581664890,"duration":65},"status":"passed","steps":[],"attachments":[],"parameters":[],"stepsCount":0,"shouldDisplayMessage":false,"attachmentsCount":0,"hasContent":false,"attachmentStep":false}],"labels":[{"name":"epic","value":"Speech exercises."},{"name":"suite","value":"Statistic."},{"name":"tag","value":"@pytest.mark.xfail"},{"name":"parentSuite","value":"tests"},{"name":"subSuite","value":"TestCardsRU"},{"name":"host","value":"runnervmwffz4"},{"name":"thread","value":"2715-MainThread"},{"name":"framework","value":"pytest"},{"name":"language","value":"cpython3"},{"name":"package","value":"tests.test_speech_exercises_ru"},{"name":"resultFormat","value":"allure2"}],"parameters":[],"links":[],"hidden":false,"retry":false,"extra":{"severity":"normal","retries":[],"categories":[],"history":{"statistic":{"failed":0,"broken":0,"skipped":35,"passed":6,"unknown":0,"total":41},"items":[{"uid":"a3ed955ea0da60db","reportUrl":"https://Brain-up.github.io/auto-tests-python/830/#testresult/a3ed955ea0da60db","status":"skipped","statusDetails":"XFAIL\n\nselenium.common.exceptions.TimeoutException: Message: Can't find element by locator ('xpath', '//div[@class=\"__51e19\"]')\nStacktrace:\n#0 0x5600666c1dba <unknown>\n#1 0x5600660d1682 <unknown>\n#2 0x560066126a06 <unknown>\n#3 0x560066126c41 <unknown>\n#4 0x560066171e14 <unknown>\n#5 0x56006616f04b <unknown>\n#6 0x56006611888f <unknown>\n#7 0x560066119651 <unknown>\n#8 0x560066686209 <unknown>\n#9 0x560066689111 <unknown>\n#10 0x5600666729c9 <unknown>\n#11 0x560066689cde <unknown>\n#12 0x560066658d40 <unknown>\n#13 0x5600666ae408 <unknown>\n#14 0x5600666ae5d8 <unknown>\n#15 0x5600666c0403 <unknown>\n#16 0x7ff0e509caa4 <unknown>\n#17 0x7ff0e5129c6c <unknown>","time":{"start":1771534933368,"stop":1771534943761,"duration":10393}},{"uid":"b54fd0013e714bea","reportUrl":"https://Brain-up.github.io/auto-tests-python/829/#testresult/b54fd0013e714bea","status":"skipped","statusDetails":"XFAIL\n\nselenium.common.exceptions.StaleElementReferenceException: Message: stale element reference: stale element not found in the current frame\n  (Session info: chrome=144.0.7559.132); For documentation on this error, please visit: https://www.selenium.dev/documentation/webdriver/troubleshooting/errors#stale-element-reference-exception\nStacktrace:\n#0 0x55e911aa6a4a <unknown>\n#1 0x55e9114bf6a2 <unknown>\n#2 0x55e9114c67cb <unknown>\n#3 0x55e9114c9039 <unknown>\n#4 0x55e9114c90e3 <unknown>\n#5 0x55e91150ee90 <unknown>\n#6 0x55e9115082d7 <unknown>\n#7 0x55e91155d7f0 <unknown>\n#8 0x55e9115068b2 <unknown>\n#9 0x55e9115076a1 <unknown>\n#10 0x55e911a6c8a9 <unknown>\n#11 0x55e911a6f7b1 <unknown>\n#12 0x55e911a58ea9 <unknown>\n#13 0x55e911a7036e <unknown>\n#14 0x55e911a3f410 <unknown>\n#15 0x55e911a940c8 <unknown>\n#16 0x55e911a9429b <unknown>\n#17 0x55e911aa5db8 <unknown>\n#18 0x7f5754a9caa4 <unknown>\n#19 0x7f5754b29c6c <unknown>","time":{"start":1771410246885,"stop":1771410248083,"duration":1198}},{"uid":"87f17670188b16a1","reportUrl":"https://Brain-up.github.io/auto-tests-python/828/#testresult/87f17670188b16a1","status":"skipped","statusDetails":"XFAIL\n\nselenium.common.exceptions.TimeoutException: Message: Can't find element by locator ('xpath', '//div[@class=\"__51e19\"]')\nStacktrace:\n#0 0x555e76f27a4a <unknown>\n#1 0x555e769406a2 <unknown>\n#2 0x555e76995a8d <unknown>\n#3 0x555e76995cd1 <unknown>\n#4 0x555e769e15c4 <unknown>\n#5 0x555e769de7f0 <unknown>\n#6 0x555e769878b2 <unknown>\n#7 0x555e769886a1 <unknown>\n#8 0x555e76eed8a9 <unknown>\n#9 0x555e76ef07b1 <unknown>\n#10 0x555e76ed9ea9 <unknown>\n#11 0x555e76ef136e <unknown>\n#12 0x555e76ec0410 <unknown>\n#13 0x555e76f150c8 <unknown>\n#14 0x555e76f1529b <unknown>\n#15 0x555e76f26db8 <unknown>\n#16 0x7f0cb809caa4 <unknown>\n#17 0x7f0cb8129c6c <unknown>","time":{"start":1771342951183,"stop":1771342961533,"duration":10350}},{"uid":"f24f2f3141009a01","reportUrl":"https://Brain-up.github.io/auto-tests-python/827/#testresult/f24f2f3141009a01","status":"skipped","statusDetails":"XFAIL\n\nselenium.common.exceptions.TimeoutException: Message: Can't find element by locator ('xpath', '//div[@class=\"__51e19\"]')\nStacktrace:\n#0 0x55b56bd15a4a <unknown>\n#1 0x55b56b72e6a2 <unknown>\n#2 0x55b56b783a8d <unknown>\n#3 0x55b56b783cd1 <unknown>\n#4 0x55b56b7cf5c4 <unknown>\n#5 0x55b56b7cc7f0 <unknown>\n#6 0x55b56b7758b2 <unknown>\n#7 0x55b56b7766a1 <unknown>\n#8 0x55b56bcdb8a9 <unknown>\n#9 0x55b56bcde7b1 <unknown>\n#10 0x55b56bcc7ea9 <unknown>\n#11 0x55b56bcdf36e <unknown>\n#12 0x55b56bcae410 <unknown>\n#13 0x55b56bd030c8 <unknown>\n#14 0x55b56bd0329b <unknown>\n#15 0x55b56bd14db8 <unknown>\n#16 0x7f179289caa4 <unknown>\n#17 0x7f1792929c6c <unknown>","time":{"start":1771236571415,"stop":1771236581633,"duration":10218}},{"uid":"e29fc0d59db50410","reportUrl":"https://Brain-up.github.io/auto-tests-python/826/#testresult/e29fc0d59db50410","status":"skipped","statusDetails":"XFAIL\n\nselenium.common.exceptions.TimeoutException: Message: Can't find element by locator ('xpath', '//div[@class=\"__51e19\"]')\nStacktrace:\n#0 0x55aff1c78a4a <unknown>\n#1 0x55aff16916a2 <unknown>\n#2 0x55aff16e6a8d <unknown>\n#3 0x55aff16e6cd1 <unknown>\n#4 0x55aff17325c4 <unknown>\n#5 0x55aff172f7f0 <unknown>\n#6 0x55aff16d88b2 <unknown>\n#7 0x55aff16d96a1 <unknown>\n#8 0x55aff1c3e8a9 <unknown>\n#9 0x55aff1c417b1 <unknown>\n#10 0x55aff1c2aea9 <unknown>\n#11 0x55aff1c4236e <unknown>\n#12 0x55aff1c11410 <unknown>\n#13 0x55aff1c660c8 <unknown>\n#14 0x55aff1c6629b <unknown>\n#15 0x55aff1c77db8 <unknown>\n#16 0x7fb66829caa4 <unknown>\n#17 0x7fb668329c6c <unknown>","time":{"start":1771167616018,"stop":1771167626316,"duration":10298}},{"uid":"7aa310da1bc74038","reportUrl":"https://Brain-up.github.io/auto-tests-python/825/#testresult/7aa310da1bc74038","status":"skipped","statusDetails":"XFAIL\n\nselenium.common.exceptions.TimeoutException: Message: Can't find element by locator ('xpath', '//div[@class=\"__51e19\"]')\nStacktrace:\n#0 0x55c0015daa4a <unknown>\n#1 0x55c000ff36a2 <unknown>\n#2 0x55c001048a8d <unknown>\n#3 0x55c001048cd1 <unknown>\n#4 0x55c0010945c4 <unknown>\n#5 0x55c0010917f0 <unknown>\n#6 0x55c00103a8b2 <unknown>\n#7 0x55c00103b6a1 <unknown>\n#8 0x55c0015a08a9 <unknown>\n#9 0x55c0015a37b1 <unknown>\n#10 0x55c00158cea9 <unknown>\n#11 0x55c0015a436e <unknown>\n#12 0x55c001573410 <unknown>\n#13 0x55c0015c80c8 <unknown>\n#14 0x55c0015c829b <unknown>\n#15 0x55c0015d9db8 <unknown>\n#16 0x7f7edc49caa4 <unknown>\n#17 0x7f7edc529c6c <unknown>","time":{"start":1771046962142,"stop":1771046972423,"duration":10281}},{"uid":"133d82dd18eb1359","reportUrl":"https://Brain-up.github.io/auto-tests-python/824/#testresult/133d82dd18eb1359","status":"skipped","statusDetails":"XFAIL\n\nselenium.common.exceptions.TimeoutException: Message: Can't find element by locator ('xpath', '//div[@class=\"__51e19\"]')\nStacktrace:\n#0 0x55cbfee78a4a <unknown>\n#1 0x55cbfe8916a2 <unknown>\n#2 0x55cbfe8e6a8d <unknown>\n#3 0x55cbfe8e6cd1 <unknown>\n#4 0x55cbfe9325c4 <unknown>\n#5 0x55cbfe92f7f0 <unknown>\n#6 0x55cbfe8d88b2 <unknown>\n#7 0x55cbfe8d96a1 <unknown>\n#8 0x55cbfee3e8a9 <unknown>\n#9 0x55cbfee417b1 <unknown>\n#10 0x55cbfee2aea9 <unknown>\n#11 0x55cbfee4236e <unknown>\n#12 0x55cbfee11410 <unknown>\n#13 0x55cbfee660c8 <unknown>\n#14 0x55cbfee6629b <unknown>\n#15 0x55cbfee77db8 <unknown>\n#16 0x7efda0a9caa4 <unknown>\n#17 0x7efda0b29c6c <unknown>","time":{"start":1770984966877,"stop":1770984977101,"duration":10224}},{"uid":"798043fdfc2b2d1f","reportUrl":"https://Brain-up.github.io/auto-tests-python/823/#testresult/798043fdfc2b2d1f","status":"skipped","statusDetails":"XFAIL\n\nselenium.common.exceptions.TimeoutException: Message: Can't find element by locator ('xpath', '//div[@class=\"__51e19\"]')\nStacktrace:\n#0 0x55e6a50a24ba <unknown>\n#1 0x55e6a4b0b492 <unknown>\n#2 0x55e6a4b609b6 <unknown>\n#3 0x55e6a4b60bf1 <unknown>\n#4 0x55e6a4bac4d4 <unknown>\n#5 0x55e6a4ba9700 <unknown>\n#6 0x55e6a4b526a2 <unknown>\n#7 0x55e6a4b53491 <unknown>\n#8 0x55e6a5068479 <unknown>\n#9 0x55e6a506b391 <unknown>\n#10 0x55e6a5054a89 <unknown>\n#11 0x55e6a506bf4e <unknown>\n#12 0x55e6a503b070 <unknown>\n#13 0x55e6a508fca8 <unknown>\n#14 0x55e6a508fe78 <unknown>\n#15 0x55e6a50a1828 <unknown>\n#16 0x7f740f29caa4 <unknown>\n#17 0x7f740f329c6c <unknown>","time":{"start":1770897718055,"stop":1770897728343,"duration":10288}},{"uid":"e8a45f9f452ff7ad","reportUrl":"https://Brain-up.github.io/auto-tests-python/822/#testresult/e8a45f9f452ff7ad","status":"skipped","statusDetails":"XFAIL\n\nselenium.common.exceptions.TimeoutException: Message: Can't find element by locator ('xpath', '//div[@class=\"__51e19\"]')\nStacktrace:\n#0 0x5572751e94ba <unknown>\n#1 0x557274c52492 <unknown>\n#2 0x557274ca79b6 <unknown>\n#3 0x557274ca7bf1 <unknown>\n#4 0x557274cf34d4 <unknown>\n#5 0x557274cf0700 <unknown>\n#6 0x557274c996a2 <unknown>\n#7 0x557274c9a491 <unknown>\n#8 0x5572751af479 <unknown>\n#9 0x5572751b2391 <unknown>\n#10 0x55727519ba89 <unknown>\n#11 0x5572751b2f4e <unknown>\n#12 0x557275182070 <unknown>\n#13 0x5572751d6ca8 <unknown>\n#14 0x5572751d6e78 <unknown>\n#15 0x5572751e8828 <unknown>\n#16 0x7ffafba9caa4 <unknown>\n#17 0x7ffafbb29c6c <unknown>","time":{"start":1770836442177,"stop":1770836452469,"duration":10292}},{"uid":"910ad23f39754faf","reportUrl":"https://Brain-up.github.io/auto-tests-python/821/#testresult/910ad23f39754faf","status":"skipped","statusDetails":"XFAIL\n\nselenium.common.exceptions.TimeoutException: Message: Can't find element by locator ('xpath', '//div[@class=\"__51e19\"]')\nStacktrace:\n#0 0x55f3161fc4ba <unknown>\n#1 0x55f315c65492 <unknown>\n#2 0x55f315cba9b6 <unknown>\n#3 0x55f315cbabf1 <unknown>\n#4 0x55f315d064d4 <unknown>\n#5 0x55f315d03700 <unknown>\n#6 0x55f315cac6a2 <unknown>\n#7 0x55f315cad491 <unknown>\n#8 0x55f3161c2479 <unknown>\n#9 0x55f3161c5391 <unknown>\n#10 0x55f3161aea89 <unknown>\n#11 0x55f3161c5f4e <unknown>\n#12 0x55f316195070 <unknown>\n#13 0x55f3161e9ca8 <unknown>\n#14 0x55f3161e9e78 <unknown>\n#15 0x55f3161fb828 <unknown>\n#16 0x7f7a0809caa4 <unknown>\n#17 0x7f7a08129c6c <unknown>","time":{"start":1770552462619,"stop":1770552472944,"duration":10325}},{"uid":"b96f0b2c2d56478c","reportUrl":"https://Brain-up.github.io/auto-tests-python/820/#testresult/b96f0b2c2d56478c","status":"skipped","statusDetails":"XFAIL\n\nselenium.common.exceptions.TimeoutException: Message: Can't find element by locator ('xpath', '//div[@class=\"__51e19\"]')\nStacktrace:\n#0 0x55942d22f4ba <unknown>\n#1 0x55942cc98492 <unknown>\n#2 0x55942cced9b6 <unknown>\n#3 0x55942ccedbf1 <unknown>\n#4 0x55942cd394d4 <unknown>\n#5 0x55942cd36700 <unknown>\n#6 0x55942ccdf6a2 <unknown>\n#7 0x55942cce0491 <unknown>\n#8 0x55942d1f5479 <unknown>\n#9 0x55942d1f8391 <unknown>\n#10 0x55942d1e1a89 <unknown>\n#11 0x55942d1f8f4e <unknown>\n#12 0x55942d1c8070 <unknown>\n#13 0x55942d21cca8 <unknown>\n#14 0x55942d21ce78 <unknown>\n#15 0x55942d22e828 <unknown>\n#16 0x7f419e09caa4 <unknown>\n#17 0x7f419e129c6c <unknown>","time":{"start":1770489705015,"stop":1770489715333,"duration":10318}},{"uid":"9a909ef90e7c804f","reportUrl":"https://Brain-up.github.io/auto-tests-python/819/#testresult/9a909ef90e7c804f","status":"skipped","statusDetails":"XFAIL\n\nselenium.common.exceptions.TimeoutException: Message: Can't find element by locator ('xpath', '//div[@class=\"__51e19\"]')\nStacktrace:\n#0 0x556b893d5afa <unknown>\n#1 0x556b88def60f <unknown>\n#2 0x556b88e44a16 <unknown>\n#3 0x556b88e44c51 <unknown>\n#4 0x556b88e90404 <unknown>\n#5 0x556b88e8d62b <unknown>\n#6 0x556b88e36842 <unknown>\n#7 0x556b88e37631 <unknown>\n#8 0x556b8939b689 <unknown>\n#9 0x556b8939e581 <unknown>\n#10 0x556b89387ca9 <unknown>\n#11 0x556b8939f13e <unknown>\n#12 0x556b8936e3a0 <unknown>\n#13 0x556b893c2fc8 <unknown>\n#14 0x556b893c319b <unknown>\n#15 0x556b893d4e68 <unknown>\n#16 0x7f4e5d49caa4 <unknown>\n#17 0x7f4e5d529c6c <unknown>","time":{"start":1770377162473,"stop":1770377172750,"duration":10277}},{"uid":"ab85b6a2132b9f74","reportUrl":"https://Brain-up.github.io/auto-tests-python/818/#testresult/ab85b6a2132b9f74","status":"skipped","statusDetails":"XFAIL\n\nselenium.common.exceptions.TimeoutException: Message: Can't find element by locator ('xpath', '//div[@class=\"__51e19\"]')\nStacktrace:\n#0 0x55dca8c6eafa <unknown>\n#1 0x55dca868860f <unknown>\n#2 0x55dca86dda16 <unknown>\n#3 0x55dca86ddc51 <unknown>\n#4 0x55dca8729404 <unknown>\n#5 0x55dca872662b <unknown>\n#6 0x55dca86cf842 <unknown>\n#7 0x55dca86d0631 <unknown>\n#8 0x55dca8c34689 <unknown>\n#9 0x55dca8c37581 <unknown>\n#10 0x55dca8c20ca9 <unknown>\n#11 0x55dca8c3813e <unknown>\n#12 0x55dca8c073a0 <unknown>\n#13 0x55dca8c5bfc8 <unknown>\n#14 0x55dca8c5c19b <unknown>\n#15 0x55dca8c6de68 <unknown>\n#16 0x7f06fac9caa4 <unknown>\n#17 0x7f06fad29c6c <unknown>","time":{"start":1770119637991,"stop":1770119648262,"duration":10271}},{"uid":"aff5782b0d35346","reportUrl":"https://Brain-up.github.io/auto-tests-python/817/#testresult/aff5782b0d35346","status":"skipped","statusDetails":"XFAIL\n\nselenium.common.exceptions.TimeoutException: Message: Can't find element by locator ('xpath', '//div[@class=\"__51e19\"]')\nStacktrace:\n#0 0x55d0a3b78afa <unknown>\n#1 0x55d0a359260f <unknown>\n#2 0x55d0a35e7a16 <unknown>\n#3 0x55d0a35e7c51 <unknown>\n#4 0x55d0a3633404 <unknown>\n#5 0x55d0a363062b <unknown>\n#6 0x55d0a35d9842 <unknown>\n#7 0x55d0a35da631 <unknown>\n#8 0x55d0a3b3e689 <unknown>\n#9 0x55d0a3b41581 <unknown>\n#10 0x55d0a3b2aca9 <unknown>\n#11 0x55d0a3b4213e <unknown>\n#12 0x55d0a3b113a0 <unknown>\n#13 0x55d0a3b65fc8 <unknown>\n#14 0x55d0a3b6619b <unknown>\n#15 0x55d0a3b77e68 <unknown>\n#16 0x7f5f2c09caa4 <unknown>\n#17 0x7f5f2c129c6c <unknown>","time":{"start":1769945894122,"stop":1769945904379,"duration":10257}},{"uid":"6f2b6dfac61edb1c","reportUrl":"https://Brain-up.github.io/auto-tests-python/816/#testresult/6f2b6dfac61edb1c","status":"skipped","statusDetails":"XFAIL\n\nselenium.common.exceptions.TimeoutException: Message: Can't find element by locator ('xpath', '//div[@class=\"__51e19\"]')\nStacktrace:\n#0 0x5596f05fbafa <unknown>\n#1 0x5596f001560f <unknown>\n#2 0x5596f006aa16 <unknown>\n#3 0x5596f006ac51 <unknown>\n#4 0x5596f00b6404 <unknown>\n#5 0x5596f00b362b <unknown>\n#6 0x5596f005c842 <unknown>\n#7 0x5596f005d631 <unknown>\n#8 0x5596f05c1689 <unknown>\n#9 0x5596f05c4581 <unknown>\n#10 0x5596f05adca9 <unknown>\n#11 0x5596f05c513e <unknown>\n#12 0x5596f05943a0 <unknown>\n#13 0x5596f05e8fc8 <unknown>\n#14 0x5596f05e919b <unknown>\n#15 0x5596f05fae68 <unknown>\n#16 0x7f6be5e9caa4 <unknown>\n#17 0x7f6be5f29c6c <unknown>","time":{"start":1769859847301,"stop":1769859857573,"duration":10272}},{"uid":"6c2a7cf95357d445","reportUrl":"https://Brain-up.github.io/auto-tests-python/816/#testresult/6c2a7cf95357d445","status":"skipped","statusDetails":"XFAIL\n\nselenium.common.exceptions.TimeoutException: Message: Can't find element by locator ('xpath', '//div[@class=\"__51e19\"]')\nStacktrace:\n#0 0x55f426effafa <unknown>\n#1 0x55f42691960f <unknown>\n#2 0x55f42696ea16 <unknown>\n#3 0x55f42696ec51 <unknown>\n#4 0x55f4269ba404 <unknown>\n#5 0x55f4269b762b <unknown>\n#6 0x55f426960842 <unknown>\n#7 0x55f426961631 <unknown>\n#8 0x55f426ec5689 <unknown>\n#9 0x55f426ec8581 <unknown>\n#10 0x55f426eb1ca9 <unknown>\n#11 0x55f426ec913e <unknown>\n#12 0x55f426e983a0 <unknown>\n#13 0x55f426eecfc8 <unknown>\n#14 0x55f426eed19b <unknown>\n#15 0x55f426efee68 <unknown>\n#16 0x7f9af2a9caa4 <unknown>\n#17 0x7f9af2b29c6c <unknown>","time":{"start":1769785214027,"stop":1769785224292,"duration":10265}},{"uid":"a936dedab4fcf74a","reportUrl":"https://Brain-up.github.io/auto-tests-python/815/#testresult/a936dedab4fcf74a","status":"passed","statusDetails":"XPASS","time":{"start":1769689092039,"stop":1769689093978,"duration":1939}},{"uid":"3592362a051172fd","reportUrl":"https://Brain-up.github.io/auto-tests-python/814/#testresult/3592362a051172fd","status":"passed","statusDetails":"XPASS","time":{"start":1769601045910,"stop":1769601047298,"duration":1388}},{"uid":"c49b9088e7c17592","reportUrl":"https://Brain-up.github.io/auto-tests-python/814/#testresult/c49b9088e7c17592","status":"skipped","statusDetails":"XFAIL\n\nselenium.common.exceptions.TimeoutException: Message: Can't find element by locator ('xpath', '//div[@class=\"__51e19\"]')\nStacktrace:\n#0 0x55a200b3dc3a <unknown>\n#1 0x55a200557969 <unknown>\n#2 0x55a2005acead <unknown>\n#3 0x55a2005ad0f1 <unknown>\n#4 0x55a2005f87e4 <unknown>\n#5 0x55a2005f5a20 <unknown>\n#6 0x55a20059ebe2 <unknown>\n#7 0x55a20059f991 <unknown>\n#8 0x55a200b03a99 <unknown>\n#9 0x55a200b069b1 <unknown>\n#10 0x55a200af00a9 <unknown>\n#11 0x55a200b0756e <unknown>\n#12 0x55a200ad65e0 <unknown>\n#13 0x55a200b2b358 <unknown>\n#14 0x55a200b2b528 <unknown>\n#15 0x55a200b3cfa8 <unknown>\n#16 0x7f2ba349caa4 <unknown>\n#17 0x7f2ba3529c6c <unknown>","time":{"start":1769552719288,"stop":1769552729563,"duration":10275}},{"uid":"fb26a257c8ff8c3b","reportUrl":"https://Brain-up.github.io/auto-tests-python/814/#testresult/fb26a257c8ff8c3b","status":"passed","statusDetails":"XPASS","time":{"start":1769545428402,"stop":1769545429796,"duration":1394}}]},"tags":["@pytest.mark.xfail"]},"source":"3c636c23c9954ec8.json","parameterValues":[]}