{"uid":"661b115369c0bc1e","name":"Verify if links on the 'en' local lead to correct pages after clicking","fullName":"tests.groups_page_test.TestGroupsPageLinks#test_gp_03_06_verify_en_links_lead_to_proper_pages","historyId":"75d9e476fc62f6c3167e98b809ffedd2","time":{"start":1771580999989,"stop":1771580999989,"duration":0},"status":"broken","statusMessage":"selenium.common.exceptions.TimeoutException: Message: Can't find element by locator https://www.brainup.site/groups","statusTrace":"self = <pages.base_page.BasePage object at 0x7fbb82fdd2e0>\nurl = 'https://www.brainup.site/groups'\n\n    def check_expected_link(self, url):\n        with allure.step(f'Check url is present: {url}'):\n            try:\n>               return Wait(self.driver, self.timeout).until(\n                    EC.url_to_be(url), message=f\"Can't find element by locator {url}\")\n\npages/base_page.py:80: \n_ _ _ _ _ _ _ _ _ _ _ _ _ _ _ _ _ _ _ _ _ _ _ _ _ _ _ _ _ _ _ _ _ _ _ _ _ _ _ _ \n\nself = <selenium.webdriver.support.wait.WebDriverWait (session=\"356217e7d90d5dc18d7ed09ce9ab20a0\")>\nmethod = <function url_to_be.<locals>._predicate at 0x7fbb82fceac0>\nmessage = \"Can't find element by locator https://www.brainup.site/groups\"\n\n    def until(self, method, message: str = \"\"):\n        \"\"\"Calls the method provided with the driver as an argument until the \\\n        return value does not evaluate to ``False``.\n    \n        :param method: callable(WebDriver)\n        :param message: optional message for :exc:`TimeoutException`\n        :returns: the result of the last call to `method`\n        :raises: :exc:`selenium.common.exceptions.TimeoutException` if timeout occurs\n        \"\"\"\n        screen = None\n        stacktrace = None\n    \n        end_time = time.monotonic() + self._timeout\n        while True:\n            try:\n                value = method(self._driver)\n                if value:\n                    return value\n            except self._ignored_exceptions as exc:\n                screen = getattr(exc, \"screen\", None)\n                stacktrace = getattr(exc, \"stacktrace\", None)\n            time.sleep(self._poll)\n            if time.monotonic() > end_time:\n                break\n>       raise TimeoutException(message, screen, stacktrace)\nE       selenium.common.exceptions.TimeoutException: Message: Can't find element by locator https://www.brainup.site/groups\n\n/opt/hostedtoolcache/Python/3.12.12/x64/lib/python3.12/site-packages/selenium/webdriver/support/wait.py:95: TimeoutException\n\nDuring handling of the above exception, another exception occurred:\n\ndriver = <selenium.webdriver.chrome.webdriver.WebDriver (session=\"356217e7d90d5dc18d7ed09ce9ab20a0\")>\nmain_page_open = None\n\n    @pytest.fixture()\n    @allure.step('Auto test user authorized')\n    def auto_test_user_authorized(driver, main_page_open):\n        page = BasePage(driver)\n        page.element_is_present_and_clickable(MainPageLocators.LOGIN_BUTTON).click()\n        page.element_is_visible(LoginPageLocators.INPUT_LOGIN).send_keys(os.environ[\"LOGIN\"])\n        page.element_is_visible(LoginPageLocators.INPUT_PASSWORD).send_keys(os.environ[\"PASSWORD\"])\n        page.element_is_present_and_clickable(LoginPageLocators.SIGN_IN_BUTTON).click()\n>       page.check_expected_link(MainPageLinks.URL_GROUPS_PAGE)\n\ntests/conftest.py:178: \n_ _ _ _ _ _ _ _ _ _ _ _ _ _ _ _ _ _ _ _ _ _ _ _ _ _ _ _ _ _ _ _ _ _ _ _ _ _ _ _ \npages/base_page.py:84: in check_expected_link\n    return Wait(self.driver, self.timeout).until(\n_ _ _ _ _ _ _ _ _ _ _ _ _ _ _ _ _ _ _ _ _ _ _ _ _ _ _ _ _ _ _ _ _ _ _ _ _ _ _ _ \n\nself = <selenium.webdriver.support.wait.WebDriverWait (session=\"356217e7d90d5dc18d7ed09ce9ab20a0\")>\nmethod = <function url_to_be.<locals>._predicate at 0x7fbb82fcd300>\nmessage = \"Can't find element by locator https://www.brainup.site/groups\"\n\n    def until(self, method, message: str = \"\"):\n        \"\"\"Calls the method provided with the driver as an argument until the \\\n        return value does not evaluate to ``False``.\n    \n        :param method: callable(WebDriver)\n        :param message: optional message for :exc:`TimeoutException`\n        :returns: the result of the last call to `method`\n        :raises: :exc:`selenium.common.exceptions.TimeoutException` if timeout occurs\n        \"\"\"\n        screen = None\n        stacktrace = None\n    \n        end_time = time.monotonic() + self._timeout\n        while True:\n            try:\n                value = method(self._driver)\n                if value:\n                    return value\n            except self._ignored_exceptions as exc:\n                screen = getattr(exc, \"screen\", None)\n                stacktrace = getattr(exc, \"stacktrace\", None)\n            time.sleep(self._poll)\n            if time.monotonic() > end_time:\n                break\n>       raise TimeoutException(message, screen, stacktrace)\nE       selenium.common.exceptions.TimeoutException: Message: Can't find element by locator https://www.brainup.site/groups\n\n/opt/hostedtoolcache/Python/3.12.12/x64/lib/python3.12/site-packages/selenium/webdriver/support/wait.py:95: TimeoutException","flaky":false,"newFailed":false,"newBroken":true,"newPassed":false,"retriesCount":0,"retriesStatusChange":false,"beforeStages":[{"name":"clear_allure_results_folder","time":{"start":1771580295261,"stop":1771580295261,"duration":0},"status":"passed","steps":[],"attachments":[],"parameters":[],"stepsCount":0,"shouldDisplayMessage":false,"attachmentsCount":0,"hasContent":false,"attachmentStep":false},{"name":"driver","time":{"start":1771580999989,"stop":1771581000723,"duration":734},"status":"passed","steps":[],"attachments":[],"parameters":[],"stepsCount":0,"shouldDisplayMessage":false,"attachmentsCount":0,"hasContent":false,"attachmentStep":false},{"name":"main_page_open","time":{"start":1771581000723,"stop":1771581003428,"duration":2705},"status":"passed","steps":[{"name":"Open page: https://www.brainup.site/","time":{"start":1771581000723,"stop":1771581003428,"duration":2705},"status":"passed","steps":[],"attachments":[],"parameters":[{"name":"driver","value":"<selenium.webdriver.chrome.webdriver.WebDriver (session=\"356217e7d90d5dc18d7ed09ce9ab20a0\")>"}],"stepsCount":0,"shouldDisplayMessage":false,"attachmentsCount":0,"hasContent":true,"attachmentStep":false}],"attachments":[],"parameters":[],"stepsCount":1,"shouldDisplayMessage":false,"attachmentsCount":0,"hasContent":true,"attachmentStep":false},{"name":"auto_test_user_authorized","time":{"start":1771581003428,"stop":1771581023921,"duration":20493},"status":"broken","statusMessage":"selenium.common.exceptions.TimeoutException: Message: Can't find element by locator https://www.brainup.site/groups\n\n","statusTrace":"  File \"/opt/hostedtoolcache/Python/3.12.12/x64/lib/python3.12/site-packages/pluggy/_callers.py\", line 38, in run_old_style_hookwrapper\n    res = yield\n          ^^^^^\n  File \"/opt/hostedtoolcache/Python/3.12.12/x64/lib/python3.12/site-packages/pluggy/_callers.py\", line 139, in _multicall\n    teardown.throw(exception)\n  File \"/opt/hostedtoolcache/Python/3.12.12/x64/lib/python3.12/site-packages/pluggy/_callers.py\", line 53, in run_old_style_hookwrapper\n    return result.get_result()\n           ^^^^^^^^^^^^^^^^^^^\n  File \"/opt/hostedtoolcache/Python/3.12.12/x64/lib/python3.12/site-packages/pluggy/_result.py\", line 103, in get_result\n    raise exc.with_traceback(tb)\n  File \"/opt/hostedtoolcache/Python/3.12.12/x64/lib/python3.12/site-packages/pluggy/_callers.py\", line 38, in run_old_style_hookwrapper\n    res = yield\n          ^^^^^\n  File \"/opt/hostedtoolcache/Python/3.12.12/x64/lib/python3.12/site-packages/pluggy/_callers.py\", line 121, in _multicall\n    res = hook_impl.function(*args)\n          ^^^^^^^^^^^^^^^^^^^^^^^^^\n  File \"/opt/hostedtoolcache/Python/3.12.12/x64/lib/python3.12/site-packages/_pytest/fixtures.py\", line 1123, in pytest_fixture_setup\n    result = call_fixture_func(fixturefunc, request, kwargs)\n             ^^^^^^^^^^^^^^^^^^^^^^^^^^^^^^^^^^^^^^^^^^^^^^^\n  File \"/opt/hostedtoolcache/Python/3.12.12/x64/lib/python3.12/site-packages/_pytest/fixtures.py\", line 902, in call_fixture_func\n    fixture_result = fixturefunc(**kwargs)\n                     ^^^^^^^^^^^^^^^^^^^^^\n  File \"/opt/hostedtoolcache/Python/3.12.12/x64/lib/python3.12/site-packages/allure_commons/_allure.py\", line 192, in impl\n    return func(*a, **kw)\n           ^^^^^^^^^^^^^^\n  File \"/home/runner/work/auto-tests-python/auto-tests-python/tests/conftest.py\", line 178, in auto_test_user_authorized\n    page.check_expected_link(MainPageLinks.URL_GROUPS_PAGE)\n  File \"/home/runner/work/auto-tests-python/auto-tests-python/pages/base_page.py\", line 84, in check_expected_link\n    return Wait(self.driver, self.timeout).until(\n           ^^^^^^^^^^^^^^^^^^^^^^^^^^^^^^^^^^^^^^\n  File \"/opt/hostedtoolcache/Python/3.12.12/x64/lib/python3.12/site-packages/selenium/webdriver/support/wait.py\", line 95, in until\n    raise TimeoutException(message, screen, stacktrace)\n","steps":[{"name":"Auto test user authorized","time":{"start":1771581003428,"stop":1771581023921,"duration":20493},"status":"broken","statusMessage":"selenium.common.exceptions.TimeoutException: Message: Can't find element by locator https://www.brainup.site/groups\n\n","statusTrace":"  File \"/opt/hostedtoolcache/Python/3.12.12/x64/lib/python3.12/site-packages/allure_commons/_allure.py\", line 192, in impl\n    return func(*a, **kw)\n           ^^^^^^^^^^^^^^\n  File \"/home/runner/work/auto-tests-python/auto-tests-python/tests/conftest.py\", line 178, in auto_test_user_authorized\n    page.check_expected_link(MainPageLinks.URL_GROUPS_PAGE)\n  File \"/home/runner/work/auto-tests-python/auto-tests-python/pages/base_page.py\", line 84, in check_expected_link\n    return Wait(self.driver, self.timeout).until(\n           ^^^^^^^^^^^^^^^^^^^^^^^^^^^^^^^^^^^^^^\n  File \"/opt/hostedtoolcache/Python/3.12.12/x64/lib/python3.12/site-packages/selenium/webdriver/support/wait.py\", line 95, in until\n    raise TimeoutException(message, screen, stacktrace)\n","steps":[{"name":"Check url is present: https://www.brainup.site/groups","time":{"start":1771581003785,"stop":1771581023920,"duration":20135},"status":"broken","statusMessage":"selenium.common.exceptions.TimeoutException: Message: Can't find element by locator https://www.brainup.site/groups\n\n","statusTrace":"  File \"/home/runner/work/auto-tests-python/auto-tests-python/pages/base_page.py\", line 84, in check_expected_link\n    return Wait(self.driver, self.timeout).until(\n           ^^^^^^^^^^^^^^^^^^^^^^^^^^^^^^^^^^^^^^\n  File \"/opt/hostedtoolcache/Python/3.12.12/x64/lib/python3.12/site-packages/selenium/webdriver/support/wait.py\", line 95, in until\n    raise TimeoutException(message, screen, stacktrace)\n","steps":[],"attachments":[],"parameters":[],"stepsCount":0,"shouldDisplayMessage":true,"attachmentsCount":0,"hasContent":true,"attachmentStep":false}],"attachments":[],"parameters":[{"name":"driver","value":"<selenium.webdriver.chrome.webdriver.WebDriver (session=\"356217e7d90d5dc18d7ed09ce9ab20a0\")>"},{"name":"main_page_open","value":"None"}],"stepsCount":1,"shouldDisplayMessage":false,"attachmentsCount":0,"hasContent":true,"attachmentStep":false}],"attachments":[],"parameters":[],"stepsCount":2,"shouldDisplayMessage":false,"attachmentsCount":0,"hasContent":true,"attachmentStep":false}],"afterStages":[{"name":"driver::0","time":{"start":1771581023956,"stop":1771581024020,"duration":64},"status":"passed","steps":[],"attachments":[],"parameters":[],"stepsCount":0,"shouldDisplayMessage":false,"attachmentsCount":0,"hasContent":false,"attachmentStep":false}],"labels":[{"name":"epic","value":"The Groups Page"},{"name":"parentSuite","value":"tests"},{"name":"suite","value":"groups_page_test"},{"name":"subSuite","value":"TestGroupsPage"},{"name":"host","value":"runnervmwffz4"},{"name":"thread","value":"2715-MainThread"},{"name":"framework","value":"pytest"},{"name":"language","value":"cpython3"},{"name":"package","value":"tests.groups_page_test"},{"name":"resultFormat","value":"allure2"}],"parameters":[],"links":[],"hidden":false,"retry":false,"extra":{"severity":"normal","retries":[],"categories":[{"name":"Test defects","matchedStatuses":[],"flaky":false}],"history":{"statistic":{"failed":0,"broken":2,"skipped":0,"passed":39,"unknown":0,"total":41},"items":[{"uid":"fd9c38601dafc3fe","reportUrl":"https://Brain-up.github.io/auto-tests-python/830/#testresult/fd9c38601dafc3fe","status":"passed","time":{"start":1771534190452,"stop":1771534193709,"duration":3257}},{"uid":"33986e59c79037f2","reportUrl":"https://Brain-up.github.io/auto-tests-python/829/#testresult/33986e59c79037f2","status":"passed","time":{"start":1771409296872,"stop":1771409300118,"duration":3246}},{"uid":"b64b161d8d36a0b3","reportUrl":"https://Brain-up.github.io/auto-tests-python/828/#testresult/b64b161d8d36a0b3","status":"passed","time":{"start":1771342349532,"stop":1771342352768,"duration":3236}},{"uid":"416a795c6fd64b67","reportUrl":"https://Brain-up.github.io/auto-tests-python/827/#testresult/416a795c6fd64b67","status":"broken","statusDetails":"selenium.common.exceptions.TimeoutException: Message: Can't find element by locator https://www.brainup.site/groups","time":{"start":1771235869523,"stop":1771235869523,"duration":0}},{"uid":"c2564d3d9072417","reportUrl":"https://Brain-up.github.io/auto-tests-python/826/#testresult/c2564d3d9072417","status":"passed","time":{"start":1771167024920,"stop":1771167028159,"duration":3239}},{"uid":"8d958c4df71591f2","reportUrl":"https://Brain-up.github.io/auto-tests-python/825/#testresult/8d958c4df71591f2","status":"passed","time":{"start":1771046280729,"stop":1771046283964,"duration":3235}},{"uid":"c17a2ef518bdedb4","reportUrl":"https://Brain-up.github.io/auto-tests-python/824/#testresult/c17a2ef518bdedb4","status":"passed","time":{"start":1770984356535,"stop":1770984359752,"duration":3217}},{"uid":"f0644a3772d85455","reportUrl":"https://Brain-up.github.io/auto-tests-python/823/#testresult/f0644a3772d85455","status":"passed","time":{"start":1770897014081,"stop":1770897017300,"duration":3219}},{"uid":"4d46d125476df1bc","reportUrl":"https://Brain-up.github.io/auto-tests-python/822/#testresult/4d46d125476df1bc","status":"passed","time":{"start":1770835723149,"stop":1770835727929,"duration":4780}},{"uid":"3991fb06ce545d6d","reportUrl":"https://Brain-up.github.io/auto-tests-python/821/#testresult/3991fb06ce545d6d","status":"passed","time":{"start":1770551837713,"stop":1770551842463,"duration":4750}},{"uid":"ccdad79ab14a52d9","reportUrl":"https://Brain-up.github.io/auto-tests-python/820/#testresult/ccdad79ab14a52d9","status":"passed","time":{"start":1770489075745,"stop":1770489080528,"duration":4783}},{"uid":"52871c5ccfbdb26d","reportUrl":"https://Brain-up.github.io/auto-tests-python/819/#testresult/52871c5ccfbdb26d","status":"passed","time":{"start":1770376454049,"stop":1770376457301,"duration":3252}},{"uid":"2e1d4aa2c08cf05b","reportUrl":"https://Brain-up.github.io/auto-tests-python/818/#testresult/2e1d4aa2c08cf05b","status":"passed","time":{"start":1770118913407,"stop":1770118916633,"duration":3226}},{"uid":"9adc87669a433d75","reportUrl":"https://Brain-up.github.io/auto-tests-python/817/#testresult/9adc87669a433d75","status":"passed","time":{"start":1769945197394,"stop":1769945200618,"duration":3224}},{"uid":"291a7157648c4af7","reportUrl":"https://Brain-up.github.io/auto-tests-python/816/#testresult/291a7157648c4af7","status":"passed","time":{"start":1769859156457,"stop":1769859159678,"duration":3221}},{"uid":"c42e875673283eb7","reportUrl":"https://Brain-up.github.io/auto-tests-python/816/#testresult/c42e875673283eb7","status":"passed","time":{"start":1769784590554,"stop":1769784593818,"duration":3264}},{"uid":"22e9431c758904b5","reportUrl":"https://Brain-up.github.io/auto-tests-python/815/#testresult/22e9431c758904b5","status":"passed","time":{"start":1769688340369,"stop":1769688343625,"duration":3256}},{"uid":"e52897393250992b","reportUrl":"https://Brain-up.github.io/auto-tests-python/814/#testresult/e52897393250992b","status":"passed","time":{"start":1769600314652,"stop":1769600317913,"duration":3261}},{"uid":"4c3678cbdac7ccef","reportUrl":"https://Brain-up.github.io/auto-tests-python/814/#testresult/4c3678cbdac7ccef","status":"passed","time":{"start":1769552117535,"stop":1769552120761,"duration":3226}},{"uid":"5839b3f4254553ef","reportUrl":"https://Brain-up.github.io/auto-tests-python/814/#testresult/5839b3f4254553ef","status":"passed","time":{"start":1769543907222,"stop":1769543910453,"duration":3231}}]},"tags":[]},"source":"661b115369c0bc1e.json","parameterValues":[]}