{"uid":"6a411e8017b797b5","name":"Select random card from \"Word\" group and compare UI vs BACKEND data","fullName":"tests.test_speech_exercises_en.TestCardsEN#test_random_word_cards_en","historyId":"84999af5e98c6318908a9abbfe6fc3a3","time":{"start":1771581459827,"stop":1771581470135,"duration":10308},"status":"skipped","statusMessage":"XFAIL\n\nselenium.common.exceptions.TimeoutException: Message: Can't find element by locator ('xpath', '//button[@data-test-active-link=\"Words\"]')\nStacktrace:\n#0 0x55c013bd74ba <unknown>\n#1 0x55c013640492 <unknown>\n#2 0x55c0136959b6 <unknown>\n#3 0x55c013695bf1 <unknown>\n#4 0x55c0136e14d4 <unknown>\n#5 0x55c0136de700 <unknown>\n#6 0x55c0136876a2 <unknown>\n#7 0x55c013688491 <unknown>\n#8 0x55c013b9d479 <unknown>\n#9 0x55c013ba0391 <unknown>\n#10 0x55c013b89a89 <unknown>\n#11 0x55c013ba0f4e <unknown>\n#12 0x55c013b70070 <unknown>\n#13 0x55c013bc4ca8 <unknown>\n#14 0x55c013bc4e78 <unknown>\n#15 0x55c013bd6828 <unknown>\n#16 0x7fdfe749caa4 <unknown>\n#17 0x7fdfe7529c6c <unknown>","statusTrace":"self = <tests.test_speech_exercises_en.TestCardsEN object at 0x7fbb83139a60>\ndriver = <selenium.webdriver.chrome.webdriver.WebDriver (session=\"396e899d50793203e6b45a03212a021e\")>\nspecialist_user_authorized = None\n\n    @pytest.mark.xfail\n    @allure.suite(\"Speech exercises EN.\")\n    @allure.title('Select random card from \"Word\" group and compare UI vs BACKEND data')\n    def test_random_word_cards_en(self, driver, specialist_user_authorized):\n        page = SpeechExercisesPage(driver)\n>       page.select_group(SpeechExercisesPageLocators.WORDS_BUTTON_EN)\n\ntests/test_speech_exercises_en.py:16: \n_ _ _ _ _ _ _ _ _ _ _ _ _ _ _ _ _ _ _ _ _ _ _ _ _ _ _ _ _ _ _ _ _ _ _ _ _ _ _ _ \npages/speech_exercises_page_en.py:18: in select_group\n    text_of_the_button = self.element_is_present_and_clickable(selector_for_sub_group)\npages/base_page.py:40: in element_is_present_and_clickable\n    return (Wait(self.driver, self.timeout).until(\n_ _ _ _ _ _ _ _ _ _ _ _ _ _ _ _ _ _ _ _ _ _ _ _ _ _ _ _ _ _ _ _ _ _ _ _ _ _ _ _ \n\nself = <selenium.webdriver.support.wait.WebDriverWait (session=\"396e899d50793203e6b45a03212a021e\")>\nmethod = <function visibility_of_element_located.<locals>._predicate at 0x7fbb82f8f240>\nmessage = 'Can\\'t find element by locator (\\'xpath\\', \\'//button[@data-test-active-link=\"Words\"]\\')'\n\n    def until(self, method, message: str = \"\"):\n        \"\"\"Calls the method provided with the driver as an argument until the \\\n        return value does not evaluate to ``False``.\n    \n        :param method: callable(WebDriver)\n        :param message: optional message for :exc:`TimeoutException`\n        :returns: the result of the last call to `method`\n        :raises: :exc:`selenium.common.exceptions.TimeoutException` if timeout occurs\n        \"\"\"\n        screen = None\n        stacktrace = None\n    \n        end_time = time.monotonic() + self._timeout\n        while True:\n            try:\n                value = method(self._driver)\n                if value:\n                    return value\n            except self._ignored_exceptions as exc:\n                screen = getattr(exc, \"screen\", None)\n                stacktrace = getattr(exc, \"stacktrace\", None)\n            time.sleep(self._poll)\n            if time.monotonic() > end_time:\n                break\n>       raise TimeoutException(message, screen, stacktrace)\nE       selenium.common.exceptions.TimeoutException: Message: Can't find element by locator ('xpath', '//button[@data-test-active-link=\"Words\"]')\nE       Stacktrace:\nE       #0 0x55c013bd74ba <unknown>\nE       #1 0x55c013640492 <unknown>\nE       #2 0x55c0136959b6 <unknown>\nE       #3 0x55c013695bf1 <unknown>\nE       #4 0x55c0136e14d4 <unknown>\nE       #5 0x55c0136de700 <unknown>\nE       #6 0x55c0136876a2 <unknown>\nE       #7 0x55c013688491 <unknown>\nE       #8 0x55c013b9d479 <unknown>\nE       #9 0x55c013ba0391 <unknown>\nE       #10 0x55c013b89a89 <unknown>\nE       #11 0x55c013ba0f4e <unknown>\nE       #12 0x55c013b70070 <unknown>\nE       #13 0x55c013bc4ca8 <unknown>\nE       #14 0x55c013bc4e78 <unknown>\nE       #15 0x55c013bd6828 <unknown>\nE       #16 0x7fdfe749caa4 <unknown>\nE       #17 0x7fdfe7529c6c <unknown>\n\n/opt/hostedtoolcache/Python/3.12.12/x64/lib/python3.12/site-packages/selenium/webdriver/support/wait.py:95: TimeoutException","flaky":false,"newFailed":false,"newBroken":false,"newPassed":false,"retriesCount":0,"retriesStatusChange":false,"beforeStages":[{"name":"clear_allure_results_folder","time":{"start":1771580295261,"stop":1771580295261,"duration":0},"status":"passed","steps":[],"attachments":[],"parameters":[],"stepsCount":0,"shouldDisplayMessage":false,"attachmentsCount":0,"hasContent":false,"attachmentStep":false},{"name":"driver","time":{"start":1771581453574,"stop":1771581454307,"duration":733},"status":"passed","steps":[],"attachments":[],"parameters":[],"stepsCount":0,"shouldDisplayMessage":false,"attachmentsCount":0,"hasContent":false,"attachmentStep":false},{"name":"main_page_open","time":{"start":1771581454307,"stop":1771581456914,"duration":2607},"status":"passed","steps":[{"name":"Open page: https://www.brainup.site/","time":{"start":1771581454308,"stop":1771581456914,"duration":2606},"status":"passed","steps":[],"attachments":[],"parameters":[{"name":"driver","value":"<selenium.webdriver.chrome.webdriver.WebDriver (session=\"396e899d50793203e6b45a03212a021e\")>"}],"stepsCount":0,"shouldDisplayMessage":false,"attachmentsCount":0,"hasContent":true,"attachmentStep":false}],"attachments":[],"parameters":[],"stepsCount":1,"shouldDisplayMessage":false,"attachmentsCount":0,"hasContent":true,"attachmentStep":false},{"name":"specialist_user_authorized","time":{"start":1771581456914,"stop":1771581459827,"duration":2913},"status":"passed","steps":[{"name":"USER specialist authorized","time":{"start":1771581456914,"stop":1771581459827,"duration":2913},"status":"passed","steps":[{"name":"Check url is present: https://www.brainup.site/groups","time":{"start":1771581457283,"stop":1771581459806,"duration":2523},"status":"passed","steps":[],"attachments":[],"parameters":[],"stepsCount":0,"shouldDisplayMessage":false,"attachmentsCount":0,"hasContent":false,"attachmentStep":false},{"name":"Loader checking","time":{"start":1771581459806,"stop":1771581459827,"duration":21},"status":"passed","steps":[],"attachments":[],"parameters":[],"stepsCount":0,"shouldDisplayMessage":false,"attachmentsCount":0,"hasContent":false,"attachmentStep":false}],"attachments":[],"parameters":[{"name":"driver","value":"<selenium.webdriver.chrome.webdriver.WebDriver (session=\"396e899d50793203e6b45a03212a021e\")>"},{"name":"main_page_open","value":"None"}],"stepsCount":2,"shouldDisplayMessage":false,"attachmentsCount":0,"hasContent":true,"attachmentStep":false}],"attachments":[],"parameters":[],"stepsCount":3,"shouldDisplayMessage":false,"attachmentsCount":0,"hasContent":true,"attachmentStep":false}],"testStage":{"status":"skipped","statusMessage":"XFAIL\n\nselenium.common.exceptions.TimeoutException: Message: Can't find element by locator ('xpath', '//button[@data-test-active-link=\"Words\"]')\nStacktrace:\n#0 0x55c013bd74ba <unknown>\n#1 0x55c013640492 <unknown>\n#2 0x55c0136959b6 <unknown>\n#3 0x55c013695bf1 <unknown>\n#4 0x55c0136e14d4 <unknown>\n#5 0x55c0136de700 <unknown>\n#6 0x55c0136876a2 <unknown>\n#7 0x55c013688491 <unknown>\n#8 0x55c013b9d479 <unknown>\n#9 0x55c013ba0391 <unknown>\n#10 0x55c013b89a89 <unknown>\n#11 0x55c013ba0f4e <unknown>\n#12 0x55c013b70070 <unknown>\n#13 0x55c013bc4ca8 <unknown>\n#14 0x55c013bc4e78 <unknown>\n#15 0x55c013bd6828 <unknown>\n#16 0x7fdfe749caa4 <unknown>\n#17 0x7fdfe7529c6c <unknown>","statusTrace":"self = <tests.test_speech_exercises_en.TestCardsEN object at 0x7fbb83139a60>\ndriver = <selenium.webdriver.chrome.webdriver.WebDriver (session=\"396e899d50793203e6b45a03212a021e\")>\nspecialist_user_authorized = None\n\n    @pytest.mark.xfail\n    @allure.suite(\"Speech exercises EN.\")\n    @allure.title('Select random card from \"Word\" group and compare UI vs BACKEND data')\n    def test_random_word_cards_en(self, driver, specialist_user_authorized):\n        page = SpeechExercisesPage(driver)\n>       page.select_group(SpeechExercisesPageLocators.WORDS_BUTTON_EN)\n\ntests/test_speech_exercises_en.py:16: \n_ _ _ _ _ _ _ _ _ _ _ _ _ _ _ _ _ _ _ _ _ _ _ _ _ _ _ _ _ _ _ _ _ _ _ _ _ _ _ _ \npages/speech_exercises_page_en.py:18: in select_group\n    text_of_the_button = self.element_is_present_and_clickable(selector_for_sub_group)\npages/base_page.py:40: in element_is_present_and_clickable\n    return (Wait(self.driver, self.timeout).until(\n_ _ _ _ _ _ _ _ _ _ _ _ _ _ _ _ _ _ _ _ _ _ _ _ _ _ _ _ _ _ _ _ _ _ _ _ _ _ _ _ \n\nself = <selenium.webdriver.support.wait.WebDriverWait (session=\"396e899d50793203e6b45a03212a021e\")>\nmethod = <function visibility_of_element_located.<locals>._predicate at 0x7fbb82f8f240>\nmessage = 'Can\\'t find element by locator (\\'xpath\\', \\'//button[@data-test-active-link=\"Words\"]\\')'\n\n    def until(self, method, message: str = \"\"):\n        \"\"\"Calls the method provided with the driver as an argument until the \\\n        return value does not evaluate to ``False``.\n    \n        :param method: callable(WebDriver)\n        :param message: optional message for :exc:`TimeoutException`\n        :returns: the result of the last call to `method`\n        :raises: :exc:`selenium.common.exceptions.TimeoutException` if timeout occurs\n        \"\"\"\n        screen = None\n        stacktrace = None\n    \n        end_time = time.monotonic() + self._timeout\n        while True:\n            try:\n                value = method(self._driver)\n                if value:\n                    return value\n            except self._ignored_exceptions as exc:\n                screen = getattr(exc, \"screen\", None)\n                stacktrace = getattr(exc, \"stacktrace\", None)\n            time.sleep(self._poll)\n            if time.monotonic() > end_time:\n                break\n>       raise TimeoutException(message, screen, stacktrace)\nE       selenium.common.exceptions.TimeoutException: Message: Can't find element by locator ('xpath', '//button[@data-test-active-link=\"Words\"]')\nE       Stacktrace:\nE       #0 0x55c013bd74ba <unknown>\nE       #1 0x55c013640492 <unknown>\nE       #2 0x55c0136959b6 <unknown>\nE       #3 0x55c013695bf1 <unknown>\nE       #4 0x55c0136e14d4 <unknown>\nE       #5 0x55c0136de700 <unknown>\nE       #6 0x55c0136876a2 <unknown>\nE       #7 0x55c013688491 <unknown>\nE       #8 0x55c013b9d479 <unknown>\nE       #9 0x55c013ba0391 <unknown>\nE       #10 0x55c013b89a89 <unknown>\nE       #11 0x55c013ba0f4e <unknown>\nE       #12 0x55c013b70070 <unknown>\nE       #13 0x55c013bc4ca8 <unknown>\nE       #14 0x55c013bc4e78 <unknown>\nE       #15 0x55c013bd6828 <unknown>\nE       #16 0x7fdfe749caa4 <unknown>\nE       #17 0x7fdfe7529c6c <unknown>\n\n/opt/hostedtoolcache/Python/3.12.12/x64/lib/python3.12/site-packages/selenium/webdriver/support/wait.py:95: TimeoutException","steps":[{"name":"select_group","time":{"start":1771581459828,"stop":1771581470135,"duration":10307},"status":"broken","statusMessage":"selenium.common.exceptions.TimeoutException: Message: Can't find element by locator ('xpath', '//button[@data-test-active-link=\"Words\"]')\nStacktrace:\n#0 0x55c013bd74ba <unknown>\n#1 0x55c013640492 <unknown>\n#2 0x55c0136959b6 <unknown>\n#3 0x55c013695bf1 <unknown>\n#4 0x55c0136e14d4 <unknown>\n#5 0x55c0136de700 <unknown>\n#6 0x55c0136876a2 <unknown>\n#7 0x55c013688491 <unknown>\n#8 0x55c013b9d479 <unknown>\n#9 0x55c013ba0391 <unknown>\n#10 0x55c013b89a89 <unknown>\n#11 0x55c013ba0f4e <unknown>\n#12 0x55c013b70070 <unknown>\n#13 0x55c013bc4ca8 <unknown>\n#14 0x55c013bc4e78 <unknown>\n#15 0x55c013bd6828 <unknown>\n#16 0x7fdfe749caa4 <unknown>\n#17 0x7fdfe7529c6c <unknown>\n\n","statusTrace":"  File \"/opt/hostedtoolcache/Python/3.12.12/x64/lib/python3.12/site-packages/allure_commons/_allure.py\", line 192, in impl\n    return func(*a, **kw)\n           ^^^^^^^^^^^^^^\n  File \"/home/runner/work/auto-tests-python/auto-tests-python/pages/speech_exercises_page_en.py\", line 18, in select_group\n    text_of_the_button = self.element_is_present_and_clickable(selector_for_sub_group)\n                         ^^^^^^^^^^^^^^^^^^^^^^^^^^^^^^^^^^^^^^^^^^^^^^^^^^^^^^^^^^^^^\n  File \"/home/runner/work/auto-tests-python/auto-tests-python/pages/base_page.py\", line 40, in element_is_present_and_clickable\n    return (Wait(self.driver, self.timeout).until(\n            ^^^^^^^^^^^^^^^^^^^^^^^^^^^^^^^^^^^^^^\n  File \"/opt/hostedtoolcache/Python/3.12.12/x64/lib/python3.12/site-packages/selenium/webdriver/support/wait.py\", line 95, in until\n    raise TimeoutException(message, screen, stacktrace)\n","steps":[{"name":"Select Russian language. Click \"EN\" button.","time":{"start":1771581459828,"stop":1771581459901,"duration":73},"status":"passed","steps":[],"attachments":[],"parameters":[],"stepsCount":0,"shouldDisplayMessage":false,"attachmentsCount":0,"hasContent":false,"attachmentStep":false},{"name":"Click button \"SPEECH EXERCISES\".","time":{"start":1771581459901,"stop":1771581459975,"duration":74},"status":"passed","steps":[],"attachments":[],"parameters":[],"stepsCount":0,"shouldDisplayMessage":false,"attachmentsCount":0,"hasContent":false,"attachmentStep":false}],"attachments":[],"parameters":[{"name":"selector_for_sub_group","value":"('xpath', '//button[@data-test-active-link=\"Words\"]')"}],"stepsCount":2,"shouldDisplayMessage":true,"attachmentsCount":0,"hasContent":true,"attachmentStep":false}],"attachments":[],"parameters":[],"stepsCount":3,"shouldDisplayMessage":true,"attachmentsCount":0,"hasContent":true,"attachmentStep":false},"afterStages":[{"name":"driver::0","time":{"start":1771581470144,"stop":1771581470209,"duration":65},"status":"passed","steps":[],"attachments":[],"parameters":[],"stepsCount":0,"shouldDisplayMessage":false,"attachmentsCount":0,"hasContent":false,"attachmentStep":false}],"labels":[{"name":"epic","value":"Speech exercises."},{"name":"suite","value":"Speech exercises EN."},{"name":"tag","value":"@pytest.mark.xfail"},{"name":"parentSuite","value":"tests"},{"name":"subSuite","value":"TestCardsEN"},{"name":"host","value":"runnervmwffz4"},{"name":"thread","value":"2715-MainThread"},{"name":"framework","value":"pytest"},{"name":"language","value":"cpython3"},{"name":"package","value":"tests.test_speech_exercises_en"},{"name":"resultFormat","value":"allure2"}],"parameters":[],"links":[],"hidden":false,"retry":false,"extra":{"severity":"normal","retries":[],"categories":[],"history":{"statistic":{"failed":0,"broken":0,"skipped":41,"passed":0,"unknown":0,"total":41},"items":[{"uid":"e8f710b632b2a4ec","reportUrl":"https://Brain-up.github.io/auto-tests-python/830/#testresult/e8f710b632b2a4ec","status":"skipped","statusDetails":"XFAIL\n\nselenium.common.exceptions.TimeoutException: Message: Can't find element by locator ('xpath', '//button[@data-test-active-link=\"Words\"]')\nStacktrace:\n#0 0x563e3f2cadba <unknown>\n#1 0x563e3ecda682 <unknown>\n#2 0x563e3ed2fa06 <unknown>\n#3 0x563e3ed2fc41 <unknown>\n#4 0x563e3ed7ae14 <unknown>\n#5 0x563e3ed7804b <unknown>\n#6 0x563e3ed2188f <unknown>\n#7 0x563e3ed22651 <unknown>\n#8 0x563e3f28f209 <unknown>\n#9 0x563e3f292111 <unknown>\n#10 0x563e3f27b9c9 <unknown>\n#11 0x563e3f292cde <unknown>\n#12 0x563e3f261d40 <unknown>\n#13 0x563e3f2b7408 <unknown>\n#14 0x563e3f2b75d8 <unknown>\n#15 0x563e3f2c9403 <unknown>\n#16 0x7fbedaa9caa4 <unknown>\n#17 0x7fbedab29c6c <unknown>","time":{"start":1771534708139,"stop":1771534718516,"duration":10377}},{"uid":"e397c1551ceb3b20","reportUrl":"https://Brain-up.github.io/auto-tests-python/829/#testresult/e397c1551ceb3b20","status":"skipped","statusDetails":"XFAIL\n\nselenium.common.exceptions.TimeoutException: Message: Can't find element by locator ('xpath', '//button[@data-test-active-link=\"Words\"]')\nStacktrace:\n#0 0x55725cfd9a4a <unknown>\n#1 0x55725c9f26a2 <unknown>\n#2 0x55725ca47a8d <unknown>\n#3 0x55725ca47cd1 <unknown>\n#4 0x55725ca935c4 <unknown>\n#5 0x55725ca907f0 <unknown>\n#6 0x55725ca398b2 <unknown>\n#7 0x55725ca3a6a1 <unknown>\n#8 0x55725cf9f8a9 <unknown>\n#9 0x55725cfa27b1 <unknown>\n#10 0x55725cf8bea9 <unknown>\n#11 0x55725cfa336e <unknown>\n#12 0x55725cf72410 <unknown>\n#13 0x55725cfc70c8 <unknown>\n#14 0x55725cfc729b <unknown>\n#15 0x55725cfd8db8 <unknown>\n#16 0x7f906189caa4 <unknown>\n#17 0x7f9061929c6c <unknown>","time":{"start":1771409818234,"stop":1771409828609,"duration":10375}},{"uid":"c2c4d00fb1ac023b","reportUrl":"https://Brain-up.github.io/auto-tests-python/828/#testresult/c2c4d00fb1ac023b","status":"skipped","statusDetails":"XFAIL\n\nselenium.common.exceptions.TimeoutException: Message: Can't find element by locator ('xpath', '//button[@data-test-active-link=\"Words\"]')\nStacktrace:\n#0 0x5617c96f3a4a <unknown>\n#1 0x5617c910c6a2 <unknown>\n#2 0x5617c9161a8d <unknown>\n#3 0x5617c9161cd1 <unknown>\n#4 0x5617c91ad5c4 <unknown>\n#5 0x5617c91aa7f0 <unknown>\n#6 0x5617c91538b2 <unknown>\n#7 0x5617c91546a1 <unknown>\n#8 0x5617c96b98a9 <unknown>\n#9 0x5617c96bc7b1 <unknown>\n#10 0x5617c96a5ea9 <unknown>\n#11 0x5617c96bd36e <unknown>\n#12 0x5617c968c410 <unknown>\n#13 0x5617c96e10c8 <unknown>\n#14 0x5617c96e129b <unknown>\n#15 0x5617c96f2db8 <unknown>\n#16 0x7ff66249caa4 <unknown>\n#17 0x7ff662529c6c <unknown>","time":{"start":1771342754483,"stop":1771342764874,"duration":10391}},{"uid":"3cf063896e967c5c","reportUrl":"https://Brain-up.github.io/auto-tests-python/827/#testresult/3cf063896e967c5c","status":"skipped","statusDetails":"XFAIL\n\nselenium.common.exceptions.TimeoutException: Message: Can't find element by locator ('xpath', '//button[@data-test-active-link=\"Words\"]')\nStacktrace:\n#0 0x55b057076a4a <unknown>\n#1 0x55b056a8f6a2 <unknown>\n#2 0x55b056ae4a8d <unknown>\n#3 0x55b056ae4cd1 <unknown>\n#4 0x55b056b305c4 <unknown>\n#5 0x55b056b2d7f0 <unknown>\n#6 0x55b056ad68b2 <unknown>\n#7 0x55b056ad76a1 <unknown>\n#8 0x55b05703c8a9 <unknown>\n#9 0x55b05703f7b1 <unknown>\n#10 0x55b057028ea9 <unknown>\n#11 0x55b05704036e <unknown>\n#12 0x55b05700f410 <unknown>\n#13 0x55b0570640c8 <unknown>\n#14 0x55b05706429b <unknown>\n#15 0x55b057075db8 <unknown>\n#16 0x7f17fec9caa4 <unknown>\n#17 0x7f17fed29c6c <unknown>","time":{"start":1771236372305,"stop":1771236382604,"duration":10299}},{"uid":"b4306d683c219219","reportUrl":"https://Brain-up.github.io/auto-tests-python/826/#testresult/b4306d683c219219","status":"skipped","statusDetails":"XFAIL\n\nselenium.common.exceptions.TimeoutException: Message: Can't find element by locator ('xpath', '//button[@data-test-active-link=\"Words\"]')\nStacktrace:\n#0 0x558b5663ca4a <unknown>\n#1 0x558b560556a2 <unknown>\n#2 0x558b560aaa8d <unknown>\n#3 0x558b560aacd1 <unknown>\n#4 0x558b560f65c4 <unknown>\n#5 0x558b560f37f0 <unknown>\n#6 0x558b5609c8b2 <unknown>\n#7 0x558b5609d6a1 <unknown>\n#8 0x558b566028a9 <unknown>\n#9 0x558b566057b1 <unknown>\n#10 0x558b565eeea9 <unknown>\n#11 0x558b5660636e <unknown>\n#12 0x558b565d5410 <unknown>\n#13 0x558b5662a0c8 <unknown>\n#14 0x558b5662a29b <unknown>\n#15 0x558b5663bdb8 <unknown>\n#16 0x7f9e9249caa4 <unknown>\n#17 0x7f9e92529c6c <unknown>","time":{"start":1771167427780,"stop":1771167438186,"duration":10406}},{"uid":"c47370f193a3ec1c","reportUrl":"https://Brain-up.github.io/auto-tests-python/825/#testresult/c47370f193a3ec1c","status":"skipped","statusDetails":"XFAIL\n\nselenium.common.exceptions.TimeoutException: Message: Can't find element by locator ('xpath', '//button[@data-test-active-link=\"Words\"]')\nStacktrace:\n#0 0x563cd6125a4a <unknown>\n#1 0x563cd5b3e6a2 <unknown>\n#2 0x563cd5b93a8d <unknown>\n#3 0x563cd5b93cd1 <unknown>\n#4 0x563cd5bdf5c4 <unknown>\n#5 0x563cd5bdc7f0 <unknown>\n#6 0x563cd5b858b2 <unknown>\n#7 0x563cd5b866a1 <unknown>\n#8 0x563cd60eb8a9 <unknown>\n#9 0x563cd60ee7b1 <unknown>\n#10 0x563cd60d7ea9 <unknown>\n#11 0x563cd60ef36e <unknown>\n#12 0x563cd60be410 <unknown>\n#13 0x563cd61130c8 <unknown>\n#14 0x563cd611329b <unknown>\n#15 0x563cd6124db8 <unknown>\n#16 0x7f6f6d09caa4 <unknown>\n#17 0x7f6f6d129c6c <unknown>","time":{"start":1771046760093,"stop":1771046770575,"duration":10482}},{"uid":"9413749dce663379","reportUrl":"https://Brain-up.github.io/auto-tests-python/824/#testresult/9413749dce663379","status":"skipped","statusDetails":"XFAIL\n\nselenium.common.exceptions.TimeoutException: Message: Can't find element by locator ('xpath', '//button[@data-test-active-link=\"Words\"]')\nStacktrace:\n#0 0x557742f34a4a <unknown>\n#1 0x55774294d6a2 <unknown>\n#2 0x5577429a2a8d <unknown>\n#3 0x5577429a2cd1 <unknown>\n#4 0x5577429ee5c4 <unknown>\n#5 0x5577429eb7f0 <unknown>\n#6 0x5577429948b2 <unknown>\n#7 0x5577429956a1 <unknown>\n#8 0x557742efa8a9 <unknown>\n#9 0x557742efd7b1 <unknown>\n#10 0x557742ee6ea9 <unknown>\n#11 0x557742efe36e <unknown>\n#12 0x557742ecd410 <unknown>\n#13 0x557742f220c8 <unknown>\n#14 0x557742f2229b <unknown>\n#15 0x557742f33db8 <unknown>\n#16 0x7f217ec9caa4 <unknown>\n#17 0x7f217ed29c6c <unknown>","time":{"start":1770984775080,"stop":1770984785395,"duration":10315}},{"uid":"c8660105425a417e","reportUrl":"https://Brain-up.github.io/auto-tests-python/823/#testresult/c8660105425a417e","status":"skipped","statusDetails":"XFAIL\n\nselenium.common.exceptions.TimeoutException: Message: Can't find element by locator ('xpath', '//button[@data-test-active-link=\"Words\"]')\nStacktrace:\n#0 0x556b06b704ba <unknown>\n#1 0x556b065d9492 <unknown>\n#2 0x556b0662e9b6 <unknown>\n#3 0x556b0662ebf1 <unknown>\n#4 0x556b0667a4d4 <unknown>\n#5 0x556b06677700 <unknown>\n#6 0x556b066206a2 <unknown>\n#7 0x556b06621491 <unknown>\n#8 0x556b06b36479 <unknown>\n#9 0x556b06b39391 <unknown>\n#10 0x556b06b22a89 <unknown>\n#11 0x556b06b39f4e <unknown>\n#12 0x556b06b09070 <unknown>\n#13 0x556b06b5dca8 <unknown>\n#14 0x556b06b5de78 <unknown>\n#15 0x556b06b6f828 <unknown>\n#16 0x7f3f0389caa4 <unknown>\n#17 0x7f3f03929c6c <unknown>","time":{"start":1770897486579,"stop":1770897496973,"duration":10394}},{"uid":"dbe5c63502858847","reportUrl":"https://Brain-up.github.io/auto-tests-python/822/#testresult/dbe5c63502858847","status":"skipped","statusDetails":"XFAIL\n\nselenium.common.exceptions.TimeoutException: Message: Can't find element by locator ('xpath', '//button[@data-test-active-link=\"Words\"]')\nStacktrace:\n#0 0x55edd77804ba <unknown>\n#1 0x55edd71e9492 <unknown>\n#2 0x55edd723e9b6 <unknown>\n#3 0x55edd723ebf1 <unknown>\n#4 0x55edd728a4d4 <unknown>\n#5 0x55edd7287700 <unknown>\n#6 0x55edd72306a2 <unknown>\n#7 0x55edd7231491 <unknown>\n#8 0x55edd7746479 <unknown>\n#9 0x55edd7749391 <unknown>\n#10 0x55edd7732a89 <unknown>\n#11 0x55edd7749f4e <unknown>\n#12 0x55edd7719070 <unknown>\n#13 0x55edd776dca8 <unknown>\n#14 0x55edd776de78 <unknown>\n#15 0x55edd777f828 <unknown>\n#16 0x7f2c6069caa4 <unknown>\n#17 0x7f2c60729c6c <unknown>","time":{"start":1770836189299,"stop":1770836199682,"duration":10383}},{"uid":"f599dad70c0b0f62","reportUrl":"https://Brain-up.github.io/auto-tests-python/821/#testresult/f599dad70c0b0f62","status":"skipped","statusDetails":"XFAIL\n\nselenium.common.exceptions.TimeoutException: Message: Can't find element by locator ('xpath', '//button[@data-test-active-link=\"Words\"]')\nStacktrace:\n#0 0x55fd6f9e34ba <unknown>\n#1 0x55fd6f44c492 <unknown>\n#2 0x55fd6f4a19b6 <unknown>\n#3 0x55fd6f4a1bf1 <unknown>\n#4 0x55fd6f4ed4d4 <unknown>\n#5 0x55fd6f4ea700 <unknown>\n#6 0x55fd6f4936a2 <unknown>\n#7 0x55fd6f494491 <unknown>\n#8 0x55fd6f9a9479 <unknown>\n#9 0x55fd6f9ac391 <unknown>\n#10 0x55fd6f995a89 <unknown>\n#11 0x55fd6f9acf4e <unknown>\n#12 0x55fd6f97c070 <unknown>\n#13 0x55fd6f9d0ca8 <unknown>\n#14 0x55fd6f9d0e78 <unknown>\n#15 0x55fd6f9e2828 <unknown>\n#16 0x7ff73b49caa4 <unknown>\n#17 0x7ff73b529c6c <unknown>","time":{"start":1770552253880,"stop":1770552264218,"duration":10338}},{"uid":"fd63f88b85429527","reportUrl":"https://Brain-up.github.io/auto-tests-python/820/#testresult/fd63f88b85429527","status":"skipped","statusDetails":"XFAIL\n\nselenium.common.exceptions.TimeoutException: Message: Can't find element by locator ('xpath', '//button[@data-test-active-link=\"Words\"]')\nStacktrace:\n#0 0x563e7ddd04ba <unknown>\n#1 0x563e7d839492 <unknown>\n#2 0x563e7d88e9b6 <unknown>\n#3 0x563e7d88ebf1 <unknown>\n#4 0x563e7d8da4d4 <unknown>\n#5 0x563e7d8d7700 <unknown>\n#6 0x563e7d8806a2 <unknown>\n#7 0x563e7d881491 <unknown>\n#8 0x563e7dd96479 <unknown>\n#9 0x563e7dd99391 <unknown>\n#10 0x563e7dd82a89 <unknown>\n#11 0x563e7dd99f4e <unknown>\n#12 0x563e7dd69070 <unknown>\n#13 0x563e7ddbdca8 <unknown>\n#14 0x563e7ddbde78 <unknown>\n#15 0x563e7ddcf828 <unknown>\n#16 0x7f0b4c09caa4 <unknown>\n#17 0x7f0b4c129c6c <unknown>","time":{"start":1770489494886,"stop":1770489505308,"duration":10422}},{"uid":"e8e632397b018636","reportUrl":"https://Brain-up.github.io/auto-tests-python/819/#testresult/e8e632397b018636","status":"skipped","statusDetails":"XFAIL\n\nselenium.common.exceptions.TimeoutException: Message: Can't find element by locator ('xpath', '//button[@data-test-active-link=\"Words\"]')\nStacktrace:\n#0 0x55e4f393eafa <unknown>\n#1 0x55e4f335860f <unknown>\n#2 0x55e4f33ada16 <unknown>\n#3 0x55e4f33adc51 <unknown>\n#4 0x55e4f33f9404 <unknown>\n#5 0x55e4f33f662b <unknown>\n#6 0x55e4f339f842 <unknown>\n#7 0x55e4f33a0631 <unknown>\n#8 0x55e4f3904689 <unknown>\n#9 0x55e4f3907581 <unknown>\n#10 0x55e4f38f0ca9 <unknown>\n#11 0x55e4f390813e <unknown>\n#12 0x55e4f38d73a0 <unknown>\n#13 0x55e4f392bfc8 <unknown>\n#14 0x55e4f392c19b <unknown>\n#15 0x55e4f393de68 <unknown>\n#16 0x7fc3dd09caa4 <unknown>\n#17 0x7fc3dd129c6c <unknown>","time":{"start":1770376955931,"stop":1770376966312,"duration":10381}},{"uid":"f5c31d071e42091b","reportUrl":"https://Brain-up.github.io/auto-tests-python/818/#testresult/f5c31d071e42091b","status":"skipped","statusDetails":"XFAIL\n\nselenium.common.exceptions.TimeoutException: Message: Can't find element by locator ('xpath', '//button[@data-test-active-link=\"Words\"]')\nStacktrace:\n#0 0x55ba36880afa <unknown>\n#1 0x55ba3629a60f <unknown>\n#2 0x55ba362efa16 <unknown>\n#3 0x55ba362efc51 <unknown>\n#4 0x55ba3633b404 <unknown>\n#5 0x55ba3633862b <unknown>\n#6 0x55ba362e1842 <unknown>\n#7 0x55ba362e2631 <unknown>\n#8 0x55ba36846689 <unknown>\n#9 0x55ba36849581 <unknown>\n#10 0x55ba36832ca9 <unknown>\n#11 0x55ba3684a13e <unknown>\n#12 0x55ba368193a0 <unknown>\n#13 0x55ba3686dfc8 <unknown>\n#14 0x55ba3686e19b <unknown>\n#15 0x55ba3687fe68 <unknown>\n#16 0x7f07ddc9caa4 <unknown>\n#17 0x7f07ddd29c6c <unknown>","time":{"start":1770119431281,"stop":1770119441747,"duration":10466}},{"uid":"5b001ded50543e51","reportUrl":"https://Brain-up.github.io/auto-tests-python/817/#testresult/5b001ded50543e51","status":"skipped","statusDetails":"XFAIL\n\nselenium.common.exceptions.TimeoutException: Message: Can't find element by locator ('xpath', '//button[@data-test-active-link=\"Words\"]')\nStacktrace:\n#0 0x556f80d6dafa <unknown>\n#1 0x556f8078760f <unknown>\n#2 0x556f807dca16 <unknown>\n#3 0x556f807dcc51 <unknown>\n#4 0x556f80828404 <unknown>\n#5 0x556f8082562b <unknown>\n#6 0x556f807ce842 <unknown>\n#7 0x556f807cf631 <unknown>\n#8 0x556f80d33689 <unknown>\n#9 0x556f80d36581 <unknown>\n#10 0x556f80d1fca9 <unknown>\n#11 0x556f80d3713e <unknown>\n#12 0x556f80d063a0 <unknown>\n#13 0x556f80d5afc8 <unknown>\n#14 0x556f80d5b19b <unknown>\n#15 0x556f80d6ce68 <unknown>\n#16 0x7f435e49caa4 <unknown>\n#17 0x7f435e529c6c <unknown>","time":{"start":1769945689240,"stop":1769945699589,"duration":10349}},{"uid":"5d9ce8c068775e3b","reportUrl":"https://Brain-up.github.io/auto-tests-python/816/#testresult/5d9ce8c068775e3b","status":"skipped","statusDetails":"XFAIL\n\nselenium.common.exceptions.TimeoutException: Message: Can't find element by locator ('xpath', '//button[@data-test-active-link=\"Words\"]')\nStacktrace:\n#0 0x561f1da1bafa <unknown>\n#1 0x561f1d43560f <unknown>\n#2 0x561f1d48aa16 <unknown>\n#3 0x561f1d48ac51 <unknown>\n#4 0x561f1d4d6404 <unknown>\n#5 0x561f1d4d362b <unknown>\n#6 0x561f1d47c842 <unknown>\n#7 0x561f1d47d631 <unknown>\n#8 0x561f1d9e1689 <unknown>\n#9 0x561f1d9e4581 <unknown>\n#10 0x561f1d9cdca9 <unknown>\n#11 0x561f1d9e513e <unknown>\n#12 0x561f1d9b43a0 <unknown>\n#13 0x561f1da08fc8 <unknown>\n#14 0x561f1da0919b <unknown>\n#15 0x561f1da1ae68 <unknown>\n#16 0x7f9374a9caa4 <unknown>\n#17 0x7f9374b29c6c <unknown>","time":{"start":1769859644326,"stop":1769859654678,"duration":10352}},{"uid":"734773521ad53bc6","reportUrl":"https://Brain-up.github.io/auto-tests-python/816/#testresult/734773521ad53bc6","status":"skipped","statusDetails":"XFAIL\n\nselenium.common.exceptions.TimeoutException: Message: Can't find element by locator ('xpath', '//button[@data-test-active-link=\"Words\"]')\nStacktrace:\n#0 0x55eb18975afa <unknown>\n#1 0x55eb1838f60f <unknown>\n#2 0x55eb183e4a16 <unknown>\n#3 0x55eb183e4c51 <unknown>\n#4 0x55eb18430404 <unknown>\n#5 0x55eb1842d62b <unknown>\n#6 0x55eb183d6842 <unknown>\n#7 0x55eb183d7631 <unknown>\n#8 0x55eb1893b689 <unknown>\n#9 0x55eb1893e581 <unknown>\n#10 0x55eb18927ca9 <unknown>\n#11 0x55eb1893f13e <unknown>\n#12 0x55eb1890e3a0 <unknown>\n#13 0x55eb18962fc8 <unknown>\n#14 0x55eb1896319b <unknown>\n#15 0x55eb18974e68 <unknown>\n#16 0x7f584709caa4 <unknown>\n#17 0x7f5847129c6c <unknown>","time":{"start":1769785019547,"stop":1769785029902,"duration":10355}},{"uid":"2470e1187179627d","reportUrl":"https://Brain-up.github.io/auto-tests-python/815/#testresult/2470e1187179627d","status":"skipped","statusDetails":"XFAIL\n\nselenium.common.exceptions.TimeoutException: Message: Can't find element by locator ('xpath', '//button[@data-test-active-link=\"Words\"]')\nStacktrace:\n#0 0x55b9dd72bc3a <unknown>\n#1 0x55b9dd145969 <unknown>\n#2 0x55b9dd19aead <unknown>\n#3 0x55b9dd19b0f1 <unknown>\n#4 0x55b9dd1e67e4 <unknown>\n#5 0x55b9dd1e3a20 <unknown>\n#6 0x55b9dd18cbe2 <unknown>\n#7 0x55b9dd18d991 <unknown>\n#8 0x55b9dd6f1a99 <unknown>\n#9 0x55b9dd6f49b1 <unknown>\n#10 0x55b9dd6de0a9 <unknown>\n#11 0x55b9dd6f556e <unknown>\n#12 0x55b9dd6c45e0 <unknown>\n#13 0x55b9dd719358 <unknown>\n#14 0x55b9dd719528 <unknown>\n#15 0x55b9dd72afa8 <unknown>\n#16 0x7f60fca9caa4 <unknown>\n#17 0x7f60fcb29c6c <unknown>","time":{"start":1769688853224,"stop":1769688863576,"duration":10352}},{"uid":"241213705f552c09","reportUrl":"https://Brain-up.github.io/auto-tests-python/814/#testresult/241213705f552c09","status":"skipped","statusDetails":"XFAIL\n\nselenium.common.exceptions.TimeoutException: Message: Can't find element by locator ('xpath', '//button[@data-test-active-link=\"Words\"]')\nStacktrace:\n#0 0x55bc3666bc3a <unknown>\n#1 0x55bc36085969 <unknown>\n#2 0x55bc360daead <unknown>\n#3 0x55bc360db0f1 <unknown>\n#4 0x55bc361267e4 <unknown>\n#5 0x55bc36123a20 <unknown>\n#6 0x55bc360ccbe2 <unknown>\n#7 0x55bc360cd991 <unknown>\n#8 0x55bc36631a99 <unknown>\n#9 0x55bc366349b1 <unknown>\n#10 0x55bc3661e0a9 <unknown>\n#11 0x55bc3663556e <unknown>\n#12 0x55bc366045e0 <unknown>\n#13 0x55bc36659358 <unknown>\n#14 0x55bc36659528 <unknown>\n#15 0x55bc3666afa8 <unknown>\n#16 0x7f572009caa4 <unknown>\n#17 0x7f5720129c6c <unknown>","time":{"start":1769600773553,"stop":1769600783898,"duration":10345}},{"uid":"96d679f44bcabf4b","reportUrl":"https://Brain-up.github.io/auto-tests-python/814/#testresult/96d679f44bcabf4b","status":"skipped","statusDetails":"XFAIL\n\nselenium.common.exceptions.TimeoutException: Message: Can't find element by locator ('xpath', '//button[@data-test-active-link=\"Words\"]')\nStacktrace:\n#0 0x55f0240fac3a <unknown>\n#1 0x55f023b14969 <unknown>\n#2 0x55f023b69ead <unknown>\n#3 0x55f023b6a0f1 <unknown>\n#4 0x55f023bb57e4 <unknown>\n#5 0x55f023bb2a20 <unknown>\n#6 0x55f023b5bbe2 <unknown>\n#7 0x55f023b5c991 <unknown>\n#8 0x55f0240c0a99 <unknown>\n#9 0x55f0240c39b1 <unknown>\n#10 0x55f0240ad0a9 <unknown>\n#11 0x55f0240c456e <unknown>\n#12 0x55f0240935e0 <unknown>\n#13 0x55f0240e8358 <unknown>\n#14 0x55f0240e8528 <unknown>\n#15 0x55f0240f9fa8 <unknown>\n#16 0x7f850549caa4 <unknown>\n#17 0x7f8505529c6c <unknown>","time":{"start":1769552529772,"stop":1769552540138,"duration":10366}},{"uid":"df7c78e8aba74c2d","reportUrl":"https://Brain-up.github.io/auto-tests-python/814/#testresult/df7c78e8aba74c2d","status":"skipped","statusDetails":"XFAIL\n\nselenium.common.exceptions.TimeoutException: Message: Can't find element by locator ('xpath', '//button[@data-test-active-link=\"Words\"]')\nStacktrace:\n#0 0x55bc152c1c3a <unknown>\n#1 0x55bc14cdb969 <unknown>\n#2 0x55bc14d30ead <unknown>\n#3 0x55bc14d310f1 <unknown>\n#4 0x55bc14d7c7e4 <unknown>\n#5 0x55bc14d79a20 <unknown>\n#6 0x55bc14d22be2 <unknown>\n#7 0x55bc14d23991 <unknown>\n#8 0x55bc15287a99 <unknown>\n#9 0x55bc1528a9b1 <unknown>\n#10 0x55bc152740a9 <unknown>\n#11 0x55bc1528b56e <unknown>\n#12 0x55bc1525a5e0 <unknown>\n#13 0x55bc152af358 <unknown>\n#14 0x55bc152af528 <unknown>\n#15 0x55bc152c0fa8 <unknown>\n#16 0x7fd632c9caa4 <unknown>\n#17 0x7fd632d29c6c <unknown>","time":{"start":1769545176424,"stop":1769545186772,"duration":10348}}]},"tags":["@pytest.mark.xfail"]},"source":"6a411e8017b797b5.json","parameterValues":[]}