{"uid":"eecd97228376b739","name":"Verify attribute 'src' of images in links on the page","fullName":"tests.groups_page_test.TestGroupsPageImages#test_gp_04_01_verify_images_src","historyId":"2c5652209daf1ee51c637ead50a3e2f1","time":{"start":1771581024021,"stop":1771581024021,"duration":0},"status":"broken","statusMessage":"selenium.common.exceptions.TimeoutException: Message: Can't find element by locator https://www.brainup.site/groups","statusTrace":"self = <pages.base_page.BasePage object at 0x7fbb82fddb50>\nurl = 'https://www.brainup.site/groups'\n\n    def check_expected_link(self, url):\n        with allure.step(f'Check url is present: {url}'):\n            try:\n>               return Wait(self.driver, self.timeout).until(\n                    EC.url_to_be(url), message=f\"Can't find element by locator {url}\")\n\npages/base_page.py:80: \n_ _ _ _ _ _ _ _ _ _ _ _ _ _ _ _ _ _ _ _ _ _ _ _ _ _ _ _ _ _ _ _ _ _ _ _ _ _ _ _ \n\nself = <selenium.webdriver.support.wait.WebDriverWait (session=\"aa3f6869663e911b68a868a25ceffd3b\")>\nmethod = <function url_to_be.<locals>._predicate at 0x7fbb82ef02c0>\nmessage = \"Can't find element by locator https://www.brainup.site/groups\"\n\n    def until(self, method, message: str = \"\"):\n        \"\"\"Calls the method provided with the driver as an argument until the \\\n        return value does not evaluate to ``False``.\n    \n        :param method: callable(WebDriver)\n        :param message: optional message for :exc:`TimeoutException`\n        :returns: the result of the last call to `method`\n        :raises: :exc:`selenium.common.exceptions.TimeoutException` if timeout occurs\n        \"\"\"\n        screen = None\n        stacktrace = None\n    \n        end_time = time.monotonic() + self._timeout\n        while True:\n            try:\n                value = method(self._driver)\n                if value:\n                    return value\n            except self._ignored_exceptions as exc:\n                screen = getattr(exc, \"screen\", None)\n                stacktrace = getattr(exc, \"stacktrace\", None)\n            time.sleep(self._poll)\n            if time.monotonic() > end_time:\n                break\n>       raise TimeoutException(message, screen, stacktrace)\nE       selenium.common.exceptions.TimeoutException: Message: Can't find element by locator https://www.brainup.site/groups\n\n/opt/hostedtoolcache/Python/3.12.12/x64/lib/python3.12/site-packages/selenium/webdriver/support/wait.py:95: TimeoutException\n\nDuring handling of the above exception, another exception occurred:\n\ndriver = <selenium.webdriver.chrome.webdriver.WebDriver (session=\"aa3f6869663e911b68a868a25ceffd3b\")>\nmain_page_open = None\n\n    @pytest.fixture()\n    @allure.step('Auto test user authorized')\n    def auto_test_user_authorized(driver, main_page_open):\n        page = BasePage(driver)\n        page.element_is_present_and_clickable(MainPageLocators.LOGIN_BUTTON).click()\n        page.element_is_visible(LoginPageLocators.INPUT_LOGIN).send_keys(os.environ[\"LOGIN\"])\n        page.element_is_visible(LoginPageLocators.INPUT_PASSWORD).send_keys(os.environ[\"PASSWORD\"])\n        page.element_is_present_and_clickable(LoginPageLocators.SIGN_IN_BUTTON).click()\n>       page.check_expected_link(MainPageLinks.URL_GROUPS_PAGE)\n\ntests/conftest.py:178: \n_ _ _ _ _ _ _ _ _ _ _ _ _ _ _ _ _ _ _ _ _ _ _ _ _ _ _ _ _ _ _ _ _ _ _ _ _ _ _ _ \npages/base_page.py:84: in check_expected_link\n    return Wait(self.driver, self.timeout).until(\n_ _ _ _ _ _ _ _ _ _ _ _ _ _ _ _ _ _ _ _ _ _ _ _ _ _ _ _ _ _ _ _ _ _ _ _ _ _ _ _ \n\nself = <selenium.webdriver.support.wait.WebDriverWait (session=\"aa3f6869663e911b68a868a25ceffd3b\")>\nmethod = <function url_to_be.<locals>._predicate at 0x7fbb82fcd120>\nmessage = \"Can't find element by locator https://www.brainup.site/groups\"\n\n    def until(self, method, message: str = \"\"):\n        \"\"\"Calls the method provided with the driver as an argument until the \\\n        return value does not evaluate to ``False``.\n    \n        :param method: callable(WebDriver)\n        :param message: optional message for :exc:`TimeoutException`\n        :returns: the result of the last call to `method`\n        :raises: :exc:`selenium.common.exceptions.TimeoutException` if timeout occurs\n        \"\"\"\n        screen = None\n        stacktrace = None\n    \n        end_time = time.monotonic() + self._timeout\n        while True:\n            try:\n                value = method(self._driver)\n                if value:\n                    return value\n            except self._ignored_exceptions as exc:\n                screen = getattr(exc, \"screen\", None)\n                stacktrace = getattr(exc, \"stacktrace\", None)\n            time.sleep(self._poll)\n            if time.monotonic() > end_time:\n                break\n>       raise TimeoutException(message, screen, stacktrace)\nE       selenium.common.exceptions.TimeoutException: Message: Can't find element by locator https://www.brainup.site/groups\n\n/opt/hostedtoolcache/Python/3.12.12/x64/lib/python3.12/site-packages/selenium/webdriver/support/wait.py:95: TimeoutException","flaky":false,"newFailed":false,"newBroken":true,"newPassed":false,"retriesCount":0,"retriesStatusChange":false,"beforeStages":[{"name":"clear_allure_results_folder","time":{"start":1771580295261,"stop":1771580295261,"duration":0},"status":"passed","steps":[],"attachments":[],"parameters":[],"stepsCount":0,"shouldDisplayMessage":false,"attachmentsCount":0,"hasContent":false,"attachmentStep":false},{"name":"driver","time":{"start":1771581024021,"stop":1771581024757,"duration":736},"status":"passed","steps":[],"attachments":[],"parameters":[],"stepsCount":0,"shouldDisplayMessage":false,"attachmentsCount":0,"hasContent":false,"attachmentStep":false},{"name":"main_page_open","time":{"start":1771581024757,"stop":1771581027412,"duration":2655},"status":"passed","steps":[{"name":"Open page: https://www.brainup.site/","time":{"start":1771581024757,"stop":1771581027412,"duration":2655},"status":"passed","steps":[],"attachments":[],"parameters":[{"name":"driver","value":"<selenium.webdriver.chrome.webdriver.WebDriver (session=\"aa3f6869663e911b68a868a25ceffd3b\")>"}],"stepsCount":0,"shouldDisplayMessage":false,"attachmentsCount":0,"hasContent":true,"attachmentStep":false}],"attachments":[],"parameters":[],"stepsCount":1,"shouldDisplayMessage":false,"attachmentsCount":0,"hasContent":true,"attachmentStep":false},{"name":"auto_test_user_authorized","time":{"start":1771581027412,"stop":1771581047903,"duration":20491},"status":"broken","statusMessage":"selenium.common.exceptions.TimeoutException: Message: Can't find element by locator https://www.brainup.site/groups\n\n","statusTrace":"  File \"/opt/hostedtoolcache/Python/3.12.12/x64/lib/python3.12/site-packages/pluggy/_callers.py\", line 38, in run_old_style_hookwrapper\n    res = yield\n          ^^^^^\n  File \"/opt/hostedtoolcache/Python/3.12.12/x64/lib/python3.12/site-packages/pluggy/_callers.py\", line 139, in _multicall\n    teardown.throw(exception)\n  File \"/opt/hostedtoolcache/Python/3.12.12/x64/lib/python3.12/site-packages/pluggy/_callers.py\", line 53, in run_old_style_hookwrapper\n    return result.get_result()\n           ^^^^^^^^^^^^^^^^^^^\n  File \"/opt/hostedtoolcache/Python/3.12.12/x64/lib/python3.12/site-packages/pluggy/_result.py\", line 103, in get_result\n    raise exc.with_traceback(tb)\n  File \"/opt/hostedtoolcache/Python/3.12.12/x64/lib/python3.12/site-packages/pluggy/_callers.py\", line 38, in run_old_style_hookwrapper\n    res = yield\n          ^^^^^\n  File \"/opt/hostedtoolcache/Python/3.12.12/x64/lib/python3.12/site-packages/pluggy/_callers.py\", line 121, in _multicall\n    res = hook_impl.function(*args)\n          ^^^^^^^^^^^^^^^^^^^^^^^^^\n  File \"/opt/hostedtoolcache/Python/3.12.12/x64/lib/python3.12/site-packages/_pytest/fixtures.py\", line 1123, in pytest_fixture_setup\n    result = call_fixture_func(fixturefunc, request, kwargs)\n             ^^^^^^^^^^^^^^^^^^^^^^^^^^^^^^^^^^^^^^^^^^^^^^^\n  File \"/opt/hostedtoolcache/Python/3.12.12/x64/lib/python3.12/site-packages/_pytest/fixtures.py\", line 902, in call_fixture_func\n    fixture_result = fixturefunc(**kwargs)\n                     ^^^^^^^^^^^^^^^^^^^^^\n  File \"/opt/hostedtoolcache/Python/3.12.12/x64/lib/python3.12/site-packages/allure_commons/_allure.py\", line 192, in impl\n    return func(*a, **kw)\n           ^^^^^^^^^^^^^^\n  File \"/home/runner/work/auto-tests-python/auto-tests-python/tests/conftest.py\", line 178, in auto_test_user_authorized\n    page.check_expected_link(MainPageLinks.URL_GROUPS_PAGE)\n  File \"/home/runner/work/auto-tests-python/auto-tests-python/pages/base_page.py\", line 84, in check_expected_link\n    return Wait(self.driver, self.timeout).until(\n           ^^^^^^^^^^^^^^^^^^^^^^^^^^^^^^^^^^^^^^\n  File \"/opt/hostedtoolcache/Python/3.12.12/x64/lib/python3.12/site-packages/selenium/webdriver/support/wait.py\", line 95, in until\n    raise TimeoutException(message, screen, stacktrace)\n","steps":[{"name":"Auto test user authorized","time":{"start":1771581027412,"stop":1771581047903,"duration":20491},"status":"broken","statusMessage":"selenium.common.exceptions.TimeoutException: Message: Can't find element by locator https://www.brainup.site/groups\n\n","statusTrace":"  File \"/opt/hostedtoolcache/Python/3.12.12/x64/lib/python3.12/site-packages/allure_commons/_allure.py\", line 192, in impl\n    return func(*a, **kw)\n           ^^^^^^^^^^^^^^\n  File \"/home/runner/work/auto-tests-python/auto-tests-python/tests/conftest.py\", line 178, in auto_test_user_authorized\n    page.check_expected_link(MainPageLinks.URL_GROUPS_PAGE)\n  File \"/home/runner/work/auto-tests-python/auto-tests-python/pages/base_page.py\", line 84, in check_expected_link\n    return Wait(self.driver, self.timeout).until(\n           ^^^^^^^^^^^^^^^^^^^^^^^^^^^^^^^^^^^^^^\n  File \"/opt/hostedtoolcache/Python/3.12.12/x64/lib/python3.12/site-packages/selenium/webdriver/support/wait.py\", line 95, in until\n    raise TimeoutException(message, screen, stacktrace)\n","steps":[{"name":"Check url is present: https://www.brainup.site/groups","time":{"start":1771581027764,"stop":1771581047903,"duration":20139},"status":"broken","statusMessage":"selenium.common.exceptions.TimeoutException: Message: Can't find element by locator https://www.brainup.site/groups\n\n","statusTrace":"  File \"/home/runner/work/auto-tests-python/auto-tests-python/pages/base_page.py\", line 84, in check_expected_link\n    return Wait(self.driver, self.timeout).until(\n           ^^^^^^^^^^^^^^^^^^^^^^^^^^^^^^^^^^^^^^\n  File \"/opt/hostedtoolcache/Python/3.12.12/x64/lib/python3.12/site-packages/selenium/webdriver/support/wait.py\", line 95, in until\n    raise TimeoutException(message, screen, stacktrace)\n","steps":[],"attachments":[],"parameters":[],"stepsCount":0,"shouldDisplayMessage":true,"attachmentsCount":0,"hasContent":true,"attachmentStep":false}],"attachments":[],"parameters":[{"name":"driver","value":"<selenium.webdriver.chrome.webdriver.WebDriver (session=\"aa3f6869663e911b68a868a25ceffd3b\")>"},{"name":"main_page_open","value":"None"}],"stepsCount":1,"shouldDisplayMessage":false,"attachmentsCount":0,"hasContent":true,"attachmentStep":false}],"attachments":[],"parameters":[],"stepsCount":2,"shouldDisplayMessage":false,"attachmentsCount":0,"hasContent":true,"attachmentStep":false}],"afterStages":[{"name":"driver::0","time":{"start":1771581047918,"stop":1771581047982,"duration":64},"status":"passed","steps":[],"attachments":[],"parameters":[],"stepsCount":0,"shouldDisplayMessage":false,"attachmentsCount":0,"hasContent":false,"attachmentStep":false}],"labels":[{"name":"epic","value":"The Groups Page"},{"name":"parentSuite","value":"tests"},{"name":"suite","value":"groups_page_test"},{"name":"subSuite","value":"TestGroupsPage"},{"name":"host","value":"runnervmwffz4"},{"name":"thread","value":"2715-MainThread"},{"name":"framework","value":"pytest"},{"name":"language","value":"cpython3"},{"name":"package","value":"tests.groups_page_test"},{"name":"resultFormat","value":"allure2"}],"parameters":[],"links":[],"hidden":false,"retry":false,"extra":{"severity":"normal","retries":[],"categories":[{"name":"Test defects","matchedStatuses":[],"flaky":false}],"history":{"statistic":{"failed":0,"broken":1,"skipped":0,"passed":40,"unknown":0,"total":41},"items":[{"uid":"1632ee0512972851","reportUrl":"https://Brain-up.github.io/auto-tests-python/830/#testresult/1632ee0512972851","status":"passed","time":{"start":1771534202199,"stop":1771534202223,"duration":24}},{"uid":"d7334b382a2ce5c2","reportUrl":"https://Brain-up.github.io/auto-tests-python/829/#testresult/d7334b382a2ce5c2","status":"passed","time":{"start":1771409308926,"stop":1771409308953,"duration":27}},{"uid":"ea5ed257b058bce2","reportUrl":"https://Brain-up.github.io/auto-tests-python/828/#testresult/ea5ed257b058bce2","status":"passed","time":{"start":1771342360588,"stop":1771342360611,"duration":23}},{"uid":"df70c8337a3f12b3","reportUrl":"https://Brain-up.github.io/auto-tests-python/827/#testresult/df70c8337a3f12b3","status":"passed","time":{"start":1771235902683,"stop":1771235902706,"duration":23}},{"uid":"a79641f1bd67ee11","reportUrl":"https://Brain-up.github.io/auto-tests-python/826/#testresult/a79641f1bd67ee11","status":"passed","time":{"start":1771167035129,"stop":1771167035153,"duration":24}},{"uid":"505805290c98eb5","reportUrl":"https://Brain-up.github.io/auto-tests-python/825/#testresult/505805290c98eb5","status":"passed","time":{"start":1771046291850,"stop":1771046291880,"duration":30}},{"uid":"95781105ab59eeb0","reportUrl":"https://Brain-up.github.io/auto-tests-python/824/#testresult/95781105ab59eeb0","status":"passed","time":{"start":1770984366784,"stop":1770984366807,"duration":23}},{"uid":"f23a714099598a6e","reportUrl":"https://Brain-up.github.io/auto-tests-python/823/#testresult/f23a714099598a6e","status":"passed","time":{"start":1770897024502,"stop":1770897024525,"duration":23}},{"uid":"47dc7124ecbaab44","reportUrl":"https://Brain-up.github.io/auto-tests-python/822/#testresult/47dc7124ecbaab44","status":"passed","time":{"start":1770835736048,"stop":1770835736075,"duration":27}},{"uid":"a2d919bda7e5a286","reportUrl":"https://Brain-up.github.io/auto-tests-python/821/#testresult/a2d919bda7e5a286","status":"passed","time":{"start":1770551850373,"stop":1770551850395,"duration":22}},{"uid":"e9a6c9b792196a8b","reportUrl":"https://Brain-up.github.io/auto-tests-python/820/#testresult/e9a6c9b792196a8b","status":"passed","time":{"start":1770489088419,"stop":1770489088442,"duration":23}},{"uid":"3f721d73fcd52161","reportUrl":"https://Brain-up.github.io/auto-tests-python/819/#testresult/3f721d73fcd52161","status":"passed","time":{"start":1770376465176,"stop":1770376465199,"duration":23}},{"uid":"1958273279158429","reportUrl":"https://Brain-up.github.io/auto-tests-python/818/#testresult/1958273279158429","status":"passed","time":{"start":1770118924608,"stop":1770118924632,"duration":24}},{"uid":"f2f5e71d9f4d742f","reportUrl":"https://Brain-up.github.io/auto-tests-python/817/#testresult/f2f5e71d9f4d742f","status":"passed","time":{"start":1769945208651,"stop":1769945208681,"duration":30}},{"uid":"234bf5a4797acfdb","reportUrl":"https://Brain-up.github.io/auto-tests-python/816/#testresult/234bf5a4797acfdb","status":"passed","time":{"start":1769859167435,"stop":1769859167461,"duration":26}},{"uid":"cbbc5140de24c4bd","reportUrl":"https://Brain-up.github.io/auto-tests-python/816/#testresult/cbbc5140de24c4bd","status":"passed","time":{"start":1769784600977,"stop":1769784601000,"duration":23}},{"uid":"6238d86ef11e919c","reportUrl":"https://Brain-up.github.io/auto-tests-python/815/#testresult/6238d86ef11e919c","status":"passed","time":{"start":1769688350848,"stop":1769688350870,"duration":22}},{"uid":"8427718833de729e","reportUrl":"https://Brain-up.github.io/auto-tests-python/814/#testresult/8427718833de729e","status":"passed","time":{"start":1769600325390,"stop":1769600325413,"duration":23}},{"uid":"53f4e3404e3a813b","reportUrl":"https://Brain-up.github.io/auto-tests-python/814/#testresult/53f4e3404e3a813b","status":"passed","time":{"start":1769552127731,"stop":1769552127754,"duration":23}},{"uid":"ce397a8d1181ab11","reportUrl":"https://Brain-up.github.io/auto-tests-python/814/#testresult/ce397a8d1181ab11","status":"passed","time":{"start":1769543918183,"stop":1769543918207,"duration":24}}]},"tags":[]},"source":"eecd97228376b739.json","parameterValues":[]}