{"uid":"db9a1943e03a6177","name":"Verify sizes of images in links on the page","fullName":"tests.groups_page_test.TestGroupsPageImages#test_gp_04_04_verify_images_sizes","historyId":"2342b01d9713e6a353c7f7797e6b2f79","time":{"start":1769688382387,"stop":1769688382387,"duration":0},"status":"broken","statusMessage":"selenium.common.exceptions.TimeoutException: Message: Can't find element by locator https://www.brainup.site/groups","statusTrace":"self = <pages.base_page.BasePage object at 0x7f5a04a9f2c0>\nurl = 'https://www.brainup.site/groups'\n\n    def check_expected_link(self, url):\n        with allure.step(f'Check url is present: {url}'):\n            try:\n>               return Wait(self.driver, self.timeout).until(\n                    EC.url_to_be(url), message=f\"Can't find element by locator {url}\")\n\npages/base_page.py:80: \n_ _ _ _ _ _ _ _ _ _ _ _ _ _ _ _ _ _ _ _ _ _ _ _ _ _ _ _ _ _ _ _ _ _ _ _ _ _ _ _ \n\nself = <selenium.webdriver.support.wait.WebDriverWait (session=\"394fede5fa7e6710ab7b8a5607aa58d8\")>\nmethod = <function url_to_be.<locals>._predicate at 0x7f5a04c35300>\nmessage = \"Can't find element by locator https://www.brainup.site/groups\"\n\n    def until(self, method, message: str = \"\"):\n        \"\"\"Calls the method provided with the driver as an argument until the \\\n        return value does not evaluate to ``False``.\n    \n        :param method: callable(WebDriver)\n        :param message: optional message for :exc:`TimeoutException`\n        :returns: the result of the last call to `method`\n        :raises: :exc:`selenium.common.exceptions.TimeoutException` if timeout occurs\n        \"\"\"\n        screen = None\n        stacktrace = None\n    \n        end_time = time.monotonic() + self._timeout\n        while True:\n            try:\n                value = method(self._driver)\n                if value:\n                    return value\n            except self._ignored_exceptions as exc:\n                screen = getattr(exc, \"screen\", None)\n                stacktrace = getattr(exc, \"stacktrace\", None)\n            time.sleep(self._poll)\n            if time.monotonic() > end_time:\n                break\n>       raise TimeoutException(message, screen, stacktrace)\nE       selenium.common.exceptions.TimeoutException: Message: Can't find element by locator https://www.brainup.site/groups\n\n/opt/hostedtoolcache/Python/3.12.12/x64/lib/python3.12/site-packages/selenium/webdriver/support/wait.py:95: TimeoutException\n\nDuring handling of the above exception, another exception occurred:\n\ndriver = <selenium.webdriver.chrome.webdriver.WebDriver (session=\"394fede5fa7e6710ab7b8a5607aa58d8\")>\nmain_page_open = None\n\n    @pytest.fixture()\n    @allure.step('Auto test user authorized')\n    def auto_test_user_authorized(driver, main_page_open):\n        page = BasePage(driver)\n        page.element_is_present_and_clickable(MainPageLocators.LOGIN_BUTTON).click()\n        page.element_is_visible(LoginPageLocators.INPUT_LOGIN).send_keys(os.environ[\"LOGIN\"])\n        page.element_is_visible(LoginPageLocators.INPUT_PASSWORD).send_keys(os.environ[\"PASSWORD\"])\n        page.element_is_present_and_clickable(LoginPageLocators.SIGN_IN_BUTTON).click()\n>       page.check_expected_link(MainPageLinks.URL_GROUPS_PAGE)\n\ntests/conftest.py:178: \n_ _ _ _ _ _ _ _ _ _ _ _ _ _ _ _ _ _ _ _ _ _ _ _ _ _ _ _ _ _ _ _ _ _ _ _ _ _ _ _ \npages/base_page.py:84: in check_expected_link\n    return Wait(self.driver, self.timeout).until(\n_ _ _ _ _ _ _ _ _ _ _ _ _ _ _ _ _ _ _ _ _ _ _ _ _ _ _ _ _ _ _ _ _ _ _ _ _ _ _ _ \n\nself = <selenium.webdriver.support.wait.WebDriverWait (session=\"394fede5fa7e6710ab7b8a5607aa58d8\")>\nmethod = <function url_to_be.<locals>._predicate at 0x7f5a04c35260>\nmessage = \"Can't find element by locator https://www.brainup.site/groups\"\n\n    def until(self, method, message: str = \"\"):\n        \"\"\"Calls the method provided with the driver as an argument until the \\\n        return value does not evaluate to ``False``.\n    \n        :param method: callable(WebDriver)\n        :param message: optional message for :exc:`TimeoutException`\n        :returns: the result of the last call to `method`\n        :raises: :exc:`selenium.common.exceptions.TimeoutException` if timeout occurs\n        \"\"\"\n        screen = None\n        stacktrace = None\n    \n        end_time = time.monotonic() + self._timeout\n        while True:\n            try:\n                value = method(self._driver)\n                if value:\n                    return value\n            except self._ignored_exceptions as exc:\n                screen = getattr(exc, \"screen\", None)\n                stacktrace = getattr(exc, \"stacktrace\", None)\n            time.sleep(self._poll)\n            if time.monotonic() > end_time:\n                break\n>       raise TimeoutException(message, screen, stacktrace)\nE       selenium.common.exceptions.TimeoutException: Message: Can't find element by locator https://www.brainup.site/groups\n\n/opt/hostedtoolcache/Python/3.12.12/x64/lib/python3.12/site-packages/selenium/webdriver/support/wait.py:95: TimeoutException","flaky":false,"newFailed":false,"newBroken":true,"newPassed":false,"retriesCount":0,"retriesStatusChange":false,"beforeStages":[{"name":"clear_allure_results_folder","time":{"start":1769687661513,"stop":1769687661513,"duration":0},"status":"passed","steps":[],"attachments":[],"parameters":[],"stepsCount":0,"shouldDisplayMessage":false,"attachmentsCount":0,"hasContent":false,"attachmentStep":false},{"name":"driver","time":{"start":1769688382388,"stop":1769688383150,"duration":762},"status":"passed","steps":[],"attachments":[],"parameters":[],"stepsCount":0,"shouldDisplayMessage":false,"attachmentsCount":0,"hasContent":false,"attachmentStep":false},{"name":"main_page_open","time":{"start":1769688383150,"stop":1769688385939,"duration":2789},"status":"passed","steps":[{"name":"Open page: https://www.brainup.site/","time":{"start":1769688383150,"stop":1769688385939,"duration":2789},"status":"passed","steps":[],"attachments":[],"parameters":[{"name":"driver","value":"<selenium.webdriver.chrome.webdriver.WebDriver (session=\"394fede5fa7e6710ab7b8a5607aa58d8\")>"}],"stepsCount":0,"shouldDisplayMessage":false,"attachmentsCount":0,"hasContent":true,"attachmentStep":false}],"attachments":[],"parameters":[],"stepsCount":1,"shouldDisplayMessage":false,"attachmentsCount":0,"hasContent":true,"attachmentStep":false},{"name":"auto_test_user_authorized","time":{"start":1769688385939,"stop":1769688406450,"duration":20511},"status":"broken","statusMessage":"selenium.common.exceptions.TimeoutException: Message: Can't find element by locator https://www.brainup.site/groups\n\n","statusTrace":"  File \"/opt/hostedtoolcache/Python/3.12.12/x64/lib/python3.12/site-packages/pluggy/_callers.py\", line 38, in run_old_style_hookwrapper\n    res = yield\n          ^^^^^\n  File \"/opt/hostedtoolcache/Python/3.12.12/x64/lib/python3.12/site-packages/pluggy/_callers.py\", line 139, in _multicall\n    teardown.throw(exception)\n  File \"/opt/hostedtoolcache/Python/3.12.12/x64/lib/python3.12/site-packages/pluggy/_callers.py\", line 53, in run_old_style_hookwrapper\n    return result.get_result()\n           ^^^^^^^^^^^^^^^^^^^\n  File \"/opt/hostedtoolcache/Python/3.12.12/x64/lib/python3.12/site-packages/pluggy/_result.py\", line 103, in get_result\n    raise exc.with_traceback(tb)\n  File \"/opt/hostedtoolcache/Python/3.12.12/x64/lib/python3.12/site-packages/pluggy/_callers.py\", line 38, in run_old_style_hookwrapper\n    res = yield\n          ^^^^^\n  File \"/opt/hostedtoolcache/Python/3.12.12/x64/lib/python3.12/site-packages/pluggy/_callers.py\", line 121, in _multicall\n    res = hook_impl.function(*args)\n          ^^^^^^^^^^^^^^^^^^^^^^^^^\n  File \"/opt/hostedtoolcache/Python/3.12.12/x64/lib/python3.12/site-packages/_pytest/fixtures.py\", line 1123, in pytest_fixture_setup\n    result = call_fixture_func(fixturefunc, request, kwargs)\n             ^^^^^^^^^^^^^^^^^^^^^^^^^^^^^^^^^^^^^^^^^^^^^^^\n  File \"/opt/hostedtoolcache/Python/3.12.12/x64/lib/python3.12/site-packages/_pytest/fixtures.py\", line 902, in call_fixture_func\n    fixture_result = fixturefunc(**kwargs)\n                     ^^^^^^^^^^^^^^^^^^^^^\n  File \"/opt/hostedtoolcache/Python/3.12.12/x64/lib/python3.12/site-packages/allure_commons/_allure.py\", line 192, in impl\n    return func(*a, **kw)\n           ^^^^^^^^^^^^^^\n  File \"/home/runner/work/auto-tests-python/auto-tests-python/tests/conftest.py\", line 178, in auto_test_user_authorized\n    page.check_expected_link(MainPageLinks.URL_GROUPS_PAGE)\n  File \"/home/runner/work/auto-tests-python/auto-tests-python/pages/base_page.py\", line 84, in check_expected_link\n    return Wait(self.driver, self.timeout).until(\n           ^^^^^^^^^^^^^^^^^^^^^^^^^^^^^^^^^^^^^^\n  File \"/opt/hostedtoolcache/Python/3.12.12/x64/lib/python3.12/site-packages/selenium/webdriver/support/wait.py\", line 95, in until\n    raise TimeoutException(message, screen, stacktrace)\n","steps":[{"name":"Auto test user authorized","time":{"start":1769688385939,"stop":1769688406450,"duration":20511},"status":"broken","statusMessage":"selenium.common.exceptions.TimeoutException: Message: Can't find element by locator https://www.brainup.site/groups\n\n","statusTrace":"  File \"/opt/hostedtoolcache/Python/3.12.12/x64/lib/python3.12/site-packages/allure_commons/_allure.py\", line 192, in impl\n    return func(*a, **kw)\n           ^^^^^^^^^^^^^^\n  File \"/home/runner/work/auto-tests-python/auto-tests-python/tests/conftest.py\", line 178, in auto_test_user_authorized\n    page.check_expected_link(MainPageLinks.URL_GROUPS_PAGE)\n  File \"/home/runner/work/auto-tests-python/auto-tests-python/pages/base_page.py\", line 84, in check_expected_link\n    return Wait(self.driver, self.timeout).until(\n           ^^^^^^^^^^^^^^^^^^^^^^^^^^^^^^^^^^^^^^\n  File \"/opt/hostedtoolcache/Python/3.12.12/x64/lib/python3.12/site-packages/selenium/webdriver/support/wait.py\", line 95, in until\n    raise TimeoutException(message, screen, stacktrace)\n","steps":[{"name":"Check url is present: https://www.brainup.site/groups","time":{"start":1769688386307,"stop":1769688406450,"duration":20143},"status":"broken","statusMessage":"selenium.common.exceptions.TimeoutException: Message: Can't find element by locator https://www.brainup.site/groups\n\n","statusTrace":"  File \"/home/runner/work/auto-tests-python/auto-tests-python/pages/base_page.py\", line 84, in check_expected_link\n    return Wait(self.driver, self.timeout).until(\n           ^^^^^^^^^^^^^^^^^^^^^^^^^^^^^^^^^^^^^^\n  File \"/opt/hostedtoolcache/Python/3.12.12/x64/lib/python3.12/site-packages/selenium/webdriver/support/wait.py\", line 95, in until\n    raise TimeoutException(message, screen, stacktrace)\n","steps":[],"attachments":[],"parameters":[],"stepsCount":0,"shouldDisplayMessage":true,"attachmentsCount":0,"hasContent":true,"attachmentStep":false}],"attachments":[],"parameters":[{"name":"driver","value":"<selenium.webdriver.chrome.webdriver.WebDriver (session=\"394fede5fa7e6710ab7b8a5607aa58d8\")>"},{"name":"main_page_open","value":"None"}],"stepsCount":1,"shouldDisplayMessage":false,"attachmentsCount":0,"hasContent":true,"attachmentStep":false}],"attachments":[],"parameters":[],"stepsCount":2,"shouldDisplayMessage":false,"attachmentsCount":0,"hasContent":true,"attachmentStep":false}],"afterStages":[{"name":"driver::0","time":{"start":1769688406467,"stop":1769688406542,"duration":75},"status":"passed","steps":[],"attachments":[],"parameters":[],"stepsCount":0,"shouldDisplayMessage":false,"attachmentsCount":0,"hasContent":false,"attachmentStep":false}],"labels":[{"name":"epic","value":"The Groups Page"},{"name":"parentSuite","value":"tests"},{"name":"suite","value":"groups_page_test"},{"name":"subSuite","value":"TestGroupsPage"},{"name":"host","value":"runnervmymu0l"},{"name":"thread","value":"2658-MainThread"},{"name":"framework","value":"pytest"},{"name":"language","value":"cpython3"},{"name":"package","value":"tests.groups_page_test"},{"name":"resultFormat","value":"allure2"}],"parameters":[],"links":[],"hidden":false,"retry":false,"extra":{"severity":"normal","retries":[],"categories":[{"name":"Test defects","matchedStatuses":[],"flaky":false}],"history":{"statistic":{"failed":0,"broken":6,"skipped":0,"passed":18,"unknown":0,"total":24},"items":[{"uid":"c69cba2a5bff598f","reportUrl":"https://Brain-up.github.io/auto-tests-python/814/#testresult/c69cba2a5bff598f","status":"passed","time":{"start":1769600346389,"stop":1769600346457,"duration":68}},{"uid":"71458a223f2ca29","reportUrl":"https://Brain-up.github.io/auto-tests-python/814/#testresult/71458a223f2ca29","status":"passed","time":{"start":1769552146361,"stop":1769552146429,"duration":68}},{"uid":"2c98af56eafbb129","reportUrl":"https://Brain-up.github.io/auto-tests-python/814/#testresult/2c98af56eafbb129","status":"passed","time":{"start":1769543939255,"stop":1769543939323,"duration":68}},{"uid":"81d851461507e2f2","reportUrl":"https://Brain-up.github.io/auto-tests-python/813/#testresult/81d851461507e2f2","status":"broken","statusDetails":"selenium.common.exceptions.TimeoutException: Message: Can't find element by locator https://www.brainup.site/groups","time":{"start":1769425361625,"stop":1769425361625,"duration":0}},{"uid":"6cdc5580093df3f6","reportUrl":"https://Brain-up.github.io/auto-tests-python/812/#testresult/6cdc5580093df3f6","status":"passed","time":{"start":1769335674816,"stop":1769335674885,"duration":69}},{"uid":"205cff0679b06f41","reportUrl":"https://Brain-up.github.io/auto-tests-python/811/#testresult/205cff0679b06f41","status":"broken","statusDetails":"selenium.common.exceptions.TimeoutException: Message: Can't find element by locator https://www.brainup.site/groups","time":{"start":1769252343770,"stop":1769252343770,"duration":0}},{"uid":"ab15acc38b93816","reportUrl":"https://Brain-up.github.io/auto-tests-python/810/#testresult/ab15acc38b93816","status":"passed","time":{"start":1769070976022,"stop":1769070976094,"duration":72}},{"uid":"c76fea524214b988","reportUrl":"https://Brain-up.github.io/auto-tests-python/809/#testresult/c76fea524214b988","status":"passed","time":{"start":1768988890263,"stop":1768988890334,"duration":71}},{"uid":"8d16ddcd7ae7930","reportUrl":"https://Brain-up.github.io/auto-tests-python/808/#testresult/8d16ddcd7ae7930","status":"passed","time":{"start":1768906227621,"stop":1768906227685,"duration":64}},{"uid":"f1a7927cd8b3fb8c","reportUrl":"https://Brain-up.github.io/auto-tests-python/807/#testresult/f1a7927cd8b3fb8c","status":"passed","time":{"start":1768820604772,"stop":1768820604840,"duration":68}},{"uid":"911ae080e4603b3b","reportUrl":"https://Brain-up.github.io/auto-tests-python/806/#testresult/911ae080e4603b3b","status":"broken","statusDetails":"selenium.common.exceptions.TimeoutException: Message: Can't find element by locator https://www.brainup.site/groups","time":{"start":1768736852944,"stop":1768736852944,"duration":0}},{"uid":"1efb331c6bfe84ab","reportUrl":"https://Brain-up.github.io/auto-tests-python/805/#testresult/1efb331c6bfe84ab","status":"passed","time":{"start":1768647299480,"stop":1768647299549,"duration":69}},{"uid":"ced898f2e62e5c1b","reportUrl":"https://Brain-up.github.io/auto-tests-python/804/#testresult/ced898f2e62e5c1b","status":"passed","time":{"start":1768558332609,"stop":1768558332678,"duration":69}},{"uid":"fb3d7d75dc0009b4","reportUrl":"https://Brain-up.github.io/auto-tests-python/803/#testresult/fb3d7d75dc0009b4","status":"passed","time":{"start":1768471432294,"stop":1768471432366,"duration":72}},{"uid":"cb2b6d3ddf37b385","reportUrl":"https://Brain-up.github.io/auto-tests-python/802/#testresult/cb2b6d3ddf37b385","status":"passed","time":{"start":1768396757999,"stop":1768396758075,"duration":76}},{"uid":"bce884a4940f64d3","reportUrl":"https://Brain-up.github.io/auto-tests-python/801/#testresult/bce884a4940f64d3","status":"passed","time":{"start":1768298301406,"stop":1768298301472,"duration":66}},{"uid":"ff81edb1f3aac857","reportUrl":"https://Brain-up.github.io/auto-tests-python/800/#testresult/ff81edb1f3aac857","status":"broken","statusDetails":"selenium.common.exceptions.TimeoutException: Message: Can't find element by locator https://www.brainup.site/groups","time":{"start":1768195135250,"stop":1768195135250,"duration":0}},{"uid":"510597ec0572969d","reportUrl":"https://Brain-up.github.io/auto-tests-python/799/#testresult/510597ec0572969d","status":"broken","statusDetails":"selenium.common.exceptions.TimeoutException: Message: Can't find element by locator https://www.brainup.site/groups","time":{"start":1768045395931,"stop":1768045395931,"duration":0}},{"uid":"11a86c52d98f7b97","reportUrl":"https://Brain-up.github.io/auto-tests-python/798/#testresult/11a86c52d98f7b97","status":"passed","time":{"start":1767952036409,"stop":1767952036478,"duration":69}},{"uid":"ee6553b66d5b2968","reportUrl":"https://Brain-up.github.io/auto-tests-python/797/#testresult/ee6553b66d5b2968","status":"passed","time":{"start":1767867607502,"stop":1767867607569,"duration":67}}]},"tags":[]},"source":"db9a1943e03a6177.json","parameterValues":[]}