{"uid":"9e31e5d9ec0ab34f","name":"Check statistic table.","fullName":"tests.test_speech_exercises_ru.TestCardsRU#test_get_statistic_data","historyId":"15df626f86a935fbcd917f7ea4002a26","time":{"start":1762597319350,"stop":1762597329645,"duration":10295},"status":"skipped","statusMessage":"XFAIL\n\nselenium.common.exceptions.TimeoutException: Message: Can't find element by locator ('xpath', '//div[@class=\"__51e19\"]')\nStacktrace:\n#0 0x560ec046aaea <unknown>\n#1 0x560ebfeb6cdb <unknown>\n#2 0x560ebff096c4 <unknown>\n#3 0x560ebff09901 <unknown>\n#4 0x560ebff588b4 <unknown>\n#5 0x560ebff55c87 <unknown>\n#6 0x560ebfefbaca <unknown>\n#7 0x560ebfefc7d1 <unknown>\n#8 0x560ec0431ab9 <unknown>\n#9 0x560ec0434a8c <unknown>\n#10 0x560ec041ad49 <unknown>\n#11 0x560ec0435685 <unknown>\n#12 0x560ec04026c3 <unknown>\n#13 0x560ec04577d8 <unknown>\n#14 0x560ec04579b3 <unknown>\n#15 0x560ec0469a83 <unknown>\n#16 0x7f82fa09caa4 <unknown>\n#17 0x7f82fa129c6c <unknown>","statusTrace":"self = <tests.test_speech_exercises_ru.TestCardsRU object at 0x7f2d09c46240>\ndriver = <selenium.webdriver.chrome.webdriver.WebDriver (session=\"4a47e8d9ac90feb1d544dd26c67af46e\")>\ndefault_user_authorized = None\n\n    @pytest.mark.xfail\n    @allure.suite('Statistic.')\n    @allure.title('Check statistic table.')\n    def test_get_statistic_data(self, driver, default_user_authorized):\n        page = SpeechExercisesPageRU(driver)\n>       table = page.get_statistic_data()\n\ntests/test_speech_exercises_ru.py:192: \n_ _ _ _ _ _ _ _ _ _ _ _ _ _ _ _ _ _ _ _ _ _ _ _ _ _ _ _ _ _ _ _ _ _ _ _ _ _ _ _ \npages/speech_exercises_page_ru.py:174: in get_statistic_data\n    table = self.element_is_present(self.locators.AuthorizedUserHomePageLocators.STATISTIC_TABLE)\npages/base_page.py:32: in element_is_present\n    return Wait(self.driver, self.timeout).until(\n_ _ _ _ _ _ _ _ _ _ _ _ _ _ _ _ _ _ _ _ _ _ _ _ _ _ _ _ _ _ _ _ _ _ _ _ _ _ _ _ \n\nself = <selenium.webdriver.support.wait.WebDriverWait (session=\"4a47e8d9ac90feb1d544dd26c67af46e\")>\nmethod = <function presence_of_element_located.<locals>._predicate at 0x7f2d09bc8a40>\nmessage = 'Can\\'t find element by locator (\\'xpath\\', \\'//div[@class=\"__51e19\"]\\')'\n\n    def until(self, method, message: str = \"\"):\n        \"\"\"Calls the method provided with the driver as an argument until the \\\n        return value does not evaluate to ``False``.\n    \n        :param method: callable(WebDriver)\n        :param message: optional message for :exc:`TimeoutException`\n        :returns: the result of the last call to `method`\n        :raises: :exc:`selenium.common.exceptions.TimeoutException` if timeout occurs\n        \"\"\"\n        screen = None\n        stacktrace = None\n    \n        end_time = time.monotonic() + self._timeout\n        while True:\n            try:\n                value = method(self._driver)\n                if value:\n                    return value\n            except self._ignored_exceptions as exc:\n                screen = getattr(exc, \"screen\", None)\n                stacktrace = getattr(exc, \"stacktrace\", None)\n            time.sleep(self._poll)\n            if time.monotonic() > end_time:\n                break\n>       raise TimeoutException(message, screen, stacktrace)\nE       selenium.common.exceptions.TimeoutException: Message: Can't find element by locator ('xpath', '//div[@class=\"__51e19\"]')\nE       Stacktrace:\nE       #0 0x560ec046aaea <unknown>\nE       #1 0x560ebfeb6cdb <unknown>\nE       #2 0x560ebff096c4 <unknown>\nE       #3 0x560ebff09901 <unknown>\nE       #4 0x560ebff588b4 <unknown>\nE       #5 0x560ebff55c87 <unknown>\nE       #6 0x560ebfefbaca <unknown>\nE       #7 0x560ebfefc7d1 <unknown>\nE       #8 0x560ec0431ab9 <unknown>\nE       #9 0x560ec0434a8c <unknown>\nE       #10 0x560ec041ad49 <unknown>\nE       #11 0x560ec0435685 <unknown>\nE       #12 0x560ec04026c3 <unknown>\nE       #13 0x560ec04577d8 <unknown>\nE       #14 0x560ec04579b3 <unknown>\nE       #15 0x560ec0469a83 <unknown>\nE       #16 0x7f82fa09caa4 <unknown>\nE       #17 0x7f82fa129c6c <unknown>\n\n/opt/hostedtoolcache/Python/3.12.12/x64/lib/python3.12/site-packages/selenium/webdriver/support/wait.py:95: TimeoutException","flaky":false,"newFailed":false,"newBroken":false,"newPassed":false,"retriesCount":0,"retriesStatusChange":false,"beforeStages":[{"name":"clear_allure_results_folder","time":{"start":1762595730735,"stop":1762595730735,"duration":0},"status":"passed","steps":[],"attachments":[],"parameters":[],"stepsCount":0,"shouldDisplayMessage":false,"attachmentsCount":0,"hasContent":false,"attachmentStep":false},{"name":"driver","time":{"start":1762597311843,"stop":1762597312617,"duration":774},"status":"passed","steps":[],"attachments":[],"parameters":[],"stepsCount":0,"shouldDisplayMessage":false,"attachmentsCount":0,"hasContent":false,"attachmentStep":false},{"name":"main_page_open","time":{"start":1762597312618,"stop":1762597316403,"duration":3785},"status":"passed","steps":[{"name":"Open page: https://www.brainup.site/","time":{"start":1762597312618,"stop":1762597316403,"duration":3785},"status":"passed","steps":[],"attachments":[],"parameters":[{"name":"driver","value":"<selenium.webdriver.chrome.webdriver.WebDriver (session=\"4a47e8d9ac90feb1d544dd26c67af46e\")>"}],"stepsCount":0,"shouldDisplayMessage":false,"attachmentsCount":0,"hasContent":true,"attachmentStep":false}],"attachments":[],"parameters":[],"stepsCount":1,"shouldDisplayMessage":false,"attachmentsCount":0,"hasContent":true,"attachmentStep":false},{"name":"default_user_authorized","time":{"start":1762597316403,"stop":1762597319350,"duration":2947},"status":"passed","steps":[{"name":"DEFAULT user authorized","time":{"start":1762597316403,"stop":1762597319350,"duration":2947},"status":"passed","steps":[{"name":"Check url is present: https://www.brainup.site/groups","time":{"start":1762597316801,"stop":1762597319325,"duration":2524},"status":"passed","steps":[],"attachments":[],"parameters":[],"stepsCount":0,"shouldDisplayMessage":false,"attachmentsCount":0,"hasContent":false,"attachmentStep":false},{"name":"Loader checking","time":{"start":1762597319325,"stop":1762597319350,"duration":25},"status":"passed","steps":[],"attachments":[],"parameters":[],"stepsCount":0,"shouldDisplayMessage":false,"attachmentsCount":0,"hasContent":false,"attachmentStep":false}],"attachments":[],"parameters":[{"name":"driver","value":"<selenium.webdriver.chrome.webdriver.WebDriver (session=\"4a47e8d9ac90feb1d544dd26c67af46e\")>"},{"name":"main_page_open","value":"None"}],"stepsCount":2,"shouldDisplayMessage":false,"attachmentsCount":0,"hasContent":true,"attachmentStep":false}],"attachments":[],"parameters":[],"stepsCount":3,"shouldDisplayMessage":false,"attachmentsCount":0,"hasContent":true,"attachmentStep":false}],"testStage":{"status":"skipped","statusMessage":"XFAIL\n\nselenium.common.exceptions.TimeoutException: Message: Can't find element by locator ('xpath', '//div[@class=\"__51e19\"]')\nStacktrace:\n#0 0x560ec046aaea <unknown>\n#1 0x560ebfeb6cdb <unknown>\n#2 0x560ebff096c4 <unknown>\n#3 0x560ebff09901 <unknown>\n#4 0x560ebff588b4 <unknown>\n#5 0x560ebff55c87 <unknown>\n#6 0x560ebfefbaca <unknown>\n#7 0x560ebfefc7d1 <unknown>\n#8 0x560ec0431ab9 <unknown>\n#9 0x560ec0434a8c <unknown>\n#10 0x560ec041ad49 <unknown>\n#11 0x560ec0435685 <unknown>\n#12 0x560ec04026c3 <unknown>\n#13 0x560ec04577d8 <unknown>\n#14 0x560ec04579b3 <unknown>\n#15 0x560ec0469a83 <unknown>\n#16 0x7f82fa09caa4 <unknown>\n#17 0x7f82fa129c6c <unknown>","statusTrace":"self = <tests.test_speech_exercises_ru.TestCardsRU object at 0x7f2d09c46240>\ndriver = <selenium.webdriver.chrome.webdriver.WebDriver (session=\"4a47e8d9ac90feb1d544dd26c67af46e\")>\ndefault_user_authorized = None\n\n    @pytest.mark.xfail\n    @allure.suite('Statistic.')\n    @allure.title('Check statistic table.')\n    def test_get_statistic_data(self, driver, default_user_authorized):\n        page = SpeechExercisesPageRU(driver)\n>       table = page.get_statistic_data()\n\ntests/test_speech_exercises_ru.py:192: \n_ _ _ _ _ _ _ _ _ _ _ _ _ _ _ _ _ _ _ _ _ _ _ _ _ _ _ _ _ _ _ _ _ _ _ _ _ _ _ _ \npages/speech_exercises_page_ru.py:174: in get_statistic_data\n    table = self.element_is_present(self.locators.AuthorizedUserHomePageLocators.STATISTIC_TABLE)\npages/base_page.py:32: in element_is_present\n    return Wait(self.driver, self.timeout).until(\n_ _ _ _ _ _ _ _ _ _ _ _ _ _ _ _ _ _ _ _ _ _ _ _ _ _ _ _ _ _ _ _ _ _ _ _ _ _ _ _ \n\nself = <selenium.webdriver.support.wait.WebDriverWait (session=\"4a47e8d9ac90feb1d544dd26c67af46e\")>\nmethod = <function presence_of_element_located.<locals>._predicate at 0x7f2d09bc8a40>\nmessage = 'Can\\'t find element by locator (\\'xpath\\', \\'//div[@class=\"__51e19\"]\\')'\n\n    def until(self, method, message: str = \"\"):\n        \"\"\"Calls the method provided with the driver as an argument until the \\\n        return value does not evaluate to ``False``.\n    \n        :param method: callable(WebDriver)\n        :param message: optional message for :exc:`TimeoutException`\n        :returns: the result of the last call to `method`\n        :raises: :exc:`selenium.common.exceptions.TimeoutException` if timeout occurs\n        \"\"\"\n        screen = None\n        stacktrace = None\n    \n        end_time = time.monotonic() + self._timeout\n        while True:\n            try:\n                value = method(self._driver)\n                if value:\n                    return value\n            except self._ignored_exceptions as exc:\n                screen = getattr(exc, \"screen\", None)\n                stacktrace = getattr(exc, \"stacktrace\", None)\n            time.sleep(self._poll)\n            if time.monotonic() > end_time:\n                break\n>       raise TimeoutException(message, screen, stacktrace)\nE       selenium.common.exceptions.TimeoutException: Message: Can't find element by locator ('xpath', '//div[@class=\"__51e19\"]')\nE       Stacktrace:\nE       #0 0x560ec046aaea <unknown>\nE       #1 0x560ebfeb6cdb <unknown>\nE       #2 0x560ebff096c4 <unknown>\nE       #3 0x560ebff09901 <unknown>\nE       #4 0x560ebff588b4 <unknown>\nE       #5 0x560ebff55c87 <unknown>\nE       #6 0x560ebfefbaca <unknown>\nE       #7 0x560ebfefc7d1 <unknown>\nE       #8 0x560ec0431ab9 <unknown>\nE       #9 0x560ec0434a8c <unknown>\nE       #10 0x560ec041ad49 <unknown>\nE       #11 0x560ec0435685 <unknown>\nE       #12 0x560ec04026c3 <unknown>\nE       #13 0x560ec04577d8 <unknown>\nE       #14 0x560ec04579b3 <unknown>\nE       #15 0x560ec0469a83 <unknown>\nE       #16 0x7f82fa09caa4 <unknown>\nE       #17 0x7f82fa129c6c <unknown>\n\n/opt/hostedtoolcache/Python/3.12.12/x64/lib/python3.12/site-packages/selenium/webdriver/support/wait.py:95: TimeoutException","steps":[{"name":"get_statistic_data","time":{"start":1762597319350,"stop":1762597329645,"duration":10295},"status":"broken","statusMessage":"selenium.common.exceptions.TimeoutException: Message: Can't find element by locator ('xpath', '//div[@class=\"__51e19\"]')\nStacktrace:\n#0 0x560ec046aaea <unknown>\n#1 0x560ebfeb6cdb <unknown>\n#2 0x560ebff096c4 <unknown>\n#3 0x560ebff09901 <unknown>\n#4 0x560ebff588b4 <unknown>\n#5 0x560ebff55c87 <unknown>\n#6 0x560ebfefbaca <unknown>\n#7 0x560ebfefc7d1 <unknown>\n#8 0x560ec0431ab9 <unknown>\n#9 0x560ec0434a8c <unknown>\n#10 0x560ec041ad49 <unknown>\n#11 0x560ec0435685 <unknown>\n#12 0x560ec04026c3 <unknown>\n#13 0x560ec04577d8 <unknown>\n#14 0x560ec04579b3 <unknown>\n#15 0x560ec0469a83 <unknown>\n#16 0x7f82fa09caa4 <unknown>\n#17 0x7f82fa129c6c <unknown>\n\n","statusTrace":"  File \"/opt/hostedtoolcache/Python/3.12.12/x64/lib/python3.12/site-packages/allure_commons/_allure.py\", line 192, in impl\n    return func(*a, **kw)\n           ^^^^^^^^^^^^^^\n  File \"/home/runner/work/auto-tests-python/auto-tests-python/pages/speech_exercises_page_ru.py\", line 174, in get_statistic_data\n    table = self.element_is_present(self.locators.AuthorizedUserHomePageLocators.STATISTIC_TABLE)\n            ^^^^^^^^^^^^^^^^^^^^^^^^^^^^^^^^^^^^^^^^^^^^^^^^^^^^^^^^^^^^^^^^^^^^^^^^^^^^^^^^^^^^^\n  File \"/home/runner/work/auto-tests-python/auto-tests-python/pages/base_page.py\", line 32, in element_is_present\n    return Wait(self.driver, self.timeout).until(\n           ^^^^^^^^^^^^^^^^^^^^^^^^^^^^^^^^^^^^^^\n  File \"/opt/hostedtoolcache/Python/3.12.12/x64/lib/python3.12/site-packages/selenium/webdriver/support/wait.py\", line 95, in until\n    raise TimeoutException(message, screen, stacktrace)\n","steps":[{"name":"Click button \"Статистика\"\".","time":{"start":1762597319350,"stop":1762597319431,"duration":81},"status":"passed","steps":[],"attachments":[],"parameters":[],"stepsCount":0,"shouldDisplayMessage":false,"attachmentsCount":0,"hasContent":false,"attachmentStep":false},{"name":"Check statistic table is present and scroll to table","time":{"start":1762597319431,"stop":1762597329644,"duration":10213},"status":"broken","statusMessage":"selenium.common.exceptions.TimeoutException: Message: Can't find element by locator ('xpath', '//div[@class=\"__51e19\"]')\nStacktrace:\n#0 0x560ec046aaea <unknown>\n#1 0x560ebfeb6cdb <unknown>\n#2 0x560ebff096c4 <unknown>\n#3 0x560ebff09901 <unknown>\n#4 0x560ebff588b4 <unknown>\n#5 0x560ebff55c87 <unknown>\n#6 0x560ebfefbaca <unknown>\n#7 0x560ebfefc7d1 <unknown>\n#8 0x560ec0431ab9 <unknown>\n#9 0x560ec0434a8c <unknown>\n#10 0x560ec041ad49 <unknown>\n#11 0x560ec0435685 <unknown>\n#12 0x560ec04026c3 <unknown>\n#13 0x560ec04577d8 <unknown>\n#14 0x560ec04579b3 <unknown>\n#15 0x560ec0469a83 <unknown>\n#16 0x7f82fa09caa4 <unknown>\n#17 0x7f82fa129c6c <unknown>\n\n","statusTrace":"  File \"/home/runner/work/auto-tests-python/auto-tests-python/pages/speech_exercises_page_ru.py\", line 174, in get_statistic_data\n    table = self.element_is_present(self.locators.AuthorizedUserHomePageLocators.STATISTIC_TABLE)\n            ^^^^^^^^^^^^^^^^^^^^^^^^^^^^^^^^^^^^^^^^^^^^^^^^^^^^^^^^^^^^^^^^^^^^^^^^^^^^^^^^^^^^^\n  File \"/home/runner/work/auto-tests-python/auto-tests-python/pages/base_page.py\", line 32, in element_is_present\n    return Wait(self.driver, self.timeout).until(\n           ^^^^^^^^^^^^^^^^^^^^^^^^^^^^^^^^^^^^^^\n  File \"/opt/hostedtoolcache/Python/3.12.12/x64/lib/python3.12/site-packages/selenium/webdriver/support/wait.py\", line 95, in until\n    raise TimeoutException(message, screen, stacktrace)\n","steps":[],"attachments":[],"parameters":[],"stepsCount":0,"shouldDisplayMessage":true,"attachmentsCount":0,"hasContent":true,"attachmentStep":false}],"attachments":[],"parameters":[],"stepsCount":2,"shouldDisplayMessage":false,"attachmentsCount":0,"hasContent":true,"attachmentStep":false}],"attachments":[],"parameters":[],"stepsCount":3,"shouldDisplayMessage":true,"attachmentsCount":0,"hasContent":true,"attachmentStep":false},"afterStages":[{"name":"driver::0","time":{"start":1762597329661,"stop":1762597329730,"duration":69},"status":"passed","steps":[],"attachments":[],"parameters":[],"stepsCount":0,"shouldDisplayMessage":false,"attachmentsCount":0,"hasContent":false,"attachmentStep":false}],"labels":[{"name":"suite","value":"Statistic."},{"name":"epic","value":"Speech exercises."},{"name":"tag","value":"@pytest.mark.xfail"},{"name":"parentSuite","value":"tests"},{"name":"subSuite","value":"TestCardsRU"},{"name":"host","value":"runnervmw9dnm"},{"name":"thread","value":"2566-MainThread"},{"name":"framework","value":"pytest"},{"name":"language","value":"cpython3"},{"name":"package","value":"tests.test_speech_exercises_ru"},{"name":"resultFormat","value":"allure2"}],"parameters":[],"links":[],"hidden":false,"retry":false,"extra":{"severity":"normal","retries":[],"categories":[],"history":{"statistic":{"failed":0,"broken":0,"skipped":7,"passed":1,"unknown":0,"total":8},"items":[{"uid":"a3ef269d6cd1458d","reportUrl":"https://Brain-up.github.io/auto-tests-python/741/#testresult/a3ef269d6cd1458d","status":"skipped","statusDetails":"XFAIL\n\nselenium.common.exceptions.TimeoutException: Message: Can't find element by locator ('xpath', '//div[@class=\"__51e19\"]')\nStacktrace:\n#0 0x5568c4767aea <unknown>\n#1 0x5568c41b3cdb <unknown>\n#2 0x5568c42066c4 <unknown>\n#3 0x5568c4206901 <unknown>\n#4 0x5568c42558b4 <unknown>\n#5 0x5568c4252c87 <unknown>\n#6 0x5568c41f8aca <unknown>\n#7 0x5568c41f97d1 <unknown>\n#8 0x5568c472eab9 <unknown>\n#9 0x5568c4731a8c <unknown>\n#10 0x5568c4717d49 <unknown>\n#11 0x5568c4732685 <unknown>\n#12 0x5568c46ff6c3 <unknown>\n#13 0x5568c47547d8 <unknown>\n#14 0x5568c47549b3 <unknown>\n#15 0x5568c4766a83 <unknown>\n#16 0x7f22f909caa4 <unknown>\n#17 0x7f22f9129c6c <unknown>","time":{"start":1762513430672,"stop":1762513440939,"duration":10267}},{"uid":"7895c5abc09d7b2e","reportUrl":"https://Brain-up.github.io/auto-tests-python/740/#testresult/7895c5abc09d7b2e","status":"skipped","statusDetails":"XFAIL\n\nselenium.common.exceptions.TimeoutException: Message: Can't find element by locator ('xpath', '//div[@class=\"__51e19\"]')\nStacktrace:\n#0 0x55a5fe4cbaea <unknown>\n#1 0x55a5fdf17cdb <unknown>\n#2 0x55a5fdf6a6c4 <unknown>\n#3 0x55a5fdf6a901 <unknown>\n#4 0x55a5fdfb98b4 <unknown>\n#5 0x55a5fdfb6c87 <unknown>\n#6 0x55a5fdf5caca <unknown>\n#7 0x55a5fdf5d7d1 <unknown>\n#8 0x55a5fe492ab9 <unknown>\n#9 0x55a5fe495a8c <unknown>\n#10 0x55a5fe47bd49 <unknown>\n#11 0x55a5fe496685 <unknown>\n#12 0x55a5fe4636c3 <unknown>\n#13 0x55a5fe4b87d8 <unknown>\n#14 0x55a5fe4b89b3 <unknown>\n#15 0x55a5fe4caa83 <unknown>\n#16 0x7f6c40a9caa4 <unknown>\n#17 0x7f6c40b29c6c <unknown>","time":{"start":1762426735814,"stop":1762426746089,"duration":10275}},{"uid":"a4f3b0c48a3be23c","reportUrl":"https://Brain-up.github.io/auto-tests-python/739/#testresult/a4f3b0c48a3be23c","status":"passed","statusDetails":"XPASS","time":{"start":1762341208869,"stop":1762341210337,"duration":1468}},{"uid":"63f675dd878b056d","reportUrl":"https://Brain-up.github.io/auto-tests-python/738/#testresult/63f675dd878b056d","status":"skipped","statusDetails":"XFAIL\n\nselenium.common.exceptions.TimeoutException: Message: Can't find element by locator ('xpath', '//div[@class=\"__51e19\"]')\nStacktrace:\n#0 0x555b6a3feaea <unknown>\n#1 0x555b69e4acdb <unknown>\n#2 0x555b69e9d6c4 <unknown>\n#3 0x555b69e9d901 <unknown>\n#4 0x555b69eec8b4 <unknown>\n#5 0x555b69ee9c87 <unknown>\n#6 0x555b69e8faca <unknown>\n#7 0x555b69e907d1 <unknown>\n#8 0x555b6a3c5ab9 <unknown>\n#9 0x555b6a3c8a8c <unknown>\n#10 0x555b6a3aed49 <unknown>\n#11 0x555b6a3c9685 <unknown>\n#12 0x555b6a3966c3 <unknown>\n#13 0x555b6a3eb7d8 <unknown>\n#14 0x555b6a3eb9b3 <unknown>\n#15 0x555b6a3fda83 <unknown>\n#16 0x7f0745e9caa4 <unknown>\n#17 0x7f0745f29c6c <unknown>","time":{"start":1762338189319,"stop":1762338199575,"duration":10256}},{"uid":"b173b407dbb5872b","reportUrl":"https://Brain-up.github.io/auto-tests-python/737/#testresult/b173b407dbb5872b","status":"skipped","statusDetails":"XFAIL\n\nselenium.common.exceptions.TimeoutException: Message: Can't find element by locator ('xpath', '//div[@class=\"__51e19\"]')\nStacktrace:\n#0 0x559c4e986aea <unknown>\n#1 0x559c4e3d2cdb <unknown>\n#2 0x559c4e4256c4 <unknown>\n#3 0x559c4e425901 <unknown>\n#4 0x559c4e4748b4 <unknown>\n#5 0x559c4e471c87 <unknown>\n#6 0x559c4e417aca <unknown>\n#7 0x559c4e4187d1 <unknown>\n#8 0x559c4e94dab9 <unknown>\n#9 0x559c4e950a8c <unknown>\n#10 0x559c4e936d49 <unknown>\n#11 0x559c4e951685 <unknown>\n#12 0x559c4e91e6c3 <unknown>\n#13 0x559c4e9737d8 <unknown>\n#14 0x559c4e9739b3 <unknown>\n#15 0x559c4e985a83 <unknown>\n#16 0x7fe3f369caa4 <unknown>\n#17 0x7fe3f3729c6c <unknown>","time":{"start":1762338008731,"stop":1762338019007,"duration":10276}},{"uid":"7addab02625460a","reportUrl":"https://Brain-up.github.io/auto-tests-python/2/#testresult/7addab02625460a","status":"skipped","statusDetails":"XFAIL\n\nselenium.common.exceptions.TimeoutException: Message: Can't find element by locator ('xpath', '//div[@class=\"__51e19\"]')\nStacktrace:\n#0 0x5617bc5ccaea <unknown>\n#1 0x5617bc018cdb <unknown>\n#2 0x5617bc06b6c4 <unknown>\n#3 0x5617bc06b901 <unknown>\n#4 0x5617bc0ba8b4 <unknown>\n#5 0x5617bc0b7c87 <unknown>\n#6 0x5617bc05daca <unknown>\n#7 0x5617bc05e7d1 <unknown>\n#8 0x5617bc593ab9 <unknown>\n#9 0x5617bc596a8c <unknown>\n#10 0x5617bc57cd49 <unknown>\n#11 0x5617bc597685 <unknown>\n#12 0x5617bc5646c3 <unknown>\n#13 0x5617bc5b97d8 <unknown>\n#14 0x5617bc5b99b3 <unknown>\n#15 0x5617bc5cba83 <unknown>\n#16 0x7f1fb0e9caa4 <unknown>\n#17 0x7f1fb0f29c6c <unknown>","time":{"start":1762337998132,"stop":1762338008485,"duration":10353}},{"uid":"af65db5ce97e1ae7","reportUrl":"https://Brain-up.github.io/auto-tests-python/736/#testresult/af65db5ce97e1ae7","status":"skipped","statusDetails":"XFAIL\n\nselenium.common.exceptions.TimeoutException: Message: Can't find element by locator ('xpath', '//div[@class=\"__51e19\"]')\nStacktrace:\n#0 0x55e2d6863aea <unknown>\n#1 0x55e2d62afcdb <unknown>\n#2 0x55e2d63026c4 <unknown>\n#3 0x55e2d6302901 <unknown>\n#4 0x55e2d63518b4 <unknown>\n#5 0x55e2d634ec87 <unknown>\n#6 0x55e2d62f4aca <unknown>\n#7 0x55e2d62f57d1 <unknown>\n#8 0x55e2d682aab9 <unknown>\n#9 0x55e2d682da8c <unknown>\n#10 0x55e2d6813d49 <unknown>\n#11 0x55e2d682e685 <unknown>\n#12 0x55e2d67fb6c3 <unknown>\n#13 0x55e2d68507d8 <unknown>\n#14 0x55e2d68509b3 <unknown>\n#15 0x55e2d6862a83 <unknown>\n#16 0x7f80bf69caa4 <unknown>\n#17 0x7f80bf729c6c <unknown>","time":{"start":1762337289943,"stop":1762337300201,"duration":10258}}]},"tags":["@pytest.mark.xfail"]},"source":"9e31e5d9ec0ab34f.json","parameterValues":[]}