{"uid":"f5faf22c0c79da76","name":"Verify value of the breadcrumbs on the page","fullName":"tests.exercises_ru_words_page_test.TestExRuWordsPageText#test_erw_02_02_verify_page_breadcrumbs_text","historyId":"3fb2e1ec1970f0326816ca969128e58b","time":{"start":1763379020506,"stop":1763379020506,"duration":0},"status":"broken","statusMessage":"selenium.common.exceptions.TimeoutException: Message: Can't find element by locator https://www.brainup.site/groups","statusTrace":"self = <pages.base_page.BasePage object at 0x7f639d976720>\nurl = 'https://www.brainup.site/groups'\n\n    def check_expected_link(self, url):\n        with allure.step(f'Check url is present: {url}'):\n            try:\n>               return Wait(self.driver, self.timeout).until(\n                    EC.url_to_be(url), message=f\"Can't find element by locator {url}\")\n\npages/base_page.py:80: \n_ _ _ _ _ _ _ _ _ _ _ _ _ _ _ _ _ _ _ _ _ _ _ _ _ _ _ _ _ _ _ _ _ _ _ _ _ _ _ _ \n\nself = <selenium.webdriver.support.wait.WebDriverWait (session=\"0a7efe88c099e143310ecec717cba442\")>\nmethod = <function url_to_be.<locals>._predicate at 0x7f639dcbf9c0>\nmessage = \"Can't find element by locator https://www.brainup.site/groups\"\n\n    def until(self, method, message: str = \"\"):\n        \"\"\"Calls the method provided with the driver as an argument until the \\\n        return value does not evaluate to ``False``.\n    \n        :param method: callable(WebDriver)\n        :param message: optional message for :exc:`TimeoutException`\n        :returns: the result of the last call to `method`\n        :raises: :exc:`selenium.common.exceptions.TimeoutException` if timeout occurs\n        \"\"\"\n        screen = None\n        stacktrace = None\n    \n        end_time = time.monotonic() + self._timeout\n        while True:\n            try:\n                value = method(self._driver)\n                if value:\n                    return value\n            except self._ignored_exceptions as exc:\n                screen = getattr(exc, \"screen\", None)\n                stacktrace = getattr(exc, \"stacktrace\", None)\n            time.sleep(self._poll)\n            if time.monotonic() > end_time:\n                break\n>       raise TimeoutException(message, screen, stacktrace)\nE       selenium.common.exceptions.TimeoutException: Message: Can't find element by locator https://www.brainup.site/groups\n\n/opt/hostedtoolcache/Python/3.12.12/x64/lib/python3.12/site-packages/selenium/webdriver/support/wait.py:95: TimeoutException\n\nDuring handling of the above exception, another exception occurred:\n\ndriver = <selenium.webdriver.chrome.webdriver.WebDriver (session=\"0a7efe88c099e143310ecec717cba442\")>\nmain_page_open = None\n\n    @pytest.fixture()\n    @allure.step('Auto test user authorized')\n    def auto_test_user_authorized(driver, main_page_open):\n        page = BasePage(driver)\n        page.element_is_present_and_clickable(MainPageLocators.LOGIN_BUTTON).click()\n        page.element_is_visible(LoginPageLocators.INPUT_LOGIN).send_keys(os.environ[\"LOGIN\"])\n        page.element_is_visible(LoginPageLocators.INPUT_PASSWORD).send_keys(os.environ[\"PASSWORD\"])\n        page.element_is_present_and_clickable(LoginPageLocators.SIGN_IN_BUTTON).click()\n>       page.check_expected_link(MainPageLinks.URL_GROUPS_PAGE)\n\ntests/conftest.py:156: \n_ _ _ _ _ _ _ _ _ _ _ _ _ _ _ _ _ _ _ _ _ _ _ _ _ _ _ _ _ _ _ _ _ _ _ _ _ _ _ _ \npages/base_page.py:84: in check_expected_link\n    return Wait(self.driver, self.timeout).until(\n_ _ _ _ _ _ _ _ _ _ _ _ _ _ _ _ _ _ _ _ _ _ _ _ _ _ _ _ _ _ _ _ _ _ _ _ _ _ _ _ \n\nself = <selenium.webdriver.support.wait.WebDriverWait (session=\"0a7efe88c099e143310ecec717cba442\")>\nmethod = <function url_to_be.<locals>._predicate at 0x7f639dcbf420>\nmessage = \"Can't find element by locator https://www.brainup.site/groups\"\n\n    def until(self, method, message: str = \"\"):\n        \"\"\"Calls the method provided with the driver as an argument until the \\\n        return value does not evaluate to ``False``.\n    \n        :param method: callable(WebDriver)\n        :param message: optional message for :exc:`TimeoutException`\n        :returns: the result of the last call to `method`\n        :raises: :exc:`selenium.common.exceptions.TimeoutException` if timeout occurs\n        \"\"\"\n        screen = None\n        stacktrace = None\n    \n        end_time = time.monotonic() + self._timeout\n        while True:\n            try:\n                value = method(self._driver)\n                if value:\n                    return value\n            except self._ignored_exceptions as exc:\n                screen = getattr(exc, \"screen\", None)\n                stacktrace = getattr(exc, \"stacktrace\", None)\n            time.sleep(self._poll)\n            if time.monotonic() > end_time:\n                break\n>       raise TimeoutException(message, screen, stacktrace)\nE       selenium.common.exceptions.TimeoutException: Message: Can't find element by locator https://www.brainup.site/groups\n\n/opt/hostedtoolcache/Python/3.12.12/x64/lib/python3.12/site-packages/selenium/webdriver/support/wait.py:95: TimeoutException","flaky":false,"newFailed":false,"newBroken":true,"newPassed":false,"retriesCount":0,"retriesStatusChange":false,"beforeStages":[{"name":"clear_allure_results_folder","time":{"start":1763378675285,"stop":1763378675285,"duration":0},"status":"passed","steps":[],"attachments":[],"parameters":[],"stepsCount":0,"shouldDisplayMessage":false,"attachmentsCount":0,"hasContent":false,"attachmentStep":false},{"name":"driver","time":{"start":1763379020506,"stop":1763379021267,"duration":761},"status":"passed","steps":[],"attachments":[],"parameters":[],"stepsCount":0,"shouldDisplayMessage":false,"attachmentsCount":0,"hasContent":false,"attachmentStep":false},{"name":"main_page_open","time":{"start":1763379021267,"stop":1763379023877,"duration":2610},"status":"passed","steps":[{"name":"Open page: https://www.brainup.site/","time":{"start":1763379021267,"stop":1763379023877,"duration":2610},"status":"passed","steps":[],"attachments":[],"parameters":[{"name":"driver","value":"<selenium.webdriver.chrome.webdriver.WebDriver (session=\"0a7efe88c099e143310ecec717cba442\")>"}],"stepsCount":0,"shouldDisplayMessage":false,"attachmentsCount":0,"hasContent":true,"attachmentStep":false}],"attachments":[],"parameters":[],"stepsCount":1,"shouldDisplayMessage":false,"attachmentsCount":0,"hasContent":true,"attachmentStep":false},{"name":"auto_test_user_authorized","time":{"start":1763379023877,"stop":1763379044390,"duration":20513},"status":"broken","statusMessage":"selenium.common.exceptions.TimeoutException: Message: Can't find element by locator https://www.brainup.site/groups\n\n","statusTrace":"  File \"/opt/hostedtoolcache/Python/3.12.12/x64/lib/python3.12/site-packages/pluggy/_callers.py\", line 38, in run_old_style_hookwrapper\n    res = yield\n          ^^^^^\n  File \"/opt/hostedtoolcache/Python/3.12.12/x64/lib/python3.12/site-packages/pluggy/_callers.py\", line 139, in _multicall\n    teardown.throw(exception)\n  File \"/opt/hostedtoolcache/Python/3.12.12/x64/lib/python3.12/site-packages/pluggy/_callers.py\", line 53, in run_old_style_hookwrapper\n    return result.get_result()\n           ^^^^^^^^^^^^^^^^^^^\n  File \"/opt/hostedtoolcache/Python/3.12.12/x64/lib/python3.12/site-packages/pluggy/_result.py\", line 103, in get_result\n    raise exc.with_traceback(tb)\n  File \"/opt/hostedtoolcache/Python/3.12.12/x64/lib/python3.12/site-packages/pluggy/_callers.py\", line 38, in run_old_style_hookwrapper\n    res = yield\n          ^^^^^\n  File \"/opt/hostedtoolcache/Python/3.12.12/x64/lib/python3.12/site-packages/pluggy/_callers.py\", line 121, in _multicall\n    res = hook_impl.function(*args)\n          ^^^^^^^^^^^^^^^^^^^^^^^^^\n  File \"/opt/hostedtoolcache/Python/3.12.12/x64/lib/python3.12/site-packages/_pytest/fixtures.py\", line 1123, in pytest_fixture_setup\n    result = call_fixture_func(fixturefunc, request, kwargs)\n             ^^^^^^^^^^^^^^^^^^^^^^^^^^^^^^^^^^^^^^^^^^^^^^^\n  File \"/opt/hostedtoolcache/Python/3.12.12/x64/lib/python3.12/site-packages/_pytest/fixtures.py\", line 902, in call_fixture_func\n    fixture_result = fixturefunc(**kwargs)\n                     ^^^^^^^^^^^^^^^^^^^^^\n  File \"/opt/hostedtoolcache/Python/3.12.12/x64/lib/python3.12/site-packages/allure_commons/_allure.py\", line 192, in impl\n    return func(*a, **kw)\n           ^^^^^^^^^^^^^^\n  File \"/home/runner/work/auto-tests-python/auto-tests-python/tests/conftest.py\", line 156, in auto_test_user_authorized\n    page.check_expected_link(MainPageLinks.URL_GROUPS_PAGE)\n  File \"/home/runner/work/auto-tests-python/auto-tests-python/pages/base_page.py\", line 84, in check_expected_link\n    return Wait(self.driver, self.timeout).until(\n           ^^^^^^^^^^^^^^^^^^^^^^^^^^^^^^^^^^^^^^\n  File \"/opt/hostedtoolcache/Python/3.12.12/x64/lib/python3.12/site-packages/selenium/webdriver/support/wait.py\", line 95, in until\n    raise TimeoutException(message, screen, stacktrace)\n","steps":[{"name":"Auto test user authorized","time":{"start":1763379023877,"stop":1763379044390,"duration":20513},"status":"broken","statusMessage":"selenium.common.exceptions.TimeoutException: Message: Can't find element by locator https://www.brainup.site/groups\n\n","statusTrace":"  File \"/opt/hostedtoolcache/Python/3.12.12/x64/lib/python3.12/site-packages/allure_commons/_allure.py\", line 192, in impl\n    return func(*a, **kw)\n           ^^^^^^^^^^^^^^\n  File \"/home/runner/work/auto-tests-python/auto-tests-python/tests/conftest.py\", line 156, in auto_test_user_authorized\n    page.check_expected_link(MainPageLinks.URL_GROUPS_PAGE)\n  File \"/home/runner/work/auto-tests-python/auto-tests-python/pages/base_page.py\", line 84, in check_expected_link\n    return Wait(self.driver, self.timeout).until(\n           ^^^^^^^^^^^^^^^^^^^^^^^^^^^^^^^^^^^^^^\n  File \"/opt/hostedtoolcache/Python/3.12.12/x64/lib/python3.12/site-packages/selenium/webdriver/support/wait.py\", line 95, in until\n    raise TimeoutException(message, screen, stacktrace)\n","steps":[{"name":"Check url is present: https://www.brainup.site/groups","time":{"start":1763379024250,"stop":1763379044389,"duration":20139},"status":"broken","statusMessage":"selenium.common.exceptions.TimeoutException: Message: Can't find element by locator https://www.brainup.site/groups\n\n","statusTrace":"  File \"/home/runner/work/auto-tests-python/auto-tests-python/pages/base_page.py\", line 84, in check_expected_link\n    return Wait(self.driver, self.timeout).until(\n           ^^^^^^^^^^^^^^^^^^^^^^^^^^^^^^^^^^^^^^\n  File \"/opt/hostedtoolcache/Python/3.12.12/x64/lib/python3.12/site-packages/selenium/webdriver/support/wait.py\", line 95, in until\n    raise TimeoutException(message, screen, stacktrace)\n","steps":[],"attachments":[],"parameters":[],"stepsCount":0,"shouldDisplayMessage":true,"attachmentsCount":0,"hasContent":true,"attachmentStep":false}],"attachments":[],"parameters":[{"name":"driver","value":"<selenium.webdriver.chrome.webdriver.WebDriver (session=\"0a7efe88c099e143310ecec717cba442\")>"},{"name":"main_page_open","value":"None"}],"stepsCount":1,"shouldDisplayMessage":false,"attachmentsCount":0,"hasContent":true,"attachmentStep":false}],"attachments":[],"parameters":[],"stepsCount":2,"shouldDisplayMessage":false,"attachmentsCount":0,"hasContent":true,"attachmentStep":false}],"afterStages":[{"name":"driver::0","time":{"start":1763379044408,"stop":1763379044474,"duration":66},"status":"passed","steps":[],"attachments":[],"parameters":[],"stepsCount":0,"shouldDisplayMessage":false,"attachmentsCount":0,"hasContent":false,"attachmentStep":false}],"labels":[{"name":"epic","value":"The Exercises 'Words' Page on the 'ru' local"},{"name":"parentSuite","value":"tests"},{"name":"suite","value":"exercises_ru_words_page_test"},{"name":"subSuite","value":"TestExercisesRuWordsPage"},{"name":"host","value":"runnervmg1sw1"},{"name":"thread","value":"2569-MainThread"},{"name":"framework","value":"pytest"},{"name":"language","value":"cpython3"},{"name":"package","value":"tests.exercises_ru_words_page_test"},{"name":"resultFormat","value":"allure2"}],"parameters":[],"links":[],"hidden":false,"retry":false,"extra":{"severity":"normal","retries":[],"categories":[{"name":"Test defects","matchedStatuses":[],"flaky":false}],"history":{"statistic":{"failed":0,"broken":1,"skipped":0,"passed":16,"unknown":0,"total":17},"items":[{"uid":"224e568ff136f7e7","reportUrl":"https://Brain-up.github.io/auto-tests-python/750/#testresult/224e568ff136f7e7","status":"passed","time":{"start":1763295371823,"stop":1763295371848,"duration":25}},{"uid":"5aadaecf6ecea23e","reportUrl":"https://Brain-up.github.io/auto-tests-python/749/#testresult/5aadaecf6ecea23e","status":"passed","time":{"start":1763198835968,"stop":1763198835995,"duration":27}},{"uid":"4778b30ce45ca8ed","reportUrl":"https://Brain-up.github.io/auto-tests-python/748/#testresult/4778b30ce45ca8ed","status":"passed","time":{"start":1763120250594,"stop":1763120250619,"duration":25}},{"uid":"10ff8e4ce98f36b6","reportUrl":"https://Brain-up.github.io/auto-tests-python/747/#testresult/10ff8e4ce98f36b6","status":"passed","time":{"start":1763038461944,"stop":1763038461969,"duration":25}},{"uid":"16c9e8d8412602f3","reportUrl":"https://Brain-up.github.io/auto-tests-python/746/#testresult/16c9e8d8412602f3","status":"passed","time":{"start":1762955452758,"stop":1762955452786,"duration":28}},{"uid":"c8624c10cd913bd","reportUrl":"https://Brain-up.github.io/auto-tests-python/745/#testresult/c8624c10cd913bd","status":"passed","time":{"start":1762851126784,"stop":1762851126813,"duration":29}},{"uid":"8a7e985b8375fd1f","reportUrl":"https://Brain-up.github.io/auto-tests-python/744/#testresult/8a7e985b8375fd1f","status":"passed","time":{"start":1762771802102,"stop":1762771802133,"duration":31}},{"uid":"bc3355d77ef5b5ff","reportUrl":"https://Brain-up.github.io/auto-tests-python/743/#testresult/bc3355d77ef5b5ff","status":"passed","time":{"start":1762679538625,"stop":1762679538655,"duration":30}},{"uid":"c33407a1cbfde7f6","reportUrl":"https://Brain-up.github.io/auto-tests-python/742/#testresult/c33407a1cbfde7f6","status":"passed","time":{"start":1762596177845,"stop":1762596177873,"duration":28}},{"uid":"9c5d74a850f31091","reportUrl":"https://Brain-up.github.io/auto-tests-python/741/#testresult/9c5d74a850f31091","status":"passed","time":{"start":1762512368548,"stop":1762512368575,"duration":27}},{"uid":"ab41cc5a00cd0ef9","reportUrl":"https://Brain-up.github.io/auto-tests-python/740/#testresult/ab41cc5a00cd0ef9","status":"passed","time":{"start":1762425781221,"stop":1762425781256,"duration":35}},{"uid":"f74f7eb5f3d5327","reportUrl":"https://Brain-up.github.io/auto-tests-python/739/#testresult/f74f7eb5f3d5327","status":"passed","time":{"start":1762340018452,"stop":1762340018477,"duration":25}},{"uid":"e2a891d6dd36139f","reportUrl":"https://Brain-up.github.io/auto-tests-python/738/#testresult/e2a891d6dd36139f","status":"passed","time":{"start":1762337067870,"stop":1762337067895,"duration":25}},{"uid":"1595ef8d1066b3d3","reportUrl":"https://Brain-up.github.io/auto-tests-python/737/#testresult/1595ef8d1066b3d3","status":"passed","time":{"start":1762336808333,"stop":1762336808378,"duration":45}},{"uid":"6b7a0f3a0a52a8ce","reportUrl":"https://Brain-up.github.io/auto-tests-python/2/#testresult/6b7a0f3a0a52a8ce","status":"passed","time":{"start":1762336849828,"stop":1762336849853,"duration":25}},{"uid":"9ad0fde6b93d49ac","reportUrl":"https://Brain-up.github.io/auto-tests-python/736/#testresult/9ad0fde6b93d49ac","status":"passed","time":{"start":1762336366299,"stop":1762336366324,"duration":25}}]},"tags":[]},"source":"f5faf22c0c79da76.json","parameterValues":[]}