{"uid":"9cadc77e440008e5","name":"Check statistic table.","fullName":"tests.test_speech_exercises_ru.TestCardsRU#test_get_statistic_data","historyId":"15df626f86a935fbcd917f7ea4002a26","time":{"start":1768471989426,"stop":1768471989426,"duration":0},"status":"skipped","statusMessage":"XFAIL\n\nselenium.common.exceptions.TimeoutException: Message: Can't find element by locator https://www.brainup.site/groups","statusTrace":"self = <pages.base_page.BasePage object at 0x7fda5fe44e60>\nurl = 'https://www.brainup.site/groups'\n\n    def check_expected_link(self, url):\n        with allure.step(f'Check url is present: {url}'):\n            try:\n>               return Wait(self.driver, self.timeout).until(\n                    EC.url_to_be(url), message=f\"Can't find element by locator {url}\")\n\npages/base_page.py:80: \n_ _ _ _ _ _ _ _ _ _ _ _ _ _ _ _ _ _ _ _ _ _ _ _ _ _ _ _ _ _ _ _ _ _ _ _ _ _ _ _ \n\nself = <selenium.webdriver.support.wait.WebDriverWait (session=\"d51b35bfeca23585d4870a8e0f47d842\")>\nmethod = <function url_to_be.<locals>._predicate at 0x7fda5fdfa3e0>\nmessage = \"Can't find element by locator https://www.brainup.site/groups\"\n\n    def until(self, method, message: str = \"\"):\n        \"\"\"Calls the method provided with the driver as an argument until the \\\n        return value does not evaluate to ``False``.\n    \n        :param method: callable(WebDriver)\n        :param message: optional message for :exc:`TimeoutException`\n        :returns: the result of the last call to `method`\n        :raises: :exc:`selenium.common.exceptions.TimeoutException` if timeout occurs\n        \"\"\"\n        screen = None\n        stacktrace = None\n    \n        end_time = time.monotonic() + self._timeout\n        while True:\n            try:\n                value = method(self._driver)\n                if value:\n                    return value\n            except self._ignored_exceptions as exc:\n                screen = getattr(exc, \"screen\", None)\n                stacktrace = getattr(exc, \"stacktrace\", None)\n            time.sleep(self._poll)\n            if time.monotonic() > end_time:\n                break\n>       raise TimeoutException(message, screen, stacktrace)\nE       selenium.common.exceptions.TimeoutException: Message: Can't find element by locator https://www.brainup.site/groups\n\n/opt/hostedtoolcache/Python/3.12.12/x64/lib/python3.12/site-packages/selenium/webdriver/support/wait.py:95: TimeoutException\n\nDuring handling of the above exception, another exception occurred:\n\ndriver = <selenium.webdriver.chrome.webdriver.WebDriver (session=\"d51b35bfeca23585d4870a8e0f47d842\")>\nmain_page_open = None\n\n    @pytest.fixture()\n    @allure.step('DEFAULT user authorized')\n    def default_user_authorized(driver, main_page_open):\n        page = BasePage(driver)\n        page.element_is_present_and_clickable(MainPageLocators.LOGIN_BUTTON).click()\n        page.element_is_visible(LoginPageLocators.INPUT_LOGIN).send_keys(os.environ[\"DEFAULT_LOGIN\"])\n        page.element_is_visible(LoginPageLocators.INPUT_PASSWORD).send_keys(os.environ[\"PASSWORD\"])\n        page.element_is_present_and_clickable(LoginPageLocators.SIGN_IN_BUTTON).click()\n>       page.check_expected_link(MainPageLinks.URL_GROUPS_PAGE)\n\ntests/conftest.py:204: \n_ _ _ _ _ _ _ _ _ _ _ _ _ _ _ _ _ _ _ _ _ _ _ _ _ _ _ _ _ _ _ _ _ _ _ _ _ _ _ _ \npages/base_page.py:84: in check_expected_link\n    return Wait(self.driver, self.timeout).until(\n_ _ _ _ _ _ _ _ _ _ _ _ _ _ _ _ _ _ _ _ _ _ _ _ _ _ _ _ _ _ _ _ _ _ _ _ _ _ _ _ \n\nself = <selenium.webdriver.support.wait.WebDriverWait (session=\"d51b35bfeca23585d4870a8e0f47d842\")>\nmethod = <function url_to_be.<locals>._predicate at 0x7fda5fdf8b80>\nmessage = \"Can't find element by locator https://www.brainup.site/groups\"\n\n    def until(self, method, message: str = \"\"):\n        \"\"\"Calls the method provided with the driver as an argument until the \\\n        return value does not evaluate to ``False``.\n    \n        :param method: callable(WebDriver)\n        :param message: optional message for :exc:`TimeoutException`\n        :returns: the result of the last call to `method`\n        :raises: :exc:`selenium.common.exceptions.TimeoutException` if timeout occurs\n        \"\"\"\n        screen = None\n        stacktrace = None\n    \n        end_time = time.monotonic() + self._timeout\n        while True:\n            try:\n                value = method(self._driver)\n                if value:\n                    return value\n            except self._ignored_exceptions as exc:\n                screen = getattr(exc, \"screen\", None)\n                stacktrace = getattr(exc, \"stacktrace\", None)\n            time.sleep(self._poll)\n            if time.monotonic() > end_time:\n                break\n>       raise TimeoutException(message, screen, stacktrace)\nE       selenium.common.exceptions.TimeoutException: Message: Can't find element by locator https://www.brainup.site/groups\n\n/opt/hostedtoolcache/Python/3.12.12/x64/lib/python3.12/site-packages/selenium/webdriver/support/wait.py:95: TimeoutException","flaky":false,"newFailed":false,"newBroken":false,"newPassed":false,"retriesCount":0,"retriesStatusChange":false,"beforeStages":[{"name":"clear_allure_results_folder","time":{"start":1768470767310,"stop":1768470767310,"duration":0},"status":"passed","steps":[],"attachments":[],"parameters":[],"stepsCount":0,"shouldDisplayMessage":false,"attachmentsCount":0,"hasContent":false,"attachmentStep":false},{"name":"driver","time":{"start":1768471989426,"stop":1768471990198,"duration":772},"status":"passed","steps":[],"attachments":[],"parameters":[],"stepsCount":0,"shouldDisplayMessage":false,"attachmentsCount":0,"hasContent":false,"attachmentStep":false},{"name":"main_page_open","time":{"start":1768471990198,"stop":1768471992875,"duration":2677},"status":"passed","steps":[{"name":"Open page: https://www.brainup.site/","time":{"start":1768471990198,"stop":1768471992875,"duration":2677},"status":"passed","steps":[],"attachments":[],"parameters":[{"name":"driver","value":"<selenium.webdriver.chrome.webdriver.WebDriver (session=\"d51b35bfeca23585d4870a8e0f47d842\")>"}],"stepsCount":0,"shouldDisplayMessage":false,"attachmentsCount":0,"hasContent":true,"attachmentStep":false}],"attachments":[],"parameters":[],"stepsCount":1,"shouldDisplayMessage":false,"attachmentsCount":0,"hasContent":true,"attachmentStep":false},{"name":"default_user_authorized","time":{"start":1768471992875,"stop":1768472013403,"duration":20528},"status":"broken","statusMessage":"selenium.common.exceptions.TimeoutException: Message: Can't find element by locator https://www.brainup.site/groups\n\n","statusTrace":"  File \"/opt/hostedtoolcache/Python/3.12.12/x64/lib/python3.12/site-packages/pluggy/_callers.py\", line 38, in run_old_style_hookwrapper\n    res = yield\n          ^^^^^\n  File \"/opt/hostedtoolcache/Python/3.12.12/x64/lib/python3.12/site-packages/pluggy/_callers.py\", line 139, in _multicall\n    teardown.throw(exception)\n  File \"/opt/hostedtoolcache/Python/3.12.12/x64/lib/python3.12/site-packages/pluggy/_callers.py\", line 53, in run_old_style_hookwrapper\n    return result.get_result()\n           ^^^^^^^^^^^^^^^^^^^\n  File \"/opt/hostedtoolcache/Python/3.12.12/x64/lib/python3.12/site-packages/pluggy/_result.py\", line 103, in get_result\n    raise exc.with_traceback(tb)\n  File \"/opt/hostedtoolcache/Python/3.12.12/x64/lib/python3.12/site-packages/pluggy/_callers.py\", line 38, in run_old_style_hookwrapper\n    res = yield\n          ^^^^^\n  File \"/opt/hostedtoolcache/Python/3.12.12/x64/lib/python3.12/site-packages/pluggy/_callers.py\", line 121, in _multicall\n    res = hook_impl.function(*args)\n          ^^^^^^^^^^^^^^^^^^^^^^^^^\n  File \"/opt/hostedtoolcache/Python/3.12.12/x64/lib/python3.12/site-packages/_pytest/fixtures.py\", line 1123, in pytest_fixture_setup\n    result = call_fixture_func(fixturefunc, request, kwargs)\n             ^^^^^^^^^^^^^^^^^^^^^^^^^^^^^^^^^^^^^^^^^^^^^^^\n  File \"/opt/hostedtoolcache/Python/3.12.12/x64/lib/python3.12/site-packages/_pytest/fixtures.py\", line 902, in call_fixture_func\n    fixture_result = fixturefunc(**kwargs)\n                     ^^^^^^^^^^^^^^^^^^^^^\n  File \"/opt/hostedtoolcache/Python/3.12.12/x64/lib/python3.12/site-packages/allure_commons/_allure.py\", line 192, in impl\n    return func(*a, **kw)\n           ^^^^^^^^^^^^^^\n  File \"/home/runner/work/auto-tests-python/auto-tests-python/tests/conftest.py\", line 204, in default_user_authorized\n    page.check_expected_link(MainPageLinks.URL_GROUPS_PAGE)\n  File \"/home/runner/work/auto-tests-python/auto-tests-python/pages/base_page.py\", line 84, in check_expected_link\n    return Wait(self.driver, self.timeout).until(\n           ^^^^^^^^^^^^^^^^^^^^^^^^^^^^^^^^^^^^^^\n  File \"/opt/hostedtoolcache/Python/3.12.12/x64/lib/python3.12/site-packages/selenium/webdriver/support/wait.py\", line 95, in until\n    raise TimeoutException(message, screen, stacktrace)\n","steps":[{"name":"DEFAULT user authorized","time":{"start":1768471992875,"stop":1768472013403,"duration":20528},"status":"broken","statusMessage":"selenium.common.exceptions.TimeoutException: Message: Can't find element by locator https://www.brainup.site/groups\n\n","statusTrace":"  File \"/opt/hostedtoolcache/Python/3.12.12/x64/lib/python3.12/site-packages/allure_commons/_allure.py\", line 192, in impl\n    return func(*a, **kw)\n           ^^^^^^^^^^^^^^\n  File \"/home/runner/work/auto-tests-python/auto-tests-python/tests/conftest.py\", line 204, in default_user_authorized\n    page.check_expected_link(MainPageLinks.URL_GROUPS_PAGE)\n  File \"/home/runner/work/auto-tests-python/auto-tests-python/pages/base_page.py\", line 84, in check_expected_link\n    return Wait(self.driver, self.timeout).until(\n           ^^^^^^^^^^^^^^^^^^^^^^^^^^^^^^^^^^^^^^\n  File \"/opt/hostedtoolcache/Python/3.12.12/x64/lib/python3.12/site-packages/selenium/webdriver/support/wait.py\", line 95, in until\n    raise TimeoutException(message, screen, stacktrace)\n","steps":[{"name":"Check url is present: https://www.brainup.site/groups","time":{"start":1768471993258,"stop":1768472013403,"duration":20145},"status":"broken","statusMessage":"selenium.common.exceptions.TimeoutException: Message: Can't find element by locator https://www.brainup.site/groups\n\n","statusTrace":"  File \"/home/runner/work/auto-tests-python/auto-tests-python/pages/base_page.py\", line 84, in check_expected_link\n    return Wait(self.driver, self.timeout).until(\n           ^^^^^^^^^^^^^^^^^^^^^^^^^^^^^^^^^^^^^^\n  File \"/opt/hostedtoolcache/Python/3.12.12/x64/lib/python3.12/site-packages/selenium/webdriver/support/wait.py\", line 95, in until\n    raise TimeoutException(message, screen, stacktrace)\n","steps":[],"attachments":[],"parameters":[],"stepsCount":0,"shouldDisplayMessage":true,"attachmentsCount":0,"hasContent":true,"attachmentStep":false}],"attachments":[],"parameters":[{"name":"driver","value":"<selenium.webdriver.chrome.webdriver.WebDriver (session=\"d51b35bfeca23585d4870a8e0f47d842\")>"},{"name":"main_page_open","value":"None"}],"stepsCount":1,"shouldDisplayMessage":false,"attachmentsCount":0,"hasContent":true,"attachmentStep":false}],"attachments":[],"parameters":[],"stepsCount":2,"shouldDisplayMessage":false,"attachmentsCount":0,"hasContent":true,"attachmentStep":false}],"afterStages":[{"name":"driver::0","time":{"start":1768472013421,"stop":1768472013489,"duration":68},"status":"passed","steps":[],"attachments":[],"parameters":[],"stepsCount":0,"shouldDisplayMessage":false,"attachmentsCount":0,"hasContent":false,"attachmentStep":false}],"labels":[{"name":"suite","value":"Statistic."},{"name":"epic","value":"Speech exercises."},{"name":"tag","value":"@pytest.mark.xfail"},{"name":"parentSuite","value":"tests"},{"name":"subSuite","value":"TestCardsRU"},{"name":"host","value":"runnervmi13qx"},{"name":"thread","value":"2632-MainThread"},{"name":"framework","value":"pytest"},{"name":"language","value":"cpython3"},{"name":"package","value":"tests.test_speech_exercises_ru"},{"name":"resultFormat","value":"allure2"}],"parameters":[],"links":[],"hidden":false,"retry":false,"extra":{"severity":"normal","retries":[],"categories":[],"history":{"statistic":{"failed":0,"broken":0,"skipped":9,"passed":1,"unknown":0,"total":10},"items":[{"uid":"cbd8b096ccb6ae19","reportUrl":"https://Brain-up.github.io/auto-tests-python/802/#testresult/cbd8b096ccb6ae19","status":"skipped","statusDetails":"XFAIL\n\nselenium.common.exceptions.TimeoutException: Message: Can't find element by locator ('xpath', '//div[@class=\"__51e19\"]')\nStacktrace:\n#0 0x56120dce561a <unknown>\n#1 0x56120d76220b <unknown>\n#2 0x56120d7b390f <unknown>\n#3 0x56120d7b3b51 <unknown>\n#4 0x56120d801d84 <unknown>\n#5 0x56120d7ff20e <unknown>\n#6 0x56120d7a6232 <unknown>\n#7 0x56120d7a6ee1 <unknown>\n#8 0x56120dcae3f9 <unknown>\n#9 0x56120dcb134d <unknown>\n#10 0x56120dc97122 <unknown>\n#11 0x56120dcb1f2b <unknown>\n#12 0x56120dc7dc30 <unknown>\n#13 0x56120dcd2d78 <unknown>\n#14 0x56120dcd2f4c <unknown>\n#15 0x56120dce4973 <unknown>\n#16 0x7f1a1c09caa4 <unknown>\n#17 0x7f1a1c129c6c <unknown>","time":{"start":1768397358681,"stop":1768397368966,"duration":10285}},{"uid":"40bf3fa5fe153dce","reportUrl":"https://Brain-up.github.io/auto-tests-python/801/#testresult/40bf3fa5fe153dce","status":"skipped","statusDetails":"XFAIL\n\nselenium.common.exceptions.TimeoutException: Message: Can't find element by locator ('xpath', '//div[@class=\"__51e19\"]')\nStacktrace:\n#0 0x55dd5700f61a <unknown>\n#1 0x55dd56a8c20b <unknown>\n#2 0x55dd56add90f <unknown>\n#3 0x55dd56addb51 <unknown>\n#4 0x55dd56b2bd84 <unknown>\n#5 0x55dd56b2920e <unknown>\n#6 0x55dd56ad0232 <unknown>\n#7 0x55dd56ad0ee1 <unknown>\n#8 0x55dd56fd83f9 <unknown>\n#9 0x55dd56fdb34d <unknown>\n#10 0x55dd56fc1122 <unknown>\n#11 0x55dd56fdbf2b <unknown>\n#12 0x55dd56fa7c30 <unknown>\n#13 0x55dd56ffcd78 <unknown>\n#14 0x55dd56ffcf4c <unknown>\n#15 0x55dd5700e973 <unknown>\n#16 0x7f1f70e9caa4 <unknown>\n#17 0x7f1f70f29c6c <unknown>","time":{"start":1768298932170,"stop":1768298942426,"duration":10256}},{"uid":"7b2cbd9dc6199634","reportUrl":"https://Brain-up.github.io/auto-tests-python/800/#testresult/7b2cbd9dc6199634","status":"skipped","statusDetails":"XFAIL\n\nselenium.common.exceptions.TimeoutException: Message: Can't find element by locator ('xpath', '//div[@class=\"__51e19\"]')\nStacktrace:\n#0 0x55d3defaf61a <unknown>\n#1 0x55d3dea2c20b <unknown>\n#2 0x55d3dea7d90f <unknown>\n#3 0x55d3dea7db51 <unknown>\n#4 0x55d3deacbd84 <unknown>\n#5 0x55d3deac920e <unknown>\n#6 0x55d3dea70232 <unknown>\n#7 0x55d3dea70ee1 <unknown>\n#8 0x55d3def783f9 <unknown>\n#9 0x55d3def7b34d <unknown>\n#10 0x55d3def61122 <unknown>\n#11 0x55d3def7bf2b <unknown>\n#12 0x55d3def47c30 <unknown>\n#13 0x55d3def9cd78 <unknown>\n#14 0x55d3def9cf4c <unknown>\n#15 0x55d3defae973 <unknown>\n#16 0x7fadee09caa4 <unknown>\n#17 0x7fadee129c6c <unknown>","time":{"start":1768195736791,"stop":1768195747061,"duration":10270}},{"uid":"c45dda7971bbab2c","reportUrl":"https://Brain-up.github.io/auto-tests-python/799/#testresult/c45dda7971bbab2c","status":"skipped","statusDetails":"XFAIL\n\nselenium.common.exceptions.TimeoutException: Message: Can't find element by locator ('xpath', '//div[@class=\"__51e19\"]')\nStacktrace:\n#0 0x5576253a861a <unknown>\n#1 0x557624e2520b <unknown>\n#2 0x557624e7690f <unknown>\n#3 0x557624e76b51 <unknown>\n#4 0x557624ec4d84 <unknown>\n#5 0x557624ec220e <unknown>\n#6 0x557624e69232 <unknown>\n#7 0x557624e69ee1 <unknown>\n#8 0x5576253713f9 <unknown>\n#9 0x55762537434d <unknown>\n#10 0x55762535a122 <unknown>\n#11 0x557625374f2b <unknown>\n#12 0x557625340c30 <unknown>\n#13 0x557625395d78 <unknown>\n#14 0x557625395f4c <unknown>\n#15 0x5576253a7973 <unknown>\n#16 0x7fa62d49caa4 <unknown>\n#17 0x7fa62d529c6c <unknown>","time":{"start":1768045996167,"stop":1768046006427,"duration":10260}},{"uid":"237d05b691624a85","reportUrl":"https://Brain-up.github.io/auto-tests-python/798/#testresult/237d05b691624a85","status":"skipped","statusDetails":"XFAIL\n\nselenium.common.exceptions.TimeoutException: Message: Can't find element by locator ('xpath', '//div[@class=\"__51e19\"]')\nStacktrace:\n#0 0x55727006f61a <unknown>\n#1 0x55726faec20b <unknown>\n#2 0x55726fb3d90f <unknown>\n#3 0x55726fb3db51 <unknown>\n#4 0x55726fb8bd84 <unknown>\n#5 0x55726fb8920e <unknown>\n#6 0x55726fb30232 <unknown>\n#7 0x55726fb30ee1 <unknown>\n#8 0x5572700383f9 <unknown>\n#9 0x55727003b34d <unknown>\n#10 0x557270021122 <unknown>\n#11 0x55727003bf2b <unknown>\n#12 0x557270007c30 <unknown>\n#13 0x55727005cd78 <unknown>\n#14 0x55727005cf4c <unknown>\n#15 0x55727006e973 <unknown>\n#16 0x7f586449caa4 <unknown>\n#17 0x7f5864529c6c <unknown>","time":{"start":1767952691014,"stop":1767952701310,"duration":10296}},{"uid":"8e06c69ba929d22e","reportUrl":"https://Brain-up.github.io/auto-tests-python/797/#testresult/8e06c69ba929d22e","status":"skipped","statusDetails":"XFAIL\n\nselenium.common.exceptions.TimeoutException: Message: Can't find element by locator ('xpath', '//div[@class=\"__51e19\"]')\nStacktrace:\n#0 0x56141ed2519a <unknown>\n#1 0x56141e7a2c4b <unknown>\n#2 0x56141e7f4318 <unknown>\n#3 0x56141e7f4551 <unknown>\n#4 0x56141e842764 <unknown>\n#5 0x56141e83fbee <unknown>\n#6 0x56141e7e6c42 <unknown>\n#7 0x56141e7e78f1 <unknown>\n#8 0x56141ecedf39 <unknown>\n#9 0x56141ecf0e7d <unknown>\n#10 0x56141ecd6c81 <unknown>\n#11 0x56141ecf1a5b <unknown>\n#12 0x56141ecbda50 <unknown>\n#13 0x56141ed12aa8 <unknown>\n#14 0x56141ed12c79 <unknown>\n#15 0x56141ed244f3 <unknown>\n#16 0x7f49ce89caa4 <unknown>\n#17 0x7f49ce929c6c <unknown>","time":{"start":1767868170914,"stop":1767868181192,"duration":10278}},{"uid":"f5adde611e439294","reportUrl":"https://Brain-up.github.io/auto-tests-python/796/#testresult/f5adde611e439294","status":"passed","statusDetails":"XPASS","time":{"start":1767792898959,"stop":1767792900369,"duration":1410}},{"uid":"4a84edccf8a43602","reportUrl":"https://Brain-up.github.io/auto-tests-python/795/#testresult/4a84edccf8a43602","status":"skipped","statusDetails":"XFAIL\n\nselenium.common.exceptions.TimeoutException: Message: Can't find element by locator ('xpath', '//div[@class=\"__51e19\"]')\nStacktrace:\n#0 0x55f9c673e19a <unknown>\n#1 0x55f9c61bbc4b <unknown>\n#2 0x55f9c620d318 <unknown>\n#3 0x55f9c620d551 <unknown>\n#4 0x55f9c625b764 <unknown>\n#5 0x55f9c6258bee <unknown>\n#6 0x55f9c61ffc42 <unknown>\n#7 0x55f9c62008f1 <unknown>\n#8 0x55f9c6706f39 <unknown>\n#9 0x55f9c6709e7d <unknown>\n#10 0x55f9c66efc81 <unknown>\n#11 0x55f9c670aa5b <unknown>\n#12 0x55f9c66d6a50 <unknown>\n#13 0x55f9c672baa8 <unknown>\n#14 0x55f9c672bc79 <unknown>\n#15 0x55f9c673d4f3 <unknown>\n#16 0x7f496f09caa4 <unknown>\n#17 0x7f496f129c6c <unknown>","time":{"start":1767707539594,"stop":1767707549886,"duration":10292}},{"uid":"9cdd12ef6cf2421e","reportUrl":"https://Brain-up.github.io/auto-tests-python/794/#testresult/9cdd12ef6cf2421e","status":"skipped","statusDetails":"XFAIL\n\nselenium.common.exceptions.TimeoutException: Message: Can't find element by locator ('xpath', '//div[@class=\"__51e19\"]')\nStacktrace:\n#0 0x5640b7e6a19a <unknown>\n#1 0x5640b78e7c4b <unknown>\n#2 0x5640b7939318 <unknown>\n#3 0x5640b7939551 <unknown>\n#4 0x5640b7987764 <unknown>\n#5 0x5640b7984bee <unknown>\n#6 0x5640b792bc42 <unknown>\n#7 0x5640b792c8f1 <unknown>\n#8 0x5640b7e32f39 <unknown>\n#9 0x5640b7e35e7d <unknown>\n#10 0x5640b7e1bc81 <unknown>\n#11 0x5640b7e36a5b <unknown>\n#12 0x5640b7e02a50 <unknown>\n#13 0x5640b7e57aa8 <unknown>\n#14 0x5640b7e57c79 <unknown>\n#15 0x5640b7e694f3 <unknown>\n#16 0x7f027589caa4 <unknown>\n#17 0x7f0275929c6c <unknown>","time":{"start":1767702685358,"stop":1767702695620,"duration":10262}}]},"tags":["@pytest.mark.xfail"]},"source":"9cadc77e440008e5.json","parameterValues":[]}