{"uid":"c48b65e256c5b067","name":"Select random card from \"Word\" group and compare UI vs BACKEND data","fullName":"tests.test_speech_exercises_en.TestCardsEN#test_random_word_cards_en","historyId":"84999af5e98c6318908a9abbfe6fc3a3","time":{"start":1762513216816,"stop":1762513227216,"duration":10400},"status":"skipped","statusMessage":"XFAIL\n\nselenium.common.exceptions.TimeoutException: Message: Can't find element by locator ('xpath', '//button[@data-test-active-link=\"Words\"]')\nStacktrace:\n#0 0x55b9e8a0eaea <unknown>\n#1 0x55b9e845acdb <unknown>\n#2 0x55b9e84ad6c4 <unknown>\n#3 0x55b9e84ad901 <unknown>\n#4 0x55b9e84fc8b4 <unknown>\n#5 0x55b9e84f9c87 <unknown>\n#6 0x55b9e849faca <unknown>\n#7 0x55b9e84a07d1 <unknown>\n#8 0x55b9e89d5ab9 <unknown>\n#9 0x55b9e89d8a8c <unknown>\n#10 0x55b9e89bed49 <unknown>\n#11 0x55b9e89d9685 <unknown>\n#12 0x55b9e89a66c3 <unknown>\n#13 0x55b9e89fb7d8 <unknown>\n#14 0x55b9e89fb9b3 <unknown>\n#15 0x55b9e8a0da83 <unknown>\n#16 0x7f091f49caa4 <unknown>\n#17 0x7f091f529c6c <unknown>","statusTrace":"self = <tests.test_speech_exercises_en.TestCardsEN object at 0x7f32317f2d80>\ndriver = <selenium.webdriver.chrome.webdriver.WebDriver (session=\"dabfbd71039bd899d72da08c53c641db\")>\nspecialist_user_authorized = None\n\n    @pytest.mark.xfail\n    @allure.suite(\"Speech exercises EN.\")\n    @allure.title('Select random card from \"Word\" group and compare UI vs BACKEND data')\n    def test_random_word_cards_en(self, driver, specialist_user_authorized):\n        page = SpeechExercisesPage(driver)\n>       page.select_group(SpeechExercisesPageLocators.WORDS_BUTTON_EN)\n\ntests/test_speech_exercises_en.py:16: \n_ _ _ _ _ _ _ _ _ _ _ _ _ _ _ _ _ _ _ _ _ _ _ _ _ _ _ _ _ _ _ _ _ _ _ _ _ _ _ _ \npages/speech_exercises_page_en.py:18: in select_group\n    text_of_the_button = self.element_is_present_and_clickable(selector_for_sub_group)\npages/base_page.py:40: in element_is_present_and_clickable\n    return (Wait(self.driver, self.timeout).until(\n_ _ _ _ _ _ _ _ _ _ _ _ _ _ _ _ _ _ _ _ _ _ _ _ _ _ _ _ _ _ _ _ _ _ _ _ _ _ _ _ \n\nself = <selenium.webdriver.support.wait.WebDriverWait (session=\"dabfbd71039bd899d72da08c53c641db\")>\nmethod = <function visibility_of_element_located.<locals>._predicate at 0x7f3231756d40>\nmessage = 'Can\\'t find element by locator (\\'xpath\\', \\'//button[@data-test-active-link=\"Words\"]\\')'\n\n    def until(self, method, message: str = \"\"):\n        \"\"\"Calls the method provided with the driver as an argument until the \\\n        return value does not evaluate to ``False``.\n    \n        :param method: callable(WebDriver)\n        :param message: optional message for :exc:`TimeoutException`\n        :returns: the result of the last call to `method`\n        :raises: :exc:`selenium.common.exceptions.TimeoutException` if timeout occurs\n        \"\"\"\n        screen = None\n        stacktrace = None\n    \n        end_time = time.monotonic() + self._timeout\n        while True:\n            try:\n                value = method(self._driver)\n                if value:\n                    return value\n            except self._ignored_exceptions as exc:\n                screen = getattr(exc, \"screen\", None)\n                stacktrace = getattr(exc, \"stacktrace\", None)\n            time.sleep(self._poll)\n            if time.monotonic() > end_time:\n                break\n>       raise TimeoutException(message, screen, stacktrace)\nE       selenium.common.exceptions.TimeoutException: Message: Can't find element by locator ('xpath', '//button[@data-test-active-link=\"Words\"]')\nE       Stacktrace:\nE       #0 0x55b9e8a0eaea <unknown>\nE       #1 0x55b9e845acdb <unknown>\nE       #2 0x55b9e84ad6c4 <unknown>\nE       #3 0x55b9e84ad901 <unknown>\nE       #4 0x55b9e84fc8b4 <unknown>\nE       #5 0x55b9e84f9c87 <unknown>\nE       #6 0x55b9e849faca <unknown>\nE       #7 0x55b9e84a07d1 <unknown>\nE       #8 0x55b9e89d5ab9 <unknown>\nE       #9 0x55b9e89d8a8c <unknown>\nE       #10 0x55b9e89bed49 <unknown>\nE       #11 0x55b9e89d9685 <unknown>\nE       #12 0x55b9e89a66c3 <unknown>\nE       #13 0x55b9e89fb7d8 <unknown>\nE       #14 0x55b9e89fb9b3 <unknown>\nE       #15 0x55b9e8a0da83 <unknown>\nE       #16 0x7f091f49caa4 <unknown>\nE       #17 0x7f091f529c6c <unknown>\n\n/opt/hostedtoolcache/Python/3.12.12/x64/lib/python3.12/site-packages/selenium/webdriver/support/wait.py:95: TimeoutException","flaky":false,"newFailed":false,"newBroken":false,"newPassed":false,"retriesCount":0,"retriesStatusChange":false,"beforeStages":[{"name":"clear_allure_results_folder","time":{"start":1762511949813,"stop":1762511949813,"duration":0},"status":"passed","steps":[],"attachments":[],"parameters":[],"stepsCount":0,"shouldDisplayMessage":false,"attachmentsCount":0,"hasContent":false,"attachmentStep":false},{"name":"driver","time":{"start":1762513209841,"stop":1762513210606,"duration":765},"status":"passed","steps":[],"attachments":[],"parameters":[],"stepsCount":0,"shouldDisplayMessage":false,"attachmentsCount":0,"hasContent":false,"attachmentStep":false},{"name":"main_page_open","time":{"start":1762513210606,"stop":1762513213875,"duration":3269},"status":"passed","steps":[{"name":"Open page: https://www.brainup.site/","time":{"start":1762513210606,"stop":1762513213875,"duration":3269},"status":"passed","steps":[],"attachments":[],"parameters":[{"name":"driver","value":"<selenium.webdriver.chrome.webdriver.WebDriver (session=\"dabfbd71039bd899d72da08c53c641db\")>"}],"stepsCount":0,"shouldDisplayMessage":false,"attachmentsCount":0,"hasContent":true,"attachmentStep":false}],"attachments":[],"parameters":[],"stepsCount":1,"shouldDisplayMessage":false,"attachmentsCount":0,"hasContent":true,"attachmentStep":false},{"name":"specialist_user_authorized","time":{"start":1762513213875,"stop":1762513216816,"duration":2941},"status":"passed","steps":[{"name":"USER specialist authorized","time":{"start":1762513213876,"stop":1762513216816,"duration":2940},"status":"passed","steps":[{"name":"Check url is present: https://www.brainup.site/groups","time":{"start":1762513214270,"stop":1762513216793,"duration":2523},"status":"passed","steps":[],"attachments":[],"parameters":[],"stepsCount":0,"shouldDisplayMessage":false,"attachmentsCount":0,"hasContent":false,"attachmentStep":false},{"name":"Loader checking","time":{"start":1762513216793,"stop":1762513216816,"duration":23},"status":"passed","steps":[],"attachments":[],"parameters":[],"stepsCount":0,"shouldDisplayMessage":false,"attachmentsCount":0,"hasContent":false,"attachmentStep":false}],"attachments":[],"parameters":[{"name":"driver","value":"<selenium.webdriver.chrome.webdriver.WebDriver (session=\"dabfbd71039bd899d72da08c53c641db\")>"},{"name":"main_page_open","value":"None"}],"stepsCount":2,"shouldDisplayMessage":false,"attachmentsCount":0,"hasContent":true,"attachmentStep":false}],"attachments":[],"parameters":[],"stepsCount":3,"shouldDisplayMessage":false,"attachmentsCount":0,"hasContent":true,"attachmentStep":false}],"testStage":{"status":"skipped","statusMessage":"XFAIL\n\nselenium.common.exceptions.TimeoutException: Message: Can't find element by locator ('xpath', '//button[@data-test-active-link=\"Words\"]')\nStacktrace:\n#0 0x55b9e8a0eaea <unknown>\n#1 0x55b9e845acdb <unknown>\n#2 0x55b9e84ad6c4 <unknown>\n#3 0x55b9e84ad901 <unknown>\n#4 0x55b9e84fc8b4 <unknown>\n#5 0x55b9e84f9c87 <unknown>\n#6 0x55b9e849faca <unknown>\n#7 0x55b9e84a07d1 <unknown>\n#8 0x55b9e89d5ab9 <unknown>\n#9 0x55b9e89d8a8c <unknown>\n#10 0x55b9e89bed49 <unknown>\n#11 0x55b9e89d9685 <unknown>\n#12 0x55b9e89a66c3 <unknown>\n#13 0x55b9e89fb7d8 <unknown>\n#14 0x55b9e89fb9b3 <unknown>\n#15 0x55b9e8a0da83 <unknown>\n#16 0x7f091f49caa4 <unknown>\n#17 0x7f091f529c6c <unknown>","statusTrace":"self = <tests.test_speech_exercises_en.TestCardsEN object at 0x7f32317f2d80>\ndriver = <selenium.webdriver.chrome.webdriver.WebDriver (session=\"dabfbd71039bd899d72da08c53c641db\")>\nspecialist_user_authorized = None\n\n    @pytest.mark.xfail\n    @allure.suite(\"Speech exercises EN.\")\n    @allure.title('Select random card from \"Word\" group and compare UI vs BACKEND data')\n    def test_random_word_cards_en(self, driver, specialist_user_authorized):\n        page = SpeechExercisesPage(driver)\n>       page.select_group(SpeechExercisesPageLocators.WORDS_BUTTON_EN)\n\ntests/test_speech_exercises_en.py:16: \n_ _ _ _ _ _ _ _ _ _ _ _ _ _ _ _ _ _ _ _ _ _ _ _ _ _ _ _ _ _ _ _ _ _ _ _ _ _ _ _ \npages/speech_exercises_page_en.py:18: in select_group\n    text_of_the_button = self.element_is_present_and_clickable(selector_for_sub_group)\npages/base_page.py:40: in element_is_present_and_clickable\n    return (Wait(self.driver, self.timeout).until(\n_ _ _ _ _ _ _ _ _ _ _ _ _ _ _ _ _ _ _ _ _ _ _ _ _ _ _ _ _ _ _ _ _ _ _ _ _ _ _ _ \n\nself = <selenium.webdriver.support.wait.WebDriverWait (session=\"dabfbd71039bd899d72da08c53c641db\")>\nmethod = <function visibility_of_element_located.<locals>._predicate at 0x7f3231756d40>\nmessage = 'Can\\'t find element by locator (\\'xpath\\', \\'//button[@data-test-active-link=\"Words\"]\\')'\n\n    def until(self, method, message: str = \"\"):\n        \"\"\"Calls the method provided with the driver as an argument until the \\\n        return value does not evaluate to ``False``.\n    \n        :param method: callable(WebDriver)\n        :param message: optional message for :exc:`TimeoutException`\n        :returns: the result of the last call to `method`\n        :raises: :exc:`selenium.common.exceptions.TimeoutException` if timeout occurs\n        \"\"\"\n        screen = None\n        stacktrace = None\n    \n        end_time = time.monotonic() + self._timeout\n        while True:\n            try:\n                value = method(self._driver)\n                if value:\n                    return value\n            except self._ignored_exceptions as exc:\n                screen = getattr(exc, \"screen\", None)\n                stacktrace = getattr(exc, \"stacktrace\", None)\n            time.sleep(self._poll)\n            if time.monotonic() > end_time:\n                break\n>       raise TimeoutException(message, screen, stacktrace)\nE       selenium.common.exceptions.TimeoutException: Message: Can't find element by locator ('xpath', '//button[@data-test-active-link=\"Words\"]')\nE       Stacktrace:\nE       #0 0x55b9e8a0eaea <unknown>\nE       #1 0x55b9e845acdb <unknown>\nE       #2 0x55b9e84ad6c4 <unknown>\nE       #3 0x55b9e84ad901 <unknown>\nE       #4 0x55b9e84fc8b4 <unknown>\nE       #5 0x55b9e84f9c87 <unknown>\nE       #6 0x55b9e849faca <unknown>\nE       #7 0x55b9e84a07d1 <unknown>\nE       #8 0x55b9e89d5ab9 <unknown>\nE       #9 0x55b9e89d8a8c <unknown>\nE       #10 0x55b9e89bed49 <unknown>\nE       #11 0x55b9e89d9685 <unknown>\nE       #12 0x55b9e89a66c3 <unknown>\nE       #13 0x55b9e89fb7d8 <unknown>\nE       #14 0x55b9e89fb9b3 <unknown>\nE       #15 0x55b9e8a0da83 <unknown>\nE       #16 0x7f091f49caa4 <unknown>\nE       #17 0x7f091f529c6c <unknown>\n\n/opt/hostedtoolcache/Python/3.12.12/x64/lib/python3.12/site-packages/selenium/webdriver/support/wait.py:95: TimeoutException","steps":[{"name":"select_group","time":{"start":1762513216816,"stop":1762513227216,"duration":10400},"status":"broken","statusMessage":"selenium.common.exceptions.TimeoutException: Message: Can't find element by locator ('xpath', '//button[@data-test-active-link=\"Words\"]')\nStacktrace:\n#0 0x55b9e8a0eaea <unknown>\n#1 0x55b9e845acdb <unknown>\n#2 0x55b9e84ad6c4 <unknown>\n#3 0x55b9e84ad901 <unknown>\n#4 0x55b9e84fc8b4 <unknown>\n#5 0x55b9e84f9c87 <unknown>\n#6 0x55b9e849faca <unknown>\n#7 0x55b9e84a07d1 <unknown>\n#8 0x55b9e89d5ab9 <unknown>\n#9 0x55b9e89d8a8c <unknown>\n#10 0x55b9e89bed49 <unknown>\n#11 0x55b9e89d9685 <unknown>\n#12 0x55b9e89a66c3 <unknown>\n#13 0x55b9e89fb7d8 <unknown>\n#14 0x55b9e89fb9b3 <unknown>\n#15 0x55b9e8a0da83 <unknown>\n#16 0x7f091f49caa4 <unknown>\n#17 0x7f091f529c6c <unknown>\n\n","statusTrace":"  File \"/opt/hostedtoolcache/Python/3.12.12/x64/lib/python3.12/site-packages/allure_commons/_allure.py\", line 192, in impl\n    return func(*a, **kw)\n           ^^^^^^^^^^^^^^\n  File \"/home/runner/work/auto-tests-python/auto-tests-python/pages/speech_exercises_page_en.py\", line 18, in select_group\n    text_of_the_button = self.element_is_present_and_clickable(selector_for_sub_group)\n                         ^^^^^^^^^^^^^^^^^^^^^^^^^^^^^^^^^^^^^^^^^^^^^^^^^^^^^^^^^^^^^\n  File \"/home/runner/work/auto-tests-python/auto-tests-python/pages/base_page.py\", line 40, in element_is_present_and_clickable\n    return (Wait(self.driver, self.timeout).until(\n            ^^^^^^^^^^^^^^^^^^^^^^^^^^^^^^^^^^^^^^\n  File \"/opt/hostedtoolcache/Python/3.12.12/x64/lib/python3.12/site-packages/selenium/webdriver/support/wait.py\", line 95, in until\n    raise TimeoutException(message, screen, stacktrace)\n","steps":[{"name":"Select Russian language. Click \"EN\" button.","time":{"start":1762513216816,"stop":1762513216895,"duration":79},"status":"passed","steps":[],"attachments":[],"parameters":[],"stepsCount":0,"shouldDisplayMessage":false,"attachmentsCount":0,"hasContent":false,"attachmentStep":false},{"name":"Click button \"SPEECH EXERCISES\".","time":{"start":1762513216895,"stop":1762513216974,"duration":79},"status":"passed","steps":[],"attachments":[],"parameters":[],"stepsCount":0,"shouldDisplayMessage":false,"attachmentsCount":0,"hasContent":false,"attachmentStep":false}],"attachments":[],"parameters":[{"name":"selector_for_sub_group","value":"('xpath', '//button[@data-test-active-link=\"Words\"]')"}],"stepsCount":2,"shouldDisplayMessage":true,"attachmentsCount":0,"hasContent":true,"attachmentStep":false}],"attachments":[],"parameters":[],"stepsCount":3,"shouldDisplayMessage":true,"attachmentsCount":0,"hasContent":true,"attachmentStep":false},"afterStages":[{"name":"driver::0","time":{"start":1762513227254,"stop":1762513227322,"duration":68},"status":"passed","steps":[],"attachments":[],"parameters":[],"stepsCount":0,"shouldDisplayMessage":false,"attachmentsCount":0,"hasContent":false,"attachmentStep":false}],"labels":[{"name":"suite","value":"Speech exercises EN."},{"name":"epic","value":"Speech exercises."},{"name":"tag","value":"@pytest.mark.xfail"},{"name":"parentSuite","value":"tests"},{"name":"subSuite","value":"TestCardsEN"},{"name":"host","value":"runnervmf2e7y"},{"name":"thread","value":"2628-MainThread"},{"name":"framework","value":"pytest"},{"name":"language","value":"cpython3"},{"name":"package","value":"tests.test_speech_exercises_en"},{"name":"resultFormat","value":"allure2"}],"parameters":[],"links":[],"hidden":false,"retry":false,"extra":{"severity":"normal","retries":[],"categories":[],"history":{"statistic":{"failed":0,"broken":0,"skipped":7,"passed":0,"unknown":0,"total":7},"items":[{"uid":"e4c9dad05a2d9ba6","reportUrl":"https://Brain-up.github.io/auto-tests-python/740/#testresult/e4c9dad05a2d9ba6","status":"skipped","statusDetails":"XFAIL\n\nselenium.common.exceptions.TimeoutException: Message: Can't find element by locator ('xpath', '//button[@data-test-active-link=\"Words\"]')\nStacktrace:\n#0 0x5622e1632aea <unknown>\n#1 0x5622e107ecdb <unknown>\n#2 0x5622e10d16c4 <unknown>\n#3 0x5622e10d1901 <unknown>\n#4 0x5622e11208b4 <unknown>\n#5 0x5622e111dc87 <unknown>\n#6 0x5622e10c3aca <unknown>\n#7 0x5622e10c47d1 <unknown>\n#8 0x5622e15f9ab9 <unknown>\n#9 0x5622e15fca8c <unknown>\n#10 0x5622e15e2d49 <unknown>\n#11 0x5622e15fd685 <unknown>\n#12 0x5622e15ca6c3 <unknown>\n#13 0x5622e161f7d8 <unknown>\n#14 0x5622e161f9b3 <unknown>\n#15 0x5622e1631a83 <unknown>\n#16 0x7f93f289caa4 <unknown>\n#17 0x7f93f2929c6c <unknown>","time":{"start":1762426538595,"stop":1762426548967,"duration":10372}},{"uid":"cd791eb95a0c0701","reportUrl":"https://Brain-up.github.io/auto-tests-python/739/#testresult/cd791eb95a0c0701","status":"skipped","statusDetails":"XFAIL\n\nselenium.common.exceptions.TimeoutException: Message: Can't find element by locator ('xpath', '//button[@data-test-active-link=\"Words\"]')\nStacktrace:\n#0 0x561d3f0e1aea <unknown>\n#1 0x561d3eb2dcdb <unknown>\n#2 0x561d3eb806c4 <unknown>\n#3 0x561d3eb80901 <unknown>\n#4 0x561d3ebcf8b4 <unknown>\n#5 0x561d3ebccc87 <unknown>\n#6 0x561d3eb72aca <unknown>\n#7 0x561d3eb737d1 <unknown>\n#8 0x561d3f0a8ab9 <unknown>\n#9 0x561d3f0aba8c <unknown>\n#10 0x561d3f091d49 <unknown>\n#11 0x561d3f0ac685 <unknown>\n#12 0x561d3f0796c3 <unknown>\n#13 0x561d3f0ce7d8 <unknown>\n#14 0x561d3f0ce9b3 <unknown>\n#15 0x561d3f0e0a83 <unknown>\n#16 0x7f17fdc9caa4 <unknown>\n#17 0x7f17fdd29c6c <unknown>","time":{"start":1762340933418,"stop":1762340943800,"duration":10382}},{"uid":"716dfc4e5da8726b","reportUrl":"https://Brain-up.github.io/auto-tests-python/738/#testresult/716dfc4e5da8726b","status":"skipped","statusDetails":"XFAIL\n\nselenium.common.exceptions.TimeoutException: Message: Can't find element by locator ('xpath', '//button[@data-test-active-link=\"Words\"]')\nStacktrace:\n#0 0x5642b977aaea <unknown>\n#1 0x5642b91c6cdb <unknown>\n#2 0x5642b92196c4 <unknown>\n#3 0x5642b9219901 <unknown>\n#4 0x5642b92688b4 <unknown>\n#5 0x5642b9265c87 <unknown>\n#6 0x5642b920baca <unknown>\n#7 0x5642b920c7d1 <unknown>\n#8 0x5642b9741ab9 <unknown>\n#9 0x5642b9744a8c <unknown>\n#10 0x5642b972ad49 <unknown>\n#11 0x5642b9745685 <unknown>\n#12 0x5642b97126c3 <unknown>\n#13 0x5642b97677d8 <unknown>\n#14 0x5642b97679b3 <unknown>\n#15 0x5642b9779a83 <unknown>\n#16 0x7f700c69caa4 <unknown>\n#17 0x7f700c729c6c <unknown>","time":{"start":1762337979757,"stop":1762337990113,"duration":10356}},{"uid":"b0baf1af7e21a410","reportUrl":"https://Brain-up.github.io/auto-tests-python/737/#testresult/b0baf1af7e21a410","status":"skipped","statusDetails":"XFAIL\n\nselenium.common.exceptions.TimeoutException: Message: Can't find element by locator ('xpath', '//button[@data-test-active-link=\"Words\"]')\nStacktrace:\n#0 0x560a97b96aea <unknown>\n#1 0x560a975e2cdb <unknown>\n#2 0x560a976356c4 <unknown>\n#3 0x560a97635901 <unknown>\n#4 0x560a976848b4 <unknown>\n#5 0x560a97681c87 <unknown>\n#6 0x560a97627aca <unknown>\n#7 0x560a976287d1 <unknown>\n#8 0x560a97b5dab9 <unknown>\n#9 0x560a97b60a8c <unknown>\n#10 0x560a97b46d49 <unknown>\n#11 0x560a97b61685 <unknown>\n#12 0x560a97b2e6c3 <unknown>\n#13 0x560a97b837d8 <unknown>\n#14 0x560a97b839b3 <unknown>\n#15 0x560a97b95a83 <unknown>\n#16 0x7f5ab569caa4 <unknown>\n#17 0x7f5ab5729c6c <unknown>","time":{"start":1762337756224,"stop":1762337766588,"duration":10364}},{"uid":"1797ddc8db9e5f76","reportUrl":"https://Brain-up.github.io/auto-tests-python/2/#testresult/1797ddc8db9e5f76","status":"skipped","statusDetails":"XFAIL\n\nselenium.common.exceptions.TimeoutException: Message: Can't find element by locator ('xpath', '//button[@data-test-active-link=\"Words\"]')\nStacktrace:\n#0 0x55b1ec69caea <unknown>\n#1 0x55b1ec0e8cdb <unknown>\n#2 0x55b1ec13b6c4 <unknown>\n#3 0x55b1ec13b901 <unknown>\n#4 0x55b1ec18a8b4 <unknown>\n#5 0x55b1ec187c87 <unknown>\n#6 0x55b1ec12daca <unknown>\n#7 0x55b1ec12e7d1 <unknown>\n#8 0x55b1ec663ab9 <unknown>\n#9 0x55b1ec666a8c <unknown>\n#10 0x55b1ec64cd49 <unknown>\n#11 0x55b1ec667685 <unknown>\n#12 0x55b1ec6346c3 <unknown>\n#13 0x55b1ec6897d8 <unknown>\n#14 0x55b1ec6899b3 <unknown>\n#15 0x55b1ec69ba83 <unknown>\n#16 0x7f29dc49caa4 <unknown>\n#17 0x7f29dc529c6c <unknown>","time":{"start":1762337773799,"stop":1762337784187,"duration":10388}},{"uid":"d1ba3030d0a46fd1","reportUrl":"https://Brain-up.github.io/auto-tests-python/736/#testresult/d1ba3030d0a46fd1","status":"skipped","statusDetails":"XFAIL\n\nselenium.common.exceptions.TimeoutException: Message: Can't find element by locator ('xpath', '//button[@data-test-active-link=\"Words\"]')\nStacktrace:\n#0 0x55d61f1e4aea <unknown>\n#1 0x55d61ec30cdb <unknown>\n#2 0x55d61ec836c4 <unknown>\n#3 0x55d61ec83901 <unknown>\n#4 0x55d61ecd28b4 <unknown>\n#5 0x55d61eccfc87 <unknown>\n#6 0x55d61ec75aca <unknown>\n#7 0x55d61ec767d1 <unknown>\n#8 0x55d61f1abab9 <unknown>\n#9 0x55d61f1aea8c <unknown>\n#10 0x55d61f194d49 <unknown>\n#11 0x55d61f1af685 <unknown>\n#12 0x55d61f17c6c3 <unknown>\n#13 0x55d61f1d17d8 <unknown>\n#14 0x55d61f1d19b3 <unknown>\n#15 0x55d61f1e3a83 <unknown>\n#16 0x7f616d69caa4 <unknown>\n#17 0x7f616d729c6c <unknown>","time":{"start":1762337098308,"stop":1762337108659,"duration":10351}}]},"tags":["@pytest.mark.xfail"]},"source":"c48b65e256c5b067.json","parameterValues":[]}