{"uid":"fec78855ca9687d9","name":"Solutions to a random task in the \"Слова\" group and comparison of statics.","fullName":"tests.test_speech_exercises_ru.TestCardsRU#test_solve_word_cards_with_statistic_ru","historyId":"0fb6881b2015244903bd7785af7503a6","time":{"start":1762513413145,"stop":1762513423498,"duration":10353},"status":"skipped","statusMessage":"XFAIL\n\nselenium.common.exceptions.TimeoutException: Message: Can't find element by locator ('xpath', '//div[@class=\"__51e19\"]')\nStacktrace:\n#0 0x562baa657aea <unknown>\n#1 0x562baa0a3cdb <unknown>\n#2 0x562baa0f66c4 <unknown>\n#3 0x562baa0f6901 <unknown>\n#4 0x562baa1458b4 <unknown>\n#5 0x562baa142c87 <unknown>\n#6 0x562baa0e8aca <unknown>\n#7 0x562baa0e97d1 <unknown>\n#8 0x562baa61eab9 <unknown>\n#9 0x562baa621a8c <unknown>\n#10 0x562baa607d49 <unknown>\n#11 0x562baa622685 <unknown>\n#12 0x562baa5ef6c3 <unknown>\n#13 0x562baa6447d8 <unknown>\n#14 0x562baa6449b3 <unknown>\n#15 0x562baa656a83 <unknown>\n#16 0x7f5a78e9caa4 <unknown>\n#17 0x7f5a78f29c6c <unknown>","statusTrace":"self = <tests.test_speech_exercises_ru.TestCardsRU object at 0x7f323170e480>\ndriver = <selenium.webdriver.chrome.webdriver.WebDriver (session=\"6fe06eb9358dcf3a7c0a4e26af937d4a\")>\ndefault_user_authorized = None\n\n    @pytest.mark.xfail\n    @allure.suite(\"Речевые упражнения.\")\n    @allure.title('Solutions to a random task in the \"Слова\" group and comparison of statics.')\n    def test_solve_word_cards_with_statistic_ru(self, driver, default_user_authorized):\n        page = SpeechExercisesPageRU(driver)\n        page.click_button_ru()\n>       table = page.get_statistic_data()\n\ntests/test_speech_exercises_ru.py:165: \n_ _ _ _ _ _ _ _ _ _ _ _ _ _ _ _ _ _ _ _ _ _ _ _ _ _ _ _ _ _ _ _ _ _ _ _ _ _ _ _ \npages/speech_exercises_page_ru.py:174: in get_statistic_data\n    table = self.element_is_present(self.locators.AuthorizedUserHomePageLocators.STATISTIC_TABLE)\npages/base_page.py:32: in element_is_present\n    return Wait(self.driver, self.timeout).until(\n_ _ _ _ _ _ _ _ _ _ _ _ _ _ _ _ _ _ _ _ _ _ _ _ _ _ _ _ _ _ _ _ _ _ _ _ _ _ _ _ \n\nself = <selenium.webdriver.support.wait.WebDriverWait (session=\"6fe06eb9358dcf3a7c0a4e26af937d4a\")>\nmethod = <function presence_of_element_located.<locals>._predicate at 0x7f3231608ae0>\nmessage = 'Can\\'t find element by locator (\\'xpath\\', \\'//div[@class=\"__51e19\"]\\')'\n\n    def until(self, method, message: str = \"\"):\n        \"\"\"Calls the method provided with the driver as an argument until the \\\n        return value does not evaluate to ``False``.\n    \n        :param method: callable(WebDriver)\n        :param message: optional message for :exc:`TimeoutException`\n        :returns: the result of the last call to `method`\n        :raises: :exc:`selenium.common.exceptions.TimeoutException` if timeout occurs\n        \"\"\"\n        screen = None\n        stacktrace = None\n    \n        end_time = time.monotonic() + self._timeout\n        while True:\n            try:\n                value = method(self._driver)\n                if value:\n                    return value\n            except self._ignored_exceptions as exc:\n                screen = getattr(exc, \"screen\", None)\n                stacktrace = getattr(exc, \"stacktrace\", None)\n            time.sleep(self._poll)\n            if time.monotonic() > end_time:\n                break\n>       raise TimeoutException(message, screen, stacktrace)\nE       selenium.common.exceptions.TimeoutException: Message: Can't find element by locator ('xpath', '//div[@class=\"__51e19\"]')\nE       Stacktrace:\nE       #0 0x562baa657aea <unknown>\nE       #1 0x562baa0a3cdb <unknown>\nE       #2 0x562baa0f66c4 <unknown>\nE       #3 0x562baa0f6901 <unknown>\nE       #4 0x562baa1458b4 <unknown>\nE       #5 0x562baa142c87 <unknown>\nE       #6 0x562baa0e8aca <unknown>\nE       #7 0x562baa0e97d1 <unknown>\nE       #8 0x562baa61eab9 <unknown>\nE       #9 0x562baa621a8c <unknown>\nE       #10 0x562baa607d49 <unknown>\nE       #11 0x562baa622685 <unknown>\nE       #12 0x562baa5ef6c3 <unknown>\nE       #13 0x562baa6447d8 <unknown>\nE       #14 0x562baa6449b3 <unknown>\nE       #15 0x562baa656a83 <unknown>\nE       #16 0x7f5a78e9caa4 <unknown>\nE       #17 0x7f5a78f29c6c <unknown>\n\n/opt/hostedtoolcache/Python/3.12.12/x64/lib/python3.12/site-packages/selenium/webdriver/support/wait.py:95: TimeoutException","flaky":false,"newFailed":false,"newBroken":false,"newPassed":false,"retriesCount":0,"retriesStatusChange":false,"beforeStages":[{"name":"clear_allure_results_folder","time":{"start":1762511949813,"stop":1762511949813,"duration":0},"status":"passed","steps":[],"attachments":[],"parameters":[],"stepsCount":0,"shouldDisplayMessage":false,"attachmentsCount":0,"hasContent":false,"attachmentStep":false},{"name":"driver","time":{"start":1762513406452,"stop":1762513407209,"duration":757},"status":"passed","steps":[],"attachments":[],"parameters":[],"stepsCount":0,"shouldDisplayMessage":false,"attachmentsCount":0,"hasContent":false,"attachmentStep":false},{"name":"main_page_open","time":{"start":1762513407209,"stop":1762513410723,"duration":3514},"status":"passed","steps":[{"name":"Open page: https://www.brainup.site/","time":{"start":1762513407209,"stop":1762513410723,"duration":3514},"status":"passed","steps":[],"attachments":[],"parameters":[{"name":"driver","value":"<selenium.webdriver.chrome.webdriver.WebDriver (session=\"6fe06eb9358dcf3a7c0a4e26af937d4a\")>"}],"stepsCount":0,"shouldDisplayMessage":false,"attachmentsCount":0,"hasContent":true,"attachmentStep":false}],"attachments":[],"parameters":[],"stepsCount":1,"shouldDisplayMessage":false,"attachmentsCount":0,"hasContent":true,"attachmentStep":false},{"name":"default_user_authorized","time":{"start":1762513410723,"stop":1762513413144,"duration":2421},"status":"passed","steps":[{"name":"DEFAULT user authorized","time":{"start":1762513410723,"stop":1762513413144,"duration":2421},"status":"passed","steps":[{"name":"Check url is present: https://www.brainup.site/groups","time":{"start":1762513411099,"stop":1762513413119,"duration":2020},"status":"passed","steps":[],"attachments":[],"parameters":[],"stepsCount":0,"shouldDisplayMessage":false,"attachmentsCount":0,"hasContent":false,"attachmentStep":false},{"name":"Loader checking","time":{"start":1762513413119,"stop":1762513413144,"duration":25},"status":"passed","steps":[],"attachments":[],"parameters":[],"stepsCount":0,"shouldDisplayMessage":false,"attachmentsCount":0,"hasContent":false,"attachmentStep":false}],"attachments":[],"parameters":[{"name":"driver","value":"<selenium.webdriver.chrome.webdriver.WebDriver (session=\"6fe06eb9358dcf3a7c0a4e26af937d4a\")>"},{"name":"main_page_open","value":"None"}],"stepsCount":2,"shouldDisplayMessage":false,"attachmentsCount":0,"hasContent":true,"attachmentStep":false}],"attachments":[],"parameters":[],"stepsCount":3,"shouldDisplayMessage":false,"attachmentsCount":0,"hasContent":true,"attachmentStep":false}],"testStage":{"status":"skipped","statusMessage":"XFAIL\n\nselenium.common.exceptions.TimeoutException: Message: Can't find element by locator ('xpath', '//div[@class=\"__51e19\"]')\nStacktrace:\n#0 0x562baa657aea <unknown>\n#1 0x562baa0a3cdb <unknown>\n#2 0x562baa0f66c4 <unknown>\n#3 0x562baa0f6901 <unknown>\n#4 0x562baa1458b4 <unknown>\n#5 0x562baa142c87 <unknown>\n#6 0x562baa0e8aca <unknown>\n#7 0x562baa0e97d1 <unknown>\n#8 0x562baa61eab9 <unknown>\n#9 0x562baa621a8c <unknown>\n#10 0x562baa607d49 <unknown>\n#11 0x562baa622685 <unknown>\n#12 0x562baa5ef6c3 <unknown>\n#13 0x562baa6447d8 <unknown>\n#14 0x562baa6449b3 <unknown>\n#15 0x562baa656a83 <unknown>\n#16 0x7f5a78e9caa4 <unknown>\n#17 0x7f5a78f29c6c <unknown>","statusTrace":"self = <tests.test_speech_exercises_ru.TestCardsRU object at 0x7f323170e480>\ndriver = <selenium.webdriver.chrome.webdriver.WebDriver (session=\"6fe06eb9358dcf3a7c0a4e26af937d4a\")>\ndefault_user_authorized = None\n\n    @pytest.mark.xfail\n    @allure.suite(\"Речевые упражнения.\")\n    @allure.title('Solutions to a random task in the \"Слова\" group and comparison of statics.')\n    def test_solve_word_cards_with_statistic_ru(self, driver, default_user_authorized):\n        page = SpeechExercisesPageRU(driver)\n        page.click_button_ru()\n>       table = page.get_statistic_data()\n\ntests/test_speech_exercises_ru.py:165: \n_ _ _ _ _ _ _ _ _ _ _ _ _ _ _ _ _ _ _ _ _ _ _ _ _ _ _ _ _ _ _ _ _ _ _ _ _ _ _ _ \npages/speech_exercises_page_ru.py:174: in get_statistic_data\n    table = self.element_is_present(self.locators.AuthorizedUserHomePageLocators.STATISTIC_TABLE)\npages/base_page.py:32: in element_is_present\n    return Wait(self.driver, self.timeout).until(\n_ _ _ _ _ _ _ _ _ _ _ _ _ _ _ _ _ _ _ _ _ _ _ _ _ _ _ _ _ _ _ _ _ _ _ _ _ _ _ _ \n\nself = <selenium.webdriver.support.wait.WebDriverWait (session=\"6fe06eb9358dcf3a7c0a4e26af937d4a\")>\nmethod = <function presence_of_element_located.<locals>._predicate at 0x7f3231608ae0>\nmessage = 'Can\\'t find element by locator (\\'xpath\\', \\'//div[@class=\"__51e19\"]\\')'\n\n    def until(self, method, message: str = \"\"):\n        \"\"\"Calls the method provided with the driver as an argument until the \\\n        return value does not evaluate to ``False``.\n    \n        :param method: callable(WebDriver)\n        :param message: optional message for :exc:`TimeoutException`\n        :returns: the result of the last call to `method`\n        :raises: :exc:`selenium.common.exceptions.TimeoutException` if timeout occurs\n        \"\"\"\n        screen = None\n        stacktrace = None\n    \n        end_time = time.monotonic() + self._timeout\n        while True:\n            try:\n                value = method(self._driver)\n                if value:\n                    return value\n            except self._ignored_exceptions as exc:\n                screen = getattr(exc, \"screen\", None)\n                stacktrace = getattr(exc, \"stacktrace\", None)\n            time.sleep(self._poll)\n            if time.monotonic() > end_time:\n                break\n>       raise TimeoutException(message, screen, stacktrace)\nE       selenium.common.exceptions.TimeoutException: Message: Can't find element by locator ('xpath', '//div[@class=\"__51e19\"]')\nE       Stacktrace:\nE       #0 0x562baa657aea <unknown>\nE       #1 0x562baa0a3cdb <unknown>\nE       #2 0x562baa0f66c4 <unknown>\nE       #3 0x562baa0f6901 <unknown>\nE       #4 0x562baa1458b4 <unknown>\nE       #5 0x562baa142c87 <unknown>\nE       #6 0x562baa0e8aca <unknown>\nE       #7 0x562baa0e97d1 <unknown>\nE       #8 0x562baa61eab9 <unknown>\nE       #9 0x562baa621a8c <unknown>\nE       #10 0x562baa607d49 <unknown>\nE       #11 0x562baa622685 <unknown>\nE       #12 0x562baa5ef6c3 <unknown>\nE       #13 0x562baa6447d8 <unknown>\nE       #14 0x562baa6449b3 <unknown>\nE       #15 0x562baa656a83 <unknown>\nE       #16 0x7f5a78e9caa4 <unknown>\nE       #17 0x7f5a78f29c6c <unknown>\n\n/opt/hostedtoolcache/Python/3.12.12/x64/lib/python3.12/site-packages/selenium/webdriver/support/wait.py:95: TimeoutException","steps":[{"name":"click_button RU","time":{"start":1762513413145,"stop":1762513413219,"duration":74},"status":"passed","steps":[{"name":"Click button \"RU\".","time":{"start":1762513413145,"stop":1762513413219,"duration":74},"status":"passed","steps":[],"attachments":[],"parameters":[],"stepsCount":0,"shouldDisplayMessage":false,"attachmentsCount":0,"hasContent":false,"attachmentStep":false}],"attachments":[],"parameters":[],"stepsCount":1,"shouldDisplayMessage":false,"attachmentsCount":0,"hasContent":true,"attachmentStep":false},{"name":"get_statistic_data","time":{"start":1762513413219,"stop":1762513423498,"duration":10279},"status":"broken","statusMessage":"selenium.common.exceptions.TimeoutException: Message: Can't find element by locator ('xpath', '//div[@class=\"__51e19\"]')\nStacktrace:\n#0 0x562baa657aea <unknown>\n#1 0x562baa0a3cdb <unknown>\n#2 0x562baa0f66c4 <unknown>\n#3 0x562baa0f6901 <unknown>\n#4 0x562baa1458b4 <unknown>\n#5 0x562baa142c87 <unknown>\n#6 0x562baa0e8aca <unknown>\n#7 0x562baa0e97d1 <unknown>\n#8 0x562baa61eab9 <unknown>\n#9 0x562baa621a8c <unknown>\n#10 0x562baa607d49 <unknown>\n#11 0x562baa622685 <unknown>\n#12 0x562baa5ef6c3 <unknown>\n#13 0x562baa6447d8 <unknown>\n#14 0x562baa6449b3 <unknown>\n#15 0x562baa656a83 <unknown>\n#16 0x7f5a78e9caa4 <unknown>\n#17 0x7f5a78f29c6c <unknown>\n\n","statusTrace":"  File \"/opt/hostedtoolcache/Python/3.12.12/x64/lib/python3.12/site-packages/allure_commons/_allure.py\", line 192, in impl\n    return func(*a, **kw)\n           ^^^^^^^^^^^^^^\n  File \"/home/runner/work/auto-tests-python/auto-tests-python/pages/speech_exercises_page_ru.py\", line 174, in get_statistic_data\n    table = self.element_is_present(self.locators.AuthorizedUserHomePageLocators.STATISTIC_TABLE)\n            ^^^^^^^^^^^^^^^^^^^^^^^^^^^^^^^^^^^^^^^^^^^^^^^^^^^^^^^^^^^^^^^^^^^^^^^^^^^^^^^^^^^^^\n  File \"/home/runner/work/auto-tests-python/auto-tests-python/pages/base_page.py\", line 32, in element_is_present\n    return Wait(self.driver, self.timeout).until(\n           ^^^^^^^^^^^^^^^^^^^^^^^^^^^^^^^^^^^^^^\n  File \"/opt/hostedtoolcache/Python/3.12.12/x64/lib/python3.12/site-packages/selenium/webdriver/support/wait.py\", line 95, in until\n    raise TimeoutException(message, screen, stacktrace)\n","steps":[{"name":"Click button \"Статистика\"\".","time":{"start":1762513413219,"stop":1762513413294,"duration":75},"status":"passed","steps":[],"attachments":[],"parameters":[],"stepsCount":0,"shouldDisplayMessage":false,"attachmentsCount":0,"hasContent":false,"attachmentStep":false},{"name":"Check statistic table is present and scroll to table","time":{"start":1762513413294,"stop":1762513423497,"duration":10203},"status":"broken","statusMessage":"selenium.common.exceptions.TimeoutException: Message: Can't find element by locator ('xpath', '//div[@class=\"__51e19\"]')\nStacktrace:\n#0 0x562baa657aea <unknown>\n#1 0x562baa0a3cdb <unknown>\n#2 0x562baa0f66c4 <unknown>\n#3 0x562baa0f6901 <unknown>\n#4 0x562baa1458b4 <unknown>\n#5 0x562baa142c87 <unknown>\n#6 0x562baa0e8aca <unknown>\n#7 0x562baa0e97d1 <unknown>\n#8 0x562baa61eab9 <unknown>\n#9 0x562baa621a8c <unknown>\n#10 0x562baa607d49 <unknown>\n#11 0x562baa622685 <unknown>\n#12 0x562baa5ef6c3 <unknown>\n#13 0x562baa6447d8 <unknown>\n#14 0x562baa6449b3 <unknown>\n#15 0x562baa656a83 <unknown>\n#16 0x7f5a78e9caa4 <unknown>\n#17 0x7f5a78f29c6c <unknown>\n\n","statusTrace":"  File \"/home/runner/work/auto-tests-python/auto-tests-python/pages/speech_exercises_page_ru.py\", line 174, in get_statistic_data\n    table = self.element_is_present(self.locators.AuthorizedUserHomePageLocators.STATISTIC_TABLE)\n            ^^^^^^^^^^^^^^^^^^^^^^^^^^^^^^^^^^^^^^^^^^^^^^^^^^^^^^^^^^^^^^^^^^^^^^^^^^^^^^^^^^^^^\n  File \"/home/runner/work/auto-tests-python/auto-tests-python/pages/base_page.py\", line 32, in element_is_present\n    return Wait(self.driver, self.timeout).until(\n           ^^^^^^^^^^^^^^^^^^^^^^^^^^^^^^^^^^^^^^\n  File \"/opt/hostedtoolcache/Python/3.12.12/x64/lib/python3.12/site-packages/selenium/webdriver/support/wait.py\", line 95, in until\n    raise TimeoutException(message, screen, stacktrace)\n","steps":[],"attachments":[],"parameters":[],"stepsCount":0,"shouldDisplayMessage":true,"attachmentsCount":0,"hasContent":true,"attachmentStep":false}],"attachments":[],"parameters":[],"stepsCount":2,"shouldDisplayMessage":false,"attachmentsCount":0,"hasContent":true,"attachmentStep":false}],"attachments":[],"parameters":[],"stepsCount":5,"shouldDisplayMessage":true,"attachmentsCount":0,"hasContent":true,"attachmentStep":false},"afterStages":[{"name":"driver::0","time":{"start":1762513423514,"stop":1762513423583,"duration":69},"status":"passed","steps":[],"attachments":[],"parameters":[],"stepsCount":0,"shouldDisplayMessage":false,"attachmentsCount":0,"hasContent":false,"attachmentStep":false}],"labels":[{"name":"suite","value":"Речевые упражнения."},{"name":"epic","value":"Speech exercises."},{"name":"tag","value":"@pytest.mark.xfail"},{"name":"parentSuite","value":"tests"},{"name":"subSuite","value":"TestCardsRU"},{"name":"host","value":"runnervmf2e7y"},{"name":"thread","value":"2628-MainThread"},{"name":"framework","value":"pytest"},{"name":"language","value":"cpython3"},{"name":"package","value":"tests.test_speech_exercises_ru"},{"name":"resultFormat","value":"allure2"}],"parameters":[],"links":[],"hidden":false,"retry":false,"extra":{"severity":"normal","retries":[],"categories":[],"history":{"statistic":{"failed":0,"broken":0,"skipped":7,"passed":0,"unknown":0,"total":7},"items":[{"uid":"ccee79a8d8651c9e","reportUrl":"https://Brain-up.github.io/auto-tests-python/740/#testresult/ccee79a8d8651c9e","status":"skipped","statusDetails":"XFAIL\n\nselenium.common.exceptions.TimeoutException: Message: Can't find element by locator ('xpath', '//div[@class=\"__51e19\"]')\nStacktrace:\n#0 0x55688395baea <unknown>\n#1 0x5568833a7cdb <unknown>\n#2 0x5568833fa6c4 <unknown>\n#3 0x5568833fa901 <unknown>\n#4 0x5568834498b4 <unknown>\n#5 0x556883446c87 <unknown>\n#6 0x5568833ecaca <unknown>\n#7 0x5568833ed7d1 <unknown>\n#8 0x556883922ab9 <unknown>\n#9 0x556883925a8c <unknown>\n#10 0x55688390bd49 <unknown>\n#11 0x556883926685 <unknown>\n#12 0x5568838f36c3 <unknown>\n#13 0x5568839487d8 <unknown>\n#14 0x5568839489b3 <unknown>\n#15 0x55688395aa83 <unknown>\n#16 0x7f1d2909caa4 <unknown>\n#17 0x7f1d29129c6c <unknown>","time":{"start":1762426719490,"stop":1762426729883,"duration":10393}},{"uid":"795160d6598fca52","reportUrl":"https://Brain-up.github.io/auto-tests-python/739/#testresult/795160d6598fca52","status":"skipped","statusDetails":"XFAIL\n\nKeyError: 9","time":{"start":1762341195053,"stop":1762341201725,"duration":6672}},{"uid":"c144a665e8dfc616","reportUrl":"https://Brain-up.github.io/auto-tests-python/738/#testresult/c144a665e8dfc616","status":"skipped","statusDetails":"XFAIL\n\nselenium.common.exceptions.TimeoutException: Message: Can't find element by locator ('xpath', '//div[@class=\"__51e19\"]')\nStacktrace:\n#0 0x558836ed0aea <unknown>\n#1 0x55883691ccdb <unknown>\n#2 0x55883696f6c4 <unknown>\n#3 0x55883696f901 <unknown>\n#4 0x5588369be8b4 <unknown>\n#5 0x5588369bbc87 <unknown>\n#6 0x558836961aca <unknown>\n#7 0x5588369627d1 <unknown>\n#8 0x558836e97ab9 <unknown>\n#9 0x558836e9aa8c <unknown>\n#10 0x558836e80d49 <unknown>\n#11 0x558836e9b685 <unknown>\n#12 0x558836e686c3 <unknown>\n#13 0x558836ebd7d8 <unknown>\n#14 0x558836ebd9b3 <unknown>\n#15 0x558836ecfa83 <unknown>\n#16 0x7f957e29caa4 <unknown>\n#17 0x7f957e329c6c <unknown>","time":{"start":1762338171838,"stop":1762338182228,"duration":10390}},{"uid":"3a8875ee8b7a5a48","reportUrl":"https://Brain-up.github.io/auto-tests-python/737/#testresult/3a8875ee8b7a5a48","status":"skipped","statusDetails":"XFAIL\n\nselenium.common.exceptions.TimeoutException: Message: Can't find element by locator ('xpath', '//div[@class=\"__51e19\"]')\nStacktrace:\n#0 0x55662f23caea <unknown>\n#1 0x55662ec88cdb <unknown>\n#2 0x55662ecdb6c4 <unknown>\n#3 0x55662ecdb901 <unknown>\n#4 0x55662ed2a8b4 <unknown>\n#5 0x55662ed27c87 <unknown>\n#6 0x55662eccdaca <unknown>\n#7 0x55662ecce7d1 <unknown>\n#8 0x55662f203ab9 <unknown>\n#9 0x55662f206a8c <unknown>\n#10 0x55662f1ecd49 <unknown>\n#11 0x55662f207685 <unknown>\n#12 0x55662f1d46c3 <unknown>\n#13 0x55662f2297d8 <unknown>\n#14 0x55662f2299b3 <unknown>\n#15 0x55662f23ba83 <unknown>\n#16 0x7f428529caa4 <unknown>\n#17 0x7f4285329c6c <unknown>","time":{"start":1762337991813,"stop":1762338002180,"duration":10367}},{"uid":"c90ba82984e0aa4d","reportUrl":"https://Brain-up.github.io/auto-tests-python/2/#testresult/c90ba82984e0aa4d","status":"skipped","statusDetails":"XFAIL\n\nselenium.common.exceptions.TimeoutException: Message: Can't find element by locator ('xpath', '//div[@class=\"__51e19\"]')\nStacktrace:\n#0 0x55e3799c5aea <unknown>\n#1 0x55e379411cdb <unknown>\n#2 0x55e3794646c4 <unknown>\n#3 0x55e379464901 <unknown>\n#4 0x55e3794b38b4 <unknown>\n#5 0x55e3794b0c87 <unknown>\n#6 0x55e379456aca <unknown>\n#7 0x55e3794577d1 <unknown>\n#8 0x55e37998cab9 <unknown>\n#9 0x55e37998fa8c <unknown>\n#10 0x55e379975d49 <unknown>\n#11 0x55e379990685 <unknown>\n#12 0x55e37995d6c3 <unknown>\n#13 0x55e3799b27d8 <unknown>\n#14 0x55e3799b29b3 <unknown>\n#15 0x55e3799c4a83 <unknown>\n#16 0x7efd26e9caa4 <unknown>\n#17 0x7efd26f29c6c <unknown>","time":{"start":1762337980577,"stop":1762337990924,"duration":10347}},{"uid":"75803a4d0ba8a8b7","reportUrl":"https://Brain-up.github.io/auto-tests-python/736/#testresult/75803a4d0ba8a8b7","status":"skipped","statusDetails":"XFAIL\n\nselenium.common.exceptions.TimeoutException: Message: Can't find element by locator ('xpath', '//div[@class=\"__51e19\"]')\nStacktrace:\n#0 0x55887f0e9aea <unknown>\n#1 0x55887eb35cdb <unknown>\n#2 0x55887eb886c4 <unknown>\n#3 0x55887eb88901 <unknown>\n#4 0x55887ebd78b4 <unknown>\n#5 0x55887ebd4c87 <unknown>\n#6 0x55887eb7aaca <unknown>\n#7 0x55887eb7b7d1 <unknown>\n#8 0x55887f0b0ab9 <unknown>\n#9 0x55887f0b3a8c <unknown>\n#10 0x55887f099d49 <unknown>\n#11 0x55887f0b4685 <unknown>\n#12 0x55887f0816c3 <unknown>\n#13 0x55887f0d67d8 <unknown>\n#14 0x55887f0d69b3 <unknown>\n#15 0x55887f0e8a83 <unknown>\n#16 0x7f283e29caa4 <unknown>\n#17 0x7f283e329c6c <unknown>","time":{"start":1762337273732,"stop":1762337284064,"duration":10332}}]},"tags":["@pytest.mark.xfail"]},"source":"fec78855ca9687d9.json","parameterValues":[]}