{"uid":"69fb1ccadad5f65d","name":"Solutions to a random task in the \"Слова\" group and comparison of statics.","fullName":"tests.test_speech_exercises_ru.TestCardsRU#test_solve_word_cards_with_statistic_ru","historyId":"0fb6881b2015244903bd7785af7503a6","time":{"start":1766834383996,"stop":1766834394325,"duration":10329},"status":"skipped","statusMessage":"XFAIL\n\nselenium.common.exceptions.TimeoutException: Message: Can't find element by locator ('xpath', '//div[@class=\"__51e19\"]')\nStacktrace:\n#0 0x55f876be919a <unknown>\n#1 0x55f876666c4b <unknown>\n#2 0x55f8766b8318 <unknown>\n#3 0x55f8766b8551 <unknown>\n#4 0x55f876706764 <unknown>\n#5 0x55f876703bee <unknown>\n#6 0x55f8766aac42 <unknown>\n#7 0x55f8766ab8f1 <unknown>\n#8 0x55f876bb1f39 <unknown>\n#9 0x55f876bb4e7d <unknown>\n#10 0x55f876b9ac81 <unknown>\n#11 0x55f876bb5a5b <unknown>\n#12 0x55f876b81a50 <unknown>\n#13 0x55f876bd6aa8 <unknown>\n#14 0x55f876bd6c79 <unknown>\n#15 0x55f876be84f3 <unknown>\n#16 0x7f7df149caa4 <unknown>\n#17 0x7f7df1529c6c <unknown>","statusTrace":"self = <tests.test_speech_exercises_ru.TestCardsRU object at 0x7ff063723710>\ndriver = <selenium.webdriver.chrome.webdriver.WebDriver (session=\"5a3ce5f0e27cb75a37176070a728b8b7\")>\ndefault_user_authorized = None\n\n    @pytest.mark.xfail\n    @allure.suite(\"Речевые упражнения.\")\n    @allure.title('Solutions to a random task in the \"Слова\" group and comparison of statics.')\n    def test_solve_word_cards_with_statistic_ru(self, driver, default_user_authorized):\n        page = SpeechExercisesPageRU(driver)\n        page.click_button_ru()\n>       table = page.get_statistic_data()\n\ntests/test_speech_exercises_ru.py:165: \n_ _ _ _ _ _ _ _ _ _ _ _ _ _ _ _ _ _ _ _ _ _ _ _ _ _ _ _ _ _ _ _ _ _ _ _ _ _ _ _ \npages/speech_exercises_page_ru.py:174: in get_statistic_data\n    table = self.element_is_present(self.locators.AuthorizedUserHomePageLocators.STATISTIC_TABLE)\npages/base_page.py:32: in element_is_present\n    return Wait(self.driver, self.timeout).until(\n_ _ _ _ _ _ _ _ _ _ _ _ _ _ _ _ _ _ _ _ _ _ _ _ _ _ _ _ _ _ _ _ _ _ _ _ _ _ _ _ \n\nself = <selenium.webdriver.support.wait.WebDriverWait (session=\"5a3ce5f0e27cb75a37176070a728b8b7\")>\nmethod = <function presence_of_element_located.<locals>._predicate at 0x7ff063547d80>\nmessage = 'Can\\'t find element by locator (\\'xpath\\', \\'//div[@class=\"__51e19\"]\\')'\n\n    def until(self, method, message: str = \"\"):\n        \"\"\"Calls the method provided with the driver as an argument until the \\\n        return value does not evaluate to ``False``.\n    \n        :param method: callable(WebDriver)\n        :param message: optional message for :exc:`TimeoutException`\n        :returns: the result of the last call to `method`\n        :raises: :exc:`selenium.common.exceptions.TimeoutException` if timeout occurs\n        \"\"\"\n        screen = None\n        stacktrace = None\n    \n        end_time = time.monotonic() + self._timeout\n        while True:\n            try:\n                value = method(self._driver)\n                if value:\n                    return value\n            except self._ignored_exceptions as exc:\n                screen = getattr(exc, \"screen\", None)\n                stacktrace = getattr(exc, \"stacktrace\", None)\n            time.sleep(self._poll)\n            if time.monotonic() > end_time:\n                break\n>       raise TimeoutException(message, screen, stacktrace)\nE       selenium.common.exceptions.TimeoutException: Message: Can't find element by locator ('xpath', '//div[@class=\"__51e19\"]')\nE       Stacktrace:\nE       #0 0x55f876be919a <unknown>\nE       #1 0x55f876666c4b <unknown>\nE       #2 0x55f8766b8318 <unknown>\nE       #3 0x55f8766b8551 <unknown>\nE       #4 0x55f876706764 <unknown>\nE       #5 0x55f876703bee <unknown>\nE       #6 0x55f8766aac42 <unknown>\nE       #7 0x55f8766ab8f1 <unknown>\nE       #8 0x55f876bb1f39 <unknown>\nE       #9 0x55f876bb4e7d <unknown>\nE       #10 0x55f876b9ac81 <unknown>\nE       #11 0x55f876bb5a5b <unknown>\nE       #12 0x55f876b81a50 <unknown>\nE       #13 0x55f876bd6aa8 <unknown>\nE       #14 0x55f876bd6c79 <unknown>\nE       #15 0x55f876be84f3 <unknown>\nE       #16 0x7f7df149caa4 <unknown>\nE       #17 0x7f7df1529c6c <unknown>\n\n/opt/hostedtoolcache/Python/3.12.12/x64/lib/python3.12/site-packages/selenium/webdriver/support/wait.py:95: TimeoutException","flaky":false,"newFailed":false,"newBroken":false,"newPassed":false,"retriesCount":0,"retriesStatusChange":false,"beforeStages":[{"name":"clear_allure_results_folder","time":{"start":1766833119528,"stop":1766833119528,"duration":0},"status":"passed","steps":[],"attachments":[],"parameters":[],"stepsCount":0,"shouldDisplayMessage":false,"attachmentsCount":0,"hasContent":false,"attachmentStep":false},{"name":"driver","time":{"start":1766834378101,"stop":1766834378858,"duration":757},"status":"passed","steps":[],"attachments":[],"parameters":[],"stepsCount":0,"shouldDisplayMessage":false,"attachmentsCount":0,"hasContent":false,"attachmentStep":false},{"name":"main_page_open","time":{"start":1766834378858,"stop":1766834381590,"duration":2732},"status":"passed","steps":[{"name":"Open page: https://www.brainup.site/","time":{"start":1766834378858,"stop":1766834381590,"duration":2732},"status":"passed","steps":[],"attachments":[],"parameters":[{"name":"driver","value":"<selenium.webdriver.chrome.webdriver.WebDriver (session=\"5a3ce5f0e27cb75a37176070a728b8b7\")>"}],"stepsCount":0,"shouldDisplayMessage":false,"attachmentsCount":0,"hasContent":true,"attachmentStep":false}],"attachments":[],"parameters":[],"stepsCount":1,"shouldDisplayMessage":false,"attachmentsCount":0,"hasContent":true,"attachmentStep":false},{"name":"default_user_authorized","time":{"start":1766834381590,"stop":1766834383996,"duration":2406},"status":"passed","steps":[{"name":"DEFAULT user authorized","time":{"start":1766834381590,"stop":1766834383996,"duration":2406},"status":"passed","steps":[{"name":"Check url is present: https://www.brainup.site/groups","time":{"start":1766834381955,"stop":1766834383974,"duration":2019},"status":"passed","steps":[],"attachments":[],"parameters":[],"stepsCount":0,"shouldDisplayMessage":false,"attachmentsCount":0,"hasContent":false,"attachmentStep":false},{"name":"Loader checking","time":{"start":1766834383974,"stop":1766834383996,"duration":22},"status":"passed","steps":[],"attachments":[],"parameters":[],"stepsCount":0,"shouldDisplayMessage":false,"attachmentsCount":0,"hasContent":false,"attachmentStep":false}],"attachments":[],"parameters":[{"name":"driver","value":"<selenium.webdriver.chrome.webdriver.WebDriver (session=\"5a3ce5f0e27cb75a37176070a728b8b7\")>"},{"name":"main_page_open","value":"None"}],"stepsCount":2,"shouldDisplayMessage":false,"attachmentsCount":0,"hasContent":true,"attachmentStep":false}],"attachments":[],"parameters":[],"stepsCount":3,"shouldDisplayMessage":false,"attachmentsCount":0,"hasContent":true,"attachmentStep":false}],"testStage":{"status":"skipped","statusMessage":"XFAIL\n\nselenium.common.exceptions.TimeoutException: Message: Can't find element by locator ('xpath', '//div[@class=\"__51e19\"]')\nStacktrace:\n#0 0x55f876be919a <unknown>\n#1 0x55f876666c4b <unknown>\n#2 0x55f8766b8318 <unknown>\n#3 0x55f8766b8551 <unknown>\n#4 0x55f876706764 <unknown>\n#5 0x55f876703bee <unknown>\n#6 0x55f8766aac42 <unknown>\n#7 0x55f8766ab8f1 <unknown>\n#8 0x55f876bb1f39 <unknown>\n#9 0x55f876bb4e7d <unknown>\n#10 0x55f876b9ac81 <unknown>\n#11 0x55f876bb5a5b <unknown>\n#12 0x55f876b81a50 <unknown>\n#13 0x55f876bd6aa8 <unknown>\n#14 0x55f876bd6c79 <unknown>\n#15 0x55f876be84f3 <unknown>\n#16 0x7f7df149caa4 <unknown>\n#17 0x7f7df1529c6c <unknown>","statusTrace":"self = <tests.test_speech_exercises_ru.TestCardsRU object at 0x7ff063723710>\ndriver = <selenium.webdriver.chrome.webdriver.WebDriver (session=\"5a3ce5f0e27cb75a37176070a728b8b7\")>\ndefault_user_authorized = None\n\n    @pytest.mark.xfail\n    @allure.suite(\"Речевые упражнения.\")\n    @allure.title('Solutions to a random task in the \"Слова\" group and comparison of statics.')\n    def test_solve_word_cards_with_statistic_ru(self, driver, default_user_authorized):\n        page = SpeechExercisesPageRU(driver)\n        page.click_button_ru()\n>       table = page.get_statistic_data()\n\ntests/test_speech_exercises_ru.py:165: \n_ _ _ _ _ _ _ _ _ _ _ _ _ _ _ _ _ _ _ _ _ _ _ _ _ _ _ _ _ _ _ _ _ _ _ _ _ _ _ _ \npages/speech_exercises_page_ru.py:174: in get_statistic_data\n    table = self.element_is_present(self.locators.AuthorizedUserHomePageLocators.STATISTIC_TABLE)\npages/base_page.py:32: in element_is_present\n    return Wait(self.driver, self.timeout).until(\n_ _ _ _ _ _ _ _ _ _ _ _ _ _ _ _ _ _ _ _ _ _ _ _ _ _ _ _ _ _ _ _ _ _ _ _ _ _ _ _ \n\nself = <selenium.webdriver.support.wait.WebDriverWait (session=\"5a3ce5f0e27cb75a37176070a728b8b7\")>\nmethod = <function presence_of_element_located.<locals>._predicate at 0x7ff063547d80>\nmessage = 'Can\\'t find element by locator (\\'xpath\\', \\'//div[@class=\"__51e19\"]\\')'\n\n    def until(self, method, message: str = \"\"):\n        \"\"\"Calls the method provided with the driver as an argument until the \\\n        return value does not evaluate to ``False``.\n    \n        :param method: callable(WebDriver)\n        :param message: optional message for :exc:`TimeoutException`\n        :returns: the result of the last call to `method`\n        :raises: :exc:`selenium.common.exceptions.TimeoutException` if timeout occurs\n        \"\"\"\n        screen = None\n        stacktrace = None\n    \n        end_time = time.monotonic() + self._timeout\n        while True:\n            try:\n                value = method(self._driver)\n                if value:\n                    return value\n            except self._ignored_exceptions as exc:\n                screen = getattr(exc, \"screen\", None)\n                stacktrace = getattr(exc, \"stacktrace\", None)\n            time.sleep(self._poll)\n            if time.monotonic() > end_time:\n                break\n>       raise TimeoutException(message, screen, stacktrace)\nE       selenium.common.exceptions.TimeoutException: Message: Can't find element by locator ('xpath', '//div[@class=\"__51e19\"]')\nE       Stacktrace:\nE       #0 0x55f876be919a <unknown>\nE       #1 0x55f876666c4b <unknown>\nE       #2 0x55f8766b8318 <unknown>\nE       #3 0x55f8766b8551 <unknown>\nE       #4 0x55f876706764 <unknown>\nE       #5 0x55f876703bee <unknown>\nE       #6 0x55f8766aac42 <unknown>\nE       #7 0x55f8766ab8f1 <unknown>\nE       #8 0x55f876bb1f39 <unknown>\nE       #9 0x55f876bb4e7d <unknown>\nE       #10 0x55f876b9ac81 <unknown>\nE       #11 0x55f876bb5a5b <unknown>\nE       #12 0x55f876b81a50 <unknown>\nE       #13 0x55f876bd6aa8 <unknown>\nE       #14 0x55f876bd6c79 <unknown>\nE       #15 0x55f876be84f3 <unknown>\nE       #16 0x7f7df149caa4 <unknown>\nE       #17 0x7f7df1529c6c <unknown>\n\n/opt/hostedtoolcache/Python/3.12.12/x64/lib/python3.12/site-packages/selenium/webdriver/support/wait.py:95: TimeoutException","steps":[{"name":"click_button RU","time":{"start":1766834383996,"stop":1766834384066,"duration":70},"status":"passed","steps":[{"name":"Click button \"RU\".","time":{"start":1766834383996,"stop":1766834384066,"duration":70},"status":"passed","steps":[],"attachments":[],"parameters":[],"stepsCount":0,"shouldDisplayMessage":false,"attachmentsCount":0,"hasContent":false,"attachmentStep":false}],"attachments":[],"parameters":[],"stepsCount":1,"shouldDisplayMessage":false,"attachmentsCount":0,"hasContent":true,"attachmentStep":false},{"name":"get_statistic_data","time":{"start":1766834384066,"stop":1766834394325,"duration":10259},"status":"broken","statusMessage":"selenium.common.exceptions.TimeoutException: Message: Can't find element by locator ('xpath', '//div[@class=\"__51e19\"]')\nStacktrace:\n#0 0x55f876be919a <unknown>\n#1 0x55f876666c4b <unknown>\n#2 0x55f8766b8318 <unknown>\n#3 0x55f8766b8551 <unknown>\n#4 0x55f876706764 <unknown>\n#5 0x55f876703bee <unknown>\n#6 0x55f8766aac42 <unknown>\n#7 0x55f8766ab8f1 <unknown>\n#8 0x55f876bb1f39 <unknown>\n#9 0x55f876bb4e7d <unknown>\n#10 0x55f876b9ac81 <unknown>\n#11 0x55f876bb5a5b <unknown>\n#12 0x55f876b81a50 <unknown>\n#13 0x55f876bd6aa8 <unknown>\n#14 0x55f876bd6c79 <unknown>\n#15 0x55f876be84f3 <unknown>\n#16 0x7f7df149caa4 <unknown>\n#17 0x7f7df1529c6c <unknown>\n\n","statusTrace":"  File \"/opt/hostedtoolcache/Python/3.12.12/x64/lib/python3.12/site-packages/allure_commons/_allure.py\", line 192, in impl\n    return func(*a, **kw)\n           ^^^^^^^^^^^^^^\n  File \"/home/runner/work/auto-tests-python/auto-tests-python/pages/speech_exercises_page_ru.py\", line 174, in get_statistic_data\n    table = self.element_is_present(self.locators.AuthorizedUserHomePageLocators.STATISTIC_TABLE)\n            ^^^^^^^^^^^^^^^^^^^^^^^^^^^^^^^^^^^^^^^^^^^^^^^^^^^^^^^^^^^^^^^^^^^^^^^^^^^^^^^^^^^^^\n  File \"/home/runner/work/auto-tests-python/auto-tests-python/pages/base_page.py\", line 32, in element_is_present\n    return Wait(self.driver, self.timeout).until(\n           ^^^^^^^^^^^^^^^^^^^^^^^^^^^^^^^^^^^^^^\n  File \"/opt/hostedtoolcache/Python/3.12.12/x64/lib/python3.12/site-packages/selenium/webdriver/support/wait.py\", line 95, in until\n    raise TimeoutException(message, screen, stacktrace)\n","steps":[{"name":"Click button \"Статистика\"\".","time":{"start":1766834384066,"stop":1766834384136,"duration":70},"status":"passed","steps":[],"attachments":[],"parameters":[],"stepsCount":0,"shouldDisplayMessage":false,"attachmentsCount":0,"hasContent":false,"attachmentStep":false},{"name":"Check statistic table is present and scroll to table","time":{"start":1766834384136,"stop":1766834394324,"duration":10188},"status":"broken","statusMessage":"selenium.common.exceptions.TimeoutException: Message: Can't find element by locator ('xpath', '//div[@class=\"__51e19\"]')\nStacktrace:\n#0 0x55f876be919a <unknown>\n#1 0x55f876666c4b <unknown>\n#2 0x55f8766b8318 <unknown>\n#3 0x55f8766b8551 <unknown>\n#4 0x55f876706764 <unknown>\n#5 0x55f876703bee <unknown>\n#6 0x55f8766aac42 <unknown>\n#7 0x55f8766ab8f1 <unknown>\n#8 0x55f876bb1f39 <unknown>\n#9 0x55f876bb4e7d <unknown>\n#10 0x55f876b9ac81 <unknown>\n#11 0x55f876bb5a5b <unknown>\n#12 0x55f876b81a50 <unknown>\n#13 0x55f876bd6aa8 <unknown>\n#14 0x55f876bd6c79 <unknown>\n#15 0x55f876be84f3 <unknown>\n#16 0x7f7df149caa4 <unknown>\n#17 0x7f7df1529c6c <unknown>\n\n","statusTrace":"  File \"/home/runner/work/auto-tests-python/auto-tests-python/pages/speech_exercises_page_ru.py\", line 174, in get_statistic_data\n    table = self.element_is_present(self.locators.AuthorizedUserHomePageLocators.STATISTIC_TABLE)\n            ^^^^^^^^^^^^^^^^^^^^^^^^^^^^^^^^^^^^^^^^^^^^^^^^^^^^^^^^^^^^^^^^^^^^^^^^^^^^^^^^^^^^^\n  File \"/home/runner/work/auto-tests-python/auto-tests-python/pages/base_page.py\", line 32, in element_is_present\n    return Wait(self.driver, self.timeout).until(\n           ^^^^^^^^^^^^^^^^^^^^^^^^^^^^^^^^^^^^^^\n  File \"/opt/hostedtoolcache/Python/3.12.12/x64/lib/python3.12/site-packages/selenium/webdriver/support/wait.py\", line 95, in until\n    raise TimeoutException(message, screen, stacktrace)\n","steps":[],"attachments":[],"parameters":[],"stepsCount":0,"shouldDisplayMessage":true,"attachmentsCount":0,"hasContent":true,"attachmentStep":false}],"attachments":[],"parameters":[],"stepsCount":2,"shouldDisplayMessage":false,"attachmentsCount":0,"hasContent":true,"attachmentStep":false}],"attachments":[],"parameters":[],"stepsCount":5,"shouldDisplayMessage":true,"attachmentsCount":0,"hasContent":true,"attachmentStep":false},"afterStages":[{"name":"driver::0","time":{"start":1766834394339,"stop":1766834394408,"duration":69},"status":"passed","steps":[],"attachments":[],"parameters":[],"stepsCount":0,"shouldDisplayMessage":false,"attachmentsCount":0,"hasContent":false,"attachmentStep":false}],"labels":[{"name":"suite","value":"Речевые упражнения."},{"name":"epic","value":"Speech exercises."},{"name":"tag","value":"@pytest.mark.xfail"},{"name":"parentSuite","value":"tests"},{"name":"subSuite","value":"TestCardsRU"},{"name":"host","value":"runnervmh13bl"},{"name":"thread","value":"2597-MainThread"},{"name":"framework","value":"pytest"},{"name":"language","value":"cpython3"},{"name":"package","value":"tests.test_speech_exercises_ru"},{"name":"resultFormat","value":"allure2"}],"parameters":[],"links":[],"hidden":false,"retry":false,"extra":{"severity":"normal","retries":[],"categories":[],"history":{"statistic":{"failed":0,"broken":0,"skipped":52,"passed":0,"unknown":0,"total":52},"items":[{"uid":"e267a27db026d38d","reportUrl":"https://Brain-up.github.io/auto-tests-python/785/#testresult/e267a27db026d38d","status":"skipped","statusDetails":"XFAIL\n\nselenium.common.exceptions.TimeoutException: Message: Can't find element by locator ('xpath', '//div[@class=\"__51e19\"]')\nStacktrace:\n#0 0x55a337cf619a <unknown>\n#1 0x55a337773c4b <unknown>\n#2 0x55a3377c5318 <unknown>\n#3 0x55a3377c5551 <unknown>\n#4 0x55a337813764 <unknown>\n#5 0x55a337810bee <unknown>\n#6 0x55a3377b7c42 <unknown>\n#7 0x55a3377b88f1 <unknown>\n#8 0x55a337cbef39 <unknown>\n#9 0x55a337cc1e7d <unknown>\n#10 0x55a337ca7c81 <unknown>\n#11 0x55a337cc2a5b <unknown>\n#12 0x55a337c8ea50 <unknown>\n#13 0x55a337ce3aa8 <unknown>\n#14 0x55a337ce3c79 <unknown>\n#15 0x55a337cf54f3 <unknown>\n#16 0x7fe9fa69caa4 <unknown>\n#17 0x7fe9fa729c6c <unknown>","time":{"start":1766753280323,"stop":1766753290616,"duration":10293}},{"uid":"fccfd4439f5169c","reportUrl":"https://Brain-up.github.io/auto-tests-python/784/#testresult/fccfd4439f5169c","status":"skipped","statusDetails":"XFAIL\n\nselenium.common.exceptions.TimeoutException: Message: Can't find element by locator ('xpath', '//div[@class=\"__51e19\"]')\nStacktrace:\n#0 0x55e61aa7b19a <unknown>\n#1 0x55e61a4f8c4b <unknown>\n#2 0x55e61a54a318 <unknown>\n#3 0x55e61a54a551 <unknown>\n#4 0x55e61a598764 <unknown>\n#5 0x55e61a595bee <unknown>\n#6 0x55e61a53cc42 <unknown>\n#7 0x55e61a53d8f1 <unknown>\n#8 0x55e61aa43f39 <unknown>\n#9 0x55e61aa46e7d <unknown>\n#10 0x55e61aa2cc81 <unknown>\n#11 0x55e61aa47a5b <unknown>\n#12 0x55e61aa13a50 <unknown>\n#13 0x55e61aa68aa8 <unknown>\n#14 0x55e61aa68c79 <unknown>\n#15 0x55e61aa7a4f3 <unknown>\n#16 0x7f781589caa4 <unknown>\n#17 0x7f7815929c6c <unknown>","time":{"start":1766688635109,"stop":1766688645434,"duration":10325}},{"uid":"2cf062f8adc51ae0","reportUrl":"https://Brain-up.github.io/auto-tests-python/783/#testresult/2cf062f8adc51ae0","status":"skipped","statusDetails":"XFAIL\n\nselenium.common.exceptions.TimeoutException: Message: Can't find element by locator ('xpath', '//div[@class=\"__51e19\"]')\nStacktrace:\n#0 0x5602cd08419a <unknown>\n#1 0x5602ccb01c4b <unknown>\n#2 0x5602ccb53318 <unknown>\n#3 0x5602ccb53551 <unknown>\n#4 0x5602ccba1764 <unknown>\n#5 0x5602ccb9ebee <unknown>\n#6 0x5602ccb45c42 <unknown>\n#7 0x5602ccb468f1 <unknown>\n#8 0x5602cd04cf39 <unknown>\n#9 0x5602cd04fe7d <unknown>\n#10 0x5602cd035c81 <unknown>\n#11 0x5602cd050a5b <unknown>\n#12 0x5602cd01ca50 <unknown>\n#13 0x5602cd071aa8 <unknown>\n#14 0x5602cd071c79 <unknown>\n#15 0x5602cd0834f3 <unknown>\n#16 0x7ffaf7c9caa4 <unknown>\n#17 0x7ffaf7d29c6c <unknown>","time":{"start":1766575655277,"stop":1766575665610,"duration":10333}},{"uid":"e8b6089f858fc949","reportUrl":"https://Brain-up.github.io/auto-tests-python/782/#testresult/e8b6089f858fc949","status":"skipped","statusDetails":"XFAIL\n\nselenium.common.exceptions.TimeoutException: Message: Can't find element by locator ('xpath', '//div[@class=\"__51e19\"]')\nStacktrace:\n#0 0x558fbbd9d19a <unknown>\n#1 0x558fbb81ac4b <unknown>\n#2 0x558fbb86c318 <unknown>\n#3 0x558fbb86c551 <unknown>\n#4 0x558fbb8ba764 <unknown>\n#5 0x558fbb8b7bee <unknown>\n#6 0x558fbb85ec42 <unknown>\n#7 0x558fbb85f8f1 <unknown>\n#8 0x558fbbd65f39 <unknown>\n#9 0x558fbbd68e7d <unknown>\n#10 0x558fbbd4ec81 <unknown>\n#11 0x558fbbd69a5b <unknown>\n#12 0x558fbbd35a50 <unknown>\n#13 0x558fbbd8aaa8 <unknown>\n#14 0x558fbbd8ac79 <unknown>\n#15 0x558fbbd9c4f3 <unknown>\n#16 0x7efdf129caa4 <unknown>\n#17 0x7efdf1329c6c <unknown>","time":{"start":1766475908461,"stop":1766475918771,"duration":10310}},{"uid":"43bdcbf54415e145","reportUrl":"https://Brain-up.github.io/auto-tests-python/781/#testresult/43bdcbf54415e145","status":"skipped","statusDetails":"XFAIL\n\nselenium.common.exceptions.TimeoutException: Message: Can't find element by locator ('xpath', '//div[@class=\"__51e19\"]')\nStacktrace:\n#0 0x55b198c5b19a <unknown>\n#1 0x55b1986d8c4b <unknown>\n#2 0x55b19872a318 <unknown>\n#3 0x55b19872a551 <unknown>\n#4 0x55b198778764 <unknown>\n#5 0x55b198775bee <unknown>\n#6 0x55b19871cc42 <unknown>\n#7 0x55b19871d8f1 <unknown>\n#8 0x55b198c23f39 <unknown>\n#9 0x55b198c26e7d <unknown>\n#10 0x55b198c0cc81 <unknown>\n#11 0x55b198c27a5b <unknown>\n#12 0x55b198bf3a50 <unknown>\n#13 0x55b198c48aa8 <unknown>\n#14 0x55b198c48c79 <unknown>\n#15 0x55b198c5a4f3 <unknown>\n#16 0x7faf4ec9caa4 <unknown>\n#17 0x7faf4ed29c6c <unknown>","time":{"start":1766401750271,"stop":1766401760620,"duration":10349}},{"uid":"e4ae2d8d25c46f2d","reportUrl":"https://Brain-up.github.io/auto-tests-python/780/#testresult/e4ae2d8d25c46f2d","status":"skipped","statusDetails":"XFAIL\n\nselenium.common.exceptions.TimeoutException: Message: Can't find element by locator ('xpath', '//div[@class=\"__51e19\"]')\nStacktrace:\n#0 0x55a80445e19a <unknown>\n#1 0x55a803edbc4b <unknown>\n#2 0x55a803f2d318 <unknown>\n#3 0x55a803f2d551 <unknown>\n#4 0x55a803f7b764 <unknown>\n#5 0x55a803f78bee <unknown>\n#6 0x55a803f1fc42 <unknown>\n#7 0x55a803f208f1 <unknown>\n#8 0x55a804426f39 <unknown>\n#9 0x55a804429e7d <unknown>\n#10 0x55a80440fc81 <unknown>\n#11 0x55a80442aa5b <unknown>\n#12 0x55a8043f6a50 <unknown>\n#13 0x55a80444baa8 <unknown>\n#14 0x55a80444bc79 <unknown>\n#15 0x55a80445d4f3 <unknown>\n#16 0x7f1a2689caa4 <unknown>\n#17 0x7f1a26929c6c <unknown>","time":{"start":1766324452620,"stop":1766324462964,"duration":10344}},{"uid":"584652521473f780","reportUrl":"https://Brain-up.github.io/auto-tests-python/779/#testresult/584652521473f780","status":"skipped","statusDetails":"XFAIL\n\nselenium.common.exceptions.TimeoutException: Message: Can't find element by locator ('xpath', '//div[@class=\"__51e19\"]')\nStacktrace:\n#0 0x564d14ce019a <unknown>\n#1 0x564d1475dc4b <unknown>\n#2 0x564d147af318 <unknown>\n#3 0x564d147af551 <unknown>\n#4 0x564d147fd764 <unknown>\n#5 0x564d147fabee <unknown>\n#6 0x564d147a1c42 <unknown>\n#7 0x564d147a28f1 <unknown>\n#8 0x564d14ca8f39 <unknown>\n#9 0x564d14cabe7d <unknown>\n#10 0x564d14c91c81 <unknown>\n#11 0x564d14caca5b <unknown>\n#12 0x564d14c78a50 <unknown>\n#13 0x564d14ccdaa8 <unknown>\n#14 0x564d14ccdc79 <unknown>\n#15 0x564d14cdf4f3 <unknown>\n#16 0x7f499d09caa4 <unknown>\n#17 0x7f499d129c6c <unknown>","time":{"start":1766230145920,"stop":1766230156242,"duration":10322}},{"uid":"3fc3316470d0b4dd","reportUrl":"https://Brain-up.github.io/auto-tests-python/778/#testresult/3fc3316470d0b4dd","status":"skipped","statusDetails":"XFAIL\n\nselenium.common.exceptions.TimeoutException: Message: Can't find element by locator ('xpath', '//div[@class=\"__51e19\"]')\nStacktrace:\n#0 0x55e68835619a <unknown>\n#1 0x55e687dd3c4b <unknown>\n#2 0x55e687e25318 <unknown>\n#3 0x55e687e25551 <unknown>\n#4 0x55e687e73764 <unknown>\n#5 0x55e687e70bee <unknown>\n#6 0x55e687e17c42 <unknown>\n#7 0x55e687e188f1 <unknown>\n#8 0x55e68831ef39 <unknown>\n#9 0x55e688321e7d <unknown>\n#10 0x55e688307c81 <unknown>\n#11 0x55e688322a5b <unknown>\n#12 0x55e6882eea50 <unknown>\n#13 0x55e688343aa8 <unknown>\n#14 0x55e688343c79 <unknown>\n#15 0x55e6883554f3 <unknown>\n#16 0x7f56d629caa4 <unknown>\n#17 0x7f56d6329c6c <unknown>","time":{"start":1766133813204,"stop":1766133823541,"duration":10337}},{"uid":"b3f87655619773b5","reportUrl":"https://Brain-up.github.io/auto-tests-python/777/#testresult/b3f87655619773b5","status":"skipped","statusDetails":"XFAIL\n\nselenium.common.exceptions.TimeoutException: Message: Can't find element by locator ('xpath', '//div[@class=\"__51e19\"]')\nStacktrace:\n#0 0x55ef634bb19a <unknown>\n#1 0x55ef62f38c4b <unknown>\n#2 0x55ef62f8a318 <unknown>\n#3 0x55ef62f8a551 <unknown>\n#4 0x55ef62fd8764 <unknown>\n#5 0x55ef62fd5bee <unknown>\n#6 0x55ef62f7cc42 <unknown>\n#7 0x55ef62f7d8f1 <unknown>\n#8 0x55ef63483f39 <unknown>\n#9 0x55ef63486e7d <unknown>\n#10 0x55ef6346cc81 <unknown>\n#11 0x55ef63487a5b <unknown>\n#12 0x55ef63453a50 <unknown>\n#13 0x55ef634a8aa8 <unknown>\n#14 0x55ef634a8c79 <unknown>\n#15 0x55ef634ba4f3 <unknown>\n#16 0x7f2240e9caa4 <unknown>\n#17 0x7f2240f29c6c <unknown>","time":{"start":1766052520269,"stop":1766052530615,"duration":10346}},{"uid":"b6ffa3d325982fd0","reportUrl":"https://Brain-up.github.io/auto-tests-python/776/#testresult/b6ffa3d325982fd0","status":"skipped","statusDetails":"XFAIL\n\nselenium.common.exceptions.TimeoutException: Message: Can't find element by locator ('xpath', '//div[@class=\"__51e19\"]')\nStacktrace:\n#0 0x55755efff16a <unknown>\n#1 0x55755ea7cc4b <unknown>\n#2 0x55755eace318 <unknown>\n#3 0x55755eace551 <unknown>\n#4 0x55755eb1c764 <unknown>\n#5 0x55755eb19bee <unknown>\n#6 0x55755eac0c42 <unknown>\n#7 0x55755eac18f1 <unknown>\n#8 0x55755efc7f09 <unknown>\n#9 0x55755efcae4d <unknown>\n#10 0x55755efb0c51 <unknown>\n#11 0x55755efcba2b <unknown>\n#12 0x55755ef97a20 <unknown>\n#13 0x55755efeca78 <unknown>\n#14 0x55755efecc49 <unknown>\n#15 0x55755effe4c3 <unknown>\n#16 0x7f7334e9caa4 <unknown>\n#17 0x7f7334f29c6c <unknown>","time":{"start":1765970395091,"stop":1765970405448,"duration":10357}},{"uid":"e1206c9dd3ce44f2","reportUrl":"https://Brain-up.github.io/auto-tests-python/775/#testresult/e1206c9dd3ce44f2","status":"skipped","statusDetails":"XFAIL\n\nKeyError: 33","time":{"start":1765883610786,"stop":1765883616115,"duration":5329}},{"uid":"310ba05041cba2cf","reportUrl":"https://Brain-up.github.io/auto-tests-python/774/#testresult/310ba05041cba2cf","status":"skipped","statusDetails":"XFAIL\n\nKeyError: 5","time":{"start":1765800474662,"stop":1765800480054,"duration":5392}},{"uid":"1a75d135e35e91e6","reportUrl":"https://Brain-up.github.io/auto-tests-python/773/#testresult/1a75d135e35e91e6","status":"skipped","statusDetails":"XFAIL\n\nselenium.common.exceptions.TimeoutException: Message: Can't find element by locator ('xpath', '//div[@class=\"__51e19\"]')\nStacktrace:\n#0 0x564901fa716a <unknown>\n#1 0x564901a24c4b <unknown>\n#2 0x564901a76318 <unknown>\n#3 0x564901a76551 <unknown>\n#4 0x564901ac4764 <unknown>\n#5 0x564901ac1bee <unknown>\n#6 0x564901a68c42 <unknown>\n#7 0x564901a698f1 <unknown>\n#8 0x564901f6ff09 <unknown>\n#9 0x564901f72e4d <unknown>\n#10 0x564901f58c51 <unknown>\n#11 0x564901f73a2b <unknown>\n#12 0x564901f3fa20 <unknown>\n#13 0x564901f94a78 <unknown>\n#14 0x564901f94c49 <unknown>\n#15 0x564901fa64c3 <unknown>\n#16 0x7f281f29caa4 <unknown>\n#17 0x7f281f329c6c <unknown>","time":{"start":1765737492139,"stop":1765737502486,"duration":10347}},{"uid":"7f11ce33f6e2a28a","reportUrl":"https://Brain-up.github.io/auto-tests-python/772/#testresult/7f11ce33f6e2a28a","status":"skipped","statusDetails":"XFAIL\n\nselenium.common.exceptions.TimeoutException: Message: Can't find element by locator ('xpath', '//div[@class=\"__51e19\"]')\nStacktrace:\n#0 0x55be49a6216a <unknown>\n#1 0x55be494dfc4b <unknown>\n#2 0x55be49531318 <unknown>\n#3 0x55be49531551 <unknown>\n#4 0x55be4957f764 <unknown>\n#5 0x55be4957cbee <unknown>\n#6 0x55be49523c42 <unknown>\n#7 0x55be495248f1 <unknown>\n#8 0x55be49a2af09 <unknown>\n#9 0x55be49a2de4d <unknown>\n#10 0x55be49a13c51 <unknown>\n#11 0x55be49a2ea2b <unknown>\n#12 0x55be499faa20 <unknown>\n#13 0x55be49a4fa78 <unknown>\n#14 0x55be49a4fc49 <unknown>\n#15 0x55be49a614c3 <unknown>\n#16 0x7fb4b669caa4 <unknown>\n#17 0x7fb4b6729c6c <unknown>","time":{"start":1765627024083,"stop":1765627034409,"duration":10326}},{"uid":"a1ca26b4ca2322dc","reportUrl":"https://Brain-up.github.io/auto-tests-python/771/#testresult/a1ca26b4ca2322dc","status":"skipped","statusDetails":"XFAIL\n\nselenium.common.exceptions.TimeoutException: Message: Can't find element by locator ('xpath', '//div[@class=\"__51e19\"]')\nStacktrace:\n#0 0x55746a9fd16a <unknown>\n#1 0x55746a47ac4b <unknown>\n#2 0x55746a4cc318 <unknown>\n#3 0x55746a4cc551 <unknown>\n#4 0x55746a51a764 <unknown>\n#5 0x55746a517bee <unknown>\n#6 0x55746a4bec42 <unknown>\n#7 0x55746a4bf8f1 <unknown>\n#8 0x55746a9c5f09 <unknown>\n#9 0x55746a9c8e4d <unknown>\n#10 0x55746a9aec51 <unknown>\n#11 0x55746a9c9a2b <unknown>\n#12 0x55746a995a20 <unknown>\n#13 0x55746a9eaa78 <unknown>\n#14 0x55746a9eac49 <unknown>\n#15 0x55746a9fc4c3 <unknown>\n#16 0x7f243569caa4 <unknown>\n#17 0x7f2435729c6c <unknown>","time":{"start":1765530190095,"stop":1765530200443,"duration":10348}},{"uid":"eb8551674d55d7ae","reportUrl":"https://Brain-up.github.io/auto-tests-python/770/#testresult/eb8551674d55d7ae","status":"skipped","statusDetails":"XFAIL\n\nselenium.common.exceptions.TimeoutException: Message: Can't find element by locator ('xpath', '//div[@class=\"__51e19\"]')\nStacktrace:\n#0 0x561e435cb16a <unknown>\n#1 0x561e43048c4b <unknown>\n#2 0x561e4309a318 <unknown>\n#3 0x561e4309a551 <unknown>\n#4 0x561e430e8764 <unknown>\n#5 0x561e430e5bee <unknown>\n#6 0x561e4308cc42 <unknown>\n#7 0x561e4308d8f1 <unknown>\n#8 0x561e43593f09 <unknown>\n#9 0x561e43596e4d <unknown>\n#10 0x561e4357cc51 <unknown>\n#11 0x561e43597a2b <unknown>\n#12 0x561e43563a20 <unknown>\n#13 0x561e435b8a78 <unknown>\n#14 0x561e435b8c49 <unknown>\n#15 0x561e435ca4c3 <unknown>\n#16 0x7fe43509caa4 <unknown>\n#17 0x7fe435129c6c <unknown>","time":{"start":1765429308448,"stop":1765429318775,"duration":10327}},{"uid":"58cfe66cbda9c46","reportUrl":"https://Brain-up.github.io/auto-tests-python/769/#testresult/58cfe66cbda9c46","status":"skipped","statusDetails":"XFAIL\n\nselenium.common.exceptions.TimeoutException: Message: Can't find element by locator ('xpath', '//div[@class=\"__51e19\"]')\nStacktrace:\n#0 0x56035ac314ca <unknown>\n#1 0x56035a67fe4b <unknown>\n#2 0x56035a6d2814 <unknown>\n#3 0x56035a6d2a51 <unknown>\n#4 0x56035a721a44 <unknown>\n#5 0x56035a71edf7 <unknown>\n#6 0x56035a6c4c2a <unknown>\n#7 0x56035a6c5931 <unknown>\n#8 0x56035abf7cf9 <unknown>\n#9 0x56035abfacdc <unknown>\n#10 0x56035abe0f79 <unknown>\n#11 0x56035abfb8b5 <unknown>\n#12 0x56035abc89c3 <unknown>\n#13 0x56035ac1e228 <unknown>\n#14 0x56035ac1e403 <unknown>\n#15 0x56035ac30463 <unknown>\n#16 0x7f42f749caa4 <unknown>\n#17 0x7f42f7529c6c <unknown>","time":{"start":1765132004335,"stop":1765132014654,"duration":10319}},{"uid":"7ea9878b0d28c2ae","reportUrl":"https://Brain-up.github.io/auto-tests-python/768/#testresult/7ea9878b0d28c2ae","status":"skipped","statusDetails":"XFAIL\n\nselenium.common.exceptions.TimeoutException: Message: Can't find element by locator ('xpath', '//div[@class=\"__51e19\"]')\nStacktrace:\n#0 0x556e1c1644ca <unknown>\n#1 0x556e1bbb2e4b <unknown>\n#2 0x556e1bc05814 <unknown>\n#3 0x556e1bc05a51 <unknown>\n#4 0x556e1bc54a44 <unknown>\n#5 0x556e1bc51df7 <unknown>\n#6 0x556e1bbf7c2a <unknown>\n#7 0x556e1bbf8931 <unknown>\n#8 0x556e1c12acf9 <unknown>\n#9 0x556e1c12dcdc <unknown>\n#10 0x556e1c113f79 <unknown>\n#11 0x556e1c12e8b5 <unknown>\n#12 0x556e1c0fb9c3 <unknown>\n#13 0x556e1c151228 <unknown>\n#14 0x556e1c151403 <unknown>\n#15 0x556e1c163463 <unknown>\n#16 0x7f8e62c9caa4 <unknown>\n#17 0x7f8e62d29c6c <unknown>","time":{"start":1765023606209,"stop":1765023616567,"duration":10358}},{"uid":"5bc5c88f843082f6","reportUrl":"https://Brain-up.github.io/auto-tests-python/767/#testresult/5bc5c88f843082f6","status":"skipped","statusDetails":"XFAIL\n\nselenium.common.exceptions.TimeoutException: Message: Can't find element by locator ('xpath', '//div[@class=\"__51e19\"]')\nStacktrace:\n#0 0x5592a2b1a4ca <unknown>\n#1 0x5592a2568e4b <unknown>\n#2 0x5592a25bb814 <unknown>\n#3 0x5592a25bba51 <unknown>\n#4 0x5592a260aa44 <unknown>\n#5 0x5592a2607df7 <unknown>\n#6 0x5592a25adc2a <unknown>\n#7 0x5592a25ae931 <unknown>\n#8 0x5592a2ae0cf9 <unknown>\n#9 0x5592a2ae3cdc <unknown>\n#10 0x5592a2ac9f79 <unknown>\n#11 0x5592a2ae48b5 <unknown>\n#12 0x5592a2ab19c3 <unknown>\n#13 0x5592a2b07228 <unknown>\n#14 0x5592a2b07403 <unknown>\n#15 0x5592a2b19463 <unknown>\n#16 0x7fed8a29caa4 <unknown>\n#17 0x7fed8a329c6c <unknown>","time":{"start":1764842786921,"stop":1764842797282,"duration":10361}},{"uid":"a34df43fa23edbe6","reportUrl":"https://Brain-up.github.io/auto-tests-python/766/#testresult/a34df43fa23edbe6","status":"skipped","statusDetails":"XFAIL\n\nselenium.common.exceptions.TimeoutException: Message: Can't find element by locator ('xpath', '//div[@class=\"__51e19\"]')\nStacktrace:\n#0 0x55eb425c04ca <unknown>\n#1 0x55eb4200ee4b <unknown>\n#2 0x55eb42061814 <unknown>\n#3 0x55eb42061a51 <unknown>\n#4 0x55eb420b0a44 <unknown>\n#5 0x55eb420addf7 <unknown>\n#6 0x55eb42053c2a <unknown>\n#7 0x55eb42054931 <unknown>\n#8 0x55eb42586cf9 <unknown>\n#9 0x55eb42589cdc <unknown>\n#10 0x55eb4256ff79 <unknown>\n#11 0x55eb4258a8b5 <unknown>\n#12 0x55eb425579c3 <unknown>\n#13 0x55eb425ad228 <unknown>\n#14 0x55eb425ad403 <unknown>\n#15 0x55eb425bf463 <unknown>\n#16 0x7f1fc4c9caa4 <unknown>\n#17 0x7f1fc4d29c6c <unknown>","time":{"start":1764760324728,"stop":1764760335085,"duration":10357}}]},"tags":["@pytest.mark.xfail"]},"source":"69fb1ccadad5f65d.json","parameterValues":[]}