{"uid":"98c5ab34494d4543","name":"test_gp_04_03_verify_images_alt_en","fullName":"tests.groups_page_test.TestGroupsPageImages#test_gp_04_03_verify_images_alt_en","historyId":"a373199f9dacdec8431781990b53409a","time":{"start":1766833781644,"stop":1766833781644,"duration":0},"status":"broken","statusMessage":"selenium.common.exceptions.TimeoutException: Message: Can't find element by locator https://www.brainup.site/groups","statusTrace":"self = <pages.base_page.BasePage object at 0x7ff06359f8f0>\nurl = 'https://www.brainup.site/groups'\n\n    def check_expected_link(self, url):\n        with allure.step(f'Check url is present: {url}'):\n            try:\n>               return Wait(self.driver, self.timeout).until(\n                    EC.url_to_be(url), message=f\"Can't find element by locator {url}\")\n\npages/base_page.py:80: \n_ _ _ _ _ _ _ _ _ _ _ _ _ _ _ _ _ _ _ _ _ _ _ _ _ _ _ _ _ _ _ _ _ _ _ _ _ _ _ _ \n\nself = <selenium.webdriver.support.wait.WebDriverWait (session=\"2584368619f1049426ceb0769ff8c987\")>\nmethod = <function url_to_be.<locals>._predicate at 0x7ff0635f87c0>\nmessage = \"Can't find element by locator https://www.brainup.site/groups\"\n\n    def until(self, method, message: str = \"\"):\n        \"\"\"Calls the method provided with the driver as an argument until the \\\n        return value does not evaluate to ``False``.\n    \n        :param method: callable(WebDriver)\n        :param message: optional message for :exc:`TimeoutException`\n        :returns: the result of the last call to `method`\n        :raises: :exc:`selenium.common.exceptions.TimeoutException` if timeout occurs\n        \"\"\"\n        screen = None\n        stacktrace = None\n    \n        end_time = time.monotonic() + self._timeout\n        while True:\n            try:\n                value = method(self._driver)\n                if value:\n                    return value\n            except self._ignored_exceptions as exc:\n                screen = getattr(exc, \"screen\", None)\n                stacktrace = getattr(exc, \"stacktrace\", None)\n            time.sleep(self._poll)\n            if time.monotonic() > end_time:\n                break\n>       raise TimeoutException(message, screen, stacktrace)\nE       selenium.common.exceptions.TimeoutException: Message: Can't find element by locator https://www.brainup.site/groups\n\n/opt/hostedtoolcache/Python/3.12.12/x64/lib/python3.12/site-packages/selenium/webdriver/support/wait.py:95: TimeoutException\n\nDuring handling of the above exception, another exception occurred:\n\ndriver = <selenium.webdriver.chrome.webdriver.WebDriver (session=\"2584368619f1049426ceb0769ff8c987\")>\nmain_page_open = None\n\n    @pytest.fixture()\n    @allure.step('Auto test user authorized')\n    def auto_test_user_authorized(driver, main_page_open):\n        page = BasePage(driver)\n        page.element_is_present_and_clickable(MainPageLocators.LOGIN_BUTTON).click()\n        page.element_is_visible(LoginPageLocators.INPUT_LOGIN).send_keys(os.environ[\"LOGIN\"])\n        page.element_is_visible(LoginPageLocators.INPUT_PASSWORD).send_keys(os.environ[\"PASSWORD\"])\n        page.element_is_present_and_clickable(LoginPageLocators.SIGN_IN_BUTTON).click()\n>       page.check_expected_link(MainPageLinks.URL_GROUPS_PAGE)\n\ntests/conftest.py:178: \n_ _ _ _ _ _ _ _ _ _ _ _ _ _ _ _ _ _ _ _ _ _ _ _ _ _ _ _ _ _ _ _ _ _ _ _ _ _ _ _ \npages/base_page.py:84: in check_expected_link\n    return Wait(self.driver, self.timeout).until(\n_ _ _ _ _ _ _ _ _ _ _ _ _ _ _ _ _ _ _ _ _ _ _ _ _ _ _ _ _ _ _ _ _ _ _ _ _ _ _ _ \n\nself = <selenium.webdriver.support.wait.WebDriverWait (session=\"2584368619f1049426ceb0769ff8c987\")>\nmethod = <function url_to_be.<locals>._predicate at 0x7ff0635fbe20>\nmessage = \"Can't find element by locator https://www.brainup.site/groups\"\n\n    def until(self, method, message: str = \"\"):\n        \"\"\"Calls the method provided with the driver as an argument until the \\\n        return value does not evaluate to ``False``.\n    \n        :param method: callable(WebDriver)\n        :param message: optional message for :exc:`TimeoutException`\n        :returns: the result of the last call to `method`\n        :raises: :exc:`selenium.common.exceptions.TimeoutException` if timeout occurs\n        \"\"\"\n        screen = None\n        stacktrace = None\n    \n        end_time = time.monotonic() + self._timeout\n        while True:\n            try:\n                value = method(self._driver)\n                if value:\n                    return value\n            except self._ignored_exceptions as exc:\n                screen = getattr(exc, \"screen\", None)\n                stacktrace = getattr(exc, \"stacktrace\", None)\n            time.sleep(self._poll)\n            if time.monotonic() > end_time:\n                break\n>       raise TimeoutException(message, screen, stacktrace)\nE       selenium.common.exceptions.TimeoutException: Message: Can't find element by locator https://www.brainup.site/groups\n\n/opt/hostedtoolcache/Python/3.12.12/x64/lib/python3.12/site-packages/selenium/webdriver/support/wait.py:95: TimeoutException","flaky":false,"newFailed":false,"newBroken":false,"newPassed":false,"retriesCount":0,"retriesStatusChange":false,"beforeStages":[{"name":"clear_allure_results_folder","time":{"start":1766833119528,"stop":1766833119528,"duration":0},"status":"passed","steps":[],"attachments":[],"parameters":[],"stepsCount":0,"shouldDisplayMessage":false,"attachmentsCount":0,"hasContent":false,"attachmentStep":false},{"name":"driver","time":{"start":1766833781644,"stop":1766833782399,"duration":755},"status":"passed","steps":[],"attachments":[],"parameters":[],"stepsCount":0,"shouldDisplayMessage":false,"attachmentsCount":0,"hasContent":false,"attachmentStep":false},{"name":"main_page_open","time":{"start":1766833782400,"stop":1766833784983,"duration":2583},"status":"passed","steps":[{"name":"Open page: https://www.brainup.site/","time":{"start":1766833782400,"stop":1766833784983,"duration":2583},"status":"passed","steps":[],"attachments":[],"parameters":[{"name":"driver","value":"<selenium.webdriver.chrome.webdriver.WebDriver (session=\"2584368619f1049426ceb0769ff8c987\")>"}],"stepsCount":0,"shouldDisplayMessage":false,"attachmentsCount":0,"hasContent":true,"attachmentStep":false}],"attachments":[],"parameters":[],"stepsCount":1,"shouldDisplayMessage":false,"attachmentsCount":0,"hasContent":true,"attachmentStep":false},{"name":"auto_test_user_authorized","time":{"start":1766833784983,"stop":1766833805505,"duration":20522},"status":"broken","statusMessage":"selenium.common.exceptions.TimeoutException: Message: Can't find element by locator https://www.brainup.site/groups\n\n","statusTrace":"  File \"/opt/hostedtoolcache/Python/3.12.12/x64/lib/python3.12/site-packages/pluggy/_callers.py\", line 38, in run_old_style_hookwrapper\n    res = yield\n          ^^^^^\n  File \"/opt/hostedtoolcache/Python/3.12.12/x64/lib/python3.12/site-packages/pluggy/_callers.py\", line 139, in _multicall\n    teardown.throw(exception)\n  File \"/opt/hostedtoolcache/Python/3.12.12/x64/lib/python3.12/site-packages/pluggy/_callers.py\", line 53, in run_old_style_hookwrapper\n    return result.get_result()\n           ^^^^^^^^^^^^^^^^^^^\n  File \"/opt/hostedtoolcache/Python/3.12.12/x64/lib/python3.12/site-packages/pluggy/_result.py\", line 103, in get_result\n    raise exc.with_traceback(tb)\n  File \"/opt/hostedtoolcache/Python/3.12.12/x64/lib/python3.12/site-packages/pluggy/_callers.py\", line 38, in run_old_style_hookwrapper\n    res = yield\n          ^^^^^\n  File \"/opt/hostedtoolcache/Python/3.12.12/x64/lib/python3.12/site-packages/pluggy/_callers.py\", line 121, in _multicall\n    res = hook_impl.function(*args)\n          ^^^^^^^^^^^^^^^^^^^^^^^^^\n  File \"/opt/hostedtoolcache/Python/3.12.12/x64/lib/python3.12/site-packages/_pytest/fixtures.py\", line 1123, in pytest_fixture_setup\n    result = call_fixture_func(fixturefunc, request, kwargs)\n             ^^^^^^^^^^^^^^^^^^^^^^^^^^^^^^^^^^^^^^^^^^^^^^^\n  File \"/opt/hostedtoolcache/Python/3.12.12/x64/lib/python3.12/site-packages/_pytest/fixtures.py\", line 902, in call_fixture_func\n    fixture_result = fixturefunc(**kwargs)\n                     ^^^^^^^^^^^^^^^^^^^^^\n  File \"/opt/hostedtoolcache/Python/3.12.12/x64/lib/python3.12/site-packages/allure_commons/_allure.py\", line 192, in impl\n    return func(*a, **kw)\n           ^^^^^^^^^^^^^^\n  File \"/home/runner/work/auto-tests-python/auto-tests-python/tests/conftest.py\", line 178, in auto_test_user_authorized\n    page.check_expected_link(MainPageLinks.URL_GROUPS_PAGE)\n  File \"/home/runner/work/auto-tests-python/auto-tests-python/pages/base_page.py\", line 84, in check_expected_link\n    return Wait(self.driver, self.timeout).until(\n           ^^^^^^^^^^^^^^^^^^^^^^^^^^^^^^^^^^^^^^\n  File \"/opt/hostedtoolcache/Python/3.12.12/x64/lib/python3.12/site-packages/selenium/webdriver/support/wait.py\", line 95, in until\n    raise TimeoutException(message, screen, stacktrace)\n","steps":[{"name":"Auto test user authorized","time":{"start":1766833784983,"stop":1766833805505,"duration":20522},"status":"broken","statusMessage":"selenium.common.exceptions.TimeoutException: Message: Can't find element by locator https://www.brainup.site/groups\n\n","statusTrace":"  File \"/opt/hostedtoolcache/Python/3.12.12/x64/lib/python3.12/site-packages/allure_commons/_allure.py\", line 192, in impl\n    return func(*a, **kw)\n           ^^^^^^^^^^^^^^\n  File \"/home/runner/work/auto-tests-python/auto-tests-python/tests/conftest.py\", line 178, in auto_test_user_authorized\n    page.check_expected_link(MainPageLinks.URL_GROUPS_PAGE)\n  File \"/home/runner/work/auto-tests-python/auto-tests-python/pages/base_page.py\", line 84, in check_expected_link\n    return Wait(self.driver, self.timeout).until(\n           ^^^^^^^^^^^^^^^^^^^^^^^^^^^^^^^^^^^^^^\n  File \"/opt/hostedtoolcache/Python/3.12.12/x64/lib/python3.12/site-packages/selenium/webdriver/support/wait.py\", line 95, in until\n    raise TimeoutException(message, screen, stacktrace)\n","steps":[{"name":"Check url is present: https://www.brainup.site/groups","time":{"start":1766833785364,"stop":1766833805504,"duration":20140},"status":"broken","statusMessage":"selenium.common.exceptions.TimeoutException: Message: Can't find element by locator https://www.brainup.site/groups\n\n","statusTrace":"  File \"/home/runner/work/auto-tests-python/auto-tests-python/pages/base_page.py\", line 84, in check_expected_link\n    return Wait(self.driver, self.timeout).until(\n           ^^^^^^^^^^^^^^^^^^^^^^^^^^^^^^^^^^^^^^\n  File \"/opt/hostedtoolcache/Python/3.12.12/x64/lib/python3.12/site-packages/selenium/webdriver/support/wait.py\", line 95, in until\n    raise TimeoutException(message, screen, stacktrace)\n","steps":[],"attachments":[],"parameters":[],"stepsCount":0,"shouldDisplayMessage":true,"attachmentsCount":0,"hasContent":true,"attachmentStep":false}],"attachments":[],"parameters":[{"name":"driver","value":"<selenium.webdriver.chrome.webdriver.WebDriver (session=\"2584368619f1049426ceb0769ff8c987\")>"},{"name":"main_page_open","value":"None"}],"stepsCount":1,"shouldDisplayMessage":false,"attachmentsCount":0,"hasContent":true,"attachmentStep":false}],"attachments":[],"parameters":[],"stepsCount":2,"shouldDisplayMessage":false,"attachmentsCount":0,"hasContent":true,"attachmentStep":false}],"afterStages":[{"name":"driver::0","time":{"start":1766833805550,"stop":1766833805616,"duration":66},"status":"passed","steps":[],"attachments":[],"parameters":[],"stepsCount":0,"shouldDisplayMessage":false,"attachmentsCount":0,"hasContent":false,"attachmentStep":false}],"labels":[{"name":"epic","value":"The Groups Page"},{"name":"parentSuite","value":"tests"},{"name":"suite","value":"groups_page_test"},{"name":"subSuite","value":"TestGroupsPage"},{"name":"host","value":"runnervmh13bl"},{"name":"thread","value":"2597-MainThread"},{"name":"framework","value":"pytest"},{"name":"language","value":"cpython3"},{"name":"package","value":"tests.groups_page_test"},{"name":"resultFormat","value":"allure2"}],"parameters":[],"links":[],"hidden":false,"retry":false,"extra":{"severity":"normal","retries":[],"categories":[{"name":"Test defects","matchedStatuses":[],"flaky":false}],"history":{"statistic":{"failed":0,"broken":7,"skipped":0,"passed":45,"unknown":0,"total":52},"items":[{"uid":"5bcc699468b71fd","reportUrl":"https://Brain-up.github.io/auto-tests-python/785/#testresult/5bcc699468b71fd","status":"broken","statusDetails":"selenium.common.exceptions.TimeoutException: Message: Can't find element by locator https://www.brainup.site/groups","time":{"start":1766752674059,"stop":1766752674059,"duration":0}},{"uid":"6effefc4094e2d7b","reportUrl":"https://Brain-up.github.io/auto-tests-python/784/#testresult/6effefc4094e2d7b","status":"passed","time":{"start":1766688073341,"stop":1766688073365,"duration":24}},{"uid":"fd9c0d75b8eda53b","reportUrl":"https://Brain-up.github.io/auto-tests-python/783/#testresult/fd9c0d75b8eda53b","status":"passed","time":{"start":1766575000538,"stop":1766575000561,"duration":23}},{"uid":"5d6863fce2685689","reportUrl":"https://Brain-up.github.io/auto-tests-python/782/#testresult/5d6863fce2685689","status":"broken","statusDetails":"selenium.common.exceptions.TimeoutException: Message: Can't find element by locator https://www.brainup.site/groups","time":{"start":1766475304490,"stop":1766475304490,"duration":0}},{"uid":"5a2e848e02934b72","reportUrl":"https://Brain-up.github.io/auto-tests-python/781/#testresult/5a2e848e02934b72","status":"broken","statusDetails":"selenium.common.exceptions.TimeoutException: Message: Can't find element by locator https://www.brainup.site/groups","time":{"start":1766401137372,"stop":1766401137372,"duration":0}},{"uid":"7367a6116024d3b2","reportUrl":"https://Brain-up.github.io/auto-tests-python/780/#testresult/7367a6116024d3b2","status":"passed","time":{"start":1766323802784,"stop":1766323802807,"duration":23}},{"uid":"2daeebd031328b32","reportUrl":"https://Brain-up.github.io/auto-tests-python/779/#testresult/2daeebd031328b32","status":"passed","time":{"start":1766229611061,"stop":1766229611086,"duration":25}},{"uid":"cadb6189346b1bdc","reportUrl":"https://Brain-up.github.io/auto-tests-python/778/#testresult/cadb6189346b1bdc","status":"passed","time":{"start":1766133264041,"stop":1766133264065,"duration":24}},{"uid":"70ce60e6bd0dae0f","reportUrl":"https://Brain-up.github.io/auto-tests-python/777/#testresult/70ce60e6bd0dae0f","status":"passed","time":{"start":1766051861279,"stop":1766051861302,"duration":23}},{"uid":"d07f1b87f93de2ee","reportUrl":"https://Brain-up.github.io/auto-tests-python/776/#testresult/d07f1b87f93de2ee","status":"passed","time":{"start":1765969740764,"stop":1765969740789,"duration":25}},{"uid":"8aa40a135e14027d","reportUrl":"https://Brain-up.github.io/auto-tests-python/775/#testresult/8aa40a135e14027d","status":"passed","time":{"start":1765882987242,"stop":1765882987267,"duration":25}},{"uid":"6f02161080bf363a","reportUrl":"https://Brain-up.github.io/auto-tests-python/774/#testresult/6f02161080bf363a","status":"broken","statusDetails":"selenium.common.exceptions.TimeoutException: Message: Can't find element by locator https://www.brainup.site/groups","time":{"start":1765799838851,"stop":1765799838851,"duration":0}},{"uid":"31000372d0a3e622","reportUrl":"https://Brain-up.github.io/auto-tests-python/773/#testresult/31000372d0a3e622","status":"broken","statusDetails":"selenium.common.exceptions.TimeoutException: Message: Can't find element by locator https://www.brainup.site/groups","time":{"start":1765736875110,"stop":1765736875110,"duration":0}},{"uid":"a16941331526bfde","reportUrl":"https://Brain-up.github.io/auto-tests-python/772/#testresult/a16941331526bfde","status":"passed","time":{"start":1765626474254,"stop":1765626474277,"duration":23}},{"uid":"dc558be068f91dcb","reportUrl":"https://Brain-up.github.io/auto-tests-python/771/#testresult/dc558be068f91dcb","status":"broken","statusDetails":"selenium.common.exceptions.TimeoutException: Message: Can't find element by locator https://www.brainup.site/groups","time":{"start":1765529567851,"stop":1765529567851,"duration":0}},{"uid":"8e91b99848b9a405","reportUrl":"https://Brain-up.github.io/auto-tests-python/770/#testresult/8e91b99848b9a405","status":"passed","time":{"start":1765428765359,"stop":1765428765382,"duration":23}},{"uid":"3b5fd6c3a032848b","reportUrl":"https://Brain-up.github.io/auto-tests-python/769/#testresult/3b5fd6c3a032848b","status":"passed","time":{"start":1765131336619,"stop":1765131336641,"duration":22}},{"uid":"a1f93475a06958e","reportUrl":"https://Brain-up.github.io/auto-tests-python/768/#testresult/a1f93475a06958e","status":"passed","time":{"start":1765022937509,"stop":1765022937531,"duration":22}},{"uid":"a51f4d92b556c40a","reportUrl":"https://Brain-up.github.io/auto-tests-python/767/#testresult/a51f4d92b556c40a","status":"passed","time":{"start":1764842211412,"stop":1764842211434,"duration":22}},{"uid":"f96d28b770f5b19e","reportUrl":"https://Brain-up.github.io/auto-tests-python/766/#testresult/f96d28b770f5b19e","status":"passed","time":{"start":1764759762704,"stop":1764759762727,"duration":23}}]},"tags":[]},"source":"98c5ab34494d4543.json","parameterValues":[]}