{"uid":"21e617001f97d67d","name":"Verify presence, visibility and structure of content on the page","fullName":"tests.contributors_page_test.TestContributorsPageStructure#test_cnp_01_01_verify_page_presence_and_visibility","historyId":"8c88035ce350231b478cea9e5f0a51bc","time":{"start":1763119927535,"stop":1763119927535,"duration":0},"status":"broken","statusMessage":"selenium.common.exceptions.TimeoutException: Message: Can't find element by locator ('tag name', 'h2')\nStacktrace:\n#0 0x55a6767edaea <unknown>\n#1 0x55a676239cdb <unknown>\n#2 0x55a67628c6c4 <unknown>\n#3 0x55a67628c901 <unknown>\n#4 0x55a6762db8b4 <unknown>\n#5 0x55a6762d8c87 <unknown>\n#6 0x55a67627eaca <unknown>\n#7 0x55a67627f7d1 <unknown>\n#8 0x55a6767b4ab9 <unknown>\n#9 0x55a6767b7a8c <unknown>\n#10 0x55a67679dd49 <unknown>\n#11 0x55a6767b8685 <unknown>\n#12 0x55a6767856c3 <unknown>\n#13 0x55a6767da7d8 <unknown>\n#14 0x55a6767da9b3 <unknown>\n#15 0x55a6767eca83 <unknown>\n#16 0x7f4a7ca9caa4 <unknown>\n#17 0x7f4a7cb29c6c <unknown>","statusTrace":"driver = <selenium.webdriver.chrome.webdriver.WebDriver (session=\"a83e0b616d54aaa6ee134a629ddc458c\")>\n\n    @pytest.fixture()\n    @allure.step(f'Open page: {MainPageLinks.URL_CONTRIBUTORS_PAGE}')\n    def contributors_page_open(driver):\n        driver.get(MainPageLinks.URL_CONTRIBUTORS_PAGE)\n        page = ContributorsPage(driver)\n>       page.element_is_present(ContributorsPageLocators.PAGE_TITLE)\n\ntests/conftest.py:40: \n_ _ _ _ _ _ _ _ _ _ _ _ _ _ _ _ _ _ _ _ _ _ _ _ _ _ _ _ _ _ _ _ _ _ _ _ _ _ _ _ \npages/base_page.py:32: in element_is_present\n    return Wait(self.driver, self.timeout).until(\n_ _ _ _ _ _ _ _ _ _ _ _ _ _ _ _ _ _ _ _ _ _ _ _ _ _ _ _ _ _ _ _ _ _ _ _ _ _ _ _ \n\nself = <selenium.webdriver.support.wait.WebDriverWait (session=\"a83e0b616d54aaa6ee134a629ddc458c\")>\nmethod = <function presence_of_element_located.<locals>._predicate at 0x7f4b3f5cae80>\nmessage = \"Can't find element by locator ('tag name', 'h2')\"\n\n    def until(self, method, message: str = \"\"):\n        \"\"\"Calls the method provided with the driver as an argument until the \\\n        return value does not evaluate to ``False``.\n    \n        :param method: callable(WebDriver)\n        :param message: optional message for :exc:`TimeoutException`\n        :returns: the result of the last call to `method`\n        :raises: :exc:`selenium.common.exceptions.TimeoutException` if timeout occurs\n        \"\"\"\n        screen = None\n        stacktrace = None\n    \n        end_time = time.monotonic() + self._timeout\n        while True:\n            try:\n                value = method(self._driver)\n                if value:\n                    return value\n            except self._ignored_exceptions as exc:\n                screen = getattr(exc, \"screen\", None)\n                stacktrace = getattr(exc, \"stacktrace\", None)\n            time.sleep(self._poll)\n            if time.monotonic() > end_time:\n                break\n>       raise TimeoutException(message, screen, stacktrace)\nE       selenium.common.exceptions.TimeoutException: Message: Can't find element by locator ('tag name', 'h2')\nE       Stacktrace:\nE       #0 0x55a6767edaea <unknown>\nE       #1 0x55a676239cdb <unknown>\nE       #2 0x55a67628c6c4 <unknown>\nE       #3 0x55a67628c901 <unknown>\nE       #4 0x55a6762db8b4 <unknown>\nE       #5 0x55a6762d8c87 <unknown>\nE       #6 0x55a67627eaca <unknown>\nE       #7 0x55a67627f7d1 <unknown>\nE       #8 0x55a6767b4ab9 <unknown>\nE       #9 0x55a6767b7a8c <unknown>\nE       #10 0x55a67679dd49 <unknown>\nE       #11 0x55a6767b8685 <unknown>\nE       #12 0x55a6767856c3 <unknown>\nE       #13 0x55a6767da7d8 <unknown>\nE       #14 0x55a6767da9b3 <unknown>\nE       #15 0x55a6767eca83 <unknown>\nE       #16 0x7f4a7ca9caa4 <unknown>\nE       #17 0x7f4a7cb29c6c <unknown>\n\n/opt/hostedtoolcache/Python/3.12.12/x64/lib/python3.12/site-packages/selenium/webdriver/support/wait.py:95: TimeoutException","flaky":false,"newFailed":false,"newBroken":true,"newPassed":false,"retriesCount":0,"retriesStatusChange":false,"beforeStages":[{"name":"clear_allure_results_folder","time":{"start":1763119868427,"stop":1763119868427,"duration":0},"status":"passed","steps":[],"attachments":[],"parameters":[],"stepsCount":0,"shouldDisplayMessage":false,"attachmentsCount":0,"hasContent":false,"attachmentStep":false},{"name":"driver","time":{"start":1763119927536,"stop":1763119928290,"duration":754},"status":"passed","steps":[],"attachments":[],"parameters":[],"stepsCount":0,"shouldDisplayMessage":false,"attachmentsCount":0,"hasContent":false,"attachmentStep":false},{"name":"contributors_page_open","time":{"start":1763119928290,"stop":1763119941089,"duration":12799},"status":"broken","statusMessage":"selenium.common.exceptions.TimeoutException: Message: Can't find element by locator ('tag name', 'h2')\nStacktrace:\n#0 0x55a6767edaea <unknown>\n#1 0x55a676239cdb <unknown>\n#2 0x55a67628c6c4 <unknown>\n#3 0x55a67628c901 <unknown>\n#4 0x55a6762db8b4 <unknown>\n#5 0x55a6762d8c87 <unknown>\n#6 0x55a67627eaca <unknown>\n#7 0x55a67627f7d1 <unknown>\n#8 0x55a6767b4ab9 <unknown>\n#9 0x55a6767b7a8c <unknown>\n#10 0x55a67679dd49 <unknown>\n#11 0x55a6767b8685 <unknown>\n#12 0x55a6767856c3 <unknown>\n#13 0x55a6767da7d8 <unknown>\n#14 0x55a6767da9b3 <unknown>\n#15 0x55a6767eca83 <unknown>\n#16 0x7f4a7ca9caa4 <unknown>\n#17 0x7f4a7cb29c6c <unknown>\n\n","statusTrace":"  File \"/opt/hostedtoolcache/Python/3.12.12/x64/lib/python3.12/site-packages/pluggy/_callers.py\", line 38, in run_old_style_hookwrapper\n    res = yield\n          ^^^^^\n  File \"/opt/hostedtoolcache/Python/3.12.12/x64/lib/python3.12/site-packages/pluggy/_callers.py\", line 139, in _multicall\n    teardown.throw(exception)\n  File \"/opt/hostedtoolcache/Python/3.12.12/x64/lib/python3.12/site-packages/pluggy/_callers.py\", line 53, in run_old_style_hookwrapper\n    return result.get_result()\n           ^^^^^^^^^^^^^^^^^^^\n  File \"/opt/hostedtoolcache/Python/3.12.12/x64/lib/python3.12/site-packages/pluggy/_result.py\", line 103, in get_result\n    raise exc.with_traceback(tb)\n  File \"/opt/hostedtoolcache/Python/3.12.12/x64/lib/python3.12/site-packages/pluggy/_callers.py\", line 38, in run_old_style_hookwrapper\n    res = yield\n          ^^^^^\n  File \"/opt/hostedtoolcache/Python/3.12.12/x64/lib/python3.12/site-packages/pluggy/_callers.py\", line 121, in _multicall\n    res = hook_impl.function(*args)\n          ^^^^^^^^^^^^^^^^^^^^^^^^^\n  File \"/opt/hostedtoolcache/Python/3.12.12/x64/lib/python3.12/site-packages/_pytest/fixtures.py\", line 1123, in pytest_fixture_setup\n    result = call_fixture_func(fixturefunc, request, kwargs)\n             ^^^^^^^^^^^^^^^^^^^^^^^^^^^^^^^^^^^^^^^^^^^^^^^\n  File \"/opt/hostedtoolcache/Python/3.12.12/x64/lib/python3.12/site-packages/_pytest/fixtures.py\", line 902, in call_fixture_func\n    fixture_result = fixturefunc(**kwargs)\n                     ^^^^^^^^^^^^^^^^^^^^^\n  File \"/opt/hostedtoolcache/Python/3.12.12/x64/lib/python3.12/site-packages/allure_commons/_allure.py\", line 192, in impl\n    return func(*a, **kw)\n           ^^^^^^^^^^^^^^\n  File \"/home/runner/work/auto-tests-python/auto-tests-python/tests/conftest.py\", line 40, in contributors_page_open\n    page.element_is_present(ContributorsPageLocators.PAGE_TITLE)\n  File \"/home/runner/work/auto-tests-python/auto-tests-python/pages/base_page.py\", line 32, in element_is_present\n    return Wait(self.driver, self.timeout).until(\n           ^^^^^^^^^^^^^^^^^^^^^^^^^^^^^^^^^^^^^^\n  File \"/opt/hostedtoolcache/Python/3.12.12/x64/lib/python3.12/site-packages/selenium/webdriver/support/wait.py\", line 95, in until\n    raise TimeoutException(message, screen, stacktrace)\n","steps":[{"name":"Open page: https://www.brainup.site/contributors","time":{"start":1763119928290,"stop":1763119941088,"duration":12798},"status":"broken","statusMessage":"selenium.common.exceptions.TimeoutException: Message: Can't find element by locator ('tag name', 'h2')\nStacktrace:\n#0 0x55a6767edaea <unknown>\n#1 0x55a676239cdb <unknown>\n#2 0x55a67628c6c4 <unknown>\n#3 0x55a67628c901 <unknown>\n#4 0x55a6762db8b4 <unknown>\n#5 0x55a6762d8c87 <unknown>\n#6 0x55a67627eaca <unknown>\n#7 0x55a67627f7d1 <unknown>\n#8 0x55a6767b4ab9 <unknown>\n#9 0x55a6767b7a8c <unknown>\n#10 0x55a67679dd49 <unknown>\n#11 0x55a6767b8685 <unknown>\n#12 0x55a6767856c3 <unknown>\n#13 0x55a6767da7d8 <unknown>\n#14 0x55a6767da9b3 <unknown>\n#15 0x55a6767eca83 <unknown>\n#16 0x7f4a7ca9caa4 <unknown>\n#17 0x7f4a7cb29c6c <unknown>\n\n","statusTrace":"  File \"/opt/hostedtoolcache/Python/3.12.12/x64/lib/python3.12/site-packages/allure_commons/_allure.py\", line 192, in impl\n    return func(*a, **kw)\n           ^^^^^^^^^^^^^^\n  File \"/home/runner/work/auto-tests-python/auto-tests-python/tests/conftest.py\", line 40, in contributors_page_open\n    page.element_is_present(ContributorsPageLocators.PAGE_TITLE)\n  File \"/home/runner/work/auto-tests-python/auto-tests-python/pages/base_page.py\", line 32, in element_is_present\n    return Wait(self.driver, self.timeout).until(\n           ^^^^^^^^^^^^^^^^^^^^^^^^^^^^^^^^^^^^^^\n  File \"/opt/hostedtoolcache/Python/3.12.12/x64/lib/python3.12/site-packages/selenium/webdriver/support/wait.py\", line 95, in until\n    raise TimeoutException(message, screen, stacktrace)\n","steps":[],"attachments":[],"parameters":[{"name":"driver","value":"<selenium.webdriver.chrome.webdriver.WebDriver (session=\"a83e0b616d54aaa6ee134a629ddc458c\")>"}],"stepsCount":0,"shouldDisplayMessage":true,"attachmentsCount":0,"hasContent":true,"attachmentStep":false}],"attachments":[],"parameters":[],"stepsCount":1,"shouldDisplayMessage":false,"attachmentsCount":0,"hasContent":true,"attachmentStep":false}],"afterStages":[{"name":"driver::0","time":{"start":1763119941130,"stop":1763119941197,"duration":67},"status":"passed","steps":[],"attachments":[],"parameters":[],"stepsCount":0,"shouldDisplayMessage":false,"attachmentsCount":0,"hasContent":false,"attachmentStep":false}],"labels":[{"name":"epic","value":"The Contributors Page"},{"name":"parentSuite","value":"tests"},{"name":"suite","value":"contributors_page_test"},{"name":"subSuite","value":"TestContributorsPage"},{"name":"host","value":"runnervmw9dnm"},{"name":"thread","value":"2561-MainThread"},{"name":"framework","value":"pytest"},{"name":"language","value":"cpython3"},{"name":"package","value":"tests.contributors_page_test"},{"name":"resultFormat","value":"allure2"}],"parameters":[],"links":[],"hidden":false,"retry":false,"extra":{"severity":"normal","retries":[],"categories":[{"name":"Test defects","matchedStatuses":[],"flaky":false}],"history":{"statistic":{"failed":0,"broken":1,"skipped":0,"passed":13,"unknown":0,"total":14},"items":[{"uid":"3f832e064e24a2b2","reportUrl":"https://Brain-up.github.io/auto-tests-python/747/#testresult/3f832e064e24a2b2","status":"passed","time":{"start":1763038114835,"stop":1763038114877,"duration":42}},{"uid":"567b8fcc2603a875","reportUrl":"https://Brain-up.github.io/auto-tests-python/746/#testresult/567b8fcc2603a875","status":"passed","time":{"start":1762955145324,"stop":1762955145390,"duration":66}},{"uid":"9b1c6ebced3f2e3c","reportUrl":"https://Brain-up.github.io/auto-tests-python/745/#testresult/9b1c6ebced3f2e3c","status":"passed","time":{"start":1762850815236,"stop":1762850815298,"duration":62}},{"uid":"421c618121c7b679","reportUrl":"https://Brain-up.github.io/auto-tests-python/744/#testresult/421c618121c7b679","status":"passed","time":{"start":1762771480974,"stop":1762771481014,"duration":40}},{"uid":"cb1bb7a9c265983a","reportUrl":"https://Brain-up.github.io/auto-tests-python/743/#testresult/cb1bb7a9c265983a","status":"passed","time":{"start":1762679219986,"stop":1762679220052,"duration":66}},{"uid":"3253c5986c3df4","reportUrl":"https://Brain-up.github.io/auto-tests-python/742/#testresult/3253c5986c3df4","status":"passed","time":{"start":1762595813633,"stop":1762595813678,"duration":45}},{"uid":"c99dad59c7cb2580","reportUrl":"https://Brain-up.github.io/auto-tests-python/741/#testresult/c99dad59c7cb2580","status":"passed","time":{"start":1762512025720,"stop":1762512025764,"duration":44}},{"uid":"f217572616b0788d","reportUrl":"https://Brain-up.github.io/auto-tests-python/740/#testresult/f217572616b0788d","status":"passed","time":{"start":1762425471969,"stop":1762425472004,"duration":35}},{"uid":"e8688fffd0594a24","reportUrl":"https://Brain-up.github.io/auto-tests-python/739/#testresult/e8688fffd0594a24","status":"passed","time":{"start":1762339655025,"stop":1762339655078,"duration":53}},{"uid":"f0e70214f3c6594e","reportUrl":"https://Brain-up.github.io/auto-tests-python/738/#testresult/f0e70214f3c6594e","status":"passed","time":{"start":1762336719062,"stop":1762336719102,"duration":40}},{"uid":"d8e307b120397efd","reportUrl":"https://Brain-up.github.io/auto-tests-python/737/#testresult/d8e307b120397efd","status":"passed","time":{"start":1762336483042,"stop":1762336483085,"duration":43}},{"uid":"826ce787c5522547","reportUrl":"https://Brain-up.github.io/auto-tests-python/2/#testresult/826ce787c5522547","status":"passed","time":{"start":1762336545437,"stop":1762336545478,"duration":41}},{"uid":"f9d19c0af07de029","reportUrl":"https://Brain-up.github.io/auto-tests-python/736/#testresult/f9d19c0af07de029","status":"passed","time":{"start":1762336070096,"stop":1762336070136,"duration":40}}]},"tags":[]},"source":"21e617001f97d67d.json","parameterValues":[]}