{"uid":"e6b69640b3d212c9","name":"Verify the composition and visibility of elements \n        on the 1st-5th levels of nesting on the page","fullName":"tests.contributors_page_test.TestContributorsPageStructure#test_cnp_01_02_verify_page_structure_and_visibility","historyId":"9ca54c8d8cdc45fbc8bcf511fbf33f3b","time":{"start":1763119941199,"stop":1763119941199,"duration":0},"status":"broken","statusMessage":"selenium.common.exceptions.TimeoutException: Message: Can't find element by locator ('tag name', 'h2')\nStacktrace:\n#0 0x55ee1d437aea <unknown>\n#1 0x55ee1ce83cdb <unknown>\n#2 0x55ee1ced66c4 <unknown>\n#3 0x55ee1ced6901 <unknown>\n#4 0x55ee1cf258b4 <unknown>\n#5 0x55ee1cf22c87 <unknown>\n#6 0x55ee1cec8aca <unknown>\n#7 0x55ee1cec97d1 <unknown>\n#8 0x55ee1d3feab9 <unknown>\n#9 0x55ee1d401a8c <unknown>\n#10 0x55ee1d3e7d49 <unknown>\n#11 0x55ee1d402685 <unknown>\n#12 0x55ee1d3cf6c3 <unknown>\n#13 0x55ee1d4247d8 <unknown>\n#14 0x55ee1d4249b3 <unknown>\n#15 0x55ee1d436a83 <unknown>\n#16 0x7f05b309caa4 <unknown>\n#17 0x7f05b3129c6c <unknown>","statusTrace":"driver = <selenium.webdriver.chrome.webdriver.WebDriver (session=\"82127315ef00841d2a462237f08326ef\")>\n\n    @pytest.fixture()\n    @allure.step(f'Open page: {MainPageLinks.URL_CONTRIBUTORS_PAGE}')\n    def contributors_page_open(driver):\n        driver.get(MainPageLinks.URL_CONTRIBUTORS_PAGE)\n        page = ContributorsPage(driver)\n>       page.element_is_present(ContributorsPageLocators.PAGE_TITLE)\n\ntests/conftest.py:40: \n_ _ _ _ _ _ _ _ _ _ _ _ _ _ _ _ _ _ _ _ _ _ _ _ _ _ _ _ _ _ _ _ _ _ _ _ _ _ _ _ \npages/base_page.py:32: in element_is_present\n    return Wait(self.driver, self.timeout).until(\n_ _ _ _ _ _ _ _ _ _ _ _ _ _ _ _ _ _ _ _ _ _ _ _ _ _ _ _ _ _ _ _ _ _ _ _ _ _ _ _ \n\nself = <selenium.webdriver.support.wait.WebDriverWait (session=\"82127315ef00841d2a462237f08326ef\")>\nmethod = <function presence_of_element_located.<locals>._predicate at 0x7f4b3f3694e0>\nmessage = \"Can't find element by locator ('tag name', 'h2')\"\n\n    def until(self, method, message: str = \"\"):\n        \"\"\"Calls the method provided with the driver as an argument until the \\\n        return value does not evaluate to ``False``.\n    \n        :param method: callable(WebDriver)\n        :param message: optional message for :exc:`TimeoutException`\n        :returns: the result of the last call to `method`\n        :raises: :exc:`selenium.common.exceptions.TimeoutException` if timeout occurs\n        \"\"\"\n        screen = None\n        stacktrace = None\n    \n        end_time = time.monotonic() + self._timeout\n        while True:\n            try:\n                value = method(self._driver)\n                if value:\n                    return value\n            except self._ignored_exceptions as exc:\n                screen = getattr(exc, \"screen\", None)\n                stacktrace = getattr(exc, \"stacktrace\", None)\n            time.sleep(self._poll)\n            if time.monotonic() > end_time:\n                break\n>       raise TimeoutException(message, screen, stacktrace)\nE       selenium.common.exceptions.TimeoutException: Message: Can't find element by locator ('tag name', 'h2')\nE       Stacktrace:\nE       #0 0x55ee1d437aea <unknown>\nE       #1 0x55ee1ce83cdb <unknown>\nE       #2 0x55ee1ced66c4 <unknown>\nE       #3 0x55ee1ced6901 <unknown>\nE       #4 0x55ee1cf258b4 <unknown>\nE       #5 0x55ee1cf22c87 <unknown>\nE       #6 0x55ee1cec8aca <unknown>\nE       #7 0x55ee1cec97d1 <unknown>\nE       #8 0x55ee1d3feab9 <unknown>\nE       #9 0x55ee1d401a8c <unknown>\nE       #10 0x55ee1d3e7d49 <unknown>\nE       #11 0x55ee1d402685 <unknown>\nE       #12 0x55ee1d3cf6c3 <unknown>\nE       #13 0x55ee1d4247d8 <unknown>\nE       #14 0x55ee1d4249b3 <unknown>\nE       #15 0x55ee1d436a83 <unknown>\nE       #16 0x7f05b309caa4 <unknown>\nE       #17 0x7f05b3129c6c <unknown>\n\n/opt/hostedtoolcache/Python/3.12.12/x64/lib/python3.12/site-packages/selenium/webdriver/support/wait.py:95: TimeoutException","flaky":false,"newFailed":false,"newBroken":true,"newPassed":false,"retriesCount":0,"retriesStatusChange":false,"beforeStages":[{"name":"clear_allure_results_folder","time":{"start":1763119868427,"stop":1763119868427,"duration":0},"status":"passed","steps":[],"attachments":[],"parameters":[],"stepsCount":0,"shouldDisplayMessage":false,"attachmentsCount":0,"hasContent":false,"attachmentStep":false},{"name":"driver","time":{"start":1763119941199,"stop":1763119941962,"duration":763},"status":"passed","steps":[],"attachments":[],"parameters":[],"stepsCount":0,"shouldDisplayMessage":false,"attachmentsCount":0,"hasContent":false,"attachmentStep":false},{"name":"contributors_page_open","time":{"start":1763119941962,"stop":1763119954852,"duration":12890},"status":"broken","statusMessage":"selenium.common.exceptions.TimeoutException: Message: Can't find element by locator ('tag name', 'h2')\nStacktrace:\n#0 0x55ee1d437aea <unknown>\n#1 0x55ee1ce83cdb <unknown>\n#2 0x55ee1ced66c4 <unknown>\n#3 0x55ee1ced6901 <unknown>\n#4 0x55ee1cf258b4 <unknown>\n#5 0x55ee1cf22c87 <unknown>\n#6 0x55ee1cec8aca <unknown>\n#7 0x55ee1cec97d1 <unknown>\n#8 0x55ee1d3feab9 <unknown>\n#9 0x55ee1d401a8c <unknown>\n#10 0x55ee1d3e7d49 <unknown>\n#11 0x55ee1d402685 <unknown>\n#12 0x55ee1d3cf6c3 <unknown>\n#13 0x55ee1d4247d8 <unknown>\n#14 0x55ee1d4249b3 <unknown>\n#15 0x55ee1d436a83 <unknown>\n#16 0x7f05b309caa4 <unknown>\n#17 0x7f05b3129c6c <unknown>\n\n","statusTrace":"  File \"/opt/hostedtoolcache/Python/3.12.12/x64/lib/python3.12/site-packages/pluggy/_callers.py\", line 38, in run_old_style_hookwrapper\n    res = yield\n          ^^^^^\n  File \"/opt/hostedtoolcache/Python/3.12.12/x64/lib/python3.12/site-packages/pluggy/_callers.py\", line 139, in _multicall\n    teardown.throw(exception)\n  File \"/opt/hostedtoolcache/Python/3.12.12/x64/lib/python3.12/site-packages/pluggy/_callers.py\", line 53, in run_old_style_hookwrapper\n    return result.get_result()\n           ^^^^^^^^^^^^^^^^^^^\n  File \"/opt/hostedtoolcache/Python/3.12.12/x64/lib/python3.12/site-packages/pluggy/_result.py\", line 103, in get_result\n    raise exc.with_traceback(tb)\n  File \"/opt/hostedtoolcache/Python/3.12.12/x64/lib/python3.12/site-packages/pluggy/_callers.py\", line 38, in run_old_style_hookwrapper\n    res = yield\n          ^^^^^\n  File \"/opt/hostedtoolcache/Python/3.12.12/x64/lib/python3.12/site-packages/pluggy/_callers.py\", line 121, in _multicall\n    res = hook_impl.function(*args)\n          ^^^^^^^^^^^^^^^^^^^^^^^^^\n  File \"/opt/hostedtoolcache/Python/3.12.12/x64/lib/python3.12/site-packages/_pytest/fixtures.py\", line 1123, in pytest_fixture_setup\n    result = call_fixture_func(fixturefunc, request, kwargs)\n             ^^^^^^^^^^^^^^^^^^^^^^^^^^^^^^^^^^^^^^^^^^^^^^^\n  File \"/opt/hostedtoolcache/Python/3.12.12/x64/lib/python3.12/site-packages/_pytest/fixtures.py\", line 902, in call_fixture_func\n    fixture_result = fixturefunc(**kwargs)\n                     ^^^^^^^^^^^^^^^^^^^^^\n  File \"/opt/hostedtoolcache/Python/3.12.12/x64/lib/python3.12/site-packages/allure_commons/_allure.py\", line 192, in impl\n    return func(*a, **kw)\n           ^^^^^^^^^^^^^^\n  File \"/home/runner/work/auto-tests-python/auto-tests-python/tests/conftest.py\", line 40, in contributors_page_open\n    page.element_is_present(ContributorsPageLocators.PAGE_TITLE)\n  File \"/home/runner/work/auto-tests-python/auto-tests-python/pages/base_page.py\", line 32, in element_is_present\n    return Wait(self.driver, self.timeout).until(\n           ^^^^^^^^^^^^^^^^^^^^^^^^^^^^^^^^^^^^^^\n  File \"/opt/hostedtoolcache/Python/3.12.12/x64/lib/python3.12/site-packages/selenium/webdriver/support/wait.py\", line 95, in until\n    raise TimeoutException(message, screen, stacktrace)\n","steps":[{"name":"Open page: https://www.brainup.site/contributors","time":{"start":1763119941962,"stop":1763119954852,"duration":12890},"status":"broken","statusMessage":"selenium.common.exceptions.TimeoutException: Message: Can't find element by locator ('tag name', 'h2')\nStacktrace:\n#0 0x55ee1d437aea <unknown>\n#1 0x55ee1ce83cdb <unknown>\n#2 0x55ee1ced66c4 <unknown>\n#3 0x55ee1ced6901 <unknown>\n#4 0x55ee1cf258b4 <unknown>\n#5 0x55ee1cf22c87 <unknown>\n#6 0x55ee1cec8aca <unknown>\n#7 0x55ee1cec97d1 <unknown>\n#8 0x55ee1d3feab9 <unknown>\n#9 0x55ee1d401a8c <unknown>\n#10 0x55ee1d3e7d49 <unknown>\n#11 0x55ee1d402685 <unknown>\n#12 0x55ee1d3cf6c3 <unknown>\n#13 0x55ee1d4247d8 <unknown>\n#14 0x55ee1d4249b3 <unknown>\n#15 0x55ee1d436a83 <unknown>\n#16 0x7f05b309caa4 <unknown>\n#17 0x7f05b3129c6c <unknown>\n\n","statusTrace":"  File \"/opt/hostedtoolcache/Python/3.12.12/x64/lib/python3.12/site-packages/allure_commons/_allure.py\", line 192, in impl\n    return func(*a, **kw)\n           ^^^^^^^^^^^^^^\n  File \"/home/runner/work/auto-tests-python/auto-tests-python/tests/conftest.py\", line 40, in contributors_page_open\n    page.element_is_present(ContributorsPageLocators.PAGE_TITLE)\n  File \"/home/runner/work/auto-tests-python/auto-tests-python/pages/base_page.py\", line 32, in element_is_present\n    return Wait(self.driver, self.timeout).until(\n           ^^^^^^^^^^^^^^^^^^^^^^^^^^^^^^^^^^^^^^\n  File \"/opt/hostedtoolcache/Python/3.12.12/x64/lib/python3.12/site-packages/selenium/webdriver/support/wait.py\", line 95, in until\n    raise TimeoutException(message, screen, stacktrace)\n","steps":[],"attachments":[],"parameters":[{"name":"driver","value":"<selenium.webdriver.chrome.webdriver.WebDriver (session=\"82127315ef00841d2a462237f08326ef\")>"}],"stepsCount":0,"shouldDisplayMessage":true,"attachmentsCount":0,"hasContent":true,"attachmentStep":false}],"attachments":[],"parameters":[],"stepsCount":1,"shouldDisplayMessage":false,"attachmentsCount":0,"hasContent":true,"attachmentStep":false}],"afterStages":[{"name":"driver::0","time":{"start":1763119954866,"stop":1763119954931,"duration":65},"status":"passed","steps":[],"attachments":[],"parameters":[],"stepsCount":0,"shouldDisplayMessage":false,"attachmentsCount":0,"hasContent":false,"attachmentStep":false}],"labels":[{"name":"epic","value":"The Contributors Page"},{"name":"parentSuite","value":"tests"},{"name":"suite","value":"contributors_page_test"},{"name":"subSuite","value":"TestContributorsPage"},{"name":"host","value":"runnervmw9dnm"},{"name":"thread","value":"2561-MainThread"},{"name":"framework","value":"pytest"},{"name":"language","value":"cpython3"},{"name":"package","value":"tests.contributors_page_test"},{"name":"resultFormat","value":"allure2"}],"parameters":[],"links":[],"hidden":false,"retry":false,"extra":{"severity":"normal","retries":[],"categories":[{"name":"Test defects","matchedStatuses":[],"flaky":false}],"history":{"statistic":{"failed":0,"broken":1,"skipped":0,"passed":13,"unknown":0,"total":14},"items":[{"uid":"e49b9975c2cf4ec3","reportUrl":"https://Brain-up.github.io/auto-tests-python/747/#testresult/e49b9975c2cf4ec3","status":"passed","time":{"start":1763038119368,"stop":1763038121148,"duration":1780}},{"uid":"6e8da39644fc0fe4","reportUrl":"https://Brain-up.github.io/auto-tests-python/746/#testresult/6e8da39644fc0fe4","status":"passed","time":{"start":1762955148708,"stop":1762955150513,"duration":1805}},{"uid":"908050d70294e9e","reportUrl":"https://Brain-up.github.io/auto-tests-python/745/#testresult/908050d70294e9e","status":"passed","time":{"start":1762850818935,"stop":1762850820777,"duration":1842}},{"uid":"c5160a190397a011","reportUrl":"https://Brain-up.github.io/auto-tests-python/744/#testresult/c5160a190397a011","status":"passed","time":{"start":1762771485440,"stop":1762771487299,"duration":1859}},{"uid":"5b9e366d956b7049","reportUrl":"https://Brain-up.github.io/auto-tests-python/743/#testresult/5b9e366d956b7049","status":"passed","time":{"start":1762679223778,"stop":1762679225573,"duration":1795}},{"uid":"6c816a86e0aceb82","reportUrl":"https://Brain-up.github.io/auto-tests-python/742/#testresult/6c816a86e0aceb82","status":"passed","time":{"start":1762595818366,"stop":1762595820271,"duration":1905}},{"uid":"ee8bd1dbef18101b","reportUrl":"https://Brain-up.github.io/auto-tests-python/741/#testresult/ee8bd1dbef18101b","status":"passed","time":{"start":1762512029990,"stop":1762512031854,"duration":1864}},{"uid":"27c3e513a6a0db14","reportUrl":"https://Brain-up.github.io/auto-tests-python/740/#testresult/27c3e513a6a0db14","status":"passed","time":{"start":1762425476189,"stop":1762425478084,"duration":1895}},{"uid":"38790f951d42fff6","reportUrl":"https://Brain-up.github.io/auto-tests-python/739/#testresult/38790f951d42fff6","status":"passed","time":{"start":1762339660290,"stop":1762339662126,"duration":1836}},{"uid":"3334b4d0c9f274a9","reportUrl":"https://Brain-up.github.io/auto-tests-python/738/#testresult/3334b4d0c9f274a9","status":"passed","time":{"start":1762336723501,"stop":1762336725289,"duration":1788}},{"uid":"277691bd83b695cd","reportUrl":"https://Brain-up.github.io/auto-tests-python/737/#testresult/277691bd83b695cd","status":"passed","time":{"start":1762336487344,"stop":1762336489191,"duration":1847}},{"uid":"dcc32160056e8a90","reportUrl":"https://Brain-up.github.io/auto-tests-python/2/#testresult/dcc32160056e8a90","status":"passed","time":{"start":1762336549255,"stop":1762336551035,"duration":1780}},{"uid":"7cf258fa06bd0af2","reportUrl":"https://Brain-up.github.io/auto-tests-python/736/#testresult/7cf258fa06bd0af2","status":"passed","time":{"start":1762336073880,"stop":1762336075675,"duration":1795}}]},"tags":[]},"source":"e6b69640b3d212c9.json","parameterValues":[]}