{"uid":"24957e0dae1644bc","name":"Check statistic table.","fullName":"tests.test_speech_exercises_ru.TestCardsRU#test_get_statistic_data","historyId":"15df626f86a935fbcd917f7ea4002a26","time":{"start":1766475924569,"stop":1766475934801,"duration":10232},"status":"skipped","statusMessage":"XFAIL\n\nselenium.common.exceptions.TimeoutException: Message: Can't find element by locator ('xpath', '//div[@class=\"__51e19\"]')\nStacktrace:\n#0 0x55a50999e19a <unknown>\n#1 0x55a50941bc4b <unknown>\n#2 0x55a50946d318 <unknown>\n#3 0x55a50946d551 <unknown>\n#4 0x55a5094bb764 <unknown>\n#5 0x55a5094b8bee <unknown>\n#6 0x55a50945fc42 <unknown>\n#7 0x55a5094608f1 <unknown>\n#8 0x55a509966f39 <unknown>\n#9 0x55a509969e7d <unknown>\n#10 0x55a50994fc81 <unknown>\n#11 0x55a50996aa5b <unknown>\n#12 0x55a509936a50 <unknown>\n#13 0x55a50998baa8 <unknown>\n#14 0x55a50998bc79 <unknown>\n#15 0x55a50999d4f3 <unknown>\n#16 0x7fe4c509caa4 <unknown>\n#17 0x7fe4c5129c6c <unknown>","statusTrace":"self = <tests.test_speech_exercises_ru.TestCardsRU object at 0x7f7e6c06b140>\ndriver = <selenium.webdriver.chrome.webdriver.WebDriver (session=\"a85ca1914571506d4704990b071f4f6e\")>\ndefault_user_authorized = None\n\n    @pytest.mark.xfail\n    @allure.suite('Statistic.')\n    @allure.title('Check statistic table.')\n    def test_get_statistic_data(self, driver, default_user_authorized):\n        page = SpeechExercisesPageRU(driver)\n>       table = page.get_statistic_data()\n\ntests/test_speech_exercises_ru.py:192: \n_ _ _ _ _ _ _ _ _ _ _ _ _ _ _ _ _ _ _ _ _ _ _ _ _ _ _ _ _ _ _ _ _ _ _ _ _ _ _ _ \npages/speech_exercises_page_ru.py:174: in get_statistic_data\n    table = self.element_is_present(self.locators.AuthorizedUserHomePageLocators.STATISTIC_TABLE)\npages/base_page.py:32: in element_is_present\n    return Wait(self.driver, self.timeout).until(\n_ _ _ _ _ _ _ _ _ _ _ _ _ _ _ _ _ _ _ _ _ _ _ _ _ _ _ _ _ _ _ _ _ _ _ _ _ _ _ _ \n\nself = <selenium.webdriver.support.wait.WebDriverWait (session=\"a85ca1914571506d4704990b071f4f6e\")>\nmethod = <function presence_of_element_located.<locals>._predicate at 0x7f7e6bff67a0>\nmessage = 'Can\\'t find element by locator (\\'xpath\\', \\'//div[@class=\"__51e19\"]\\')'\n\n    def until(self, method, message: str = \"\"):\n        \"\"\"Calls the method provided with the driver as an argument until the \\\n        return value does not evaluate to ``False``.\n    \n        :param method: callable(WebDriver)\n        :param message: optional message for :exc:`TimeoutException`\n        :returns: the result of the last call to `method`\n        :raises: :exc:`selenium.common.exceptions.TimeoutException` if timeout occurs\n        \"\"\"\n        screen = None\n        stacktrace = None\n    \n        end_time = time.monotonic() + self._timeout\n        while True:\n            try:\n                value = method(self._driver)\n                if value:\n                    return value\n            except self._ignored_exceptions as exc:\n                screen = getattr(exc, \"screen\", None)\n                stacktrace = getattr(exc, \"stacktrace\", None)\n            time.sleep(self._poll)\n            if time.monotonic() > end_time:\n                break\n>       raise TimeoutException(message, screen, stacktrace)\nE       selenium.common.exceptions.TimeoutException: Message: Can't find element by locator ('xpath', '//div[@class=\"__51e19\"]')\nE       Stacktrace:\nE       #0 0x55a50999e19a <unknown>\nE       #1 0x55a50941bc4b <unknown>\nE       #2 0x55a50946d318 <unknown>\nE       #3 0x55a50946d551 <unknown>\nE       #4 0x55a5094bb764 <unknown>\nE       #5 0x55a5094b8bee <unknown>\nE       #6 0x55a50945fc42 <unknown>\nE       #7 0x55a5094608f1 <unknown>\nE       #8 0x55a509966f39 <unknown>\nE       #9 0x55a509969e7d <unknown>\nE       #10 0x55a50994fc81 <unknown>\nE       #11 0x55a50996aa5b <unknown>\nE       #12 0x55a509936a50 <unknown>\nE       #13 0x55a50998baa8 <unknown>\nE       #14 0x55a50998bc79 <unknown>\nE       #15 0x55a50999d4f3 <unknown>\nE       #16 0x7fe4c509caa4 <unknown>\nE       #17 0x7fe4c5129c6c <unknown>\n\n/opt/hostedtoolcache/Python/3.12.12/x64/lib/python3.12/site-packages/selenium/webdriver/support/wait.py:95: TimeoutException","flaky":false,"newFailed":false,"newBroken":false,"newPassed":false,"retriesCount":0,"retriesStatusChange":false,"beforeStages":[{"name":"clear_allure_results_folder","time":{"start":1766474653595,"stop":1766474653595,"duration":0},"status":"passed","steps":[],"attachments":[],"parameters":[],"stepsCount":0,"shouldDisplayMessage":false,"attachmentsCount":0,"hasContent":false,"attachmentStep":false},{"name":"driver","time":{"start":1766475918845,"stop":1766475919570,"duration":725},"status":"passed","steps":[],"attachments":[],"parameters":[],"stepsCount":0,"shouldDisplayMessage":false,"attachmentsCount":0,"hasContent":false,"attachmentStep":false},{"name":"main_page_open","time":{"start":1766475919570,"stop":1766475922149,"duration":2579},"status":"passed","steps":[{"name":"Open page: https://www.brainup.site/","time":{"start":1766475919570,"stop":1766475922149,"duration":2579},"status":"passed","steps":[],"attachments":[],"parameters":[{"name":"driver","value":"<selenium.webdriver.chrome.webdriver.WebDriver (session=\"a85ca1914571506d4704990b071f4f6e\")>"}],"stepsCount":0,"shouldDisplayMessage":false,"attachmentsCount":0,"hasContent":true,"attachmentStep":false}],"attachments":[],"parameters":[],"stepsCount":1,"shouldDisplayMessage":false,"attachmentsCount":0,"hasContent":true,"attachmentStep":false},{"name":"default_user_authorized","time":{"start":1766475922149,"stop":1766475924569,"duration":2420},"status":"passed","steps":[{"name":"DEFAULT user authorized","time":{"start":1766475922149,"stop":1766475924569,"duration":2420},"status":"passed","steps":[{"name":"Check url is present: https://www.brainup.site/groups","time":{"start":1766475922516,"stop":1766475924545,"duration":2029},"status":"passed","steps":[],"attachments":[],"parameters":[],"stepsCount":0,"shouldDisplayMessage":false,"attachmentsCount":0,"hasContent":false,"attachmentStep":false},{"name":"Loader checking","time":{"start":1766475924545,"stop":1766475924569,"duration":24},"status":"passed","steps":[],"attachments":[],"parameters":[],"stepsCount":0,"shouldDisplayMessage":false,"attachmentsCount":0,"hasContent":false,"attachmentStep":false}],"attachments":[],"parameters":[{"name":"driver","value":"<selenium.webdriver.chrome.webdriver.WebDriver (session=\"a85ca1914571506d4704990b071f4f6e\")>"},{"name":"main_page_open","value":"None"}],"stepsCount":2,"shouldDisplayMessage":false,"attachmentsCount":0,"hasContent":true,"attachmentStep":false}],"attachments":[],"parameters":[],"stepsCount":3,"shouldDisplayMessage":false,"attachmentsCount":0,"hasContent":true,"attachmentStep":false}],"testStage":{"status":"skipped","statusMessage":"XFAIL\n\nselenium.common.exceptions.TimeoutException: Message: Can't find element by locator ('xpath', '//div[@class=\"__51e19\"]')\nStacktrace:\n#0 0x55a50999e19a <unknown>\n#1 0x55a50941bc4b <unknown>\n#2 0x55a50946d318 <unknown>\n#3 0x55a50946d551 <unknown>\n#4 0x55a5094bb764 <unknown>\n#5 0x55a5094b8bee <unknown>\n#6 0x55a50945fc42 <unknown>\n#7 0x55a5094608f1 <unknown>\n#8 0x55a509966f39 <unknown>\n#9 0x55a509969e7d <unknown>\n#10 0x55a50994fc81 <unknown>\n#11 0x55a50996aa5b <unknown>\n#12 0x55a509936a50 <unknown>\n#13 0x55a50998baa8 <unknown>\n#14 0x55a50998bc79 <unknown>\n#15 0x55a50999d4f3 <unknown>\n#16 0x7fe4c509caa4 <unknown>\n#17 0x7fe4c5129c6c <unknown>","statusTrace":"self = <tests.test_speech_exercises_ru.TestCardsRU object at 0x7f7e6c06b140>\ndriver = <selenium.webdriver.chrome.webdriver.WebDriver (session=\"a85ca1914571506d4704990b071f4f6e\")>\ndefault_user_authorized = None\n\n    @pytest.mark.xfail\n    @allure.suite('Statistic.')\n    @allure.title('Check statistic table.')\n    def test_get_statistic_data(self, driver, default_user_authorized):\n        page = SpeechExercisesPageRU(driver)\n>       table = page.get_statistic_data()\n\ntests/test_speech_exercises_ru.py:192: \n_ _ _ _ _ _ _ _ _ _ _ _ _ _ _ _ _ _ _ _ _ _ _ _ _ _ _ _ _ _ _ _ _ _ _ _ _ _ _ _ \npages/speech_exercises_page_ru.py:174: in get_statistic_data\n    table = self.element_is_present(self.locators.AuthorizedUserHomePageLocators.STATISTIC_TABLE)\npages/base_page.py:32: in element_is_present\n    return Wait(self.driver, self.timeout).until(\n_ _ _ _ _ _ _ _ _ _ _ _ _ _ _ _ _ _ _ _ _ _ _ _ _ _ _ _ _ _ _ _ _ _ _ _ _ _ _ _ \n\nself = <selenium.webdriver.support.wait.WebDriverWait (session=\"a85ca1914571506d4704990b071f4f6e\")>\nmethod = <function presence_of_element_located.<locals>._predicate at 0x7f7e6bff67a0>\nmessage = 'Can\\'t find element by locator (\\'xpath\\', \\'//div[@class=\"__51e19\"]\\')'\n\n    def until(self, method, message: str = \"\"):\n        \"\"\"Calls the method provided with the driver as an argument until the \\\n        return value does not evaluate to ``False``.\n    \n        :param method: callable(WebDriver)\n        :param message: optional message for :exc:`TimeoutException`\n        :returns: the result of the last call to `method`\n        :raises: :exc:`selenium.common.exceptions.TimeoutException` if timeout occurs\n        \"\"\"\n        screen = None\n        stacktrace = None\n    \n        end_time = time.monotonic() + self._timeout\n        while True:\n            try:\n                value = method(self._driver)\n                if value:\n                    return value\n            except self._ignored_exceptions as exc:\n                screen = getattr(exc, \"screen\", None)\n                stacktrace = getattr(exc, \"stacktrace\", None)\n            time.sleep(self._poll)\n            if time.monotonic() > end_time:\n                break\n>       raise TimeoutException(message, screen, stacktrace)\nE       selenium.common.exceptions.TimeoutException: Message: Can't find element by locator ('xpath', '//div[@class=\"__51e19\"]')\nE       Stacktrace:\nE       #0 0x55a50999e19a <unknown>\nE       #1 0x55a50941bc4b <unknown>\nE       #2 0x55a50946d318 <unknown>\nE       #3 0x55a50946d551 <unknown>\nE       #4 0x55a5094bb764 <unknown>\nE       #5 0x55a5094b8bee <unknown>\nE       #6 0x55a50945fc42 <unknown>\nE       #7 0x55a5094608f1 <unknown>\nE       #8 0x55a509966f39 <unknown>\nE       #9 0x55a509969e7d <unknown>\nE       #10 0x55a50994fc81 <unknown>\nE       #11 0x55a50996aa5b <unknown>\nE       #12 0x55a509936a50 <unknown>\nE       #13 0x55a50998baa8 <unknown>\nE       #14 0x55a50998bc79 <unknown>\nE       #15 0x55a50999d4f3 <unknown>\nE       #16 0x7fe4c509caa4 <unknown>\nE       #17 0x7fe4c5129c6c <unknown>\n\n/opt/hostedtoolcache/Python/3.12.12/x64/lib/python3.12/site-packages/selenium/webdriver/support/wait.py:95: TimeoutException","steps":[{"name":"get_statistic_data","time":{"start":1766475924569,"stop":1766475934801,"duration":10232},"status":"broken","statusMessage":"selenium.common.exceptions.TimeoutException: Message: Can't find element by locator ('xpath', '//div[@class=\"__51e19\"]')\nStacktrace:\n#0 0x55a50999e19a <unknown>\n#1 0x55a50941bc4b <unknown>\n#2 0x55a50946d318 <unknown>\n#3 0x55a50946d551 <unknown>\n#4 0x55a5094bb764 <unknown>\n#5 0x55a5094b8bee <unknown>\n#6 0x55a50945fc42 <unknown>\n#7 0x55a5094608f1 <unknown>\n#8 0x55a509966f39 <unknown>\n#9 0x55a509969e7d <unknown>\n#10 0x55a50994fc81 <unknown>\n#11 0x55a50996aa5b <unknown>\n#12 0x55a509936a50 <unknown>\n#13 0x55a50998baa8 <unknown>\n#14 0x55a50998bc79 <unknown>\n#15 0x55a50999d4f3 <unknown>\n#16 0x7fe4c509caa4 <unknown>\n#17 0x7fe4c5129c6c <unknown>\n\n","statusTrace":"  File \"/opt/hostedtoolcache/Python/3.12.12/x64/lib/python3.12/site-packages/allure_commons/_allure.py\", line 192, in impl\n    return func(*a, **kw)\n           ^^^^^^^^^^^^^^\n  File \"/home/runner/work/auto-tests-python/auto-tests-python/pages/speech_exercises_page_ru.py\", line 174, in get_statistic_data\n    table = self.element_is_present(self.locators.AuthorizedUserHomePageLocators.STATISTIC_TABLE)\n            ^^^^^^^^^^^^^^^^^^^^^^^^^^^^^^^^^^^^^^^^^^^^^^^^^^^^^^^^^^^^^^^^^^^^^^^^^^^^^^^^^^^^^\n  File \"/home/runner/work/auto-tests-python/auto-tests-python/pages/base_page.py\", line 32, in element_is_present\n    return Wait(self.driver, self.timeout).until(\n           ^^^^^^^^^^^^^^^^^^^^^^^^^^^^^^^^^^^^^^\n  File \"/opt/hostedtoolcache/Python/3.12.12/x64/lib/python3.12/site-packages/selenium/webdriver/support/wait.py\", line 95, in until\n    raise TimeoutException(message, screen, stacktrace)\n","steps":[{"name":"Click button \"Статистика\"\".","time":{"start":1766475924569,"stop":1766475924636,"duration":67},"status":"passed","steps":[],"attachments":[],"parameters":[],"stepsCount":0,"shouldDisplayMessage":false,"attachmentsCount":0,"hasContent":false,"attachmentStep":false},{"name":"Check statistic table is present and scroll to table","time":{"start":1766475924636,"stop":1766475934800,"duration":10164},"status":"broken","statusMessage":"selenium.common.exceptions.TimeoutException: Message: Can't find element by locator ('xpath', '//div[@class=\"__51e19\"]')\nStacktrace:\n#0 0x55a50999e19a <unknown>\n#1 0x55a50941bc4b <unknown>\n#2 0x55a50946d318 <unknown>\n#3 0x55a50946d551 <unknown>\n#4 0x55a5094bb764 <unknown>\n#5 0x55a5094b8bee <unknown>\n#6 0x55a50945fc42 <unknown>\n#7 0x55a5094608f1 <unknown>\n#8 0x55a509966f39 <unknown>\n#9 0x55a509969e7d <unknown>\n#10 0x55a50994fc81 <unknown>\n#11 0x55a50996aa5b <unknown>\n#12 0x55a509936a50 <unknown>\n#13 0x55a50998baa8 <unknown>\n#14 0x55a50998bc79 <unknown>\n#15 0x55a50999d4f3 <unknown>\n#16 0x7fe4c509caa4 <unknown>\n#17 0x7fe4c5129c6c <unknown>\n\n","statusTrace":"  File \"/home/runner/work/auto-tests-python/auto-tests-python/pages/speech_exercises_page_ru.py\", line 174, in get_statistic_data\n    table = self.element_is_present(self.locators.AuthorizedUserHomePageLocators.STATISTIC_TABLE)\n            ^^^^^^^^^^^^^^^^^^^^^^^^^^^^^^^^^^^^^^^^^^^^^^^^^^^^^^^^^^^^^^^^^^^^^^^^^^^^^^^^^^^^^\n  File \"/home/runner/work/auto-tests-python/auto-tests-python/pages/base_page.py\", line 32, in element_is_present\n    return Wait(self.driver, self.timeout).until(\n           ^^^^^^^^^^^^^^^^^^^^^^^^^^^^^^^^^^^^^^\n  File \"/opt/hostedtoolcache/Python/3.12.12/x64/lib/python3.12/site-packages/selenium/webdriver/support/wait.py\", line 95, in until\n    raise TimeoutException(message, screen, stacktrace)\n","steps":[],"attachments":[],"parameters":[],"stepsCount":0,"shouldDisplayMessage":true,"attachmentsCount":0,"hasContent":true,"attachmentStep":false}],"attachments":[],"parameters":[],"stepsCount":2,"shouldDisplayMessage":false,"attachmentsCount":0,"hasContent":true,"attachmentStep":false}],"attachments":[],"parameters":[],"stepsCount":3,"shouldDisplayMessage":true,"attachmentsCount":0,"hasContent":true,"attachmentStep":false},"afterStages":[{"name":"driver::0","time":{"start":1766475934814,"stop":1766475934875,"duration":61},"status":"passed","steps":[],"attachments":[],"parameters":[],"stepsCount":0,"shouldDisplayMessage":false,"attachmentsCount":0,"hasContent":false,"attachmentStep":false}],"labels":[{"name":"suite","value":"Statistic."},{"name":"epic","value":"Speech exercises."},{"name":"tag","value":"@pytest.mark.xfail"},{"name":"parentSuite","value":"tests"},{"name":"subSuite","value":"TestCardsRU"},{"name":"host","value":"runnervmh13bl"},{"name":"thread","value":"2614-MainThread"},{"name":"framework","value":"pytest"},{"name":"language","value":"cpython3"},{"name":"package","value":"tests.test_speech_exercises_ru"},{"name":"resultFormat","value":"allure2"}],"parameters":[],"links":[],"hidden":false,"retry":false,"extra":{"severity":"normal","retries":[],"categories":[],"history":{"statistic":{"failed":0,"broken":0,"skipped":42,"passed":6,"unknown":0,"total":48},"items":[{"uid":"2199f14c77aad24","reportUrl":"https://Brain-up.github.io/auto-tests-python/781/#testresult/2199f14c77aad24","status":"skipped","statusDetails":"XFAIL\n\nselenium.common.exceptions.TimeoutException: Message: Can't find element by locator ('xpath', '//div[@class=\"__51e19\"]')\nStacktrace:\n#0 0x55dd2485a19a <unknown>\n#1 0x55dd242d7c4b <unknown>\n#2 0x55dd24329318 <unknown>\n#3 0x55dd24329551 <unknown>\n#4 0x55dd24377764 <unknown>\n#5 0x55dd24374bee <unknown>\n#6 0x55dd2431bc42 <unknown>\n#7 0x55dd2431c8f1 <unknown>\n#8 0x55dd24822f39 <unknown>\n#9 0x55dd24825e7d <unknown>\n#10 0x55dd2480bc81 <unknown>\n#11 0x55dd24826a5b <unknown>\n#12 0x55dd247f2a50 <unknown>\n#13 0x55dd24847aa8 <unknown>\n#14 0x55dd24847c79 <unknown>\n#15 0x55dd248594f3 <unknown>\n#16 0x7f588589caa4 <unknown>\n#17 0x7f5885929c6c <unknown>","time":{"start":1766401766546,"stop":1766401776848,"duration":10302}},{"uid":"83b830f407734d9d","reportUrl":"https://Brain-up.github.io/auto-tests-python/780/#testresult/83b830f407734d9d","status":"skipped","statusDetails":"XFAIL\n\nselenium.common.exceptions.TimeoutException: Message: Can't find element by locator ('xpath', '//div[@class=\"__51e19\"]')\nStacktrace:\n#0 0x564bc31be19a <unknown>\n#1 0x564bc2c3bc4b <unknown>\n#2 0x564bc2c8d318 <unknown>\n#3 0x564bc2c8d551 <unknown>\n#4 0x564bc2cdb764 <unknown>\n#5 0x564bc2cd8bee <unknown>\n#6 0x564bc2c7fc42 <unknown>\n#7 0x564bc2c808f1 <unknown>\n#8 0x564bc3186f39 <unknown>\n#9 0x564bc3189e7d <unknown>\n#10 0x564bc316fc81 <unknown>\n#11 0x564bc318aa5b <unknown>\n#12 0x564bc3156a50 <unknown>\n#13 0x564bc31abaa8 <unknown>\n#14 0x564bc31abc79 <unknown>\n#15 0x564bc31bd4f3 <unknown>\n#16 0x7f2e4389caa4 <unknown>\n#17 0x7f2e43929c6c <unknown>","time":{"start":1766324469721,"stop":1766324480015,"duration":10294}},{"uid":"e385e2c569939240","reportUrl":"https://Brain-up.github.io/auto-tests-python/779/#testresult/e385e2c569939240","status":"skipped","statusDetails":"XFAIL\n\nselenium.common.exceptions.TimeoutException: Message: Can't find element by locator ('xpath', '//div[@class=\"__51e19\"]')\nStacktrace:\n#0 0x5564e89e419a <unknown>\n#1 0x5564e8461c4b <unknown>\n#2 0x5564e84b3318 <unknown>\n#3 0x5564e84b3551 <unknown>\n#4 0x5564e8501764 <unknown>\n#5 0x5564e84febee <unknown>\n#6 0x5564e84a5c42 <unknown>\n#7 0x5564e84a68f1 <unknown>\n#8 0x5564e89acf39 <unknown>\n#9 0x5564e89afe7d <unknown>\n#10 0x5564e8995c81 <unknown>\n#11 0x5564e89b0a5b <unknown>\n#12 0x5564e897ca50 <unknown>\n#13 0x5564e89d1aa8 <unknown>\n#14 0x5564e89d1c79 <unknown>\n#15 0x5564e89e34f3 <unknown>\n#16 0x7f8734e9caa4 <unknown>\n#17 0x7f8734f29c6c <unknown>","time":{"start":1766230161881,"stop":1766230172134,"duration":10253}},{"uid":"4bb7059b1cde7699","reportUrl":"https://Brain-up.github.io/auto-tests-python/778/#testresult/4bb7059b1cde7699","status":"skipped","statusDetails":"XFAIL\n\nselenium.common.exceptions.TimeoutException: Message: Can't find element by locator ('xpath', '//div[@class=\"__51e19\"]')\nStacktrace:\n#0 0x562d9a45e19a <unknown>\n#1 0x562d99edbc4b <unknown>\n#2 0x562d99f2d318 <unknown>\n#3 0x562d99f2d551 <unknown>\n#4 0x562d99f7b764 <unknown>\n#5 0x562d99f78bee <unknown>\n#6 0x562d99f1fc42 <unknown>\n#7 0x562d99f208f1 <unknown>\n#8 0x562d9a426f39 <unknown>\n#9 0x562d9a429e7d <unknown>\n#10 0x562d9a40fc81 <unknown>\n#11 0x562d9a42aa5b <unknown>\n#12 0x562d9a3f6a50 <unknown>\n#13 0x562d9a44baa8 <unknown>\n#14 0x562d9a44bc79 <unknown>\n#15 0x562d9a45d4f3 <unknown>\n#16 0x7f6d2fa9caa4 <unknown>\n#17 0x7f6d2fb29c6c <unknown>","time":{"start":1766133829275,"stop":1766133839540,"duration":10265}},{"uid":"d75feaf285c12845","reportUrl":"https://Brain-up.github.io/auto-tests-python/777/#testresult/d75feaf285c12845","status":"skipped","statusDetails":"XFAIL\n\nselenium.common.exceptions.TimeoutException: Message: Can't find element by locator ('xpath', '//div[@class=\"__51e19\"]')\nStacktrace:\n#0 0x55bd3c4e019a <unknown>\n#1 0x55bd3bf5dc4b <unknown>\n#2 0x55bd3bfaf318 <unknown>\n#3 0x55bd3bfaf551 <unknown>\n#4 0x55bd3bffd764 <unknown>\n#5 0x55bd3bffabee <unknown>\n#6 0x55bd3bfa1c42 <unknown>\n#7 0x55bd3bfa28f1 <unknown>\n#8 0x55bd3c4a8f39 <unknown>\n#9 0x55bd3c4abe7d <unknown>\n#10 0x55bd3c491c81 <unknown>\n#11 0x55bd3c4aca5b <unknown>\n#12 0x55bd3c478a50 <unknown>\n#13 0x55bd3c4cdaa8 <unknown>\n#14 0x55bd3c4cdc79 <unknown>\n#15 0x55bd3c4df4f3 <unknown>\n#16 0x7f76b909caa4 <unknown>\n#17 0x7f76b9129c6c <unknown>","time":{"start":1766052537933,"stop":1766052548209,"duration":10276}},{"uid":"1fbe516ffd956897","reportUrl":"https://Brain-up.github.io/auto-tests-python/776/#testresult/1fbe516ffd956897","status":"skipped","statusDetails":"XFAIL\n\nselenium.common.exceptions.TimeoutException: Message: Can't find element by locator ('xpath', '//div[@class=\"__51e19\"]')\nStacktrace:\n#0 0x55f2cc2af16a <unknown>\n#1 0x55f2cbd2cc4b <unknown>\n#2 0x55f2cbd7e318 <unknown>\n#3 0x55f2cbd7e551 <unknown>\n#4 0x55f2cbdcc764 <unknown>\n#5 0x55f2cbdc9bee <unknown>\n#6 0x55f2cbd70c42 <unknown>\n#7 0x55f2cbd718f1 <unknown>\n#8 0x55f2cc277f09 <unknown>\n#9 0x55f2cc27ae4d <unknown>\n#10 0x55f2cc260c51 <unknown>\n#11 0x55f2cc27ba2b <unknown>\n#12 0x55f2cc247a20 <unknown>\n#13 0x55f2cc29ca78 <unknown>\n#14 0x55f2cc29cc49 <unknown>\n#15 0x55f2cc2ae4c3 <unknown>\n#16 0x7fefe769caa4 <unknown>\n#17 0x7fefe7729c6c <unknown>","time":{"start":1765970412589,"stop":1765970422873,"duration":10284}},{"uid":"28591f70dbf7106f","reportUrl":"https://Brain-up.github.io/auto-tests-python/775/#testresult/28591f70dbf7106f","status":"passed","statusDetails":"XPASS","time":{"start":1765883622282,"stop":1765883623667,"duration":1385}},{"uid":"472dd05f45c0ec00","reportUrl":"https://Brain-up.github.io/auto-tests-python/774/#testresult/472dd05f45c0ec00","status":"passed","statusDetails":"XPASS","time":{"start":1765800485884,"stop":1765800487183,"duration":1299}},{"uid":"a3f796bc0d3f5914","reportUrl":"https://Brain-up.github.io/auto-tests-python/773/#testresult/a3f796bc0d3f5914","status":"skipped","statusDetails":"XFAIL\n\nselenium.common.exceptions.TimeoutException: Message: Can't find element by locator ('xpath', '//div[@class=\"__51e19\"]')\nStacktrace:\n#0 0x556c55d3c16a <unknown>\n#1 0x556c557b9c4b <unknown>\n#2 0x556c5580b318 <unknown>\n#3 0x556c5580b551 <unknown>\n#4 0x556c55859764 <unknown>\n#5 0x556c55856bee <unknown>\n#6 0x556c557fdc42 <unknown>\n#7 0x556c557fe8f1 <unknown>\n#8 0x556c55d04f09 <unknown>\n#9 0x556c55d07e4d <unknown>\n#10 0x556c55cedc51 <unknown>\n#11 0x556c55d08a2b <unknown>\n#12 0x556c55cd4a20 <unknown>\n#13 0x556c55d29a78 <unknown>\n#14 0x556c55d29c49 <unknown>\n#15 0x556c55d3b4c3 <unknown>\n#16 0x7f5a92c9caa4 <unknown>\n#17 0x7f5a92d29c6c <unknown>","time":{"start":1765737508364,"stop":1765737518627,"duration":10263}},{"uid":"a7297402850599a1","reportUrl":"https://Brain-up.github.io/auto-tests-python/772/#testresult/a7297402850599a1","status":"skipped","statusDetails":"XFAIL\n\nselenium.common.exceptions.TimeoutException: Message: Can't find element by locator ('xpath', '//div[@class=\"__51e19\"]')\nStacktrace:\n#0 0x557b9264416a <unknown>\n#1 0x557b920c1c4b <unknown>\n#2 0x557b92113318 <unknown>\n#3 0x557b92113551 <unknown>\n#4 0x557b92161764 <unknown>\n#5 0x557b9215ebee <unknown>\n#6 0x557b92105c42 <unknown>\n#7 0x557b921068f1 <unknown>\n#8 0x557b9260cf09 <unknown>\n#9 0x557b9260fe4d <unknown>\n#10 0x557b925f5c51 <unknown>\n#11 0x557b92610a2b <unknown>\n#12 0x557b925dca20 <unknown>\n#13 0x557b92631a78 <unknown>\n#14 0x557b92631c49 <unknown>\n#15 0x557b926434c3 <unknown>\n#16 0x7f6956c9caa4 <unknown>\n#17 0x7f6956d29c6c <unknown>","time":{"start":1765627040030,"stop":1765627050296,"duration":10266}},{"uid":"2ccfd77d10875ec","reportUrl":"https://Brain-up.github.io/auto-tests-python/771/#testresult/2ccfd77d10875ec","status":"skipped","statusDetails":"XFAIL\n\nselenium.common.exceptions.TimeoutException: Message: Can't find element by locator ('xpath', '//div[@class=\"__51e19\"]')\nStacktrace:\n#0 0x55ae1b48c16a <unknown>\n#1 0x55ae1af09c4b <unknown>\n#2 0x55ae1af5b318 <unknown>\n#3 0x55ae1af5b551 <unknown>\n#4 0x55ae1afa9764 <unknown>\n#5 0x55ae1afa6bee <unknown>\n#6 0x55ae1af4dc42 <unknown>\n#7 0x55ae1af4e8f1 <unknown>\n#8 0x55ae1b454f09 <unknown>\n#9 0x55ae1b457e4d <unknown>\n#10 0x55ae1b43dc51 <unknown>\n#11 0x55ae1b458a2b <unknown>\n#12 0x55ae1b424a20 <unknown>\n#13 0x55ae1b479a78 <unknown>\n#14 0x55ae1b479c49 <unknown>\n#15 0x55ae1b48b4c3 <unknown>\n#16 0x7f3b5969caa4 <unknown>\n#17 0x7f3b59729c6c <unknown>","time":{"start":1765530206363,"stop":1765530216673,"duration":10310}},{"uid":"c051ce095e2a19fd","reportUrl":"https://Brain-up.github.io/auto-tests-python/770/#testresult/c051ce095e2a19fd","status":"skipped","statusDetails":"XFAIL\n\nselenium.common.exceptions.TimeoutException: Message: Can't find element by locator ('xpath', '//div[@class=\"__51e19\"]')\nStacktrace:\n#0 0x5628eb7fc16a <unknown>\n#1 0x5628eb279c4b <unknown>\n#2 0x5628eb2cb318 <unknown>\n#3 0x5628eb2cb551 <unknown>\n#4 0x5628eb319764 <unknown>\n#5 0x5628eb316bee <unknown>\n#6 0x5628eb2bdc42 <unknown>\n#7 0x5628eb2be8f1 <unknown>\n#8 0x5628eb7c4f09 <unknown>\n#9 0x5628eb7c7e4d <unknown>\n#10 0x5628eb7adc51 <unknown>\n#11 0x5628eb7c8a2b <unknown>\n#12 0x5628eb794a20 <unknown>\n#13 0x5628eb7e9a78 <unknown>\n#14 0x5628eb7e9c49 <unknown>\n#15 0x5628eb7fb4c3 <unknown>\n#16 0x7f5c9c89caa4 <unknown>\n#17 0x7f5c9c929c6c <unknown>","time":{"start":1765429324430,"stop":1765429334684,"duration":10254}},{"uid":"bb9fc8c01e6c209d","reportUrl":"https://Brain-up.github.io/auto-tests-python/769/#testresult/bb9fc8c01e6c209d","status":"skipped","statusDetails":"XFAIL\n\nselenium.common.exceptions.TimeoutException: Message: Can't find element by locator ('xpath', '//div[@class=\"__51e19\"]')\nStacktrace:\n#0 0x55d72e6bd4ca <unknown>\n#1 0x55d72e10be4b <unknown>\n#2 0x55d72e15e814 <unknown>\n#3 0x55d72e15ea51 <unknown>\n#4 0x55d72e1ada44 <unknown>\n#5 0x55d72e1aadf7 <unknown>\n#6 0x55d72e150c2a <unknown>\n#7 0x55d72e151931 <unknown>\n#8 0x55d72e683cf9 <unknown>\n#9 0x55d72e686cdc <unknown>\n#10 0x55d72e66cf79 <unknown>\n#11 0x55d72e6878b5 <unknown>\n#12 0x55d72e6549c3 <unknown>\n#13 0x55d72e6aa228 <unknown>\n#14 0x55d72e6aa403 <unknown>\n#15 0x55d72e6bc463 <unknown>\n#16 0x7f303469caa4 <unknown>\n#17 0x7f3034729c6c <unknown>","time":{"start":1765132021735,"stop":1765132031981,"duration":10246}},{"uid":"f3b9b64a8b984cd6","reportUrl":"https://Brain-up.github.io/auto-tests-python/768/#testresult/f3b9b64a8b984cd6","status":"skipped","statusDetails":"XFAIL\n\nselenium.common.exceptions.TimeoutException: Message: Can't find element by locator ('xpath', '//div[@class=\"__51e19\"]')\nStacktrace:\n#0 0x55cb931fc4ca <unknown>\n#1 0x55cb92c4ae4b <unknown>\n#2 0x55cb92c9d814 <unknown>\n#3 0x55cb92c9da51 <unknown>\n#4 0x55cb92ceca44 <unknown>\n#5 0x55cb92ce9df7 <unknown>\n#6 0x55cb92c8fc2a <unknown>\n#7 0x55cb92c90931 <unknown>\n#8 0x55cb931c2cf9 <unknown>\n#9 0x55cb931c5cdc <unknown>\n#10 0x55cb931abf79 <unknown>\n#11 0x55cb931c68b5 <unknown>\n#12 0x55cb931939c3 <unknown>\n#13 0x55cb931e9228 <unknown>\n#14 0x55cb931e9403 <unknown>\n#15 0x55cb931fb463 <unknown>\n#16 0x7f05fa89caa4 <unknown>\n#17 0x7f05fa929c6c <unknown>","time":{"start":1765023623793,"stop":1765023634050,"duration":10257}},{"uid":"626c96184d993c48","reportUrl":"https://Brain-up.github.io/auto-tests-python/767/#testresult/626c96184d993c48","status":"skipped","statusDetails":"XFAIL\n\nselenium.common.exceptions.TimeoutException: Message: Can't find element by locator ('xpath', '//div[@class=\"__51e19\"]')\nStacktrace:\n#0 0x558332a024ca <unknown>\n#1 0x558332450e4b <unknown>\n#2 0x5583324a3814 <unknown>\n#3 0x5583324a3a51 <unknown>\n#4 0x5583324f2a44 <unknown>\n#5 0x5583324efdf7 <unknown>\n#6 0x558332495c2a <unknown>\n#7 0x558332496931 <unknown>\n#8 0x5583329c8cf9 <unknown>\n#9 0x5583329cbcdc <unknown>\n#10 0x5583329b1f79 <unknown>\n#11 0x5583329cc8b5 <unknown>\n#12 0x5583329999c3 <unknown>\n#13 0x5583329ef228 <unknown>\n#14 0x5583329ef403 <unknown>\n#15 0x558332a01463 <unknown>\n#16 0x7f7ba729caa4 <unknown>\n#17 0x7f7ba7329c6c <unknown>","time":{"start":1764842803260,"stop":1764842813614,"duration":10354}},{"uid":"9302cdcaa542b43a","reportUrl":"https://Brain-up.github.io/auto-tests-python/766/#testresult/9302cdcaa542b43a","status":"skipped","statusDetails":"XFAIL\n\nselenium.common.exceptions.TimeoutException: Message: Can't find element by locator ('xpath', '//div[@class=\"__51e19\"]')\nStacktrace:\n#0 0x559a377204ca <unknown>\n#1 0x559a3716ee4b <unknown>\n#2 0x559a371c1814 <unknown>\n#3 0x559a371c1a51 <unknown>\n#4 0x559a37210a44 <unknown>\n#5 0x559a3720ddf7 <unknown>\n#6 0x559a371b3c2a <unknown>\n#7 0x559a371b4931 <unknown>\n#8 0x559a376e6cf9 <unknown>\n#9 0x559a376e9cdc <unknown>\n#10 0x559a376cff79 <unknown>\n#11 0x559a376ea8b5 <unknown>\n#12 0x559a376b79c3 <unknown>\n#13 0x559a3770d228 <unknown>\n#14 0x559a3770d403 <unknown>\n#15 0x559a3771f463 <unknown>\n#16 0x7f545609caa4 <unknown>\n#17 0x7f5456129c6c <unknown>","time":{"start":1764760340683,"stop":1764760350948,"duration":10265}},{"uid":"5c1d9512730a6baa","reportUrl":"https://Brain-up.github.io/auto-tests-python/765/#testresult/5c1d9512730a6baa","status":"skipped","statusDetails":"XFAIL\n\nselenium.common.exceptions.TimeoutException: Message: Can't find element by locator ('xpath', '//div[@class=\"__51e19\"]')\nStacktrace:\n#0 0x563e0198432a <unknown>\n#1 0x563e013d0e4b <unknown>\n#2 0x563e0142382b <unknown>\n#3 0x563e01423a61 <unknown>\n#4 0x563e01472a44 <unknown>\n#5 0x563e0146fdf7 <unknown>\n#6 0x563e01415c1a <unknown>\n#7 0x563e01416921 <unknown>\n#8 0x563e0194b239 <unknown>\n#9 0x563e0194e1e8 <unknown>\n#10 0x563e019344c9 <unknown>\n#11 0x563e0194edb5 <unknown>\n#12 0x563e0191be93 <unknown>\n#13 0x563e01971098 <unknown>\n#14 0x563e01971273 <unknown>\n#15 0x563e019832c3 <unknown>\n#16 0x7f8b2d69caa4 <unknown>\n#17 0x7f8b2d729c6c <unknown>","time":{"start":1764674812290,"stop":1764674822615,"duration":10325}},{"uid":"1a8b2ef165bf3c8f","reportUrl":"https://Brain-up.github.io/auto-tests-python/764/#testresult/1a8b2ef165bf3c8f","status":"skipped","statusDetails":"XFAIL\n\nselenium.common.exceptions.TimeoutException: Message: Can't find element by locator ('xpath', '//div[@class=\"__51e19\"]')\nStacktrace:\n#0 0x55676b2dc32a <unknown>\n#1 0x55676ad28e4b <unknown>\n#2 0x55676ad7b82b <unknown>\n#3 0x55676ad7ba61 <unknown>\n#4 0x55676adcaa44 <unknown>\n#5 0x55676adc7df7 <unknown>\n#6 0x55676ad6dc1a <unknown>\n#7 0x55676ad6e921 <unknown>\n#8 0x55676b2a3239 <unknown>\n#9 0x55676b2a61e8 <unknown>\n#10 0x55676b28c4c9 <unknown>\n#11 0x55676b2a6db5 <unknown>\n#12 0x55676b273e93 <unknown>\n#13 0x55676b2c9098 <unknown>\n#14 0x55676b2c9273 <unknown>\n#15 0x55676b2db2c3 <unknown>\n#16 0x7fb37bc9caa4 <unknown>\n#17 0x7fb37bd29c6c <unknown>","time":{"start":1764588678511,"stop":1764588688771,"duration":10260}},{"uid":"ea87dd4b8f33a431","reportUrl":"https://Brain-up.github.io/auto-tests-python/763/#testresult/ea87dd4b8f33a431","status":"skipped","statusDetails":"XFAIL\n\nselenium.common.exceptions.TimeoutException: Message: Can't find element by locator ('xpath', '//div[@class=\"__51e19\"]')\nStacktrace:\n#0 0x556e06ab232a <unknown>\n#1 0x556e064fee4b <unknown>\n#2 0x556e0655182b <unknown>\n#3 0x556e06551a61 <unknown>\n#4 0x556e065a0a44 <unknown>\n#5 0x556e0659ddf7 <unknown>\n#6 0x556e06543c1a <unknown>\n#7 0x556e06544921 <unknown>\n#8 0x556e06a79239 <unknown>\n#9 0x556e06a7c1e8 <unknown>\n#10 0x556e06a624c9 <unknown>\n#11 0x556e06a7cdb5 <unknown>\n#12 0x556e06a49e93 <unknown>\n#13 0x556e06a9f098 <unknown>\n#14 0x556e06a9f273 <unknown>\n#15 0x556e06ab12c3 <unknown>\n#16 0x7fd15fa9caa4 <unknown>\n#17 0x7fd15fb29c6c <unknown>","time":{"start":1764490315262,"stop":1764490325532,"duration":10270}},{"uid":"9e84eaf8279d818f","reportUrl":"https://Brain-up.github.io/auto-tests-python/762/#testresult/9e84eaf8279d818f","status":"skipped","statusDetails":"XFAIL\n\nselenium.common.exceptions.TimeoutException: Message: Can't find element by locator ('xpath', '//div[@class=\"__51e19\"]')\nStacktrace:\n#0 0x555f7c9f632a <unknown>\n#1 0x555f7c442e4b <unknown>\n#2 0x555f7c49582b <unknown>\n#3 0x555f7c495a61 <unknown>\n#4 0x555f7c4e4a44 <unknown>\n#5 0x555f7c4e1df7 <unknown>\n#6 0x555f7c487c1a <unknown>\n#7 0x555f7c488921 <unknown>\n#8 0x555f7c9bd239 <unknown>\n#9 0x555f7c9c01e8 <unknown>\n#10 0x555f7c9a64c9 <unknown>\n#11 0x555f7c9c0db5 <unknown>\n#12 0x555f7c98de93 <unknown>\n#13 0x555f7c9e3098 <unknown>\n#14 0x555f7c9e3273 <unknown>\n#15 0x555f7c9f52c3 <unknown>\n#16 0x7f066849caa4 <unknown>\n#17 0x7f0668529c6c <unknown>","time":{"start":1764423019050,"stop":1764423029403,"duration":10353}}]},"tags":["@pytest.mark.xfail"]},"source":"24957e0dae1644bc.json","parameterValues":[]}