{"uid":"970d249e3689392d","name":"Verify sizes of images in links on the page","fullName":"tests.groups_page_test.TestGroupsPageImages#test_gp_04_04_verify_images_sizes","historyId":"2342b01d9713e6a353c7f7797e6b2f79","time":{"start":1766475328417,"stop":1766475328417,"duration":0},"status":"broken","statusMessage":"selenium.common.exceptions.TimeoutException: Message: Can't find element by locator https://www.brainup.site/groups","statusTrace":"self = <pages.base_page.BasePage object at 0x7f7e6c040050>\nurl = 'https://www.brainup.site/groups'\n\n    def check_expected_link(self, url):\n        with allure.step(f'Check url is present: {url}'):\n            try:\n>               return Wait(self.driver, self.timeout).until(\n                    EC.url_to_be(url), message=f\"Can't find element by locator {url}\")\n\npages/base_page.py:80: \n_ _ _ _ _ _ _ _ _ _ _ _ _ _ _ _ _ _ _ _ _ _ _ _ _ _ _ _ _ _ _ _ _ _ _ _ _ _ _ _ \n\nself = <selenium.webdriver.support.wait.WebDriverWait (session=\"0cbdc1d632c0c0f596000a6df970d807\")>\nmethod = <function url_to_be.<locals>._predicate at 0x7f7e6bf665c0>\nmessage = \"Can't find element by locator https://www.brainup.site/groups\"\n\n    def until(self, method, message: str = \"\"):\n        \"\"\"Calls the method provided with the driver as an argument until the \\\n        return value does not evaluate to ``False``.\n    \n        :param method: callable(WebDriver)\n        :param message: optional message for :exc:`TimeoutException`\n        :returns: the result of the last call to `method`\n        :raises: :exc:`selenium.common.exceptions.TimeoutException` if timeout occurs\n        \"\"\"\n        screen = None\n        stacktrace = None\n    \n        end_time = time.monotonic() + self._timeout\n        while True:\n            try:\n                value = method(self._driver)\n                if value:\n                    return value\n            except self._ignored_exceptions as exc:\n                screen = getattr(exc, \"screen\", None)\n                stacktrace = getattr(exc, \"stacktrace\", None)\n            time.sleep(self._poll)\n            if time.monotonic() > end_time:\n                break\n>       raise TimeoutException(message, screen, stacktrace)\nE       selenium.common.exceptions.TimeoutException: Message: Can't find element by locator https://www.brainup.site/groups\n\n/opt/hostedtoolcache/Python/3.12.12/x64/lib/python3.12/site-packages/selenium/webdriver/support/wait.py:95: TimeoutException\n\nDuring handling of the above exception, another exception occurred:\n\ndriver = <selenium.webdriver.chrome.webdriver.WebDriver (session=\"0cbdc1d632c0c0f596000a6df970d807\")>\nmain_page_open = None\n\n    @pytest.fixture()\n    @allure.step('Auto test user authorized')\n    def auto_test_user_authorized(driver, main_page_open):\n        page = BasePage(driver)\n        page.element_is_present_and_clickable(MainPageLocators.LOGIN_BUTTON).click()\n        page.element_is_visible(LoginPageLocators.INPUT_LOGIN).send_keys(os.environ[\"LOGIN\"])\n        page.element_is_visible(LoginPageLocators.INPUT_PASSWORD).send_keys(os.environ[\"PASSWORD\"])\n        page.element_is_present_and_clickable(LoginPageLocators.SIGN_IN_BUTTON).click()\n>       page.check_expected_link(MainPageLinks.URL_GROUPS_PAGE)\n\ntests/conftest.py:178: \n_ _ _ _ _ _ _ _ _ _ _ _ _ _ _ _ _ _ _ _ _ _ _ _ _ _ _ _ _ _ _ _ _ _ _ _ _ _ _ _ \npages/base_page.py:84: in check_expected_link\n    return Wait(self.driver, self.timeout).until(\n_ _ _ _ _ _ _ _ _ _ _ _ _ _ _ _ _ _ _ _ _ _ _ _ _ _ _ _ _ _ _ _ _ _ _ _ _ _ _ _ \n\nself = <selenium.webdriver.support.wait.WebDriverWait (session=\"0cbdc1d632c0c0f596000a6df970d807\")>\nmethod = <function url_to_be.<locals>._predicate at 0x7f7e6bf66700>\nmessage = \"Can't find element by locator https://www.brainup.site/groups\"\n\n    def until(self, method, message: str = \"\"):\n        \"\"\"Calls the method provided with the driver as an argument until the \\\n        return value does not evaluate to ``False``.\n    \n        :param method: callable(WebDriver)\n        :param message: optional message for :exc:`TimeoutException`\n        :returns: the result of the last call to `method`\n        :raises: :exc:`selenium.common.exceptions.TimeoutException` if timeout occurs\n        \"\"\"\n        screen = None\n        stacktrace = None\n    \n        end_time = time.monotonic() + self._timeout\n        while True:\n            try:\n                value = method(self._driver)\n                if value:\n                    return value\n            except self._ignored_exceptions as exc:\n                screen = getattr(exc, \"screen\", None)\n                stacktrace = getattr(exc, \"stacktrace\", None)\n            time.sleep(self._poll)\n            if time.monotonic() > end_time:\n                break\n>       raise TimeoutException(message, screen, stacktrace)\nE       selenium.common.exceptions.TimeoutException: Message: Can't find element by locator https://www.brainup.site/groups\n\n/opt/hostedtoolcache/Python/3.12.12/x64/lib/python3.12/site-packages/selenium/webdriver/support/wait.py:95: TimeoutException","flaky":false,"newFailed":false,"newBroken":false,"newPassed":false,"retriesCount":0,"retriesStatusChange":false,"beforeStages":[{"name":"clear_allure_results_folder","time":{"start":1766474653595,"stop":1766474653595,"duration":0},"status":"passed","steps":[],"attachments":[],"parameters":[],"stepsCount":0,"shouldDisplayMessage":false,"attachmentsCount":0,"hasContent":false,"attachmentStep":false},{"name":"driver","time":{"start":1766475328417,"stop":1766475329142,"duration":725},"status":"passed","steps":[],"attachments":[],"parameters":[],"stepsCount":0,"shouldDisplayMessage":false,"attachmentsCount":0,"hasContent":false,"attachmentStep":false},{"name":"main_page_open","time":{"start":1766475329142,"stop":1766475331836,"duration":2694},"status":"passed","steps":[{"name":"Open page: https://www.brainup.site/","time":{"start":1766475329142,"stop":1766475331836,"duration":2694},"status":"passed","steps":[],"attachments":[],"parameters":[{"name":"driver","value":"<selenium.webdriver.chrome.webdriver.WebDriver (session=\"0cbdc1d632c0c0f596000a6df970d807\")>"}],"stepsCount":0,"shouldDisplayMessage":false,"attachmentsCount":0,"hasContent":true,"attachmentStep":false}],"attachments":[],"parameters":[],"stepsCount":1,"shouldDisplayMessage":false,"attachmentsCount":0,"hasContent":true,"attachmentStep":false},{"name":"auto_test_user_authorized","time":{"start":1766475331836,"stop":1766475352329,"duration":20493},"status":"broken","statusMessage":"selenium.common.exceptions.TimeoutException: Message: Can't find element by locator https://www.brainup.site/groups\n\n","statusTrace":"  File \"/opt/hostedtoolcache/Python/3.12.12/x64/lib/python3.12/site-packages/pluggy/_callers.py\", line 38, in run_old_style_hookwrapper\n    res = yield\n          ^^^^^\n  File \"/opt/hostedtoolcache/Python/3.12.12/x64/lib/python3.12/site-packages/pluggy/_callers.py\", line 139, in _multicall\n    teardown.throw(exception)\n  File \"/opt/hostedtoolcache/Python/3.12.12/x64/lib/python3.12/site-packages/pluggy/_callers.py\", line 53, in run_old_style_hookwrapper\n    return result.get_result()\n           ^^^^^^^^^^^^^^^^^^^\n  File \"/opt/hostedtoolcache/Python/3.12.12/x64/lib/python3.12/site-packages/pluggy/_result.py\", line 103, in get_result\n    raise exc.with_traceback(tb)\n  File \"/opt/hostedtoolcache/Python/3.12.12/x64/lib/python3.12/site-packages/pluggy/_callers.py\", line 38, in run_old_style_hookwrapper\n    res = yield\n          ^^^^^\n  File \"/opt/hostedtoolcache/Python/3.12.12/x64/lib/python3.12/site-packages/pluggy/_callers.py\", line 121, in _multicall\n    res = hook_impl.function(*args)\n          ^^^^^^^^^^^^^^^^^^^^^^^^^\n  File \"/opt/hostedtoolcache/Python/3.12.12/x64/lib/python3.12/site-packages/_pytest/fixtures.py\", line 1123, in pytest_fixture_setup\n    result = call_fixture_func(fixturefunc, request, kwargs)\n             ^^^^^^^^^^^^^^^^^^^^^^^^^^^^^^^^^^^^^^^^^^^^^^^\n  File \"/opt/hostedtoolcache/Python/3.12.12/x64/lib/python3.12/site-packages/_pytest/fixtures.py\", line 902, in call_fixture_func\n    fixture_result = fixturefunc(**kwargs)\n                     ^^^^^^^^^^^^^^^^^^^^^\n  File \"/opt/hostedtoolcache/Python/3.12.12/x64/lib/python3.12/site-packages/allure_commons/_allure.py\", line 192, in impl\n    return func(*a, **kw)\n           ^^^^^^^^^^^^^^\n  File \"/home/runner/work/auto-tests-python/auto-tests-python/tests/conftest.py\", line 178, in auto_test_user_authorized\n    page.check_expected_link(MainPageLinks.URL_GROUPS_PAGE)\n  File \"/home/runner/work/auto-tests-python/auto-tests-python/pages/base_page.py\", line 84, in check_expected_link\n    return Wait(self.driver, self.timeout).until(\n           ^^^^^^^^^^^^^^^^^^^^^^^^^^^^^^^^^^^^^^\n  File \"/opt/hostedtoolcache/Python/3.12.12/x64/lib/python3.12/site-packages/selenium/webdriver/support/wait.py\", line 95, in until\n    raise TimeoutException(message, screen, stacktrace)\n","steps":[{"name":"Auto test user authorized","time":{"start":1766475331836,"stop":1766475352329,"duration":20493},"status":"broken","statusMessage":"selenium.common.exceptions.TimeoutException: Message: Can't find element by locator https://www.brainup.site/groups\n\n","statusTrace":"  File \"/opt/hostedtoolcache/Python/3.12.12/x64/lib/python3.12/site-packages/allure_commons/_allure.py\", line 192, in impl\n    return func(*a, **kw)\n           ^^^^^^^^^^^^^^\n  File \"/home/runner/work/auto-tests-python/auto-tests-python/tests/conftest.py\", line 178, in auto_test_user_authorized\n    page.check_expected_link(MainPageLinks.URL_GROUPS_PAGE)\n  File \"/home/runner/work/auto-tests-python/auto-tests-python/pages/base_page.py\", line 84, in check_expected_link\n    return Wait(self.driver, self.timeout).until(\n           ^^^^^^^^^^^^^^^^^^^^^^^^^^^^^^^^^^^^^^\n  File \"/opt/hostedtoolcache/Python/3.12.12/x64/lib/python3.12/site-packages/selenium/webdriver/support/wait.py\", line 95, in until\n    raise TimeoutException(message, screen, stacktrace)\n","steps":[{"name":"Check url is present: https://www.brainup.site/groups","time":{"start":1766475332188,"stop":1766475352329,"duration":20141},"status":"broken","statusMessage":"selenium.common.exceptions.TimeoutException: Message: Can't find element by locator https://www.brainup.site/groups\n\n","statusTrace":"  File \"/home/runner/work/auto-tests-python/auto-tests-python/pages/base_page.py\", line 84, in check_expected_link\n    return Wait(self.driver, self.timeout).until(\n           ^^^^^^^^^^^^^^^^^^^^^^^^^^^^^^^^^^^^^^\n  File \"/opt/hostedtoolcache/Python/3.12.12/x64/lib/python3.12/site-packages/selenium/webdriver/support/wait.py\", line 95, in until\n    raise TimeoutException(message, screen, stacktrace)\n","steps":[],"attachments":[],"parameters":[],"stepsCount":0,"shouldDisplayMessage":true,"attachmentsCount":0,"hasContent":true,"attachmentStep":false}],"attachments":[],"parameters":[{"name":"driver","value":"<selenium.webdriver.chrome.webdriver.WebDriver (session=\"0cbdc1d632c0c0f596000a6df970d807\")>"},{"name":"main_page_open","value":"None"}],"stepsCount":1,"shouldDisplayMessage":false,"attachmentsCount":0,"hasContent":true,"attachmentStep":false}],"attachments":[],"parameters":[],"stepsCount":2,"shouldDisplayMessage":false,"attachmentsCount":0,"hasContent":true,"attachmentStep":false}],"afterStages":[{"name":"driver::0","time":{"start":1766475352345,"stop":1766475352405,"duration":60},"status":"passed","steps":[],"attachments":[],"parameters":[],"stepsCount":0,"shouldDisplayMessage":false,"attachmentsCount":0,"hasContent":false,"attachmentStep":false}],"labels":[{"name":"epic","value":"The Groups Page"},{"name":"parentSuite","value":"tests"},{"name":"suite","value":"groups_page_test"},{"name":"subSuite","value":"TestGroupsPage"},{"name":"host","value":"runnervmh13bl"},{"name":"thread","value":"2614-MainThread"},{"name":"framework","value":"pytest"},{"name":"language","value":"cpython3"},{"name":"package","value":"tests.groups_page_test"},{"name":"resultFormat","value":"allure2"}],"parameters":[],"links":[],"hidden":false,"retry":false,"extra":{"severity":"normal","retries":[],"categories":[{"name":"Test defects","matchedStatuses":[],"flaky":false}],"history":{"statistic":{"failed":0,"broken":5,"skipped":0,"passed":43,"unknown":0,"total":48},"items":[{"uid":"48777d739d8d68f4","reportUrl":"https://Brain-up.github.io/auto-tests-python/781/#testresult/48777d739d8d68f4","status":"broken","statusDetails":"selenium.common.exceptions.TimeoutException: Message: Can't find element by locator https://www.brainup.site/groups","time":{"start":1766401161552,"stop":1766401161552,"duration":0}},{"uid":"afdc081c786a9f66","reportUrl":"https://Brain-up.github.io/auto-tests-python/780/#testresult/afdc081c786a9f66","status":"passed","time":{"start":1766323809568,"stop":1766323809634,"duration":66}},{"uid":"531ffe8b7eb555af","reportUrl":"https://Brain-up.github.io/auto-tests-python/779/#testresult/531ffe8b7eb555af","status":"passed","time":{"start":1766229616811,"stop":1766229616884,"duration":73}},{"uid":"ef22aa4e6cf9a694","reportUrl":"https://Brain-up.github.io/auto-tests-python/778/#testresult/ef22aa4e6cf9a694","status":"passed","time":{"start":1766133269787,"stop":1766133269859,"duration":72}},{"uid":"4e67cdeda0101df0","reportUrl":"https://Brain-up.github.io/auto-tests-python/777/#testresult/4e67cdeda0101df0","status":"passed","time":{"start":1766051868685,"stop":1766051868753,"duration":68}},{"uid":"4517094440182433","reportUrl":"https://Brain-up.github.io/auto-tests-python/776/#testresult/4517094440182433","status":"passed","time":{"start":1765969747560,"stop":1765969747636,"duration":76}},{"uid":"6507d7bb72e5460d","reportUrl":"https://Brain-up.github.io/auto-tests-python/775/#testresult/6507d7bb72e5460d","status":"passed","time":{"start":1765882993539,"stop":1765882993608,"duration":69}},{"uid":"56ec533fed464114","reportUrl":"https://Brain-up.github.io/auto-tests-python/774/#testresult/56ec533fed464114","status":"broken","statusDetails":"selenium.common.exceptions.TimeoutException: Message: Can't find element by locator https://www.brainup.site/groups","time":{"start":1765799862795,"stop":1765799862795,"duration":0}},{"uid":"fec6df0696c52243","reportUrl":"https://Brain-up.github.io/auto-tests-python/773/#testresult/fec6df0696c52243","status":"broken","statusDetails":"selenium.common.exceptions.TimeoutException: Message: Can't find element by locator https://www.brainup.site/groups","time":{"start":1765736899151,"stop":1765736899151,"duration":0}},{"uid":"d8ecfd05f9526fe2","reportUrl":"https://Brain-up.github.io/auto-tests-python/772/#testresult/d8ecfd05f9526fe2","status":"passed","time":{"start":1765626480104,"stop":1765626480172,"duration":68}},{"uid":"ff689ba8f6bce6b1","reportUrl":"https://Brain-up.github.io/auto-tests-python/771/#testresult/ff689ba8f6bce6b1","status":"broken","statusDetails":"selenium.common.exceptions.TimeoutException: Message: Can't find element by locator https://www.brainup.site/groups","time":{"start":1765529592005,"stop":1765529592005,"duration":0}},{"uid":"40a437ad9e479a48","reportUrl":"https://Brain-up.github.io/auto-tests-python/770/#testresult/40a437ad9e479a48","status":"passed","time":{"start":1765428771127,"stop":1765428771195,"duration":68}},{"uid":"e6ec9eca90320775","reportUrl":"https://Brain-up.github.io/auto-tests-python/769/#testresult/e6ec9eca90320775","status":"passed","time":{"start":1765131343849,"stop":1765131343915,"duration":66}},{"uid":"8653da1eb507f721","reportUrl":"https://Brain-up.github.io/auto-tests-python/768/#testresult/8653da1eb507f721","status":"passed","time":{"start":1765022944942,"stop":1765022945009,"duration":67}},{"uid":"dfef84f7bc031dd2","reportUrl":"https://Brain-up.github.io/auto-tests-python/767/#testresult/dfef84f7bc031dd2","status":"passed","time":{"start":1764842217367,"stop":1764842217435,"duration":68}},{"uid":"78e66f775b2f37d4","reportUrl":"https://Brain-up.github.io/auto-tests-python/766/#testresult/78e66f775b2f37d4","status":"passed","time":{"start":1764759768577,"stop":1764759768645,"duration":68}},{"uid":"855e12d8ee113f3a","reportUrl":"https://Brain-up.github.io/auto-tests-python/765/#testresult/855e12d8ee113f3a","status":"passed","time":{"start":1764674233275,"stop":1764674233341,"duration":66}},{"uid":"1e38dbec9d6e00b5","reportUrl":"https://Brain-up.github.io/auto-tests-python/764/#testresult/1e38dbec9d6e00b5","status":"passed","time":{"start":1764588013954,"stop":1764588014024,"duration":70}},{"uid":"89a0a2d22586f5b5","reportUrl":"https://Brain-up.github.io/auto-tests-python/763/#testresult/89a0a2d22586f5b5","status":"passed","time":{"start":1764489763257,"stop":1764489763325,"duration":68}},{"uid":"1a89ee5aae442fc7","reportUrl":"https://Brain-up.github.io/auto-tests-python/762/#testresult/1a89ee5aae442fc7","status":"passed","time":{"start":1764422432069,"stop":1764422432143,"duration":74}}]},"tags":[]},"source":"970d249e3689392d.json","parameterValues":[]}