{"uid":"3da3eea3c242e005","name":"Solutions to a random task in the \"Слова Королёвой\" .","fullName":"tests.test_speech_exercises_ru.TestCardsRU#test_solve_koroleva_cards_ru","historyId":"c9fe4fbd9394e2fb5a6898be66ba433b","time":{"start":1762680471266,"stop":1762680481571,"duration":10305},"status":"skipped","statusMessage":"XFAIL\n\nselenium.common.exceptions.TimeoutException: Message: Can't find element by locator ('xpath', '//a[text()=\"Упражнения\"]')\nStacktrace:\n#0 0x562db7b95aea <unknown>\n#1 0x562db75e1cdb <unknown>\n#2 0x562db76346c4 <unknown>\n#3 0x562db7634901 <unknown>\n#4 0x562db76838b4 <unknown>\n#5 0x562db7680c87 <unknown>\n#6 0x562db7626aca <unknown>\n#7 0x562db76277d1 <unknown>\n#8 0x562db7b5cab9 <unknown>\n#9 0x562db7b5fa8c <unknown>\n#10 0x562db7b45d49 <unknown>\n#11 0x562db7b60685 <unknown>\n#12 0x562db7b2d6c3 <unknown>\n#13 0x562db7b827d8 <unknown>\n#14 0x562db7b829b3 <unknown>\n#15 0x562db7b94a83 <unknown>\n#16 0x7f814ba9caa4 <unknown>\n#17 0x7f814bb29c6c <unknown>","statusTrace":"self = <tests.test_speech_exercises_ru.TestCardsRU object at 0x7fcb945467b0>\ndriver = <selenium.webdriver.chrome.webdriver.WebDriver (session=\"45ec35442fd9c24c2db89c8a97afb43f\")>\ndefault_user_authorized = None\n\n    @pytest.mark.xfail\n    @allure.suite(\"Речевые упражнения.\")\n    @allure.title('Solutions to a random task in the \"Слова Королёвой\" .')\n    def test_solve_koroleva_cards_ru(self, driver, default_user_authorized):\n        page = SpeechExercisesPageRU(driver)\n>       page.click_button_exercises()\n\ntests/test_speech_exercises_ru.py:144: \n_ _ _ _ _ _ _ _ _ _ _ _ _ _ _ _ _ _ _ _ _ _ _ _ _ _ _ _ _ _ _ _ _ _ _ _ _ _ _ _ \npages/speech_exercises_page_ru.py:199: in click_button_exercises\n    button = self.element_is_present_and_clickable(self.locators.AuthorizedUserHomePageLocators.BUTTON_EXERCISES_RU)\npages/base_page.py:40: in element_is_present_and_clickable\n    return (Wait(self.driver, self.timeout).until(\n_ _ _ _ _ _ _ _ _ _ _ _ _ _ _ _ _ _ _ _ _ _ _ _ _ _ _ _ _ _ _ _ _ _ _ _ _ _ _ _ \n\nself = <selenium.webdriver.support.wait.WebDriverWait (session=\"45ec35442fd9c24c2db89c8a97afb43f\")>\nmethod = <function visibility_of_element_located.<locals>._predicate at 0x7fcb94418b80>\nmessage = 'Can\\'t find element by locator (\\'xpath\\', \\'//a[text()=\"Упражнения\"]\\')'\n\n    def until(self, method, message: str = \"\"):\n        \"\"\"Calls the method provided with the driver as an argument until the \\\n        return value does not evaluate to ``False``.\n    \n        :param method: callable(WebDriver)\n        :param message: optional message for :exc:`TimeoutException`\n        :returns: the result of the last call to `method`\n        :raises: :exc:`selenium.common.exceptions.TimeoutException` if timeout occurs\n        \"\"\"\n        screen = None\n        stacktrace = None\n    \n        end_time = time.monotonic() + self._timeout\n        while True:\n            try:\n                value = method(self._driver)\n                if value:\n                    return value\n            except self._ignored_exceptions as exc:\n                screen = getattr(exc, \"screen\", None)\n                stacktrace = getattr(exc, \"stacktrace\", None)\n            time.sleep(self._poll)\n            if time.monotonic() > end_time:\n                break\n>       raise TimeoutException(message, screen, stacktrace)\nE       selenium.common.exceptions.TimeoutException: Message: Can't find element by locator ('xpath', '//a[text()=\"Упражнения\"]')\nE       Stacktrace:\nE       #0 0x562db7b95aea <unknown>\nE       #1 0x562db75e1cdb <unknown>\nE       #2 0x562db76346c4 <unknown>\nE       #3 0x562db7634901 <unknown>\nE       #4 0x562db76838b4 <unknown>\nE       #5 0x562db7680c87 <unknown>\nE       #6 0x562db7626aca <unknown>\nE       #7 0x562db76277d1 <unknown>\nE       #8 0x562db7b5cab9 <unknown>\nE       #9 0x562db7b5fa8c <unknown>\nE       #10 0x562db7b45d49 <unknown>\nE       #11 0x562db7b60685 <unknown>\nE       #12 0x562db7b2d6c3 <unknown>\nE       #13 0x562db7b827d8 <unknown>\nE       #14 0x562db7b829b3 <unknown>\nE       #15 0x562db7b94a83 <unknown>\nE       #16 0x7f814ba9caa4 <unknown>\nE       #17 0x7f814bb29c6c <unknown>\n\n/opt/hostedtoolcache/Python/3.12.12/x64/lib/python3.12/site-packages/selenium/webdriver/support/wait.py:95: TimeoutException","flaky":false,"newFailed":false,"newBroken":false,"newPassed":false,"retriesCount":0,"retriesStatusChange":false,"beforeStages":[{"name":"clear_allure_results_folder","time":{"start":1762679147057,"stop":1762679147057,"duration":0},"status":"passed","steps":[],"attachments":[],"parameters":[],"stepsCount":0,"shouldDisplayMessage":false,"attachmentsCount":0,"hasContent":false,"attachmentStep":false},{"name":"driver","time":{"start":1762680465184,"stop":1762680465940,"duration":756},"status":"passed","steps":[],"attachments":[],"parameters":[],"stepsCount":0,"shouldDisplayMessage":false,"attachmentsCount":0,"hasContent":false,"attachmentStep":false},{"name":"main_page_open","time":{"start":1762680465941,"stop":1762680468854,"duration":2913},"status":"passed","steps":[{"name":"Open page: https://www.brainup.site/","time":{"start":1762680465941,"stop":1762680468854,"duration":2913},"status":"passed","steps":[],"attachments":[],"parameters":[{"name":"driver","value":"<selenium.webdriver.chrome.webdriver.WebDriver (session=\"45ec35442fd9c24c2db89c8a97afb43f\")>"}],"stepsCount":0,"shouldDisplayMessage":false,"attachmentsCount":0,"hasContent":true,"attachmentStep":false}],"attachments":[],"parameters":[],"stepsCount":1,"shouldDisplayMessage":false,"attachmentsCount":0,"hasContent":true,"attachmentStep":false},{"name":"default_user_authorized","time":{"start":1762680468854,"stop":1762680471265,"duration":2411},"status":"passed","steps":[{"name":"DEFAULT user authorized","time":{"start":1762680468854,"stop":1762680471265,"duration":2411},"status":"passed","steps":[{"name":"Check url is present: https://www.brainup.site/groups","time":{"start":1762680469223,"stop":1762680471243,"duration":2020},"status":"passed","steps":[],"attachments":[],"parameters":[],"stepsCount":0,"shouldDisplayMessage":false,"attachmentsCount":0,"hasContent":false,"attachmentStep":false},{"name":"Loader checking","time":{"start":1762680471243,"stop":1762680471265,"duration":22},"status":"passed","steps":[],"attachments":[],"parameters":[],"stepsCount":0,"shouldDisplayMessage":false,"attachmentsCount":0,"hasContent":false,"attachmentStep":false}],"attachments":[],"parameters":[{"name":"driver","value":"<selenium.webdriver.chrome.webdriver.WebDriver (session=\"45ec35442fd9c24c2db89c8a97afb43f\")>"},{"name":"main_page_open","value":"None"}],"stepsCount":2,"shouldDisplayMessage":false,"attachmentsCount":0,"hasContent":true,"attachmentStep":false}],"attachments":[],"parameters":[],"stepsCount":3,"shouldDisplayMessage":false,"attachmentsCount":0,"hasContent":true,"attachmentStep":false}],"testStage":{"status":"skipped","statusMessage":"XFAIL\n\nselenium.common.exceptions.TimeoutException: Message: Can't find element by locator ('xpath', '//a[text()=\"Упражнения\"]')\nStacktrace:\n#0 0x562db7b95aea <unknown>\n#1 0x562db75e1cdb <unknown>\n#2 0x562db76346c4 <unknown>\n#3 0x562db7634901 <unknown>\n#4 0x562db76838b4 <unknown>\n#5 0x562db7680c87 <unknown>\n#6 0x562db7626aca <unknown>\n#7 0x562db76277d1 <unknown>\n#8 0x562db7b5cab9 <unknown>\n#9 0x562db7b5fa8c <unknown>\n#10 0x562db7b45d49 <unknown>\n#11 0x562db7b60685 <unknown>\n#12 0x562db7b2d6c3 <unknown>\n#13 0x562db7b827d8 <unknown>\n#14 0x562db7b829b3 <unknown>\n#15 0x562db7b94a83 <unknown>\n#16 0x7f814ba9caa4 <unknown>\n#17 0x7f814bb29c6c <unknown>","statusTrace":"self = <tests.test_speech_exercises_ru.TestCardsRU object at 0x7fcb945467b0>\ndriver = <selenium.webdriver.chrome.webdriver.WebDriver (session=\"45ec35442fd9c24c2db89c8a97afb43f\")>\ndefault_user_authorized = None\n\n    @pytest.mark.xfail\n    @allure.suite(\"Речевые упражнения.\")\n    @allure.title('Solutions to a random task in the \"Слова Королёвой\" .')\n    def test_solve_koroleva_cards_ru(self, driver, default_user_authorized):\n        page = SpeechExercisesPageRU(driver)\n>       page.click_button_exercises()\n\ntests/test_speech_exercises_ru.py:144: \n_ _ _ _ _ _ _ _ _ _ _ _ _ _ _ _ _ _ _ _ _ _ _ _ _ _ _ _ _ _ _ _ _ _ _ _ _ _ _ _ \npages/speech_exercises_page_ru.py:199: in click_button_exercises\n    button = self.element_is_present_and_clickable(self.locators.AuthorizedUserHomePageLocators.BUTTON_EXERCISES_RU)\npages/base_page.py:40: in element_is_present_and_clickable\n    return (Wait(self.driver, self.timeout).until(\n_ _ _ _ _ _ _ _ _ _ _ _ _ _ _ _ _ _ _ _ _ _ _ _ _ _ _ _ _ _ _ _ _ _ _ _ _ _ _ _ \n\nself = <selenium.webdriver.support.wait.WebDriverWait (session=\"45ec35442fd9c24c2db89c8a97afb43f\")>\nmethod = <function visibility_of_element_located.<locals>._predicate at 0x7fcb94418b80>\nmessage = 'Can\\'t find element by locator (\\'xpath\\', \\'//a[text()=\"Упражнения\"]\\')'\n\n    def until(self, method, message: str = \"\"):\n        \"\"\"Calls the method provided with the driver as an argument until the \\\n        return value does not evaluate to ``False``.\n    \n        :param method: callable(WebDriver)\n        :param message: optional message for :exc:`TimeoutException`\n        :returns: the result of the last call to `method`\n        :raises: :exc:`selenium.common.exceptions.TimeoutException` if timeout occurs\n        \"\"\"\n        screen = None\n        stacktrace = None\n    \n        end_time = time.monotonic() + self._timeout\n        while True:\n            try:\n                value = method(self._driver)\n                if value:\n                    return value\n            except self._ignored_exceptions as exc:\n                screen = getattr(exc, \"screen\", None)\n                stacktrace = getattr(exc, \"stacktrace\", None)\n            time.sleep(self._poll)\n            if time.monotonic() > end_time:\n                break\n>       raise TimeoutException(message, screen, stacktrace)\nE       selenium.common.exceptions.TimeoutException: Message: Can't find element by locator ('xpath', '//a[text()=\"Упражнения\"]')\nE       Stacktrace:\nE       #0 0x562db7b95aea <unknown>\nE       #1 0x562db75e1cdb <unknown>\nE       #2 0x562db76346c4 <unknown>\nE       #3 0x562db7634901 <unknown>\nE       #4 0x562db76838b4 <unknown>\nE       #5 0x562db7680c87 <unknown>\nE       #6 0x562db7626aca <unknown>\nE       #7 0x562db76277d1 <unknown>\nE       #8 0x562db7b5cab9 <unknown>\nE       #9 0x562db7b5fa8c <unknown>\nE       #10 0x562db7b45d49 <unknown>\nE       #11 0x562db7b60685 <unknown>\nE       #12 0x562db7b2d6c3 <unknown>\nE       #13 0x562db7b827d8 <unknown>\nE       #14 0x562db7b829b3 <unknown>\nE       #15 0x562db7b94a83 <unknown>\nE       #16 0x7f814ba9caa4 <unknown>\nE       #17 0x7f814bb29c6c <unknown>\n\n/opt/hostedtoolcache/Python/3.12.12/x64/lib/python3.12/site-packages/selenium/webdriver/support/wait.py:95: TimeoutException","steps":[{"name":"Click button \"Упражнения\".","time":{"start":1762680471266,"stop":1762680481570,"duration":10304},"status":"broken","statusMessage":"selenium.common.exceptions.TimeoutException: Message: Can't find element by locator ('xpath', '//a[text()=\"Упражнения\"]')\nStacktrace:\n#0 0x562db7b95aea <unknown>\n#1 0x562db75e1cdb <unknown>\n#2 0x562db76346c4 <unknown>\n#3 0x562db7634901 <unknown>\n#4 0x562db76838b4 <unknown>\n#5 0x562db7680c87 <unknown>\n#6 0x562db7626aca <unknown>\n#7 0x562db76277d1 <unknown>\n#8 0x562db7b5cab9 <unknown>\n#9 0x562db7b5fa8c <unknown>\n#10 0x562db7b45d49 <unknown>\n#11 0x562db7b60685 <unknown>\n#12 0x562db7b2d6c3 <unknown>\n#13 0x562db7b827d8 <unknown>\n#14 0x562db7b829b3 <unknown>\n#15 0x562db7b94a83 <unknown>\n#16 0x7f814ba9caa4 <unknown>\n#17 0x7f814bb29c6c <unknown>\n\n","statusTrace":"  File \"/opt/hostedtoolcache/Python/3.12.12/x64/lib/python3.12/site-packages/allure_commons/_allure.py\", line 192, in impl\n    return func(*a, **kw)\n           ^^^^^^^^^^^^^^\n  File \"/home/runner/work/auto-tests-python/auto-tests-python/pages/speech_exercises_page_ru.py\", line 199, in click_button_exercises\n    button = self.element_is_present_and_clickable(self.locators.AuthorizedUserHomePageLocators.BUTTON_EXERCISES_RU)\n             ^^^^^^^^^^^^^^^^^^^^^^^^^^^^^^^^^^^^^^^^^^^^^^^^^^^^^^^^^^^^^^^^^^^^^^^^^^^^^^^^^^^^^^^^^^^^^^^^^^^^^^^\n  File \"/home/runner/work/auto-tests-python/auto-tests-python/pages/base_page.py\", line 40, in element_is_present_and_clickable\n    return (Wait(self.driver, self.timeout).until(\n            ^^^^^^^^^^^^^^^^^^^^^^^^^^^^^^^^^^^^^^\n  File \"/opt/hostedtoolcache/Python/3.12.12/x64/lib/python3.12/site-packages/selenium/webdriver/support/wait.py\", line 95, in until\n    raise TimeoutException(message, screen, stacktrace)\n","steps":[{"name":"Click button \"RU\".","time":{"start":1762680471266,"stop":1762680471334,"duration":68},"status":"passed","steps":[],"attachments":[],"parameters":[],"stepsCount":0,"shouldDisplayMessage":false,"attachmentsCount":0,"hasContent":false,"attachmentStep":false}],"attachments":[],"parameters":[],"stepsCount":1,"shouldDisplayMessage":true,"attachmentsCount":0,"hasContent":true,"attachmentStep":false}],"attachments":[],"parameters":[],"stepsCount":2,"shouldDisplayMessage":true,"attachmentsCount":0,"hasContent":true,"attachmentStep":false},"afterStages":[{"name":"driver::0","time":{"start":1762680481585,"stop":1762680481654,"duration":69},"status":"passed","steps":[],"attachments":[],"parameters":[],"stepsCount":0,"shouldDisplayMessage":false,"attachmentsCount":0,"hasContent":false,"attachmentStep":false}],"labels":[{"name":"epic","value":"Speech exercises."},{"name":"suite","value":"Речевые упражнения."},{"name":"tag","value":"@pytest.mark.xfail"},{"name":"parentSuite","value":"tests"},{"name":"subSuite","value":"TestCardsRU"},{"name":"host","value":"runnervmw9dnm"},{"name":"thread","value":"2569-MainThread"},{"name":"framework","value":"pytest"},{"name":"language","value":"cpython3"},{"name":"package","value":"tests.test_speech_exercises_ru"},{"name":"resultFormat","value":"allure2"}],"parameters":[],"links":[],"hidden":false,"retry":false,"extra":{"severity":"normal","retries":[],"categories":[],"history":{"statistic":{"failed":0,"broken":0,"skipped":8,"passed":1,"unknown":0,"total":9},"items":[{"uid":"d43332f9ee7eefdc","reportUrl":"https://Brain-up.github.io/auto-tests-python/742/#testresult/d43332f9ee7eefdc","status":"skipped","statusDetails":"XFAIL\n\nselenium.common.exceptions.TimeoutException: Message: Can't find element by locator ('xpath', '//a[text()=\"Упражнения\"]')\nStacktrace:\n#0 0x561238e39aea <unknown>\n#1 0x561238885cdb <unknown>\n#2 0x5612388d86c4 <unknown>\n#3 0x5612388d8901 <unknown>\n#4 0x5612389278b4 <unknown>\n#5 0x561238924c87 <unknown>\n#6 0x5612388caaca <unknown>\n#7 0x5612388cb7d1 <unknown>\n#8 0x561238e00ab9 <unknown>\n#9 0x561238e03a8c <unknown>\n#10 0x561238de9d49 <unknown>\n#11 0x561238e04685 <unknown>\n#12 0x561238dd16c3 <unknown>\n#13 0x561238e267d8 <unknown>\n#14 0x561238e269b3 <unknown>\n#15 0x561238e38a83 <unknown>\n#16 0x7f7f7da9caa4 <unknown>\n#17 0x7f7f7db29c6c <unknown>","time":{"start":1762597282616,"stop":1762597292932,"duration":10316}},{"uid":"2a860f9cc12c2d3e","reportUrl":"https://Brain-up.github.io/auto-tests-python/741/#testresult/2a860f9cc12c2d3e","status":"skipped","statusDetails":"XFAIL\n\nselenium.common.exceptions.TimeoutException: Message: Can't find element by locator ('xpath', '//a[text()=\"Упражнения\"]')\nStacktrace:\n#0 0x55abc3e0faea <unknown>\n#1 0x55abc385bcdb <unknown>\n#2 0x55abc38ae6c4 <unknown>\n#3 0x55abc38ae901 <unknown>\n#4 0x55abc38fd8b4 <unknown>\n#5 0x55abc38fac87 <unknown>\n#6 0x55abc38a0aca <unknown>\n#7 0x55abc38a17d1 <unknown>\n#8 0x55abc3dd6ab9 <unknown>\n#9 0x55abc3dd9a8c <unknown>\n#10 0x55abc3dbfd49 <unknown>\n#11 0x55abc3dda685 <unknown>\n#12 0x55abc3da76c3 <unknown>\n#13 0x55abc3dfc7d8 <unknown>\n#14 0x55abc3dfc9b3 <unknown>\n#15 0x55abc3e0ea83 <unknown>\n#16 0x7f697ec9caa4 <unknown>\n#17 0x7f697ed29c6c <unknown>","time":{"start":1762513395976,"stop":1762513406367,"duration":10391}},{"uid":"1796c3628a8d76db","reportUrl":"https://Brain-up.github.io/auto-tests-python/740/#testresult/1796c3628a8d76db","status":"skipped","statusDetails":"XFAIL\n\nselenium.common.exceptions.TimeoutException: Message: Can't find element by locator ('xpath', '//a[text()=\"Упражнения\"]')\nStacktrace:\n#0 0x56273ac90aea <unknown>\n#1 0x56273a6dccdb <unknown>\n#2 0x56273a72f6c4 <unknown>\n#3 0x56273a72f901 <unknown>\n#4 0x56273a77e8b4 <unknown>\n#5 0x56273a77bc87 <unknown>\n#6 0x56273a721aca <unknown>\n#7 0x56273a7227d1 <unknown>\n#8 0x56273ac57ab9 <unknown>\n#9 0x56273ac5aa8c <unknown>\n#10 0x56273ac40d49 <unknown>\n#11 0x56273ac5b685 <unknown>\n#12 0x56273ac286c3 <unknown>\n#13 0x56273ac7d7d8 <unknown>\n#14 0x56273ac7d9b3 <unknown>\n#15 0x56273ac8fa83 <unknown>\n#16 0x7f4a1e09caa4 <unknown>\n#17 0x7f4a1e129c6c <unknown>","time":{"start":1762426703122,"stop":1762426713439,"duration":10317}},{"uid":"88355a5ea30811af","reportUrl":"https://Brain-up.github.io/auto-tests-python/739/#testresult/88355a5ea30811af","status":"passed","statusDetails":"XPASS","time":{"start":1762341151468,"stop":1762341187771,"duration":36303}},{"uid":"df8b89cdd0bfa8f","reportUrl":"https://Brain-up.github.io/auto-tests-python/738/#testresult/df8b89cdd0bfa8f","status":"skipped","statusDetails":"XFAIL\n\nselenium.common.exceptions.TimeoutException: Message: Can't find element by locator ('xpath', '//a[text()=\"Упражнения\"]')\nStacktrace:\n#0 0x555565262aea <unknown>\n#1 0x555564caecdb <unknown>\n#2 0x555564d016c4 <unknown>\n#3 0x555564d01901 <unknown>\n#4 0x555564d508b4 <unknown>\n#5 0x555564d4dc87 <unknown>\n#6 0x555564cf3aca <unknown>\n#7 0x555564cf47d1 <unknown>\n#8 0x555565229ab9 <unknown>\n#9 0x55556522ca8c <unknown>\n#10 0x555565212d49 <unknown>\n#11 0x55556522d685 <unknown>\n#12 0x5555651fa6c3 <unknown>\n#13 0x55556524f7d8 <unknown>\n#14 0x55556524f9b3 <unknown>\n#15 0x555565261a83 <unknown>\n#16 0x7f1abe69caa4 <unknown>\n#17 0x7f1abe729c6c <unknown>","time":{"start":1762338154528,"stop":1762338164825,"duration":10297}},{"uid":"8a508bc1c00b1d46","reportUrl":"https://Brain-up.github.io/auto-tests-python/737/#testresult/8a508bc1c00b1d46","status":"skipped","statusDetails":"XFAIL\n\nselenium.common.exceptions.TimeoutException: Message: Can't find element by locator ('xpath', '//a[text()=\"Упражнения\"]')\nStacktrace:\n#0 0x55f7f8ed3aea <unknown>\n#1 0x55f7f891fcdb <unknown>\n#2 0x55f7f89726c4 <unknown>\n#3 0x55f7f8972901 <unknown>\n#4 0x55f7f89c18b4 <unknown>\n#5 0x55f7f89bec87 <unknown>\n#6 0x55f7f8964aca <unknown>\n#7 0x55f7f89657d1 <unknown>\n#8 0x55f7f8e9aab9 <unknown>\n#9 0x55f7f8e9da8c <unknown>\n#10 0x55f7f8e83d49 <unknown>\n#11 0x55f7f8e9e685 <unknown>\n#12 0x55f7f8e6b6c3 <unknown>\n#13 0x55f7f8ec07d8 <unknown>\n#14 0x55f7f8ec09b3 <unknown>\n#15 0x55f7f8ed2a83 <unknown>\n#16 0x7f564309caa4 <unknown>\n#17 0x7f5643129c6c <unknown>","time":{"start":1762337973814,"stop":1762337984140,"duration":10326}},{"uid":"d82daefa08dbd511","reportUrl":"https://Brain-up.github.io/auto-tests-python/2/#testresult/d82daefa08dbd511","status":"skipped","statusDetails":"XFAIL\n\nselenium.common.exceptions.TimeoutException: Message: Can't find element by locator ('xpath', '//a[text()=\"Упражнения\"]')\nStacktrace:\n#0 0x55d4f05adaea <unknown>\n#1 0x55d4efff9cdb <unknown>\n#2 0x55d4f004c6c4 <unknown>\n#3 0x55d4f004c901 <unknown>\n#4 0x55d4f009b8b4 <unknown>\n#5 0x55d4f0098c87 <unknown>\n#6 0x55d4f003eaca <unknown>\n#7 0x55d4f003f7d1 <unknown>\n#8 0x55d4f0574ab9 <unknown>\n#9 0x55d4f0577a8c <unknown>\n#10 0x55d4f055dd49 <unknown>\n#11 0x55d4f0578685 <unknown>\n#12 0x55d4f05456c3 <unknown>\n#13 0x55d4f059a7d8 <unknown>\n#14 0x55d4f059a9b3 <unknown>\n#15 0x55d4f05aca83 <unknown>\n#16 0x7fef20a9caa4 <unknown>\n#17 0x7fef20b29c6c <unknown>","time":{"start":1762337963980,"stop":1762337974293,"duration":10313}},{"uid":"c409ebd302fbabc6","reportUrl":"https://Brain-up.github.io/auto-tests-python/736/#testresult/c409ebd302fbabc6","status":"skipped","statusDetails":"XFAIL\n\nselenium.common.exceptions.TimeoutException: Message: Can't find element by locator ('xpath', '//a[text()=\"Упражнения\"]')\nStacktrace:\n#0 0x55be0fdc6aea <unknown>\n#1 0x55be0f812cdb <unknown>\n#2 0x55be0f8656c4 <unknown>\n#3 0x55be0f865901 <unknown>\n#4 0x55be0f8b48b4 <unknown>\n#5 0x55be0f8b1c87 <unknown>\n#6 0x55be0f857aca <unknown>\n#7 0x55be0f8587d1 <unknown>\n#8 0x55be0fd8dab9 <unknown>\n#9 0x55be0fd90a8c <unknown>\n#10 0x55be0fd76d49 <unknown>\n#11 0x55be0fd91685 <unknown>\n#12 0x55be0fd5e6c3 <unknown>\n#13 0x55be0fdb37d8 <unknown>\n#14 0x55be0fdb39b3 <unknown>\n#15 0x55be0fdc5a83 <unknown>\n#16 0x7fe32dc9caa4 <unknown>\n#17 0x7fe32dd29c6c <unknown>","time":{"start":1762337257598,"stop":1762337267912,"duration":10314}}]},"tags":["@pytest.mark.xfail"]},"source":"3da3eea3c242e005.json","parameterValues":[]}