{"uid":"7c18e7348981450a","name":"Select a random card from \"Similar phrases\" group and compare UI vs BACKEND data","fullName":"tests.test_speech_exercises_en.TestCardsEN#test_random_cards_in_similar_phrases_en","historyId":"106afe14e1824ad4b55b346a52794d4b","time":{"start":1762680339518,"stop":1762680349864,"duration":10346},"status":"skipped","statusMessage":"XFAIL\n\nselenium.common.exceptions.TimeoutException: Message: Can't find element by locator ('xpath', '//button[@data-test-active-link=\"Similar phrases\"]')\nStacktrace:\n#0 0x55a7e9f2baea <unknown>\n#1 0x55a7e9977cdb <unknown>\n#2 0x55a7e99ca6c4 <unknown>\n#3 0x55a7e99ca901 <unknown>\n#4 0x55a7e9a198b4 <unknown>\n#5 0x55a7e9a16c87 <unknown>\n#6 0x55a7e99bcaca <unknown>\n#7 0x55a7e99bd7d1 <unknown>\n#8 0x55a7e9ef2ab9 <unknown>\n#9 0x55a7e9ef5a8c <unknown>\n#10 0x55a7e9edbd49 <unknown>\n#11 0x55a7e9ef6685 <unknown>\n#12 0x55a7e9ec36c3 <unknown>\n#13 0x55a7e9f187d8 <unknown>\n#14 0x55a7e9f189b3 <unknown>\n#15 0x55a7e9f2aa83 <unknown>\n#16 0x7f68da49caa4 <unknown>\n#17 0x7f68da529c6c <unknown>","statusTrace":"self = <tests.test_speech_exercises_en.TestCardsEN object at 0x7fcb945a30e0>\ndriver = <selenium.webdriver.chrome.webdriver.WebDriver (session=\"967b1161f690db5c71fc3397eeed7f5c\")>\nspecialist_user_authorized = None\n\n    @pytest.mark.xfail\n    @allure.suite(\"Speech exercises EN.\")\n    @allure.title('Select a random card from \"Similar phrases\" group and compare UI vs BACKEND data')\n    def test_random_cards_in_similar_phrases_en(self, driver, specialist_user_authorized):\n        page = SpeechExercisesPage(driver)\n>       page.select_group(SpeechExercisesPageLocators.SIMILAR_PHRASES_EN)\n\ntests/test_speech_exercises_en.py:57: \n_ _ _ _ _ _ _ _ _ _ _ _ _ _ _ _ _ _ _ _ _ _ _ _ _ _ _ _ _ _ _ _ _ _ _ _ _ _ _ _ \npages/speech_exercises_page_en.py:18: in select_group\n    text_of_the_button = self.element_is_present_and_clickable(selector_for_sub_group)\npages/base_page.py:40: in element_is_present_and_clickable\n    return (Wait(self.driver, self.timeout).until(\n_ _ _ _ _ _ _ _ _ _ _ _ _ _ _ _ _ _ _ _ _ _ _ _ _ _ _ _ _ _ _ _ _ _ _ _ _ _ _ _ \n\nself = <selenium.webdriver.support.wait.WebDriverWait (session=\"967b1161f690db5c71fc3397eeed7f5c\")>\nmethod = <function visibility_of_element_located.<locals>._predicate at 0x7fcb943db380>\nmessage = 'Can\\'t find element by locator (\\'xpath\\', \\'//button[@data-test-active-link=\"Similar phrases\"]\\')'\n\n    def until(self, method, message: str = \"\"):\n        \"\"\"Calls the method provided with the driver as an argument until the \\\n        return value does not evaluate to ``False``.\n    \n        :param method: callable(WebDriver)\n        :param message: optional message for :exc:`TimeoutException`\n        :returns: the result of the last call to `method`\n        :raises: :exc:`selenium.common.exceptions.TimeoutException` if timeout occurs\n        \"\"\"\n        screen = None\n        stacktrace = None\n    \n        end_time = time.monotonic() + self._timeout\n        while True:\n            try:\n                value = method(self._driver)\n                if value:\n                    return value\n            except self._ignored_exceptions as exc:\n                screen = getattr(exc, \"screen\", None)\n                stacktrace = getattr(exc, \"stacktrace\", None)\n            time.sleep(self._poll)\n            if time.monotonic() > end_time:\n                break\n>       raise TimeoutException(message, screen, stacktrace)\nE       selenium.common.exceptions.TimeoutException: Message: Can't find element by locator ('xpath', '//button[@data-test-active-link=\"Similar phrases\"]')\nE       Stacktrace:\nE       #0 0x55a7e9f2baea <unknown>\nE       #1 0x55a7e9977cdb <unknown>\nE       #2 0x55a7e99ca6c4 <unknown>\nE       #3 0x55a7e99ca901 <unknown>\nE       #4 0x55a7e9a198b4 <unknown>\nE       #5 0x55a7e9a16c87 <unknown>\nE       #6 0x55a7e99bcaca <unknown>\nE       #7 0x55a7e99bd7d1 <unknown>\nE       #8 0x55a7e9ef2ab9 <unknown>\nE       #9 0x55a7e9ef5a8c <unknown>\nE       #10 0x55a7e9edbd49 <unknown>\nE       #11 0x55a7e9ef6685 <unknown>\nE       #12 0x55a7e9ec36c3 <unknown>\nE       #13 0x55a7e9f187d8 <unknown>\nE       #14 0x55a7e9f189b3 <unknown>\nE       #15 0x55a7e9f2aa83 <unknown>\nE       #16 0x7f68da49caa4 <unknown>\nE       #17 0x7f68da529c6c <unknown>\n\n/opt/hostedtoolcache/Python/3.12.12/x64/lib/python3.12/site-packages/selenium/webdriver/support/wait.py:95: TimeoutException","flaky":false,"newFailed":false,"newBroken":false,"newPassed":false,"retriesCount":0,"retriesStatusChange":false,"beforeStages":[{"name":"clear_allure_results_folder","time":{"start":1762679147057,"stop":1762679147057,"duration":0},"status":"passed","steps":[],"attachments":[],"parameters":[],"stepsCount":0,"shouldDisplayMessage":false,"attachmentsCount":0,"hasContent":false,"attachmentStep":false},{"name":"driver","time":{"start":1762680332901,"stop":1762680333655,"duration":754},"status":"passed","steps":[],"attachments":[],"parameters":[],"stepsCount":0,"shouldDisplayMessage":false,"attachmentsCount":0,"hasContent":false,"attachmentStep":false},{"name":"main_page_open","time":{"start":1762680333655,"stop":1762680336593,"duration":2938},"status":"passed","steps":[{"name":"Open page: https://www.brainup.site/","time":{"start":1762680333655,"stop":1762680336593,"duration":2938},"status":"passed","steps":[],"attachments":[],"parameters":[{"name":"driver","value":"<selenium.webdriver.chrome.webdriver.WebDriver (session=\"967b1161f690db5c71fc3397eeed7f5c\")>"}],"stepsCount":0,"shouldDisplayMessage":false,"attachmentsCount":0,"hasContent":true,"attachmentStep":false}],"attachments":[],"parameters":[],"stepsCount":1,"shouldDisplayMessage":false,"attachmentsCount":0,"hasContent":true,"attachmentStep":false},{"name":"specialist_user_authorized","time":{"start":1762680336593,"stop":1762680339518,"duration":2925},"status":"passed","steps":[{"name":"USER specialist authorized","time":{"start":1762680336593,"stop":1762680339518,"duration":2925},"status":"passed","steps":[{"name":"Check url is present: https://www.brainup.site/groups","time":{"start":1762680336973,"stop":1762680339495,"duration":2522},"status":"passed","steps":[],"attachments":[],"parameters":[],"stepsCount":0,"shouldDisplayMessage":false,"attachmentsCount":0,"hasContent":false,"attachmentStep":false},{"name":"Loader checking","time":{"start":1762680339495,"stop":1762680339518,"duration":23},"status":"passed","steps":[],"attachments":[],"parameters":[],"stepsCount":0,"shouldDisplayMessage":false,"attachmentsCount":0,"hasContent":false,"attachmentStep":false}],"attachments":[],"parameters":[{"name":"driver","value":"<selenium.webdriver.chrome.webdriver.WebDriver (session=\"967b1161f690db5c71fc3397eeed7f5c\")>"},{"name":"main_page_open","value":"None"}],"stepsCount":2,"shouldDisplayMessage":false,"attachmentsCount":0,"hasContent":true,"attachmentStep":false}],"attachments":[],"parameters":[],"stepsCount":3,"shouldDisplayMessage":false,"attachmentsCount":0,"hasContent":true,"attachmentStep":false}],"testStage":{"status":"skipped","statusMessage":"XFAIL\n\nselenium.common.exceptions.TimeoutException: Message: Can't find element by locator ('xpath', '//button[@data-test-active-link=\"Similar phrases\"]')\nStacktrace:\n#0 0x55a7e9f2baea <unknown>\n#1 0x55a7e9977cdb <unknown>\n#2 0x55a7e99ca6c4 <unknown>\n#3 0x55a7e99ca901 <unknown>\n#4 0x55a7e9a198b4 <unknown>\n#5 0x55a7e9a16c87 <unknown>\n#6 0x55a7e99bcaca <unknown>\n#7 0x55a7e99bd7d1 <unknown>\n#8 0x55a7e9ef2ab9 <unknown>\n#9 0x55a7e9ef5a8c <unknown>\n#10 0x55a7e9edbd49 <unknown>\n#11 0x55a7e9ef6685 <unknown>\n#12 0x55a7e9ec36c3 <unknown>\n#13 0x55a7e9f187d8 <unknown>\n#14 0x55a7e9f189b3 <unknown>\n#15 0x55a7e9f2aa83 <unknown>\n#16 0x7f68da49caa4 <unknown>\n#17 0x7f68da529c6c <unknown>","statusTrace":"self = <tests.test_speech_exercises_en.TestCardsEN object at 0x7fcb945a30e0>\ndriver = <selenium.webdriver.chrome.webdriver.WebDriver (session=\"967b1161f690db5c71fc3397eeed7f5c\")>\nspecialist_user_authorized = None\n\n    @pytest.mark.xfail\n    @allure.suite(\"Speech exercises EN.\")\n    @allure.title('Select a random card from \"Similar phrases\" group and compare UI vs BACKEND data')\n    def test_random_cards_in_similar_phrases_en(self, driver, specialist_user_authorized):\n        page = SpeechExercisesPage(driver)\n>       page.select_group(SpeechExercisesPageLocators.SIMILAR_PHRASES_EN)\n\ntests/test_speech_exercises_en.py:57: \n_ _ _ _ _ _ _ _ _ _ _ _ _ _ _ _ _ _ _ _ _ _ _ _ _ _ _ _ _ _ _ _ _ _ _ _ _ _ _ _ \npages/speech_exercises_page_en.py:18: in select_group\n    text_of_the_button = self.element_is_present_and_clickable(selector_for_sub_group)\npages/base_page.py:40: in element_is_present_and_clickable\n    return (Wait(self.driver, self.timeout).until(\n_ _ _ _ _ _ _ _ _ _ _ _ _ _ _ _ _ _ _ _ _ _ _ _ _ _ _ _ _ _ _ _ _ _ _ _ _ _ _ _ \n\nself = <selenium.webdriver.support.wait.WebDriverWait (session=\"967b1161f690db5c71fc3397eeed7f5c\")>\nmethod = <function visibility_of_element_located.<locals>._predicate at 0x7fcb943db380>\nmessage = 'Can\\'t find element by locator (\\'xpath\\', \\'//button[@data-test-active-link=\"Similar phrases\"]\\')'\n\n    def until(self, method, message: str = \"\"):\n        \"\"\"Calls the method provided with the driver as an argument until the \\\n        return value does not evaluate to ``False``.\n    \n        :param method: callable(WebDriver)\n        :param message: optional message for :exc:`TimeoutException`\n        :returns: the result of the last call to `method`\n        :raises: :exc:`selenium.common.exceptions.TimeoutException` if timeout occurs\n        \"\"\"\n        screen = None\n        stacktrace = None\n    \n        end_time = time.monotonic() + self._timeout\n        while True:\n            try:\n                value = method(self._driver)\n                if value:\n                    return value\n            except self._ignored_exceptions as exc:\n                screen = getattr(exc, \"screen\", None)\n                stacktrace = getattr(exc, \"stacktrace\", None)\n            time.sleep(self._poll)\n            if time.monotonic() > end_time:\n                break\n>       raise TimeoutException(message, screen, stacktrace)\nE       selenium.common.exceptions.TimeoutException: Message: Can't find element by locator ('xpath', '//button[@data-test-active-link=\"Similar phrases\"]')\nE       Stacktrace:\nE       #0 0x55a7e9f2baea <unknown>\nE       #1 0x55a7e9977cdb <unknown>\nE       #2 0x55a7e99ca6c4 <unknown>\nE       #3 0x55a7e99ca901 <unknown>\nE       #4 0x55a7e9a198b4 <unknown>\nE       #5 0x55a7e9a16c87 <unknown>\nE       #6 0x55a7e99bcaca <unknown>\nE       #7 0x55a7e99bd7d1 <unknown>\nE       #8 0x55a7e9ef2ab9 <unknown>\nE       #9 0x55a7e9ef5a8c <unknown>\nE       #10 0x55a7e9edbd49 <unknown>\nE       #11 0x55a7e9ef6685 <unknown>\nE       #12 0x55a7e9ec36c3 <unknown>\nE       #13 0x55a7e9f187d8 <unknown>\nE       #14 0x55a7e9f189b3 <unknown>\nE       #15 0x55a7e9f2aa83 <unknown>\nE       #16 0x7f68da49caa4 <unknown>\nE       #17 0x7f68da529c6c <unknown>\n\n/opt/hostedtoolcache/Python/3.12.12/x64/lib/python3.12/site-packages/selenium/webdriver/support/wait.py:95: TimeoutException","steps":[{"name":"select_group","time":{"start":1762680339518,"stop":1762680349863,"duration":10345},"status":"broken","statusMessage":"selenium.common.exceptions.TimeoutException: Message: Can't find element by locator ('xpath', '//button[@data-test-active-link=\"Similar phrases\"]')\nStacktrace:\n#0 0x55a7e9f2baea <unknown>\n#1 0x55a7e9977cdb <unknown>\n#2 0x55a7e99ca6c4 <unknown>\n#3 0x55a7e99ca901 <unknown>\n#4 0x55a7e9a198b4 <unknown>\n#5 0x55a7e9a16c87 <unknown>\n#6 0x55a7e99bcaca <unknown>\n#7 0x55a7e99bd7d1 <unknown>\n#8 0x55a7e9ef2ab9 <unknown>\n#9 0x55a7e9ef5a8c <unknown>\n#10 0x55a7e9edbd49 <unknown>\n#11 0x55a7e9ef6685 <unknown>\n#12 0x55a7e9ec36c3 <unknown>\n#13 0x55a7e9f187d8 <unknown>\n#14 0x55a7e9f189b3 <unknown>\n#15 0x55a7e9f2aa83 <unknown>\n#16 0x7f68da49caa4 <unknown>\n#17 0x7f68da529c6c <unknown>\n\n","statusTrace":"  File \"/opt/hostedtoolcache/Python/3.12.12/x64/lib/python3.12/site-packages/allure_commons/_allure.py\", line 192, in impl\n    return func(*a, **kw)\n           ^^^^^^^^^^^^^^\n  File \"/home/runner/work/auto-tests-python/auto-tests-python/pages/speech_exercises_page_en.py\", line 18, in select_group\n    text_of_the_button = self.element_is_present_and_clickable(selector_for_sub_group)\n                         ^^^^^^^^^^^^^^^^^^^^^^^^^^^^^^^^^^^^^^^^^^^^^^^^^^^^^^^^^^^^^\n  File \"/home/runner/work/auto-tests-python/auto-tests-python/pages/base_page.py\", line 40, in element_is_present_and_clickable\n    return (Wait(self.driver, self.timeout).until(\n            ^^^^^^^^^^^^^^^^^^^^^^^^^^^^^^^^^^^^^^\n  File \"/opt/hostedtoolcache/Python/3.12.12/x64/lib/python3.12/site-packages/selenium/webdriver/support/wait.py\", line 95, in until\n    raise TimeoutException(message, screen, stacktrace)\n","steps":[{"name":"Select Russian language. Click \"EN\" button.","time":{"start":1762680339518,"stop":1762680339596,"duration":78},"status":"passed","steps":[],"attachments":[],"parameters":[],"stepsCount":0,"shouldDisplayMessage":false,"attachmentsCount":0,"hasContent":false,"attachmentStep":false},{"name":"Click button \"SPEECH EXERCISES\".","time":{"start":1762680339596,"stop":1762680339673,"duration":77},"status":"passed","steps":[],"attachments":[],"parameters":[],"stepsCount":0,"shouldDisplayMessage":false,"attachmentsCount":0,"hasContent":false,"attachmentStep":false}],"attachments":[],"parameters":[{"name":"selector_for_sub_group","value":"('xpath', '//button[@data-test-active-link=\"Similar phrases\"]')"}],"stepsCount":2,"shouldDisplayMessage":true,"attachmentsCount":0,"hasContent":true,"attachmentStep":false}],"attachments":[],"parameters":[],"stepsCount":3,"shouldDisplayMessage":true,"attachmentsCount":0,"hasContent":true,"attachmentStep":false},"afterStages":[{"name":"driver::0","time":{"start":1762680349874,"stop":1762680349946,"duration":72},"status":"passed","steps":[],"attachments":[],"parameters":[],"stepsCount":0,"shouldDisplayMessage":false,"attachmentsCount":0,"hasContent":false,"attachmentStep":false}],"labels":[{"name":"suite","value":"Speech exercises EN."},{"name":"epic","value":"Speech exercises."},{"name":"tag","value":"@pytest.mark.xfail"},{"name":"parentSuite","value":"tests"},{"name":"subSuite","value":"TestCardsEN"},{"name":"host","value":"runnervmw9dnm"},{"name":"thread","value":"2569-MainThread"},{"name":"framework","value":"pytest"},{"name":"language","value":"cpython3"},{"name":"package","value":"tests.test_speech_exercises_en"},{"name":"resultFormat","value":"allure2"}],"parameters":[],"links":[],"hidden":false,"retry":false,"extra":{"severity":"normal","retries":[],"categories":[],"history":{"statistic":{"failed":0,"broken":0,"skipped":9,"passed":0,"unknown":0,"total":9},"items":[{"uid":"c1d45a246fce69e4","reportUrl":"https://Brain-up.github.io/auto-tests-python/742/#testresult/c1d45a246fce69e4","status":"skipped","statusDetails":"XFAIL\n\nselenium.common.exceptions.TimeoutException: Message: Can't find element by locator ('xpath', '//button[@data-test-active-link=\"Similar phrases\"]')\nStacktrace:\n#0 0x556fda21aaea <unknown>\n#1 0x556fd9c66cdb <unknown>\n#2 0x556fd9cb96c4 <unknown>\n#3 0x556fd9cb9901 <unknown>\n#4 0x556fd9d088b4 <unknown>\n#5 0x556fd9d05c87 <unknown>\n#6 0x556fd9cabaca <unknown>\n#7 0x556fd9cac7d1 <unknown>\n#8 0x556fda1e1ab9 <unknown>\n#9 0x556fda1e4a8c <unknown>\n#10 0x556fda1cad49 <unknown>\n#11 0x556fda1e5685 <unknown>\n#12 0x556fda1b26c3 <unknown>\n#13 0x556fda2077d8 <unknown>\n#14 0x556fda2079b3 <unknown>\n#15 0x556fda219a83 <unknown>\n#16 0x7fb5b7a9caa4 <unknown>\n#17 0x7fb5b7b29c6c <unknown>","time":{"start":1762597135116,"stop":1762597145477,"duration":10361}},{"uid":"2d50f73416bd05c4","reportUrl":"https://Brain-up.github.io/auto-tests-python/741/#testresult/2d50f73416bd05c4","status":"skipped","statusDetails":"XFAIL\n\nselenium.common.exceptions.TimeoutException: Message: Can't find element by locator ('xpath', '//button[@data-test-active-link=\"Similar phrases\"]')\nStacktrace:\n#0 0x557f172c2aea <unknown>\n#1 0x557f16d0ecdb <unknown>\n#2 0x557f16d616c4 <unknown>\n#3 0x557f16d61901 <unknown>\n#4 0x557f16db08b4 <unknown>\n#5 0x557f16dadc87 <unknown>\n#6 0x557f16d53aca <unknown>\n#7 0x557f16d547d1 <unknown>\n#8 0x557f17289ab9 <unknown>\n#9 0x557f1728ca8c <unknown>\n#10 0x557f17272d49 <unknown>\n#11 0x557f1728d685 <unknown>\n#12 0x557f1725a6c3 <unknown>\n#13 0x557f172af7d8 <unknown>\n#14 0x557f172af9b3 <unknown>\n#15 0x557f172c1a83 <unknown>\n#16 0x7fd212c9caa4 <unknown>\n#17 0x7fd212d29c6c <unknown>","time":{"start":1762513251445,"stop":1762513261804,"duration":10359}},{"uid":"1f2fc82cdbd0891f","reportUrl":"https://Brain-up.github.io/auto-tests-python/740/#testresult/1f2fc82cdbd0891f","status":"skipped","statusDetails":"XFAIL\n\nselenium.common.exceptions.TimeoutException: Message: Can't find element by locator ('xpath', '//button[@data-test-active-link=\"Similar phrases\"]')\nStacktrace:\n#0 0x55dbb9b50aea <unknown>\n#1 0x55dbb959ccdb <unknown>\n#2 0x55dbb95ef6c4 <unknown>\n#3 0x55dbb95ef901 <unknown>\n#4 0x55dbb963e8b4 <unknown>\n#5 0x55dbb963bc87 <unknown>\n#6 0x55dbb95e1aca <unknown>\n#7 0x55dbb95e27d1 <unknown>\n#8 0x55dbb9b17ab9 <unknown>\n#9 0x55dbb9b1aa8c <unknown>\n#10 0x55dbb9b00d49 <unknown>\n#11 0x55dbb9b1b685 <unknown>\n#12 0x55dbb9ae86c3 <unknown>\n#13 0x55dbb9b3d7d8 <unknown>\n#14 0x55dbb9b3d9b3 <unknown>\n#15 0x55dbb9b4fa83 <unknown>\n#16 0x7f8c4989caa4 <unknown>\n#17 0x7f8c49929c6c <unknown>","time":{"start":1762426571316,"stop":1762426581687,"duration":10371}},{"uid":"de8634e87aa7a0c5","reportUrl":"https://Brain-up.github.io/auto-tests-python/739/#testresult/de8634e87aa7a0c5","status":"skipped","statusDetails":"XFAIL\n\nselenium.common.exceptions.TimeoutException: Message: Can't find element by locator ('xpath', '//button[@data-test-active-link=\"Similar phrases\"]')\nStacktrace:\n#0 0x558a97bf4aea <unknown>\n#1 0x558a97640cdb <unknown>\n#2 0x558a976936c4 <unknown>\n#3 0x558a97693901 <unknown>\n#4 0x558a976e28b4 <unknown>\n#5 0x558a976dfc87 <unknown>\n#6 0x558a97685aca <unknown>\n#7 0x558a976867d1 <unknown>\n#8 0x558a97bbbab9 <unknown>\n#9 0x558a97bbea8c <unknown>\n#10 0x558a97ba4d49 <unknown>\n#11 0x558a97bbf685 <unknown>\n#12 0x558a97b8c6c3 <unknown>\n#13 0x558a97be17d8 <unknown>\n#14 0x558a97be19b3 <unknown>\n#15 0x558a97bf3a83 <unknown>\n#16 0x7f0ca8a9caa4 <unknown>\n#17 0x7f0ca8b29c6c <unknown>","time":{"start":1762340969461,"stop":1762340979814,"duration":10353}},{"uid":"f04ee4fd86e5807b","reportUrl":"https://Brain-up.github.io/auto-tests-python/738/#testresult/f04ee4fd86e5807b","status":"skipped","statusDetails":"XFAIL\n\nselenium.common.exceptions.TimeoutException: Message: Can't find element by locator ('xpath', '//button[@data-test-active-link=\"Similar phrases\"]')\nStacktrace:\n#0 0x55d2ac726aea <unknown>\n#1 0x55d2ac172cdb <unknown>\n#2 0x55d2ac1c56c4 <unknown>\n#3 0x55d2ac1c5901 <unknown>\n#4 0x55d2ac2148b4 <unknown>\n#5 0x55d2ac211c87 <unknown>\n#6 0x55d2ac1b7aca <unknown>\n#7 0x55d2ac1b87d1 <unknown>\n#8 0x55d2ac6edab9 <unknown>\n#9 0x55d2ac6f0a8c <unknown>\n#10 0x55d2ac6d6d49 <unknown>\n#11 0x55d2ac6f1685 <unknown>\n#12 0x55d2ac6be6c3 <unknown>\n#13 0x55d2ac7137d8 <unknown>\n#14 0x55d2ac7139b3 <unknown>\n#15 0x55d2ac725a83 <unknown>\n#16 0x7fb60e29caa4 <unknown>\n#17 0x7fb60e329c6c <unknown>","time":{"start":1762338015422,"stop":1762338025778,"duration":10356}},{"uid":"ec6245fa3c148535","reportUrl":"https://Brain-up.github.io/auto-tests-python/737/#testresult/ec6245fa3c148535","status":"skipped","statusDetails":"XFAIL\n\nselenium.common.exceptions.TimeoutException: Message: Can't find element by locator ('xpath', '//button[@data-test-active-link=\"Similar phrases\"]')\nStacktrace:\n#0 0x55d3ec600aea <unknown>\n#1 0x55d3ec04ccdb <unknown>\n#2 0x55d3ec09f6c4 <unknown>\n#3 0x55d3ec09f901 <unknown>\n#4 0x55d3ec0ee8b4 <unknown>\n#5 0x55d3ec0ebc87 <unknown>\n#6 0x55d3ec091aca <unknown>\n#7 0x55d3ec0927d1 <unknown>\n#8 0x55d3ec5c7ab9 <unknown>\n#9 0x55d3ec5caa8c <unknown>\n#10 0x55d3ec5b0d49 <unknown>\n#11 0x55d3ec5cb685 <unknown>\n#12 0x55d3ec5986c3 <unknown>\n#13 0x55d3ec5ed7d8 <unknown>\n#14 0x55d3ec5ed9b3 <unknown>\n#15 0x55d3ec5ffa83 <unknown>\n#16 0x7f51a889caa4 <unknown>\n#17 0x7f51a8929c6c <unknown>","time":{"start":1762337790898,"stop":1762337801253,"duration":10355}},{"uid":"e02f512295b8b5e4","reportUrl":"https://Brain-up.github.io/auto-tests-python/2/#testresult/e02f512295b8b5e4","status":"skipped","statusDetails":"XFAIL\n\nselenium.common.exceptions.TimeoutException: Message: Can't find element by locator ('xpath', '//button[@data-test-active-link=\"Similar phrases\"]')\nStacktrace:\n#0 0x5558c92feaea <unknown>\n#1 0x5558c8d4acdb <unknown>\n#2 0x5558c8d9d6c4 <unknown>\n#3 0x5558c8d9d901 <unknown>\n#4 0x5558c8dec8b4 <unknown>\n#5 0x5558c8de9c87 <unknown>\n#6 0x5558c8d8faca <unknown>\n#7 0x5558c8d907d1 <unknown>\n#8 0x5558c92c5ab9 <unknown>\n#9 0x5558c92c8a8c <unknown>\n#10 0x5558c92aed49 <unknown>\n#11 0x5558c92c9685 <unknown>\n#12 0x5558c92966c3 <unknown>\n#13 0x5558c92eb7d8 <unknown>\n#14 0x5558c92eb9b3 <unknown>\n#15 0x5558c92fda83 <unknown>\n#16 0x7f3907e9caa4 <unknown>\n#17 0x7f3907f29c6c <unknown>","time":{"start":1762337807702,"stop":1762337818108,"duration":10406}},{"uid":"1693112b7751ae71","reportUrl":"https://Brain-up.github.io/auto-tests-python/736/#testresult/1693112b7751ae71","status":"skipped","statusDetails":"XFAIL\n\nselenium.common.exceptions.TimeoutException: Message: Can't find element by locator ('xpath', '//button[@data-test-active-link=\"Similar phrases\"]')\nStacktrace:\n#0 0x55628c570aea <unknown>\n#1 0x55628bfbccdb <unknown>\n#2 0x55628c00f6c4 <unknown>\n#3 0x55628c00f901 <unknown>\n#4 0x55628c05e8b4 <unknown>\n#5 0x55628c05bc87 <unknown>\n#6 0x55628c001aca <unknown>\n#7 0x55628c0027d1 <unknown>\n#8 0x55628c537ab9 <unknown>\n#9 0x55628c53aa8c <unknown>\n#10 0x55628c520d49 <unknown>\n#11 0x55628c53b685 <unknown>\n#12 0x55628c5086c3 <unknown>\n#13 0x55628c55d7d8 <unknown>\n#14 0x55628c55d9b3 <unknown>\n#15 0x55628c56fa83 <unknown>\n#16 0x7f01c5c9caa4 <unknown>\n#17 0x7f01c5d29c6c <unknown>","time":{"start":1762337131606,"stop":1762337141965,"duration":10359}}]},"tags":["@pytest.mark.xfail"]},"source":"7c18e7348981450a.json","parameterValues":[]}