{"uid":"55ec677e2e6dc50c","name":"Check progres-bar and buttons.","fullName":"tests.test_speech_exercises_en.TestCardsEN#test_progress_bar_is_present_en","historyId":"efb827312bdd34b296637645e49b0897","time":{"start":1768298749072,"stop":1768298759410,"duration":10338},"status":"skipped","statusMessage":"XFAIL\n\nselenium.common.exceptions.TimeoutException: Message: Can't find element by locator ('xpath', '//button[@data-test-active-link=\"Words\"]')\nStacktrace:\n#0 0x562f93fb261a <unknown>\n#1 0x562f93a2f20b <unknown>\n#2 0x562f93a8090f <unknown>\n#3 0x562f93a80b51 <unknown>\n#4 0x562f93aced84 <unknown>\n#5 0x562f93acc20e <unknown>\n#6 0x562f93a73232 <unknown>\n#7 0x562f93a73ee1 <unknown>\n#8 0x562f93f7b3f9 <unknown>\n#9 0x562f93f7e34d <unknown>\n#10 0x562f93f64122 <unknown>\n#11 0x562f93f7ef2b <unknown>\n#12 0x562f93f4ac30 <unknown>\n#13 0x562f93f9fd78 <unknown>\n#14 0x562f93f9ff4c <unknown>\n#15 0x562f93fb1973 <unknown>\n#16 0x7fc202a9caa4 <unknown>\n#17 0x7fc202b29c6c <unknown>","statusTrace":"self = <tests.test_speech_exercises_en.TestCardsEN object at 0x7fd6469a0bc0>\ndriver = <selenium.webdriver.chrome.webdriver.WebDriver (session=\"f402757c1c584362a66b47f265e0d3a8\")>\nspecialist_user_authorized = None\n\n    @pytest.mark.xfail\n    @allure.suite(\"Speech exercises EN.\")\n    @allure.title('Check progres-bar and buttons.')\n    def test_progress_bar_is_present_en(self, driver, specialist_user_authorized):\n        page = SpeechExercisesPage(driver)\n>       page.select_group(SpeechExercisesPageLocators.WORDS_BUTTON_EN)\n\ntests/test_speech_exercises_en.py:34: \n_ _ _ _ _ _ _ _ _ _ _ _ _ _ _ _ _ _ _ _ _ _ _ _ _ _ _ _ _ _ _ _ _ _ _ _ _ _ _ _ \npages/speech_exercises_page_en.py:18: in select_group\n    text_of_the_button = self.element_is_present_and_clickable(selector_for_sub_group)\npages/base_page.py:40: in element_is_present_and_clickable\n    return (Wait(self.driver, self.timeout).until(\n_ _ _ _ _ _ _ _ _ _ _ _ _ _ _ _ _ _ _ _ _ _ _ _ _ _ _ _ _ _ _ _ _ _ _ _ _ _ _ _ \n\nself = <selenium.webdriver.support.wait.WebDriverWait (session=\"f402757c1c584362a66b47f265e0d3a8\")>\nmethod = <function visibility_of_element_located.<locals>._predicate at 0x7fd646776340>\nmessage = 'Can\\'t find element by locator (\\'xpath\\', \\'//button[@data-test-active-link=\"Words\"]\\')'\n\n    def until(self, method, message: str = \"\"):\n        \"\"\"Calls the method provided with the driver as an argument until the \\\n        return value does not evaluate to ``False``.\n    \n        :param method: callable(WebDriver)\n        :param message: optional message for :exc:`TimeoutException`\n        :returns: the result of the last call to `method`\n        :raises: :exc:`selenium.common.exceptions.TimeoutException` if timeout occurs\n        \"\"\"\n        screen = None\n        stacktrace = None\n    \n        end_time = time.monotonic() + self._timeout\n        while True:\n            try:\n                value = method(self._driver)\n                if value:\n                    return value\n            except self._ignored_exceptions as exc:\n                screen = getattr(exc, \"screen\", None)\n                stacktrace = getattr(exc, \"stacktrace\", None)\n            time.sleep(self._poll)\n            if time.monotonic() > end_time:\n                break\n>       raise TimeoutException(message, screen, stacktrace)\nE       selenium.common.exceptions.TimeoutException: Message: Can't find element by locator ('xpath', '//button[@data-test-active-link=\"Words\"]')\nE       Stacktrace:\nE       #0 0x562f93fb261a <unknown>\nE       #1 0x562f93a2f20b <unknown>\nE       #2 0x562f93a8090f <unknown>\nE       #3 0x562f93a80b51 <unknown>\nE       #4 0x562f93aced84 <unknown>\nE       #5 0x562f93acc20e <unknown>\nE       #6 0x562f93a73232 <unknown>\nE       #7 0x562f93a73ee1 <unknown>\nE       #8 0x562f93f7b3f9 <unknown>\nE       #9 0x562f93f7e34d <unknown>\nE       #10 0x562f93f64122 <unknown>\nE       #11 0x562f93f7ef2b <unknown>\nE       #12 0x562f93f4ac30 <unknown>\nE       #13 0x562f93f9fd78 <unknown>\nE       #14 0x562f93f9ff4c <unknown>\nE       #15 0x562f93fb1973 <unknown>\nE       #16 0x7fc202a9caa4 <unknown>\nE       #17 0x7fc202b29c6c <unknown>\n\n/opt/hostedtoolcache/Python/3.12.12/x64/lib/python3.12/site-packages/selenium/webdriver/support/wait.py:95: TimeoutException","flaky":false,"newFailed":false,"newBroken":false,"newPassed":false,"retriesCount":0,"retriesStatusChange":false,"beforeStages":[{"name":"clear_allure_results_folder","time":{"start":1768297539977,"stop":1768297539977,"duration":0},"status":"passed","steps":[],"attachments":[],"parameters":[],"stepsCount":0,"shouldDisplayMessage":false,"attachmentsCount":0,"hasContent":false,"attachmentStep":false},{"name":"driver","time":{"start":1768298742867,"stop":1768298743626,"duration":759},"status":"passed","steps":[],"attachments":[],"parameters":[],"stepsCount":0,"shouldDisplayMessage":false,"attachmentsCount":0,"hasContent":false,"attachmentStep":false},{"name":"main_page_open","time":{"start":1768298743626,"stop":1768298746668,"duration":3042},"status":"passed","steps":[{"name":"Open page: https://www.brainup.site/","time":{"start":1768298743626,"stop":1768298746668,"duration":3042},"status":"passed","steps":[],"attachments":[],"parameters":[{"name":"driver","value":"<selenium.webdriver.chrome.webdriver.WebDriver (session=\"f402757c1c584362a66b47f265e0d3a8\")>"}],"stepsCount":0,"shouldDisplayMessage":false,"attachmentsCount":0,"hasContent":true,"attachmentStep":false}],"attachments":[],"parameters":[],"stepsCount":1,"shouldDisplayMessage":false,"attachmentsCount":0,"hasContent":true,"attachmentStep":false},{"name":"specialist_user_authorized","time":{"start":1768298746668,"stop":1768298749072,"duration":2404},"status":"passed","steps":[{"name":"USER specialist authorized","time":{"start":1768298746668,"stop":1768298749072,"duration":2404},"status":"passed","steps":[{"name":"Check url is present: https://www.brainup.site/groups","time":{"start":1768298747032,"stop":1768298749049,"duration":2017},"status":"passed","steps":[],"attachments":[],"parameters":[],"stepsCount":0,"shouldDisplayMessage":false,"attachmentsCount":0,"hasContent":false,"attachmentStep":false},{"name":"Loader checking","time":{"start":1768298749049,"stop":1768298749072,"duration":23},"status":"passed","steps":[],"attachments":[],"parameters":[],"stepsCount":0,"shouldDisplayMessage":false,"attachmentsCount":0,"hasContent":false,"attachmentStep":false}],"attachments":[],"parameters":[{"name":"driver","value":"<selenium.webdriver.chrome.webdriver.WebDriver (session=\"f402757c1c584362a66b47f265e0d3a8\")>"},{"name":"main_page_open","value":"None"}],"stepsCount":2,"shouldDisplayMessage":false,"attachmentsCount":0,"hasContent":true,"attachmentStep":false}],"attachments":[],"parameters":[],"stepsCount":3,"shouldDisplayMessage":false,"attachmentsCount":0,"hasContent":true,"attachmentStep":false}],"testStage":{"status":"skipped","statusMessage":"XFAIL\n\nselenium.common.exceptions.TimeoutException: Message: Can't find element by locator ('xpath', '//button[@data-test-active-link=\"Words\"]')\nStacktrace:\n#0 0x562f93fb261a <unknown>\n#1 0x562f93a2f20b <unknown>\n#2 0x562f93a8090f <unknown>\n#3 0x562f93a80b51 <unknown>\n#4 0x562f93aced84 <unknown>\n#5 0x562f93acc20e <unknown>\n#6 0x562f93a73232 <unknown>\n#7 0x562f93a73ee1 <unknown>\n#8 0x562f93f7b3f9 <unknown>\n#9 0x562f93f7e34d <unknown>\n#10 0x562f93f64122 <unknown>\n#11 0x562f93f7ef2b <unknown>\n#12 0x562f93f4ac30 <unknown>\n#13 0x562f93f9fd78 <unknown>\n#14 0x562f93f9ff4c <unknown>\n#15 0x562f93fb1973 <unknown>\n#16 0x7fc202a9caa4 <unknown>\n#17 0x7fc202b29c6c <unknown>","statusTrace":"self = <tests.test_speech_exercises_en.TestCardsEN object at 0x7fd6469a0bc0>\ndriver = <selenium.webdriver.chrome.webdriver.WebDriver (session=\"f402757c1c584362a66b47f265e0d3a8\")>\nspecialist_user_authorized = None\n\n    @pytest.mark.xfail\n    @allure.suite(\"Speech exercises EN.\")\n    @allure.title('Check progres-bar and buttons.')\n    def test_progress_bar_is_present_en(self, driver, specialist_user_authorized):\n        page = SpeechExercisesPage(driver)\n>       page.select_group(SpeechExercisesPageLocators.WORDS_BUTTON_EN)\n\ntests/test_speech_exercises_en.py:34: \n_ _ _ _ _ _ _ _ _ _ _ _ _ _ _ _ _ _ _ _ _ _ _ _ _ _ _ _ _ _ _ _ _ _ _ _ _ _ _ _ \npages/speech_exercises_page_en.py:18: in select_group\n    text_of_the_button = self.element_is_present_and_clickable(selector_for_sub_group)\npages/base_page.py:40: in element_is_present_and_clickable\n    return (Wait(self.driver, self.timeout).until(\n_ _ _ _ _ _ _ _ _ _ _ _ _ _ _ _ _ _ _ _ _ _ _ _ _ _ _ _ _ _ _ _ _ _ _ _ _ _ _ _ \n\nself = <selenium.webdriver.support.wait.WebDriverWait (session=\"f402757c1c584362a66b47f265e0d3a8\")>\nmethod = <function visibility_of_element_located.<locals>._predicate at 0x7fd646776340>\nmessage = 'Can\\'t find element by locator (\\'xpath\\', \\'//button[@data-test-active-link=\"Words\"]\\')'\n\n    def until(self, method, message: str = \"\"):\n        \"\"\"Calls the method provided with the driver as an argument until the \\\n        return value does not evaluate to ``False``.\n    \n        :param method: callable(WebDriver)\n        :param message: optional message for :exc:`TimeoutException`\n        :returns: the result of the last call to `method`\n        :raises: :exc:`selenium.common.exceptions.TimeoutException` if timeout occurs\n        \"\"\"\n        screen = None\n        stacktrace = None\n    \n        end_time = time.monotonic() + self._timeout\n        while True:\n            try:\n                value = method(self._driver)\n                if value:\n                    return value\n            except self._ignored_exceptions as exc:\n                screen = getattr(exc, \"screen\", None)\n                stacktrace = getattr(exc, \"stacktrace\", None)\n            time.sleep(self._poll)\n            if time.monotonic() > end_time:\n                break\n>       raise TimeoutException(message, screen, stacktrace)\nE       selenium.common.exceptions.TimeoutException: Message: Can't find element by locator ('xpath', '//button[@data-test-active-link=\"Words\"]')\nE       Stacktrace:\nE       #0 0x562f93fb261a <unknown>\nE       #1 0x562f93a2f20b <unknown>\nE       #2 0x562f93a8090f <unknown>\nE       #3 0x562f93a80b51 <unknown>\nE       #4 0x562f93aced84 <unknown>\nE       #5 0x562f93acc20e <unknown>\nE       #6 0x562f93a73232 <unknown>\nE       #7 0x562f93a73ee1 <unknown>\nE       #8 0x562f93f7b3f9 <unknown>\nE       #9 0x562f93f7e34d <unknown>\nE       #10 0x562f93f64122 <unknown>\nE       #11 0x562f93f7ef2b <unknown>\nE       #12 0x562f93f4ac30 <unknown>\nE       #13 0x562f93f9fd78 <unknown>\nE       #14 0x562f93f9ff4c <unknown>\nE       #15 0x562f93fb1973 <unknown>\nE       #16 0x7fc202a9caa4 <unknown>\nE       #17 0x7fc202b29c6c <unknown>\n\n/opt/hostedtoolcache/Python/3.12.12/x64/lib/python3.12/site-packages/selenium/webdriver/support/wait.py:95: TimeoutException","steps":[{"name":"select_group","time":{"start":1768298749072,"stop":1768298759409,"duration":10337},"status":"broken","statusMessage":"selenium.common.exceptions.TimeoutException: Message: Can't find element by locator ('xpath', '//button[@data-test-active-link=\"Words\"]')\nStacktrace:\n#0 0x562f93fb261a <unknown>\n#1 0x562f93a2f20b <unknown>\n#2 0x562f93a8090f <unknown>\n#3 0x562f93a80b51 <unknown>\n#4 0x562f93aced84 <unknown>\n#5 0x562f93acc20e <unknown>\n#6 0x562f93a73232 <unknown>\n#7 0x562f93a73ee1 <unknown>\n#8 0x562f93f7b3f9 <unknown>\n#9 0x562f93f7e34d <unknown>\n#10 0x562f93f64122 <unknown>\n#11 0x562f93f7ef2b <unknown>\n#12 0x562f93f4ac30 <unknown>\n#13 0x562f93f9fd78 <unknown>\n#14 0x562f93f9ff4c <unknown>\n#15 0x562f93fb1973 <unknown>\n#16 0x7fc202a9caa4 <unknown>\n#17 0x7fc202b29c6c <unknown>\n\n","statusTrace":"  File \"/opt/hostedtoolcache/Python/3.12.12/x64/lib/python3.12/site-packages/allure_commons/_allure.py\", line 192, in impl\n    return func(*a, **kw)\n           ^^^^^^^^^^^^^^\n  File \"/home/runner/work/auto-tests-python/auto-tests-python/pages/speech_exercises_page_en.py\", line 18, in select_group\n    text_of_the_button = self.element_is_present_and_clickable(selector_for_sub_group)\n                         ^^^^^^^^^^^^^^^^^^^^^^^^^^^^^^^^^^^^^^^^^^^^^^^^^^^^^^^^^^^^^\n  File \"/home/runner/work/auto-tests-python/auto-tests-python/pages/base_page.py\", line 40, in element_is_present_and_clickable\n    return (Wait(self.driver, self.timeout).until(\n            ^^^^^^^^^^^^^^^^^^^^^^^^^^^^^^^^^^^^^^\n  File \"/opt/hostedtoolcache/Python/3.12.12/x64/lib/python3.12/site-packages/selenium/webdriver/support/wait.py\", line 95, in until\n    raise TimeoutException(message, screen, stacktrace)\n","steps":[{"name":"Select Russian language. Click \"EN\" button.","time":{"start":1768298749072,"stop":1768298749148,"duration":76},"status":"passed","steps":[],"attachments":[],"parameters":[],"stepsCount":0,"shouldDisplayMessage":false,"attachmentsCount":0,"hasContent":false,"attachmentStep":false},{"name":"Click button \"SPEECH EXERCISES\".","time":{"start":1768298749148,"stop":1768298749223,"duration":75},"status":"passed","steps":[],"attachments":[],"parameters":[],"stepsCount":0,"shouldDisplayMessage":false,"attachmentsCount":0,"hasContent":false,"attachmentStep":false}],"attachments":[],"parameters":[{"name":"selector_for_sub_group","value":"('xpath', '//button[@data-test-active-link=\"Words\"]')"}],"stepsCount":2,"shouldDisplayMessage":true,"attachmentsCount":0,"hasContent":true,"attachmentStep":false}],"attachments":[],"parameters":[],"stepsCount":3,"shouldDisplayMessage":true,"attachmentsCount":0,"hasContent":true,"attachmentStep":false},"afterStages":[{"name":"driver::0","time":{"start":1768298759420,"stop":1768298760486,"duration":1066},"status":"passed","steps":[],"attachments":[],"parameters":[],"stepsCount":0,"shouldDisplayMessage":false,"attachmentsCount":0,"hasContent":false,"attachmentStep":false}],"labels":[{"name":"epic","value":"Speech exercises."},{"name":"suite","value":"Speech exercises EN."},{"name":"tag","value":"@pytest.mark.xfail"},{"name":"parentSuite","value":"tests"},{"name":"subSuite","value":"TestCardsEN"},{"name":"host","value":"runnervmi13qx"},{"name":"thread","value":"2637-MainThread"},{"name":"framework","value":"pytest"},{"name":"language","value":"cpython3"},{"name":"package","value":"tests.test_speech_exercises_en"},{"name":"resultFormat","value":"allure2"}],"parameters":[],"links":[],"hidden":false,"retry":false,"extra":{"severity":"normal","retries":[],"categories":[],"history":{"statistic":{"failed":0,"broken":0,"skipped":8,"passed":0,"unknown":0,"total":8},"items":[{"uid":"19a0082acf9e509","reportUrl":"https://Brain-up.github.io/auto-tests-python/800/#testresult/19a0082acf9e509","status":"skipped","statusDetails":"XFAIL\n\nselenium.common.exceptions.TimeoutException: Message: Can't find element by locator ('xpath', '//button[@data-test-active-link=\"Words\"]')\nStacktrace:\n#0 0x5646c34f961a <unknown>\n#1 0x5646c2f7620b <unknown>\n#2 0x5646c2fc790f <unknown>\n#3 0x5646c2fc7b51 <unknown>\n#4 0x5646c3015d84 <unknown>\n#5 0x5646c301320e <unknown>\n#6 0x5646c2fba232 <unknown>\n#7 0x5646c2fbaee1 <unknown>\n#8 0x5646c34c23f9 <unknown>\n#9 0x5646c34c534d <unknown>\n#10 0x5646c34ab122 <unknown>\n#11 0x5646c34c5f2b <unknown>\n#12 0x5646c3491c30 <unknown>\n#13 0x5646c34e6d78 <unknown>\n#14 0x5646c34e6f4c <unknown>\n#15 0x5646c34f8973 <unknown>\n#16 0x7fe69dc9caa4 <unknown>\n#17 0x7fe69dd29c6c <unknown>","time":{"start":1768195560956,"stop":1768195571307,"duration":10351}},{"uid":"959551a448682d1f","reportUrl":"https://Brain-up.github.io/auto-tests-python/799/#testresult/959551a448682d1f","status":"skipped","statusDetails":"XFAIL\n\nselenium.common.exceptions.TimeoutException: Message: Can't find element by locator ('xpath', '//button[@data-test-active-link=\"Words\"]')\nStacktrace:\n#0 0x5620b7d1661a <unknown>\n#1 0x5620b779320b <unknown>\n#2 0x5620b77e490f <unknown>\n#3 0x5620b77e4b51 <unknown>\n#4 0x5620b7832d84 <unknown>\n#5 0x5620b783020e <unknown>\n#6 0x5620b77d7232 <unknown>\n#7 0x5620b77d7ee1 <unknown>\n#8 0x5620b7cdf3f9 <unknown>\n#9 0x5620b7ce234d <unknown>\n#10 0x5620b7cc8122 <unknown>\n#11 0x5620b7ce2f2b <unknown>\n#12 0x5620b7caec30 <unknown>\n#13 0x5620b7d03d78 <unknown>\n#14 0x5620b7d03f4c <unknown>\n#15 0x5620b7d15973 <unknown>\n#16 0x7f6742c9caa4 <unknown>\n#17 0x7f6742d29c6c <unknown>","time":{"start":1768045821309,"stop":1768045831667,"duration":10358}},{"uid":"ce026509e14decf1","reportUrl":"https://Brain-up.github.io/auto-tests-python/798/#testresult/ce026509e14decf1","status":"skipped","statusDetails":"XFAIL\n\nselenium.common.exceptions.TimeoutException: Message: Can't find element by locator ('xpath', '//button[@data-test-active-link=\"Words\"]')\nStacktrace:\n#0 0x561c9136861a <unknown>\n#1 0x561c90de520b <unknown>\n#2 0x561c90e3690f <unknown>\n#3 0x561c90e36b51 <unknown>\n#4 0x561c90e84d84 <unknown>\n#5 0x561c90e8220e <unknown>\n#6 0x561c90e29232 <unknown>\n#7 0x561c90e29ee1 <unknown>\n#8 0x561c913313f9 <unknown>\n#9 0x561c9133434d <unknown>\n#10 0x561c9131a122 <unknown>\n#11 0x561c91334f2b <unknown>\n#12 0x561c91300c30 <unknown>\n#13 0x561c91355d78 <unknown>\n#14 0x561c91355f4c <unknown>\n#15 0x561c91367973 <unknown>\n#16 0x7eff2a69caa4 <unknown>\n#17 0x7eff2a729c6c <unknown>","time":{"start":1767952505210,"stop":1767952515579,"duration":10369}},{"uid":"51f9fbf37666d031","reportUrl":"https://Brain-up.github.io/auto-tests-python/797/#testresult/51f9fbf37666d031","status":"skipped","statusDetails":"XFAIL\n\nselenium.common.exceptions.TimeoutException: Message: Can't find element by locator ('xpath', '//button[@data-test-active-link=\"Words\"]')\nStacktrace:\n#0 0x555be82de19a <unknown>\n#1 0x555be7d5bc4b <unknown>\n#2 0x555be7dad318 <unknown>\n#3 0x555be7dad551 <unknown>\n#4 0x555be7dfb764 <unknown>\n#5 0x555be7df8bee <unknown>\n#6 0x555be7d9fc42 <unknown>\n#7 0x555be7da08f1 <unknown>\n#8 0x555be82a6f39 <unknown>\n#9 0x555be82a9e7d <unknown>\n#10 0x555be828fc81 <unknown>\n#11 0x555be82aaa5b <unknown>\n#12 0x555be8276a50 <unknown>\n#13 0x555be82cbaa8 <unknown>\n#14 0x555be82cbc79 <unknown>\n#15 0x555be82dd4f3 <unknown>\n#16 0x7fed9029caa4 <unknown>\n#17 0x7fed90329c6c <unknown>","time":{"start":1767867998227,"stop":1767868008579,"duration":10352}},{"uid":"f0fc23733cea4414","reportUrl":"https://Brain-up.github.io/auto-tests-python/796/#testresult/f0fc23733cea4414","status":"skipped","statusDetails":"XFAIL\n\nselenium.common.exceptions.TimeoutException: Message: Can't find element by locator ('xpath', '//button[@data-test-active-link=\"Words\"]')\nStacktrace:\n#0 0x55a61985319a <unknown>\n#1 0x55a6192d0c4b <unknown>\n#2 0x55a619322318 <unknown>\n#3 0x55a619322551 <unknown>\n#4 0x55a619370764 <unknown>\n#5 0x55a61936dbee <unknown>\n#6 0x55a619314c42 <unknown>\n#7 0x55a6193158f1 <unknown>\n#8 0x55a61981bf39 <unknown>\n#9 0x55a61981ee7d <unknown>\n#10 0x55a619804c81 <unknown>\n#11 0x55a61981fa5b <unknown>\n#12 0x55a6197eba50 <unknown>\n#13 0x55a619840aa8 <unknown>\n#14 0x55a619840c79 <unknown>\n#15 0x55a6198524f3 <unknown>\n#16 0x7f4d4329caa4 <unknown>\n#17 0x7f4d43329c6c <unknown>","time":{"start":1767792660049,"stop":1767792670393,"duration":10344}},{"uid":"6893cfec401556cb","reportUrl":"https://Brain-up.github.io/auto-tests-python/795/#testresult/6893cfec401556cb","status":"skipped","statusDetails":"XFAIL\n\nselenium.common.exceptions.TimeoutException: Message: Can't find element by locator ('xpath', '//button[@data-test-active-link=\"Words\"]')\nStacktrace:\n#0 0x5623bd9c719a <unknown>\n#1 0x5623bd444c4b <unknown>\n#2 0x5623bd496318 <unknown>\n#3 0x5623bd496551 <unknown>\n#4 0x5623bd4e4764 <unknown>\n#5 0x5623bd4e1bee <unknown>\n#6 0x5623bd488c42 <unknown>\n#7 0x5623bd4898f1 <unknown>\n#8 0x5623bd98ff39 <unknown>\n#9 0x5623bd992e7d <unknown>\n#10 0x5623bd978c81 <unknown>\n#11 0x5623bd993a5b <unknown>\n#12 0x5623bd95fa50 <unknown>\n#13 0x5623bd9b4aa8 <unknown>\n#14 0x5623bd9b4c79 <unknown>\n#15 0x5623bd9c64f3 <unknown>\n#16 0x7ffa2f49caa4 <unknown>\n#17 0x7ffa2f529c6c <unknown>","time":{"start":1767707367117,"stop":1767707377508,"duration":10391}},{"uid":"217388ef2cc69994","reportUrl":"https://Brain-up.github.io/auto-tests-python/794/#testresult/217388ef2cc69994","status":"skipped","statusDetails":"XFAIL\n\nselenium.common.exceptions.TimeoutException: Message: Can't find element by locator ('xpath', '//button[@data-test-active-link=\"Words\"]')\nStacktrace:\n#0 0x55a014a1219a <unknown>\n#1 0x55a01448fc4b <unknown>\n#2 0x55a0144e1318 <unknown>\n#3 0x55a0144e1551 <unknown>\n#4 0x55a01452f764 <unknown>\n#5 0x55a01452cbee <unknown>\n#6 0x55a0144d3c42 <unknown>\n#7 0x55a0144d48f1 <unknown>\n#8 0x55a0149daf39 <unknown>\n#9 0x55a0149dde7d <unknown>\n#10 0x55a0149c3c81 <unknown>\n#11 0x55a0149dea5b <unknown>\n#12 0x55a0149aaa50 <unknown>\n#13 0x55a0149ffaa8 <unknown>\n#14 0x55a0149ffc79 <unknown>\n#15 0x55a014a114f3 <unknown>\n#16 0x7f58f6c9caa4 <unknown>\n#17 0x7f58f6d29c6c <unknown>","time":{"start":1767702500827,"stop":1767702511180,"duration":10353}}]},"tags":["@pytest.mark.xfail"]},"source":"55ec677e2e6dc50c.json","parameterValues":[]}