{"uid":"22683ff5447b0b05","name":"Solutions to a random task in the \"Слова\" .","fullName":"tests.test_speech_exercises_ru.TestCardsRU#test_solve_word_cards_ru","historyId":"97a1dfc93de55b98f3507f18d0af26f8","time":{"start":1771697236115,"stop":1771697246550,"duration":10435},"status":"skipped","statusMessage":"XFAIL\n\nselenium.common.exceptions.TimeoutException: Message: Can't find element by locator ('xpath', '//a[text()=\"Упражнения\"]')\nStacktrace:\n#0 0x55f6dfbc44ba <unknown>\n#1 0x55f6df62d492 <unknown>\n#2 0x55f6df6829b6 <unknown>\n#3 0x55f6df682bf1 <unknown>\n#4 0x55f6df6ce4d4 <unknown>\n#5 0x55f6df6cb700 <unknown>\n#6 0x55f6df6746a2 <unknown>\n#7 0x55f6df675491 <unknown>\n#8 0x55f6dfb8a479 <unknown>\n#9 0x55f6dfb8d391 <unknown>\n#10 0x55f6dfb76a89 <unknown>\n#11 0x55f6dfb8df4e <unknown>\n#12 0x55f6dfb5d070 <unknown>\n#13 0x55f6dfbb1ca8 <unknown>\n#14 0x55f6dfbb1e78 <unknown>\n#15 0x55f6dfbc3828 <unknown>\n#16 0x7f6c1a29caa4 <unknown>\n#17 0x7f6c1a329c6c <unknown>","statusTrace":"self = <tests.test_speech_exercises_ru.TestCardsRU object at 0x7f0a614950a0>\ndriver = <selenium.webdriver.chrome.webdriver.WebDriver (session=\"48d065ee7d1b7d2268d45ebde72485f4\")>\ndefault_user_authorized = None\n\n    @pytest.mark.xfail\n    @allure.suite(\"Речевые упражнения.\")\n    @allure.title('Solutions to a random task in the \"Слова\" .')\n    def test_solve_word_cards_ru(self, driver, default_user_authorized):\n        page = SpeechExercisesPageRU(driver)\n>       page.click_button_exercises()\n\ntests/test_speech_exercises_ru.py:124: \n_ _ _ _ _ _ _ _ _ _ _ _ _ _ _ _ _ _ _ _ _ _ _ _ _ _ _ _ _ _ _ _ _ _ _ _ _ _ _ _ \npages/speech_exercises_page_ru.py:199: in click_button_exercises\n    button = self.element_is_present_and_clickable(self.locators.AuthorizedUserHomePageLocators.BUTTON_EXERCISES_RU)\npages/base_page.py:40: in element_is_present_and_clickable\n    return (Wait(self.driver, self.timeout).until(\n_ _ _ _ _ _ _ _ _ _ _ _ _ _ _ _ _ _ _ _ _ _ _ _ _ _ _ _ _ _ _ _ _ _ _ _ _ _ _ _ \n\nself = <selenium.webdriver.support.wait.WebDriverWait (session=\"48d065ee7d1b7d2268d45ebde72485f4\")>\nmethod = <function visibility_of_element_located.<locals>._predicate at 0x7f0a6130b060>\nmessage = 'Can\\'t find element by locator (\\'xpath\\', \\'//a[text()=\"Упражнения\"]\\')'\n\n    def until(self, method, message: str = \"\"):\n        \"\"\"Calls the method provided with the driver as an argument until the \\\n        return value does not evaluate to ``False``.\n    \n        :param method: callable(WebDriver)\n        :param message: optional message for :exc:`TimeoutException`\n        :returns: the result of the last call to `method`\n        :raises: :exc:`selenium.common.exceptions.TimeoutException` if timeout occurs\n        \"\"\"\n        screen = None\n        stacktrace = None\n    \n        end_time = time.monotonic() + self._timeout\n        while True:\n            try:\n                value = method(self._driver)\n                if value:\n                    return value\n            except self._ignored_exceptions as exc:\n                screen = getattr(exc, \"screen\", None)\n                stacktrace = getattr(exc, \"stacktrace\", None)\n            time.sleep(self._poll)\n            if time.monotonic() > end_time:\n                break\n>       raise TimeoutException(message, screen, stacktrace)\nE       selenium.common.exceptions.TimeoutException: Message: Can't find element by locator ('xpath', '//a[text()=\"Упражнения\"]')\nE       Stacktrace:\nE       #0 0x55f6dfbc44ba <unknown>\nE       #1 0x55f6df62d492 <unknown>\nE       #2 0x55f6df6829b6 <unknown>\nE       #3 0x55f6df682bf1 <unknown>\nE       #4 0x55f6df6ce4d4 <unknown>\nE       #5 0x55f6df6cb700 <unknown>\nE       #6 0x55f6df6746a2 <unknown>\nE       #7 0x55f6df675491 <unknown>\nE       #8 0x55f6dfb8a479 <unknown>\nE       #9 0x55f6dfb8d391 <unknown>\nE       #10 0x55f6dfb76a89 <unknown>\nE       #11 0x55f6dfb8df4e <unknown>\nE       #12 0x55f6dfb5d070 <unknown>\nE       #13 0x55f6dfbb1ca8 <unknown>\nE       #14 0x55f6dfbb1e78 <unknown>\nE       #15 0x55f6dfbc3828 <unknown>\nE       #16 0x7f6c1a29caa4 <unknown>\nE       #17 0x7f6c1a329c6c <unknown>\n\n/opt/hostedtoolcache/Python/3.12.12/x64/lib/python3.12/site-packages/selenium/webdriver/support/wait.py:95: TimeoutException","flaky":false,"newFailed":false,"newBroken":false,"newPassed":false,"retriesCount":0,"retriesStatusChange":false,"beforeStages":[{"name":"clear_allure_results_folder","time":{"start":1771695818396,"stop":1771695818396,"duration":0},"status":"passed","steps":[],"attachments":[],"parameters":[],"stepsCount":0,"shouldDisplayMessage":false,"attachmentsCount":0,"hasContent":false,"attachmentStep":false},{"name":"driver","time":{"start":1771697229280,"stop":1771697230051,"duration":771},"status":"passed","steps":[],"attachments":[],"parameters":[],"stepsCount":0,"shouldDisplayMessage":false,"attachmentsCount":0,"hasContent":false,"attachmentStep":false},{"name":"main_page_open","time":{"start":1771697230051,"stop":1771697233192,"duration":3141},"status":"passed","steps":[{"name":"Open page: https://www.brainup.site/","time":{"start":1771697230051,"stop":1771697233192,"duration":3141},"status":"passed","steps":[],"attachments":[],"parameters":[{"name":"driver","value":"<selenium.webdriver.chrome.webdriver.WebDriver (session=\"48d065ee7d1b7d2268d45ebde72485f4\")>"}],"stepsCount":0,"shouldDisplayMessage":false,"attachmentsCount":0,"hasContent":true,"attachmentStep":false}],"attachments":[],"parameters":[],"stepsCount":1,"shouldDisplayMessage":false,"attachmentsCount":0,"hasContent":true,"attachmentStep":false},{"name":"default_user_authorized","time":{"start":1771697233192,"stop":1771697236114,"duration":2922},"status":"passed","steps":[{"name":"DEFAULT user authorized","time":{"start":1771697233192,"stop":1771697236114,"duration":2922},"status":"passed","steps":[{"name":"Check url is present: https://www.brainup.site/groups","time":{"start":1771697233569,"stop":1771697236091,"duration":2522},"status":"passed","steps":[],"attachments":[],"parameters":[],"stepsCount":0,"shouldDisplayMessage":false,"attachmentsCount":0,"hasContent":false,"attachmentStep":false},{"name":"Loader checking","time":{"start":1771697236091,"stop":1771697236114,"duration":23},"status":"passed","steps":[],"attachments":[],"parameters":[],"stepsCount":0,"shouldDisplayMessage":false,"attachmentsCount":0,"hasContent":false,"attachmentStep":false}],"attachments":[],"parameters":[{"name":"driver","value":"<selenium.webdriver.chrome.webdriver.WebDriver (session=\"48d065ee7d1b7d2268d45ebde72485f4\")>"},{"name":"main_page_open","value":"None"}],"stepsCount":2,"shouldDisplayMessage":false,"attachmentsCount":0,"hasContent":true,"attachmentStep":false}],"attachments":[],"parameters":[],"stepsCount":3,"shouldDisplayMessage":false,"attachmentsCount":0,"hasContent":true,"attachmentStep":false}],"testStage":{"status":"skipped","statusMessage":"XFAIL\n\nselenium.common.exceptions.TimeoutException: Message: Can't find element by locator ('xpath', '//a[text()=\"Упражнения\"]')\nStacktrace:\n#0 0x55f6dfbc44ba <unknown>\n#1 0x55f6df62d492 <unknown>\n#2 0x55f6df6829b6 <unknown>\n#3 0x55f6df682bf1 <unknown>\n#4 0x55f6df6ce4d4 <unknown>\n#5 0x55f6df6cb700 <unknown>\n#6 0x55f6df6746a2 <unknown>\n#7 0x55f6df675491 <unknown>\n#8 0x55f6dfb8a479 <unknown>\n#9 0x55f6dfb8d391 <unknown>\n#10 0x55f6dfb76a89 <unknown>\n#11 0x55f6dfb8df4e <unknown>\n#12 0x55f6dfb5d070 <unknown>\n#13 0x55f6dfbb1ca8 <unknown>\n#14 0x55f6dfbb1e78 <unknown>\n#15 0x55f6dfbc3828 <unknown>\n#16 0x7f6c1a29caa4 <unknown>\n#17 0x7f6c1a329c6c <unknown>","statusTrace":"self = <tests.test_speech_exercises_ru.TestCardsRU object at 0x7f0a614950a0>\ndriver = <selenium.webdriver.chrome.webdriver.WebDriver (session=\"48d065ee7d1b7d2268d45ebde72485f4\")>\ndefault_user_authorized = None\n\n    @pytest.mark.xfail\n    @allure.suite(\"Речевые упражнения.\")\n    @allure.title('Solutions to a random task in the \"Слова\" .')\n    def test_solve_word_cards_ru(self, driver, default_user_authorized):\n        page = SpeechExercisesPageRU(driver)\n>       page.click_button_exercises()\n\ntests/test_speech_exercises_ru.py:124: \n_ _ _ _ _ _ _ _ _ _ _ _ _ _ _ _ _ _ _ _ _ _ _ _ _ _ _ _ _ _ _ _ _ _ _ _ _ _ _ _ \npages/speech_exercises_page_ru.py:199: in click_button_exercises\n    button = self.element_is_present_and_clickable(self.locators.AuthorizedUserHomePageLocators.BUTTON_EXERCISES_RU)\npages/base_page.py:40: in element_is_present_and_clickable\n    return (Wait(self.driver, self.timeout).until(\n_ _ _ _ _ _ _ _ _ _ _ _ _ _ _ _ _ _ _ _ _ _ _ _ _ _ _ _ _ _ _ _ _ _ _ _ _ _ _ _ \n\nself = <selenium.webdriver.support.wait.WebDriverWait (session=\"48d065ee7d1b7d2268d45ebde72485f4\")>\nmethod = <function visibility_of_element_located.<locals>._predicate at 0x7f0a6130b060>\nmessage = 'Can\\'t find element by locator (\\'xpath\\', \\'//a[text()=\"Упражнения\"]\\')'\n\n    def until(self, method, message: str = \"\"):\n        \"\"\"Calls the method provided with the driver as an argument until the \\\n        return value does not evaluate to ``False``.\n    \n        :param method: callable(WebDriver)\n        :param message: optional message for :exc:`TimeoutException`\n        :returns: the result of the last call to `method`\n        :raises: :exc:`selenium.common.exceptions.TimeoutException` if timeout occurs\n        \"\"\"\n        screen = None\n        stacktrace = None\n    \n        end_time = time.monotonic() + self._timeout\n        while True:\n            try:\n                value = method(self._driver)\n                if value:\n                    return value\n            except self._ignored_exceptions as exc:\n                screen = getattr(exc, \"screen\", None)\n                stacktrace = getattr(exc, \"stacktrace\", None)\n            time.sleep(self._poll)\n            if time.monotonic() > end_time:\n                break\n>       raise TimeoutException(message, screen, stacktrace)\nE       selenium.common.exceptions.TimeoutException: Message: Can't find element by locator ('xpath', '//a[text()=\"Упражнения\"]')\nE       Stacktrace:\nE       #0 0x55f6dfbc44ba <unknown>\nE       #1 0x55f6df62d492 <unknown>\nE       #2 0x55f6df6829b6 <unknown>\nE       #3 0x55f6df682bf1 <unknown>\nE       #4 0x55f6df6ce4d4 <unknown>\nE       #5 0x55f6df6cb700 <unknown>\nE       #6 0x55f6df6746a2 <unknown>\nE       #7 0x55f6df675491 <unknown>\nE       #8 0x55f6dfb8a479 <unknown>\nE       #9 0x55f6dfb8d391 <unknown>\nE       #10 0x55f6dfb76a89 <unknown>\nE       #11 0x55f6dfb8df4e <unknown>\nE       #12 0x55f6dfb5d070 <unknown>\nE       #13 0x55f6dfbb1ca8 <unknown>\nE       #14 0x55f6dfbb1e78 <unknown>\nE       #15 0x55f6dfbc3828 <unknown>\nE       #16 0x7f6c1a29caa4 <unknown>\nE       #17 0x7f6c1a329c6c <unknown>\n\n/opt/hostedtoolcache/Python/3.12.12/x64/lib/python3.12/site-packages/selenium/webdriver/support/wait.py:95: TimeoutException","steps":[{"name":"Click button \"Упражнения\".","time":{"start":1771697236115,"stop":1771697246549,"duration":10434},"status":"broken","statusMessage":"selenium.common.exceptions.TimeoutException: Message: Can't find element by locator ('xpath', '//a[text()=\"Упражнения\"]')\nStacktrace:\n#0 0x55f6dfbc44ba <unknown>\n#1 0x55f6df62d492 <unknown>\n#2 0x55f6df6829b6 <unknown>\n#3 0x55f6df682bf1 <unknown>\n#4 0x55f6df6ce4d4 <unknown>\n#5 0x55f6df6cb700 <unknown>\n#6 0x55f6df6746a2 <unknown>\n#7 0x55f6df675491 <unknown>\n#8 0x55f6dfb8a479 <unknown>\n#9 0x55f6dfb8d391 <unknown>\n#10 0x55f6dfb76a89 <unknown>\n#11 0x55f6dfb8df4e <unknown>\n#12 0x55f6dfb5d070 <unknown>\n#13 0x55f6dfbb1ca8 <unknown>\n#14 0x55f6dfbb1e78 <unknown>\n#15 0x55f6dfbc3828 <unknown>\n#16 0x7f6c1a29caa4 <unknown>\n#17 0x7f6c1a329c6c <unknown>\n\n","statusTrace":"  File \"/opt/hostedtoolcache/Python/3.12.12/x64/lib/python3.12/site-packages/allure_commons/_allure.py\", line 192, in impl\n    return func(*a, **kw)\n           ^^^^^^^^^^^^^^\n  File \"/home/runner/work/auto-tests-python/auto-tests-python/pages/speech_exercises_page_ru.py\", line 199, in click_button_exercises\n    button = self.element_is_present_and_clickable(self.locators.AuthorizedUserHomePageLocators.BUTTON_EXERCISES_RU)\n             ^^^^^^^^^^^^^^^^^^^^^^^^^^^^^^^^^^^^^^^^^^^^^^^^^^^^^^^^^^^^^^^^^^^^^^^^^^^^^^^^^^^^^^^^^^^^^^^^^^^^^^^\n  File \"/home/runner/work/auto-tests-python/auto-tests-python/pages/base_page.py\", line 40, in element_is_present_and_clickable\n    return (Wait(self.driver, self.timeout).until(\n            ^^^^^^^^^^^^^^^^^^^^^^^^^^^^^^^^^^^^^^\n  File \"/opt/hostedtoolcache/Python/3.12.12/x64/lib/python3.12/site-packages/selenium/webdriver/support/wait.py\", line 95, in until\n    raise TimeoutException(message, screen, stacktrace)\n","steps":[{"name":"Click button \"RU\".","time":{"start":1771697236115,"stop":1771697236183,"duration":68},"status":"passed","steps":[],"attachments":[],"parameters":[],"stepsCount":0,"shouldDisplayMessage":false,"attachmentsCount":0,"hasContent":false,"attachmentStep":false}],"attachments":[],"parameters":[],"stepsCount":1,"shouldDisplayMessage":true,"attachmentsCount":0,"hasContent":true,"attachmentStep":false}],"attachments":[],"parameters":[],"stepsCount":2,"shouldDisplayMessage":true,"attachmentsCount":0,"hasContent":true,"attachmentStep":false},"afterStages":[{"name":"driver::0","time":{"start":1771697246564,"stop":1771697246641,"duration":77},"status":"passed","steps":[],"attachments":[],"parameters":[],"stepsCount":0,"shouldDisplayMessage":false,"attachmentsCount":0,"hasContent":false,"attachmentStep":false}],"labels":[{"name":"epic","value":"Speech exercises."},{"name":"suite","value":"Речевые упражнения."},{"name":"tag","value":"@pytest.mark.xfail"},{"name":"parentSuite","value":"tests"},{"name":"subSuite","value":"TestCardsRU"},{"name":"host","value":"runnervmwffz4"},{"name":"thread","value":"2689-MainThread"},{"name":"framework","value":"pytest"},{"name":"language","value":"cpython3"},{"name":"package","value":"tests.test_speech_exercises_ru"},{"name":"resultFormat","value":"allure2"}],"parameters":[],"links":[],"hidden":false,"retry":false,"extra":{"severity":"normal","retries":[],"categories":[],"history":{"statistic":{"failed":0,"broken":0,"skipped":35,"passed":7,"unknown":0,"total":42},"items":[{"uid":"a687933e629ff60f","reportUrl":"https://Brain-up.github.io/auto-tests-python/831/#testresult/a687933e629ff60f","status":"skipped","statusDetails":"XFAIL\n\nselenium.common.exceptions.TimeoutException: Message: Can't find element by locator ('xpath', '//a[text()=\"Упражнения\"]')\nStacktrace:\n#0 0x55c195d8f4ba <unknown>\n#1 0x55c1957f8492 <unknown>\n#2 0x55c19584d9b6 <unknown>\n#3 0x55c19584dbf1 <unknown>\n#4 0x55c1958994d4 <unknown>\n#5 0x55c195896700 <unknown>\n#6 0x55c19583f6a2 <unknown>\n#7 0x55c195840491 <unknown>\n#8 0x55c195d55479 <unknown>\n#9 0x55c195d58391 <unknown>\n#10 0x55c195d41a89 <unknown>\n#11 0x55c195d58f4e <unknown>\n#12 0x55c195d28070 <unknown>\n#13 0x55c195d7cca8 <unknown>\n#14 0x55c195d7ce78 <unknown>\n#15 0x55c195d8e828 <unknown>\n#16 0x7f291d29caa4 <unknown>\n#17 0x7f291d329c6c <unknown>","time":{"start":1771581604992,"stop":1771581615253,"duration":10261}},{"uid":"750e880f6df54aa1","reportUrl":"https://Brain-up.github.io/auto-tests-python/830/#testresult/750e880f6df54aa1","status":"skipped","statusDetails":"XFAIL\n\nselenium.common.exceptions.TimeoutException: Message: Can't find element by locator ('xpath', '//a[text()=\"Упражнения\"]')\nStacktrace:\n#0 0x5569b6726dba <unknown>\n#1 0x5569b6136682 <unknown>\n#2 0x5569b618ba06 <unknown>\n#3 0x5569b618bc41 <unknown>\n#4 0x5569b61d6e14 <unknown>\n#5 0x5569b61d404b <unknown>\n#6 0x5569b617d88f <unknown>\n#7 0x5569b617e651 <unknown>\n#8 0x5569b66eb209 <unknown>\n#9 0x5569b66ee111 <unknown>\n#10 0x5569b66d79c9 <unknown>\n#11 0x5569b66eecde <unknown>\n#12 0x5569b66bdd40 <unknown>\n#13 0x5569b6713408 <unknown>\n#14 0x5569b67135d8 <unknown>\n#15 0x5569b6725403 <unknown>\n#16 0x7f5b3129caa4 <unknown>\n#17 0x7f5b31329c6c <unknown>","time":{"start":1771534880230,"stop":1771534890582,"duration":10352}},{"uid":"1677e4215410ae43","reportUrl":"https://Brain-up.github.io/auto-tests-python/829/#testresult/1677e4215410ae43","status":"skipped","statusDetails":"XFAIL\n\nselenium.common.exceptions.TimeoutException: Message: Can't find element by locator ('xpath', '//a[text()=\"Упражнения\"]')\nStacktrace:\n#0 0x562070324a4a <unknown>\n#1 0x56206fd3d6a2 <unknown>\n#2 0x56206fd92a8d <unknown>\n#3 0x56206fd92cd1 <unknown>\n#4 0x56206fdde5c4 <unknown>\n#5 0x56206fddb7f0 <unknown>\n#6 0x56206fd848b2 <unknown>\n#7 0x56206fd856a1 <unknown>\n#8 0x5620702ea8a9 <unknown>\n#9 0x5620702ed7b1 <unknown>\n#10 0x5620702d6ea9 <unknown>\n#11 0x5620702ee36e <unknown>\n#12 0x5620702bd410 <unknown>\n#13 0x5620703120c8 <unknown>\n#14 0x56207031229b <unknown>\n#15 0x562070323db8 <unknown>\n#16 0x7f07dac9caa4 <unknown>\n#17 0x7f07dad29c6c <unknown>","time":{"start":1771409981185,"stop":1771409991520,"duration":10335}},{"uid":"15a0c9b444a1be4f","reportUrl":"https://Brain-up.github.io/auto-tests-python/828/#testresult/15a0c9b444a1be4f","status":"skipped","statusDetails":"XFAIL\n\nselenium.common.exceptions.TimeoutException: Message: Can't find element by locator ('xpath', '//a[text()=\"Упражнения\"]')\nStacktrace:\n#0 0x55607c1aca4a <unknown>\n#1 0x55607bbc56a2 <unknown>\n#2 0x55607bc1aa8d <unknown>\n#3 0x55607bc1acd1 <unknown>\n#4 0x55607bc665c4 <unknown>\n#5 0x55607bc637f0 <unknown>\n#6 0x55607bc0c8b2 <unknown>\n#7 0x55607bc0d6a1 <unknown>\n#8 0x55607c1728a9 <unknown>\n#9 0x55607c1757b1 <unknown>\n#10 0x55607c15eea9 <unknown>\n#11 0x55607c17636e <unknown>\n#12 0x55607c145410 <unknown>\n#13 0x55607c19a0c8 <unknown>\n#14 0x55607c19a29b <unknown>\n#15 0x55607c1abdb8 <unknown>\n#16 0x7fe75b29caa4 <unknown>\n#17 0x7fe75b329c6c <unknown>","time":{"start":1771342902756,"stop":1771342913117,"duration":10361}},{"uid":"d6941d0bab389e6f","reportUrl":"https://Brain-up.github.io/auto-tests-python/827/#testresult/d6941d0bab389e6f","status":"skipped","statusDetails":"XFAIL\n\nselenium.common.exceptions.TimeoutException: Message: Can't find element by locator ('xpath', '//a[text()=\"Упражнения\"]')\nStacktrace:\n#0 0x55c3175bea4a <unknown>\n#1 0x55c316fd76a2 <unknown>\n#2 0x55c31702ca8d <unknown>\n#3 0x55c31702ccd1 <unknown>\n#4 0x55c3170785c4 <unknown>\n#5 0x55c3170757f0 <unknown>\n#6 0x55c31701e8b2 <unknown>\n#7 0x55c31701f6a1 <unknown>\n#8 0x55c3175848a9 <unknown>\n#9 0x55c3175877b1 <unknown>\n#10 0x55c317570ea9 <unknown>\n#11 0x55c31758836e <unknown>\n#12 0x55c317557410 <unknown>\n#13 0x55c3175ac0c8 <unknown>\n#14 0x55c3175ac29b <unknown>\n#15 0x55c3175bddb8 <unknown>\n#16 0x7f193b69caa4 <unknown>\n#17 0x7f193b729c6c <unknown>","time":{"start":1771236521028,"stop":1771236531282,"duration":10254}},{"uid":"64413990aab8c4de","reportUrl":"https://Brain-up.github.io/auto-tests-python/826/#testresult/64413990aab8c4de","status":"skipped","statusDetails":"XFAIL\n\nselenium.common.exceptions.TimeoutException: Message: Can't find element by locator ('xpath', '//a[text()=\"Упражнения\"]')\nStacktrace:\n#0 0x55880d278a4a <unknown>\n#1 0x55880cc916a2 <unknown>\n#2 0x55880cce6a8d <unknown>\n#3 0x55880cce6cd1 <unknown>\n#4 0x55880cd325c4 <unknown>\n#5 0x55880cd2f7f0 <unknown>\n#6 0x55880ccd88b2 <unknown>\n#7 0x55880ccd96a1 <unknown>\n#8 0x55880d23e8a9 <unknown>\n#9 0x55880d2417b1 <unknown>\n#10 0x55880d22aea9 <unknown>\n#11 0x55880d24236e <unknown>\n#12 0x55880d211410 <unknown>\n#13 0x55880d2660c8 <unknown>\n#14 0x55880d26629b <unknown>\n#15 0x55880d277db8 <unknown>\n#16 0x7fd64e69caa4 <unknown>\n#17 0x7fd64e729c6c <unknown>","time":{"start":1771167567634,"stop":1771167577967,"duration":10333}},{"uid":"d4aef8bf6e7c9371","reportUrl":"https://Brain-up.github.io/auto-tests-python/825/#testresult/d4aef8bf6e7c9371","status":"skipped","statusDetails":"XFAIL\n\nselenium.common.exceptions.TimeoutException: Message: Can't find element by locator ('xpath', '//a[text()=\"Упражнения\"]')\nStacktrace:\n#0 0x5621a24e6a4a <unknown>\n#1 0x5621a1eff6a2 <unknown>\n#2 0x5621a1f54a8d <unknown>\n#3 0x5621a1f54cd1 <unknown>\n#4 0x5621a1fa05c4 <unknown>\n#5 0x5621a1f9d7f0 <unknown>\n#6 0x5621a1f468b2 <unknown>\n#7 0x5621a1f476a1 <unknown>\n#8 0x5621a24ac8a9 <unknown>\n#9 0x5621a24af7b1 <unknown>\n#10 0x5621a2498ea9 <unknown>\n#11 0x5621a24b036e <unknown>\n#12 0x5621a247f410 <unknown>\n#13 0x5621a24d40c8 <unknown>\n#14 0x5621a24d429b <unknown>\n#15 0x5621a24e5db8 <unknown>\n#16 0x7f8ac6a9caa4 <unknown>\n#17 0x7f8ac6b29c6c <unknown>","time":{"start":1771046910324,"stop":1771046920657,"duration":10333}},{"uid":"d1b09fb2765cc1b9","reportUrl":"https://Brain-up.github.io/auto-tests-python/824/#testresult/d1b09fb2765cc1b9","status":"skipped","statusDetails":"XFAIL\n\nselenium.common.exceptions.TimeoutException: Message: Can't find element by locator ('xpath', '//a[text()=\"Упражнения\"]')\nStacktrace:\n#0 0x55bae8ca2a4a <unknown>\n#1 0x55bae86bb6a2 <unknown>\n#2 0x55bae8710a8d <unknown>\n#3 0x55bae8710cd1 <unknown>\n#4 0x55bae875c5c4 <unknown>\n#5 0x55bae87597f0 <unknown>\n#6 0x55bae87028b2 <unknown>\n#7 0x55bae87036a1 <unknown>\n#8 0x55bae8c688a9 <unknown>\n#9 0x55bae8c6b7b1 <unknown>\n#10 0x55bae8c54ea9 <unknown>\n#11 0x55bae8c6c36e <unknown>\n#12 0x55bae8c3b410 <unknown>\n#13 0x55bae8c900c8 <unknown>\n#14 0x55bae8c9029b <unknown>\n#15 0x55bae8ca1db8 <unknown>\n#16 0x7f4856a9caa4 <unknown>\n#17 0x7f4856b29c6c <unknown>","time":{"start":1770984917815,"stop":1770984928079,"duration":10264}},{"uid":"968b5b6f2de813b","reportUrl":"https://Brain-up.github.io/auto-tests-python/823/#testresult/968b5b6f2de813b","status":"passed","statusDetails":"XPASS","time":{"start":1770897631206,"stop":1770897678524,"duration":47318}},{"uid":"96159386dc1f7e42","reportUrl":"https://Brain-up.github.io/auto-tests-python/822/#testresult/96159386dc1f7e42","status":"passed","statusDetails":"XPASS","time":{"start":1770836351824,"stop":1770836404602,"duration":52778}},{"uid":"7734046cbc911eef","reportUrl":"https://Brain-up.github.io/auto-tests-python/821/#testresult/7734046cbc911eef","status":"skipped","statusDetails":"XFAIL\n\nselenium.common.exceptions.TimeoutException: Message: Can't find element by locator ('xpath', '//a[text()=\"Упражнения\"]')\nStacktrace:\n#0 0x5611a3ac44ba <unknown>\n#1 0x5611a352d492 <unknown>\n#2 0x5611a35829b6 <unknown>\n#3 0x5611a3582bf1 <unknown>\n#4 0x5611a35ce4d4 <unknown>\n#5 0x5611a35cb700 <unknown>\n#6 0x5611a35746a2 <unknown>\n#7 0x5611a3575491 <unknown>\n#8 0x5611a3a8a479 <unknown>\n#9 0x5611a3a8d391 <unknown>\n#10 0x5611a3a76a89 <unknown>\n#11 0x5611a3a8df4e <unknown>\n#12 0x5611a3a5d070 <unknown>\n#13 0x5611a3ab1ca8 <unknown>\n#14 0x5611a3ab1e78 <unknown>\n#15 0x5611a3ac3828 <unknown>\n#16 0x7f481189caa4 <unknown>\n#17 0x7f4811929c6c <unknown>","time":{"start":1770552412087,"stop":1770552422382,"duration":10295}},{"uid":"f0a47a5119eac313","reportUrl":"https://Brain-up.github.io/auto-tests-python/820/#testresult/f0a47a5119eac313","status":"skipped","statusDetails":"XFAIL\n\nselenium.common.exceptions.TimeoutException: Message: Can't find element by locator ('xpath', '//a[text()=\"Упражнения\"]')\nStacktrace:\n#0 0x55c2487d44ba <unknown>\n#1 0x55c24823d492 <unknown>\n#2 0x55c2482929b6 <unknown>\n#3 0x55c248292bf1 <unknown>\n#4 0x55c2482de4d4 <unknown>\n#5 0x55c2482db700 <unknown>\n#6 0x55c2482846a2 <unknown>\n#7 0x55c248285491 <unknown>\n#8 0x55c24879a479 <unknown>\n#9 0x55c24879d391 <unknown>\n#10 0x55c248786a89 <unknown>\n#11 0x55c24879df4e <unknown>\n#12 0x55c24876d070 <unknown>\n#13 0x55c2487c1ca8 <unknown>\n#14 0x55c2487c1e78 <unknown>\n#15 0x55c2487d3828 <unknown>\n#16 0x7f662d89caa4 <unknown>\n#17 0x7f662d929c6c <unknown>","time":{"start":1770489655414,"stop":1770489665732,"duration":10318}},{"uid":"f2859aa43060fbbf","reportUrl":"https://Brain-up.github.io/auto-tests-python/819/#testresult/f2859aa43060fbbf","status":"skipped","statusDetails":"XFAIL\n\nselenium.common.exceptions.TimeoutException: Message: Can't find element by locator ('xpath', '//a[text()=\"Упражнения\"]')\nStacktrace:\n#0 0x55d6195acafa <unknown>\n#1 0x55d618fc660f <unknown>\n#2 0x55d61901ba16 <unknown>\n#3 0x55d61901bc51 <unknown>\n#4 0x55d619067404 <unknown>\n#5 0x55d61906462b <unknown>\n#6 0x55d61900d842 <unknown>\n#7 0x55d61900e631 <unknown>\n#8 0x55d619572689 <unknown>\n#9 0x55d619575581 <unknown>\n#10 0x55d61955eca9 <unknown>\n#11 0x55d61957613e <unknown>\n#12 0x55d6195453a0 <unknown>\n#13 0x55d619599fc8 <unknown>\n#14 0x55d61959a19b <unknown>\n#15 0x55d6195abe68 <unknown>\n#16 0x7f6284a9caa4 <unknown>\n#17 0x7f6284b29c6c <unknown>","time":{"start":1770377110499,"stop":1770377120813,"duration":10314}},{"uid":"6c387fd328a99046","reportUrl":"https://Brain-up.github.io/auto-tests-python/818/#testresult/6c387fd328a99046","status":"skipped","statusDetails":"XFAIL\n\nselenium.common.exceptions.TimeoutException: Message: Can't find element by locator ('xpath', '//a[text()=\"Упражнения\"]')\nStacktrace:\n#0 0x5653f7e80afa <unknown>\n#1 0x5653f789a60f <unknown>\n#2 0x5653f78efa16 <unknown>\n#3 0x5653f78efc51 <unknown>\n#4 0x5653f793b404 <unknown>\n#5 0x5653f793862b <unknown>\n#6 0x5653f78e1842 <unknown>\n#7 0x5653f78e2631 <unknown>\n#8 0x5653f7e46689 <unknown>\n#9 0x5653f7e49581 <unknown>\n#10 0x5653f7e32ca9 <unknown>\n#11 0x5653f7e4a13e <unknown>\n#12 0x5653f7e193a0 <unknown>\n#13 0x5653f7e6dfc8 <unknown>\n#14 0x5653f7e6e19b <unknown>\n#15 0x5653f7e7fe68 <unknown>\n#16 0x7f883be9caa4 <unknown>\n#17 0x7f883bf29c6c <unknown>","time":{"start":1770119585669,"stop":1770119595987,"duration":10318}},{"uid":"742c5abb448fc173","reportUrl":"https://Brain-up.github.io/auto-tests-python/817/#testresult/742c5abb448fc173","status":"skipped","statusDetails":"XFAIL\n\nselenium.common.exceptions.TimeoutException: Message: Can't find element by locator ('xpath', '//a[text()=\"Упражнения\"]')\nStacktrace:\n#0 0x55e3c3033afa <unknown>\n#1 0x55e3c2a4d60f <unknown>\n#2 0x55e3c2aa2a16 <unknown>\n#3 0x55e3c2aa2c51 <unknown>\n#4 0x55e3c2aee404 <unknown>\n#5 0x55e3c2aeb62b <unknown>\n#6 0x55e3c2a94842 <unknown>\n#7 0x55e3c2a95631 <unknown>\n#8 0x55e3c2ff9689 <unknown>\n#9 0x55e3c2ffc581 <unknown>\n#10 0x55e3c2fe5ca9 <unknown>\n#11 0x55e3c2ffd13e <unknown>\n#12 0x55e3c2fcc3a0 <unknown>\n#13 0x55e3c3020fc8 <unknown>\n#14 0x55e3c302119b <unknown>\n#15 0x55e3c3032e68 <unknown>\n#16 0x7fee5aa9caa4 <unknown>\n#17 0x7fee5ab29c6c <unknown>","time":{"start":1769945841982,"stop":1769945852284,"duration":10302}},{"uid":"ccac48b968a2912f","reportUrl":"https://Brain-up.github.io/auto-tests-python/816/#testresult/ccac48b968a2912f","status":"skipped","statusDetails":"XFAIL\n\nselenium.common.exceptions.TimeoutException: Message: Can't find element by locator ('xpath', '//a[text()=\"Упражнения\"]')\nStacktrace:\n#0 0x560ba7d14afa <unknown>\n#1 0x560ba772e60f <unknown>\n#2 0x560ba7783a16 <unknown>\n#3 0x560ba7783c51 <unknown>\n#4 0x560ba77cf404 <unknown>\n#5 0x560ba77cc62b <unknown>\n#6 0x560ba7775842 <unknown>\n#7 0x560ba7776631 <unknown>\n#8 0x560ba7cda689 <unknown>\n#9 0x560ba7cdd581 <unknown>\n#10 0x560ba7cc6ca9 <unknown>\n#11 0x560ba7cde13e <unknown>\n#12 0x560ba7cad3a0 <unknown>\n#13 0x560ba7d01fc8 <unknown>\n#14 0x560ba7d0219b <unknown>\n#15 0x560ba7d13e68 <unknown>\n#16 0x7f069309caa4 <unknown>\n#17 0x7f0693129c6c <unknown>","time":{"start":1769859796004,"stop":1769859806313,"duration":10309}},{"uid":"779e09c434c81e52","reportUrl":"https://Brain-up.github.io/auto-tests-python/816/#testresult/779e09c434c81e52","status":"skipped","statusDetails":"XFAIL\n\nselenium.common.exceptions.TimeoutException: Message: Can't find element by locator ('xpath', '//a[text()=\"Упражнения\"]')\nStacktrace:\n#0 0x55f12f72cafa <unknown>\n#1 0x55f12f14660f <unknown>\n#2 0x55f12f19ba16 <unknown>\n#3 0x55f12f19bc51 <unknown>\n#4 0x55f12f1e7404 <unknown>\n#5 0x55f12f1e462b <unknown>\n#6 0x55f12f18d842 <unknown>\n#7 0x55f12f18e631 <unknown>\n#8 0x55f12f6f2689 <unknown>\n#9 0x55f12f6f5581 <unknown>\n#10 0x55f12f6deca9 <unknown>\n#11 0x55f12f6f613e <unknown>\n#12 0x55f12f6c53a0 <unknown>\n#13 0x55f12f719fc8 <unknown>\n#14 0x55f12f71a19b <unknown>\n#15 0x55f12f72be68 <unknown>\n#16 0x7f72ef09caa4 <unknown>\n#17 0x7f72ef129c6c <unknown>","time":{"start":1769785164421,"stop":1769785174735,"duration":10314}},{"uid":"3fb35b3a14a85923","reportUrl":"https://Brain-up.github.io/auto-tests-python/815/#testresult/3fb35b3a14a85923","status":"passed","statusDetails":"XPASS","time":{"start":1769688998218,"stop":1769689045177,"duration":46959}},{"uid":"66a95bf3dfe29231","reportUrl":"https://Brain-up.github.io/auto-tests-python/814/#testresult/66a95bf3dfe29231","status":"passed","statusDetails":"XPASS","time":{"start":1769600920650,"stop":1769600972636,"duration":51986}},{"uid":"90ed510d7677818f","reportUrl":"https://Brain-up.github.io/auto-tests-python/814/#testresult/90ed510d7677818f","status":"skipped","statusDetails":"XFAIL\n\nselenium.common.exceptions.TimeoutException: Message: Can't find element by locator ('xpath', '//a[text()=\"Упражнения\"]')\nStacktrace:\n#0 0x55f02efcbc3a <unknown>\n#1 0x55f02e9e5969 <unknown>\n#2 0x55f02ea3aead <unknown>\n#3 0x55f02ea3b0f1 <unknown>\n#4 0x55f02ea867e4 <unknown>\n#5 0x55f02ea83a20 <unknown>\n#6 0x55f02ea2cbe2 <unknown>\n#7 0x55f02ea2d991 <unknown>\n#8 0x55f02ef91a99 <unknown>\n#9 0x55f02ef949b1 <unknown>\n#10 0x55f02ef7e0a9 <unknown>\n#11 0x55f02ef9556e <unknown>\n#12 0x55f02ef645e0 <unknown>\n#13 0x55f02efb9358 <unknown>\n#14 0x55f02efb9528 <unknown>\n#15 0x55f02efcafa8 <unknown>\n#16 0x7fa69249caa4 <unknown>\n#17 0x7fa692529c6c <unknown>","time":{"start":1769552671123,"stop":1769552681470,"duration":10347}}]},"tags":["@pytest.mark.xfail"]},"source":"22683ff5447b0b05.json","parameterValues":[]}