{"uid":"3c230bd58a2fa0a1","name":"Solutions to a random task in the \"Слова\" group and comparison of statics.","fullName":"tests.test_speech_exercises_ru.TestCardsRU#test_solve_word_cards_with_statistic_ru","historyId":"0fb6881b2015244903bd7785af7503a6","time":{"start":1771697270967,"stop":1771697281327,"duration":10360},"status":"skipped","statusMessage":"XFAIL\n\nselenium.common.exceptions.TimeoutException: Message: Can't find element by locator ('xpath', '//div[@class=\"__51e19\"]')\nStacktrace:\n#0 0x563f580494ba <unknown>\n#1 0x563f57ab2492 <unknown>\n#2 0x563f57b079b6 <unknown>\n#3 0x563f57b07bf1 <unknown>\n#4 0x563f57b534d4 <unknown>\n#5 0x563f57b50700 <unknown>\n#6 0x563f57af96a2 <unknown>\n#7 0x563f57afa491 <unknown>\n#8 0x563f5800f479 <unknown>\n#9 0x563f58012391 <unknown>\n#10 0x563f57ffba89 <unknown>\n#11 0x563f58012f4e <unknown>\n#12 0x563f57fe2070 <unknown>\n#13 0x563f58036ca8 <unknown>\n#14 0x563f58036e78 <unknown>\n#15 0x563f58048828 <unknown>\n#16 0x7f29db89caa4 <unknown>\n#17 0x7f29db929c6c <unknown>","statusTrace":"self = <tests.test_speech_exercises_ru.TestCardsRU object at 0x7f0a614955e0>\ndriver = <selenium.webdriver.chrome.webdriver.WebDriver (session=\"36d8261dfb4383d662dcfa9f589d4d91\")>\ndefault_user_authorized = None\n\n    @pytest.mark.xfail\n    @allure.suite(\"Речевые упражнения.\")\n    @allure.title('Solutions to a random task in the \"Слова\" group and comparison of statics.')\n    def test_solve_word_cards_with_statistic_ru(self, driver, default_user_authorized):\n        page = SpeechExercisesPageRU(driver)\n        page.click_button_ru()\n>       table = page.get_statistic_data()\n\ntests/test_speech_exercises_ru.py:165: \n_ _ _ _ _ _ _ _ _ _ _ _ _ _ _ _ _ _ _ _ _ _ _ _ _ _ _ _ _ _ _ _ _ _ _ _ _ _ _ _ \npages/speech_exercises_page_ru.py:174: in get_statistic_data\n    table = self.element_is_present(self.locators.AuthorizedUserHomePageLocators.STATISTIC_TABLE)\npages/base_page.py:32: in element_is_present\n    return Wait(self.driver, self.timeout).until(\n_ _ _ _ _ _ _ _ _ _ _ _ _ _ _ _ _ _ _ _ _ _ _ _ _ _ _ _ _ _ _ _ _ _ _ _ _ _ _ _ \n\nself = <selenium.webdriver.support.wait.WebDriverWait (session=\"36d8261dfb4383d662dcfa9f589d4d91\")>\nmethod = <function presence_of_element_located.<locals>._predicate at 0x7f0a6130a480>\nmessage = 'Can\\'t find element by locator (\\'xpath\\', \\'//div[@class=\"__51e19\"]\\')'\n\n    def until(self, method, message: str = \"\"):\n        \"\"\"Calls the method provided with the driver as an argument until the \\\n        return value does not evaluate to ``False``.\n    \n        :param method: callable(WebDriver)\n        :param message: optional message for :exc:`TimeoutException`\n        :returns: the result of the last call to `method`\n        :raises: :exc:`selenium.common.exceptions.TimeoutException` if timeout occurs\n        \"\"\"\n        screen = None\n        stacktrace = None\n    \n        end_time = time.monotonic() + self._timeout\n        while True:\n            try:\n                value = method(self._driver)\n                if value:\n                    return value\n            except self._ignored_exceptions as exc:\n                screen = getattr(exc, \"screen\", None)\n                stacktrace = getattr(exc, \"stacktrace\", None)\n            time.sleep(self._poll)\n            if time.monotonic() > end_time:\n                break\n>       raise TimeoutException(message, screen, stacktrace)\nE       selenium.common.exceptions.TimeoutException: Message: Can't find element by locator ('xpath', '//div[@class=\"__51e19\"]')\nE       Stacktrace:\nE       #0 0x563f580494ba <unknown>\nE       #1 0x563f57ab2492 <unknown>\nE       #2 0x563f57b079b6 <unknown>\nE       #3 0x563f57b07bf1 <unknown>\nE       #4 0x563f57b534d4 <unknown>\nE       #5 0x563f57b50700 <unknown>\nE       #6 0x563f57af96a2 <unknown>\nE       #7 0x563f57afa491 <unknown>\nE       #8 0x563f5800f479 <unknown>\nE       #9 0x563f58012391 <unknown>\nE       #10 0x563f57ffba89 <unknown>\nE       #11 0x563f58012f4e <unknown>\nE       #12 0x563f57fe2070 <unknown>\nE       #13 0x563f58036ca8 <unknown>\nE       #14 0x563f58036e78 <unknown>\nE       #15 0x563f58048828 <unknown>\nE       #16 0x7f29db89caa4 <unknown>\nE       #17 0x7f29db929c6c <unknown>\n\n/opt/hostedtoolcache/Python/3.12.12/x64/lib/python3.12/site-packages/selenium/webdriver/support/wait.py:95: TimeoutException","flaky":false,"newFailed":false,"newBroken":false,"newPassed":false,"retriesCount":0,"retriesStatusChange":false,"beforeStages":[{"name":"clear_allure_results_folder","time":{"start":1771695818396,"stop":1771695818396,"duration":0},"status":"passed","steps":[],"attachments":[],"parameters":[],"stepsCount":0,"shouldDisplayMessage":false,"attachmentsCount":0,"hasContent":false,"attachmentStep":false},{"name":"driver","time":{"start":1771697264074,"stop":1771697264848,"duration":774},"status":"passed","steps":[],"attachments":[],"parameters":[],"stepsCount":0,"shouldDisplayMessage":false,"attachmentsCount":0,"hasContent":false,"attachmentStep":false},{"name":"main_page_open","time":{"start":1771697264848,"stop":1771697268051,"duration":3203},"status":"passed","steps":[{"name":"Open page: https://www.brainup.site/","time":{"start":1771697264848,"stop":1771697268051,"duration":3203},"status":"passed","steps":[],"attachments":[],"parameters":[{"name":"driver","value":"<selenium.webdriver.chrome.webdriver.WebDriver (session=\"36d8261dfb4383d662dcfa9f589d4d91\")>"}],"stepsCount":0,"shouldDisplayMessage":false,"attachmentsCount":0,"hasContent":true,"attachmentStep":false}],"attachments":[],"parameters":[],"stepsCount":1,"shouldDisplayMessage":false,"attachmentsCount":0,"hasContent":true,"attachmentStep":false},{"name":"default_user_authorized","time":{"start":1771697268051,"stop":1771697270967,"duration":2916},"status":"passed","steps":[{"name":"DEFAULT user authorized","time":{"start":1771697268051,"stop":1771697270967,"duration":2916},"status":"passed","steps":[{"name":"Check url is present: https://www.brainup.site/groups","time":{"start":1771697268421,"stop":1771697270944,"duration":2523},"status":"passed","steps":[],"attachments":[],"parameters":[],"stepsCount":0,"shouldDisplayMessage":false,"attachmentsCount":0,"hasContent":false,"attachmentStep":false},{"name":"Loader checking","time":{"start":1771697270944,"stop":1771697270967,"duration":23},"status":"passed","steps":[],"attachments":[],"parameters":[],"stepsCount":0,"shouldDisplayMessage":false,"attachmentsCount":0,"hasContent":false,"attachmentStep":false}],"attachments":[],"parameters":[{"name":"driver","value":"<selenium.webdriver.chrome.webdriver.WebDriver (session=\"36d8261dfb4383d662dcfa9f589d4d91\")>"},{"name":"main_page_open","value":"None"}],"stepsCount":2,"shouldDisplayMessage":false,"attachmentsCount":0,"hasContent":true,"attachmentStep":false}],"attachments":[],"parameters":[],"stepsCount":3,"shouldDisplayMessage":false,"attachmentsCount":0,"hasContent":true,"attachmentStep":false}],"testStage":{"status":"skipped","statusMessage":"XFAIL\n\nselenium.common.exceptions.TimeoutException: Message: Can't find element by locator ('xpath', '//div[@class=\"__51e19\"]')\nStacktrace:\n#0 0x563f580494ba <unknown>\n#1 0x563f57ab2492 <unknown>\n#2 0x563f57b079b6 <unknown>\n#3 0x563f57b07bf1 <unknown>\n#4 0x563f57b534d4 <unknown>\n#5 0x563f57b50700 <unknown>\n#6 0x563f57af96a2 <unknown>\n#7 0x563f57afa491 <unknown>\n#8 0x563f5800f479 <unknown>\n#9 0x563f58012391 <unknown>\n#10 0x563f57ffba89 <unknown>\n#11 0x563f58012f4e <unknown>\n#12 0x563f57fe2070 <unknown>\n#13 0x563f58036ca8 <unknown>\n#14 0x563f58036e78 <unknown>\n#15 0x563f58048828 <unknown>\n#16 0x7f29db89caa4 <unknown>\n#17 0x7f29db929c6c <unknown>","statusTrace":"self = <tests.test_speech_exercises_ru.TestCardsRU object at 0x7f0a614955e0>\ndriver = <selenium.webdriver.chrome.webdriver.WebDriver (session=\"36d8261dfb4383d662dcfa9f589d4d91\")>\ndefault_user_authorized = None\n\n    @pytest.mark.xfail\n    @allure.suite(\"Речевые упражнения.\")\n    @allure.title('Solutions to a random task in the \"Слова\" group and comparison of statics.')\n    def test_solve_word_cards_with_statistic_ru(self, driver, default_user_authorized):\n        page = SpeechExercisesPageRU(driver)\n        page.click_button_ru()\n>       table = page.get_statistic_data()\n\ntests/test_speech_exercises_ru.py:165: \n_ _ _ _ _ _ _ _ _ _ _ _ _ _ _ _ _ _ _ _ _ _ _ _ _ _ _ _ _ _ _ _ _ _ _ _ _ _ _ _ \npages/speech_exercises_page_ru.py:174: in get_statistic_data\n    table = self.element_is_present(self.locators.AuthorizedUserHomePageLocators.STATISTIC_TABLE)\npages/base_page.py:32: in element_is_present\n    return Wait(self.driver, self.timeout).until(\n_ _ _ _ _ _ _ _ _ _ _ _ _ _ _ _ _ _ _ _ _ _ _ _ _ _ _ _ _ _ _ _ _ _ _ _ _ _ _ _ \n\nself = <selenium.webdriver.support.wait.WebDriverWait (session=\"36d8261dfb4383d662dcfa9f589d4d91\")>\nmethod = <function presence_of_element_located.<locals>._predicate at 0x7f0a6130a480>\nmessage = 'Can\\'t find element by locator (\\'xpath\\', \\'//div[@class=\"__51e19\"]\\')'\n\n    def until(self, method, message: str = \"\"):\n        \"\"\"Calls the method provided with the driver as an argument until the \\\n        return value does not evaluate to ``False``.\n    \n        :param method: callable(WebDriver)\n        :param message: optional message for :exc:`TimeoutException`\n        :returns: the result of the last call to `method`\n        :raises: :exc:`selenium.common.exceptions.TimeoutException` if timeout occurs\n        \"\"\"\n        screen = None\n        stacktrace = None\n    \n        end_time = time.monotonic() + self._timeout\n        while True:\n            try:\n                value = method(self._driver)\n                if value:\n                    return value\n            except self._ignored_exceptions as exc:\n                screen = getattr(exc, \"screen\", None)\n                stacktrace = getattr(exc, \"stacktrace\", None)\n            time.sleep(self._poll)\n            if time.monotonic() > end_time:\n                break\n>       raise TimeoutException(message, screen, stacktrace)\nE       selenium.common.exceptions.TimeoutException: Message: Can't find element by locator ('xpath', '//div[@class=\"__51e19\"]')\nE       Stacktrace:\nE       #0 0x563f580494ba <unknown>\nE       #1 0x563f57ab2492 <unknown>\nE       #2 0x563f57b079b6 <unknown>\nE       #3 0x563f57b07bf1 <unknown>\nE       #4 0x563f57b534d4 <unknown>\nE       #5 0x563f57b50700 <unknown>\nE       #6 0x563f57af96a2 <unknown>\nE       #7 0x563f57afa491 <unknown>\nE       #8 0x563f5800f479 <unknown>\nE       #9 0x563f58012391 <unknown>\nE       #10 0x563f57ffba89 <unknown>\nE       #11 0x563f58012f4e <unknown>\nE       #12 0x563f57fe2070 <unknown>\nE       #13 0x563f58036ca8 <unknown>\nE       #14 0x563f58036e78 <unknown>\nE       #15 0x563f58048828 <unknown>\nE       #16 0x7f29db89caa4 <unknown>\nE       #17 0x7f29db929c6c <unknown>\n\n/opt/hostedtoolcache/Python/3.12.12/x64/lib/python3.12/site-packages/selenium/webdriver/support/wait.py:95: TimeoutException","steps":[{"name":"click_button RU","time":{"start":1771697270967,"stop":1771697271037,"duration":70},"status":"passed","steps":[{"name":"Click button \"RU\".","time":{"start":1771697270967,"stop":1771697271037,"duration":70},"status":"passed","steps":[],"attachments":[],"parameters":[],"stepsCount":0,"shouldDisplayMessage":false,"attachmentsCount":0,"hasContent":false,"attachmentStep":false}],"attachments":[],"parameters":[],"stepsCount":1,"shouldDisplayMessage":false,"attachmentsCount":0,"hasContent":true,"attachmentStep":false},{"name":"get_statistic_data","time":{"start":1771697271037,"stop":1771697281327,"duration":10290},"status":"broken","statusMessage":"selenium.common.exceptions.TimeoutException: Message: Can't find element by locator ('xpath', '//div[@class=\"__51e19\"]')\nStacktrace:\n#0 0x563f580494ba <unknown>\n#1 0x563f57ab2492 <unknown>\n#2 0x563f57b079b6 <unknown>\n#3 0x563f57b07bf1 <unknown>\n#4 0x563f57b534d4 <unknown>\n#5 0x563f57b50700 <unknown>\n#6 0x563f57af96a2 <unknown>\n#7 0x563f57afa491 <unknown>\n#8 0x563f5800f479 <unknown>\n#9 0x563f58012391 <unknown>\n#10 0x563f57ffba89 <unknown>\n#11 0x563f58012f4e <unknown>\n#12 0x563f57fe2070 <unknown>\n#13 0x563f58036ca8 <unknown>\n#14 0x563f58036e78 <unknown>\n#15 0x563f58048828 <unknown>\n#16 0x7f29db89caa4 <unknown>\n#17 0x7f29db929c6c <unknown>\n\n","statusTrace":"  File \"/opt/hostedtoolcache/Python/3.12.12/x64/lib/python3.12/site-packages/allure_commons/_allure.py\", line 192, in impl\n    return func(*a, **kw)\n           ^^^^^^^^^^^^^^\n  File \"/home/runner/work/auto-tests-python/auto-tests-python/pages/speech_exercises_page_ru.py\", line 174, in get_statistic_data\n    table = self.element_is_present(self.locators.AuthorizedUserHomePageLocators.STATISTIC_TABLE)\n            ^^^^^^^^^^^^^^^^^^^^^^^^^^^^^^^^^^^^^^^^^^^^^^^^^^^^^^^^^^^^^^^^^^^^^^^^^^^^^^^^^^^^^\n  File \"/home/runner/work/auto-tests-python/auto-tests-python/pages/base_page.py\", line 32, in element_is_present\n    return Wait(self.driver, self.timeout).until(\n           ^^^^^^^^^^^^^^^^^^^^^^^^^^^^^^^^^^^^^^\n  File \"/opt/hostedtoolcache/Python/3.12.12/x64/lib/python3.12/site-packages/selenium/webdriver/support/wait.py\", line 95, in until\n    raise TimeoutException(message, screen, stacktrace)\n","steps":[{"name":"Click button \"Статистика\"\".","time":{"start":1771697271037,"stop":1771697271108,"duration":71},"status":"passed","steps":[],"attachments":[],"parameters":[],"stepsCount":0,"shouldDisplayMessage":false,"attachmentsCount":0,"hasContent":false,"attachmentStep":false},{"name":"Check statistic table is present and scroll to table","time":{"start":1771697271108,"stop":1771697281327,"duration":10219},"status":"broken","statusMessage":"selenium.common.exceptions.TimeoutException: Message: Can't find element by locator ('xpath', '//div[@class=\"__51e19\"]')\nStacktrace:\n#0 0x563f580494ba <unknown>\n#1 0x563f57ab2492 <unknown>\n#2 0x563f57b079b6 <unknown>\n#3 0x563f57b07bf1 <unknown>\n#4 0x563f57b534d4 <unknown>\n#5 0x563f57b50700 <unknown>\n#6 0x563f57af96a2 <unknown>\n#7 0x563f57afa491 <unknown>\n#8 0x563f5800f479 <unknown>\n#9 0x563f58012391 <unknown>\n#10 0x563f57ffba89 <unknown>\n#11 0x563f58012f4e <unknown>\n#12 0x563f57fe2070 <unknown>\n#13 0x563f58036ca8 <unknown>\n#14 0x563f58036e78 <unknown>\n#15 0x563f58048828 <unknown>\n#16 0x7f29db89caa4 <unknown>\n#17 0x7f29db929c6c <unknown>\n\n","statusTrace":"  File \"/home/runner/work/auto-tests-python/auto-tests-python/pages/speech_exercises_page_ru.py\", line 174, in get_statistic_data\n    table = self.element_is_present(self.locators.AuthorizedUserHomePageLocators.STATISTIC_TABLE)\n            ^^^^^^^^^^^^^^^^^^^^^^^^^^^^^^^^^^^^^^^^^^^^^^^^^^^^^^^^^^^^^^^^^^^^^^^^^^^^^^^^^^^^^\n  File \"/home/runner/work/auto-tests-python/auto-tests-python/pages/base_page.py\", line 32, in element_is_present\n    return Wait(self.driver, self.timeout).until(\n           ^^^^^^^^^^^^^^^^^^^^^^^^^^^^^^^^^^^^^^\n  File \"/opt/hostedtoolcache/Python/3.12.12/x64/lib/python3.12/site-packages/selenium/webdriver/support/wait.py\", line 95, in until\n    raise TimeoutException(message, screen, stacktrace)\n","steps":[],"attachments":[],"parameters":[],"stepsCount":0,"shouldDisplayMessage":true,"attachmentsCount":0,"hasContent":true,"attachmentStep":false}],"attachments":[],"parameters":[],"stepsCount":2,"shouldDisplayMessage":false,"attachmentsCount":0,"hasContent":true,"attachmentStep":false}],"attachments":[],"parameters":[],"stepsCount":5,"shouldDisplayMessage":true,"attachmentsCount":0,"hasContent":true,"attachmentStep":false},"afterStages":[{"name":"driver::0","time":{"start":1771697281342,"stop":1771697281416,"duration":74},"status":"passed","steps":[],"attachments":[],"parameters":[],"stepsCount":0,"shouldDisplayMessage":false,"attachmentsCount":0,"hasContent":false,"attachmentStep":false}],"labels":[{"name":"epic","value":"Speech exercises."},{"name":"suite","value":"Речевые упражнения."},{"name":"tag","value":"@pytest.mark.xfail"},{"name":"parentSuite","value":"tests"},{"name":"subSuite","value":"TestCardsRU"},{"name":"host","value":"runnervmwffz4"},{"name":"thread","value":"2689-MainThread"},{"name":"framework","value":"pytest"},{"name":"language","value":"cpython3"},{"name":"package","value":"tests.test_speech_exercises_ru"},{"name":"resultFormat","value":"allure2"}],"parameters":[],"links":[],"hidden":false,"retry":false,"extra":{"severity":"normal","retries":[],"categories":[],"history":{"statistic":{"failed":0,"broken":0,"skipped":42,"passed":0,"unknown":0,"total":42},"items":[{"uid":"a0eb137a499eb589","reportUrl":"https://Brain-up.github.io/auto-tests-python/831/#testresult/a0eb137a499eb589","status":"skipped","statusDetails":"XFAIL\n\nselenium.common.exceptions.TimeoutException: Message: Can't find element by locator ('xpath', '//div[@class=\"__51e19\"]')\nStacktrace:\n#0 0x5590b014a4ba <unknown>\n#1 0x5590afbb3492 <unknown>\n#2 0x5590afc089b6 <unknown>\n#3 0x5590afc08bf1 <unknown>\n#4 0x5590afc544d4 <unknown>\n#5 0x5590afc51700 <unknown>\n#6 0x5590afbfa6a2 <unknown>\n#7 0x5590afbfb491 <unknown>\n#8 0x5590b0110479 <unknown>\n#9 0x5590b0113391 <unknown>\n#10 0x5590b00fca89 <unknown>\n#11 0x5590b0113f4e <unknown>\n#12 0x5590b00e3070 <unknown>\n#13 0x5590b0137ca8 <unknown>\n#14 0x5590b0137e78 <unknown>\n#15 0x5590b0149828 <unknown>\n#16 0x7f2319c9caa4 <unknown>\n#17 0x7f2319d29c6c <unknown>","time":{"start":1771581638430,"stop":1771581648724,"duration":10294}},{"uid":"ca976348ebbc57fc","reportUrl":"https://Brain-up.github.io/auto-tests-python/830/#testresult/ca976348ebbc57fc","status":"skipped","statusDetails":"XFAIL\n\nselenium.common.exceptions.TimeoutException: Message: Can't find element by locator ('xpath', '//div[@class=\"__51e19\"]')\nStacktrace:\n#0 0x55d53d6c9dba <unknown>\n#1 0x55d53d0d9682 <unknown>\n#2 0x55d53d12ea06 <unknown>\n#3 0x55d53d12ec41 <unknown>\n#4 0x55d53d179e14 <unknown>\n#5 0x55d53d17704b <unknown>\n#6 0x55d53d12088f <unknown>\n#7 0x55d53d121651 <unknown>\n#8 0x55d53d68e209 <unknown>\n#9 0x55d53d691111 <unknown>\n#10 0x55d53d67a9c9 <unknown>\n#11 0x55d53d691cde <unknown>\n#12 0x55d53d660d40 <unknown>\n#13 0x55d53d6b6408 <unknown>\n#14 0x55d53d6b65d8 <unknown>\n#15 0x55d53d6c8403 <unknown>\n#16 0x7ffa3469caa4 <unknown>\n#17 0x7ffa34729c6c <unknown>","time":{"start":1771534915692,"stop":1771534926055,"duration":10363}},{"uid":"9cb3903e682cff12","reportUrl":"https://Brain-up.github.io/auto-tests-python/829/#testresult/9cb3903e682cff12","status":"skipped","statusDetails":"XFAIL\n\nKeyError: 41","time":{"start":1771410230934,"stop":1771410238447,"duration":7513}},{"uid":"a322999915bea50f","reportUrl":"https://Brain-up.github.io/auto-tests-python/828/#testresult/a322999915bea50f","status":"skipped","statusDetails":"XFAIL\n\nselenium.common.exceptions.TimeoutException: Message: Can't find element by locator ('xpath', '//div[@class=\"__51e19\"]')\nStacktrace:\n#0 0x560b258cda4a <unknown>\n#1 0x560b252e66a2 <unknown>\n#2 0x560b2533ba8d <unknown>\n#3 0x560b2533bcd1 <unknown>\n#4 0x560b253875c4 <unknown>\n#5 0x560b253847f0 <unknown>\n#6 0x560b2532d8b2 <unknown>\n#7 0x560b2532e6a1 <unknown>\n#8 0x560b258938a9 <unknown>\n#9 0x560b258967b1 <unknown>\n#10 0x560b2587fea9 <unknown>\n#11 0x560b2589736e <unknown>\n#12 0x560b25866410 <unknown>\n#13 0x560b258bb0c8 <unknown>\n#14 0x560b258bb29b <unknown>\n#15 0x560b258ccdb8 <unknown>\n#16 0x7f289829caa4 <unknown>\n#17 0x7f2898329c6c <unknown>","time":{"start":1771342934959,"stop":1771342945347,"duration":10388}},{"uid":"e42ff4e4db43ce07","reportUrl":"https://Brain-up.github.io/auto-tests-python/827/#testresult/e42ff4e4db43ce07","status":"skipped","statusDetails":"XFAIL\n\nselenium.common.exceptions.TimeoutException: Message: Can't find element by locator ('xpath', '//div[@class=\"__51e19\"]')\nStacktrace:\n#0 0x55ed63711a4a <unknown>\n#1 0x55ed6312a6a2 <unknown>\n#2 0x55ed6317fa8d <unknown>\n#3 0x55ed6317fcd1 <unknown>\n#4 0x55ed631cb5c4 <unknown>\n#5 0x55ed631c87f0 <unknown>\n#6 0x55ed631718b2 <unknown>\n#7 0x55ed631726a1 <unknown>\n#8 0x55ed636d78a9 <unknown>\n#9 0x55ed636da7b1 <unknown>\n#10 0x55ed636c3ea9 <unknown>\n#11 0x55ed636db36e <unknown>\n#12 0x55ed636aa410 <unknown>\n#13 0x55ed636ff0c8 <unknown>\n#14 0x55ed636ff29b <unknown>\n#15 0x55ed63710db8 <unknown>\n#16 0x7fa4d149caa4 <unknown>\n#17 0x7fa4d1529c6c <unknown>","time":{"start":1771236554584,"stop":1771236564873,"duration":10289}},{"uid":"87720c8cff70a49a","reportUrl":"https://Brain-up.github.io/auto-tests-python/826/#testresult/87720c8cff70a49a","status":"skipped","statusDetails":"XFAIL\n\nselenium.common.exceptions.TimeoutException: Message: Can't find element by locator ('xpath', '//div[@class=\"__51e19\"]')\nStacktrace:\n#0 0x55a220641a4a <unknown>\n#1 0x55a22005a6a2 <unknown>\n#2 0x55a2200afa8d <unknown>\n#3 0x55a2200afcd1 <unknown>\n#4 0x55a2200fb5c4 <unknown>\n#5 0x55a2200f87f0 <unknown>\n#6 0x55a2200a18b2 <unknown>\n#7 0x55a2200a26a1 <unknown>\n#8 0x55a2206078a9 <unknown>\n#9 0x55a22060a7b1 <unknown>\n#10 0x55a2205f3ea9 <unknown>\n#11 0x55a22060b36e <unknown>\n#12 0x55a2205da410 <unknown>\n#13 0x55a22062f0c8 <unknown>\n#14 0x55a22062f29b <unknown>\n#15 0x55a220640db8 <unknown>\n#16 0x7f8b1f89caa4 <unknown>\n#17 0x7f8b1f929c6c <unknown>","time":{"start":1771167599883,"stop":1771167610245,"duration":10362}},{"uid":"46b5d0d05b3c9f32","reportUrl":"https://Brain-up.github.io/auto-tests-python/825/#testresult/46b5d0d05b3c9f32","status":"skipped","statusDetails":"XFAIL\n\nselenium.common.exceptions.TimeoutException: Message: Can't find element by locator ('xpath', '//div[@class=\"__51e19\"]')\nStacktrace:\n#0 0x55b6e7705a4a <unknown>\n#1 0x55b6e711e6a2 <unknown>\n#2 0x55b6e7173a8d <unknown>\n#3 0x55b6e7173cd1 <unknown>\n#4 0x55b6e71bf5c4 <unknown>\n#5 0x55b6e71bc7f0 <unknown>\n#6 0x55b6e71658b2 <unknown>\n#7 0x55b6e71666a1 <unknown>\n#8 0x55b6e76cb8a9 <unknown>\n#9 0x55b6e76ce7b1 <unknown>\n#10 0x55b6e76b7ea9 <unknown>\n#11 0x55b6e76cf36e <unknown>\n#12 0x55b6e769e410 <unknown>\n#13 0x55b6e76f30c8 <unknown>\n#14 0x55b6e76f329b <unknown>\n#15 0x55b6e7704db8 <unknown>\n#16 0x7f5c0ae9caa4 <unknown>\n#17 0x7f5c0af29c6c <unknown>","time":{"start":1771046944511,"stop":1771046954872,"duration":10361}},{"uid":"9fadabe6da2da85a","reportUrl":"https://Brain-up.github.io/auto-tests-python/824/#testresult/9fadabe6da2da85a","status":"skipped","statusDetails":"XFAIL\n\nselenium.common.exceptions.TimeoutException: Message: Can't find element by locator ('xpath', '//div[@class=\"__51e19\"]')\nStacktrace:\n#0 0x5651d9afaa4a <unknown>\n#1 0x5651d95136a2 <unknown>\n#2 0x5651d9568a8d <unknown>\n#3 0x5651d9568cd1 <unknown>\n#4 0x5651d95b45c4 <unknown>\n#5 0x5651d95b17f0 <unknown>\n#6 0x5651d955a8b2 <unknown>\n#7 0x5651d955b6a1 <unknown>\n#8 0x5651d9ac08a9 <unknown>\n#9 0x5651d9ac37b1 <unknown>\n#10 0x5651d9aacea9 <unknown>\n#11 0x5651d9ac436e <unknown>\n#12 0x5651d9a93410 <unknown>\n#13 0x5651d9ae80c8 <unknown>\n#14 0x5651d9ae829b <unknown>\n#15 0x5651d9af9db8 <unknown>\n#16 0x7f274f29caa4 <unknown>\n#17 0x7f274f329c6c <unknown>","time":{"start":1770984950394,"stop":1770984960695,"duration":10301}},{"uid":"b3798c0346a6a5e5","reportUrl":"https://Brain-up.github.io/auto-tests-python/823/#testresult/b3798c0346a6a5e5","status":"skipped","statusDetails":"XFAIL\n\nselenium.common.exceptions.TimeoutException: Message: Can't find element by locator ('xpath', '//div[@class=\"__51e19\"]')\nStacktrace:\n#0 0x556cd249c4ba <unknown>\n#1 0x556cd1f05492 <unknown>\n#2 0x556cd1f5a9b6 <unknown>\n#3 0x556cd1f5abf1 <unknown>\n#4 0x556cd1fa64d4 <unknown>\n#5 0x556cd1fa3700 <unknown>\n#6 0x556cd1f4c6a2 <unknown>\n#7 0x556cd1f4d491 <unknown>\n#8 0x556cd2462479 <unknown>\n#9 0x556cd2465391 <unknown>\n#10 0x556cd244ea89 <unknown>\n#11 0x556cd2465f4e <unknown>\n#12 0x556cd2435070 <unknown>\n#13 0x556cd2489ca8 <unknown>\n#14 0x556cd2489e78 <unknown>\n#15 0x556cd249b828 <unknown>\n#16 0x7f8d67a9caa4 <unknown>\n#17 0x7f8d67b29c6c <unknown>","time":{"start":1770897701224,"stop":1770897711558,"duration":10334}},{"uid":"d43a27d691d72e1b","reportUrl":"https://Brain-up.github.io/auto-tests-python/822/#testresult/d43a27d691d72e1b","status":"skipped","statusDetails":"XFAIL\n\nKeyError: 4","time":{"start":1770836428187,"stop":1770836435639,"duration":7452}},{"uid":"269c241feb8de056","reportUrl":"https://Brain-up.github.io/auto-tests-python/821/#testresult/269c241feb8de056","status":"skipped","statusDetails":"XFAIL\n\nselenium.common.exceptions.TimeoutException: Message: Can't find element by locator ('xpath', '//div[@class=\"__51e19\"]')\nStacktrace:\n#0 0x555f11e8c4ba <unknown>\n#1 0x555f118f5492 <unknown>\n#2 0x555f1194a9b6 <unknown>\n#3 0x555f1194abf1 <unknown>\n#4 0x555f119964d4 <unknown>\n#5 0x555f11993700 <unknown>\n#6 0x555f1193c6a2 <unknown>\n#7 0x555f1193d491 <unknown>\n#8 0x555f11e52479 <unknown>\n#9 0x555f11e55391 <unknown>\n#10 0x555f11e3ea89 <unknown>\n#11 0x555f11e55f4e <unknown>\n#12 0x555f11e25070 <unknown>\n#13 0x555f11e79ca8 <unknown>\n#14 0x555f11e79e78 <unknown>\n#15 0x555f11e8b828 <unknown>\n#16 0x7fe24f89caa4 <unknown>\n#17 0x7fe24f929c6c <unknown>","time":{"start":1770552446206,"stop":1770552456548,"duration":10342}},{"uid":"b7f60b14734bd6cf","reportUrl":"https://Brain-up.github.io/auto-tests-python/820/#testresult/b7f60b14734bd6cf","status":"skipped","statusDetails":"XFAIL\n\nselenium.common.exceptions.TimeoutException: Message: Can't find element by locator ('xpath', '//div[@class=\"__51e19\"]')\nStacktrace:\n#0 0x55ba1008b4ba <unknown>\n#1 0x55ba0faf4492 <unknown>\n#2 0x55ba0fb499b6 <unknown>\n#3 0x55ba0fb49bf1 <unknown>\n#4 0x55ba0fb954d4 <unknown>\n#5 0x55ba0fb92700 <unknown>\n#6 0x55ba0fb3b6a2 <unknown>\n#7 0x55ba0fb3c491 <unknown>\n#8 0x55ba10051479 <unknown>\n#9 0x55ba10054391 <unknown>\n#10 0x55ba1003da89 <unknown>\n#11 0x55ba10054f4e <unknown>\n#12 0x55ba10024070 <unknown>\n#13 0x55ba10078ca8 <unknown>\n#14 0x55ba10078e78 <unknown>\n#15 0x55ba1008a828 <unknown>\n#16 0x7f7bcf09caa4 <unknown>\n#17 0x7f7bcf129c6c <unknown>","time":{"start":1770489688470,"stop":1770489698824,"duration":10354}},{"uid":"fadcc6737f2b77a3","reportUrl":"https://Brain-up.github.io/auto-tests-python/819/#testresult/fadcc6737f2b77a3","status":"skipped","statusDetails":"XFAIL\n\nselenium.common.exceptions.TimeoutException: Message: Can't find element by locator ('xpath', '//div[@class=\"__51e19\"]')\nStacktrace:\n#0 0x556de2ef5afa <unknown>\n#1 0x556de290f60f <unknown>\n#2 0x556de2964a16 <unknown>\n#3 0x556de2964c51 <unknown>\n#4 0x556de29b0404 <unknown>\n#5 0x556de29ad62b <unknown>\n#6 0x556de2956842 <unknown>\n#7 0x556de2957631 <unknown>\n#8 0x556de2ebb689 <unknown>\n#9 0x556de2ebe581 <unknown>\n#10 0x556de2ea7ca9 <unknown>\n#11 0x556de2ebf13e <unknown>\n#12 0x556de2e8e3a0 <unknown>\n#13 0x556de2ee2fc8 <unknown>\n#14 0x556de2ee319b <unknown>\n#15 0x556de2ef4e68 <unknown>\n#16 0x7f634b89caa4 <unknown>\n#17 0x7f634b929c6c <unknown>","time":{"start":1770377145357,"stop":1770377155700,"duration":10343}},{"uid":"aa2062b984e4a9b0","reportUrl":"https://Brain-up.github.io/auto-tests-python/818/#testresult/aa2062b984e4a9b0","status":"skipped","statusDetails":"XFAIL\n\nselenium.common.exceptions.TimeoutException: Message: Can't find element by locator ('xpath', '//div[@class=\"__51e19\"]')\nStacktrace:\n#0 0x5627b5f7fafa <unknown>\n#1 0x5627b599960f <unknown>\n#2 0x5627b59eea16 <unknown>\n#3 0x5627b59eec51 <unknown>\n#4 0x5627b5a3a404 <unknown>\n#5 0x5627b5a3762b <unknown>\n#6 0x5627b59e0842 <unknown>\n#7 0x5627b59e1631 <unknown>\n#8 0x5627b5f45689 <unknown>\n#9 0x5627b5f48581 <unknown>\n#10 0x5627b5f31ca9 <unknown>\n#11 0x5627b5f4913e <unknown>\n#12 0x5627b5f183a0 <unknown>\n#13 0x5627b5f6cfc8 <unknown>\n#14 0x5627b5f6d19b <unknown>\n#15 0x5627b5f7ee68 <unknown>\n#16 0x7fdfe269caa4 <unknown>\n#17 0x7fdfe2729c6c <unknown>","time":{"start":1770119620126,"stop":1770119630585,"duration":10459}},{"uid":"63c21b95ebf9b592","reportUrl":"https://Brain-up.github.io/auto-tests-python/817/#testresult/63c21b95ebf9b592","status":"skipped","statusDetails":"XFAIL\n\nselenium.common.exceptions.TimeoutException: Message: Can't find element by locator ('xpath', '//div[@class=\"__51e19\"]')\nStacktrace:\n#0 0x55f848b4eafa <unknown>\n#1 0x55f84856860f <unknown>\n#2 0x55f8485bda16 <unknown>\n#3 0x55f8485bdc51 <unknown>\n#4 0x55f848609404 <unknown>\n#5 0x55f84860662b <unknown>\n#6 0x55f8485af842 <unknown>\n#7 0x55f8485b0631 <unknown>\n#8 0x55f848b14689 <unknown>\n#9 0x55f848b17581 <unknown>\n#10 0x55f848b00ca9 <unknown>\n#11 0x55f848b1813e <unknown>\n#12 0x55f848ae73a0 <unknown>\n#13 0x55f848b3bfc8 <unknown>\n#14 0x55f848b3c19b <unknown>\n#15 0x55f848b4de68 <unknown>\n#16 0x7f425d09caa4 <unknown>\n#17 0x7f425d129c6c <unknown>","time":{"start":1769945876386,"stop":1769945886808,"duration":10422}},{"uid":"fb46ff554dc94ca","reportUrl":"https://Brain-up.github.io/auto-tests-python/816/#testresult/fb46ff554dc94ca","status":"skipped","statusDetails":"XFAIL\n\nselenium.common.exceptions.TimeoutException: Message: Can't find element by locator ('xpath', '//div[@class=\"__51e19\"]')\nStacktrace:\n#0 0x562af989cafa <unknown>\n#1 0x562af92b660f <unknown>\n#2 0x562af930ba16 <unknown>\n#3 0x562af930bc51 <unknown>\n#4 0x562af9357404 <unknown>\n#5 0x562af935462b <unknown>\n#6 0x562af92fd842 <unknown>\n#7 0x562af92fe631 <unknown>\n#8 0x562af9862689 <unknown>\n#9 0x562af9865581 <unknown>\n#10 0x562af984eca9 <unknown>\n#11 0x562af986613e <unknown>\n#12 0x562af98353a0 <unknown>\n#13 0x562af9889fc8 <unknown>\n#14 0x562af988a19b <unknown>\n#15 0x562af989be68 <unknown>\n#16 0x7fa9c689caa4 <unknown>\n#17 0x7fa9c6929c6c <unknown>","time":{"start":1769859830406,"stop":1769859840732,"duration":10326}},{"uid":"cbba786b165f9e75","reportUrl":"https://Brain-up.github.io/auto-tests-python/816/#testresult/cbba786b165f9e75","status":"skipped","statusDetails":"XFAIL\n\nselenium.common.exceptions.TimeoutException: Message: Can't find element by locator ('xpath', '//div[@class=\"__51e19\"]')\nStacktrace:\n#0 0x55bc77390afa <unknown>\n#1 0x55bc76daa60f <unknown>\n#2 0x55bc76dffa16 <unknown>\n#3 0x55bc76dffc51 <unknown>\n#4 0x55bc76e4b404 <unknown>\n#5 0x55bc76e4862b <unknown>\n#6 0x55bc76df1842 <unknown>\n#7 0x55bc76df2631 <unknown>\n#8 0x55bc77356689 <unknown>\n#9 0x55bc77359581 <unknown>\n#10 0x55bc77342ca9 <unknown>\n#11 0x55bc7735a13e <unknown>\n#12 0x55bc773293a0 <unknown>\n#13 0x55bc7737dfc8 <unknown>\n#14 0x55bc7737e19b <unknown>\n#15 0x55bc7738fe68 <unknown>\n#16 0x7ffb3dc9caa4 <unknown>\n#17 0x7ffb3dd29c6c <unknown>","time":{"start":1769785197615,"stop":1769785207955,"duration":10340}},{"uid":"ba426f5b7dbc351","reportUrl":"https://Brain-up.github.io/auto-tests-python/815/#testresult/ba426f5b7dbc351","status":"skipped","statusDetails":"XFAIL\n\nKeyError: 25","time":{"start":1769689079651,"stop":1769689085143,"duration":5492}},{"uid":"b709a14d94344dc8","reportUrl":"https://Brain-up.github.io/auto-tests-python/814/#testresult/b709a14d94344dc8","status":"skipped","statusDetails":"XFAIL\n\nKeyError: 37","time":{"start":1769601033862,"stop":1769601039423,"duration":5561}},{"uid":"8d0f3b2c774740af","reportUrl":"https://Brain-up.github.io/auto-tests-python/814/#testresult/8d0f3b2c774740af","status":"skipped","statusDetails":"XFAIL\n\nselenium.common.exceptions.TimeoutException: Message: Can't find element by locator ('xpath', '//div[@class=\"__51e19\"]')\nStacktrace:\n#0 0x5610c0546c3a <unknown>\n#1 0x5610bff60969 <unknown>\n#2 0x5610bffb5ead <unknown>\n#3 0x5610bffb60f1 <unknown>\n#4 0x5610c00017e4 <unknown>\n#5 0x5610bfffea20 <unknown>\n#6 0x5610bffa7be2 <unknown>\n#7 0x5610bffa8991 <unknown>\n#8 0x5610c050ca99 <unknown>\n#9 0x5610c050f9b1 <unknown>\n#10 0x5610c04f90a9 <unknown>\n#11 0x5610c051056e <unknown>\n#12 0x5610c04df5e0 <unknown>\n#13 0x5610c0534358 <unknown>\n#14 0x5610c0534528 <unknown>\n#15 0x5610c0545fa8 <unknown>\n#16 0x7f0c25c9caa4 <unknown>\n#17 0x7f0c25d29c6c <unknown>","time":{"start":1769552703180,"stop":1769552713583,"duration":10403}}]},"tags":["@pytest.mark.xfail"]},"source":"3c230bd58a2fa0a1.json","parameterValues":[]}