{"uid":"fbe584987ff49453","name":"Verify presence, visibility of links, buttons in the Header for an authorized user","fullName":"tests.header_test.TestAuHdPageStructure#test_hpa_01_03_verify_auth_header_structural_elements","historyId":"009ddb21fb3b79efd9f4976eb8b44d73","time":{"start":1764422493829,"stop":1764422493829,"duration":0},"status":"broken","statusMessage":"selenium.common.exceptions.TimeoutException: Message: Can't find element by locator https://www.brainup.site/groups","statusTrace":"self = <pages.base_page.BasePage object at 0x7f5e5c496060>\nurl = 'https://www.brainup.site/groups'\n\n    def check_expected_link(self, url):\n        with allure.step(f'Check url is present: {url}'):\n            try:\n>               return Wait(self.driver, self.timeout).until(\n                    EC.url_to_be(url), message=f\"Can't find element by locator {url}\")\n\npages/base_page.py:80: \n_ _ _ _ _ _ _ _ _ _ _ _ _ _ _ _ _ _ _ _ _ _ _ _ _ _ _ _ _ _ _ _ _ _ _ _ _ _ _ _ \n\nself = <selenium.webdriver.support.wait.WebDriverWait (session=\"5dc1704a04f1509a7212a277c1fd015e\")>\nmethod = <function url_to_be.<locals>._predicate at 0x7f5e5c46af20>\nmessage = \"Can't find element by locator https://www.brainup.site/groups\"\n\n    def until(self, method, message: str = \"\"):\n        \"\"\"Calls the method provided with the driver as an argument until the \\\n        return value does not evaluate to ``False``.\n    \n        :param method: callable(WebDriver)\n        :param message: optional message for :exc:`TimeoutException`\n        :returns: the result of the last call to `method`\n        :raises: :exc:`selenium.common.exceptions.TimeoutException` if timeout occurs\n        \"\"\"\n        screen = None\n        stacktrace = None\n    \n        end_time = time.monotonic() + self._timeout\n        while True:\n            try:\n                value = method(self._driver)\n                if value:\n                    return value\n            except self._ignored_exceptions as exc:\n                screen = getattr(exc, \"screen\", None)\n                stacktrace = getattr(exc, \"stacktrace\", None)\n            time.sleep(self._poll)\n            if time.monotonic() > end_time:\n                break\n>       raise TimeoutException(message, screen, stacktrace)\nE       selenium.common.exceptions.TimeoutException: Message: Can't find element by locator https://www.brainup.site/groups\n\n/opt/hostedtoolcache/Python/3.12.12/x64/lib/python3.12/site-packages/selenium/webdriver/support/wait.py:95: TimeoutException\n\nDuring handling of the above exception, another exception occurred:\n\ndriver = <selenium.webdriver.chrome.webdriver.WebDriver (session=\"5dc1704a04f1509a7212a277c1fd015e\")>\nmain_page_open = None\n\n    @pytest.fixture()\n    @allure.step('Auto test user authorized')\n    def auto_test_user_authorized(driver, main_page_open):\n        page = BasePage(driver)\n        page.element_is_present_and_clickable(MainPageLocators.LOGIN_BUTTON).click()\n        page.element_is_visible(LoginPageLocators.INPUT_LOGIN).send_keys(os.environ[\"LOGIN\"])\n        page.element_is_visible(LoginPageLocators.INPUT_PASSWORD).send_keys(os.environ[\"PASSWORD\"])\n        page.element_is_present_and_clickable(LoginPageLocators.SIGN_IN_BUTTON).click()\n>       page.check_expected_link(MainPageLinks.URL_GROUPS_PAGE)\n\ntests/conftest.py:162: \n_ _ _ _ _ _ _ _ _ _ _ _ _ _ _ _ _ _ _ _ _ _ _ _ _ _ _ _ _ _ _ _ _ _ _ _ _ _ _ _ \npages/base_page.py:84: in check_expected_link\n    return Wait(self.driver, self.timeout).until(\n_ _ _ _ _ _ _ _ _ _ _ _ _ _ _ _ _ _ _ _ _ _ _ _ _ _ _ _ _ _ _ _ _ _ _ _ _ _ _ _ \n\nself = <selenium.webdriver.support.wait.WebDriverWait (session=\"5dc1704a04f1509a7212a277c1fd015e\")>\nmethod = <function url_to_be.<locals>._predicate at 0x7f5e5c46b060>\nmessage = \"Can't find element by locator https://www.brainup.site/groups\"\n\n    def until(self, method, message: str = \"\"):\n        \"\"\"Calls the method provided with the driver as an argument until the \\\n        return value does not evaluate to ``False``.\n    \n        :param method: callable(WebDriver)\n        :param message: optional message for :exc:`TimeoutException`\n        :returns: the result of the last call to `method`\n        :raises: :exc:`selenium.common.exceptions.TimeoutException` if timeout occurs\n        \"\"\"\n        screen = None\n        stacktrace = None\n    \n        end_time = time.monotonic() + self._timeout\n        while True:\n            try:\n                value = method(self._driver)\n                if value:\n                    return value\n            except self._ignored_exceptions as exc:\n                screen = getattr(exc, \"screen\", None)\n                stacktrace = getattr(exc, \"stacktrace\", None)\n            time.sleep(self._poll)\n            if time.monotonic() > end_time:\n                break\n>       raise TimeoutException(message, screen, stacktrace)\nE       selenium.common.exceptions.TimeoutException: Message: Can't find element by locator https://www.brainup.site/groups\n\n/opt/hostedtoolcache/Python/3.12.12/x64/lib/python3.12/site-packages/selenium/webdriver/support/wait.py:95: TimeoutException","flaky":false,"newFailed":false,"newBroken":true,"newPassed":false,"retriesCount":0,"retriesStatusChange":false,"beforeStages":[{"name":"clear_allure_results_folder","time":{"start":1764421409604,"stop":1764421409605,"duration":1},"status":"passed","steps":[],"attachments":[],"parameters":[],"stepsCount":0,"shouldDisplayMessage":false,"attachmentsCount":0,"hasContent":false,"attachmentStep":false},{"name":"driver","time":{"start":1764422493830,"stop":1764422494603,"duration":773},"status":"passed","steps":[],"attachments":[],"parameters":[],"stepsCount":0,"shouldDisplayMessage":false,"attachmentsCount":0,"hasContent":false,"attachmentStep":false},{"name":"main_page_open","time":{"start":1764422494603,"stop":1764422496952,"duration":2349},"status":"passed","steps":[{"name":"Open page: https://www.brainup.site/","time":{"start":1764422494603,"stop":1764422496952,"duration":2349},"status":"passed","steps":[],"attachments":[],"parameters":[{"name":"driver","value":"<selenium.webdriver.chrome.webdriver.WebDriver (session=\"5dc1704a04f1509a7212a277c1fd015e\")>"}],"stepsCount":0,"shouldDisplayMessage":false,"attachmentsCount":0,"hasContent":true,"attachmentStep":false}],"attachments":[],"parameters":[],"stepsCount":1,"shouldDisplayMessage":false,"attachmentsCount":0,"hasContent":true,"attachmentStep":false},{"name":"auto_test_user_authorized","time":{"start":1764422496952,"stop":1764422517519,"duration":20567},"status":"broken","statusMessage":"selenium.common.exceptions.TimeoutException: Message: Can't find element by locator https://www.brainup.site/groups\n\n","statusTrace":"  File \"/opt/hostedtoolcache/Python/3.12.12/x64/lib/python3.12/site-packages/pluggy/_callers.py\", line 38, in run_old_style_hookwrapper\n    res = yield\n          ^^^^^\n  File \"/opt/hostedtoolcache/Python/3.12.12/x64/lib/python3.12/site-packages/pluggy/_callers.py\", line 139, in _multicall\n    teardown.throw(exception)\n  File \"/opt/hostedtoolcache/Python/3.12.12/x64/lib/python3.12/site-packages/pluggy/_callers.py\", line 53, in run_old_style_hookwrapper\n    return result.get_result()\n           ^^^^^^^^^^^^^^^^^^^\n  File \"/opt/hostedtoolcache/Python/3.12.12/x64/lib/python3.12/site-packages/pluggy/_result.py\", line 103, in get_result\n    raise exc.with_traceback(tb)\n  File \"/opt/hostedtoolcache/Python/3.12.12/x64/lib/python3.12/site-packages/pluggy/_callers.py\", line 38, in run_old_style_hookwrapper\n    res = yield\n          ^^^^^\n  File \"/opt/hostedtoolcache/Python/3.12.12/x64/lib/python3.12/site-packages/pluggy/_callers.py\", line 121, in _multicall\n    res = hook_impl.function(*args)\n          ^^^^^^^^^^^^^^^^^^^^^^^^^\n  File \"/opt/hostedtoolcache/Python/3.12.12/x64/lib/python3.12/site-packages/_pytest/fixtures.py\", line 1123, in pytest_fixture_setup\n    result = call_fixture_func(fixturefunc, request, kwargs)\n             ^^^^^^^^^^^^^^^^^^^^^^^^^^^^^^^^^^^^^^^^^^^^^^^\n  File \"/opt/hostedtoolcache/Python/3.12.12/x64/lib/python3.12/site-packages/_pytest/fixtures.py\", line 902, in call_fixture_func\n    fixture_result = fixturefunc(**kwargs)\n                     ^^^^^^^^^^^^^^^^^^^^^\n  File \"/opt/hostedtoolcache/Python/3.12.12/x64/lib/python3.12/site-packages/allure_commons/_allure.py\", line 192, in impl\n    return func(*a, **kw)\n           ^^^^^^^^^^^^^^\n  File \"/home/runner/work/auto-tests-python/auto-tests-python/tests/conftest.py\", line 162, in auto_test_user_authorized\n    page.check_expected_link(MainPageLinks.URL_GROUPS_PAGE)\n  File \"/home/runner/work/auto-tests-python/auto-tests-python/pages/base_page.py\", line 84, in check_expected_link\n    return Wait(self.driver, self.timeout).until(\n           ^^^^^^^^^^^^^^^^^^^^^^^^^^^^^^^^^^^^^^\n  File \"/opt/hostedtoolcache/Python/3.12.12/x64/lib/python3.12/site-packages/selenium/webdriver/support/wait.py\", line 95, in until\n    raise TimeoutException(message, screen, stacktrace)\n","steps":[{"name":"Auto test user authorized","time":{"start":1764422496952,"stop":1764422517519,"duration":20567},"status":"broken","statusMessage":"selenium.common.exceptions.TimeoutException: Message: Can't find element by locator https://www.brainup.site/groups\n\n","statusTrace":"  File \"/opt/hostedtoolcache/Python/3.12.12/x64/lib/python3.12/site-packages/allure_commons/_allure.py\", line 192, in impl\n    return func(*a, **kw)\n           ^^^^^^^^^^^^^^\n  File \"/home/runner/work/auto-tests-python/auto-tests-python/tests/conftest.py\", line 162, in auto_test_user_authorized\n    page.check_expected_link(MainPageLinks.URL_GROUPS_PAGE)\n  File \"/home/runner/work/auto-tests-python/auto-tests-python/pages/base_page.py\", line 84, in check_expected_link\n    return Wait(self.driver, self.timeout).until(\n           ^^^^^^^^^^^^^^^^^^^^^^^^^^^^^^^^^^^^^^\n  File \"/opt/hostedtoolcache/Python/3.12.12/x64/lib/python3.12/site-packages/selenium/webdriver/support/wait.py\", line 95, in until\n    raise TimeoutException(message, screen, stacktrace)\n","steps":[{"name":"Check url is present: https://www.brainup.site/groups","time":{"start":1764422497361,"stop":1764422517518,"duration":20157},"status":"broken","statusMessage":"selenium.common.exceptions.TimeoutException: Message: Can't find element by locator https://www.brainup.site/groups\n\n","statusTrace":"  File \"/home/runner/work/auto-tests-python/auto-tests-python/pages/base_page.py\", line 84, in check_expected_link\n    return Wait(self.driver, self.timeout).until(\n           ^^^^^^^^^^^^^^^^^^^^^^^^^^^^^^^^^^^^^^\n  File \"/opt/hostedtoolcache/Python/3.12.12/x64/lib/python3.12/site-packages/selenium/webdriver/support/wait.py\", line 95, in until\n    raise TimeoutException(message, screen, stacktrace)\n","steps":[],"attachments":[],"parameters":[],"stepsCount":0,"shouldDisplayMessage":true,"attachmentsCount":0,"hasContent":true,"attachmentStep":false}],"attachments":[],"parameters":[{"name":"driver","value":"<selenium.webdriver.chrome.webdriver.WebDriver (session=\"5dc1704a04f1509a7212a277c1fd015e\")>"},{"name":"main_page_open","value":"None"}],"stepsCount":1,"shouldDisplayMessage":false,"attachmentsCount":0,"hasContent":true,"attachmentStep":false}],"attachments":[],"parameters":[],"stepsCount":2,"shouldDisplayMessage":false,"attachmentsCount":0,"hasContent":true,"attachmentStep":false}],"afterStages":[{"name":"driver::0","time":{"start":1764422517536,"stop":1764422517604,"duration":68},"status":"passed","steps":[],"attachments":[],"parameters":[],"stepsCount":0,"shouldDisplayMessage":false,"attachmentsCount":0,"hasContent":false,"attachmentStep":false}],"labels":[{"name":"epic","value":"Test Header"},{"name":"parentSuite","value":"tests"},{"name":"suite","value":"header_test"},{"name":"subSuite","value":"TestHeaderPage"},{"name":"host","value":"runnervmg1sw1"},{"name":"thread","value":"2631-MainThread"},{"name":"framework","value":"pytest"},{"name":"language","value":"cpython3"},{"name":"package","value":"tests.header_test"},{"name":"resultFormat","value":"allure2"}],"parameters":[],"links":[],"hidden":false,"retry":false,"extra":{"severity":"normal","retries":[],"categories":[{"name":"Test defects","matchedStatuses":[],"flaky":false}],"history":{"statistic":{"failed":0,"broken":1,"skipped":0,"passed":27,"unknown":0,"total":28},"items":[{"uid":"3b37ee78fdde5324","reportUrl":"https://Brain-up.github.io/auto-tests-python/761/#testresult/3b37ee78fdde5324","status":"passed","time":{"start":1764328978019,"stop":1764328978421,"duration":402}},{"uid":"c6c8abe000049919","reportUrl":"https://Brain-up.github.io/auto-tests-python/760/#testresult/c6c8abe000049919","status":"passed","time":{"start":1764257804675,"stop":1764257805061,"duration":386}},{"uid":"68d98cc6dd680487","reportUrl":"https://Brain-up.github.io/auto-tests-python/759/#testresult/68d98cc6dd680487","status":"passed","time":{"start":1764069337580,"stop":1764069338012,"duration":432}},{"uid":"eebcfb8a88e3c4e4","reportUrl":"https://Brain-up.github.io/auto-tests-python/758/#testresult/eebcfb8a88e3c4e4","status":"passed","time":{"start":1764011255680,"stop":1764011256061,"duration":381}},{"uid":"642fb85a10e31004","reportUrl":"https://Brain-up.github.io/auto-tests-python/757/#testresult/642fb85a10e31004","status":"passed","time":{"start":1763903750719,"stop":1763903751082,"duration":363}},{"uid":"3b87817d1c06e5bc","reportUrl":"https://Brain-up.github.io/auto-tests-python/756/#testresult/3b87817d1c06e5bc","status":"passed","time":{"start":1763825675730,"stop":1763825676144,"duration":414}},{"uid":"d43c8db25c8f7794","reportUrl":"https://Brain-up.github.io/auto-tests-python/755/#testresult/d43c8db25c8f7794","status":"passed","time":{"start":1763700252579,"stop":1763700252994,"duration":415}},{"uid":"36ae23dd20dc4975","reportUrl":"https://Brain-up.github.io/auto-tests-python/754/#testresult/36ae23dd20dc4975","status":"passed","time":{"start":1763643688486,"stop":1763643688872,"duration":386}},{"uid":"a53ea7be61693ab9","reportUrl":"https://Brain-up.github.io/auto-tests-python/753/#testresult/a53ea7be61693ab9","status":"passed","time":{"start":1763552971940,"stop":1763552972322,"duration":382}},{"uid":"f655bce5b85b182a","reportUrl":"https://Brain-up.github.io/auto-tests-python/752/#testresult/f655bce5b85b182a","status":"passed","time":{"start":1763463519703,"stop":1763463520103,"duration":400}},{"uid":"9f3ed2567166871a","reportUrl":"https://Brain-up.github.io/auto-tests-python/751/#testresult/9f3ed2567166871a","status":"passed","time":{"start":1763379438540,"stop":1763379438916,"duration":376}},{"uid":"59ac615b9df691ae","reportUrl":"https://Brain-up.github.io/auto-tests-python/750/#testresult/59ac615b9df691ae","status":"passed","time":{"start":1763295756194,"stop":1763295756571,"duration":377}},{"uid":"1c0964bc522e4ce4","reportUrl":"https://Brain-up.github.io/auto-tests-python/749/#testresult/1c0964bc522e4ce4","status":"passed","time":{"start":1763199313063,"stop":1763199313462,"duration":399}},{"uid":"9a6fa7c6baee342e","reportUrl":"https://Brain-up.github.io/auto-tests-python/748/#testresult/9a6fa7c6baee342e","status":"passed","time":{"start":1763120657905,"stop":1763120658288,"duration":383}},{"uid":"3c1f7bde14f68cc0","reportUrl":"https://Brain-up.github.io/auto-tests-python/747/#testresult/3c1f7bde14f68cc0","status":"passed","time":{"start":1763038933439,"stop":1763038933816,"duration":377}},{"uid":"964a58f46c1b6487","reportUrl":"https://Brain-up.github.io/auto-tests-python/746/#testresult/964a58f46c1b6487","status":"passed","time":{"start":1762955860106,"stop":1762955860503,"duration":397}},{"uid":"7dbe38c046a37e91","reportUrl":"https://Brain-up.github.io/auto-tests-python/745/#testresult/7dbe38c046a37e91","status":"passed","time":{"start":1762851556743,"stop":1762851557160,"duration":417}},{"uid":"46f117f1f7bfe029","reportUrl":"https://Brain-up.github.io/auto-tests-python/744/#testresult/46f117f1f7bfe029","status":"passed","time":{"start":1762772234216,"stop":1762772234619,"duration":403}},{"uid":"b55977dd14b449d2","reportUrl":"https://Brain-up.github.io/auto-tests-python/743/#testresult/b55977dd14b449d2","status":"passed","time":{"start":1762679965317,"stop":1762679965697,"duration":380}},{"uid":"1c3dfae331e1d9c","reportUrl":"https://Brain-up.github.io/auto-tests-python/742/#testresult/1c3dfae331e1d9c","status":"passed","time":{"start":1762596684422,"stop":1762596684802,"duration":380}}]},"tags":[]},"source":"fbe584987ff49453.json","parameterValues":[]}