{"uid":"1a545df9395dc513","name":"Verify composition, visibility of elements on the 1st-7th levels of nesting on the page","fullName":"tests.exercises_ru_similar_phrases_page_test.TestExRuSimPhrPageStructure#test_ersp_01_02_verify_page_structure_and_visibility","historyId":"293f06217f744fe29d84c081a7abbc61","time":{"start":1764489220929,"stop":1764489220929,"duration":0},"status":"broken","statusMessage":"selenium.common.exceptions.TimeoutException: Message: Can't find element by locator https://www.brainup.site/groups","statusTrace":"self = <pages.base_page.BasePage object at 0x7fc2b753ede0>\nurl = 'https://www.brainup.site/groups'\n\n    def check_expected_link(self, url):\n        with allure.step(f'Check url is present: {url}'):\n            try:\n>               return Wait(self.driver, self.timeout).until(\n                    EC.url_to_be(url), message=f\"Can't find element by locator {url}\")\n\npages/base_page.py:80: \n_ _ _ _ _ _ _ _ _ _ _ _ _ _ _ _ _ _ _ _ _ _ _ _ _ _ _ _ _ _ _ _ _ _ _ _ _ _ _ _ \n\nself = <selenium.webdriver.support.wait.WebDriverWait (session=\"851be2347da0cce87d3e3470cd454dfa\")>\nmethod = <function url_to_be.<locals>._predicate at 0x7fc2b754a340>\nmessage = \"Can't find element by locator https://www.brainup.site/groups\"\n\n    def until(self, method, message: str = \"\"):\n        \"\"\"Calls the method provided with the driver as an argument until the \\\n        return value does not evaluate to ``False``.\n    \n        :param method: callable(WebDriver)\n        :param message: optional message for :exc:`TimeoutException`\n        :returns: the result of the last call to `method`\n        :raises: :exc:`selenium.common.exceptions.TimeoutException` if timeout occurs\n        \"\"\"\n        screen = None\n        stacktrace = None\n    \n        end_time = time.monotonic() + self._timeout\n        while True:\n            try:\n                value = method(self._driver)\n                if value:\n                    return value\n            except self._ignored_exceptions as exc:\n                screen = getattr(exc, \"screen\", None)\n                stacktrace = getattr(exc, \"stacktrace\", None)\n            time.sleep(self._poll)\n            if time.monotonic() > end_time:\n                break\n>       raise TimeoutException(message, screen, stacktrace)\nE       selenium.common.exceptions.TimeoutException: Message: Can't find element by locator https://www.brainup.site/groups\n\n/opt/hostedtoolcache/Python/3.12.12/x64/lib/python3.12/site-packages/selenium/webdriver/support/wait.py:95: TimeoutException\n\nDuring handling of the above exception, another exception occurred:\n\ndriver = <selenium.webdriver.chrome.webdriver.WebDriver (session=\"851be2347da0cce87d3e3470cd454dfa\")>\nmain_page_open = None\n\n    @pytest.fixture()\n    @allure.step('Auto test user authorized')\n    def auto_test_user_authorized(driver, main_page_open):\n        page = BasePage(driver)\n        page.element_is_present_and_clickable(MainPageLocators.LOGIN_BUTTON).click()\n        page.element_is_visible(LoginPageLocators.INPUT_LOGIN).send_keys(os.environ[\"LOGIN\"])\n        page.element_is_visible(LoginPageLocators.INPUT_PASSWORD).send_keys(os.environ[\"PASSWORD\"])\n        page.element_is_present_and_clickable(LoginPageLocators.SIGN_IN_BUTTON).click()\n>       page.check_expected_link(MainPageLinks.URL_GROUPS_PAGE)\n\ntests/conftest.py:162: \n_ _ _ _ _ _ _ _ _ _ _ _ _ _ _ _ _ _ _ _ _ _ _ _ _ _ _ _ _ _ _ _ _ _ _ _ _ _ _ _ \npages/base_page.py:84: in check_expected_link\n    return Wait(self.driver, self.timeout).until(\n_ _ _ _ _ _ _ _ _ _ _ _ _ _ _ _ _ _ _ _ _ _ _ _ _ _ _ _ _ _ _ _ _ _ _ _ _ _ _ _ \n\nself = <selenium.webdriver.support.wait.WebDriverWait (session=\"851be2347da0cce87d3e3470cd454dfa\")>\nmethod = <function url_to_be.<locals>._predicate at 0x7fc2b7549c60>\nmessage = \"Can't find element by locator https://www.brainup.site/groups\"\n\n    def until(self, method, message: str = \"\"):\n        \"\"\"Calls the method provided with the driver as an argument until the \\\n        return value does not evaluate to ``False``.\n    \n        :param method: callable(WebDriver)\n        :param message: optional message for :exc:`TimeoutException`\n        :returns: the result of the last call to `method`\n        :raises: :exc:`selenium.common.exceptions.TimeoutException` if timeout occurs\n        \"\"\"\n        screen = None\n        stacktrace = None\n    \n        end_time = time.monotonic() + self._timeout\n        while True:\n            try:\n                value = method(self._driver)\n                if value:\n                    return value\n            except self._ignored_exceptions as exc:\n                screen = getattr(exc, \"screen\", None)\n                stacktrace = getattr(exc, \"stacktrace\", None)\n            time.sleep(self._poll)\n            if time.monotonic() > end_time:\n                break\n>       raise TimeoutException(message, screen, stacktrace)\nE       selenium.common.exceptions.TimeoutException: Message: Can't find element by locator https://www.brainup.site/groups\n\n/opt/hostedtoolcache/Python/3.12.12/x64/lib/python3.12/site-packages/selenium/webdriver/support/wait.py:95: TimeoutException","flaky":false,"newFailed":false,"newBroken":true,"newPassed":false,"retriesCount":0,"retriesStatusChange":false,"beforeStages":[{"name":"clear_allure_results_folder","time":{"start":1764489069376,"stop":1764489069376,"duration":0},"status":"passed","steps":[],"attachments":[],"parameters":[],"stepsCount":0,"shouldDisplayMessage":false,"attachmentsCount":0,"hasContent":false,"attachmentStep":false},{"name":"driver","time":{"start":1764489220929,"stop":1764489221692,"duration":763},"status":"passed","steps":[],"attachments":[],"parameters":[],"stepsCount":0,"shouldDisplayMessage":false,"attachmentsCount":0,"hasContent":false,"attachmentStep":false},{"name":"main_page_open","time":{"start":1764489221692,"stop":1764489224105,"duration":2413},"status":"passed","steps":[{"name":"Open page: https://www.brainup.site/","time":{"start":1764489221693,"stop":1764489224105,"duration":2412},"status":"passed","steps":[],"attachments":[],"parameters":[{"name":"driver","value":"<selenium.webdriver.chrome.webdriver.WebDriver (session=\"851be2347da0cce87d3e3470cd454dfa\")>"}],"stepsCount":0,"shouldDisplayMessage":false,"attachmentsCount":0,"hasContent":true,"attachmentStep":false}],"attachments":[],"parameters":[],"stepsCount":1,"shouldDisplayMessage":false,"attachmentsCount":0,"hasContent":true,"attachmentStep":false},{"name":"auto_test_user_authorized","time":{"start":1764489224105,"stop":1764489244649,"duration":20544},"status":"broken","statusMessage":"selenium.common.exceptions.TimeoutException: Message: Can't find element by locator https://www.brainup.site/groups\n\n","statusTrace":"  File \"/opt/hostedtoolcache/Python/3.12.12/x64/lib/python3.12/site-packages/pluggy/_callers.py\", line 38, in run_old_style_hookwrapper\n    res = yield\n          ^^^^^\n  File \"/opt/hostedtoolcache/Python/3.12.12/x64/lib/python3.12/site-packages/pluggy/_callers.py\", line 139, in _multicall\n    teardown.throw(exception)\n  File \"/opt/hostedtoolcache/Python/3.12.12/x64/lib/python3.12/site-packages/pluggy/_callers.py\", line 53, in run_old_style_hookwrapper\n    return result.get_result()\n           ^^^^^^^^^^^^^^^^^^^\n  File \"/opt/hostedtoolcache/Python/3.12.12/x64/lib/python3.12/site-packages/pluggy/_result.py\", line 103, in get_result\n    raise exc.with_traceback(tb)\n  File \"/opt/hostedtoolcache/Python/3.12.12/x64/lib/python3.12/site-packages/pluggy/_callers.py\", line 38, in run_old_style_hookwrapper\n    res = yield\n          ^^^^^\n  File \"/opt/hostedtoolcache/Python/3.12.12/x64/lib/python3.12/site-packages/pluggy/_callers.py\", line 121, in _multicall\n    res = hook_impl.function(*args)\n          ^^^^^^^^^^^^^^^^^^^^^^^^^\n  File \"/opt/hostedtoolcache/Python/3.12.12/x64/lib/python3.12/site-packages/_pytest/fixtures.py\", line 1123, in pytest_fixture_setup\n    result = call_fixture_func(fixturefunc, request, kwargs)\n             ^^^^^^^^^^^^^^^^^^^^^^^^^^^^^^^^^^^^^^^^^^^^^^^\n  File \"/opt/hostedtoolcache/Python/3.12.12/x64/lib/python3.12/site-packages/_pytest/fixtures.py\", line 902, in call_fixture_func\n    fixture_result = fixturefunc(**kwargs)\n                     ^^^^^^^^^^^^^^^^^^^^^\n  File \"/opt/hostedtoolcache/Python/3.12.12/x64/lib/python3.12/site-packages/allure_commons/_allure.py\", line 192, in impl\n    return func(*a, **kw)\n           ^^^^^^^^^^^^^^\n  File \"/home/runner/work/auto-tests-python/auto-tests-python/tests/conftest.py\", line 162, in auto_test_user_authorized\n    page.check_expected_link(MainPageLinks.URL_GROUPS_PAGE)\n  File \"/home/runner/work/auto-tests-python/auto-tests-python/pages/base_page.py\", line 84, in check_expected_link\n    return Wait(self.driver, self.timeout).until(\n           ^^^^^^^^^^^^^^^^^^^^^^^^^^^^^^^^^^^^^^\n  File \"/opt/hostedtoolcache/Python/3.12.12/x64/lib/python3.12/site-packages/selenium/webdriver/support/wait.py\", line 95, in until\n    raise TimeoutException(message, screen, stacktrace)\n","steps":[{"name":"Auto test user authorized","time":{"start":1764489224105,"stop":1764489244649,"duration":20544},"status":"broken","statusMessage":"selenium.common.exceptions.TimeoutException: Message: Can't find element by locator https://www.brainup.site/groups\n\n","statusTrace":"  File \"/opt/hostedtoolcache/Python/3.12.12/x64/lib/python3.12/site-packages/allure_commons/_allure.py\", line 192, in impl\n    return func(*a, **kw)\n           ^^^^^^^^^^^^^^\n  File \"/home/runner/work/auto-tests-python/auto-tests-python/tests/conftest.py\", line 162, in auto_test_user_authorized\n    page.check_expected_link(MainPageLinks.URL_GROUPS_PAGE)\n  File \"/home/runner/work/auto-tests-python/auto-tests-python/pages/base_page.py\", line 84, in check_expected_link\n    return Wait(self.driver, self.timeout).until(\n           ^^^^^^^^^^^^^^^^^^^^^^^^^^^^^^^^^^^^^^\n  File \"/opt/hostedtoolcache/Python/3.12.12/x64/lib/python3.12/site-packages/selenium/webdriver/support/wait.py\", line 95, in until\n    raise TimeoutException(message, screen, stacktrace)\n","steps":[{"name":"Check url is present: https://www.brainup.site/groups","time":{"start":1764489224498,"stop":1764489244648,"duration":20150},"status":"broken","statusMessage":"selenium.common.exceptions.TimeoutException: Message: Can't find element by locator https://www.brainup.site/groups\n\n","statusTrace":"  File \"/home/runner/work/auto-tests-python/auto-tests-python/pages/base_page.py\", line 84, in check_expected_link\n    return Wait(self.driver, self.timeout).until(\n           ^^^^^^^^^^^^^^^^^^^^^^^^^^^^^^^^^^^^^^\n  File \"/opt/hostedtoolcache/Python/3.12.12/x64/lib/python3.12/site-packages/selenium/webdriver/support/wait.py\", line 95, in until\n    raise TimeoutException(message, screen, stacktrace)\n","steps":[],"attachments":[],"parameters":[],"stepsCount":0,"shouldDisplayMessage":true,"attachmentsCount":0,"hasContent":true,"attachmentStep":false}],"attachments":[],"parameters":[{"name":"driver","value":"<selenium.webdriver.chrome.webdriver.WebDriver (session=\"851be2347da0cce87d3e3470cd454dfa\")>"},{"name":"main_page_open","value":"None"}],"stepsCount":1,"shouldDisplayMessage":false,"attachmentsCount":0,"hasContent":true,"attachmentStep":false}],"attachments":[],"parameters":[],"stepsCount":2,"shouldDisplayMessage":false,"attachmentsCount":0,"hasContent":true,"attachmentStep":false}],"afterStages":[{"name":"driver::0","time":{"start":1764489244697,"stop":1764489244765,"duration":68},"status":"passed","steps":[],"attachments":[],"parameters":[],"stepsCount":0,"shouldDisplayMessage":false,"attachmentsCount":0,"hasContent":false,"attachmentStep":false}],"labels":[{"name":"epic","value":"The Exercises 'Similar phrases' Page on the 'ru' local"},{"name":"parentSuite","value":"tests"},{"name":"suite","value":"exercises_ru_similar_phrases_page_test"},{"name":"subSuite","value":"TestExercisesRuSimilarPhrasesPage"},{"name":"host","value":"runnervmg1sw1"},{"name":"thread","value":"2583-MainThread"},{"name":"framework","value":"pytest"},{"name":"language","value":"cpython3"},{"name":"package","value":"tests.exercises_ru_similar_phrases_page_test"},{"name":"resultFormat","value":"allure2"}],"parameters":[],"links":[],"hidden":false,"retry":false,"extra":{"severity":"normal","retries":[],"categories":[{"name":"Test defects","matchedStatuses":[],"flaky":false}],"history":{"statistic":{"failed":0,"broken":1,"skipped":0,"passed":28,"unknown":0,"total":29},"items":[{"uid":"de6f01eb81040e09","reportUrl":"https://Brain-up.github.io/auto-tests-python/762/#testresult/de6f01eb81040e09","status":"passed","time":{"start":1764421919208,"stop":1764421919700,"duration":492}},{"uid":"46817fe177fbe56f","reportUrl":"https://Brain-up.github.io/auto-tests-python/761/#testresult/46817fe177fbe56f","status":"passed","time":{"start":1764328381666,"stop":1764328382154,"duration":488}},{"uid":"326e63394ad64e2e","reportUrl":"https://Brain-up.github.io/auto-tests-python/760/#testresult/326e63394ad64e2e","status":"passed","time":{"start":1764257223782,"stop":1764257224224,"duration":442}},{"uid":"d28a1880afea2c7","reportUrl":"https://Brain-up.github.io/auto-tests-python/759/#testresult/d28a1880afea2c7","status":"passed","time":{"start":1764068666586,"stop":1764068667057,"duration":471}},{"uid":"85fdd388cd6a20e8","reportUrl":"https://Brain-up.github.io/auto-tests-python/758/#testresult/85fdd388cd6a20e8","status":"passed","time":{"start":1764010690807,"stop":1764010691237,"duration":430}},{"uid":"a37b8df188dd99a0","reportUrl":"https://Brain-up.github.io/auto-tests-python/757/#testresult/a37b8df188dd99a0","status":"passed","time":{"start":1763903093602,"stop":1763903094016,"duration":414}},{"uid":"495618d0b0ec8eff","reportUrl":"https://Brain-up.github.io/auto-tests-python/756/#testresult/495618d0b0ec8eff","status":"passed","time":{"start":1763825100731,"stop":1763825101161,"duration":430}},{"uid":"f152b8b25ea09818","reportUrl":"https://Brain-up.github.io/auto-tests-python/755/#testresult/f152b8b25ea09818","status":"passed","time":{"start":1763699562550,"stop":1763699563008,"duration":458}},{"uid":"6ed8456df892d0d5","reportUrl":"https://Brain-up.github.io/auto-tests-python/754/#testresult/6ed8456df892d0d5","status":"passed","time":{"start":1763643078624,"stop":1763643079057,"duration":433}},{"uid":"48840c38a7478db6","reportUrl":"https://Brain-up.github.io/auto-tests-python/753/#testresult/48840c38a7478db6","status":"passed","time":{"start":1763552406704,"stop":1763552407142,"duration":438}},{"uid":"f6f4946a6ebb09c3","reportUrl":"https://Brain-up.github.io/auto-tests-python/752/#testresult/f6f4946a6ebb09c3","status":"passed","time":{"start":1763462950952,"stop":1763462951389,"duration":437}},{"uid":"fa3231a0e7ffb6a1","reportUrl":"https://Brain-up.github.io/auto-tests-python/751/#testresult/fa3231a0e7ffb6a1","status":"passed","time":{"start":1763378834279,"stop":1763378834709,"duration":430}},{"uid":"39778e77f0cbdf37","reportUrl":"https://Brain-up.github.io/auto-tests-python/750/#testresult/39778e77f0cbdf37","status":"passed","time":{"start":1763295180757,"stop":1763295181181,"duration":424}},{"uid":"1dd70587c958d1a2","reportUrl":"https://Brain-up.github.io/auto-tests-python/749/#testresult/1dd70587c958d1a2","status":"passed","time":{"start":1763198612905,"stop":1763198613377,"duration":472}},{"uid":"17c3f20382d41c90","reportUrl":"https://Brain-up.github.io/auto-tests-python/748/#testresult/17c3f20382d41c90","status":"passed","time":{"start":1763120059123,"stop":1763120059555,"duration":432}},{"uid":"a4fa225d1e8eb8cb","reportUrl":"https://Brain-up.github.io/auto-tests-python/747/#testresult/a4fa225d1e8eb8cb","status":"passed","time":{"start":1763038241052,"stop":1763038241480,"duration":428}},{"uid":"b6c0fb2a780d2705","reportUrl":"https://Brain-up.github.io/auto-tests-python/746/#testresult/b6c0fb2a780d2705","status":"passed","time":{"start":1762955253276,"stop":1762955253723,"duration":447}},{"uid":"8927ee3baef2ff2","reportUrl":"https://Brain-up.github.io/auto-tests-python/745/#testresult/8927ee3baef2ff2","status":"passed","time":{"start":1762850926470,"stop":1762850926989,"duration":519}},{"uid":"eb9a8c61093e3fc","reportUrl":"https://Brain-up.github.io/auto-tests-python/744/#testresult/eb9a8c61093e3fc","status":"passed","time":{"start":1762771595866,"stop":1762771596301,"duration":435}},{"uid":"8b641fe05aea5591","reportUrl":"https://Brain-up.github.io/auto-tests-python/743/#testresult/8b641fe05aea5591","status":"passed","time":{"start":1762679332415,"stop":1762679332864,"duration":449}}]},"tags":[]},"source":"1a545df9395dc513.json","parameterValues":[]}