{"uid":"31000372d0a3e622","name":"test_gp_04_03_verify_images_alt_en","fullName":"tests.groups_page_test.TestGroupsPageImages#test_gp_04_03_verify_images_alt_en","historyId":"a373199f9dacdec8431781990b53409a","time":{"start":1765736875110,"stop":1765736875110,"duration":0},"status":"broken","statusMessage":"selenium.common.exceptions.TimeoutException: Message: Can't find element by locator https://www.brainup.site/groups","statusTrace":"self = <pages.base_page.BasePage object at 0x7f31a010de20>\nurl = 'https://www.brainup.site/groups'\n\n    def check_expected_link(self, url):\n        with allure.step(f'Check url is present: {url}'):\n            try:\n>               return Wait(self.driver, self.timeout).until(\n                    EC.url_to_be(url), message=f\"Can't find element by locator {url}\")\n\npages/base_page.py:80: \n_ _ _ _ _ _ _ _ _ _ _ _ _ _ _ _ _ _ _ _ _ _ _ _ _ _ _ _ _ _ _ _ _ _ _ _ _ _ _ _ \n\nself = <selenium.webdriver.support.wait.WebDriverWait (session=\"a144580f61ec1cf926f9756097af862a\")>\nmethod = <function url_to_be.<locals>._predicate at 0x7f31a01236a0>\nmessage = \"Can't find element by locator https://www.brainup.site/groups\"\n\n    def until(self, method, message: str = \"\"):\n        \"\"\"Calls the method provided with the driver as an argument until the \\\n        return value does not evaluate to ``False``.\n    \n        :param method: callable(WebDriver)\n        :param message: optional message for :exc:`TimeoutException`\n        :returns: the result of the last call to `method`\n        :raises: :exc:`selenium.common.exceptions.TimeoutException` if timeout occurs\n        \"\"\"\n        screen = None\n        stacktrace = None\n    \n        end_time = time.monotonic() + self._timeout\n        while True:\n            try:\n                value = method(self._driver)\n                if value:\n                    return value\n            except self._ignored_exceptions as exc:\n                screen = getattr(exc, \"screen\", None)\n                stacktrace = getattr(exc, \"stacktrace\", None)\n            time.sleep(self._poll)\n            if time.monotonic() > end_time:\n                break\n>       raise TimeoutException(message, screen, stacktrace)\nE       selenium.common.exceptions.TimeoutException: Message: Can't find element by locator https://www.brainup.site/groups\n\n/opt/hostedtoolcache/Python/3.12.12/x64/lib/python3.12/site-packages/selenium/webdriver/support/wait.py:95: TimeoutException\n\nDuring handling of the above exception, another exception occurred:\n\ndriver = <selenium.webdriver.chrome.webdriver.WebDriver (session=\"a144580f61ec1cf926f9756097af862a\")>\nmain_page_open = None\n\n    @pytest.fixture()\n    @allure.step('Auto test user authorized')\n    def auto_test_user_authorized(driver, main_page_open):\n        page = BasePage(driver)\n        page.element_is_present_and_clickable(MainPageLocators.LOGIN_BUTTON).click()\n        page.element_is_visible(LoginPageLocators.INPUT_LOGIN).send_keys(os.environ[\"LOGIN\"])\n        page.element_is_visible(LoginPageLocators.INPUT_PASSWORD).send_keys(os.environ[\"PASSWORD\"])\n        page.element_is_present_and_clickable(LoginPageLocators.SIGN_IN_BUTTON).click()\n>       page.check_expected_link(MainPageLinks.URL_GROUPS_PAGE)\n\ntests/conftest.py:178: \n_ _ _ _ _ _ _ _ _ _ _ _ _ _ _ _ _ _ _ _ _ _ _ _ _ _ _ _ _ _ _ _ _ _ _ _ _ _ _ _ \npages/base_page.py:84: in check_expected_link\n    return Wait(self.driver, self.timeout).until(\n_ _ _ _ _ _ _ _ _ _ _ _ _ _ _ _ _ _ _ _ _ _ _ _ _ _ _ _ _ _ _ _ _ _ _ _ _ _ _ _ \n\nself = <selenium.webdriver.support.wait.WebDriverWait (session=\"a144580f61ec1cf926f9756097af862a\")>\nmethod = <function url_to_be.<locals>._predicate at 0x7f31a0123a60>\nmessage = \"Can't find element by locator https://www.brainup.site/groups\"\n\n    def until(self, method, message: str = \"\"):\n        \"\"\"Calls the method provided with the driver as an argument until the \\\n        return value does not evaluate to ``False``.\n    \n        :param method: callable(WebDriver)\n        :param message: optional message for :exc:`TimeoutException`\n        :returns: the result of the last call to `method`\n        :raises: :exc:`selenium.common.exceptions.TimeoutException` if timeout occurs\n        \"\"\"\n        screen = None\n        stacktrace = None\n    \n        end_time = time.monotonic() + self._timeout\n        while True:\n            try:\n                value = method(self._driver)\n                if value:\n                    return value\n            except self._ignored_exceptions as exc:\n                screen = getattr(exc, \"screen\", None)\n                stacktrace = getattr(exc, \"stacktrace\", None)\n            time.sleep(self._poll)\n            if time.monotonic() > end_time:\n                break\n>       raise TimeoutException(message, screen, stacktrace)\nE       selenium.common.exceptions.TimeoutException: Message: Can't find element by locator https://www.brainup.site/groups\n\n/opt/hostedtoolcache/Python/3.12.12/x64/lib/python3.12/site-packages/selenium/webdriver/support/wait.py:95: TimeoutException","flaky":false,"newFailed":false,"newBroken":true,"newPassed":false,"retriesCount":0,"retriesStatusChange":false,"beforeStages":[{"name":"clear_allure_results_folder","time":{"start":1765736210229,"stop":1765736210229,"duration":0},"status":"passed","steps":[],"attachments":[],"parameters":[],"stepsCount":0,"shouldDisplayMessage":false,"attachmentsCount":0,"hasContent":false,"attachmentStep":false},{"name":"driver","time":{"start":1765736875111,"stop":1765736875876,"duration":765},"status":"passed","steps":[],"attachments":[],"parameters":[],"stepsCount":0,"shouldDisplayMessage":false,"attachmentsCount":0,"hasContent":false,"attachmentStep":false},{"name":"main_page_open","time":{"start":1765736875876,"stop":1765736878518,"duration":2642},"status":"passed","steps":[{"name":"Open page: https://www.brainup.site/","time":{"start":1765736875876,"stop":1765736878518,"duration":2642},"status":"passed","steps":[],"attachments":[],"parameters":[{"name":"driver","value":"<selenium.webdriver.chrome.webdriver.WebDriver (session=\"a144580f61ec1cf926f9756097af862a\")>"}],"stepsCount":0,"shouldDisplayMessage":false,"attachmentsCount":0,"hasContent":true,"attachmentStep":false}],"attachments":[],"parameters":[],"stepsCount":1,"shouldDisplayMessage":false,"attachmentsCount":0,"hasContent":true,"attachmentStep":false},{"name":"auto_test_user_authorized","time":{"start":1765736878518,"stop":1765736899037,"duration":20519},"status":"broken","statusMessage":"selenium.common.exceptions.TimeoutException: Message: Can't find element by locator https://www.brainup.site/groups\n\n","statusTrace":"  File \"/opt/hostedtoolcache/Python/3.12.12/x64/lib/python3.12/site-packages/pluggy/_callers.py\", line 38, in run_old_style_hookwrapper\n    res = yield\n          ^^^^^\n  File \"/opt/hostedtoolcache/Python/3.12.12/x64/lib/python3.12/site-packages/pluggy/_callers.py\", line 139, in _multicall\n    teardown.throw(exception)\n  File \"/opt/hostedtoolcache/Python/3.12.12/x64/lib/python3.12/site-packages/pluggy/_callers.py\", line 53, in run_old_style_hookwrapper\n    return result.get_result()\n           ^^^^^^^^^^^^^^^^^^^\n  File \"/opt/hostedtoolcache/Python/3.12.12/x64/lib/python3.12/site-packages/pluggy/_result.py\", line 103, in get_result\n    raise exc.with_traceback(tb)\n  File \"/opt/hostedtoolcache/Python/3.12.12/x64/lib/python3.12/site-packages/pluggy/_callers.py\", line 38, in run_old_style_hookwrapper\n    res = yield\n          ^^^^^\n  File \"/opt/hostedtoolcache/Python/3.12.12/x64/lib/python3.12/site-packages/pluggy/_callers.py\", line 121, in _multicall\n    res = hook_impl.function(*args)\n          ^^^^^^^^^^^^^^^^^^^^^^^^^\n  File \"/opt/hostedtoolcache/Python/3.12.12/x64/lib/python3.12/site-packages/_pytest/fixtures.py\", line 1123, in pytest_fixture_setup\n    result = call_fixture_func(fixturefunc, request, kwargs)\n             ^^^^^^^^^^^^^^^^^^^^^^^^^^^^^^^^^^^^^^^^^^^^^^^\n  File \"/opt/hostedtoolcache/Python/3.12.12/x64/lib/python3.12/site-packages/_pytest/fixtures.py\", line 902, in call_fixture_func\n    fixture_result = fixturefunc(**kwargs)\n                     ^^^^^^^^^^^^^^^^^^^^^\n  File \"/opt/hostedtoolcache/Python/3.12.12/x64/lib/python3.12/site-packages/allure_commons/_allure.py\", line 192, in impl\n    return func(*a, **kw)\n           ^^^^^^^^^^^^^^\n  File \"/home/runner/work/auto-tests-python/auto-tests-python/tests/conftest.py\", line 178, in auto_test_user_authorized\n    page.check_expected_link(MainPageLinks.URL_GROUPS_PAGE)\n  File \"/home/runner/work/auto-tests-python/auto-tests-python/pages/base_page.py\", line 84, in check_expected_link\n    return Wait(self.driver, self.timeout).until(\n           ^^^^^^^^^^^^^^^^^^^^^^^^^^^^^^^^^^^^^^\n  File \"/opt/hostedtoolcache/Python/3.12.12/x64/lib/python3.12/site-packages/selenium/webdriver/support/wait.py\", line 95, in until\n    raise TimeoutException(message, screen, stacktrace)\n","steps":[{"name":"Auto test user authorized","time":{"start":1765736878518,"stop":1765736899037,"duration":20519},"status":"broken","statusMessage":"selenium.common.exceptions.TimeoutException: Message: Can't find element by locator https://www.brainup.site/groups\n\n","statusTrace":"  File \"/opt/hostedtoolcache/Python/3.12.12/x64/lib/python3.12/site-packages/allure_commons/_allure.py\", line 192, in impl\n    return func(*a, **kw)\n           ^^^^^^^^^^^^^^\n  File \"/home/runner/work/auto-tests-python/auto-tests-python/tests/conftest.py\", line 178, in auto_test_user_authorized\n    page.check_expected_link(MainPageLinks.URL_GROUPS_PAGE)\n  File \"/home/runner/work/auto-tests-python/auto-tests-python/pages/base_page.py\", line 84, in check_expected_link\n    return Wait(self.driver, self.timeout).until(\n           ^^^^^^^^^^^^^^^^^^^^^^^^^^^^^^^^^^^^^^\n  File \"/opt/hostedtoolcache/Python/3.12.12/x64/lib/python3.12/site-packages/selenium/webdriver/support/wait.py\", line 95, in until\n    raise TimeoutException(message, screen, stacktrace)\n","steps":[{"name":"Check url is present: https://www.brainup.site/groups","time":{"start":1765736878892,"stop":1765736899036,"duration":20144},"status":"broken","statusMessage":"selenium.common.exceptions.TimeoutException: Message: Can't find element by locator https://www.brainup.site/groups\n\n","statusTrace":"  File \"/home/runner/work/auto-tests-python/auto-tests-python/pages/base_page.py\", line 84, in check_expected_link\n    return Wait(self.driver, self.timeout).until(\n           ^^^^^^^^^^^^^^^^^^^^^^^^^^^^^^^^^^^^^^\n  File \"/opt/hostedtoolcache/Python/3.12.12/x64/lib/python3.12/site-packages/selenium/webdriver/support/wait.py\", line 95, in until\n    raise TimeoutException(message, screen, stacktrace)\n","steps":[],"attachments":[],"parameters":[],"stepsCount":0,"shouldDisplayMessage":true,"attachmentsCount":0,"hasContent":true,"attachmentStep":false}],"attachments":[],"parameters":[{"name":"driver","value":"<selenium.webdriver.chrome.webdriver.WebDriver (session=\"a144580f61ec1cf926f9756097af862a\")>"},{"name":"main_page_open","value":"None"}],"stepsCount":1,"shouldDisplayMessage":false,"attachmentsCount":0,"hasContent":true,"attachmentStep":false}],"attachments":[],"parameters":[],"stepsCount":2,"shouldDisplayMessage":false,"attachmentsCount":0,"hasContent":true,"attachmentStep":false}],"afterStages":[{"name":"driver::0","time":{"start":1765736899082,"stop":1765736899150,"duration":68},"status":"passed","steps":[],"attachments":[],"parameters":[],"stepsCount":0,"shouldDisplayMessage":false,"attachmentsCount":0,"hasContent":false,"attachmentStep":false}],"labels":[{"name":"epic","value":"The Groups Page"},{"name":"parentSuite","value":"tests"},{"name":"suite","value":"groups_page_test"},{"name":"subSuite","value":"TestGroupsPage"},{"name":"host","value":"runnervm6qbrg"},{"name":"thread","value":"2612-MainThread"},{"name":"framework","value":"pytest"},{"name":"language","value":"cpython3"},{"name":"package","value":"tests.groups_page_test"},{"name":"resultFormat","value":"allure2"}],"parameters":[],"links":[],"hidden":false,"retry":false,"extra":{"severity":"normal","retries":[],"categories":[{"name":"Test defects","matchedStatuses":[],"flaky":false}],"history":{"statistic":{"failed":0,"broken":2,"skipped":0,"passed":37,"unknown":0,"total":39},"items":[{"uid":"a16941331526bfde","reportUrl":"https://Brain-up.github.io/auto-tests-python/772/#testresult/a16941331526bfde","status":"passed","time":{"start":1765626474254,"stop":1765626474277,"duration":23}},{"uid":"dc558be068f91dcb","reportUrl":"https://Brain-up.github.io/auto-tests-python/771/#testresult/dc558be068f91dcb","status":"broken","statusDetails":"selenium.common.exceptions.TimeoutException: Message: Can't find element by locator https://www.brainup.site/groups","time":{"start":1765529567851,"stop":1765529567851,"duration":0}},{"uid":"8e91b99848b9a405","reportUrl":"https://Brain-up.github.io/auto-tests-python/770/#testresult/8e91b99848b9a405","status":"passed","time":{"start":1765428765359,"stop":1765428765382,"duration":23}},{"uid":"3b5fd6c3a032848b","reportUrl":"https://Brain-up.github.io/auto-tests-python/769/#testresult/3b5fd6c3a032848b","status":"passed","time":{"start":1765131336619,"stop":1765131336641,"duration":22}},{"uid":"a1f93475a06958e","reportUrl":"https://Brain-up.github.io/auto-tests-python/768/#testresult/a1f93475a06958e","status":"passed","time":{"start":1765022937509,"stop":1765022937531,"duration":22}},{"uid":"a51f4d92b556c40a","reportUrl":"https://Brain-up.github.io/auto-tests-python/767/#testresult/a51f4d92b556c40a","status":"passed","time":{"start":1764842211412,"stop":1764842211434,"duration":22}},{"uid":"f96d28b770f5b19e","reportUrl":"https://Brain-up.github.io/auto-tests-python/766/#testresult/f96d28b770f5b19e","status":"passed","time":{"start":1764759762704,"stop":1764759762727,"duration":23}},{"uid":"ac791c996f8977ab","reportUrl":"https://Brain-up.github.io/auto-tests-python/765/#testresult/ac791c996f8977ab","status":"passed","time":{"start":1764674227518,"stop":1764674227542,"duration":24}},{"uid":"eb1df10a5e6dfeac","reportUrl":"https://Brain-up.github.io/auto-tests-python/764/#testresult/eb1df10a5e6dfeac","status":"passed","time":{"start":1764588006685,"stop":1764588006709,"duration":24}},{"uid":"d94d6529db3e149c","reportUrl":"https://Brain-up.github.io/auto-tests-python/763/#testresult/d94d6529db3e149c","status":"passed","time":{"start":1764489757581,"stop":1764489757604,"duration":23}},{"uid":"ecd22b959227864c","reportUrl":"https://Brain-up.github.io/auto-tests-python/762/#testresult/ecd22b959227864c","status":"passed","time":{"start":1764422426338,"stop":1764422426363,"duration":25}},{"uid":"f20db1b3d3d25668","reportUrl":"https://Brain-up.github.io/auto-tests-python/761/#testresult/f20db1b3d3d25668","status":"passed","time":{"start":1764328901202,"stop":1764328901227,"duration":25}},{"uid":"bcf1dd5b89633819","reportUrl":"https://Brain-up.github.io/auto-tests-python/760/#testresult/bcf1dd5b89633819","status":"passed","time":{"start":1764257731835,"stop":1764257731859,"duration":24}},{"uid":"9f8e6841525b45ab","reportUrl":"https://Brain-up.github.io/auto-tests-python/759/#testresult/9f8e6841525b45ab","status":"passed","time":{"start":1764069247458,"stop":1764069247481,"duration":23}},{"uid":"fb358e871d37d9a3","reportUrl":"https://Brain-up.github.io/auto-tests-python/758/#testresult/fb358e871d37d9a3","status":"passed","time":{"start":1764011183205,"stop":1764011183228,"duration":23}},{"uid":"ec1070a8af3e11f9","reportUrl":"https://Brain-up.github.io/auto-tests-python/757/#testresult/ec1070a8af3e11f9","status":"passed","time":{"start":1763903661511,"stop":1763903661532,"duration":21}},{"uid":"e282855a88f55c14","reportUrl":"https://Brain-up.github.io/auto-tests-python/756/#testresult/e282855a88f55c14","status":"passed","time":{"start":1763825602669,"stop":1763825602695,"duration":26}},{"uid":"8da703955af15a21","reportUrl":"https://Brain-up.github.io/auto-tests-python/755/#testresult/8da703955af15a21","status":"passed","time":{"start":1763700157553,"stop":1763700157578,"duration":25}},{"uid":"f048c6f1ec8ddc88","reportUrl":"https://Brain-up.github.io/auto-tests-python/754/#testresult/f048c6f1ec8ddc88","status":"passed","time":{"start":1763643591608,"stop":1763643591632,"duration":24}},{"uid":"dd22ca48cfbc50d7","reportUrl":"https://Brain-up.github.io/auto-tests-python/753/#testresult/dd22ca48cfbc50d7","status":"passed","time":{"start":1763552899611,"stop":1763552899634,"duration":23}}]},"tags":[]},"source":"31000372d0a3e622.json","parameterValues":[]}