{"uid":"ef4b7428a7c721b5","name":"Solutions to a random task in the \"Слова\" .","fullName":"tests.test_speech_exercises_ru.TestCardsRU#test_solve_word_cards_ru","historyId":"97a1dfc93de55b98f3507f18d0af26f8","time":{"start":1765737459771,"stop":1765737470096,"duration":10325},"status":"skipped","statusMessage":"XFAIL\n\nselenium.common.exceptions.TimeoutException: Message: Can't find element by locator ('xpath', '//a[text()=\"Упражнения\"]')\nStacktrace:\n#0 0x563fbad5316a <unknown>\n#1 0x563fba7d0c4b <unknown>\n#2 0x563fba822318 <unknown>\n#3 0x563fba822551 <unknown>\n#4 0x563fba870764 <unknown>\n#5 0x563fba86dbee <unknown>\n#6 0x563fba814c42 <unknown>\n#7 0x563fba8158f1 <unknown>\n#8 0x563fbad1bf09 <unknown>\n#9 0x563fbad1ee4d <unknown>\n#10 0x563fbad04c51 <unknown>\n#11 0x563fbad1fa2b <unknown>\n#12 0x563fbaceba20 <unknown>\n#13 0x563fbad40a78 <unknown>\n#14 0x563fbad40c49 <unknown>\n#15 0x563fbad524c3 <unknown>\n#16 0x7f1c14c9caa4 <unknown>\n#17 0x7f1c14d29c6c <unknown>","statusTrace":"self = <tests.test_speech_exercises_ru.TestCardsRU object at 0x7f31a015adb0>\ndriver = <selenium.webdriver.chrome.webdriver.WebDriver (session=\"957886851d598d4b8abc0f375f5678f9\")>\ndefault_user_authorized = None\n\n    @pytest.mark.xfail\n    @allure.suite(\"Речевые упражнения.\")\n    @allure.title('Solutions to a random task in the \"Слова\" .')\n    def test_solve_word_cards_ru(self, driver, default_user_authorized):\n        page = SpeechExercisesPageRU(driver)\n>       page.click_button_exercises()\n\ntests/test_speech_exercises_ru.py:124: \n_ _ _ _ _ _ _ _ _ _ _ _ _ _ _ _ _ _ _ _ _ _ _ _ _ _ _ _ _ _ _ _ _ _ _ _ _ _ _ _ \npages/speech_exercises_page_ru.py:199: in click_button_exercises\n    button = self.element_is_present_and_clickable(self.locators.AuthorizedUserHomePageLocators.BUTTON_EXERCISES_RU)\npages/base_page.py:40: in element_is_present_and_clickable\n    return (Wait(self.driver, self.timeout).until(\n_ _ _ _ _ _ _ _ _ _ _ _ _ _ _ _ _ _ _ _ _ _ _ _ _ _ _ _ _ _ _ _ _ _ _ _ _ _ _ _ \n\nself = <selenium.webdriver.support.wait.WebDriverWait (session=\"957886851d598d4b8abc0f375f5678f9\")>\nmethod = <function visibility_of_element_located.<locals>._predicate at 0x7f31a0085800>\nmessage = 'Can\\'t find element by locator (\\'xpath\\', \\'//a[text()=\"Упражнения\"]\\')'\n\n    def until(self, method, message: str = \"\"):\n        \"\"\"Calls the method provided with the driver as an argument until the \\\n        return value does not evaluate to ``False``.\n    \n        :param method: callable(WebDriver)\n        :param message: optional message for :exc:`TimeoutException`\n        :returns: the result of the last call to `method`\n        :raises: :exc:`selenium.common.exceptions.TimeoutException` if timeout occurs\n        \"\"\"\n        screen = None\n        stacktrace = None\n    \n        end_time = time.monotonic() + self._timeout\n        while True:\n            try:\n                value = method(self._driver)\n                if value:\n                    return value\n            except self._ignored_exceptions as exc:\n                screen = getattr(exc, \"screen\", None)\n                stacktrace = getattr(exc, \"stacktrace\", None)\n            time.sleep(self._poll)\n            if time.monotonic() > end_time:\n                break\n>       raise TimeoutException(message, screen, stacktrace)\nE       selenium.common.exceptions.TimeoutException: Message: Can't find element by locator ('xpath', '//a[text()=\"Упражнения\"]')\nE       Stacktrace:\nE       #0 0x563fbad5316a <unknown>\nE       #1 0x563fba7d0c4b <unknown>\nE       #2 0x563fba822318 <unknown>\nE       #3 0x563fba822551 <unknown>\nE       #4 0x563fba870764 <unknown>\nE       #5 0x563fba86dbee <unknown>\nE       #6 0x563fba814c42 <unknown>\nE       #7 0x563fba8158f1 <unknown>\nE       #8 0x563fbad1bf09 <unknown>\nE       #9 0x563fbad1ee4d <unknown>\nE       #10 0x563fbad04c51 <unknown>\nE       #11 0x563fbad1fa2b <unknown>\nE       #12 0x563fbaceba20 <unknown>\nE       #13 0x563fbad40a78 <unknown>\nE       #14 0x563fbad40c49 <unknown>\nE       #15 0x563fbad524c3 <unknown>\nE       #16 0x7f1c14c9caa4 <unknown>\nE       #17 0x7f1c14d29c6c <unknown>\n\n/opt/hostedtoolcache/Python/3.12.12/x64/lib/python3.12/site-packages/selenium/webdriver/support/wait.py:95: TimeoutException","flaky":false,"newFailed":false,"newBroken":false,"newPassed":false,"retriesCount":0,"retriesStatusChange":false,"beforeStages":[{"name":"clear_allure_results_folder","time":{"start":1765736210229,"stop":1765736210229,"duration":0},"status":"passed","steps":[],"attachments":[],"parameters":[],"stepsCount":0,"shouldDisplayMessage":false,"attachmentsCount":0,"hasContent":false,"attachmentStep":false},{"name":"driver","time":{"start":1765737453742,"stop":1765737454503,"duration":761},"status":"passed","steps":[],"attachments":[],"parameters":[],"stepsCount":0,"shouldDisplayMessage":false,"attachmentsCount":0,"hasContent":false,"attachmentStep":false},{"name":"main_page_open","time":{"start":1765737454503,"stop":1765737457364,"duration":2861},"status":"passed","steps":[{"name":"Open page: https://www.brainup.site/","time":{"start":1765737454503,"stop":1765737457364,"duration":2861},"status":"passed","steps":[],"attachments":[],"parameters":[{"name":"driver","value":"<selenium.webdriver.chrome.webdriver.WebDriver (session=\"957886851d598d4b8abc0f375f5678f9\")>"}],"stepsCount":0,"shouldDisplayMessage":false,"attachmentsCount":0,"hasContent":true,"attachmentStep":false}],"attachments":[],"parameters":[],"stepsCount":1,"shouldDisplayMessage":false,"attachmentsCount":0,"hasContent":true,"attachmentStep":false},{"name":"default_user_authorized","time":{"start":1765737457364,"stop":1765737459770,"duration":2406},"status":"passed","steps":[{"name":"DEFAULT user authorized","time":{"start":1765737457364,"stop":1765737459770,"duration":2406},"status":"passed","steps":[{"name":"Check url is present: https://www.brainup.site/groups","time":{"start":1765737457728,"stop":1765737459747,"duration":2019},"status":"passed","steps":[],"attachments":[],"parameters":[],"stepsCount":0,"shouldDisplayMessage":false,"attachmentsCount":0,"hasContent":false,"attachmentStep":false},{"name":"Loader checking","time":{"start":1765737459747,"stop":1765737459770,"duration":23},"status":"passed","steps":[],"attachments":[],"parameters":[],"stepsCount":0,"shouldDisplayMessage":false,"attachmentsCount":0,"hasContent":false,"attachmentStep":false}],"attachments":[],"parameters":[{"name":"driver","value":"<selenium.webdriver.chrome.webdriver.WebDriver (session=\"957886851d598d4b8abc0f375f5678f9\")>"},{"name":"main_page_open","value":"None"}],"stepsCount":2,"shouldDisplayMessage":false,"attachmentsCount":0,"hasContent":true,"attachmentStep":false}],"attachments":[],"parameters":[],"stepsCount":3,"shouldDisplayMessage":false,"attachmentsCount":0,"hasContent":true,"attachmentStep":false}],"testStage":{"status":"skipped","statusMessage":"XFAIL\n\nselenium.common.exceptions.TimeoutException: Message: Can't find element by locator ('xpath', '//a[text()=\"Упражнения\"]')\nStacktrace:\n#0 0x563fbad5316a <unknown>\n#1 0x563fba7d0c4b <unknown>\n#2 0x563fba822318 <unknown>\n#3 0x563fba822551 <unknown>\n#4 0x563fba870764 <unknown>\n#5 0x563fba86dbee <unknown>\n#6 0x563fba814c42 <unknown>\n#7 0x563fba8158f1 <unknown>\n#8 0x563fbad1bf09 <unknown>\n#9 0x563fbad1ee4d <unknown>\n#10 0x563fbad04c51 <unknown>\n#11 0x563fbad1fa2b <unknown>\n#12 0x563fbaceba20 <unknown>\n#13 0x563fbad40a78 <unknown>\n#14 0x563fbad40c49 <unknown>\n#15 0x563fbad524c3 <unknown>\n#16 0x7f1c14c9caa4 <unknown>\n#17 0x7f1c14d29c6c <unknown>","statusTrace":"self = <tests.test_speech_exercises_ru.TestCardsRU object at 0x7f31a015adb0>\ndriver = <selenium.webdriver.chrome.webdriver.WebDriver (session=\"957886851d598d4b8abc0f375f5678f9\")>\ndefault_user_authorized = None\n\n    @pytest.mark.xfail\n    @allure.suite(\"Речевые упражнения.\")\n    @allure.title('Solutions to a random task in the \"Слова\" .')\n    def test_solve_word_cards_ru(self, driver, default_user_authorized):\n        page = SpeechExercisesPageRU(driver)\n>       page.click_button_exercises()\n\ntests/test_speech_exercises_ru.py:124: \n_ _ _ _ _ _ _ _ _ _ _ _ _ _ _ _ _ _ _ _ _ _ _ _ _ _ _ _ _ _ _ _ _ _ _ _ _ _ _ _ \npages/speech_exercises_page_ru.py:199: in click_button_exercises\n    button = self.element_is_present_and_clickable(self.locators.AuthorizedUserHomePageLocators.BUTTON_EXERCISES_RU)\npages/base_page.py:40: in element_is_present_and_clickable\n    return (Wait(self.driver, self.timeout).until(\n_ _ _ _ _ _ _ _ _ _ _ _ _ _ _ _ _ _ _ _ _ _ _ _ _ _ _ _ _ _ _ _ _ _ _ _ _ _ _ _ \n\nself = <selenium.webdriver.support.wait.WebDriverWait (session=\"957886851d598d4b8abc0f375f5678f9\")>\nmethod = <function visibility_of_element_located.<locals>._predicate at 0x7f31a0085800>\nmessage = 'Can\\'t find element by locator (\\'xpath\\', \\'//a[text()=\"Упражнения\"]\\')'\n\n    def until(self, method, message: str = \"\"):\n        \"\"\"Calls the method provided with the driver as an argument until the \\\n        return value does not evaluate to ``False``.\n    \n        :param method: callable(WebDriver)\n        :param message: optional message for :exc:`TimeoutException`\n        :returns: the result of the last call to `method`\n        :raises: :exc:`selenium.common.exceptions.TimeoutException` if timeout occurs\n        \"\"\"\n        screen = None\n        stacktrace = None\n    \n        end_time = time.monotonic() + self._timeout\n        while True:\n            try:\n                value = method(self._driver)\n                if value:\n                    return value\n            except self._ignored_exceptions as exc:\n                screen = getattr(exc, \"screen\", None)\n                stacktrace = getattr(exc, \"stacktrace\", None)\n            time.sleep(self._poll)\n            if time.monotonic() > end_time:\n                break\n>       raise TimeoutException(message, screen, stacktrace)\nE       selenium.common.exceptions.TimeoutException: Message: Can't find element by locator ('xpath', '//a[text()=\"Упражнения\"]')\nE       Stacktrace:\nE       #0 0x563fbad5316a <unknown>\nE       #1 0x563fba7d0c4b <unknown>\nE       #2 0x563fba822318 <unknown>\nE       #3 0x563fba822551 <unknown>\nE       #4 0x563fba870764 <unknown>\nE       #5 0x563fba86dbee <unknown>\nE       #6 0x563fba814c42 <unknown>\nE       #7 0x563fba8158f1 <unknown>\nE       #8 0x563fbad1bf09 <unknown>\nE       #9 0x563fbad1ee4d <unknown>\nE       #10 0x563fbad04c51 <unknown>\nE       #11 0x563fbad1fa2b <unknown>\nE       #12 0x563fbaceba20 <unknown>\nE       #13 0x563fbad40a78 <unknown>\nE       #14 0x563fbad40c49 <unknown>\nE       #15 0x563fbad524c3 <unknown>\nE       #16 0x7f1c14c9caa4 <unknown>\nE       #17 0x7f1c14d29c6c <unknown>\n\n/opt/hostedtoolcache/Python/3.12.12/x64/lib/python3.12/site-packages/selenium/webdriver/support/wait.py:95: TimeoutException","steps":[{"name":"Click button \"Упражнения\".","time":{"start":1765737459771,"stop":1765737470095,"duration":10324},"status":"broken","statusMessage":"selenium.common.exceptions.TimeoutException: Message: Can't find element by locator ('xpath', '//a[text()=\"Упражнения\"]')\nStacktrace:\n#0 0x563fbad5316a <unknown>\n#1 0x563fba7d0c4b <unknown>\n#2 0x563fba822318 <unknown>\n#3 0x563fba822551 <unknown>\n#4 0x563fba870764 <unknown>\n#5 0x563fba86dbee <unknown>\n#6 0x563fba814c42 <unknown>\n#7 0x563fba8158f1 <unknown>\n#8 0x563fbad1bf09 <unknown>\n#9 0x563fbad1ee4d <unknown>\n#10 0x563fbad04c51 <unknown>\n#11 0x563fbad1fa2b <unknown>\n#12 0x563fbaceba20 <unknown>\n#13 0x563fbad40a78 <unknown>\n#14 0x563fbad40c49 <unknown>\n#15 0x563fbad524c3 <unknown>\n#16 0x7f1c14c9caa4 <unknown>\n#17 0x7f1c14d29c6c <unknown>\n\n","statusTrace":"  File \"/opt/hostedtoolcache/Python/3.12.12/x64/lib/python3.12/site-packages/allure_commons/_allure.py\", line 192, in impl\n    return func(*a, **kw)\n           ^^^^^^^^^^^^^^\n  File \"/home/runner/work/auto-tests-python/auto-tests-python/pages/speech_exercises_page_ru.py\", line 199, in click_button_exercises\n    button = self.element_is_present_and_clickable(self.locators.AuthorizedUserHomePageLocators.BUTTON_EXERCISES_RU)\n             ^^^^^^^^^^^^^^^^^^^^^^^^^^^^^^^^^^^^^^^^^^^^^^^^^^^^^^^^^^^^^^^^^^^^^^^^^^^^^^^^^^^^^^^^^^^^^^^^^^^^^^^\n  File \"/home/runner/work/auto-tests-python/auto-tests-python/pages/base_page.py\", line 40, in element_is_present_and_clickable\n    return (Wait(self.driver, self.timeout).until(\n            ^^^^^^^^^^^^^^^^^^^^^^^^^^^^^^^^^^^^^^\n  File \"/opt/hostedtoolcache/Python/3.12.12/x64/lib/python3.12/site-packages/selenium/webdriver/support/wait.py\", line 95, in until\n    raise TimeoutException(message, screen, stacktrace)\n","steps":[{"name":"Click button \"RU\".","time":{"start":1765737459771,"stop":1765737459840,"duration":69},"status":"passed","steps":[],"attachments":[],"parameters":[],"stepsCount":0,"shouldDisplayMessage":false,"attachmentsCount":0,"hasContent":false,"attachmentStep":false}],"attachments":[],"parameters":[],"stepsCount":1,"shouldDisplayMessage":true,"attachmentsCount":0,"hasContent":true,"attachmentStep":false}],"attachments":[],"parameters":[],"stepsCount":2,"shouldDisplayMessage":true,"attachmentsCount":0,"hasContent":true,"attachmentStep":false},"afterStages":[{"name":"driver::0","time":{"start":1765737470110,"stop":1765737470182,"duration":72},"status":"passed","steps":[],"attachments":[],"parameters":[],"stepsCount":0,"shouldDisplayMessage":false,"attachmentsCount":0,"hasContent":false,"attachmentStep":false}],"labels":[{"name":"suite","value":"Речевые упражнения."},{"name":"epic","value":"Speech exercises."},{"name":"tag","value":"@pytest.mark.xfail"},{"name":"parentSuite","value":"tests"},{"name":"subSuite","value":"TestCardsRU"},{"name":"host","value":"runnervm6qbrg"},{"name":"thread","value":"2612-MainThread"},{"name":"framework","value":"pytest"},{"name":"language","value":"cpython3"},{"name":"package","value":"tests.test_speech_exercises_ru"},{"name":"resultFormat","value":"allure2"}],"parameters":[],"links":[],"hidden":false,"retry":false,"extra":{"severity":"normal","retries":[],"categories":[],"history":{"statistic":{"failed":0,"broken":0,"skipped":36,"passed":3,"unknown":0,"total":39},"items":[{"uid":"d7a97a62adfff8d","reportUrl":"https://Brain-up.github.io/auto-tests-python/772/#testresult/d7a97a62adfff8d","status":"skipped","statusDetails":"XFAIL\n\nselenium.common.exceptions.TimeoutException: Message: Can't find element by locator ('xpath', '//a[text()=\"Упражнения\"]')\nStacktrace:\n#0 0x556c1421d16a <unknown>\n#1 0x556c13c9ac4b <unknown>\n#2 0x556c13cec318 <unknown>\n#3 0x556c13cec551 <unknown>\n#4 0x556c13d3a764 <unknown>\n#5 0x556c13d37bee <unknown>\n#6 0x556c13cdec42 <unknown>\n#7 0x556c13cdf8f1 <unknown>\n#8 0x556c141e5f09 <unknown>\n#9 0x556c141e8e4d <unknown>\n#10 0x556c141cec51 <unknown>\n#11 0x556c141e9a2b <unknown>\n#12 0x556c141b5a20 <unknown>\n#13 0x556c1420aa78 <unknown>\n#14 0x556c1420ac49 <unknown>\n#15 0x556c1421c4c3 <unknown>\n#16 0x7f644649caa4 <unknown>\n#17 0x7f6446529c6c <unknown>","time":{"start":1765626991735,"stop":1765627002039,"duration":10304}},{"uid":"300b86621ae34626","reportUrl":"https://Brain-up.github.io/auto-tests-python/771/#testresult/300b86621ae34626","status":"skipped","statusDetails":"XFAIL\n\nselenium.common.exceptions.TimeoutException: Message: Can't find element by locator ('xpath', '//a[text()=\"Упражнения\"]')\nStacktrace:\n#0 0x55ecaf71316a <unknown>\n#1 0x55ecaf190c4b <unknown>\n#2 0x55ecaf1e2318 <unknown>\n#3 0x55ecaf1e2551 <unknown>\n#4 0x55ecaf230764 <unknown>\n#5 0x55ecaf22dbee <unknown>\n#6 0x55ecaf1d4c42 <unknown>\n#7 0x55ecaf1d58f1 <unknown>\n#8 0x55ecaf6dbf09 <unknown>\n#9 0x55ecaf6dee4d <unknown>\n#10 0x55ecaf6c4c51 <unknown>\n#11 0x55ecaf6dfa2b <unknown>\n#12 0x55ecaf6aba20 <unknown>\n#13 0x55ecaf700a78 <unknown>\n#14 0x55ecaf700c49 <unknown>\n#15 0x55ecaf7124c3 <unknown>\n#16 0x7f3e9da9caa4 <unknown>\n#17 0x7f3e9db29c6c <unknown>","time":{"start":1765530157360,"stop":1765530167685,"duration":10325}},{"uid":"7d6da5555d46137","reportUrl":"https://Brain-up.github.io/auto-tests-python/770/#testresult/7d6da5555d46137","status":"skipped","statusDetails":"XFAIL\n\nselenium.common.exceptions.TimeoutException: Message: Can't find element by locator ('xpath', '//a[text()=\"Упражнения\"]')\nStacktrace:\n#0 0x55b72687f16a <unknown>\n#1 0x55b7262fcc4b <unknown>\n#2 0x55b72634e318 <unknown>\n#3 0x55b72634e551 <unknown>\n#4 0x55b72639c764 <unknown>\n#5 0x55b726399bee <unknown>\n#6 0x55b726340c42 <unknown>\n#7 0x55b7263418f1 <unknown>\n#8 0x55b726847f09 <unknown>\n#9 0x55b72684ae4d <unknown>\n#10 0x55b726830c51 <unknown>\n#11 0x55b72684ba2b <unknown>\n#12 0x55b726817a20 <unknown>\n#13 0x55b72686ca78 <unknown>\n#14 0x55b72686cc49 <unknown>\n#15 0x55b72687e4c3 <unknown>\n#16 0x7fe0c609caa4 <unknown>\n#17 0x7fe0c6129c6c <unknown>","time":{"start":1765429276447,"stop":1765429286746,"duration":10299}},{"uid":"96c9877bf57a2122","reportUrl":"https://Brain-up.github.io/auto-tests-python/769/#testresult/96c9877bf57a2122","status":"skipped","statusDetails":"XFAIL\n\nselenium.common.exceptions.TimeoutException: Message: Can't find element by locator ('xpath', '//a[text()=\"Упражнения\"]')\nStacktrace:\n#0 0x55992cd014ca <unknown>\n#1 0x55992c74fe4b <unknown>\n#2 0x55992c7a2814 <unknown>\n#3 0x55992c7a2a51 <unknown>\n#4 0x55992c7f1a44 <unknown>\n#5 0x55992c7eedf7 <unknown>\n#6 0x55992c794c2a <unknown>\n#7 0x55992c795931 <unknown>\n#8 0x55992ccc7cf9 <unknown>\n#9 0x55992cccacdc <unknown>\n#10 0x55992ccb0f79 <unknown>\n#11 0x55992cccb8b5 <unknown>\n#12 0x55992cc989c3 <unknown>\n#13 0x55992ccee228 <unknown>\n#14 0x55992ccee403 <unknown>\n#15 0x55992cd00463 <unknown>\n#16 0x7eff4da9caa4 <unknown>\n#17 0x7eff4db29c6c <unknown>","time":{"start":1765131968005,"stop":1765131978297,"duration":10292}},{"uid":"eaf7f297ec2e2886","reportUrl":"https://Brain-up.github.io/auto-tests-python/768/#testresult/eaf7f297ec2e2886","status":"skipped","statusDetails":"XFAIL\n\nselenium.common.exceptions.TimeoutException: Message: Can't find element by locator ('xpath', '//a[text()=\"Упражнения\"]')\nStacktrace:\n#0 0x5560960e94ca <unknown>\n#1 0x556095b37e4b <unknown>\n#2 0x556095b8a814 <unknown>\n#3 0x556095b8aa51 <unknown>\n#4 0x556095bd9a44 <unknown>\n#5 0x556095bd6df7 <unknown>\n#6 0x556095b7cc2a <unknown>\n#7 0x556095b7d931 <unknown>\n#8 0x5560960afcf9 <unknown>\n#9 0x5560960b2cdc <unknown>\n#10 0x556096098f79 <unknown>\n#11 0x5560960b38b5 <unknown>\n#12 0x5560960809c3 <unknown>\n#13 0x5560960d6228 <unknown>\n#14 0x5560960d6403 <unknown>\n#15 0x5560960e8463 <unknown>\n#16 0x7fcd9349caa4 <unknown>\n#17 0x7fcd93529c6c <unknown>","time":{"start":1765023571003,"stop":1765023581315,"duration":10312}},{"uid":"ddc25d49fb681c88","reportUrl":"https://Brain-up.github.io/auto-tests-python/767/#testresult/ddc25d49fb681c88","status":"skipped","statusDetails":"XFAIL\n\nselenium.common.exceptions.TimeoutException: Message: Can't find element by locator ('xpath', '//a[text()=\"Упражнения\"]')\nStacktrace:\n#0 0x5604e581a4ca <unknown>\n#1 0x5604e5268e4b <unknown>\n#2 0x5604e52bb814 <unknown>\n#3 0x5604e52bba51 <unknown>\n#4 0x5604e530aa44 <unknown>\n#5 0x5604e5307df7 <unknown>\n#6 0x5604e52adc2a <unknown>\n#7 0x5604e52ae931 <unknown>\n#8 0x5604e57e0cf9 <unknown>\n#9 0x5604e57e3cdc <unknown>\n#10 0x5604e57c9f79 <unknown>\n#11 0x5604e57e48b5 <unknown>\n#12 0x5604e57b19c3 <unknown>\n#13 0x5604e5807228 <unknown>\n#14 0x5604e5807403 <unknown>\n#15 0x5604e5819463 <unknown>\n#16 0x7f0d9049caa4 <unknown>\n#17 0x7f0d90529c6c <unknown>","time":{"start":1764842754026,"stop":1764842764343,"duration":10317}},{"uid":"889dee5dd6ec53b","reportUrl":"https://Brain-up.github.io/auto-tests-python/766/#testresult/889dee5dd6ec53b","status":"skipped","statusDetails":"XFAIL\n\nselenium.common.exceptions.TimeoutException: Message: Can't find element by locator ('xpath', '//a[text()=\"Упражнения\"]')\nStacktrace:\n#0 0x5584f127a4ca <unknown>\n#1 0x5584f0cc8e4b <unknown>\n#2 0x5584f0d1b814 <unknown>\n#3 0x5584f0d1ba51 <unknown>\n#4 0x5584f0d6aa44 <unknown>\n#5 0x5584f0d67df7 <unknown>\n#6 0x5584f0d0dc2a <unknown>\n#7 0x5584f0d0e931 <unknown>\n#8 0x5584f1240cf9 <unknown>\n#9 0x5584f1243cdc <unknown>\n#10 0x5584f1229f79 <unknown>\n#11 0x5584f12448b5 <unknown>\n#12 0x5584f12119c3 <unknown>\n#13 0x5584f1267228 <unknown>\n#14 0x5584f1267403 <unknown>\n#15 0x5584f1279463 <unknown>\n#16 0x7f3f1749caa4 <unknown>\n#17 0x7f3f17529c6c <unknown>","time":{"start":1764760290214,"stop":1764760300517,"duration":10303}},{"uid":"85965c76055e7162","reportUrl":"https://Brain-up.github.io/auto-tests-python/765/#testresult/85965c76055e7162","status":"skipped","statusDetails":"XFAIL\n\nselenium.common.exceptions.TimeoutException: Message: Can't find element by locator ('xpath', '//a[text()=\"Упражнения\"]')\nStacktrace:\n#0 0x5649b11d232a <unknown>\n#1 0x5649b0c1ee4b <unknown>\n#2 0x5649b0c7182b <unknown>\n#3 0x5649b0c71a61 <unknown>\n#4 0x5649b0cc0a44 <unknown>\n#5 0x5649b0cbddf7 <unknown>\n#6 0x5649b0c63c1a <unknown>\n#7 0x5649b0c64921 <unknown>\n#8 0x5649b1199239 <unknown>\n#9 0x5649b119c1e8 <unknown>\n#10 0x5649b11824c9 <unknown>\n#11 0x5649b119cdb5 <unknown>\n#12 0x5649b1169e93 <unknown>\n#13 0x5649b11bf098 <unknown>\n#14 0x5649b11bf273 <unknown>\n#15 0x5649b11d12c3 <unknown>\n#16 0x7f0165a9caa4 <unknown>\n#17 0x7f0165b29c6c <unknown>","time":{"start":1764674763656,"stop":1764674773952,"duration":10296}},{"uid":"6600ce4950954dd8","reportUrl":"https://Brain-up.github.io/auto-tests-python/764/#testresult/6600ce4950954dd8","status":"skipped","statusDetails":"XFAIL\n\nselenium.common.exceptions.TimeoutException: Message: Can't find element by locator ('xpath', '//a[text()=\"Упражнения\"]')\nStacktrace:\n#0 0x55d72000932a <unknown>\n#1 0x55d71fa55e4b <unknown>\n#2 0x55d71faa882b <unknown>\n#3 0x55d71faa8a61 <unknown>\n#4 0x55d71faf7a44 <unknown>\n#5 0x55d71faf4df7 <unknown>\n#6 0x55d71fa9ac1a <unknown>\n#7 0x55d71fa9b921 <unknown>\n#8 0x55d71ffd0239 <unknown>\n#9 0x55d71ffd31e8 <unknown>\n#10 0x55d71ffb94c9 <unknown>\n#11 0x55d71ffd3db5 <unknown>\n#12 0x55d71ffa0e93 <unknown>\n#13 0x55d71fff6098 <unknown>\n#14 0x55d71fff6273 <unknown>\n#15 0x55d7200082c3 <unknown>\n#16 0x7fd6ba89caa4 <unknown>\n#17 0x7fd6ba929c6c <unknown>","time":{"start":1764588626613,"stop":1764588636897,"duration":10284}},{"uid":"692e280511375b7f","reportUrl":"https://Brain-up.github.io/auto-tests-python/763/#testresult/692e280511375b7f","status":"skipped","statusDetails":"XFAIL\n\nselenium.common.exceptions.TimeoutException: Message: Can't find element by locator ('xpath', '//a[text()=\"Упражнения\"]')\nStacktrace:\n#0 0x55c7e02ae32a <unknown>\n#1 0x55c7dfcfae4b <unknown>\n#2 0x55c7dfd4d82b <unknown>\n#3 0x55c7dfd4da61 <unknown>\n#4 0x55c7dfd9ca44 <unknown>\n#5 0x55c7dfd99df7 <unknown>\n#6 0x55c7dfd3fc1a <unknown>\n#7 0x55c7dfd40921 <unknown>\n#8 0x55c7e0275239 <unknown>\n#9 0x55c7e02781e8 <unknown>\n#10 0x55c7e025e4c9 <unknown>\n#11 0x55c7e0278db5 <unknown>\n#12 0x55c7e0245e93 <unknown>\n#13 0x55c7e029b098 <unknown>\n#14 0x55c7e029b273 <unknown>\n#15 0x55c7e02ad2c3 <unknown>\n#16 0x7f088f09caa4 <unknown>\n#17 0x7f088f129c6c <unknown>","time":{"start":1764490267252,"stop":1764490277560,"duration":10308}},{"uid":"3b89f75b3f2be720","reportUrl":"https://Brain-up.github.io/auto-tests-python/762/#testresult/3b89f75b3f2be720","status":"skipped","statusDetails":"XFAIL\n\nselenium.common.exceptions.TimeoutException: Message: Can't find element by locator ('xpath', '//a[text()=\"Упражнения\"]')\nStacktrace:\n#0 0x563cf423d32a <unknown>\n#1 0x563cf3c89e4b <unknown>\n#2 0x563cf3cdc82b <unknown>\n#3 0x563cf3cdca61 <unknown>\n#4 0x563cf3d2ba44 <unknown>\n#5 0x563cf3d28df7 <unknown>\n#6 0x563cf3ccec1a <unknown>\n#7 0x563cf3ccf921 <unknown>\n#8 0x563cf4204239 <unknown>\n#9 0x563cf42071e8 <unknown>\n#10 0x563cf41ed4c9 <unknown>\n#11 0x563cf4207db5 <unknown>\n#12 0x563cf41d4e93 <unknown>\n#13 0x563cf422a098 <unknown>\n#14 0x563cf422a273 <unknown>\n#15 0x563cf423c2c3 <unknown>\n#16 0x7f4e3b09caa4 <unknown>\n#17 0x7f4e3b129c6c <unknown>","time":{"start":1764422970573,"stop":1764422980908,"duration":10335}},{"uid":"99b11c3b4a3c6e30","reportUrl":"https://Brain-up.github.io/auto-tests-python/761/#testresult/99b11c3b4a3c6e30","status":"skipped","statusDetails":"XFAIL\n\nselenium.common.exceptions.TimeoutException: Message: Can't find element by locator ('xpath', '//a[text()=\"Упражнения\"]')\nStacktrace:\n#0 0x55a2d4ea532a <unknown>\n#1 0x55a2d48f1e4b <unknown>\n#2 0x55a2d494482b <unknown>\n#3 0x55a2d4944a61 <unknown>\n#4 0x55a2d4993a44 <unknown>\n#5 0x55a2d4990df7 <unknown>\n#6 0x55a2d4936c1a <unknown>\n#7 0x55a2d4937921 <unknown>\n#8 0x55a2d4e6c239 <unknown>\n#9 0x55a2d4e6f1e8 <unknown>\n#10 0x55a2d4e554c9 <unknown>\n#11 0x55a2d4e6fdb5 <unknown>\n#12 0x55a2d4e3ce93 <unknown>\n#13 0x55a2d4e92098 <unknown>\n#14 0x55a2d4e92273 <unknown>\n#15 0x55a2d4ea42c3 <unknown>\n#16 0x7f1b3809caa4 <unknown>\n#17 0x7f1b38129c6c <unknown>","time":{"start":1764329438389,"stop":1764329448709,"duration":10320}},{"uid":"803e644cddf0d09d","reportUrl":"https://Brain-up.github.io/auto-tests-python/760/#testresult/803e644cddf0d09d","status":"skipped","statusDetails":"XFAIL\n\nselenium.common.exceptions.TimeoutException: Message: Can't find element by locator ('xpath', '//a[text()=\"Упражнения\"]')\nStacktrace:\n#0 0x55960b8f332a <unknown>\n#1 0x55960b33fe4b <unknown>\n#2 0x55960b39282b <unknown>\n#3 0x55960b392a61 <unknown>\n#4 0x55960b3e1a44 <unknown>\n#5 0x55960b3dedf7 <unknown>\n#6 0x55960b384c1a <unknown>\n#7 0x55960b385921 <unknown>\n#8 0x55960b8ba239 <unknown>\n#9 0x55960b8bd1e8 <unknown>\n#10 0x55960b8a34c9 <unknown>\n#11 0x55960b8bddb5 <unknown>\n#12 0x55960b88ae93 <unknown>\n#13 0x55960b8e0098 <unknown>\n#14 0x55960b8e0273 <unknown>\n#15 0x55960b8f22c3 <unknown>\n#16 0x7f789c89caa4 <unknown>\n#17 0x7f789c929c6c <unknown>","time":{"start":1764258257178,"stop":1764258267481,"duration":10303}},{"uid":"ede694db2e348d9","reportUrl":"https://Brain-up.github.io/auto-tests-python/759/#testresult/ede694db2e348d9","status":"skipped","statusDetails":"XFAIL\n\nselenium.common.exceptions.TimeoutException: Message: Can't find element by locator ('xpath', '//a[text()=\"Упражнения\"]')\nStacktrace:\n#0 0x55796241032a <unknown>\n#1 0x557961e5ce4b <unknown>\n#2 0x557961eaf82b <unknown>\n#3 0x557961eafa61 <unknown>\n#4 0x557961efea44 <unknown>\n#5 0x557961efbdf7 <unknown>\n#6 0x557961ea1c1a <unknown>\n#7 0x557961ea2921 <unknown>\n#8 0x5579623d7239 <unknown>\n#9 0x5579623da1e8 <unknown>\n#10 0x5579623c04c9 <unknown>\n#11 0x5579623dadb5 <unknown>\n#12 0x5579623a7e93 <unknown>\n#13 0x5579623fd098 <unknown>\n#14 0x5579623fd273 <unknown>\n#15 0x55796240f2c3 <unknown>\n#16 0x7f3675c9caa4 <unknown>\n#17 0x7f3675d29c6c <unknown>","time":{"start":1764069864802,"stop":1764069875111,"duration":10309}},{"uid":"c98db5021ae86739","reportUrl":"https://Brain-up.github.io/auto-tests-python/758/#testresult/c98db5021ae86739","status":"skipped","statusDetails":"XFAIL\n\nselenium.common.exceptions.TimeoutException: Message: Can't find element by locator ('xpath', '//a[text()=\"Упражнения\"]')\nStacktrace:\n#0 0x55bd80fc732a <unknown>\n#1 0x55bd80a13e4b <unknown>\n#2 0x55bd80a6682b <unknown>\n#3 0x55bd80a66a61 <unknown>\n#4 0x55bd80ab5a44 <unknown>\n#5 0x55bd80ab2df7 <unknown>\n#6 0x55bd80a58c1a <unknown>\n#7 0x55bd80a59921 <unknown>\n#8 0x55bd80f8e239 <unknown>\n#9 0x55bd80f911e8 <unknown>\n#10 0x55bd80f774c9 <unknown>\n#11 0x55bd80f91db5 <unknown>\n#12 0x55bd80f5ee93 <unknown>\n#13 0x55bd80fb4098 <unknown>\n#14 0x55bd80fb4273 <unknown>\n#15 0x55bd80fc62c3 <unknown>\n#16 0x7f60a8c9caa4 <unknown>\n#17 0x7f60a8d29c6c <unknown>","time":{"start":1764011698751,"stop":1764011709063,"duration":10312}},{"uid":"7464a55335117d4c","reportUrl":"https://Brain-up.github.io/auto-tests-python/757/#testresult/7464a55335117d4c","status":"skipped","statusDetails":"XFAIL\n\nselenium.common.exceptions.TimeoutException: Message: Can't find element by locator ('xpath', '//a[text()=\"Упражнения\"]')\nStacktrace:\n#0 0x559f247f732a <unknown>\n#1 0x559f24243e4b <unknown>\n#2 0x559f2429682b <unknown>\n#3 0x559f24296a61 <unknown>\n#4 0x559f242e5a44 <unknown>\n#5 0x559f242e2df7 <unknown>\n#6 0x559f24288c1a <unknown>\n#7 0x559f24289921 <unknown>\n#8 0x559f247be239 <unknown>\n#9 0x559f247c11e8 <unknown>\n#10 0x559f247a74c9 <unknown>\n#11 0x559f247c1db5 <unknown>\n#12 0x559f2478ee93 <unknown>\n#13 0x559f247e4098 <unknown>\n#14 0x559f247e4273 <unknown>\n#15 0x559f247f62c3 <unknown>\n#16 0x7ff1d469caa4 <unknown>\n#17 0x7ff1d4729c6c <unknown>","time":{"start":1763904271901,"stop":1763904282148,"duration":10247}},{"uid":"b2459cf4b9c9cf9a","reportUrl":"https://Brain-up.github.io/auto-tests-python/756/#testresult/b2459cf4b9c9cf9a","status":"skipped","statusDetails":"XFAIL\n\nselenium.common.exceptions.TimeoutException: Message: Can't find element by locator ('xpath', '//a[text()=\"Упражнения\"]')\nStacktrace:\n#0 0x55e7c02f432a <unknown>\n#1 0x55e7bfd40e4b <unknown>\n#2 0x55e7bfd9382b <unknown>\n#3 0x55e7bfd93a61 <unknown>\n#4 0x55e7bfde2a44 <unknown>\n#5 0x55e7bfddfdf7 <unknown>\n#6 0x55e7bfd85c1a <unknown>\n#7 0x55e7bfd86921 <unknown>\n#8 0x55e7c02bb239 <unknown>\n#9 0x55e7c02be1e8 <unknown>\n#10 0x55e7c02a44c9 <unknown>\n#11 0x55e7c02bedb5 <unknown>\n#12 0x55e7c028be93 <unknown>\n#13 0x55e7c02e1098 <unknown>\n#14 0x55e7c02e1273 <unknown>\n#15 0x55e7c02f32c3 <unknown>\n#16 0x7fbdbb09caa4 <unknown>\n#17 0x7fbdbb129c6c <unknown>","time":{"start":1763826130662,"stop":1763826140986,"duration":10324}},{"uid":"12662f30b96f813","reportUrl":"https://Brain-up.github.io/auto-tests-python/755/#testresult/12662f30b96f813","status":"skipped","statusDetails":"XFAIL\n\nselenium.common.exceptions.TimeoutException: Message: Can't find element by locator ('xpath', '//a[text()=\"Упражнения\"]')\nStacktrace:\n#0 0x558b485fe32a <unknown>\n#1 0x558b4804ae4b <unknown>\n#2 0x558b4809d82b <unknown>\n#3 0x558b4809da61 <unknown>\n#4 0x558b480eca44 <unknown>\n#5 0x558b480e9df7 <unknown>\n#6 0x558b4808fc1a <unknown>\n#7 0x558b48090921 <unknown>\n#8 0x558b485c5239 <unknown>\n#9 0x558b485c81e8 <unknown>\n#10 0x558b485ae4c9 <unknown>\n#11 0x558b485c8db5 <unknown>\n#12 0x558b48595e93 <unknown>\n#13 0x558b485eb098 <unknown>\n#14 0x558b485eb273 <unknown>\n#15 0x558b485fd2c3 <unknown>\n#16 0x7f3d2d69caa4 <unknown>\n#17 0x7f3d2d729c6c <unknown>","time":{"start":1763700804740,"stop":1763700815068,"duration":10328}},{"uid":"a62157c8fe955eff","reportUrl":"https://Brain-up.github.io/auto-tests-python/754/#testresult/a62157c8fe955eff","status":"skipped","statusDetails":"XFAIL\n\nselenium.common.exceptions.TimeoutException: Message: Can't find element by locator ('xpath', '//a[text()=\"Упражнения\"]')\nStacktrace:\n#0 0x5621f003432a <unknown>\n#1 0x5621efa80e4b <unknown>\n#2 0x5621efad382b <unknown>\n#3 0x5621efad3a61 <unknown>\n#4 0x5621efb22a44 <unknown>\n#5 0x5621efb1fdf7 <unknown>\n#6 0x5621efac5c1a <unknown>\n#7 0x5621efac6921 <unknown>\n#8 0x5621efffb239 <unknown>\n#9 0x5621efffe1e8 <unknown>\n#10 0x5621effe44c9 <unknown>\n#11 0x5621efffedb5 <unknown>\n#12 0x5621effcbe93 <unknown>\n#13 0x5621f0021098 <unknown>\n#14 0x5621f0021273 <unknown>\n#15 0x5621f00332c3 <unknown>\n#16 0x7f09be09caa4 <unknown>\n#17 0x7f09be129c6c <unknown>","time":{"start":1763644199709,"stop":1763644210024,"duration":10315}},{"uid":"193f0bb874b82e5f","reportUrl":"https://Brain-up.github.io/auto-tests-python/753/#testresult/193f0bb874b82e5f","status":"passed","statusDetails":"XPASS","time":{"start":1763553411635,"stop":1763553439661,"duration":28026}}]},"tags":["@pytest.mark.xfail"]},"source":"ef4b7428a7c721b5.json","parameterValues":[]}