{"uid":"9b4fb22d0bbb8d48","name":"Check progres-bar and buttons.","fullName":"tests.test_speech_exercises_en.TestCardsEN#test_progress_bar_is_present_en","historyId":"efb827312bdd34b296637645e49b0897","time":{"start":1762772614127,"stop":1762772624484,"duration":10357},"status":"skipped","statusMessage":"XFAIL\n\nselenium.common.exceptions.TimeoutException: Message: Can't find element by locator ('xpath', '//button[@data-test-active-link=\"Words\"]')\nStacktrace:\n#0 0x55fe3d21eaea <unknown>\n#1 0x55fe3cc6acdb <unknown>\n#2 0x55fe3ccbd6c4 <unknown>\n#3 0x55fe3ccbd901 <unknown>\n#4 0x55fe3cd0c8b4 <unknown>\n#5 0x55fe3cd09c87 <unknown>\n#6 0x55fe3ccafaca <unknown>\n#7 0x55fe3ccb07d1 <unknown>\n#8 0x55fe3d1e5ab9 <unknown>\n#9 0x55fe3d1e8a8c <unknown>\n#10 0x55fe3d1ced49 <unknown>\n#11 0x55fe3d1e9685 <unknown>\n#12 0x55fe3d1b66c3 <unknown>\n#13 0x55fe3d20b7d8 <unknown>\n#14 0x55fe3d20b9b3 <unknown>\n#15 0x55fe3d21da83 <unknown>\n#16 0x7f3a25e9caa4 <unknown>\n#17 0x7f3a25f29c6c <unknown>","statusTrace":"self = <tests.test_speech_exercises_en.TestCardsEN object at 0x7fca4a52f260>\ndriver = <selenium.webdriver.chrome.webdriver.WebDriver (session=\"8b737d758253a10345ef323b7f4889b3\")>\nspecialist_user_authorized = None\n\n    @pytest.mark.xfail\n    @allure.suite(\"Speech exercises EN.\")\n    @allure.title('Check progres-bar and buttons.')\n    def test_progress_bar_is_present_en(self, driver, specialist_user_authorized):\n        page = SpeechExercisesPage(driver)\n>       page.select_group(SpeechExercisesPageLocators.WORDS_BUTTON_EN)\n\ntests/test_speech_exercises_en.py:34: \n_ _ _ _ _ _ _ _ _ _ _ _ _ _ _ _ _ _ _ _ _ _ _ _ _ _ _ _ _ _ _ _ _ _ _ _ _ _ _ _ \npages/speech_exercises_page_en.py:18: in select_group\n    text_of_the_button = self.element_is_present_and_clickable(selector_for_sub_group)\npages/base_page.py:40: in element_is_present_and_clickable\n    return (Wait(self.driver, self.timeout).until(\n_ _ _ _ _ _ _ _ _ _ _ _ _ _ _ _ _ _ _ _ _ _ _ _ _ _ _ _ _ _ _ _ _ _ _ _ _ _ _ _ \n\nself = <selenium.webdriver.support.wait.WebDriverWait (session=\"8b737d758253a10345ef323b7f4889b3\")>\nmethod = <function visibility_of_element_located.<locals>._predicate at 0x7fca4a2ee480>\nmessage = 'Can\\'t find element by locator (\\'xpath\\', \\'//button[@data-test-active-link=\"Words\"]\\')'\n\n    def until(self, method, message: str = \"\"):\n        \"\"\"Calls the method provided with the driver as an argument until the \\\n        return value does not evaluate to ``False``.\n    \n        :param method: callable(WebDriver)\n        :param message: optional message for :exc:`TimeoutException`\n        :returns: the result of the last call to `method`\n        :raises: :exc:`selenium.common.exceptions.TimeoutException` if timeout occurs\n        \"\"\"\n        screen = None\n        stacktrace = None\n    \n        end_time = time.monotonic() + self._timeout\n        while True:\n            try:\n                value = method(self._driver)\n                if value:\n                    return value\n            except self._ignored_exceptions as exc:\n                screen = getattr(exc, \"screen\", None)\n                stacktrace = getattr(exc, \"stacktrace\", None)\n            time.sleep(self._poll)\n            if time.monotonic() > end_time:\n                break\n>       raise TimeoutException(message, screen, stacktrace)\nE       selenium.common.exceptions.TimeoutException: Message: Can't find element by locator ('xpath', '//button[@data-test-active-link=\"Words\"]')\nE       Stacktrace:\nE       #0 0x55fe3d21eaea <unknown>\nE       #1 0x55fe3cc6acdb <unknown>\nE       #2 0x55fe3ccbd6c4 <unknown>\nE       #3 0x55fe3ccbd901 <unknown>\nE       #4 0x55fe3cd0c8b4 <unknown>\nE       #5 0x55fe3cd09c87 <unknown>\nE       #6 0x55fe3ccafaca <unknown>\nE       #7 0x55fe3ccb07d1 <unknown>\nE       #8 0x55fe3d1e5ab9 <unknown>\nE       #9 0x55fe3d1e8a8c <unknown>\nE       #10 0x55fe3d1ced49 <unknown>\nE       #11 0x55fe3d1e9685 <unknown>\nE       #12 0x55fe3d1b66c3 <unknown>\nE       #13 0x55fe3d20b7d8 <unknown>\nE       #14 0x55fe3d20b9b3 <unknown>\nE       #15 0x55fe3d21da83 <unknown>\nE       #16 0x7f3a25e9caa4 <unknown>\nE       #17 0x7f3a25f29c6c <unknown>\n\n/opt/hostedtoolcache/Python/3.12.12/x64/lib/python3.12/site-packages/selenium/webdriver/support/wait.py:95: TimeoutException","flaky":false,"newFailed":false,"newBroken":false,"newPassed":false,"retriesCount":0,"retriesStatusChange":false,"beforeStages":[{"name":"clear_allure_results_folder","time":{"start":1762771406056,"stop":1762771406057,"duration":1},"status":"passed","steps":[],"attachments":[],"parameters":[],"stepsCount":0,"shouldDisplayMessage":false,"attachmentsCount":0,"hasContent":false,"attachmentStep":false},{"name":"driver","time":{"start":1762772607186,"stop":1762772607947,"duration":761},"status":"passed","steps":[],"attachments":[],"parameters":[],"stepsCount":0,"shouldDisplayMessage":false,"attachmentsCount":0,"hasContent":false,"attachmentStep":false},{"name":"main_page_open","time":{"start":1762772607947,"stop":1762772611652,"duration":3705},"status":"passed","steps":[{"name":"Open page: https://www.brainup.site/","time":{"start":1762772607947,"stop":1762772611652,"duration":3705},"status":"passed","steps":[],"attachments":[],"parameters":[{"name":"driver","value":"<selenium.webdriver.chrome.webdriver.WebDriver (session=\"8b737d758253a10345ef323b7f4889b3\")>"}],"stepsCount":0,"shouldDisplayMessage":false,"attachmentsCount":0,"hasContent":true,"attachmentStep":false}],"attachments":[],"parameters":[],"stepsCount":1,"shouldDisplayMessage":false,"attachmentsCount":0,"hasContent":true,"attachmentStep":false},{"name":"specialist_user_authorized","time":{"start":1762772611652,"stop":1762772614127,"duration":2475},"status":"passed","steps":[{"name":"USER specialist authorized","time":{"start":1762772611652,"stop":1762772614127,"duration":2475},"status":"passed","steps":[{"name":"Check url is present: https://www.brainup.site/groups","time":{"start":1762772612081,"stop":1762772614100,"duration":2019},"status":"passed","steps":[],"attachments":[],"parameters":[],"stepsCount":0,"shouldDisplayMessage":false,"attachmentsCount":0,"hasContent":false,"attachmentStep":false},{"name":"Loader checking","time":{"start":1762772614100,"stop":1762772614127,"duration":27},"status":"passed","steps":[],"attachments":[],"parameters":[],"stepsCount":0,"shouldDisplayMessage":false,"attachmentsCount":0,"hasContent":false,"attachmentStep":false}],"attachments":[],"parameters":[{"name":"driver","value":"<selenium.webdriver.chrome.webdriver.WebDriver (session=\"8b737d758253a10345ef323b7f4889b3\")>"},{"name":"main_page_open","value":"None"}],"stepsCount":2,"shouldDisplayMessage":false,"attachmentsCount":0,"hasContent":true,"attachmentStep":false}],"attachments":[],"parameters":[],"stepsCount":3,"shouldDisplayMessage":false,"attachmentsCount":0,"hasContent":true,"attachmentStep":false}],"testStage":{"status":"skipped","statusMessage":"XFAIL\n\nselenium.common.exceptions.TimeoutException: Message: Can't find element by locator ('xpath', '//button[@data-test-active-link=\"Words\"]')\nStacktrace:\n#0 0x55fe3d21eaea <unknown>\n#1 0x55fe3cc6acdb <unknown>\n#2 0x55fe3ccbd6c4 <unknown>\n#3 0x55fe3ccbd901 <unknown>\n#4 0x55fe3cd0c8b4 <unknown>\n#5 0x55fe3cd09c87 <unknown>\n#6 0x55fe3ccafaca <unknown>\n#7 0x55fe3ccb07d1 <unknown>\n#8 0x55fe3d1e5ab9 <unknown>\n#9 0x55fe3d1e8a8c <unknown>\n#10 0x55fe3d1ced49 <unknown>\n#11 0x55fe3d1e9685 <unknown>\n#12 0x55fe3d1b66c3 <unknown>\n#13 0x55fe3d20b7d8 <unknown>\n#14 0x55fe3d20b9b3 <unknown>\n#15 0x55fe3d21da83 <unknown>\n#16 0x7f3a25e9caa4 <unknown>\n#17 0x7f3a25f29c6c <unknown>","statusTrace":"self = <tests.test_speech_exercises_en.TestCardsEN object at 0x7fca4a52f260>\ndriver = <selenium.webdriver.chrome.webdriver.WebDriver (session=\"8b737d758253a10345ef323b7f4889b3\")>\nspecialist_user_authorized = None\n\n    @pytest.mark.xfail\n    @allure.suite(\"Speech exercises EN.\")\n    @allure.title('Check progres-bar and buttons.')\n    def test_progress_bar_is_present_en(self, driver, specialist_user_authorized):\n        page = SpeechExercisesPage(driver)\n>       page.select_group(SpeechExercisesPageLocators.WORDS_BUTTON_EN)\n\ntests/test_speech_exercises_en.py:34: \n_ _ _ _ _ _ _ _ _ _ _ _ _ _ _ _ _ _ _ _ _ _ _ _ _ _ _ _ _ _ _ _ _ _ _ _ _ _ _ _ \npages/speech_exercises_page_en.py:18: in select_group\n    text_of_the_button = self.element_is_present_and_clickable(selector_for_sub_group)\npages/base_page.py:40: in element_is_present_and_clickable\n    return (Wait(self.driver, self.timeout).until(\n_ _ _ _ _ _ _ _ _ _ _ _ _ _ _ _ _ _ _ _ _ _ _ _ _ _ _ _ _ _ _ _ _ _ _ _ _ _ _ _ \n\nself = <selenium.webdriver.support.wait.WebDriverWait (session=\"8b737d758253a10345ef323b7f4889b3\")>\nmethod = <function visibility_of_element_located.<locals>._predicate at 0x7fca4a2ee480>\nmessage = 'Can\\'t find element by locator (\\'xpath\\', \\'//button[@data-test-active-link=\"Words\"]\\')'\n\n    def until(self, method, message: str = \"\"):\n        \"\"\"Calls the method provided with the driver as an argument until the \\\n        return value does not evaluate to ``False``.\n    \n        :param method: callable(WebDriver)\n        :param message: optional message for :exc:`TimeoutException`\n        :returns: the result of the last call to `method`\n        :raises: :exc:`selenium.common.exceptions.TimeoutException` if timeout occurs\n        \"\"\"\n        screen = None\n        stacktrace = None\n    \n        end_time = time.monotonic() + self._timeout\n        while True:\n            try:\n                value = method(self._driver)\n                if value:\n                    return value\n            except self._ignored_exceptions as exc:\n                screen = getattr(exc, \"screen\", None)\n                stacktrace = getattr(exc, \"stacktrace\", None)\n            time.sleep(self._poll)\n            if time.monotonic() > end_time:\n                break\n>       raise TimeoutException(message, screen, stacktrace)\nE       selenium.common.exceptions.TimeoutException: Message: Can't find element by locator ('xpath', '//button[@data-test-active-link=\"Words\"]')\nE       Stacktrace:\nE       #0 0x55fe3d21eaea <unknown>\nE       #1 0x55fe3cc6acdb <unknown>\nE       #2 0x55fe3ccbd6c4 <unknown>\nE       #3 0x55fe3ccbd901 <unknown>\nE       #4 0x55fe3cd0c8b4 <unknown>\nE       #5 0x55fe3cd09c87 <unknown>\nE       #6 0x55fe3ccafaca <unknown>\nE       #7 0x55fe3ccb07d1 <unknown>\nE       #8 0x55fe3d1e5ab9 <unknown>\nE       #9 0x55fe3d1e8a8c <unknown>\nE       #10 0x55fe3d1ced49 <unknown>\nE       #11 0x55fe3d1e9685 <unknown>\nE       #12 0x55fe3d1b66c3 <unknown>\nE       #13 0x55fe3d20b7d8 <unknown>\nE       #14 0x55fe3d20b9b3 <unknown>\nE       #15 0x55fe3d21da83 <unknown>\nE       #16 0x7f3a25e9caa4 <unknown>\nE       #17 0x7f3a25f29c6c <unknown>\n\n/opt/hostedtoolcache/Python/3.12.12/x64/lib/python3.12/site-packages/selenium/webdriver/support/wait.py:95: TimeoutException","steps":[{"name":"select_group","time":{"start":1762772614128,"stop":1762772624483,"duration":10355},"status":"broken","statusMessage":"selenium.common.exceptions.TimeoutException: Message: Can't find element by locator ('xpath', '//button[@data-test-active-link=\"Words\"]')\nStacktrace:\n#0 0x55fe3d21eaea <unknown>\n#1 0x55fe3cc6acdb <unknown>\n#2 0x55fe3ccbd6c4 <unknown>\n#3 0x55fe3ccbd901 <unknown>\n#4 0x55fe3cd0c8b4 <unknown>\n#5 0x55fe3cd09c87 <unknown>\n#6 0x55fe3ccafaca <unknown>\n#7 0x55fe3ccb07d1 <unknown>\n#8 0x55fe3d1e5ab9 <unknown>\n#9 0x55fe3d1e8a8c <unknown>\n#10 0x55fe3d1ced49 <unknown>\n#11 0x55fe3d1e9685 <unknown>\n#12 0x55fe3d1b66c3 <unknown>\n#13 0x55fe3d20b7d8 <unknown>\n#14 0x55fe3d20b9b3 <unknown>\n#15 0x55fe3d21da83 <unknown>\n#16 0x7f3a25e9caa4 <unknown>\n#17 0x7f3a25f29c6c <unknown>\n\n","statusTrace":"  File \"/opt/hostedtoolcache/Python/3.12.12/x64/lib/python3.12/site-packages/allure_commons/_allure.py\", line 192, in impl\n    return func(*a, **kw)\n           ^^^^^^^^^^^^^^\n  File \"/home/runner/work/auto-tests-python/auto-tests-python/pages/speech_exercises_page_en.py\", line 18, in select_group\n    text_of_the_button = self.element_is_present_and_clickable(selector_for_sub_group)\n                         ^^^^^^^^^^^^^^^^^^^^^^^^^^^^^^^^^^^^^^^^^^^^^^^^^^^^^^^^^^^^^\n  File \"/home/runner/work/auto-tests-python/auto-tests-python/pages/base_page.py\", line 40, in element_is_present_and_clickable\n    return (Wait(self.driver, self.timeout).until(\n            ^^^^^^^^^^^^^^^^^^^^^^^^^^^^^^^^^^^^^^\n  File \"/opt/hostedtoolcache/Python/3.12.12/x64/lib/python3.12/site-packages/selenium/webdriver/support/wait.py\", line 95, in until\n    raise TimeoutException(message, screen, stacktrace)\n","steps":[{"name":"Select Russian language. Click \"EN\" button.","time":{"start":1762772614128,"stop":1762772614207,"duration":79},"status":"passed","steps":[],"attachments":[],"parameters":[],"stepsCount":0,"shouldDisplayMessage":false,"attachmentsCount":0,"hasContent":false,"attachmentStep":false},{"name":"Click button \"SPEECH EXERCISES\".","time":{"start":1762772614207,"stop":1762772614288,"duration":81},"status":"passed","steps":[],"attachments":[],"parameters":[],"stepsCount":0,"shouldDisplayMessage":false,"attachmentsCount":0,"hasContent":false,"attachmentStep":false}],"attachments":[],"parameters":[{"name":"selector_for_sub_group","value":"('xpath', '//button[@data-test-active-link=\"Words\"]')"}],"stepsCount":2,"shouldDisplayMessage":true,"attachmentsCount":0,"hasContent":true,"attachmentStep":false}],"attachments":[],"parameters":[],"stepsCount":3,"shouldDisplayMessage":true,"attachmentsCount":0,"hasContent":true,"attachmentStep":false},"afterStages":[{"name":"driver::0","time":{"start":1762772624494,"stop":1762772624563,"duration":69},"status":"passed","steps":[],"attachments":[],"parameters":[],"stepsCount":0,"shouldDisplayMessage":false,"attachmentsCount":0,"hasContent":false,"attachmentStep":false}],"labels":[{"name":"epic","value":"Speech exercises."},{"name":"suite","value":"Speech exercises EN."},{"name":"tag","value":"@pytest.mark.xfail"},{"name":"parentSuite","value":"tests"},{"name":"subSuite","value":"TestCardsEN"},{"name":"host","value":"runnervmw9dnm"},{"name":"thread","value":"2568-MainThread"},{"name":"framework","value":"pytest"},{"name":"language","value":"cpython3"},{"name":"package","value":"tests.test_speech_exercises_en"},{"name":"resultFormat","value":"allure2"}],"parameters":[],"links":[],"hidden":false,"retry":false,"extra":{"severity":"normal","retries":[],"categories":[],"history":{"statistic":{"failed":0,"broken":0,"skipped":10,"passed":0,"unknown":0,"total":10},"items":[{"uid":"44fdf693d95c4daa","reportUrl":"https://Brain-up.github.io/auto-tests-python/743/#testresult/44fdf693d95c4daa","status":"skipped","statusDetails":"XFAIL\n\nselenium.common.exceptions.TimeoutException: Message: Can't find element by locator ('xpath', '//button[@data-test-active-link=\"Words\"]')\nStacktrace:\n#0 0x557b657b2aea <unknown>\n#1 0x557b651fecdb <unknown>\n#2 0x557b652516c4 <unknown>\n#3 0x557b65251901 <unknown>\n#4 0x557b652a08b4 <unknown>\n#5 0x557b6529dc87 <unknown>\n#6 0x557b65243aca <unknown>\n#7 0x557b652447d1 <unknown>\n#8 0x557b65779ab9 <unknown>\n#9 0x557b6577ca8c <unknown>\n#10 0x557b65762d49 <unknown>\n#11 0x557b6577d685 <unknown>\n#12 0x557b6574a6c3 <unknown>\n#13 0x557b6579f7d8 <unknown>\n#14 0x557b6579f9b3 <unknown>\n#15 0x557b657b1a83 <unknown>\n#16 0x7f37cc49caa4 <unknown>\n#17 0x7f37cc529c6c <unknown>","time":{"start":1762680321478,"stop":1762680331823,"duration":10345}},{"uid":"8e20f384580298fd","reportUrl":"https://Brain-up.github.io/auto-tests-python/742/#testresult/8e20f384580298fd","status":"skipped","statusDetails":"XFAIL\n\nselenium.common.exceptions.TimeoutException: Message: Can't find element by locator ('xpath', '//button[@data-test-active-link=\"Words\"]')\nStacktrace:\n#0 0x562f4d247aea <unknown>\n#1 0x562f4cc93cdb <unknown>\n#2 0x562f4cce66c4 <unknown>\n#3 0x562f4cce6901 <unknown>\n#4 0x562f4cd358b4 <unknown>\n#5 0x562f4cd32c87 <unknown>\n#6 0x562f4ccd8aca <unknown>\n#7 0x562f4ccd97d1 <unknown>\n#8 0x562f4d20eab9 <unknown>\n#9 0x562f4d211a8c <unknown>\n#10 0x562f4d1f7d49 <unknown>\n#11 0x562f4d212685 <unknown>\n#12 0x562f4d1df6c3 <unknown>\n#13 0x562f4d2347d8 <unknown>\n#14 0x562f4d2349b3 <unknown>\n#15 0x562f4d246a83 <unknown>\n#16 0x7fd90e29caa4 <unknown>\n#17 0x7fd90e329c6c <unknown>","time":{"start":1762597116978,"stop":1762597127343,"duration":10365}},{"uid":"31d85b5e40770265","reportUrl":"https://Brain-up.github.io/auto-tests-python/741/#testresult/31d85b5e40770265","status":"skipped","statusDetails":"XFAIL\n\nselenium.common.exceptions.TimeoutException: Message: Can't find element by locator ('xpath', '//button[@data-test-active-link=\"Words\"]')\nStacktrace:\n#0 0x55b6aeda9aea <unknown>\n#1 0x55b6ae7f5cdb <unknown>\n#2 0x55b6ae8486c4 <unknown>\n#3 0x55b6ae848901 <unknown>\n#4 0x55b6ae8978b4 <unknown>\n#5 0x55b6ae894c87 <unknown>\n#6 0x55b6ae83aaca <unknown>\n#7 0x55b6ae83b7d1 <unknown>\n#8 0x55b6aed70ab9 <unknown>\n#9 0x55b6aed73a8c <unknown>\n#10 0x55b6aed59d49 <unknown>\n#11 0x55b6aed74685 <unknown>\n#12 0x55b6aed416c3 <unknown>\n#13 0x55b6aed967d8 <unknown>\n#14 0x55b6aed969b3 <unknown>\n#15 0x55b6aeda8a83 <unknown>\n#16 0x7f552e89caa4 <unknown>\n#17 0x7f552e929c6c <unknown>","time":{"start":1762513234129,"stop":1762513244513,"duration":10384}},{"uid":"e6f6f1e3eb9308c2","reportUrl":"https://Brain-up.github.io/auto-tests-python/740/#testresult/e6f6f1e3eb9308c2","status":"skipped","statusDetails":"XFAIL\n\nselenium.common.exceptions.TimeoutException: Message: Can't find element by locator ('xpath', '//button[@data-test-active-link=\"Words\"]')\nStacktrace:\n#0 0x56216d1afaea <unknown>\n#1 0x56216cbfbcdb <unknown>\n#2 0x56216cc4e6c4 <unknown>\n#3 0x56216cc4e901 <unknown>\n#4 0x56216cc9d8b4 <unknown>\n#5 0x56216cc9ac87 <unknown>\n#6 0x56216cc40aca <unknown>\n#7 0x56216cc417d1 <unknown>\n#8 0x56216d176ab9 <unknown>\n#9 0x56216d179a8c <unknown>\n#10 0x56216d15fd49 <unknown>\n#11 0x56216d17a685 <unknown>\n#12 0x56216d1476c3 <unknown>\n#13 0x56216d19c7d8 <unknown>\n#14 0x56216d19c9b3 <unknown>\n#15 0x56216d1aea83 <unknown>\n#16 0x7fd4fd29caa4 <unknown>\n#17 0x7fd4fd329c6c <unknown>","time":{"start":1762426554940,"stop":1762426565327,"duration":10387}},{"uid":"8fe62b992cbf4c92","reportUrl":"https://Brain-up.github.io/auto-tests-python/739/#testresult/8fe62b992cbf4c92","status":"skipped","statusDetails":"XFAIL\n\nselenium.common.exceptions.TimeoutException: Message: Can't find element by locator ('xpath', '//button[@data-test-active-link=\"Words\"]')\nStacktrace:\n#0 0x55de03679aea <unknown>\n#1 0x55de030c5cdb <unknown>\n#2 0x55de031186c4 <unknown>\n#3 0x55de03118901 <unknown>\n#4 0x55de031678b4 <unknown>\n#5 0x55de03164c87 <unknown>\n#6 0x55de0310aaca <unknown>\n#7 0x55de0310b7d1 <unknown>\n#8 0x55de03640ab9 <unknown>\n#9 0x55de03643a8c <unknown>\n#10 0x55de03629d49 <unknown>\n#11 0x55de03644685 <unknown>\n#12 0x55de036116c3 <unknown>\n#13 0x55de036667d8 <unknown>\n#14 0x55de036669b3 <unknown>\n#15 0x55de03678a83 <unknown>\n#16 0x7f6aa4e9caa4 <unknown>\n#17 0x7f6aa4f29c6c <unknown>","time":{"start":1762340951437,"stop":1762340961784,"duration":10347}},{"uid":"cd48b81cefab8e26","reportUrl":"https://Brain-up.github.io/auto-tests-python/738/#testresult/cd48b81cefab8e26","status":"skipped","statusDetails":"XFAIL\n\nselenium.common.exceptions.TimeoutException: Message: Can't find element by locator ('xpath', '//button[@data-test-active-link=\"Words\"]')\nStacktrace:\n#0 0x5654e4052aea <unknown>\n#1 0x5654e3a9ecdb <unknown>\n#2 0x5654e3af16c4 <unknown>\n#3 0x5654e3af1901 <unknown>\n#4 0x5654e3b408b4 <unknown>\n#5 0x5654e3b3dc87 <unknown>\n#6 0x5654e3ae3aca <unknown>\n#7 0x5654e3ae47d1 <unknown>\n#8 0x5654e4019ab9 <unknown>\n#9 0x5654e401ca8c <unknown>\n#10 0x5654e4002d49 <unknown>\n#11 0x5654e401d685 <unknown>\n#12 0x5654e3fea6c3 <unknown>\n#13 0x5654e403f7d8 <unknown>\n#14 0x5654e403f9b3 <unknown>\n#15 0x5654e4051a83 <unknown>\n#16 0x7f6de509caa4 <unknown>\n#17 0x7f6de5129c6c <unknown>","time":{"start":1762337998026,"stop":1762338008371,"duration":10345}},{"uid":"5ef95f53b078bb89","reportUrl":"https://Brain-up.github.io/auto-tests-python/737/#testresult/5ef95f53b078bb89","status":"skipped","statusDetails":"XFAIL\n\nselenium.common.exceptions.TimeoutException: Message: Can't find element by locator ('xpath', '//button[@data-test-active-link=\"Words\"]')\nStacktrace:\n#0 0x5630bc3feaea <unknown>\n#1 0x5630bbe4acdb <unknown>\n#2 0x5630bbe9d6c4 <unknown>\n#3 0x5630bbe9d901 <unknown>\n#4 0x5630bbeec8b4 <unknown>\n#5 0x5630bbee9c87 <unknown>\n#6 0x5630bbe8faca <unknown>\n#7 0x5630bbe907d1 <unknown>\n#8 0x5630bc3c5ab9 <unknown>\n#9 0x5630bc3c8a8c <unknown>\n#10 0x5630bc3aed49 <unknown>\n#11 0x5630bc3c9685 <unknown>\n#12 0x5630bc3966c3 <unknown>\n#13 0x5630bc3eb7d8 <unknown>\n#14 0x5630bc3eb9b3 <unknown>\n#15 0x5630bc3fda83 <unknown>\n#16 0x7f1050e9caa4 <unknown>\n#17 0x7f1050f29c6c <unknown>","time":{"start":1762337773128,"stop":1762337783492,"duration":10364}},{"uid":"2f4c68c772c59e90","reportUrl":"https://Brain-up.github.io/auto-tests-python/2/#testresult/2f4c68c772c59e90","status":"skipped","statusDetails":"XFAIL\n\nselenium.common.exceptions.TimeoutException: Message: Can't find element by locator ('xpath', '//button[@data-test-active-link=\"Words\"]')\nStacktrace:\n#0 0x559b5acdcaea <unknown>\n#1 0x559b5a728cdb <unknown>\n#2 0x559b5a77b6c4 <unknown>\n#3 0x559b5a77b901 <unknown>\n#4 0x559b5a7ca8b4 <unknown>\n#5 0x559b5a7c7c87 <unknown>\n#6 0x559b5a76daca <unknown>\n#7 0x559b5a76e7d1 <unknown>\n#8 0x559b5aca3ab9 <unknown>\n#9 0x559b5aca6a8c <unknown>\n#10 0x559b5ac8cd49 <unknown>\n#11 0x559b5aca7685 <unknown>\n#12 0x559b5ac746c3 <unknown>\n#13 0x559b5acc97d8 <unknown>\n#14 0x559b5acc99b3 <unknown>\n#15 0x559b5acdba83 <unknown>\n#16 0x7f74f689caa4 <unknown>\n#17 0x7f74f6929c6c <unknown>","time":{"start":1762337790977,"stop":1762337801431,"duration":10454}},{"uid":"5816191730393e52","reportUrl":"https://Brain-up.github.io/auto-tests-python/736/#testresult/5816191730393e52","status":"skipped","statusDetails":"XFAIL\n\nselenium.common.exceptions.TimeoutException: Message: Can't find element by locator ('xpath', '//button[@data-test-active-link=\"Words\"]')\nStacktrace:\n#0 0x5568db062aea <unknown>\n#1 0x5568daaaecdb <unknown>\n#2 0x5568dab016c4 <unknown>\n#3 0x5568dab01901 <unknown>\n#4 0x5568dab508b4 <unknown>\n#5 0x5568dab4dc87 <unknown>\n#6 0x5568daaf3aca <unknown>\n#7 0x5568daaf47d1 <unknown>\n#8 0x5568db029ab9 <unknown>\n#9 0x5568db02ca8c <unknown>\n#10 0x5568db012d49 <unknown>\n#11 0x5568db02d685 <unknown>\n#12 0x5568daffa6c3 <unknown>\n#13 0x5568db04f7d8 <unknown>\n#14 0x5568db04f9b3 <unknown>\n#15 0x5568db061a83 <unknown>\n#16 0x7f555be9caa4 <unknown>\n#17 0x7f555bf29c6c <unknown>","time":{"start":1762337115238,"stop":1762337125594,"duration":10356}}]},"tags":["@pytest.mark.xfail"]},"source":"9b4fb22d0bbb8d48.json","parameterValues":[]}