{"uid":"2d44a2bec91ff1b1","name":"Verify href, status code of the 'All Team' link","fullName":"tests.contributors_page_test.TestContributorsPageLinks#test_cnp_03_02_verify_all_team_link","historyId":"2513d614bdf55f80776a06878d6c6d12","time":{"start":1764328293182,"stop":1764328293182,"duration":0},"status":"broken","statusMessage":"selenium.common.exceptions.TimeoutException: Message: Can't find element by locator ('tag name', 'h2')\nStacktrace:\n#0 0x56343ba1932a <unknown>\n#1 0x56343b465e4b <unknown>\n#2 0x56343b4b882b <unknown>\n#3 0x56343b4b8a61 <unknown>\n#4 0x56343b507a44 <unknown>\n#5 0x56343b504df7 <unknown>\n#6 0x56343b4aac1a <unknown>\n#7 0x56343b4ab921 <unknown>\n#8 0x56343b9e0239 <unknown>\n#9 0x56343b9e31e8 <unknown>\n#10 0x56343b9c94c9 <unknown>\n#11 0x56343b9e3db5 <unknown>\n#12 0x56343b9b0e93 <unknown>\n#13 0x56343ba06098 <unknown>\n#14 0x56343ba06273 <unknown>\n#15 0x56343ba182c3 <unknown>\n#16 0x7fac1389caa4 <unknown>\n#17 0x7fac13929c6c <unknown>","statusTrace":"driver = <selenium.webdriver.chrome.webdriver.WebDriver (session=\"c39bcb5847cd76afcac3221c0fc0d070\")>\n\n    @pytest.fixture()\n    @allure.step(f'Open page: {MainPageLinks.URL_CONTRIBUTORS_PAGE}')\n    def contributors_page_open(driver):\n        driver.get(MainPageLinks.URL_CONTRIBUTORS_PAGE)\n        page = ContributorsPage(driver)\n>       page.element_is_present(ContributorsPageLocators.PAGE_TITLE)\n\ntests/conftest.py:40: \n_ _ _ _ _ _ _ _ _ _ _ _ _ _ _ _ _ _ _ _ _ _ _ _ _ _ _ _ _ _ _ _ _ _ _ _ _ _ _ _ \npages/base_page.py:32: in element_is_present\n    return Wait(self.driver, self.timeout).until(\n_ _ _ _ _ _ _ _ _ _ _ _ _ _ _ _ _ _ _ _ _ _ _ _ _ _ _ _ _ _ _ _ _ _ _ _ _ _ _ _ \n\nself = <selenium.webdriver.support.wait.WebDriverWait (session=\"c39bcb5847cd76afcac3221c0fc0d070\")>\nmethod = <function presence_of_element_located.<locals>._predicate at 0x7f0f10411440>\nmessage = \"Can't find element by locator ('tag name', 'h2')\"\n\n    def until(self, method, message: str = \"\"):\n        \"\"\"Calls the method provided with the driver as an argument until the \\\n        return value does not evaluate to ``False``.\n    \n        :param method: callable(WebDriver)\n        :param message: optional message for :exc:`TimeoutException`\n        :returns: the result of the last call to `method`\n        :raises: :exc:`selenium.common.exceptions.TimeoutException` if timeout occurs\n        \"\"\"\n        screen = None\n        stacktrace = None\n    \n        end_time = time.monotonic() + self._timeout\n        while True:\n            try:\n                value = method(self._driver)\n                if value:\n                    return value\n            except self._ignored_exceptions as exc:\n                screen = getattr(exc, \"screen\", None)\n                stacktrace = getattr(exc, \"stacktrace\", None)\n            time.sleep(self._poll)\n            if time.monotonic() > end_time:\n                break\n>       raise TimeoutException(message, screen, stacktrace)\nE       selenium.common.exceptions.TimeoutException: Message: Can't find element by locator ('tag name', 'h2')\nE       Stacktrace:\nE       #0 0x56343ba1932a <unknown>\nE       #1 0x56343b465e4b <unknown>\nE       #2 0x56343b4b882b <unknown>\nE       #3 0x56343b4b8a61 <unknown>\nE       #4 0x56343b507a44 <unknown>\nE       #5 0x56343b504df7 <unknown>\nE       #6 0x56343b4aac1a <unknown>\nE       #7 0x56343b4ab921 <unknown>\nE       #8 0x56343b9e0239 <unknown>\nE       #9 0x56343b9e31e8 <unknown>\nE       #10 0x56343b9c94c9 <unknown>\nE       #11 0x56343b9e3db5 <unknown>\nE       #12 0x56343b9b0e93 <unknown>\nE       #13 0x56343ba06098 <unknown>\nE       #14 0x56343ba06273 <unknown>\nE       #15 0x56343ba182c3 <unknown>\nE       #16 0x7fac1389caa4 <unknown>\nE       #17 0x7fac13929c6c <unknown>\n\n/opt/hostedtoolcache/Python/3.12.12/x64/lib/python3.12/site-packages/selenium/webdriver/support/wait.py:95: TimeoutException","flaky":false,"newFailed":false,"newBroken":true,"newPassed":false,"retriesCount":0,"retriesStatusChange":false,"beforeStages":[{"name":"clear_allure_results_folder","time":{"start":1764328190331,"stop":1764328190331,"duration":0},"status":"passed","steps":[],"attachments":[],"parameters":[],"stepsCount":0,"shouldDisplayMessage":false,"attachmentsCount":0,"hasContent":false,"attachmentStep":false},{"name":"driver","time":{"start":1764328293183,"stop":1764328293966,"duration":783},"status":"passed","steps":[],"attachments":[],"parameters":[],"stepsCount":0,"shouldDisplayMessage":false,"attachmentsCount":0,"hasContent":false,"attachmentStep":false},{"name":"contributors_page_open","time":{"start":1764328293967,"stop":1764328306886,"duration":12919},"status":"broken","statusMessage":"selenium.common.exceptions.TimeoutException: Message: Can't find element by locator ('tag name', 'h2')\nStacktrace:\n#0 0x56343ba1932a <unknown>\n#1 0x56343b465e4b <unknown>\n#2 0x56343b4b882b <unknown>\n#3 0x56343b4b8a61 <unknown>\n#4 0x56343b507a44 <unknown>\n#5 0x56343b504df7 <unknown>\n#6 0x56343b4aac1a <unknown>\n#7 0x56343b4ab921 <unknown>\n#8 0x56343b9e0239 <unknown>\n#9 0x56343b9e31e8 <unknown>\n#10 0x56343b9c94c9 <unknown>\n#11 0x56343b9e3db5 <unknown>\n#12 0x56343b9b0e93 <unknown>\n#13 0x56343ba06098 <unknown>\n#14 0x56343ba06273 <unknown>\n#15 0x56343ba182c3 <unknown>\n#16 0x7fac1389caa4 <unknown>\n#17 0x7fac13929c6c <unknown>\n\n","statusTrace":"  File \"/opt/hostedtoolcache/Python/3.12.12/x64/lib/python3.12/site-packages/pluggy/_callers.py\", line 38, in run_old_style_hookwrapper\n    res = yield\n          ^^^^^\n  File \"/opt/hostedtoolcache/Python/3.12.12/x64/lib/python3.12/site-packages/pluggy/_callers.py\", line 139, in _multicall\n    teardown.throw(exception)\n  File \"/opt/hostedtoolcache/Python/3.12.12/x64/lib/python3.12/site-packages/pluggy/_callers.py\", line 53, in run_old_style_hookwrapper\n    return result.get_result()\n           ^^^^^^^^^^^^^^^^^^^\n  File \"/opt/hostedtoolcache/Python/3.12.12/x64/lib/python3.12/site-packages/pluggy/_result.py\", line 103, in get_result\n    raise exc.with_traceback(tb)\n  File \"/opt/hostedtoolcache/Python/3.12.12/x64/lib/python3.12/site-packages/pluggy/_callers.py\", line 38, in run_old_style_hookwrapper\n    res = yield\n          ^^^^^\n  File \"/opt/hostedtoolcache/Python/3.12.12/x64/lib/python3.12/site-packages/pluggy/_callers.py\", line 121, in _multicall\n    res = hook_impl.function(*args)\n          ^^^^^^^^^^^^^^^^^^^^^^^^^\n  File \"/opt/hostedtoolcache/Python/3.12.12/x64/lib/python3.12/site-packages/_pytest/fixtures.py\", line 1123, in pytest_fixture_setup\n    result = call_fixture_func(fixturefunc, request, kwargs)\n             ^^^^^^^^^^^^^^^^^^^^^^^^^^^^^^^^^^^^^^^^^^^^^^^\n  File \"/opt/hostedtoolcache/Python/3.12.12/x64/lib/python3.12/site-packages/_pytest/fixtures.py\", line 902, in call_fixture_func\n    fixture_result = fixturefunc(**kwargs)\n                     ^^^^^^^^^^^^^^^^^^^^^\n  File \"/opt/hostedtoolcache/Python/3.12.12/x64/lib/python3.12/site-packages/allure_commons/_allure.py\", line 192, in impl\n    return func(*a, **kw)\n           ^^^^^^^^^^^^^^\n  File \"/home/runner/work/auto-tests-python/auto-tests-python/tests/conftest.py\", line 40, in contributors_page_open\n    page.element_is_present(ContributorsPageLocators.PAGE_TITLE)\n  File \"/home/runner/work/auto-tests-python/auto-tests-python/pages/base_page.py\", line 32, in element_is_present\n    return Wait(self.driver, self.timeout).until(\n           ^^^^^^^^^^^^^^^^^^^^^^^^^^^^^^^^^^^^^^\n  File \"/opt/hostedtoolcache/Python/3.12.12/x64/lib/python3.12/site-packages/selenium/webdriver/support/wait.py\", line 95, in until\n    raise TimeoutException(message, screen, stacktrace)\n","steps":[{"name":"Open page: https://www.brainup.site/contributors","time":{"start":1764328293967,"stop":1764328306885,"duration":12918},"status":"broken","statusMessage":"selenium.common.exceptions.TimeoutException: Message: Can't find element by locator ('tag name', 'h2')\nStacktrace:\n#0 0x56343ba1932a <unknown>\n#1 0x56343b465e4b <unknown>\n#2 0x56343b4b882b <unknown>\n#3 0x56343b4b8a61 <unknown>\n#4 0x56343b507a44 <unknown>\n#5 0x56343b504df7 <unknown>\n#6 0x56343b4aac1a <unknown>\n#7 0x56343b4ab921 <unknown>\n#8 0x56343b9e0239 <unknown>\n#9 0x56343b9e31e8 <unknown>\n#10 0x56343b9c94c9 <unknown>\n#11 0x56343b9e3db5 <unknown>\n#12 0x56343b9b0e93 <unknown>\n#13 0x56343ba06098 <unknown>\n#14 0x56343ba06273 <unknown>\n#15 0x56343ba182c3 <unknown>\n#16 0x7fac1389caa4 <unknown>\n#17 0x7fac13929c6c <unknown>\n\n","statusTrace":"  File \"/opt/hostedtoolcache/Python/3.12.12/x64/lib/python3.12/site-packages/allure_commons/_allure.py\", line 192, in impl\n    return func(*a, **kw)\n           ^^^^^^^^^^^^^^\n  File \"/home/runner/work/auto-tests-python/auto-tests-python/tests/conftest.py\", line 40, in contributors_page_open\n    page.element_is_present(ContributorsPageLocators.PAGE_TITLE)\n  File \"/home/runner/work/auto-tests-python/auto-tests-python/pages/base_page.py\", line 32, in element_is_present\n    return Wait(self.driver, self.timeout).until(\n           ^^^^^^^^^^^^^^^^^^^^^^^^^^^^^^^^^^^^^^\n  File \"/opt/hostedtoolcache/Python/3.12.12/x64/lib/python3.12/site-packages/selenium/webdriver/support/wait.py\", line 95, in until\n    raise TimeoutException(message, screen, stacktrace)\n","steps":[],"attachments":[],"parameters":[{"name":"driver","value":"<selenium.webdriver.chrome.webdriver.WebDriver (session=\"c39bcb5847cd76afcac3221c0fc0d070\")>"}],"stepsCount":0,"shouldDisplayMessage":true,"attachmentsCount":0,"hasContent":true,"attachmentStep":false}],"attachments":[],"parameters":[],"stepsCount":1,"shouldDisplayMessage":false,"attachmentsCount":0,"hasContent":true,"attachmentStep":false}],"afterStages":[{"name":"driver::0","time":{"start":1764328306928,"stop":1764328306997,"duration":69},"status":"passed","steps":[],"attachments":[],"parameters":[],"stepsCount":0,"shouldDisplayMessage":false,"attachmentsCount":0,"hasContent":false,"attachmentStep":false}],"labels":[{"name":"epic","value":"The Contributors Page"},{"name":"parentSuite","value":"tests"},{"name":"suite","value":"contributors_page_test"},{"name":"subSuite","value":"TestContributorsPage"},{"name":"host","value":"runnervmg1sw1"},{"name":"thread","value":"2664-MainThread"},{"name":"framework","value":"pytest"},{"name":"language","value":"cpython3"},{"name":"package","value":"tests.contributors_page_test"},{"name":"resultFormat","value":"allure2"}],"parameters":[],"links":[],"hidden":false,"retry":false,"extra":{"severity":"normal","retries":[],"categories":[{"name":"Test defects","matchedStatuses":[],"flaky":false}],"history":{"statistic":{"failed":0,"broken":1,"skipped":0,"passed":26,"unknown":0,"total":27},"items":[{"uid":"d06b41efc108a149","reportUrl":"https://Brain-up.github.io/auto-tests-python/760/#testresult/d06b41efc108a149","status":"passed","time":{"start":1764257157791,"stop":1764257158362,"duration":571}},{"uid":"997a56fffec149ea","reportUrl":"https://Brain-up.github.io/auto-tests-python/759/#testresult/997a56fffec149ea","status":"passed","time":{"start":1764068592592,"stop":1764068593293,"duration":701}},{"uid":"8836c52fabeec5ca","reportUrl":"https://Brain-up.github.io/auto-tests-python/758/#testresult/8836c52fabeec5ca","status":"passed","time":{"start":1764010631367,"stop":1764010631895,"duration":528}},{"uid":"1c64e7c9f420b538","reportUrl":"https://Brain-up.github.io/auto-tests-python/757/#testresult/1c64e7c9f420b538","status":"passed","time":{"start":1763903021065,"stop":1763903021751,"duration":686}},{"uid":"3482fece08671499","reportUrl":"https://Brain-up.github.io/auto-tests-python/756/#testresult/3482fece08671499","status":"passed","time":{"start":1763825038674,"stop":1763825039237,"duration":563}},{"uid":"efa38a879f5a2d2","reportUrl":"https://Brain-up.github.io/auto-tests-python/755/#testresult/efa38a879f5a2d2","status":"passed","time":{"start":1763699480242,"stop":1763699481193,"duration":951}},{"uid":"3207e36474664637","reportUrl":"https://Brain-up.github.io/auto-tests-python/754/#testresult/3207e36474664637","status":"passed","time":{"start":1763643014339,"stop":1763643014937,"duration":598}},{"uid":"8c84b55dbaff213d","reportUrl":"https://Brain-up.github.io/auto-tests-python/753/#testresult/8c84b55dbaff213d","status":"passed","time":{"start":1763552344978,"stop":1763552345517,"duration":539}},{"uid":"b9534aee1e5637d6","reportUrl":"https://Brain-up.github.io/auto-tests-python/752/#testresult/b9534aee1e5637d6","status":"passed","time":{"start":1763462891116,"stop":1763462891668,"duration":552}},{"uid":"aef792f08e80d7d9","reportUrl":"https://Brain-up.github.io/auto-tests-python/751/#testresult/aef792f08e80d7d9","status":"passed","time":{"start":1763378772053,"stop":1763378772591,"duration":538}},{"uid":"786fc9664ba03af6","reportUrl":"https://Brain-up.github.io/auto-tests-python/750/#testresult/786fc9664ba03af6","status":"passed","time":{"start":1763295119326,"stop":1763295119887,"duration":561}},{"uid":"a5189aca6fd0929b","reportUrl":"https://Brain-up.github.io/auto-tests-python/749/#testresult/a5189aca6fd0929b","status":"passed","time":{"start":1763198534226,"stop":1763198535189,"duration":963}},{"uid":"e355b22dae99d8fe","reportUrl":"https://Brain-up.github.io/auto-tests-python/748/#testresult/e355b22dae99d8fe","status":"passed","time":{"start":1763119994884,"stop":1763119995486,"duration":602}},{"uid":"2e1d544789111176","reportUrl":"https://Brain-up.github.io/auto-tests-python/747/#testresult/2e1d544789111176","status":"passed","time":{"start":1763038161198,"stop":1763038162004,"duration":806}},{"uid":"36eb918b6aee8d3b","reportUrl":"https://Brain-up.github.io/auto-tests-python/746/#testresult/36eb918b6aee8d3b","status":"passed","time":{"start":1762955185094,"stop":1762955185637,"duration":543}},{"uid":"af70863e5a750e3f","reportUrl":"https://Brain-up.github.io/auto-tests-python/745/#testresult/af70863e5a750e3f","status":"passed","time":{"start":1762850858251,"stop":1762850858824,"duration":573}},{"uid":"d5bc2a4d53b34f1d","reportUrl":"https://Brain-up.github.io/auto-tests-python/744/#testresult/d5bc2a4d53b34f1d","status":"passed","time":{"start":1762771525447,"stop":1762771526214,"duration":767}},{"uid":"416d06bc98a03afd","reportUrl":"https://Brain-up.github.io/auto-tests-python/743/#testresult/416d06bc98a03afd","status":"passed","time":{"start":1762679262014,"stop":1762679262657,"duration":643}},{"uid":"f37b73e2e2dad767","reportUrl":"https://Brain-up.github.io/auto-tests-python/742/#testresult/f37b73e2e2dad767","status":"passed","time":{"start":1762595865035,"stop":1762595865851,"duration":816}},{"uid":"ad155a9ce621b1f9","reportUrl":"https://Brain-up.github.io/auto-tests-python/741/#testresult/ad155a9ce621b1f9","status":"passed","time":{"start":1762512072919,"stop":1762512073668,"duration":749}}]},"tags":[]},"source":"2d44a2bec91ff1b1.json","parameterValues":[]}