{"uid":"6101b4094bdbc3b6","name":"Check statistic table.","fullName":"tests.test_speech_exercises_ru.TestCardsRU#test_get_statistic_data","historyId":"15df626f86a935fbcd917f7ea4002a26","time":{"start":1764329600536,"stop":1764329602404,"duration":1868},"status":"skipped","statusMessage":"XFAIL\n\nselenium.common.exceptions.StaleElementReferenceException: Message: stale element reference: stale element not found in the current frame\n  (Session info: chrome=142.0.7444.162); For documentation on this error, please visit: https://www.selenium.dev/documentation/webdriver/troubleshooting/errors#stale-element-reference-exception\nStacktrace:\n#0 0x5600bd11232a <unknown>\n#1 0x5600bcb5ee4b <unknown>\n#2 0x5600bcb65d06 <unknown>\n#3 0x5600bcb68483 <unknown>\n#4 0x5600bcb68553 <unknown>\n#5 0x5600bcbabd7d <unknown>\n#6 0x5600bcba54d7 <unknown>\n#7 0x5600bcbfddf7 <unknown>\n#8 0x5600bcba3c1a <unknown>\n#9 0x5600bcba4921 <unknown>\n#10 0x5600bd0d9239 <unknown>\n#11 0x5600bd0dc1e8 <unknown>\n#12 0x5600bd0c24c9 <unknown>\n#13 0x5600bd0dcdb5 <unknown>\n#14 0x5600bd0a9e93 <unknown>\n#15 0x5600bd0ff098 <unknown>\n#16 0x5600bd0ff273 <unknown>\n#17 0x5600bd1112c3 <unknown>\n#18 0x7ff75ca9caa4 <unknown>\n#19 0x7ff75cb29c6c <unknown>","statusTrace":"self = <tests.test_speech_exercises_ru.TestCardsRU object at 0x7f0f10336480>\ndriver = <selenium.webdriver.chrome.webdriver.WebDriver (session=\"8ef146dda5436bf8673ac50cf3a2630a\")>\ndefault_user_authorized = None\n\n    @pytest.mark.xfail\n    @allure.suite('Statistic.')\n    @allure.title('Check statistic table.')\n    def test_get_statistic_data(self, driver, default_user_authorized):\n        page = SpeechExercisesPageRU(driver)\n>       table = page.get_statistic_data()\n\ntests/test_speech_exercises_ru.py:192: \n_ _ _ _ _ _ _ _ _ _ _ _ _ _ _ _ _ _ _ _ _ _ _ _ _ _ _ _ _ _ _ _ _ _ _ _ _ _ _ _ \npages/speech_exercises_page_ru.py:179: in get_statistic_data\n    title = [i.text for i in titles]\n/opt/hostedtoolcache/Python/3.12.12/x64/lib/python3.12/site-packages/selenium/webdriver/remote/webelement.py:89: in text\n    return self._execute(Command.GET_ELEMENT_TEXT)[\"value\"]\n/opt/hostedtoolcache/Python/3.12.12/x64/lib/python3.12/site-packages/selenium/webdriver/remote/webelement.py:394: in _execute\n    return self._parent.execute(command, params)\n/opt/hostedtoolcache/Python/3.12.12/x64/lib/python3.12/site-packages/selenium/webdriver/remote/webdriver.py:344: in execute\n    self.error_handler.check_response(response)\n_ _ _ _ _ _ _ _ _ _ _ _ _ _ _ _ _ _ _ _ _ _ _ _ _ _ _ _ _ _ _ _ _ _ _ _ _ _ _ _ \n\nself = <selenium.webdriver.remote.errorhandler.ErrorHandler object at 0x7f0f10329670>\nresponse = {'status': 404, 'value': '{\"value\":{\"error\":\"stale element reference\",\"message\":\"stale element reference: stale elemen...\\\\n#17 0x5600bd1112c3 \\\\u003Cunknown>\\\\n#18 0x7ff75ca9caa4 \\\\u003Cunknown>\\\\n#19 0x7ff75cb29c6c \\\\u003Cunknown>\\\\n\"}}'}\n\n    def check_response(self, response: Dict[str, Any]) -> None:\n        \"\"\"Checks that a JSON response from the WebDriver does not have an\n        error.\n    \n        :Args:\n         - response - The JSON response from the WebDriver server as a dictionary\n           object.\n    \n        :Raises: If the response contains an error message.\n        \"\"\"\n        status = response.get(\"status\", None)\n        if not status or status == ErrorCode.SUCCESS:\n            return\n        value = None\n        message = response.get(\"message\", \"\")\n        screen: str = response.get(\"screen\", \"\")\n        stacktrace = None\n        if isinstance(status, int):\n            value_json = response.get(\"value\", None)\n            if value_json and isinstance(value_json, str):\n                import json\n    \n                try:\n                    value = json.loads(value_json)\n                    if len(value) == 1:\n                        value = value[\"value\"]\n                    status = value.get(\"error\", None)\n                    if not status:\n                        status = value.get(\"status\", ErrorCode.UNKNOWN_ERROR)\n                        message = value.get(\"value\") or value.get(\"message\")\n                        if not isinstance(message, str):\n                            value = message\n                            message = message.get(\"message\")\n                    else:\n                        message = value.get(\"message\", None)\n                except ValueError:\n                    pass\n    \n        exception_class: Type[WebDriverException]\n        e = ErrorCode()\n        error_codes = [item for item in dir(e) if not item.startswith(\"__\")]\n        for error_code in error_codes:\n            error_info = getattr(ErrorCode, error_code)\n            if isinstance(error_info, list) and status in error_info:\n                exception_class = getattr(ExceptionMapping, error_code, WebDriverException)\n                break\n        else:\n            exception_class = WebDriverException\n    \n        if not value:\n            value = response[\"value\"]\n        if isinstance(value, str):\n            raise exception_class(value)\n        if message == \"\" and \"message\" in value:\n            message = value[\"message\"]\n    \n        screen = None  # type: ignore[assignment]\n        if \"screen\" in value:\n            screen = value[\"screen\"]\n    \n        stacktrace = None\n        st_value = value.get(\"stackTrace\") or value.get(\"stacktrace\")\n        if st_value:\n            if isinstance(st_value, str):\n                stacktrace = st_value.split(\"\\n\")\n            else:\n                stacktrace = []\n                try:\n                    for frame in st_value:\n                        line = frame.get(\"lineNumber\", \"\")\n                        file = frame.get(\"fileName\", \"<anonymous>\")\n                        if line:\n                            file = f\"{file}:{line}\"\n                        meth = frame.get(\"methodName\", \"<anonymous>\")\n                        if \"className\" in frame:\n                            meth = f\"{frame['className']}.{meth}\"\n                        msg = \"    at %s (%s)\"\n                        msg = msg % (meth, file)\n                        stacktrace.append(msg)\n                except TypeError:\n                    pass\n        if exception_class == UnexpectedAlertPresentException:\n            alert_text = None\n            if \"data\" in value:\n                alert_text = value[\"data\"].get(\"text\")\n            elif \"alert\" in value:\n                alert_text = value[\"alert\"].get(\"text\")\n            raise exception_class(message, screen, stacktrace, alert_text)  # type: ignore[call-arg]  # mypy is not smart enough here\n>       raise exception_class(message, screen, stacktrace)\nE       selenium.common.exceptions.StaleElementReferenceException: Message: stale element reference: stale element not found in the current frame\nE         (Session info: chrome=142.0.7444.162); For documentation on this error, please visit: https://www.selenium.dev/documentation/webdriver/troubleshooting/errors#stale-element-reference-exception\nE       Stacktrace:\nE       #0 0x5600bd11232a <unknown>\nE       #1 0x5600bcb5ee4b <unknown>\nE       #2 0x5600bcb65d06 <unknown>\nE       #3 0x5600bcb68483 <unknown>\nE       #4 0x5600bcb68553 <unknown>\nE       #5 0x5600bcbabd7d <unknown>\nE       #6 0x5600bcba54d7 <unknown>\nE       #7 0x5600bcbfddf7 <unknown>\nE       #8 0x5600bcba3c1a <unknown>\nE       #9 0x5600bcba4921 <unknown>\nE       #10 0x5600bd0d9239 <unknown>\nE       #11 0x5600bd0dc1e8 <unknown>\nE       #12 0x5600bd0c24c9 <unknown>\nE       #13 0x5600bd0dcdb5 <unknown>\nE       #14 0x5600bd0a9e93 <unknown>\nE       #15 0x5600bd0ff098 <unknown>\nE       #16 0x5600bd0ff273 <unknown>\nE       #17 0x5600bd1112c3 <unknown>\nE       #18 0x7ff75ca9caa4 <unknown>\nE       #19 0x7ff75cb29c6c <unknown>\n\n/opt/hostedtoolcache/Python/3.12.12/x64/lib/python3.12/site-packages/selenium/webdriver/remote/errorhandler.py:229: StaleElementReferenceException","flaky":false,"newFailed":false,"newBroken":false,"newPassed":false,"retriesCount":0,"retriesStatusChange":false,"beforeStages":[{"name":"clear_allure_results_folder","time":{"start":1764328190331,"stop":1764328190331,"duration":0},"status":"passed","steps":[],"attachments":[],"parameters":[],"stepsCount":0,"shouldDisplayMessage":false,"attachmentsCount":0,"hasContent":false,"attachmentStep":false},{"name":"driver","time":{"start":1764329594733,"stop":1764329595497,"duration":764},"status":"passed","steps":[],"attachments":[],"parameters":[],"stepsCount":0,"shouldDisplayMessage":false,"attachmentsCount":0,"hasContent":false,"attachmentStep":false},{"name":"main_page_open","time":{"start":1764329595497,"stop":1764329598109,"duration":2612},"status":"passed","steps":[{"name":"Open page: https://www.brainup.site/","time":{"start":1764329595497,"stop":1764329598109,"duration":2612},"status":"passed","steps":[],"attachments":[],"parameters":[{"name":"driver","value":"<selenium.webdriver.chrome.webdriver.WebDriver (session=\"8ef146dda5436bf8673ac50cf3a2630a\")>"}],"stepsCount":0,"shouldDisplayMessage":false,"attachmentsCount":0,"hasContent":true,"attachmentStep":false}],"attachments":[],"parameters":[],"stepsCount":1,"shouldDisplayMessage":false,"attachmentsCount":0,"hasContent":true,"attachmentStep":false},{"name":"default_user_authorized","time":{"start":1764329598109,"stop":1764329600535,"duration":2426},"status":"passed","steps":[{"name":"DEFAULT user authorized","time":{"start":1764329598109,"stop":1764329600535,"duration":2426},"status":"passed","steps":[{"name":"Check url is present: https://www.brainup.site/groups","time":{"start":1764329598489,"stop":1764329600511,"duration":2022},"status":"passed","steps":[],"attachments":[],"parameters":[],"stepsCount":0,"shouldDisplayMessage":false,"attachmentsCount":0,"hasContent":false,"attachmentStep":false},{"name":"Loader checking","time":{"start":1764329600511,"stop":1764329600535,"duration":24},"status":"passed","steps":[],"attachments":[],"parameters":[],"stepsCount":0,"shouldDisplayMessage":false,"attachmentsCount":0,"hasContent":false,"attachmentStep":false}],"attachments":[],"parameters":[{"name":"driver","value":"<selenium.webdriver.chrome.webdriver.WebDriver (session=\"8ef146dda5436bf8673ac50cf3a2630a\")>"},{"name":"main_page_open","value":"None"}],"stepsCount":2,"shouldDisplayMessage":false,"attachmentsCount":0,"hasContent":true,"attachmentStep":false}],"attachments":[],"parameters":[],"stepsCount":3,"shouldDisplayMessage":false,"attachmentsCount":0,"hasContent":true,"attachmentStep":false}],"testStage":{"status":"skipped","statusMessage":"XFAIL\n\nselenium.common.exceptions.StaleElementReferenceException: Message: stale element reference: stale element not found in the current frame\n  (Session info: chrome=142.0.7444.162); For documentation on this error, please visit: https://www.selenium.dev/documentation/webdriver/troubleshooting/errors#stale-element-reference-exception\nStacktrace:\n#0 0x5600bd11232a <unknown>\n#1 0x5600bcb5ee4b <unknown>\n#2 0x5600bcb65d06 <unknown>\n#3 0x5600bcb68483 <unknown>\n#4 0x5600bcb68553 <unknown>\n#5 0x5600bcbabd7d <unknown>\n#6 0x5600bcba54d7 <unknown>\n#7 0x5600bcbfddf7 <unknown>\n#8 0x5600bcba3c1a <unknown>\n#9 0x5600bcba4921 <unknown>\n#10 0x5600bd0d9239 <unknown>\n#11 0x5600bd0dc1e8 <unknown>\n#12 0x5600bd0c24c9 <unknown>\n#13 0x5600bd0dcdb5 <unknown>\n#14 0x5600bd0a9e93 <unknown>\n#15 0x5600bd0ff098 <unknown>\n#16 0x5600bd0ff273 <unknown>\n#17 0x5600bd1112c3 <unknown>\n#18 0x7ff75ca9caa4 <unknown>\n#19 0x7ff75cb29c6c <unknown>","statusTrace":"self = <tests.test_speech_exercises_ru.TestCardsRU object at 0x7f0f10336480>\ndriver = <selenium.webdriver.chrome.webdriver.WebDriver (session=\"8ef146dda5436bf8673ac50cf3a2630a\")>\ndefault_user_authorized = None\n\n    @pytest.mark.xfail\n    @allure.suite('Statistic.')\n    @allure.title('Check statistic table.')\n    def test_get_statistic_data(self, driver, default_user_authorized):\n        page = SpeechExercisesPageRU(driver)\n>       table = page.get_statistic_data()\n\ntests/test_speech_exercises_ru.py:192: \n_ _ _ _ _ _ _ _ _ _ _ _ _ _ _ _ _ _ _ _ _ _ _ _ _ _ _ _ _ _ _ _ _ _ _ _ _ _ _ _ \npages/speech_exercises_page_ru.py:179: in get_statistic_data\n    title = [i.text for i in titles]\n/opt/hostedtoolcache/Python/3.12.12/x64/lib/python3.12/site-packages/selenium/webdriver/remote/webelement.py:89: in text\n    return self._execute(Command.GET_ELEMENT_TEXT)[\"value\"]\n/opt/hostedtoolcache/Python/3.12.12/x64/lib/python3.12/site-packages/selenium/webdriver/remote/webelement.py:394: in _execute\n    return self._parent.execute(command, params)\n/opt/hostedtoolcache/Python/3.12.12/x64/lib/python3.12/site-packages/selenium/webdriver/remote/webdriver.py:344: in execute\n    self.error_handler.check_response(response)\n_ _ _ _ _ _ _ _ _ _ _ _ _ _ _ _ _ _ _ _ _ _ _ _ _ _ _ _ _ _ _ _ _ _ _ _ _ _ _ _ \n\nself = <selenium.webdriver.remote.errorhandler.ErrorHandler object at 0x7f0f10329670>\nresponse = {'status': 404, 'value': '{\"value\":{\"error\":\"stale element reference\",\"message\":\"stale element reference: stale elemen...\\\\n#17 0x5600bd1112c3 \\\\u003Cunknown>\\\\n#18 0x7ff75ca9caa4 \\\\u003Cunknown>\\\\n#19 0x7ff75cb29c6c \\\\u003Cunknown>\\\\n\"}}'}\n\n    def check_response(self, response: Dict[str, Any]) -> None:\n        \"\"\"Checks that a JSON response from the WebDriver does not have an\n        error.\n    \n        :Args:\n         - response - The JSON response from the WebDriver server as a dictionary\n           object.\n    \n        :Raises: If the response contains an error message.\n        \"\"\"\n        status = response.get(\"status\", None)\n        if not status or status == ErrorCode.SUCCESS:\n            return\n        value = None\n        message = response.get(\"message\", \"\")\n        screen: str = response.get(\"screen\", \"\")\n        stacktrace = None\n        if isinstance(status, int):\n            value_json = response.get(\"value\", None)\n            if value_json and isinstance(value_json, str):\n                import json\n    \n                try:\n                    value = json.loads(value_json)\n                    if len(value) == 1:\n                        value = value[\"value\"]\n                    status = value.get(\"error\", None)\n                    if not status:\n                        status = value.get(\"status\", ErrorCode.UNKNOWN_ERROR)\n                        message = value.get(\"value\") or value.get(\"message\")\n                        if not isinstance(message, str):\n                            value = message\n                            message = message.get(\"message\")\n                    else:\n                        message = value.get(\"message\", None)\n                except ValueError:\n                    pass\n    \n        exception_class: Type[WebDriverException]\n        e = ErrorCode()\n        error_codes = [item for item in dir(e) if not item.startswith(\"__\")]\n        for error_code in error_codes:\n            error_info = getattr(ErrorCode, error_code)\n            if isinstance(error_info, list) and status in error_info:\n                exception_class = getattr(ExceptionMapping, error_code, WebDriverException)\n                break\n        else:\n            exception_class = WebDriverException\n    \n        if not value:\n            value = response[\"value\"]\n        if isinstance(value, str):\n            raise exception_class(value)\n        if message == \"\" and \"message\" in value:\n            message = value[\"message\"]\n    \n        screen = None  # type: ignore[assignment]\n        if \"screen\" in value:\n            screen = value[\"screen\"]\n    \n        stacktrace = None\n        st_value = value.get(\"stackTrace\") or value.get(\"stacktrace\")\n        if st_value:\n            if isinstance(st_value, str):\n                stacktrace = st_value.split(\"\\n\")\n            else:\n                stacktrace = []\n                try:\n                    for frame in st_value:\n                        line = frame.get(\"lineNumber\", \"\")\n                        file = frame.get(\"fileName\", \"<anonymous>\")\n                        if line:\n                            file = f\"{file}:{line}\"\n                        meth = frame.get(\"methodName\", \"<anonymous>\")\n                        if \"className\" in frame:\n                            meth = f\"{frame['className']}.{meth}\"\n                        msg = \"    at %s (%s)\"\n                        msg = msg % (meth, file)\n                        stacktrace.append(msg)\n                except TypeError:\n                    pass\n        if exception_class == UnexpectedAlertPresentException:\n            alert_text = None\n            if \"data\" in value:\n                alert_text = value[\"data\"].get(\"text\")\n            elif \"alert\" in value:\n                alert_text = value[\"alert\"].get(\"text\")\n            raise exception_class(message, screen, stacktrace, alert_text)  # type: ignore[call-arg]  # mypy is not smart enough here\n>       raise exception_class(message, screen, stacktrace)\nE       selenium.common.exceptions.StaleElementReferenceException: Message: stale element reference: stale element not found in the current frame\nE         (Session info: chrome=142.0.7444.162); For documentation on this error, please visit: https://www.selenium.dev/documentation/webdriver/troubleshooting/errors#stale-element-reference-exception\nE       Stacktrace:\nE       #0 0x5600bd11232a <unknown>\nE       #1 0x5600bcb5ee4b <unknown>\nE       #2 0x5600bcb65d06 <unknown>\nE       #3 0x5600bcb68483 <unknown>\nE       #4 0x5600bcb68553 <unknown>\nE       #5 0x5600bcbabd7d <unknown>\nE       #6 0x5600bcba54d7 <unknown>\nE       #7 0x5600bcbfddf7 <unknown>\nE       #8 0x5600bcba3c1a <unknown>\nE       #9 0x5600bcba4921 <unknown>\nE       #10 0x5600bd0d9239 <unknown>\nE       #11 0x5600bd0dc1e8 <unknown>\nE       #12 0x5600bd0c24c9 <unknown>\nE       #13 0x5600bd0dcdb5 <unknown>\nE       #14 0x5600bd0a9e93 <unknown>\nE       #15 0x5600bd0ff098 <unknown>\nE       #16 0x5600bd0ff273 <unknown>\nE       #17 0x5600bd1112c3 <unknown>\nE       #18 0x7ff75ca9caa4 <unknown>\nE       #19 0x7ff75cb29c6c <unknown>\n\n/opt/hostedtoolcache/Python/3.12.12/x64/lib/python3.12/site-packages/selenium/webdriver/remote/errorhandler.py:229: StaleElementReferenceException","steps":[{"name":"get_statistic_data","time":{"start":1764329600536,"stop":1764329602403,"duration":1867},"status":"broken","statusMessage":"selenium.common.exceptions.StaleElementReferenceException: Message: stale element reference: stale element not found in the current frame\n  (Session info: chrome=142.0.7444.162); For documentation on this error, please visit: https://www.selenium.dev/documentation/webdriver/troubleshooting/errors#stale-element-reference-exception\nStacktrace:\n#0 0x5600bd11232a <unknown>\n#1 0x5600bcb5ee4b <unknown>\n#2 0x5600bcb65d06 <unknown>\n#3 0x5600bcb68483 <unknown>\n#4 0x5600bcb68553 <unknown>\n#5 0x5600bcbabd7d <unknown>\n#6 0x5600bcba54d7 <unknown>\n#7 0x5600bcbfddf7 <unknown>\n#8 0x5600bcba3c1a <unknown>\n#9 0x5600bcba4921 <unknown>\n#10 0x5600bd0d9239 <unknown>\n#11 0x5600bd0dc1e8 <unknown>\n#12 0x5600bd0c24c9 <unknown>\n#13 0x5600bd0dcdb5 <unknown>\n#14 0x5600bd0a9e93 <unknown>\n#15 0x5600bd0ff098 <unknown>\n#16 0x5600bd0ff273 <unknown>\n#17 0x5600bd1112c3 <unknown>\n#18 0x7ff75ca9caa4 <unknown>\n#19 0x7ff75cb29c6c <unknown>\n\n","statusTrace":"  File \"/opt/hostedtoolcache/Python/3.12.12/x64/lib/python3.12/site-packages/allure_commons/_allure.py\", line 192, in impl\n    return func(*a, **kw)\n           ^^^^^^^^^^^^^^\n  File \"/home/runner/work/auto-tests-python/auto-tests-python/pages/speech_exercises_page_ru.py\", line 179, in get_statistic_data\n    title = [i.text for i in titles]\n             ^^^^^^\n  File \"/opt/hostedtoolcache/Python/3.12.12/x64/lib/python3.12/site-packages/selenium/webdriver/remote/webelement.py\", line 89, in text\n    return self._execute(Command.GET_ELEMENT_TEXT)[\"value\"]\n           ^^^^^^^^^^^^^^^^^^^^^^^^^^^^^^^^^^^^^^^\n  File \"/opt/hostedtoolcache/Python/3.12.12/x64/lib/python3.12/site-packages/selenium/webdriver/remote/webelement.py\", line 394, in _execute\n    return self._parent.execute(command, params)\n           ^^^^^^^^^^^^^^^^^^^^^^^^^^^^^^^^^^^^^\n  File \"/opt/hostedtoolcache/Python/3.12.12/x64/lib/python3.12/site-packages/selenium/webdriver/remote/webdriver.py\", line 344, in execute\n    self.error_handler.check_response(response)\n  File \"/opt/hostedtoolcache/Python/3.12.12/x64/lib/python3.12/site-packages/selenium/webdriver/remote/errorhandler.py\", line 229, in check_response\n    raise exception_class(message, screen, stacktrace)\n","steps":[{"name":"Click button \"Статистика\"\".","time":{"start":1764329600536,"stop":1764329600649,"duration":113},"status":"passed","steps":[],"attachments":[],"parameters":[],"stepsCount":0,"shouldDisplayMessage":false,"attachmentsCount":0,"hasContent":false,"attachmentStep":false},{"name":"Check statistic table is present and scroll to table","time":{"start":1764329600650,"stop":1764329601694,"duration":1044},"status":"passed","steps":[],"attachments":[],"parameters":[],"stepsCount":0,"shouldDisplayMessage":false,"attachmentsCount":0,"hasContent":false,"attachmentStep":false},{"name":"Get data from the table.","time":{"start":1764329601694,"stop":1764329602403,"duration":709},"status":"broken","statusMessage":"selenium.common.exceptions.StaleElementReferenceException: Message: stale element reference: stale element not found in the current frame\n  (Session info: chrome=142.0.7444.162); For documentation on this error, please visit: https://www.selenium.dev/documentation/webdriver/troubleshooting/errors#stale-element-reference-exception\nStacktrace:\n#0 0x5600bd11232a <unknown>\n#1 0x5600bcb5ee4b <unknown>\n#2 0x5600bcb65d06 <unknown>\n#3 0x5600bcb68483 <unknown>\n#4 0x5600bcb68553 <unknown>\n#5 0x5600bcbabd7d <unknown>\n#6 0x5600bcba54d7 <unknown>\n#7 0x5600bcbfddf7 <unknown>\n#8 0x5600bcba3c1a <unknown>\n#9 0x5600bcba4921 <unknown>\n#10 0x5600bd0d9239 <unknown>\n#11 0x5600bd0dc1e8 <unknown>\n#12 0x5600bd0c24c9 <unknown>\n#13 0x5600bd0dcdb5 <unknown>\n#14 0x5600bd0a9e93 <unknown>\n#15 0x5600bd0ff098 <unknown>\n#16 0x5600bd0ff273 <unknown>\n#17 0x5600bd1112c3 <unknown>\n#18 0x7ff75ca9caa4 <unknown>\n#19 0x7ff75cb29c6c <unknown>\n\n","statusTrace":"  File \"/home/runner/work/auto-tests-python/auto-tests-python/pages/speech_exercises_page_ru.py\", line 179, in get_statistic_data\n    title = [i.text for i in titles]\n             ^^^^^^\n  File \"/opt/hostedtoolcache/Python/3.12.12/x64/lib/python3.12/site-packages/selenium/webdriver/remote/webelement.py\", line 89, in text\n    return self._execute(Command.GET_ELEMENT_TEXT)[\"value\"]\n           ^^^^^^^^^^^^^^^^^^^^^^^^^^^^^^^^^^^^^^^\n  File \"/opt/hostedtoolcache/Python/3.12.12/x64/lib/python3.12/site-packages/selenium/webdriver/remote/webelement.py\", line 394, in _execute\n    return self._parent.execute(command, params)\n           ^^^^^^^^^^^^^^^^^^^^^^^^^^^^^^^^^^^^^\n  File \"/opt/hostedtoolcache/Python/3.12.12/x64/lib/python3.12/site-packages/selenium/webdriver/remote/webdriver.py\", line 344, in execute\n    self.error_handler.check_response(response)\n  File \"/opt/hostedtoolcache/Python/3.12.12/x64/lib/python3.12/site-packages/selenium/webdriver/remote/errorhandler.py\", line 229, in check_response\n    raise exception_class(message, screen, stacktrace)\n","steps":[],"attachments":[],"parameters":[],"stepsCount":0,"shouldDisplayMessage":true,"attachmentsCount":0,"hasContent":true,"attachmentStep":false}],"attachments":[],"parameters":[],"stepsCount":3,"shouldDisplayMessage":false,"attachmentsCount":0,"hasContent":true,"attachmentStep":false}],"attachments":[],"parameters":[],"stepsCount":4,"shouldDisplayMessage":true,"attachmentsCount":0,"hasContent":true,"attachmentStep":false},"afterStages":[{"name":"driver::0","time":{"start":1764329602438,"stop":1764329602502,"duration":64},"status":"passed","steps":[],"attachments":[],"parameters":[],"stepsCount":0,"shouldDisplayMessage":false,"attachmentsCount":0,"hasContent":false,"attachmentStep":false}],"labels":[{"name":"epic","value":"Speech exercises."},{"name":"suite","value":"Statistic."},{"name":"tag","value":"@pytest.mark.xfail"},{"name":"parentSuite","value":"tests"},{"name":"subSuite","value":"TestCardsRU"},{"name":"host","value":"runnervmg1sw1"},{"name":"thread","value":"2664-MainThread"},{"name":"framework","value":"pytest"},{"name":"language","value":"cpython3"},{"name":"package","value":"tests.test_speech_exercises_ru"},{"name":"resultFormat","value":"allure2"}],"parameters":[],"links":[],"hidden":false,"retry":false,"extra":{"severity":"normal","retries":[],"categories":[],"history":{"statistic":{"failed":0,"broken":0,"skipped":23,"passed":4,"unknown":0,"total":27},"items":[{"uid":"477a734b9acbdf0","reportUrl":"https://Brain-up.github.io/auto-tests-python/760/#testresult/477a734b9acbdf0","status":"skipped","statusDetails":"XFAIL\n\nselenium.common.exceptions.TimeoutException: Message: Can't find element by locator ('xpath', '//div[@class=\"__51e19\"]')\nStacktrace:\n#0 0x564af1ea932a <unknown>\n#1 0x564af18f5e4b <unknown>\n#2 0x564af194882b <unknown>\n#3 0x564af1948a61 <unknown>\n#4 0x564af1997a44 <unknown>\n#5 0x564af1994df7 <unknown>\n#6 0x564af193ac1a <unknown>\n#7 0x564af193b921 <unknown>\n#8 0x564af1e70239 <unknown>\n#9 0x564af1e731e8 <unknown>\n#10 0x564af1e594c9 <unknown>\n#11 0x564af1e73db5 <unknown>\n#12 0x564af1e40e93 <unknown>\n#13 0x564af1e96098 <unknown>\n#14 0x564af1e96273 <unknown>\n#15 0x564af1ea82c3 <unknown>\n#16 0x7f9b5909caa4 <unknown>\n#17 0x7f9b59129c6c <unknown>","time":{"start":1764258305429,"stop":1764258315675,"duration":10246}},{"uid":"f2aab12793a3de20","reportUrl":"https://Brain-up.github.io/auto-tests-python/759/#testresult/f2aab12793a3de20","status":"passed","statusDetails":"XPASS","time":{"start":1764069927176,"stop":1764069928573,"duration":1397}},{"uid":"9f0ad2a019311d13","reportUrl":"https://Brain-up.github.io/auto-tests-python/758/#testresult/9f0ad2a019311d13","status":"skipped","statusDetails":"XFAIL\n\nselenium.common.exceptions.TimeoutException: Message: Can't find element by locator ('xpath', '//div[@class=\"__51e19\"]')\nStacktrace:\n#0 0x55b22d14a32a <unknown>\n#1 0x55b22cb96e4b <unknown>\n#2 0x55b22cbe982b <unknown>\n#3 0x55b22cbe9a61 <unknown>\n#4 0x55b22cc38a44 <unknown>\n#5 0x55b22cc35df7 <unknown>\n#6 0x55b22cbdbc1a <unknown>\n#7 0x55b22cbdc921 <unknown>\n#8 0x55b22d111239 <unknown>\n#9 0x55b22d1141e8 <unknown>\n#10 0x55b22d0fa4c9 <unknown>\n#11 0x55b22d114db5 <unknown>\n#12 0x55b22d0e1e93 <unknown>\n#13 0x55b22d137098 <unknown>\n#14 0x55b22d137273 <unknown>\n#15 0x55b22d1492c3 <unknown>\n#16 0x7fa8cf89caa4 <unknown>\n#17 0x7fa8cf929c6c <unknown>","time":{"start":1764011747488,"stop":1764011757812,"duration":10324}},{"uid":"b6e544b80c68d621","reportUrl":"https://Brain-up.github.io/auto-tests-python/757/#testresult/b6e544b80c68d621","status":"skipped","statusDetails":"XFAIL\n\nselenium.common.exceptions.TimeoutException: Message: Can't find element by locator ('xpath', '//div[@class=\"__51e19\"]')\nStacktrace:\n#0 0x55c60d84a32a <unknown>\n#1 0x55c60d296e4b <unknown>\n#2 0x55c60d2e982b <unknown>\n#3 0x55c60d2e9a61 <unknown>\n#4 0x55c60d338a44 <unknown>\n#5 0x55c60d335df7 <unknown>\n#6 0x55c60d2dbc1a <unknown>\n#7 0x55c60d2dc921 <unknown>\n#8 0x55c60d811239 <unknown>\n#9 0x55c60d8141e8 <unknown>\n#10 0x55c60d7fa4c9 <unknown>\n#11 0x55c60d814db5 <unknown>\n#12 0x55c60d7e1e93 <unknown>\n#13 0x55c60d837098 <unknown>\n#14 0x55c60d837273 <unknown>\n#15 0x55c60d8492c3 <unknown>\n#16 0x7f645ae9caa4 <unknown>\n#17 0x7f645af29c6c <unknown>","time":{"start":1763904323472,"stop":1763904333687,"duration":10215}},{"uid":"71a5f2761e8dc628","reportUrl":"https://Brain-up.github.io/auto-tests-python/756/#testresult/71a5f2761e8dc628","status":"skipped","statusDetails":"XFAIL\n\nselenium.common.exceptions.TimeoutException: Message: Can't find element by locator ('xpath', '//div[@class=\"__51e19\"]')\nStacktrace:\n#0 0x556195fa632a <unknown>\n#1 0x5561959f2e4b <unknown>\n#2 0x556195a4582b <unknown>\n#3 0x556195a45a61 <unknown>\n#4 0x556195a94a44 <unknown>\n#5 0x556195a91df7 <unknown>\n#6 0x556195a37c1a <unknown>\n#7 0x556195a38921 <unknown>\n#8 0x556195f6d239 <unknown>\n#9 0x556195f701e8 <unknown>\n#10 0x556195f564c9 <unknown>\n#11 0x556195f70db5 <unknown>\n#12 0x556195f3de93 <unknown>\n#13 0x556195f93098 <unknown>\n#14 0x556195f93273 <unknown>\n#15 0x556195fa52c3 <unknown>\n#16 0x7f9640c9caa4 <unknown>\n#17 0x7f9640d29c6c <unknown>","time":{"start":1763826178845,"stop":1763826189203,"duration":10358}},{"uid":"63f980922112d17d","reportUrl":"https://Brain-up.github.io/auto-tests-python/755/#testresult/63f980922112d17d","status":"skipped","statusDetails":"XFAIL\n\nselenium.common.exceptions.TimeoutException: Message: Can't find element by locator ('xpath', '//div[@class=\"__51e19\"]')\nStacktrace:\n#0 0x563d7075732a <unknown>\n#1 0x563d701a3e4b <unknown>\n#2 0x563d701f682b <unknown>\n#3 0x563d701f6a61 <unknown>\n#4 0x563d70245a44 <unknown>\n#5 0x563d70242df7 <unknown>\n#6 0x563d701e8c1a <unknown>\n#7 0x563d701e9921 <unknown>\n#8 0x563d7071e239 <unknown>\n#9 0x563d707211e8 <unknown>\n#10 0x563d707074c9 <unknown>\n#11 0x563d70721db5 <unknown>\n#12 0x563d706eee93 <unknown>\n#13 0x563d70744098 <unknown>\n#14 0x563d70744273 <unknown>\n#15 0x563d707562c3 <unknown>\n#16 0x7fdb2129caa4 <unknown>\n#17 0x7fdb21329c6c <unknown>","time":{"start":1763700857508,"stop":1763700867782,"duration":10274}},{"uid":"576fd1ee2cc473","reportUrl":"https://Brain-up.github.io/auto-tests-python/754/#testresult/576fd1ee2cc473","status":"skipped","statusDetails":"XFAIL\n\nselenium.common.exceptions.TimeoutException: Message: Can't find element by locator ('xpath', '//div[@class=\"__51e19\"]')\nStacktrace:\n#0 0x56235a0d532a <unknown>\n#1 0x562359b21e4b <unknown>\n#2 0x562359b7482b <unknown>\n#3 0x562359b74a61 <unknown>\n#4 0x562359bc3a44 <unknown>\n#5 0x562359bc0df7 <unknown>\n#6 0x562359b66c1a <unknown>\n#7 0x562359b67921 <unknown>\n#8 0x56235a09c239 <unknown>\n#9 0x56235a09f1e8 <unknown>\n#10 0x56235a0854c9 <unknown>\n#11 0x56235a09fdb5 <unknown>\n#12 0x56235a06ce93 <unknown>\n#13 0x56235a0c2098 <unknown>\n#14 0x56235a0c2273 <unknown>\n#15 0x56235a0d42c3 <unknown>\n#16 0x7faff069caa4 <unknown>\n#17 0x7faff0729c6c <unknown>","time":{"start":1763644248423,"stop":1763644258689,"duration":10266}},{"uid":"c0bad1592f9a760d","reportUrl":"https://Brain-up.github.io/auto-tests-python/753/#testresult/c0bad1592f9a760d","status":"skipped","statusDetails":"XFAIL\n\nselenium.common.exceptions.TimeoutException: Message: Can't find element by locator ('xpath', '//div[@class=\"__51e19\"]')\nStacktrace:\n#0 0x55892bf4432a <unknown>\n#1 0x55892b990e4b <unknown>\n#2 0x55892b9e382b <unknown>\n#3 0x55892b9e3a61 <unknown>\n#4 0x55892ba32a44 <unknown>\n#5 0x55892ba2fdf7 <unknown>\n#6 0x55892b9d5c1a <unknown>\n#7 0x55892b9d6921 <unknown>\n#8 0x55892bf0b239 <unknown>\n#9 0x55892bf0e1e8 <unknown>\n#10 0x55892bef44c9 <unknown>\n#11 0x55892bf0edb5 <unknown>\n#12 0x55892bedbe93 <unknown>\n#13 0x55892bf31098 <unknown>\n#14 0x55892bf31273 <unknown>\n#15 0x55892bf432c3 <unknown>\n#16 0x7ff1c789caa4 <unknown>\n#17 0x7ff1c7929c6c <unknown>","time":{"start":1763553514751,"stop":1763553525058,"duration":10307}},{"uid":"49933fba54a369ea","reportUrl":"https://Brain-up.github.io/auto-tests-python/752/#testresult/49933fba54a369ea","status":"skipped","statusDetails":"XFAIL\n\nselenium.common.exceptions.TimeoutException: Message: Can't find element by locator ('xpath', '//div[@class=\"__51e19\"]')\nStacktrace:\n#0 0x555980ce732a <unknown>\n#1 0x555980733e4b <unknown>\n#2 0x55598078682b <unknown>\n#3 0x555980786a61 <unknown>\n#4 0x5559807d5a44 <unknown>\n#5 0x5559807d2df7 <unknown>\n#6 0x555980778c1a <unknown>\n#7 0x555980779921 <unknown>\n#8 0x555980cae239 <unknown>\n#9 0x555980cb11e8 <unknown>\n#10 0x555980c974c9 <unknown>\n#11 0x555980cb1db5 <unknown>\n#12 0x555980c7ee93 <unknown>\n#13 0x555980cd4098 <unknown>\n#14 0x555980cd4273 <unknown>\n#15 0x555980ce62c3 <unknown>\n#16 0x7f616449caa4 <unknown>\n#17 0x7f6164529c6c <unknown>","time":{"start":1763464025481,"stop":1763464035762,"duration":10281}},{"uid":"fe64722e3608bd8d","reportUrl":"https://Brain-up.github.io/auto-tests-python/751/#testresult/fe64722e3608bd8d","status":"passed","statusDetails":"XPASS","time":{"start":1763380182645,"stop":1763380184018,"duration":1373}},{"uid":"8a4e8266ca38b4d","reportUrl":"https://Brain-up.github.io/auto-tests-python/750/#testresult/8a4e8266ca38b4d","status":"skipped","statusDetails":"XFAIL\n\nselenium.common.exceptions.TimeoutException: Message: Can't find element by locator ('xpath', '//div[@class=\"__51e19\"]')\nStacktrace:\n#0 0x56038260532a <unknown>\n#1 0x560382051e4b <unknown>\n#2 0x5603820a482b <unknown>\n#3 0x5603820a4a61 <unknown>\n#4 0x5603820f3a44 <unknown>\n#5 0x5603820f0df7 <unknown>\n#6 0x560382096c1a <unknown>\n#7 0x560382097921 <unknown>\n#8 0x5603825cc239 <unknown>\n#9 0x5603825cf1e8 <unknown>\n#10 0x5603825b54c9 <unknown>\n#11 0x5603825cfdb5 <unknown>\n#12 0x56038259ce93 <unknown>\n#13 0x5603825f2098 <unknown>\n#14 0x5603825f2273 <unknown>\n#15 0x5603826042c3 <unknown>\n#16 0x7f6017e9caa4 <unknown>\n#17 0x7f6017f29c6c <unknown>","time":{"start":1763296265954,"stop":1763296276211,"duration":10257}},{"uid":"5a8ea4cad0b4898f","reportUrl":"https://Brain-up.github.io/auto-tests-python/749/#testresult/5a8ea4cad0b4898f","status":"skipped","statusDetails":"XFAIL\n\nselenium.common.exceptions.TimeoutException: Message: Can't find element by locator ('xpath', '//div[@class=\"__51e19\"]')\nStacktrace:\n#0 0x56374a20732a <unknown>\n#1 0x563749c53e4b <unknown>\n#2 0x563749ca682b <unknown>\n#3 0x563749ca6a61 <unknown>\n#4 0x563749cf5a44 <unknown>\n#5 0x563749cf2df7 <unknown>\n#6 0x563749c98c1a <unknown>\n#7 0x563749c99921 <unknown>\n#8 0x56374a1ce239 <unknown>\n#9 0x56374a1d11e8 <unknown>\n#10 0x56374a1b74c9 <unknown>\n#11 0x56374a1d1db5 <unknown>\n#12 0x56374a19ee93 <unknown>\n#13 0x56374a1f4098 <unknown>\n#14 0x56374a1f4273 <unknown>\n#15 0x56374a2062c3 <unknown>\n#16 0x7fe018c9caa4 <unknown>\n#17 0x7fe018d29c6c <unknown>","time":{"start":1763199908616,"stop":1763199918882,"duration":10266}},{"uid":"86aa2f1993f9a1e1","reportUrl":"https://Brain-up.github.io/auto-tests-python/748/#testresult/86aa2f1993f9a1e1","status":"passed","statusDetails":"XPASS","time":{"start":1763121174625,"stop":1763121176971,"duration":2346}},{"uid":"b32b496def8d326b","reportUrl":"https://Brain-up.github.io/auto-tests-python/747/#testresult/b32b496def8d326b","status":"skipped","statusDetails":"XFAIL\n\nselenium.common.exceptions.TimeoutException: Message: Can't find element by locator ('xpath', '//div[@class=\"__51e19\"]')\nStacktrace:\n#0 0x55e785601aea <unknown>\n#1 0x55e78504dcdb <unknown>\n#2 0x55e7850a06c4 <unknown>\n#3 0x55e7850a0901 <unknown>\n#4 0x55e7850ef8b4 <unknown>\n#5 0x55e7850ecc87 <unknown>\n#6 0x55e785092aca <unknown>\n#7 0x55e7850937d1 <unknown>\n#8 0x55e7855c8ab9 <unknown>\n#9 0x55e7855cba8c <unknown>\n#10 0x55e7855b1d49 <unknown>\n#11 0x55e7855cc685 <unknown>\n#12 0x55e7855996c3 <unknown>\n#13 0x55e7855ee7d8 <unknown>\n#14 0x55e7855ee9b3 <unknown>\n#15 0x55e785600a83 <unknown>\n#16 0x7f4af9e9caa4 <unknown>\n#17 0x7f4af9f29c6c <unknown>","time":{"start":1763039529420,"stop":1763039539698,"duration":10278}},{"uid":"2c1b66a61b9732eb","reportUrl":"https://Brain-up.github.io/auto-tests-python/746/#testresult/2c1b66a61b9732eb","status":"skipped","statusDetails":"XFAIL\n\nselenium.common.exceptions.TimeoutException: Message: Can't find element by locator ('xpath', '//div[@class=\"__51e19\"]')\nStacktrace:\n#0 0x55d3b13ebaea <unknown>\n#1 0x55d3b0e37cdb <unknown>\n#2 0x55d3b0e8a6c4 <unknown>\n#3 0x55d3b0e8a901 <unknown>\n#4 0x55d3b0ed98b4 <unknown>\n#5 0x55d3b0ed6c87 <unknown>\n#6 0x55d3b0e7caca <unknown>\n#7 0x55d3b0e7d7d1 <unknown>\n#8 0x55d3b13b2ab9 <unknown>\n#9 0x55d3b13b5a8c <unknown>\n#10 0x55d3b139bd49 <unknown>\n#11 0x55d3b13b6685 <unknown>\n#12 0x55d3b13836c3 <unknown>\n#13 0x55d3b13d87d8 <unknown>\n#14 0x55d3b13d89b3 <unknown>\n#15 0x55d3b13eaa83 <unknown>\n#16 0x7fe47f49caa4 <unknown>\n#17 0x7fe47f529c6c <unknown>","time":{"start":1762956387507,"stop":1762956397774,"duration":10267}},{"uid":"11a420b1bf2edb3c","reportUrl":"https://Brain-up.github.io/auto-tests-python/745/#testresult/11a420b1bf2edb3c","status":"skipped","statusDetails":"XFAIL\n\nselenium.common.exceptions.TimeoutException: Message: Can't find element by locator ('xpath', '//div[@class=\"__51e19\"]')\nStacktrace:\n#0 0x5590d2b3caea <unknown>\n#1 0x5590d2588cdb <unknown>\n#2 0x5590d25db6c4 <unknown>\n#3 0x5590d25db901 <unknown>\n#4 0x5590d262a8b4 <unknown>\n#5 0x5590d2627c87 <unknown>\n#6 0x5590d25cdaca <unknown>\n#7 0x5590d25ce7d1 <unknown>\n#8 0x5590d2b03ab9 <unknown>\n#9 0x5590d2b06a8c <unknown>\n#10 0x5590d2aecd49 <unknown>\n#11 0x5590d2b07685 <unknown>\n#12 0x5590d2ad46c3 <unknown>\n#13 0x5590d2b297d8 <unknown>\n#14 0x5590d2b299b3 <unknown>\n#15 0x5590d2b3ba83 <unknown>\n#16 0x7ff7c929caa4 <unknown>\n#17 0x7ff7c9329c6c <unknown>","time":{"start":1762852107019,"stop":1762852117313,"duration":10294}},{"uid":"49be84443d0018db","reportUrl":"https://Brain-up.github.io/auto-tests-python/744/#testresult/49be84443d0018db","status":"skipped","statusDetails":"XFAIL\n\nselenium.common.exceptions.TimeoutException: Message: Can't find element by locator ('xpath', '//div[@class=\"__51e19\"]')\nStacktrace:\n#0 0x55fe6a36caea <unknown>\n#1 0x55fe69db8cdb <unknown>\n#2 0x55fe69e0b6c4 <unknown>\n#3 0x55fe69e0b901 <unknown>\n#4 0x55fe69e5a8b4 <unknown>\n#5 0x55fe69e57c87 <unknown>\n#6 0x55fe69dfdaca <unknown>\n#7 0x55fe69dfe7d1 <unknown>\n#8 0x55fe6a333ab9 <unknown>\n#9 0x55fe6a336a8c <unknown>\n#10 0x55fe6a31cd49 <unknown>\n#11 0x55fe6a337685 <unknown>\n#12 0x55fe6a3046c3 <unknown>\n#13 0x55fe6a3597d8 <unknown>\n#14 0x55fe6a3599b3 <unknown>\n#15 0x55fe6a36ba83 <unknown>\n#16 0x7f328dc9caa4 <unknown>\n#17 0x7f328dd29c6c <unknown>","time":{"start":1762772795954,"stop":1762772806229,"duration":10275}},{"uid":"459858aa1475fab8","reportUrl":"https://Brain-up.github.io/auto-tests-python/743/#testresult/459858aa1475fab8","status":"skipped","statusDetails":"XFAIL\n\nselenium.common.exceptions.TimeoutException: Message: Can't find element by locator ('xpath', '//div[@class=\"__51e19\"]')\nStacktrace:\n#0 0x557bc29dcaea <unknown>\n#1 0x557bc2428cdb <unknown>\n#2 0x557bc247b6c4 <unknown>\n#3 0x557bc247b901 <unknown>\n#4 0x557bc24ca8b4 <unknown>\n#5 0x557bc24c7c87 <unknown>\n#6 0x557bc246daca <unknown>\n#7 0x557bc246e7d1 <unknown>\n#8 0x557bc29a3ab9 <unknown>\n#9 0x557bc29a6a8c <unknown>\n#10 0x557bc298cd49 <unknown>\n#11 0x557bc29a7685 <unknown>\n#12 0x557bc29746c3 <unknown>\n#13 0x557bc29c97d8 <unknown>\n#14 0x557bc29c99b3 <unknown>\n#15 0x557bc29dba83 <unknown>\n#16 0x7fedc309caa4 <unknown>\n#17 0x7fedc3129c6c <unknown>","time":{"start":1762680504478,"stop":1762680514743,"duration":10265}},{"uid":"9e31e5d9ec0ab34f","reportUrl":"https://Brain-up.github.io/auto-tests-python/742/#testresult/9e31e5d9ec0ab34f","status":"skipped","statusDetails":"XFAIL\n\nselenium.common.exceptions.TimeoutException: Message: Can't find element by locator ('xpath', '//div[@class=\"__51e19\"]')\nStacktrace:\n#0 0x560ec046aaea <unknown>\n#1 0x560ebfeb6cdb <unknown>\n#2 0x560ebff096c4 <unknown>\n#3 0x560ebff09901 <unknown>\n#4 0x560ebff588b4 <unknown>\n#5 0x560ebff55c87 <unknown>\n#6 0x560ebfefbaca <unknown>\n#7 0x560ebfefc7d1 <unknown>\n#8 0x560ec0431ab9 <unknown>\n#9 0x560ec0434a8c <unknown>\n#10 0x560ec041ad49 <unknown>\n#11 0x560ec0435685 <unknown>\n#12 0x560ec04026c3 <unknown>\n#13 0x560ec04577d8 <unknown>\n#14 0x560ec04579b3 <unknown>\n#15 0x560ec0469a83 <unknown>\n#16 0x7f82fa09caa4 <unknown>\n#17 0x7f82fa129c6c <unknown>","time":{"start":1762597319350,"stop":1762597329645,"duration":10295}},{"uid":"a3ef269d6cd1458d","reportUrl":"https://Brain-up.github.io/auto-tests-python/741/#testresult/a3ef269d6cd1458d","status":"skipped","statusDetails":"XFAIL\n\nselenium.common.exceptions.TimeoutException: Message: Can't find element by locator ('xpath', '//div[@class=\"__51e19\"]')\nStacktrace:\n#0 0x5568c4767aea <unknown>\n#1 0x5568c41b3cdb <unknown>\n#2 0x5568c42066c4 <unknown>\n#3 0x5568c4206901 <unknown>\n#4 0x5568c42558b4 <unknown>\n#5 0x5568c4252c87 <unknown>\n#6 0x5568c41f8aca <unknown>\n#7 0x5568c41f97d1 <unknown>\n#8 0x5568c472eab9 <unknown>\n#9 0x5568c4731a8c <unknown>\n#10 0x5568c4717d49 <unknown>\n#11 0x5568c4732685 <unknown>\n#12 0x5568c46ff6c3 <unknown>\n#13 0x5568c47547d8 <unknown>\n#14 0x5568c47549b3 <unknown>\n#15 0x5568c4766a83 <unknown>\n#16 0x7f22f909caa4 <unknown>\n#17 0x7f22f9129c6c <unknown>","time":{"start":1762513430672,"stop":1762513440939,"duration":10267}}]},"tags":["@pytest.mark.xfail"]},"source":"6101b4094bdbc3b6.json","parameterValues":[]}