{"uid":"6a9f506339023fc4","name":"Solutions to a random task in the \"Слова\" group and comparison of statics.","fullName":"tests.test_speech_exercises_ru.TestCardsRU#test_solve_word_cards_with_statistic_ru","historyId":"0fb6881b2015244903bd7785af7503a6","time":{"start":1764329584291,"stop":1764329594646,"duration":10355},"status":"skipped","statusMessage":"XFAIL\n\nselenium.common.exceptions.TimeoutException: Message: Can't find element by locator ('xpath', '//div[@class=\"__51e19\"]')\nStacktrace:\n#0 0x55c35eeb732a <unknown>\n#1 0x55c35e903e4b <unknown>\n#2 0x55c35e95682b <unknown>\n#3 0x55c35e956a61 <unknown>\n#4 0x55c35e9a5a44 <unknown>\n#5 0x55c35e9a2df7 <unknown>\n#6 0x55c35e948c1a <unknown>\n#7 0x55c35e949921 <unknown>\n#8 0x55c35ee7e239 <unknown>\n#9 0x55c35ee811e8 <unknown>\n#10 0x55c35ee674c9 <unknown>\n#11 0x55c35ee81db5 <unknown>\n#12 0x55c35ee4ee93 <unknown>\n#13 0x55c35eea4098 <unknown>\n#14 0x55c35eea4273 <unknown>\n#15 0x55c35eeb62c3 <unknown>\n#16 0x7fd6efa9caa4 <unknown>\n#17 0x7fd6efb29c6c <unknown>","statusTrace":"self = <tests.test_speech_exercises_ru.TestCardsRU object at 0x7f0f103362d0>\ndriver = <selenium.webdriver.chrome.webdriver.WebDriver (session=\"76b152b3281b6bdb1af872d332d681b4\")>\ndefault_user_authorized = None\n\n    @pytest.mark.xfail\n    @allure.suite(\"Речевые упражнения.\")\n    @allure.title('Solutions to a random task in the \"Слова\" group and comparison of statics.')\n    def test_solve_word_cards_with_statistic_ru(self, driver, default_user_authorized):\n        page = SpeechExercisesPageRU(driver)\n        page.click_button_ru()\n>       table = page.get_statistic_data()\n\ntests/test_speech_exercises_ru.py:165: \n_ _ _ _ _ _ _ _ _ _ _ _ _ _ _ _ _ _ _ _ _ _ _ _ _ _ _ _ _ _ _ _ _ _ _ _ _ _ _ _ \npages/speech_exercises_page_ru.py:174: in get_statistic_data\n    table = self.element_is_present(self.locators.AuthorizedUserHomePageLocators.STATISTIC_TABLE)\npages/base_page.py:32: in element_is_present\n    return Wait(self.driver, self.timeout).until(\n_ _ _ _ _ _ _ _ _ _ _ _ _ _ _ _ _ _ _ _ _ _ _ _ _ _ _ _ _ _ _ _ _ _ _ _ _ _ _ _ \n\nself = <selenium.webdriver.support.wait.WebDriverWait (session=\"76b152b3281b6bdb1af872d332d681b4\")>\nmethod = <function presence_of_element_located.<locals>._predicate at 0x7f0f102e7c40>\nmessage = 'Can\\'t find element by locator (\\'xpath\\', \\'//div[@class=\"__51e19\"]\\')'\n\n    def until(self, method, message: str = \"\"):\n        \"\"\"Calls the method provided with the driver as an argument until the \\\n        return value does not evaluate to ``False``.\n    \n        :param method: callable(WebDriver)\n        :param message: optional message for :exc:`TimeoutException`\n        :returns: the result of the last call to `method`\n        :raises: :exc:`selenium.common.exceptions.TimeoutException` if timeout occurs\n        \"\"\"\n        screen = None\n        stacktrace = None\n    \n        end_time = time.monotonic() + self._timeout\n        while True:\n            try:\n                value = method(self._driver)\n                if value:\n                    return value\n            except self._ignored_exceptions as exc:\n                screen = getattr(exc, \"screen\", None)\n                stacktrace = getattr(exc, \"stacktrace\", None)\n            time.sleep(self._poll)\n            if time.monotonic() > end_time:\n                break\n>       raise TimeoutException(message, screen, stacktrace)\nE       selenium.common.exceptions.TimeoutException: Message: Can't find element by locator ('xpath', '//div[@class=\"__51e19\"]')\nE       Stacktrace:\nE       #0 0x55c35eeb732a <unknown>\nE       #1 0x55c35e903e4b <unknown>\nE       #2 0x55c35e95682b <unknown>\nE       #3 0x55c35e956a61 <unknown>\nE       #4 0x55c35e9a5a44 <unknown>\nE       #5 0x55c35e9a2df7 <unknown>\nE       #6 0x55c35e948c1a <unknown>\nE       #7 0x55c35e949921 <unknown>\nE       #8 0x55c35ee7e239 <unknown>\nE       #9 0x55c35ee811e8 <unknown>\nE       #10 0x55c35ee674c9 <unknown>\nE       #11 0x55c35ee81db5 <unknown>\nE       #12 0x55c35ee4ee93 <unknown>\nE       #13 0x55c35eea4098 <unknown>\nE       #14 0x55c35eea4273 <unknown>\nE       #15 0x55c35eeb62c3 <unknown>\nE       #16 0x7fd6efa9caa4 <unknown>\nE       #17 0x7fd6efb29c6c <unknown>\n\n/opt/hostedtoolcache/Python/3.12.12/x64/lib/python3.12/site-packages/selenium/webdriver/support/wait.py:95: TimeoutException","flaky":false,"newFailed":false,"newBroken":false,"newPassed":false,"retriesCount":0,"retriesStatusChange":false,"beforeStages":[{"name":"clear_allure_results_folder","time":{"start":1764328190331,"stop":1764328190331,"duration":0},"status":"passed","steps":[],"attachments":[],"parameters":[],"stepsCount":0,"shouldDisplayMessage":false,"attachmentsCount":0,"hasContent":false,"attachmentStep":false},{"name":"driver","time":{"start":1764329578107,"stop":1764329578879,"duration":772},"status":"passed","steps":[],"attachments":[],"parameters":[],"stepsCount":0,"shouldDisplayMessage":false,"attachmentsCount":0,"hasContent":false,"attachmentStep":false},{"name":"main_page_open","time":{"start":1764329578879,"stop":1764329581861,"duration":2982},"status":"passed","steps":[{"name":"Open page: https://www.brainup.site/","time":{"start":1764329578879,"stop":1764329581861,"duration":2982},"status":"passed","steps":[],"attachments":[],"parameters":[{"name":"driver","value":"<selenium.webdriver.chrome.webdriver.WebDriver (session=\"76b152b3281b6bdb1af872d332d681b4\")>"}],"stepsCount":0,"shouldDisplayMessage":false,"attachmentsCount":0,"hasContent":true,"attachmentStep":false}],"attachments":[],"parameters":[],"stepsCount":1,"shouldDisplayMessage":false,"attachmentsCount":0,"hasContent":true,"attachmentStep":false},{"name":"default_user_authorized","time":{"start":1764329581861,"stop":1764329584291,"duration":2430},"status":"passed","steps":[{"name":"DEFAULT user authorized","time":{"start":1764329581861,"stop":1764329584291,"duration":2430},"status":"passed","steps":[{"name":"Check url is present: https://www.brainup.site/groups","time":{"start":1764329582240,"stop":1764329584267,"duration":2027},"status":"passed","steps":[],"attachments":[],"parameters":[],"stepsCount":0,"shouldDisplayMessage":false,"attachmentsCount":0,"hasContent":false,"attachmentStep":false},{"name":"Loader checking","time":{"start":1764329584267,"stop":1764329584291,"duration":24},"status":"passed","steps":[],"attachments":[],"parameters":[],"stepsCount":0,"shouldDisplayMessage":false,"attachmentsCount":0,"hasContent":false,"attachmentStep":false}],"attachments":[],"parameters":[{"name":"driver","value":"<selenium.webdriver.chrome.webdriver.WebDriver (session=\"76b152b3281b6bdb1af872d332d681b4\")>"},{"name":"main_page_open","value":"None"}],"stepsCount":2,"shouldDisplayMessage":false,"attachmentsCount":0,"hasContent":true,"attachmentStep":false}],"attachments":[],"parameters":[],"stepsCount":3,"shouldDisplayMessage":false,"attachmentsCount":0,"hasContent":true,"attachmentStep":false}],"testStage":{"status":"skipped","statusMessage":"XFAIL\n\nselenium.common.exceptions.TimeoutException: Message: Can't find element by locator ('xpath', '//div[@class=\"__51e19\"]')\nStacktrace:\n#0 0x55c35eeb732a <unknown>\n#1 0x55c35e903e4b <unknown>\n#2 0x55c35e95682b <unknown>\n#3 0x55c35e956a61 <unknown>\n#4 0x55c35e9a5a44 <unknown>\n#5 0x55c35e9a2df7 <unknown>\n#6 0x55c35e948c1a <unknown>\n#7 0x55c35e949921 <unknown>\n#8 0x55c35ee7e239 <unknown>\n#9 0x55c35ee811e8 <unknown>\n#10 0x55c35ee674c9 <unknown>\n#11 0x55c35ee81db5 <unknown>\n#12 0x55c35ee4ee93 <unknown>\n#13 0x55c35eea4098 <unknown>\n#14 0x55c35eea4273 <unknown>\n#15 0x55c35eeb62c3 <unknown>\n#16 0x7fd6efa9caa4 <unknown>\n#17 0x7fd6efb29c6c <unknown>","statusTrace":"self = <tests.test_speech_exercises_ru.TestCardsRU object at 0x7f0f103362d0>\ndriver = <selenium.webdriver.chrome.webdriver.WebDriver (session=\"76b152b3281b6bdb1af872d332d681b4\")>\ndefault_user_authorized = None\n\n    @pytest.mark.xfail\n    @allure.suite(\"Речевые упражнения.\")\n    @allure.title('Solutions to a random task in the \"Слова\" group and comparison of statics.')\n    def test_solve_word_cards_with_statistic_ru(self, driver, default_user_authorized):\n        page = SpeechExercisesPageRU(driver)\n        page.click_button_ru()\n>       table = page.get_statistic_data()\n\ntests/test_speech_exercises_ru.py:165: \n_ _ _ _ _ _ _ _ _ _ _ _ _ _ _ _ _ _ _ _ _ _ _ _ _ _ _ _ _ _ _ _ _ _ _ _ _ _ _ _ \npages/speech_exercises_page_ru.py:174: in get_statistic_data\n    table = self.element_is_present(self.locators.AuthorizedUserHomePageLocators.STATISTIC_TABLE)\npages/base_page.py:32: in element_is_present\n    return Wait(self.driver, self.timeout).until(\n_ _ _ _ _ _ _ _ _ _ _ _ _ _ _ _ _ _ _ _ _ _ _ _ _ _ _ _ _ _ _ _ _ _ _ _ _ _ _ _ \n\nself = <selenium.webdriver.support.wait.WebDriverWait (session=\"76b152b3281b6bdb1af872d332d681b4\")>\nmethod = <function presence_of_element_located.<locals>._predicate at 0x7f0f102e7c40>\nmessage = 'Can\\'t find element by locator (\\'xpath\\', \\'//div[@class=\"__51e19\"]\\')'\n\n    def until(self, method, message: str = \"\"):\n        \"\"\"Calls the method provided with the driver as an argument until the \\\n        return value does not evaluate to ``False``.\n    \n        :param method: callable(WebDriver)\n        :param message: optional message for :exc:`TimeoutException`\n        :returns: the result of the last call to `method`\n        :raises: :exc:`selenium.common.exceptions.TimeoutException` if timeout occurs\n        \"\"\"\n        screen = None\n        stacktrace = None\n    \n        end_time = time.monotonic() + self._timeout\n        while True:\n            try:\n                value = method(self._driver)\n                if value:\n                    return value\n            except self._ignored_exceptions as exc:\n                screen = getattr(exc, \"screen\", None)\n                stacktrace = getattr(exc, \"stacktrace\", None)\n            time.sleep(self._poll)\n            if time.monotonic() > end_time:\n                break\n>       raise TimeoutException(message, screen, stacktrace)\nE       selenium.common.exceptions.TimeoutException: Message: Can't find element by locator ('xpath', '//div[@class=\"__51e19\"]')\nE       Stacktrace:\nE       #0 0x55c35eeb732a <unknown>\nE       #1 0x55c35e903e4b <unknown>\nE       #2 0x55c35e95682b <unknown>\nE       #3 0x55c35e956a61 <unknown>\nE       #4 0x55c35e9a5a44 <unknown>\nE       #5 0x55c35e9a2df7 <unknown>\nE       #6 0x55c35e948c1a <unknown>\nE       #7 0x55c35e949921 <unknown>\nE       #8 0x55c35ee7e239 <unknown>\nE       #9 0x55c35ee811e8 <unknown>\nE       #10 0x55c35ee674c9 <unknown>\nE       #11 0x55c35ee81db5 <unknown>\nE       #12 0x55c35ee4ee93 <unknown>\nE       #13 0x55c35eea4098 <unknown>\nE       #14 0x55c35eea4273 <unknown>\nE       #15 0x55c35eeb62c3 <unknown>\nE       #16 0x7fd6efa9caa4 <unknown>\nE       #17 0x7fd6efb29c6c <unknown>\n\n/opt/hostedtoolcache/Python/3.12.12/x64/lib/python3.12/site-packages/selenium/webdriver/support/wait.py:95: TimeoutException","steps":[{"name":"click_button RU","time":{"start":1764329584291,"stop":1764329584364,"duration":73},"status":"passed","steps":[{"name":"Click button \"RU\".","time":{"start":1764329584291,"stop":1764329584364,"duration":73},"status":"passed","steps":[],"attachments":[],"parameters":[],"stepsCount":0,"shouldDisplayMessage":false,"attachmentsCount":0,"hasContent":false,"attachmentStep":false}],"attachments":[],"parameters":[],"stepsCount":1,"shouldDisplayMessage":false,"attachmentsCount":0,"hasContent":true,"attachmentStep":false},{"name":"get_statistic_data","time":{"start":1764329584364,"stop":1764329594645,"duration":10281},"status":"broken","statusMessage":"selenium.common.exceptions.TimeoutException: Message: Can't find element by locator ('xpath', '//div[@class=\"__51e19\"]')\nStacktrace:\n#0 0x55c35eeb732a <unknown>\n#1 0x55c35e903e4b <unknown>\n#2 0x55c35e95682b <unknown>\n#3 0x55c35e956a61 <unknown>\n#4 0x55c35e9a5a44 <unknown>\n#5 0x55c35e9a2df7 <unknown>\n#6 0x55c35e948c1a <unknown>\n#7 0x55c35e949921 <unknown>\n#8 0x55c35ee7e239 <unknown>\n#9 0x55c35ee811e8 <unknown>\n#10 0x55c35ee674c9 <unknown>\n#11 0x55c35ee81db5 <unknown>\n#12 0x55c35ee4ee93 <unknown>\n#13 0x55c35eea4098 <unknown>\n#14 0x55c35eea4273 <unknown>\n#15 0x55c35eeb62c3 <unknown>\n#16 0x7fd6efa9caa4 <unknown>\n#17 0x7fd6efb29c6c <unknown>\n\n","statusTrace":"  File \"/opt/hostedtoolcache/Python/3.12.12/x64/lib/python3.12/site-packages/allure_commons/_allure.py\", line 192, in impl\n    return func(*a, **kw)\n           ^^^^^^^^^^^^^^\n  File \"/home/runner/work/auto-tests-python/auto-tests-python/pages/speech_exercises_page_ru.py\", line 174, in get_statistic_data\n    table = self.element_is_present(self.locators.AuthorizedUserHomePageLocators.STATISTIC_TABLE)\n            ^^^^^^^^^^^^^^^^^^^^^^^^^^^^^^^^^^^^^^^^^^^^^^^^^^^^^^^^^^^^^^^^^^^^^^^^^^^^^^^^^^^^^\n  File \"/home/runner/work/auto-tests-python/auto-tests-python/pages/base_page.py\", line 32, in element_is_present\n    return Wait(self.driver, self.timeout).until(\n           ^^^^^^^^^^^^^^^^^^^^^^^^^^^^^^^^^^^^^^\n  File \"/opt/hostedtoolcache/Python/3.12.12/x64/lib/python3.12/site-packages/selenium/webdriver/support/wait.py\", line 95, in until\n    raise TimeoutException(message, screen, stacktrace)\n","steps":[{"name":"Click button \"Статистика\"\".","time":{"start":1764329584365,"stop":1764329584436,"duration":71},"status":"passed","steps":[],"attachments":[],"parameters":[],"stepsCount":0,"shouldDisplayMessage":false,"attachmentsCount":0,"hasContent":false,"attachmentStep":false},{"name":"Check statistic table is present and scroll to table","time":{"start":1764329584436,"stop":1764329594645,"duration":10209},"status":"broken","statusMessage":"selenium.common.exceptions.TimeoutException: Message: Can't find element by locator ('xpath', '//div[@class=\"__51e19\"]')\nStacktrace:\n#0 0x55c35eeb732a <unknown>\n#1 0x55c35e903e4b <unknown>\n#2 0x55c35e95682b <unknown>\n#3 0x55c35e956a61 <unknown>\n#4 0x55c35e9a5a44 <unknown>\n#5 0x55c35e9a2df7 <unknown>\n#6 0x55c35e948c1a <unknown>\n#7 0x55c35e949921 <unknown>\n#8 0x55c35ee7e239 <unknown>\n#9 0x55c35ee811e8 <unknown>\n#10 0x55c35ee674c9 <unknown>\n#11 0x55c35ee81db5 <unknown>\n#12 0x55c35ee4ee93 <unknown>\n#13 0x55c35eea4098 <unknown>\n#14 0x55c35eea4273 <unknown>\n#15 0x55c35eeb62c3 <unknown>\n#16 0x7fd6efa9caa4 <unknown>\n#17 0x7fd6efb29c6c <unknown>\n\n","statusTrace":"  File \"/home/runner/work/auto-tests-python/auto-tests-python/pages/speech_exercises_page_ru.py\", line 174, in get_statistic_data\n    table = self.element_is_present(self.locators.AuthorizedUserHomePageLocators.STATISTIC_TABLE)\n            ^^^^^^^^^^^^^^^^^^^^^^^^^^^^^^^^^^^^^^^^^^^^^^^^^^^^^^^^^^^^^^^^^^^^^^^^^^^^^^^^^^^^^\n  File \"/home/runner/work/auto-tests-python/auto-tests-python/pages/base_page.py\", line 32, in element_is_present\n    return Wait(self.driver, self.timeout).until(\n           ^^^^^^^^^^^^^^^^^^^^^^^^^^^^^^^^^^^^^^\n  File \"/opt/hostedtoolcache/Python/3.12.12/x64/lib/python3.12/site-packages/selenium/webdriver/support/wait.py\", line 95, in until\n    raise TimeoutException(message, screen, stacktrace)\n","steps":[],"attachments":[],"parameters":[],"stepsCount":0,"shouldDisplayMessage":true,"attachmentsCount":0,"hasContent":true,"attachmentStep":false}],"attachments":[],"parameters":[],"stepsCount":2,"shouldDisplayMessage":false,"attachmentsCount":0,"hasContent":true,"attachmentStep":false}],"attachments":[],"parameters":[],"stepsCount":5,"shouldDisplayMessage":true,"attachmentsCount":0,"hasContent":true,"attachmentStep":false},"afterStages":[{"name":"driver::0","time":{"start":1764329594660,"stop":1764329594732,"duration":72},"status":"passed","steps":[],"attachments":[],"parameters":[],"stepsCount":0,"shouldDisplayMessage":false,"attachmentsCount":0,"hasContent":false,"attachmentStep":false}],"labels":[{"name":"epic","value":"Speech exercises."},{"name":"suite","value":"Речевые упражнения."},{"name":"tag","value":"@pytest.mark.xfail"},{"name":"parentSuite","value":"tests"},{"name":"subSuite","value":"TestCardsRU"},{"name":"host","value":"runnervmg1sw1"},{"name":"thread","value":"2664-MainThread"},{"name":"framework","value":"pytest"},{"name":"language","value":"cpython3"},{"name":"package","value":"tests.test_speech_exercises_ru"},{"name":"resultFormat","value":"allure2"}],"parameters":[],"links":[],"hidden":false,"retry":false,"extra":{"severity":"normal","retries":[],"categories":[],"history":{"statistic":{"failed":0,"broken":0,"skipped":27,"passed":0,"unknown":0,"total":27},"items":[{"uid":"182b700921b297e3","reportUrl":"https://Brain-up.github.io/auto-tests-python/760/#testresult/182b700921b297e3","status":"skipped","statusDetails":"XFAIL\n\nselenium.common.exceptions.TimeoutException: Message: Can't find element by locator ('xpath', '//div[@class=\"__51e19\"]')\nStacktrace:\n#0 0x55ea472a832a <unknown>\n#1 0x55ea46cf4e4b <unknown>\n#2 0x55ea46d4782b <unknown>\n#3 0x55ea46d47a61 <unknown>\n#4 0x55ea46d96a44 <unknown>\n#5 0x55ea46d93df7 <unknown>\n#6 0x55ea46d39c1a <unknown>\n#7 0x55ea46d3a921 <unknown>\n#8 0x55ea4726f239 <unknown>\n#9 0x55ea472721e8 <unknown>\n#10 0x55ea472584c9 <unknown>\n#11 0x55ea47272db5 <unknown>\n#12 0x55ea4723fe93 <unknown>\n#13 0x55ea47295098 <unknown>\n#14 0x55ea47295273 <unknown>\n#15 0x55ea472a72c3 <unknown>\n#16 0x7f58e089caa4 <unknown>\n#17 0x7f58e0929c6c <unknown>","time":{"start":1764258289340,"stop":1764258299669,"duration":10329}},{"uid":"6c049fc765d41c4b","reportUrl":"https://Brain-up.github.io/auto-tests-python/759/#testresult/6c049fc765d41c4b","status":"skipped","statusDetails":"XFAIL\n\nKeyError: 0","time":{"start":1764069914112,"stop":1764069920182,"duration":6070}},{"uid":"6d62e992fda0bee3","reportUrl":"https://Brain-up.github.io/auto-tests-python/758/#testresult/6d62e992fda0bee3","status":"skipped","statusDetails":"XFAIL\n\nselenium.common.exceptions.TimeoutException: Message: Can't find element by locator ('xpath', '//div[@class=\"__51e19\"]')\nStacktrace:\n#0 0x55b8a744732a <unknown>\n#1 0x55b8a6e93e4b <unknown>\n#2 0x55b8a6ee682b <unknown>\n#3 0x55b8a6ee6a61 <unknown>\n#4 0x55b8a6f35a44 <unknown>\n#5 0x55b8a6f32df7 <unknown>\n#6 0x55b8a6ed8c1a <unknown>\n#7 0x55b8a6ed9921 <unknown>\n#8 0x55b8a740e239 <unknown>\n#9 0x55b8a74111e8 <unknown>\n#10 0x55b8a73f74c9 <unknown>\n#11 0x55b8a7411db5 <unknown>\n#12 0x55b8a73dee93 <unknown>\n#13 0x55b8a7434098 <unknown>\n#14 0x55b8a7434273 <unknown>\n#15 0x55b8a74462c3 <unknown>\n#16 0x7fc99249caa4 <unknown>\n#17 0x7fc992529c6c <unknown>","time":{"start":1764011731302,"stop":1764011741735,"duration":10433}},{"uid":"85050dc5b0ff4870","reportUrl":"https://Brain-up.github.io/auto-tests-python/757/#testresult/85050dc5b0ff4870","status":"skipped","statusDetails":"XFAIL\n\nselenium.common.exceptions.TimeoutException: Message: Can't find element by locator ('xpath', '//div[@class=\"__51e19\"]')\nStacktrace:\n#0 0x56155794432a <unknown>\n#1 0x561557390e4b <unknown>\n#2 0x5615573e382b <unknown>\n#3 0x5615573e3a61 <unknown>\n#4 0x561557432a44 <unknown>\n#5 0x56155742fdf7 <unknown>\n#6 0x5615573d5c1a <unknown>\n#7 0x5615573d6921 <unknown>\n#8 0x56155790b239 <unknown>\n#9 0x56155790e1e8 <unknown>\n#10 0x5615578f44c9 <unknown>\n#11 0x56155790edb5 <unknown>\n#12 0x5615578dbe93 <unknown>\n#13 0x561557931098 <unknown>\n#14 0x561557931273 <unknown>\n#15 0x5615579432c3 <unknown>\n#16 0x7f7b5849caa4 <unknown>\n#17 0x7f7b58529c6c <unknown>","time":{"start":1763904306449,"stop":1763904316731,"duration":10282}},{"uid":"9e722fb529105448","reportUrl":"https://Brain-up.github.io/auto-tests-python/756/#testresult/9e722fb529105448","status":"skipped","statusDetails":"XFAIL\n\nselenium.common.exceptions.TimeoutException: Message: Can't find element by locator ('xpath', '//div[@class=\"__51e19\"]')\nStacktrace:\n#0 0x564cc469b32a <unknown>\n#1 0x564cc40e7e4b <unknown>\n#2 0x564cc413a82b <unknown>\n#3 0x564cc413aa61 <unknown>\n#4 0x564cc4189a44 <unknown>\n#5 0x564cc4186df7 <unknown>\n#6 0x564cc412cc1a <unknown>\n#7 0x564cc412d921 <unknown>\n#8 0x564cc4662239 <unknown>\n#9 0x564cc46651e8 <unknown>\n#10 0x564cc464b4c9 <unknown>\n#11 0x564cc4665db5 <unknown>\n#12 0x564cc4632e93 <unknown>\n#13 0x564cc4688098 <unknown>\n#14 0x564cc4688273 <unknown>\n#15 0x564cc469a2c3 <unknown>\n#16 0x7fd8ecc9caa4 <unknown>\n#17 0x7fd8ecd29c6c <unknown>","time":{"start":1763826162671,"stop":1763826173057,"duration":10386}},{"uid":"9a06963c3d317360","reportUrl":"https://Brain-up.github.io/auto-tests-python/755/#testresult/9a06963c3d317360","status":"skipped","statusDetails":"XFAIL\n\nselenium.common.exceptions.TimeoutException: Message: Can't find element by locator ('xpath', '//div[@class=\"__51e19\"]')\nStacktrace:\n#0 0x55ada77d732a <unknown>\n#1 0x55ada7223e4b <unknown>\n#2 0x55ada727682b <unknown>\n#3 0x55ada7276a61 <unknown>\n#4 0x55ada72c5a44 <unknown>\n#5 0x55ada72c2df7 <unknown>\n#6 0x55ada7268c1a <unknown>\n#7 0x55ada7269921 <unknown>\n#8 0x55ada779e239 <unknown>\n#9 0x55ada77a11e8 <unknown>\n#10 0x55ada77874c9 <unknown>\n#11 0x55ada77a1db5 <unknown>\n#12 0x55ada776ee93 <unknown>\n#13 0x55ada77c4098 <unknown>\n#14 0x55ada77c4273 <unknown>\n#15 0x55ada77d62c3 <unknown>\n#16 0x7ff7d8a9caa4 <unknown>\n#17 0x7ff7d8b29c6c <unknown>","time":{"start":1763700839863,"stop":1763700850225,"duration":10362}},{"uid":"bcbce69562c78a00","reportUrl":"https://Brain-up.github.io/auto-tests-python/754/#testresult/bcbce69562c78a00","status":"skipped","statusDetails":"XFAIL\n\nselenium.common.exceptions.TimeoutException: Message: Can't find element by locator ('xpath', '//div[@class=\"__51e19\"]')\nStacktrace:\n#0 0x557bdd65432a <unknown>\n#1 0x557bdd0a0e4b <unknown>\n#2 0x557bdd0f382b <unknown>\n#3 0x557bdd0f3a61 <unknown>\n#4 0x557bdd142a44 <unknown>\n#5 0x557bdd13fdf7 <unknown>\n#6 0x557bdd0e5c1a <unknown>\n#7 0x557bdd0e6921 <unknown>\n#8 0x557bdd61b239 <unknown>\n#9 0x557bdd61e1e8 <unknown>\n#10 0x557bdd6044c9 <unknown>\n#11 0x557bdd61edb5 <unknown>\n#12 0x557bdd5ebe93 <unknown>\n#13 0x557bdd641098 <unknown>\n#14 0x557bdd641273 <unknown>\n#15 0x557bdd6532c3 <unknown>\n#16 0x7fba3929caa4 <unknown>\n#17 0x7fba39329c6c <unknown>","time":{"start":1763644232132,"stop":1763644242482,"duration":10350}},{"uid":"3701134f5650eb24","reportUrl":"https://Brain-up.github.io/auto-tests-python/753/#testresult/3701134f5650eb24","status":"skipped","statusDetails":"XFAIL\n\nselenium.common.exceptions.TimeoutException: Message: Can't find element by locator ('xpath', '//div[@class=\"__51e19\"]')\nStacktrace:\n#0 0x55866afb032a <unknown>\n#1 0x55866a9fce4b <unknown>\n#2 0x55866aa4f82b <unknown>\n#3 0x55866aa4fa61 <unknown>\n#4 0x55866aa9ea44 <unknown>\n#5 0x55866aa9bdf7 <unknown>\n#6 0x55866aa41c1a <unknown>\n#7 0x55866aa42921 <unknown>\n#8 0x55866af77239 <unknown>\n#9 0x55866af7a1e8 <unknown>\n#10 0x55866af604c9 <unknown>\n#11 0x55866af7adb5 <unknown>\n#12 0x55866af47e93 <unknown>\n#13 0x55866af9d098 <unknown>\n#14 0x55866af9d273 <unknown>\n#15 0x55866afaf2c3 <unknown>\n#16 0x7fb9cc09caa4 <unknown>\n#17 0x7fb9cc129c6c <unknown>","time":{"start":1763553498849,"stop":1763553509195,"duration":10346}},{"uid":"bfff68def31638d7","reportUrl":"https://Brain-up.github.io/auto-tests-python/752/#testresult/bfff68def31638d7","status":"skipped","statusDetails":"XFAIL\n\nselenium.common.exceptions.TimeoutException: Message: Can't find element by locator ('xpath', '//div[@class=\"__51e19\"]')\nStacktrace:\n#0 0x56431d9ee32a <unknown>\n#1 0x56431d43ae4b <unknown>\n#2 0x56431d48d82b <unknown>\n#3 0x56431d48da61 <unknown>\n#4 0x56431d4dca44 <unknown>\n#5 0x56431d4d9df7 <unknown>\n#6 0x56431d47fc1a <unknown>\n#7 0x56431d480921 <unknown>\n#8 0x56431d9b5239 <unknown>\n#9 0x56431d9b81e8 <unknown>\n#10 0x56431d99e4c9 <unknown>\n#11 0x56431d9b8db5 <unknown>\n#12 0x56431d985e93 <unknown>\n#13 0x56431d9db098 <unknown>\n#14 0x56431d9db273 <unknown>\n#15 0x56431d9ed2c3 <unknown>\n#16 0x7fa01669caa4 <unknown>\n#17 0x7fa016729c6c <unknown>","time":{"start":1763464008849,"stop":1763464019201,"duration":10352}},{"uid":"829d210299cad836","reportUrl":"https://Brain-up.github.io/auto-tests-python/751/#testresult/829d210299cad836","status":"skipped","statusDetails":"XFAIL\n\nKeyError: 17","time":{"start":1763380170690,"stop":1763380177057,"duration":6367}},{"uid":"3107074b4f1d2b5c","reportUrl":"https://Brain-up.github.io/auto-tests-python/750/#testresult/3107074b4f1d2b5c","status":"skipped","statusDetails":"XFAIL\n\nselenium.common.exceptions.TimeoutException: Message: Can't find element by locator ('xpath', '//div[@class=\"__51e19\"]')\nStacktrace:\n#0 0x5637ead3932a <unknown>\n#1 0x5637ea785e4b <unknown>\n#2 0x5637ea7d882b <unknown>\n#3 0x5637ea7d8a61 <unknown>\n#4 0x5637ea827a44 <unknown>\n#5 0x5637ea824df7 <unknown>\n#6 0x5637ea7cac1a <unknown>\n#7 0x5637ea7cb921 <unknown>\n#8 0x5637ead00239 <unknown>\n#9 0x5637ead031e8 <unknown>\n#10 0x5637eace94c9 <unknown>\n#11 0x5637ead03db5 <unknown>\n#12 0x5637eacd0e93 <unknown>\n#13 0x5637ead26098 <unknown>\n#14 0x5637ead26273 <unknown>\n#15 0x5637ead382c3 <unknown>\n#16 0x7f72adc9caa4 <unknown>\n#17 0x7f72add29c6c <unknown>","time":{"start":1763296249693,"stop":1763296260037,"duration":10344}},{"uid":"e0644b1eef5d5106","reportUrl":"https://Brain-up.github.io/auto-tests-python/749/#testresult/e0644b1eef5d5106","status":"skipped","statusDetails":"XFAIL\n\nselenium.common.exceptions.TimeoutException: Message: Can't find element by locator ('xpath', '//div[@class=\"__51e19\"]')\nStacktrace:\n#0 0x55bb51ba132a <unknown>\n#1 0x55bb515ede4b <unknown>\n#2 0x55bb5164082b <unknown>\n#3 0x55bb51640a61 <unknown>\n#4 0x55bb5168fa44 <unknown>\n#5 0x55bb5168cdf7 <unknown>\n#6 0x55bb51632c1a <unknown>\n#7 0x55bb51633921 <unknown>\n#8 0x55bb51b68239 <unknown>\n#9 0x55bb51b6b1e8 <unknown>\n#10 0x55bb51b514c9 <unknown>\n#11 0x55bb51b6bdb5 <unknown>\n#12 0x55bb51b38e93 <unknown>\n#13 0x55bb51b8e098 <unknown>\n#14 0x55bb51b8e273 <unknown>\n#15 0x55bb51ba02c3 <unknown>\n#16 0x7f191149caa4 <unknown>\n#17 0x7f1911529c6c <unknown>","time":{"start":1763199890996,"stop":1763199901326,"duration":10330}},{"uid":"89279bb3565089f5","reportUrl":"https://Brain-up.github.io/auto-tests-python/748/#testresult/89279bb3565089f5","status":"skipped","statusDetails":"XFAIL\n\nKeyError: 6","time":{"start":1763121163079,"stop":1763121168762,"duration":5683}},{"uid":"20ff31f7a6036d30","reportUrl":"https://Brain-up.github.io/auto-tests-python/747/#testresult/20ff31f7a6036d30","status":"skipped","statusDetails":"XFAIL\n\nselenium.common.exceptions.TimeoutException: Message: Can't find element by locator ('xpath', '//div[@class=\"__51e19\"]')\nStacktrace:\n#0 0x562a40ef1aea <unknown>\n#1 0x562a4093dcdb <unknown>\n#2 0x562a409906c4 <unknown>\n#3 0x562a40990901 <unknown>\n#4 0x562a409df8b4 <unknown>\n#5 0x562a409dcc87 <unknown>\n#6 0x562a40982aca <unknown>\n#7 0x562a409837d1 <unknown>\n#8 0x562a40eb8ab9 <unknown>\n#9 0x562a40ebba8c <unknown>\n#10 0x562a40ea1d49 <unknown>\n#11 0x562a40ebc685 <unknown>\n#12 0x562a40e896c3 <unknown>\n#13 0x562a40ede7d8 <unknown>\n#14 0x562a40ede9b3 <unknown>\n#15 0x562a40ef0a83 <unknown>\n#16 0x7fc73609caa4 <unknown>\n#17 0x7fc736129c6c <unknown>","time":{"start":1763039511815,"stop":1763039522145,"duration":10330}},{"uid":"800b4218a0d595c9","reportUrl":"https://Brain-up.github.io/auto-tests-python/746/#testresult/800b4218a0d595c9","status":"skipped","statusDetails":"XFAIL\n\nselenium.common.exceptions.TimeoutException: Message: Can't find element by locator ('xpath', '//div[@class=\"__51e19\"]')\nStacktrace:\n#0 0x559e01cf6aea <unknown>\n#1 0x559e01742cdb <unknown>\n#2 0x559e017956c4 <unknown>\n#3 0x559e01795901 <unknown>\n#4 0x559e017e48b4 <unknown>\n#5 0x559e017e1c87 <unknown>\n#6 0x559e01787aca <unknown>\n#7 0x559e017887d1 <unknown>\n#8 0x559e01cbdab9 <unknown>\n#9 0x559e01cc0a8c <unknown>\n#10 0x559e01ca6d49 <unknown>\n#11 0x559e01cc1685 <unknown>\n#12 0x559e01c8e6c3 <unknown>\n#13 0x559e01ce37d8 <unknown>\n#14 0x559e01ce39b3 <unknown>\n#15 0x559e01cf5a83 <unknown>\n#16 0x7feb7269caa4 <unknown>\n#17 0x7feb72729c6c <unknown>","time":{"start":1762956371213,"stop":1762956381610,"duration":10397}},{"uid":"9971e8e206de5b76","reportUrl":"https://Brain-up.github.io/auto-tests-python/745/#testresult/9971e8e206de5b76","status":"skipped","statusDetails":"XFAIL\n\nselenium.common.exceptions.TimeoutException: Message: Can't find element by locator ('xpath', '//div[@class=\"__51e19\"]')\nStacktrace:\n#0 0x55daf2449aea <unknown>\n#1 0x55daf1e95cdb <unknown>\n#2 0x55daf1ee86c4 <unknown>\n#3 0x55daf1ee8901 <unknown>\n#4 0x55daf1f378b4 <unknown>\n#5 0x55daf1f34c87 <unknown>\n#6 0x55daf1edaaca <unknown>\n#7 0x55daf1edb7d1 <unknown>\n#8 0x55daf2410ab9 <unknown>\n#9 0x55daf2413a8c <unknown>\n#10 0x55daf23f9d49 <unknown>\n#11 0x55daf2414685 <unknown>\n#12 0x55daf23e16c3 <unknown>\n#13 0x55daf24367d8 <unknown>\n#14 0x55daf24369b3 <unknown>\n#15 0x55daf2448a83 <unknown>\n#16 0x7f501089caa4 <unknown>\n#17 0x7f5010929c6c <unknown>","time":{"start":1762852089760,"stop":1762852100218,"duration":10458}},{"uid":"f8a3aebf096eae1","reportUrl":"https://Brain-up.github.io/auto-tests-python/744/#testresult/f8a3aebf096eae1","status":"skipped","statusDetails":"XFAIL\n\nselenium.common.exceptions.TimeoutException: Message: Can't find element by locator ('xpath', '//div[@class=\"__51e19\"]')\nStacktrace:\n#0 0x55714d912aea <unknown>\n#1 0x55714d35ecdb <unknown>\n#2 0x55714d3b16c4 <unknown>\n#3 0x55714d3b1901 <unknown>\n#4 0x55714d4008b4 <unknown>\n#5 0x55714d3fdc87 <unknown>\n#6 0x55714d3a3aca <unknown>\n#7 0x55714d3a47d1 <unknown>\n#8 0x55714d8d9ab9 <unknown>\n#9 0x55714d8dca8c <unknown>\n#10 0x55714d8c2d49 <unknown>\n#11 0x55714d8dd685 <unknown>\n#12 0x55714d8aa6c3 <unknown>\n#13 0x55714d8ff7d8 <unknown>\n#14 0x55714d8ff9b3 <unknown>\n#15 0x55714d911a83 <unknown>\n#16 0x7fb3b849caa4 <unknown>\n#17 0x7fb3b8529c6c <unknown>","time":{"start":1762772779302,"stop":1762772789653,"duration":10351}},{"uid":"e134c79f0dcba08e","reportUrl":"https://Brain-up.github.io/auto-tests-python/743/#testresult/e134c79f0dcba08e","status":"skipped","statusDetails":"XFAIL\n\nselenium.common.exceptions.TimeoutException: Message: Can't find element by locator ('xpath', '//div[@class=\"__51e19\"]')\nStacktrace:\n#0 0x557652abfaea <unknown>\n#1 0x55765250bcdb <unknown>\n#2 0x55765255e6c4 <unknown>\n#3 0x55765255e901 <unknown>\n#4 0x5576525ad8b4 <unknown>\n#5 0x5576525aac87 <unknown>\n#6 0x557652550aca <unknown>\n#7 0x5576525517d1 <unknown>\n#8 0x557652a86ab9 <unknown>\n#9 0x557652a89a8c <unknown>\n#10 0x557652a6fd49 <unknown>\n#11 0x557652a8a685 <unknown>\n#12 0x557652a576c3 <unknown>\n#13 0x557652aac7d8 <unknown>\n#14 0x557652aac9b3 <unknown>\n#15 0x557652abea83 <unknown>\n#16 0x7fc450a9caa4 <unknown>\n#17 0x7fc450b29c6c <unknown>","time":{"start":1762680487939,"stop":1762680498275,"duration":10336}},{"uid":"7e324e6adada7df8","reportUrl":"https://Brain-up.github.io/auto-tests-python/742/#testresult/7e324e6adada7df8","status":"skipped","statusDetails":"XFAIL\n\nselenium.common.exceptions.TimeoutException: Message: Can't find element by locator ('xpath', '//div[@class=\"__51e19\"]')\nStacktrace:\n#0 0x55f761b3eaea <unknown>\n#1 0x55f76158acdb <unknown>\n#2 0x55f7615dd6c4 <unknown>\n#3 0x55f7615dd901 <unknown>\n#4 0x55f76162c8b4 <unknown>\n#5 0x55f761629c87 <unknown>\n#6 0x55f7615cfaca <unknown>\n#7 0x55f7615d07d1 <unknown>\n#8 0x55f761b05ab9 <unknown>\n#9 0x55f761b08a8c <unknown>\n#10 0x55f761aeed49 <unknown>\n#11 0x55f761b09685 <unknown>\n#12 0x55f761ad66c3 <unknown>\n#13 0x55f761b2b7d8 <unknown>\n#14 0x55f761b2b9b3 <unknown>\n#15 0x55f761b3da83 <unknown>\n#16 0x7f587ac9caa4 <unknown>\n#17 0x7f587ad29c6c <unknown>","time":{"start":1762597301413,"stop":1762597311757,"duration":10344}},{"uid":"fec78855ca9687d9","reportUrl":"https://Brain-up.github.io/auto-tests-python/741/#testresult/fec78855ca9687d9","status":"skipped","statusDetails":"XFAIL\n\nselenium.common.exceptions.TimeoutException: Message: Can't find element by locator ('xpath', '//div[@class=\"__51e19\"]')\nStacktrace:\n#0 0x562baa657aea <unknown>\n#1 0x562baa0a3cdb <unknown>\n#2 0x562baa0f66c4 <unknown>\n#3 0x562baa0f6901 <unknown>\n#4 0x562baa1458b4 <unknown>\n#5 0x562baa142c87 <unknown>\n#6 0x562baa0e8aca <unknown>\n#7 0x562baa0e97d1 <unknown>\n#8 0x562baa61eab9 <unknown>\n#9 0x562baa621a8c <unknown>\n#10 0x562baa607d49 <unknown>\n#11 0x562baa622685 <unknown>\n#12 0x562baa5ef6c3 <unknown>\n#13 0x562baa6447d8 <unknown>\n#14 0x562baa6449b3 <unknown>\n#15 0x562baa656a83 <unknown>\n#16 0x7f5a78e9caa4 <unknown>\n#17 0x7f5a78f29c6c <unknown>","time":{"start":1762513413145,"stop":1762513423498,"duration":10353}}]},"tags":["@pytest.mark.xfail"]},"source":"6a9f506339023fc4.json","parameterValues":[]}