{"uid":"765157f803f09427","name":"Select random card from \"Word\" group and compare UI vs BACKEND data","fullName":"tests.test_speech_exercises_en.TestCardsEN#test_random_word_cards_en","historyId":"84999af5e98c6318908a9abbfe6fc3a3","time":{"start":1764329293282,"stop":1764329303642,"duration":10360},"status":"skipped","statusMessage":"XFAIL\n\nselenium.common.exceptions.TimeoutException: Message: Can't find element by locator ('xpath', '//button[@data-test-active-link=\"Words\"]')\nStacktrace:\n#0 0x563163e1c32a <unknown>\n#1 0x563163868e4b <unknown>\n#2 0x5631638bb82b <unknown>\n#3 0x5631638bba61 <unknown>\n#4 0x56316390aa44 <unknown>\n#5 0x563163907df7 <unknown>\n#6 0x5631638adc1a <unknown>\n#7 0x5631638ae921 <unknown>\n#8 0x563163de3239 <unknown>\n#9 0x563163de61e8 <unknown>\n#10 0x563163dcc4c9 <unknown>\n#11 0x563163de6db5 <unknown>\n#12 0x563163db3e93 <unknown>\n#13 0x563163e09098 <unknown>\n#14 0x563163e09273 <unknown>\n#15 0x563163e1b2c3 <unknown>\n#16 0x7f112569caa4 <unknown>\n#17 0x7f1125729c6c <unknown>","statusTrace":"self = <tests.test_speech_exercises_en.TestCardsEN object at 0x7f0f10456bd0>\ndriver = <selenium.webdriver.chrome.webdriver.WebDriver (session=\"440358ddabc478b99c2221fed7446bff\")>\nspecialist_user_authorized = None\n\n    @pytest.mark.xfail\n    @allure.suite(\"Speech exercises EN.\")\n    @allure.title('Select random card from \"Word\" group and compare UI vs BACKEND data')\n    def test_random_word_cards_en(self, driver, specialist_user_authorized):\n        page = SpeechExercisesPage(driver)\n>       page.select_group(SpeechExercisesPageLocators.WORDS_BUTTON_EN)\n\ntests/test_speech_exercises_en.py:16: \n_ _ _ _ _ _ _ _ _ _ _ _ _ _ _ _ _ _ _ _ _ _ _ _ _ _ _ _ _ _ _ _ _ _ _ _ _ _ _ _ \npages/speech_exercises_page_en.py:18: in select_group\n    text_of_the_button = self.element_is_present_and_clickable(selector_for_sub_group)\npages/base_page.py:40: in element_is_present_and_clickable\n    return (Wait(self.driver, self.timeout).until(\n_ _ _ _ _ _ _ _ _ _ _ _ _ _ _ _ _ _ _ _ _ _ _ _ _ _ _ _ _ _ _ _ _ _ _ _ _ _ _ _ \n\nself = <selenium.webdriver.support.wait.WebDriverWait (session=\"440358ddabc478b99c2221fed7446bff\")>\nmethod = <function visibility_of_element_located.<locals>._predicate at 0x7f0f102e3e20>\nmessage = 'Can\\'t find element by locator (\\'xpath\\', \\'//button[@data-test-active-link=\"Words\"]\\')'\n\n    def until(self, method, message: str = \"\"):\n        \"\"\"Calls the method provided with the driver as an argument until the \\\n        return value does not evaluate to ``False``.\n    \n        :param method: callable(WebDriver)\n        :param message: optional message for :exc:`TimeoutException`\n        :returns: the result of the last call to `method`\n        :raises: :exc:`selenium.common.exceptions.TimeoutException` if timeout occurs\n        \"\"\"\n        screen = None\n        stacktrace = None\n    \n        end_time = time.monotonic() + self._timeout\n        while True:\n            try:\n                value = method(self._driver)\n                if value:\n                    return value\n            except self._ignored_exceptions as exc:\n                screen = getattr(exc, \"screen\", None)\n                stacktrace = getattr(exc, \"stacktrace\", None)\n            time.sleep(self._poll)\n            if time.monotonic() > end_time:\n                break\n>       raise TimeoutException(message, screen, stacktrace)\nE       selenium.common.exceptions.TimeoutException: Message: Can't find element by locator ('xpath', '//button[@data-test-active-link=\"Words\"]')\nE       Stacktrace:\nE       #0 0x563163e1c32a <unknown>\nE       #1 0x563163868e4b <unknown>\nE       #2 0x5631638bb82b <unknown>\nE       #3 0x5631638bba61 <unknown>\nE       #4 0x56316390aa44 <unknown>\nE       #5 0x563163907df7 <unknown>\nE       #6 0x5631638adc1a <unknown>\nE       #7 0x5631638ae921 <unknown>\nE       #8 0x563163de3239 <unknown>\nE       #9 0x563163de61e8 <unknown>\nE       #10 0x563163dcc4c9 <unknown>\nE       #11 0x563163de6db5 <unknown>\nE       #12 0x563163db3e93 <unknown>\nE       #13 0x563163e09098 <unknown>\nE       #14 0x563163e09273 <unknown>\nE       #15 0x563163e1b2c3 <unknown>\nE       #16 0x7f112569caa4 <unknown>\nE       #17 0x7f1125729c6c <unknown>\n\n/opt/hostedtoolcache/Python/3.12.12/x64/lib/python3.12/site-packages/selenium/webdriver/support/wait.py:95: TimeoutException","flaky":false,"newFailed":false,"newBroken":false,"newPassed":false,"retriesCount":0,"retriesStatusChange":false,"beforeStages":[{"name":"clear_allure_results_folder","time":{"start":1764328190331,"stop":1764328190331,"duration":0},"status":"passed","steps":[],"attachments":[],"parameters":[],"stepsCount":0,"shouldDisplayMessage":false,"attachmentsCount":0,"hasContent":false,"attachmentStep":false},{"name":"driver","time":{"start":1764329287451,"stop":1764329288218,"duration":767},"status":"passed","steps":[],"attachments":[],"parameters":[],"stepsCount":0,"shouldDisplayMessage":false,"attachmentsCount":0,"hasContent":false,"attachmentStep":false},{"name":"main_page_open","time":{"start":1764329288218,"stop":1764329290841,"duration":2623},"status":"passed","steps":[{"name":"Open page: https://www.brainup.site/","time":{"start":1764329288218,"stop":1764329290841,"duration":2623},"status":"passed","steps":[],"attachments":[],"parameters":[{"name":"driver","value":"<selenium.webdriver.chrome.webdriver.WebDriver (session=\"440358ddabc478b99c2221fed7446bff\")>"}],"stepsCount":0,"shouldDisplayMessage":false,"attachmentsCount":0,"hasContent":true,"attachmentStep":false}],"attachments":[],"parameters":[],"stepsCount":1,"shouldDisplayMessage":false,"attachmentsCount":0,"hasContent":true,"attachmentStep":false},{"name":"specialist_user_authorized","time":{"start":1764329290841,"stop":1764329293282,"duration":2441},"status":"passed","steps":[{"name":"USER specialist authorized","time":{"start":1764329290841,"stop":1764329293282,"duration":2441},"status":"passed","steps":[{"name":"Check url is present: https://www.brainup.site/groups","time":{"start":1764329291239,"stop":1764329293258,"duration":2019},"status":"passed","steps":[],"attachments":[],"parameters":[],"stepsCount":0,"shouldDisplayMessage":false,"attachmentsCount":0,"hasContent":false,"attachmentStep":false},{"name":"Loader checking","time":{"start":1764329293258,"stop":1764329293281,"duration":23},"status":"passed","steps":[],"attachments":[],"parameters":[],"stepsCount":0,"shouldDisplayMessage":false,"attachmentsCount":0,"hasContent":false,"attachmentStep":false}],"attachments":[],"parameters":[{"name":"driver","value":"<selenium.webdriver.chrome.webdriver.WebDriver (session=\"440358ddabc478b99c2221fed7446bff\")>"},{"name":"main_page_open","value":"None"}],"stepsCount":2,"shouldDisplayMessage":false,"attachmentsCount":0,"hasContent":true,"attachmentStep":false}],"attachments":[],"parameters":[],"stepsCount":3,"shouldDisplayMessage":false,"attachmentsCount":0,"hasContent":true,"attachmentStep":false}],"testStage":{"status":"skipped","statusMessage":"XFAIL\n\nselenium.common.exceptions.TimeoutException: Message: Can't find element by locator ('xpath', '//button[@data-test-active-link=\"Words\"]')\nStacktrace:\n#0 0x563163e1c32a <unknown>\n#1 0x563163868e4b <unknown>\n#2 0x5631638bb82b <unknown>\n#3 0x5631638bba61 <unknown>\n#4 0x56316390aa44 <unknown>\n#5 0x563163907df7 <unknown>\n#6 0x5631638adc1a <unknown>\n#7 0x5631638ae921 <unknown>\n#8 0x563163de3239 <unknown>\n#9 0x563163de61e8 <unknown>\n#10 0x563163dcc4c9 <unknown>\n#11 0x563163de6db5 <unknown>\n#12 0x563163db3e93 <unknown>\n#13 0x563163e09098 <unknown>\n#14 0x563163e09273 <unknown>\n#15 0x563163e1b2c3 <unknown>\n#16 0x7f112569caa4 <unknown>\n#17 0x7f1125729c6c <unknown>","statusTrace":"self = <tests.test_speech_exercises_en.TestCardsEN object at 0x7f0f10456bd0>\ndriver = <selenium.webdriver.chrome.webdriver.WebDriver (session=\"440358ddabc478b99c2221fed7446bff\")>\nspecialist_user_authorized = None\n\n    @pytest.mark.xfail\n    @allure.suite(\"Speech exercises EN.\")\n    @allure.title('Select random card from \"Word\" group and compare UI vs BACKEND data')\n    def test_random_word_cards_en(self, driver, specialist_user_authorized):\n        page = SpeechExercisesPage(driver)\n>       page.select_group(SpeechExercisesPageLocators.WORDS_BUTTON_EN)\n\ntests/test_speech_exercises_en.py:16: \n_ _ _ _ _ _ _ _ _ _ _ _ _ _ _ _ _ _ _ _ _ _ _ _ _ _ _ _ _ _ _ _ _ _ _ _ _ _ _ _ \npages/speech_exercises_page_en.py:18: in select_group\n    text_of_the_button = self.element_is_present_and_clickable(selector_for_sub_group)\npages/base_page.py:40: in element_is_present_and_clickable\n    return (Wait(self.driver, self.timeout).until(\n_ _ _ _ _ _ _ _ _ _ _ _ _ _ _ _ _ _ _ _ _ _ _ _ _ _ _ _ _ _ _ _ _ _ _ _ _ _ _ _ \n\nself = <selenium.webdriver.support.wait.WebDriverWait (session=\"440358ddabc478b99c2221fed7446bff\")>\nmethod = <function visibility_of_element_located.<locals>._predicate at 0x7f0f102e3e20>\nmessage = 'Can\\'t find element by locator (\\'xpath\\', \\'//button[@data-test-active-link=\"Words\"]\\')'\n\n    def until(self, method, message: str = \"\"):\n        \"\"\"Calls the method provided with the driver as an argument until the \\\n        return value does not evaluate to ``False``.\n    \n        :param method: callable(WebDriver)\n        :param message: optional message for :exc:`TimeoutException`\n        :returns: the result of the last call to `method`\n        :raises: :exc:`selenium.common.exceptions.TimeoutException` if timeout occurs\n        \"\"\"\n        screen = None\n        stacktrace = None\n    \n        end_time = time.monotonic() + self._timeout\n        while True:\n            try:\n                value = method(self._driver)\n                if value:\n                    return value\n            except self._ignored_exceptions as exc:\n                screen = getattr(exc, \"screen\", None)\n                stacktrace = getattr(exc, \"stacktrace\", None)\n            time.sleep(self._poll)\n            if time.monotonic() > end_time:\n                break\n>       raise TimeoutException(message, screen, stacktrace)\nE       selenium.common.exceptions.TimeoutException: Message: Can't find element by locator ('xpath', '//button[@data-test-active-link=\"Words\"]')\nE       Stacktrace:\nE       #0 0x563163e1c32a <unknown>\nE       #1 0x563163868e4b <unknown>\nE       #2 0x5631638bb82b <unknown>\nE       #3 0x5631638bba61 <unknown>\nE       #4 0x56316390aa44 <unknown>\nE       #5 0x563163907df7 <unknown>\nE       #6 0x5631638adc1a <unknown>\nE       #7 0x5631638ae921 <unknown>\nE       #8 0x563163de3239 <unknown>\nE       #9 0x563163de61e8 <unknown>\nE       #10 0x563163dcc4c9 <unknown>\nE       #11 0x563163de6db5 <unknown>\nE       #12 0x563163db3e93 <unknown>\nE       #13 0x563163e09098 <unknown>\nE       #14 0x563163e09273 <unknown>\nE       #15 0x563163e1b2c3 <unknown>\nE       #16 0x7f112569caa4 <unknown>\nE       #17 0x7f1125729c6c <unknown>\n\n/opt/hostedtoolcache/Python/3.12.12/x64/lib/python3.12/site-packages/selenium/webdriver/support/wait.py:95: TimeoutException","steps":[{"name":"select_group","time":{"start":1764329293282,"stop":1764329303642,"duration":10360},"status":"broken","statusMessage":"selenium.common.exceptions.TimeoutException: Message: Can't find element by locator ('xpath', '//button[@data-test-active-link=\"Words\"]')\nStacktrace:\n#0 0x563163e1c32a <unknown>\n#1 0x563163868e4b <unknown>\n#2 0x5631638bb82b <unknown>\n#3 0x5631638bba61 <unknown>\n#4 0x56316390aa44 <unknown>\n#5 0x563163907df7 <unknown>\n#6 0x5631638adc1a <unknown>\n#7 0x5631638ae921 <unknown>\n#8 0x563163de3239 <unknown>\n#9 0x563163de61e8 <unknown>\n#10 0x563163dcc4c9 <unknown>\n#11 0x563163de6db5 <unknown>\n#12 0x563163db3e93 <unknown>\n#13 0x563163e09098 <unknown>\n#14 0x563163e09273 <unknown>\n#15 0x563163e1b2c3 <unknown>\n#16 0x7f112569caa4 <unknown>\n#17 0x7f1125729c6c <unknown>\n\n","statusTrace":"  File \"/opt/hostedtoolcache/Python/3.12.12/x64/lib/python3.12/site-packages/allure_commons/_allure.py\", line 192, in impl\n    return func(*a, **kw)\n           ^^^^^^^^^^^^^^\n  File \"/home/runner/work/auto-tests-python/auto-tests-python/pages/speech_exercises_page_en.py\", line 18, in select_group\n    text_of_the_button = self.element_is_present_and_clickable(selector_for_sub_group)\n                         ^^^^^^^^^^^^^^^^^^^^^^^^^^^^^^^^^^^^^^^^^^^^^^^^^^^^^^^^^^^^^\n  File \"/home/runner/work/auto-tests-python/auto-tests-python/pages/base_page.py\", line 40, in element_is_present_and_clickable\n    return (Wait(self.driver, self.timeout).until(\n            ^^^^^^^^^^^^^^^^^^^^^^^^^^^^^^^^^^^^^^\n  File \"/opt/hostedtoolcache/Python/3.12.12/x64/lib/python3.12/site-packages/selenium/webdriver/support/wait.py\", line 95, in until\n    raise TimeoutException(message, screen, stacktrace)\n","steps":[{"name":"Select Russian language. Click \"EN\" button.","time":{"start":1764329293282,"stop":1764329293363,"duration":81},"status":"passed","steps":[],"attachments":[],"parameters":[],"stepsCount":0,"shouldDisplayMessage":false,"attachmentsCount":0,"hasContent":false,"attachmentStep":false},{"name":"Click button \"SPEECH EXERCISES\".","time":{"start":1764329293363,"stop":1764329293442,"duration":79},"status":"passed","steps":[],"attachments":[],"parameters":[],"stepsCount":0,"shouldDisplayMessage":false,"attachmentsCount":0,"hasContent":false,"attachmentStep":false}],"attachments":[],"parameters":[{"name":"selector_for_sub_group","value":"('xpath', '//button[@data-test-active-link=\"Words\"]')"}],"stepsCount":2,"shouldDisplayMessage":true,"attachmentsCount":0,"hasContent":true,"attachmentStep":false}],"attachments":[],"parameters":[],"stepsCount":3,"shouldDisplayMessage":true,"attachmentsCount":0,"hasContent":true,"attachmentStep":false},"afterStages":[{"name":"driver::0","time":{"start":1764329303653,"stop":1764329303722,"duration":69},"status":"passed","steps":[],"attachments":[],"parameters":[],"stepsCount":0,"shouldDisplayMessage":false,"attachmentsCount":0,"hasContent":false,"attachmentStep":false}],"labels":[{"name":"epic","value":"Speech exercises."},{"name":"suite","value":"Speech exercises EN."},{"name":"tag","value":"@pytest.mark.xfail"},{"name":"parentSuite","value":"tests"},{"name":"subSuite","value":"TestCardsEN"},{"name":"host","value":"runnervmg1sw1"},{"name":"thread","value":"2664-MainThread"},{"name":"framework","value":"pytest"},{"name":"language","value":"cpython3"},{"name":"package","value":"tests.test_speech_exercises_en"},{"name":"resultFormat","value":"allure2"}],"parameters":[],"links":[],"hidden":false,"retry":false,"extra":{"severity":"normal","retries":[],"categories":[],"history":{"statistic":{"failed":0,"broken":0,"skipped":26,"passed":1,"unknown":0,"total":27},"items":[{"uid":"3648f4d0c8f8f55","reportUrl":"https://Brain-up.github.io/auto-tests-python/760/#testresult/3648f4d0c8f8f55","status":"skipped","statusDetails":"XFAIL\n\nselenium.common.exceptions.TimeoutException: Message: Can't find element by locator ('xpath', '//button[@data-test-active-link=\"Words\"]')\nStacktrace:\n#0 0x5596b94c932a <unknown>\n#1 0x5596b8f15e4b <unknown>\n#2 0x5596b8f6882b <unknown>\n#3 0x5596b8f68a61 <unknown>\n#4 0x5596b8fb7a44 <unknown>\n#5 0x5596b8fb4df7 <unknown>\n#6 0x5596b8f5ac1a <unknown>\n#7 0x5596b8f5b921 <unknown>\n#8 0x5596b9490239 <unknown>\n#9 0x5596b94931e8 <unknown>\n#10 0x5596b94794c9 <unknown>\n#11 0x5596b9493db5 <unknown>\n#12 0x5596b9460e93 <unknown>\n#13 0x5596b94b6098 <unknown>\n#14 0x5596b94b6273 <unknown>\n#15 0x5596b94c82c3 <unknown>\n#16 0x7f4b5ea9caa4 <unknown>\n#17 0x7f4b5eb29c6c <unknown>","time":{"start":1764258114019,"stop":1764258124357,"duration":10338}},{"uid":"e89485dbb19cc497","reportUrl":"https://Brain-up.github.io/auto-tests-python/759/#testresult/e89485dbb19cc497","status":"skipped","statusDetails":"XFAIL\n\nselenium.common.exceptions.TimeoutException: Message: Can't find element by locator ('xpath', '//button[@data-test-active-link=\"Words\"]')\nStacktrace:\n#0 0x55cbfcb8132a <unknown>\n#1 0x55cbfc5cde4b <unknown>\n#2 0x55cbfc62082b <unknown>\n#3 0x55cbfc620a61 <unknown>\n#4 0x55cbfc66fa44 <unknown>\n#5 0x55cbfc66cdf7 <unknown>\n#6 0x55cbfc612c1a <unknown>\n#7 0x55cbfc613921 <unknown>\n#8 0x55cbfcb48239 <unknown>\n#9 0x55cbfcb4b1e8 <unknown>\n#10 0x55cbfcb314c9 <unknown>\n#11 0x55cbfcb4bdb5 <unknown>\n#12 0x55cbfcb18e93 <unknown>\n#13 0x55cbfcb6e098 <unknown>\n#14 0x55cbfcb6e273 <unknown>\n#15 0x55cbfcb802c3 <unknown>\n#16 0x7f42f0a9caa4 <unknown>\n#17 0x7f42f0b29c6c <unknown>","time":{"start":1764069707927,"stop":1764069718351,"duration":10424}},{"uid":"c30593f00fdeb5fd","reportUrl":"https://Brain-up.github.io/auto-tests-python/758/#testresult/c30593f00fdeb5fd","status":"skipped","statusDetails":"XFAIL\n\nselenium.common.exceptions.TimeoutException: Message: Can't find element by locator ('xpath', '//button[@data-test-active-link=\"Words\"]')\nStacktrace:\n#0 0x563db2b2832a <unknown>\n#1 0x563db2574e4b <unknown>\n#2 0x563db25c782b <unknown>\n#3 0x563db25c7a61 <unknown>\n#4 0x563db2616a44 <unknown>\n#5 0x563db2613df7 <unknown>\n#6 0x563db25b9c1a <unknown>\n#7 0x563db25ba921 <unknown>\n#8 0x563db2aef239 <unknown>\n#9 0x563db2af21e8 <unknown>\n#10 0x563db2ad84c9 <unknown>\n#11 0x563db2af2db5 <unknown>\n#12 0x563db2abfe93 <unknown>\n#13 0x563db2b15098 <unknown>\n#14 0x563db2b15273 <unknown>\n#15 0x563db2b272c3 <unknown>\n#16 0x7f38fd89caa4 <unknown>\n#17 0x7f38fd929c6c <unknown>","time":{"start":1764011557297,"stop":1764011567651,"duration":10354}},{"uid":"26a8c2f575469b4","reportUrl":"https://Brain-up.github.io/auto-tests-python/757/#testresult/26a8c2f575469b4","status":"passed","statusDetails":"XPASS","time":{"start":1763904119026,"stop":1763904127856,"duration":8830}},{"uid":"3acc05e842523d6e","reportUrl":"https://Brain-up.github.io/auto-tests-python/756/#testresult/3acc05e842523d6e","status":"skipped","statusDetails":"XFAIL\n\nselenium.common.exceptions.TimeoutException: Message: Can't find element by locator ('xpath', '//button[@data-test-active-link=\"Words\"]')\nStacktrace:\n#0 0x56463c63b32a <unknown>\n#1 0x56463c087e4b <unknown>\n#2 0x56463c0da82b <unknown>\n#3 0x56463c0daa61 <unknown>\n#4 0x56463c129a44 <unknown>\n#5 0x56463c126df7 <unknown>\n#6 0x56463c0ccc1a <unknown>\n#7 0x56463c0cd921 <unknown>\n#8 0x56463c602239 <unknown>\n#9 0x56463c6051e8 <unknown>\n#10 0x56463c5eb4c9 <unknown>\n#11 0x56463c605db5 <unknown>\n#12 0x56463c5d2e93 <unknown>\n#13 0x56463c628098 <unknown>\n#14 0x56463c628273 <unknown>\n#15 0x56463c63a2c3 <unknown>\n#16 0x7f849949caa4 <unknown>\n#17 0x7f8499529c6c <unknown>","time":{"start":1763825987810,"stop":1763825998168,"duration":10358}},{"uid":"ef5e9a699c09338f","reportUrl":"https://Brain-up.github.io/auto-tests-python/755/#testresult/ef5e9a699c09338f","status":"skipped","statusDetails":"XFAIL\n\nselenium.common.exceptions.TimeoutException: Message: Can't find element by locator ('xpath', '//button[@data-test-active-link=\"Words\"]')\nStacktrace:\n#0 0x564988f0732a <unknown>\n#1 0x564988953e4b <unknown>\n#2 0x5649889a682b <unknown>\n#3 0x5649889a6a61 <unknown>\n#4 0x5649889f5a44 <unknown>\n#5 0x5649889f2df7 <unknown>\n#6 0x564988998c1a <unknown>\n#7 0x564988999921 <unknown>\n#8 0x564988ece239 <unknown>\n#9 0x564988ed11e8 <unknown>\n#10 0x564988eb74c9 <unknown>\n#11 0x564988ed1db5 <unknown>\n#12 0x564988e9ee93 <unknown>\n#13 0x564988ef4098 <unknown>\n#14 0x564988ef4273 <unknown>\n#15 0x564988f062c3 <unknown>\n#16 0x7fb2dea9caa4 <unknown>\n#17 0x7fb2deb29c6c <unknown>","time":{"start":1763700644924,"stop":1763700655285,"duration":10361}},{"uid":"24ffc0f34a039c78","reportUrl":"https://Brain-up.github.io/auto-tests-python/754/#testresult/24ffc0f34a039c78","status":"skipped","statusDetails":"XFAIL\n\nselenium.common.exceptions.TimeoutException: Message: Can't find element by locator ('xpath', '//button[@data-test-active-link=\"Words\"]')\nStacktrace:\n#0 0x561af224232a <unknown>\n#1 0x561af1c8ee4b <unknown>\n#2 0x561af1ce182b <unknown>\n#3 0x561af1ce1a61 <unknown>\n#4 0x561af1d30a44 <unknown>\n#5 0x561af1d2ddf7 <unknown>\n#6 0x561af1cd3c1a <unknown>\n#7 0x561af1cd4921 <unknown>\n#8 0x561af2209239 <unknown>\n#9 0x561af220c1e8 <unknown>\n#10 0x561af21f24c9 <unknown>\n#11 0x561af220cdb5 <unknown>\n#12 0x561af21d9e93 <unknown>\n#13 0x561af222f098 <unknown>\n#14 0x561af222f273 <unknown>\n#15 0x561af22412c3 <unknown>\n#16 0x7f245449caa4 <unknown>\n#17 0x7f2454529c6c <unknown>","time":{"start":1763644022457,"stop":1763644032885,"duration":10428}},{"uid":"e07d7409559e27e","reportUrl":"https://Brain-up.github.io/auto-tests-python/753/#testresult/e07d7409559e27e","status":"skipped","statusDetails":"XFAIL\n\nselenium.common.exceptions.TimeoutException: Message: Can't find element by locator ('xpath', '//button[@data-test-active-link=\"Words\"]')\nStacktrace:\n#0 0x559d459a032a <unknown>\n#1 0x559d453ece4b <unknown>\n#2 0x559d4543f82b <unknown>\n#3 0x559d4543fa61 <unknown>\n#4 0x559d4548ea44 <unknown>\n#5 0x559d4548bdf7 <unknown>\n#6 0x559d45431c1a <unknown>\n#7 0x559d45432921 <unknown>\n#8 0x559d45967239 <unknown>\n#9 0x559d4596a1e8 <unknown>\n#10 0x559d459504c9 <unknown>\n#11 0x559d4596adb5 <unknown>\n#12 0x559d45937e93 <unknown>\n#13 0x559d4598d098 <unknown>\n#14 0x559d4598d273 <unknown>\n#15 0x559d4599f2c3 <unknown>\n#16 0x7f9c8c29caa4 <unknown>\n#17 0x7f9c8c329c6c <unknown>","time":{"start":1763553270757,"stop":1763553281117,"duration":10360}},{"uid":"86f267b9ce4fab32","reportUrl":"https://Brain-up.github.io/auto-tests-python/752/#testresult/86f267b9ce4fab32","status":"skipped","statusDetails":"XFAIL\n\nselenium.common.exceptions.TimeoutException: Message: Can't find element by locator ('xpath', '//button[@data-test-active-link=\"Words\"]')\nStacktrace:\n#0 0x55d46e33f32a <unknown>\n#1 0x55d46dd8be4b <unknown>\n#2 0x55d46ddde82b <unknown>\n#3 0x55d46dddea61 <unknown>\n#4 0x55d46de2da44 <unknown>\n#5 0x55d46de2adf7 <unknown>\n#6 0x55d46ddd0c1a <unknown>\n#7 0x55d46ddd1921 <unknown>\n#8 0x55d46e306239 <unknown>\n#9 0x55d46e3091e8 <unknown>\n#10 0x55d46e2ef4c9 <unknown>\n#11 0x55d46e309db5 <unknown>\n#12 0x55d46e2d6e93 <unknown>\n#13 0x55d46e32c098 <unknown>\n#14 0x55d46e32c273 <unknown>\n#15 0x55d46e33e2c3 <unknown>\n#16 0x7f811089caa4 <unknown>\n#17 0x7f8110929c6c <unknown>","time":{"start":1763463836792,"stop":1763463847145,"duration":10353}},{"uid":"d93c4e1a221fc8d3","reportUrl":"https://Brain-up.github.io/auto-tests-python/751/#testresult/d93c4e1a221fc8d3","status":"skipped","statusDetails":"XFAIL\n\nselenium.common.exceptions.TimeoutException: Message: Can't find element by locator ('xpath', '//button[@data-test-active-link=\"Words\"]')\nStacktrace:\n#0 0x55d585e4232a <unknown>\n#1 0x55d58588ee4b <unknown>\n#2 0x55d5858e182b <unknown>\n#3 0x55d5858e1a61 <unknown>\n#4 0x55d585930a44 <unknown>\n#5 0x55d58592ddf7 <unknown>\n#6 0x55d5858d3c1a <unknown>\n#7 0x55d5858d4921 <unknown>\n#8 0x55d585e09239 <unknown>\n#9 0x55d585e0c1e8 <unknown>\n#10 0x55d585df24c9 <unknown>\n#11 0x55d585e0cdb5 <unknown>\n#12 0x55d585dd9e93 <unknown>\n#13 0x55d585e2f098 <unknown>\n#14 0x55d585e2f273 <unknown>\n#15 0x55d585e412c3 <unknown>\n#16 0x7f697a49caa4 <unknown>\n#17 0x7f697a529c6c <unknown>","time":{"start":1763379746321,"stop":1763379756668,"duration":10347}},{"uid":"b03705d42b880d05","reportUrl":"https://Brain-up.github.io/auto-tests-python/750/#testresult/b03705d42b880d05","status":"skipped","statusDetails":"XFAIL\n\nselenium.common.exceptions.TimeoutException: Message: Can't find element by locator ('xpath', '//button[@data-test-active-link=\"Words\"]')\nStacktrace:\n#0 0x55e410a6b32a <unknown>\n#1 0x55e4104b7e4b <unknown>\n#2 0x55e41050a82b <unknown>\n#3 0x55e41050aa61 <unknown>\n#4 0x55e410559a44 <unknown>\n#5 0x55e410556df7 <unknown>\n#6 0x55e4104fcc1a <unknown>\n#7 0x55e4104fd921 <unknown>\n#8 0x55e410a32239 <unknown>\n#9 0x55e410a351e8 <unknown>\n#10 0x55e410a1b4c9 <unknown>\n#11 0x55e410a35db5 <unknown>\n#12 0x55e410a02e93 <unknown>\n#13 0x55e410a58098 <unknown>\n#14 0x55e410a58273 <unknown>\n#15 0x55e410a6a2c3 <unknown>\n#16 0x7fa5d1a9caa4 <unknown>\n#17 0x7fa5d1b29c6c <unknown>","time":{"start":1763296076800,"stop":1763296087148,"duration":10348}},{"uid":"3d905ab1eaaa22ed","reportUrl":"https://Brain-up.github.io/auto-tests-python/749/#testresult/3d905ab1eaaa22ed","status":"skipped","statusDetails":"XFAIL\n\nselenium.common.exceptions.TimeoutException: Message: Can't find element by locator ('xpath', '//button[@data-test-active-link=\"Words\"]')\nStacktrace:\n#0 0x55e81d61d32a <unknown>\n#1 0x55e81d069e4b <unknown>\n#2 0x55e81d0bc82b <unknown>\n#3 0x55e81d0bca61 <unknown>\n#4 0x55e81d10ba44 <unknown>\n#5 0x55e81d108df7 <unknown>\n#6 0x55e81d0aec1a <unknown>\n#7 0x55e81d0af921 <unknown>\n#8 0x55e81d5e4239 <unknown>\n#9 0x55e81d5e71e8 <unknown>\n#10 0x55e81d5cd4c9 <unknown>\n#11 0x55e81d5e7db5 <unknown>\n#12 0x55e81d5b4e93 <unknown>\n#13 0x55e81d60a098 <unknown>\n#14 0x55e81d60a273 <unknown>\n#15 0x55e81d61c2c3 <unknown>\n#16 0x7f95e929caa4 <unknown>\n#17 0x7f95e9329c6c <unknown>","time":{"start":1763199695807,"stop":1763199706164,"duration":10357}},{"uid":"50d04deb7bacc213","reportUrl":"https://Brain-up.github.io/auto-tests-python/748/#testresult/50d04deb7bacc213","status":"skipped","statusDetails":"XFAIL\n\nselenium.common.exceptions.TimeoutException: Message: Can't find element by locator ('xpath', '//button[@data-test-active-link=\"Words\"]')\nStacktrace:\n#0 0x564e3bf8faea <unknown>\n#1 0x564e3b9dbcdb <unknown>\n#2 0x564e3ba2e6c4 <unknown>\n#3 0x564e3ba2e901 <unknown>\n#4 0x564e3ba7d8b4 <unknown>\n#5 0x564e3ba7ac87 <unknown>\n#6 0x564e3ba20aca <unknown>\n#7 0x564e3ba217d1 <unknown>\n#8 0x564e3bf56ab9 <unknown>\n#9 0x564e3bf59a8c <unknown>\n#10 0x564e3bf3fd49 <unknown>\n#11 0x564e3bf5a685 <unknown>\n#12 0x564e3bf276c3 <unknown>\n#13 0x564e3bf7c7d8 <unknown>\n#14 0x564e3bf7c9b3 <unknown>\n#15 0x564e3bf8ea83 <unknown>\n#16 0x7fc13a49caa4 <unknown>\n#17 0x7fc13a529c6c <unknown>","time":{"start":1763120975124,"stop":1763120985525,"duration":10401}},{"uid":"2333c9fa673b840b","reportUrl":"https://Brain-up.github.io/auto-tests-python/747/#testresult/2333c9fa673b840b","status":"skipped","statusDetails":"XFAIL\n\nselenium.common.exceptions.TimeoutException: Message: Can't find element by locator ('xpath', '//button[@data-test-active-link=\"Words\"]')\nStacktrace:\n#0 0x55b9a8658aea <unknown>\n#1 0x55b9a80a4cdb <unknown>\n#2 0x55b9a80f76c4 <unknown>\n#3 0x55b9a80f7901 <unknown>\n#4 0x55b9a81468b4 <unknown>\n#5 0x55b9a8143c87 <unknown>\n#6 0x55b9a80e9aca <unknown>\n#7 0x55b9a80ea7d1 <unknown>\n#8 0x55b9a861fab9 <unknown>\n#9 0x55b9a8622a8c <unknown>\n#10 0x55b9a8608d49 <unknown>\n#11 0x55b9a8623685 <unknown>\n#12 0x55b9a85f06c3 <unknown>\n#13 0x55b9a86457d8 <unknown>\n#14 0x55b9a86459b3 <unknown>\n#15 0x55b9a8657a83 <unknown>\n#16 0x7f2d4b89caa4 <unknown>\n#17 0x7f2d4b929c6c <unknown>","time":{"start":1763039317326,"stop":1763039327670,"duration":10344}},{"uid":"a9a91117d29df3e3","reportUrl":"https://Brain-up.github.io/auto-tests-python/746/#testresult/a9a91117d29df3e3","status":"skipped","statusDetails":"XFAIL\n\nselenium.common.exceptions.TimeoutException: Message: Can't find element by locator ('xpath', '//button[@data-test-active-link=\"Words\"]')\nStacktrace:\n#0 0x55d3ab655aea <unknown>\n#1 0x55d3ab0a1cdb <unknown>\n#2 0x55d3ab0f46c4 <unknown>\n#3 0x55d3ab0f4901 <unknown>\n#4 0x55d3ab1438b4 <unknown>\n#5 0x55d3ab140c87 <unknown>\n#6 0x55d3ab0e6aca <unknown>\n#7 0x55d3ab0e77d1 <unknown>\n#8 0x55d3ab61cab9 <unknown>\n#9 0x55d3ab61fa8c <unknown>\n#10 0x55d3ab605d49 <unknown>\n#11 0x55d3ab620685 <unknown>\n#12 0x55d3ab5ed6c3 <unknown>\n#13 0x55d3ab6427d8 <unknown>\n#14 0x55d3ab6429b3 <unknown>\n#15 0x55d3ab654a83 <unknown>\n#16 0x7f8d94a9caa4 <unknown>\n#17 0x7f8d94b29c6c <unknown>","time":{"start":1762956190115,"stop":1762956200476,"duration":10361}},{"uid":"1933f3344d61ad3","reportUrl":"https://Brain-up.github.io/auto-tests-python/745/#testresult/1933f3344d61ad3","status":"skipped","statusDetails":"XFAIL\n\nselenium.common.exceptions.TimeoutException: Message: Can't find element by locator ('xpath', '//button[@data-test-active-link=\"Words\"]')\nStacktrace:\n#0 0x562c94c7daea <unknown>\n#1 0x562c946c9cdb <unknown>\n#2 0x562c9471c6c4 <unknown>\n#3 0x562c9471c901 <unknown>\n#4 0x562c9476b8b4 <unknown>\n#5 0x562c94768c87 <unknown>\n#6 0x562c9470eaca <unknown>\n#7 0x562c9470f7d1 <unknown>\n#8 0x562c94c44ab9 <unknown>\n#9 0x562c94c47a8c <unknown>\n#10 0x562c94c2dd49 <unknown>\n#11 0x562c94c48685 <unknown>\n#12 0x562c94c156c3 <unknown>\n#13 0x562c94c6a7d8 <unknown>\n#14 0x562c94c6a9b3 <unknown>\n#15 0x562c94c7ca83 <unknown>\n#16 0x7efd9a89caa4 <unknown>\n#17 0x7efd9a929c6c <unknown>","time":{"start":1762851904803,"stop":1762851915180,"duration":10377}},{"uid":"f11d4e5167e0a3dc","reportUrl":"https://Brain-up.github.io/auto-tests-python/744/#testresult/f11d4e5167e0a3dc","status":"skipped","statusDetails":"XFAIL\n\nselenium.common.exceptions.TimeoutException: Message: Can't find element by locator ('xpath', '//button[@data-test-active-link=\"Words\"]')\nStacktrace:\n#0 0x558dd780caea <unknown>\n#1 0x558dd7258cdb <unknown>\n#2 0x558dd72ab6c4 <unknown>\n#3 0x558dd72ab901 <unknown>\n#4 0x558dd72fa8b4 <unknown>\n#5 0x558dd72f7c87 <unknown>\n#6 0x558dd729daca <unknown>\n#7 0x558dd729e7d1 <unknown>\n#8 0x558dd77d3ab9 <unknown>\n#9 0x558dd77d6a8c <unknown>\n#10 0x558dd77bcd49 <unknown>\n#11 0x558dd77d7685 <unknown>\n#12 0x558dd77a46c3 <unknown>\n#13 0x558dd77f97d8 <unknown>\n#14 0x558dd77f99b3 <unknown>\n#15 0x558dd780ba83 <unknown>\n#16 0x7f937649caa4 <unknown>\n#17 0x7f9376529c6c <unknown>","time":{"start":1762772596702,"stop":1762772607078,"duration":10376}},{"uid":"45b27461f5f145d3","reportUrl":"https://Brain-up.github.io/auto-tests-python/743/#testresult/45b27461f5f145d3","status":"skipped","statusDetails":"XFAIL\n\nselenium.common.exceptions.StaleElementReferenceException: Message: stale element reference: stale element not found in the current frame\n  (Session info: chrome=142.0.7444.59); For documentation on this error, please visit: https://www.selenium.dev/documentation/webdriver/troubleshooting/errors#stale-element-reference-exception\nStacktrace:\n#0 0x56189fd65aea <unknown>\n#1 0x56189f7b1cdb <unknown>\n#2 0x56189f7b8b96 <unknown>\n#3 0x56189f7bb313 <unknown>\n#4 0x56189f7bb3e3 <unknown>\n#5 0x56189f7fec1d <unknown>\n#6 0x56189f7f8387 <unknown>\n#7 0x56189f850c87 <unknown>\n#8 0x56189f7f6aca <unknown>\n#9 0x56189f7f77d1 <unknown>\n#10 0x56189fd2cab9 <unknown>\n#11 0x56189fd2fa8c <unknown>\n#12 0x56189fd15d49 <unknown>\n#13 0x56189fd30685 <unknown>\n#14 0x56189fcfd6c3 <unknown>\n#15 0x56189fd527d8 <unknown>\n#16 0x56189fd529b3 <unknown>\n#17 0x56189fd64a83 <unknown>\n#18 0x7fbf65a9caa4 <unknown>\n#19 0x7fbf65b29c6c <unknown>","time":{"start":1762680314082,"stop":1762680315329,"duration":1247}},{"uid":"4c3326d7051ee34c","reportUrl":"https://Brain-up.github.io/auto-tests-python/742/#testresult/4c3326d7051ee34c","status":"skipped","statusDetails":"XFAIL\n\nselenium.common.exceptions.TimeoutException: Message: Can't find element by locator ('xpath', '//button[@data-test-active-link=\"Words\"]')\nStacktrace:\n#0 0x55e705504aea <unknown>\n#1 0x55e704f50cdb <unknown>\n#2 0x55e704fa36c4 <unknown>\n#3 0x55e704fa3901 <unknown>\n#4 0x55e704ff28b4 <unknown>\n#5 0x55e704fefc87 <unknown>\n#6 0x55e704f95aca <unknown>\n#7 0x55e704f967d1 <unknown>\n#8 0x55e7054cbab9 <unknown>\n#9 0x55e7054cea8c <unknown>\n#10 0x55e7054b4d49 <unknown>\n#11 0x55e7054cf685 <unknown>\n#12 0x55e70549c6c3 <unknown>\n#13 0x55e7054f17d8 <unknown>\n#14 0x55e7054f19b3 <unknown>\n#15 0x55e705503a83 <unknown>\n#16 0x7ffa19c9caa4 <unknown>\n#17 0x7ffa19d29c6c <unknown>","time":{"start":1762597098910,"stop":1762597109285,"duration":10375}},{"uid":"c48b65e256c5b067","reportUrl":"https://Brain-up.github.io/auto-tests-python/741/#testresult/c48b65e256c5b067","status":"skipped","statusDetails":"XFAIL\n\nselenium.common.exceptions.TimeoutException: Message: Can't find element by locator ('xpath', '//button[@data-test-active-link=\"Words\"]')\nStacktrace:\n#0 0x55b9e8a0eaea <unknown>\n#1 0x55b9e845acdb <unknown>\n#2 0x55b9e84ad6c4 <unknown>\n#3 0x55b9e84ad901 <unknown>\n#4 0x55b9e84fc8b4 <unknown>\n#5 0x55b9e84f9c87 <unknown>\n#6 0x55b9e849faca <unknown>\n#7 0x55b9e84a07d1 <unknown>\n#8 0x55b9e89d5ab9 <unknown>\n#9 0x55b9e89d8a8c <unknown>\n#10 0x55b9e89bed49 <unknown>\n#11 0x55b9e89d9685 <unknown>\n#12 0x55b9e89a66c3 <unknown>\n#13 0x55b9e89fb7d8 <unknown>\n#14 0x55b9e89fb9b3 <unknown>\n#15 0x55b9e8a0da83 <unknown>\n#16 0x7f091f49caa4 <unknown>\n#17 0x7f091f529c6c <unknown>","time":{"start":1762513216816,"stop":1762513227216,"duration":10400}}]},"tags":["@pytest.mark.xfail"]},"source":"765157f803f09427.json","parameterValues":[]}