{"uid":"99ab5771da8dc81f","name":"Select a random card from \"Similar phrases\" group and compare UI vs BACKEND data","fullName":"tests.test_speech_exercises_en.TestCardsEN#test_random_cards_in_similar_phrases_en","historyId":"106afe14e1824ad4b55b346a52794d4b","time":{"start":1770376990516,"stop":1770377000892,"duration":10376},"status":"skipped","statusMessage":"XFAIL\n\nselenium.common.exceptions.TimeoutException: Message: Can't find element by locator ('xpath', '//button[@data-test-active-link=\"Similar phrases\"]')\nStacktrace:\n#0 0x563f18befafa <unknown>\n#1 0x563f1860960f <unknown>\n#2 0x563f1865ea16 <unknown>\n#3 0x563f1865ec51 <unknown>\n#4 0x563f186aa404 <unknown>\n#5 0x563f186a762b <unknown>\n#6 0x563f18650842 <unknown>\n#7 0x563f18651631 <unknown>\n#8 0x563f18bb5689 <unknown>\n#9 0x563f18bb8581 <unknown>\n#10 0x563f18ba1ca9 <unknown>\n#11 0x563f18bb913e <unknown>\n#12 0x563f18b883a0 <unknown>\n#13 0x563f18bdcfc8 <unknown>\n#14 0x563f18bdd19b <unknown>\n#15 0x563f18beee68 <unknown>\n#16 0x7f2b6449caa4 <unknown>\n#17 0x7f2b64529c6c <unknown>","statusTrace":"self = <tests.test_speech_exercises_en.TestCardsEN object at 0x7f07dc481be0>\ndriver = <selenium.webdriver.chrome.webdriver.WebDriver (session=\"4354f894f313d2152fc0da21ab490f81\")>\nspecialist_user_authorized = None\n\n    @pytest.mark.xfail\n    @allure.suite(\"Speech exercises EN.\")\n    @allure.title('Select a random card from \"Similar phrases\" group and compare UI vs BACKEND data')\n    def test_random_cards_in_similar_phrases_en(self, driver, specialist_user_authorized):\n        page = SpeechExercisesPage(driver)\n>       page.select_group(SpeechExercisesPageLocators.SIMILAR_PHRASES_EN)\n\ntests/test_speech_exercises_en.py:57: \n_ _ _ _ _ _ _ _ _ _ _ _ _ _ _ _ _ _ _ _ _ _ _ _ _ _ _ _ _ _ _ _ _ _ _ _ _ _ _ _ \npages/speech_exercises_page_en.py:18: in select_group\n    text_of_the_button = self.element_is_present_and_clickable(selector_for_sub_group)\npages/base_page.py:40: in element_is_present_and_clickable\n    return (Wait(self.driver, self.timeout).until(\n_ _ _ _ _ _ _ _ _ _ _ _ _ _ _ _ _ _ _ _ _ _ _ _ _ _ _ _ _ _ _ _ _ _ _ _ _ _ _ _ \n\nself = <selenium.webdriver.support.wait.WebDriverWait (session=\"4354f894f313d2152fc0da21ab490f81\")>\nmethod = <function visibility_of_element_located.<locals>._predicate at 0x7f07dc248a40>\nmessage = 'Can\\'t find element by locator (\\'xpath\\', \\'//button[@data-test-active-link=\"Similar phrases\"]\\')'\n\n    def until(self, method, message: str = \"\"):\n        \"\"\"Calls the method provided with the driver as an argument until the \\\n        return value does not evaluate to ``False``.\n    \n        :param method: callable(WebDriver)\n        :param message: optional message for :exc:`TimeoutException`\n        :returns: the result of the last call to `method`\n        :raises: :exc:`selenium.common.exceptions.TimeoutException` if timeout occurs\n        \"\"\"\n        screen = None\n        stacktrace = None\n    \n        end_time = time.monotonic() + self._timeout\n        while True:\n            try:\n                value = method(self._driver)\n                if value:\n                    return value\n            except self._ignored_exceptions as exc:\n                screen = getattr(exc, \"screen\", None)\n                stacktrace = getattr(exc, \"stacktrace\", None)\n            time.sleep(self._poll)\n            if time.monotonic() > end_time:\n                break\n>       raise TimeoutException(message, screen, stacktrace)\nE       selenium.common.exceptions.TimeoutException: Message: Can't find element by locator ('xpath', '//button[@data-test-active-link=\"Similar phrases\"]')\nE       Stacktrace:\nE       #0 0x563f18befafa <unknown>\nE       #1 0x563f1860960f <unknown>\nE       #2 0x563f1865ea16 <unknown>\nE       #3 0x563f1865ec51 <unknown>\nE       #4 0x563f186aa404 <unknown>\nE       #5 0x563f186a762b <unknown>\nE       #6 0x563f18650842 <unknown>\nE       #7 0x563f18651631 <unknown>\nE       #8 0x563f18bb5689 <unknown>\nE       #9 0x563f18bb8581 <unknown>\nE       #10 0x563f18ba1ca9 <unknown>\nE       #11 0x563f18bb913e <unknown>\nE       #12 0x563f18b883a0 <unknown>\nE       #13 0x563f18bdcfc8 <unknown>\nE       #14 0x563f18bdd19b <unknown>\nE       #15 0x563f18beee68 <unknown>\nE       #16 0x7f2b6449caa4 <unknown>\nE       #17 0x7f2b64529c6c <unknown>\n\n/opt/hostedtoolcache/Python/3.12.12/x64/lib/python3.12/site-packages/selenium/webdriver/support/wait.py:95: TimeoutException","flaky":false,"newFailed":false,"newBroken":false,"newPassed":false,"retriesCount":0,"retriesStatusChange":false,"beforeStages":[{"name":"clear_allure_results_folder","time":{"start":1770375671098,"stop":1770375671098,"duration":0},"status":"passed","steps":[],"attachments":[],"parameters":[],"stepsCount":0,"shouldDisplayMessage":false,"attachmentsCount":0,"hasContent":false,"attachmentStep":false},{"name":"driver","time":{"start":1770376983679,"stop":1770376984427,"duration":748},"status":"passed","steps":[],"attachments":[],"parameters":[],"stepsCount":0,"shouldDisplayMessage":false,"attachmentsCount":0,"hasContent":false,"attachmentStep":false},{"name":"main_page_open","time":{"start":1770376984427,"stop":1770376988090,"duration":3663},"status":"passed","steps":[{"name":"Open page: https://www.brainup.site/","time":{"start":1770376984427,"stop":1770376988090,"duration":3663},"status":"passed","steps":[],"attachments":[],"parameters":[{"name":"driver","value":"<selenium.webdriver.chrome.webdriver.WebDriver (session=\"4354f894f313d2152fc0da21ab490f81\")>"}],"stepsCount":0,"shouldDisplayMessage":false,"attachmentsCount":0,"hasContent":true,"attachmentStep":false}],"attachments":[],"parameters":[],"stepsCount":1,"shouldDisplayMessage":false,"attachmentsCount":0,"hasContent":true,"attachmentStep":false},{"name":"specialist_user_authorized","time":{"start":1770376988090,"stop":1770376990516,"duration":2426},"status":"passed","steps":[{"name":"USER specialist authorized","time":{"start":1770376988090,"stop":1770376990516,"duration":2426},"status":"passed","steps":[{"name":"Check url is present: https://www.brainup.site/groups","time":{"start":1770376988468,"stop":1770376990492,"duration":2024},"status":"passed","steps":[],"attachments":[],"parameters":[],"stepsCount":0,"shouldDisplayMessage":false,"attachmentsCount":0,"hasContent":false,"attachmentStep":false},{"name":"Loader checking","time":{"start":1770376990492,"stop":1770376990516,"duration":24},"status":"passed","steps":[],"attachments":[],"parameters":[],"stepsCount":0,"shouldDisplayMessage":false,"attachmentsCount":0,"hasContent":false,"attachmentStep":false}],"attachments":[],"parameters":[{"name":"driver","value":"<selenium.webdriver.chrome.webdriver.WebDriver (session=\"4354f894f313d2152fc0da21ab490f81\")>"},{"name":"main_page_open","value":"None"}],"stepsCount":2,"shouldDisplayMessage":false,"attachmentsCount":0,"hasContent":true,"attachmentStep":false}],"attachments":[],"parameters":[],"stepsCount":3,"shouldDisplayMessage":false,"attachmentsCount":0,"hasContent":true,"attachmentStep":false}],"testStage":{"status":"skipped","statusMessage":"XFAIL\n\nselenium.common.exceptions.TimeoutException: Message: Can't find element by locator ('xpath', '//button[@data-test-active-link=\"Similar phrases\"]')\nStacktrace:\n#0 0x563f18befafa <unknown>\n#1 0x563f1860960f <unknown>\n#2 0x563f1865ea16 <unknown>\n#3 0x563f1865ec51 <unknown>\n#4 0x563f186aa404 <unknown>\n#5 0x563f186a762b <unknown>\n#6 0x563f18650842 <unknown>\n#7 0x563f18651631 <unknown>\n#8 0x563f18bb5689 <unknown>\n#9 0x563f18bb8581 <unknown>\n#10 0x563f18ba1ca9 <unknown>\n#11 0x563f18bb913e <unknown>\n#12 0x563f18b883a0 <unknown>\n#13 0x563f18bdcfc8 <unknown>\n#14 0x563f18bdd19b <unknown>\n#15 0x563f18beee68 <unknown>\n#16 0x7f2b6449caa4 <unknown>\n#17 0x7f2b64529c6c <unknown>","statusTrace":"self = <tests.test_speech_exercises_en.TestCardsEN object at 0x7f07dc481be0>\ndriver = <selenium.webdriver.chrome.webdriver.WebDriver (session=\"4354f894f313d2152fc0da21ab490f81\")>\nspecialist_user_authorized = None\n\n    @pytest.mark.xfail\n    @allure.suite(\"Speech exercises EN.\")\n    @allure.title('Select a random card from \"Similar phrases\" group and compare UI vs BACKEND data')\n    def test_random_cards_in_similar_phrases_en(self, driver, specialist_user_authorized):\n        page = SpeechExercisesPage(driver)\n>       page.select_group(SpeechExercisesPageLocators.SIMILAR_PHRASES_EN)\n\ntests/test_speech_exercises_en.py:57: \n_ _ _ _ _ _ _ _ _ _ _ _ _ _ _ _ _ _ _ _ _ _ _ _ _ _ _ _ _ _ _ _ _ _ _ _ _ _ _ _ \npages/speech_exercises_page_en.py:18: in select_group\n    text_of_the_button = self.element_is_present_and_clickable(selector_for_sub_group)\npages/base_page.py:40: in element_is_present_and_clickable\n    return (Wait(self.driver, self.timeout).until(\n_ _ _ _ _ _ _ _ _ _ _ _ _ _ _ _ _ _ _ _ _ _ _ _ _ _ _ _ _ _ _ _ _ _ _ _ _ _ _ _ \n\nself = <selenium.webdriver.support.wait.WebDriverWait (session=\"4354f894f313d2152fc0da21ab490f81\")>\nmethod = <function visibility_of_element_located.<locals>._predicate at 0x7f07dc248a40>\nmessage = 'Can\\'t find element by locator (\\'xpath\\', \\'//button[@data-test-active-link=\"Similar phrases\"]\\')'\n\n    def until(self, method, message: str = \"\"):\n        \"\"\"Calls the method provided with the driver as an argument until the \\\n        return value does not evaluate to ``False``.\n    \n        :param method: callable(WebDriver)\n        :param message: optional message for :exc:`TimeoutException`\n        :returns: the result of the last call to `method`\n        :raises: :exc:`selenium.common.exceptions.TimeoutException` if timeout occurs\n        \"\"\"\n        screen = None\n        stacktrace = None\n    \n        end_time = time.monotonic() + self._timeout\n        while True:\n            try:\n                value = method(self._driver)\n                if value:\n                    return value\n            except self._ignored_exceptions as exc:\n                screen = getattr(exc, \"screen\", None)\n                stacktrace = getattr(exc, \"stacktrace\", None)\n            time.sleep(self._poll)\n            if time.monotonic() > end_time:\n                break\n>       raise TimeoutException(message, screen, stacktrace)\nE       selenium.common.exceptions.TimeoutException: Message: Can't find element by locator ('xpath', '//button[@data-test-active-link=\"Similar phrases\"]')\nE       Stacktrace:\nE       #0 0x563f18befafa <unknown>\nE       #1 0x563f1860960f <unknown>\nE       #2 0x563f1865ea16 <unknown>\nE       #3 0x563f1865ec51 <unknown>\nE       #4 0x563f186aa404 <unknown>\nE       #5 0x563f186a762b <unknown>\nE       #6 0x563f18650842 <unknown>\nE       #7 0x563f18651631 <unknown>\nE       #8 0x563f18bb5689 <unknown>\nE       #9 0x563f18bb8581 <unknown>\nE       #10 0x563f18ba1ca9 <unknown>\nE       #11 0x563f18bb913e <unknown>\nE       #12 0x563f18b883a0 <unknown>\nE       #13 0x563f18bdcfc8 <unknown>\nE       #14 0x563f18bdd19b <unknown>\nE       #15 0x563f18beee68 <unknown>\nE       #16 0x7f2b6449caa4 <unknown>\nE       #17 0x7f2b64529c6c <unknown>\n\n/opt/hostedtoolcache/Python/3.12.12/x64/lib/python3.12/site-packages/selenium/webdriver/support/wait.py:95: TimeoutException","steps":[{"name":"select_group","time":{"start":1770376990516,"stop":1770377000891,"duration":10375},"status":"broken","statusMessage":"selenium.common.exceptions.TimeoutException: Message: Can't find element by locator ('xpath', '//button[@data-test-active-link=\"Similar phrases\"]')\nStacktrace:\n#0 0x563f18befafa <unknown>\n#1 0x563f1860960f <unknown>\n#2 0x563f1865ea16 <unknown>\n#3 0x563f1865ec51 <unknown>\n#4 0x563f186aa404 <unknown>\n#5 0x563f186a762b <unknown>\n#6 0x563f18650842 <unknown>\n#7 0x563f18651631 <unknown>\n#8 0x563f18bb5689 <unknown>\n#9 0x563f18bb8581 <unknown>\n#10 0x563f18ba1ca9 <unknown>\n#11 0x563f18bb913e <unknown>\n#12 0x563f18b883a0 <unknown>\n#13 0x563f18bdcfc8 <unknown>\n#14 0x563f18bdd19b <unknown>\n#15 0x563f18beee68 <unknown>\n#16 0x7f2b6449caa4 <unknown>\n#17 0x7f2b64529c6c <unknown>\n\n","statusTrace":"  File \"/opt/hostedtoolcache/Python/3.12.12/x64/lib/python3.12/site-packages/allure_commons/_allure.py\", line 192, in impl\n    return func(*a, **kw)\n           ^^^^^^^^^^^^^^\n  File \"/home/runner/work/auto-tests-python/auto-tests-python/pages/speech_exercises_page_en.py\", line 18, in select_group\n    text_of_the_button = self.element_is_present_and_clickable(selector_for_sub_group)\n                         ^^^^^^^^^^^^^^^^^^^^^^^^^^^^^^^^^^^^^^^^^^^^^^^^^^^^^^^^^^^^^\n  File \"/home/runner/work/auto-tests-python/auto-tests-python/pages/base_page.py\", line 40, in element_is_present_and_clickable\n    return (Wait(self.driver, self.timeout).until(\n            ^^^^^^^^^^^^^^^^^^^^^^^^^^^^^^^^^^^^^^\n  File \"/opt/hostedtoolcache/Python/3.12.12/x64/lib/python3.12/site-packages/selenium/webdriver/support/wait.py\", line 95, in until\n    raise TimeoutException(message, screen, stacktrace)\n","steps":[{"name":"Select Russian language. Click \"EN\" button.","time":{"start":1770376990516,"stop":1770376990595,"duration":79},"status":"passed","steps":[],"attachments":[],"parameters":[],"stepsCount":0,"shouldDisplayMessage":false,"attachmentsCount":0,"hasContent":false,"attachmentStep":false},{"name":"Click button \"SPEECH EXERCISES\".","time":{"start":1770376990595,"stop":1770376990672,"duration":77},"status":"passed","steps":[],"attachments":[],"parameters":[],"stepsCount":0,"shouldDisplayMessage":false,"attachmentsCount":0,"hasContent":false,"attachmentStep":false}],"attachments":[],"parameters":[{"name":"selector_for_sub_group","value":"('xpath', '//button[@data-test-active-link=\"Similar phrases\"]')"}],"stepsCount":2,"shouldDisplayMessage":true,"attachmentsCount":0,"hasContent":true,"attachmentStep":false}],"attachments":[],"parameters":[],"stepsCount":3,"shouldDisplayMessage":true,"attachmentsCount":0,"hasContent":true,"attachmentStep":false},"afterStages":[{"name":"driver::0","time":{"start":1770377000902,"stop":1770377000977,"duration":75},"status":"passed","steps":[],"attachments":[],"parameters":[],"stepsCount":0,"shouldDisplayMessage":false,"attachmentsCount":0,"hasContent":false,"attachmentStep":false}],"labels":[{"name":"suite","value":"Speech exercises EN."},{"name":"epic","value":"Speech exercises."},{"name":"tag","value":"@pytest.mark.xfail"},{"name":"parentSuite","value":"tests"},{"name":"subSuite","value":"TestCardsEN"},{"name":"host","value":"runnervmkj6or"},{"name":"thread","value":"2722-MainThread"},{"name":"framework","value":"pytest"},{"name":"language","value":"cpython3"},{"name":"package","value":"tests.test_speech_exercises_en"},{"name":"resultFormat","value":"allure2"}],"parameters":[],"links":[],"hidden":false,"retry":false,"extra":{"severity":"normal","retries":[],"categories":[],"history":{"statistic":{"failed":0,"broken":0,"skipped":29,"passed":0,"unknown":0,"total":29},"items":[{"uid":"48ec72b77ec95dc8","reportUrl":"https://Brain-up.github.io/auto-tests-python/818/#testresult/48ec72b77ec95dc8","status":"skipped","statusDetails":"XFAIL\n\nselenium.common.exceptions.TimeoutException: Message: Can't find element by locator ('xpath', '//button[@data-test-active-link=\"Similar phrases\"]')\nStacktrace:\n#0 0x5590c826dafa <unknown>\n#1 0x5590c7c8760f <unknown>\n#2 0x5590c7cdca16 <unknown>\n#3 0x5590c7cdcc51 <unknown>\n#4 0x5590c7d28404 <unknown>\n#5 0x5590c7d2562b <unknown>\n#6 0x5590c7cce842 <unknown>\n#7 0x5590c7ccf631 <unknown>\n#8 0x5590c8233689 <unknown>\n#9 0x5590c8236581 <unknown>\n#10 0x5590c821fca9 <unknown>\n#11 0x5590c823713e <unknown>\n#12 0x5590c82063a0 <unknown>\n#13 0x5590c825afc8 <unknown>\n#14 0x5590c825b19b <unknown>\n#15 0x5590c826ce68 <unknown>\n#16 0x7fbce4a9caa4 <unknown>\n#17 0x7fbce4b29c6c <unknown>","time":{"start":1770119466008,"stop":1770119476366,"duration":10358}},{"uid":"375af4917cae82dd","reportUrl":"https://Brain-up.github.io/auto-tests-python/817/#testresult/375af4917cae82dd","status":"skipped","statusDetails":"XFAIL\n\nselenium.common.exceptions.TimeoutException: Message: Can't find element by locator ('xpath', '//button[@data-test-active-link=\"Similar phrases\"]')\nStacktrace:\n#0 0x555c0caafafa <unknown>\n#1 0x555c0c4c960f <unknown>\n#2 0x555c0c51ea16 <unknown>\n#3 0x555c0c51ec51 <unknown>\n#4 0x555c0c56a404 <unknown>\n#5 0x555c0c56762b <unknown>\n#6 0x555c0c510842 <unknown>\n#7 0x555c0c511631 <unknown>\n#8 0x555c0ca75689 <unknown>\n#9 0x555c0ca78581 <unknown>\n#10 0x555c0ca61ca9 <unknown>\n#11 0x555c0ca7913e <unknown>\n#12 0x555c0ca483a0 <unknown>\n#13 0x555c0ca9cfc8 <unknown>\n#14 0x555c0ca9d19b <unknown>\n#15 0x555c0caaee68 <unknown>\n#16 0x7fb89fc9caa4 <unknown>\n#17 0x7fb89fd29c6c <unknown>","time":{"start":1769945724094,"stop":1769945734438,"duration":10344}},{"uid":"ff1a135b5062109f","reportUrl":"https://Brain-up.github.io/auto-tests-python/816/#testresult/ff1a135b5062109f","status":"skipped","statusDetails":"XFAIL\n\nselenium.common.exceptions.TimeoutException: Message: Can't find element by locator ('xpath', '//button[@data-test-active-link=\"Similar phrases\"]')\nStacktrace:\n#0 0x55a9f807eafa <unknown>\n#1 0x55a9f7a9860f <unknown>\n#2 0x55a9f7aeda16 <unknown>\n#3 0x55a9f7aedc51 <unknown>\n#4 0x55a9f7b39404 <unknown>\n#5 0x55a9f7b3662b <unknown>\n#6 0x55a9f7adf842 <unknown>\n#7 0x55a9f7ae0631 <unknown>\n#8 0x55a9f8044689 <unknown>\n#9 0x55a9f8047581 <unknown>\n#10 0x55a9f8030ca9 <unknown>\n#11 0x55a9f804813e <unknown>\n#12 0x55a9f80173a0 <unknown>\n#13 0x55a9f806bfc8 <unknown>\n#14 0x55a9f806c19b <unknown>\n#15 0x55a9f807de68 <unknown>\n#16 0x7f579749caa4 <unknown>\n#17 0x7f5797529c6c <unknown>","time":{"start":1769859680137,"stop":1769859690491,"duration":10354}},{"uid":"13ea32c8e5dab0c7","reportUrl":"https://Brain-up.github.io/auto-tests-python/816/#testresult/13ea32c8e5dab0c7","status":"skipped","statusDetails":"XFAIL\n\nselenium.common.exceptions.TimeoutException: Message: Can't find element by locator ('xpath', '//button[@data-test-active-link=\"Similar phrases\"]')\nStacktrace:\n#0 0x5642f985cafa <unknown>\n#1 0x5642f927660f <unknown>\n#2 0x5642f92cba16 <unknown>\n#3 0x5642f92cbc51 <unknown>\n#4 0x5642f9317404 <unknown>\n#5 0x5642f931462b <unknown>\n#6 0x5642f92bd842 <unknown>\n#7 0x5642f92be631 <unknown>\n#8 0x5642f9822689 <unknown>\n#9 0x5642f9825581 <unknown>\n#10 0x5642f980eca9 <unknown>\n#11 0x5642f982613e <unknown>\n#12 0x5642f97f53a0 <unknown>\n#13 0x5642f9849fc8 <unknown>\n#14 0x5642f984a19b <unknown>\n#15 0x5642f985be68 <unknown>\n#16 0x7f620489caa4 <unknown>\n#17 0x7f6204929c6c <unknown>","time":{"start":1769785053440,"stop":1769785063834,"duration":10394}},{"uid":"63b1f6fb789b2151","reportUrl":"https://Brain-up.github.io/auto-tests-python/815/#testresult/63b1f6fb789b2151","status":"skipped","statusDetails":"XFAIL\n\nselenium.common.exceptions.TimeoutException: Message: Can't find element by locator ('xpath', '//button[@data-test-active-link=\"Similar phrases\"]')\nStacktrace:\n#0 0x55c1322d9c3a <unknown>\n#1 0x55c131cf3969 <unknown>\n#2 0x55c131d48ead <unknown>\n#3 0x55c131d490f1 <unknown>\n#4 0x55c131d947e4 <unknown>\n#5 0x55c131d91a20 <unknown>\n#6 0x55c131d3abe2 <unknown>\n#7 0x55c131d3b991 <unknown>\n#8 0x55c13229fa99 <unknown>\n#9 0x55c1322a29b1 <unknown>\n#10 0x55c13228c0a9 <unknown>\n#11 0x55c1322a356e <unknown>\n#12 0x55c1322725e0 <unknown>\n#13 0x55c1322c7358 <unknown>\n#14 0x55c1322c7528 <unknown>\n#15 0x55c1322d8fa8 <unknown>\n#16 0x7fe09fc9caa4 <unknown>\n#17 0x7fe09fd29c6c <unknown>","time":{"start":1769688886490,"stop":1769688896891,"duration":10401}},{"uid":"eaba59b8ede2470c","reportUrl":"https://Brain-up.github.io/auto-tests-python/814/#testresult/eaba59b8ede2470c","status":"skipped","statusDetails":"XFAIL\n\nselenium.common.exceptions.TimeoutException: Message: Can't find element by locator ('xpath', '//button[@data-test-active-link=\"Similar phrases\"]')\nStacktrace:\n#0 0x55d5083e4c3a <unknown>\n#1 0x55d507dfe969 <unknown>\n#2 0x55d507e53ead <unknown>\n#3 0x55d507e540f1 <unknown>\n#4 0x55d507e9f7e4 <unknown>\n#5 0x55d507e9ca20 <unknown>\n#6 0x55d507e45be2 <unknown>\n#7 0x55d507e46991 <unknown>\n#8 0x55d5083aaa99 <unknown>\n#9 0x55d5083ad9b1 <unknown>\n#10 0x55d5083970a9 <unknown>\n#11 0x55d5083ae56e <unknown>\n#12 0x55d50837d5e0 <unknown>\n#13 0x55d5083d2358 <unknown>\n#14 0x55d5083d2528 <unknown>\n#15 0x55d5083e3fa8 <unknown>\n#16 0x7f4bf149caa4 <unknown>\n#17 0x7f4bf1529c6c <unknown>","time":{"start":1769600806983,"stop":1769600817331,"duration":10348}},{"uid":"e3c54a807365d8ce","reportUrl":"https://Brain-up.github.io/auto-tests-python/814/#testresult/e3c54a807365d8ce","status":"skipped","statusDetails":"XFAIL\n\nselenium.common.exceptions.TimeoutException: Message: Can't find element by locator ('xpath', '//button[@data-test-active-link=\"Similar phrases\"]')\nStacktrace:\n#0 0x55ac5008ac3a <unknown>\n#1 0x55ac4faa4969 <unknown>\n#2 0x55ac4faf9ead <unknown>\n#3 0x55ac4fafa0f1 <unknown>\n#4 0x55ac4fb457e4 <unknown>\n#5 0x55ac4fb42a20 <unknown>\n#6 0x55ac4faebbe2 <unknown>\n#7 0x55ac4faec991 <unknown>\n#8 0x55ac50050a99 <unknown>\n#9 0x55ac500539b1 <unknown>\n#10 0x55ac5003d0a9 <unknown>\n#11 0x55ac5005456e <unknown>\n#12 0x55ac500235e0 <unknown>\n#13 0x55ac50078358 <unknown>\n#14 0x55ac50078528 <unknown>\n#15 0x55ac50089fa8 <unknown>\n#16 0x7f7f82e9caa4 <unknown>\n#17 0x7f7f82f29c6c <unknown>","time":{"start":1769552562130,"stop":1769552572491,"duration":10361}},{"uid":"f896df3f60a17196","reportUrl":"https://Brain-up.github.io/auto-tests-python/814/#testresult/f896df3f60a17196","status":"skipped","statusDetails":"XFAIL\n\nselenium.common.exceptions.TimeoutException: Message: Can't find element by locator ('xpath', '//button[@data-test-active-link=\"Similar phrases\"]')\nStacktrace:\n#0 0x5637f9fdcc3a <unknown>\n#1 0x5637f99f6969 <unknown>\n#2 0x5637f9a4bead <unknown>\n#3 0x5637f9a4c0f1 <unknown>\n#4 0x5637f9a977e4 <unknown>\n#5 0x5637f9a94a20 <unknown>\n#6 0x5637f9a3dbe2 <unknown>\n#7 0x5637f9a3e991 <unknown>\n#8 0x5637f9fa2a99 <unknown>\n#9 0x5637f9fa59b1 <unknown>\n#10 0x5637f9f8f0a9 <unknown>\n#11 0x5637f9fa656e <unknown>\n#12 0x5637f9f755e0 <unknown>\n#13 0x5637f9fca358 <unknown>\n#14 0x5637f9fca528 <unknown>\n#15 0x5637f9fdbfa8 <unknown>\n#16 0x7f0072c9caa4 <unknown>\n#17 0x7f0072d29c6c <unknown>","time":{"start":1769545210090,"stop":1769545220435,"duration":10345}},{"uid":"fe1eebc97968f989","reportUrl":"https://Brain-up.github.io/auto-tests-python/813/#testresult/fe1eebc97968f989","status":"skipped","statusDetails":"XFAIL\n\nselenium.common.exceptions.TimeoutException: Message: Can't find element by locator ('xpath', '//button[@data-test-active-link=\"Similar phrases\"]')\nStacktrace:\n#0 0x55bc5322fc3a <unknown>\n#1 0x55bc52c49969 <unknown>\n#2 0x55bc52c9eead <unknown>\n#3 0x55bc52c9f0f1 <unknown>\n#4 0x55bc52cea7e4 <unknown>\n#5 0x55bc52ce7a20 <unknown>\n#6 0x55bc52c90be2 <unknown>\n#7 0x55bc52c91991 <unknown>\n#8 0x55bc531f5a99 <unknown>\n#9 0x55bc531f89b1 <unknown>\n#10 0x55bc531e20a9 <unknown>\n#11 0x55bc531f956e <unknown>\n#12 0x55bc531c85e0 <unknown>\n#13 0x55bc5321d358 <unknown>\n#14 0x55bc5321d528 <unknown>\n#15 0x55bc5322efa8 <unknown>\n#16 0x7f749f69caa4 <unknown>\n#17 0x7f749f729c6c <unknown>","time":{"start":1769425819343,"stop":1769425829721,"duration":10378}},{"uid":"a177cf6c9dcbde3d","reportUrl":"https://Brain-up.github.io/auto-tests-python/812/#testresult/a177cf6c9dcbde3d","status":"skipped","statusDetails":"XFAIL\n\nselenium.common.exceptions.TimeoutException: Message: Can't find element by locator ('xpath', '//button[@data-test-active-link=\"Similar phrases\"]')\nStacktrace:\n#0 0x5599a561cc3a <unknown>\n#1 0x5599a5036969 <unknown>\n#2 0x5599a508bead <unknown>\n#3 0x5599a508c0f1 <unknown>\n#4 0x5599a50d77e4 <unknown>\n#5 0x5599a50d4a20 <unknown>\n#6 0x5599a507dbe2 <unknown>\n#7 0x5599a507e991 <unknown>\n#8 0x5599a55e2a99 <unknown>\n#9 0x5599a55e59b1 <unknown>\n#10 0x5599a55cf0a9 <unknown>\n#11 0x5599a55e656e <unknown>\n#12 0x5599a55b55e0 <unknown>\n#13 0x5599a560a358 <unknown>\n#14 0x5599a560a528 <unknown>\n#15 0x5599a561bfa8 <unknown>\n#16 0x7fe57e49caa4 <unknown>\n#17 0x7fe57e529c6c <unknown>","time":{"start":1769336103687,"stop":1769336114037,"duration":10350}},{"uid":"bcee150699ceda5b","reportUrl":"https://Brain-up.github.io/auto-tests-python/811/#testresult/bcee150699ceda5b","status":"skipped","statusDetails":"XFAIL\n\nselenium.common.exceptions.TimeoutException: Message: Can't find element by locator ('xpath', '//button[@data-test-active-link=\"Similar phrases\"]')\nStacktrace:\n#0 0x555cce3ccc3a <unknown>\n#1 0x555ccdde6969 <unknown>\n#2 0x555ccde3bead <unknown>\n#3 0x555ccde3c0f1 <unknown>\n#4 0x555ccde877e4 <unknown>\n#5 0x555ccde84a20 <unknown>\n#6 0x555ccde2dbe2 <unknown>\n#7 0x555ccde2e991 <unknown>\n#8 0x555cce392a99 <unknown>\n#9 0x555cce3959b1 <unknown>\n#10 0x555cce37f0a9 <unknown>\n#11 0x555cce39656e <unknown>\n#12 0x555cce3655e0 <unknown>\n#13 0x555cce3ba358 <unknown>\n#14 0x555cce3ba528 <unknown>\n#15 0x555cce3cbfa8 <unknown>\n#16 0x7f62c7e9caa4 <unknown>\n#17 0x7f62c7f29c6c <unknown>","time":{"start":1769252793222,"stop":1769252803512,"duration":10290}},{"uid":"89e3bdcdf3090d1d","reportUrl":"https://Brain-up.github.io/auto-tests-python/810/#testresult/89e3bdcdf3090d1d","status":"skipped","statusDetails":"XFAIL\n\nselenium.common.exceptions.TimeoutException: Message: Can't find element by locator ('xpath', '//button[@data-test-active-link=\"Similar phrases\"]')\nStacktrace:\n#0 0x5561ed0a340a <unknown>\n#1 0x5561ecad776b <unknown>\n#2 0x5561ecb28e88 <unknown>\n#3 0x5561ecb290c1 <unknown>\n#4 0x5561ecb772c4 <unknown>\n#5 0x5561ecb74760 <unknown>\n#6 0x5561ecb1b7b2 <unknown>\n#7 0x5561ecb1c461 <unknown>\n#8 0x5561ed06bdf9 <unknown>\n#9 0x5561ed06ed5d <unknown>\n#10 0x5561ed054b41 <unknown>\n#11 0x5561ed06f93b <unknown>\n#12 0x5561ed03b870 <unknown>\n#13 0x5561ed090828 <unknown>\n#14 0x5561ed0909fc <unknown>\n#15 0x5561ed0a2763 <unknown>\n#16 0x7fbcdfa9caa4 <unknown>\n#17 0x7fbcdfb29c6c <unknown>","time":{"start":1769071475987,"stop":1769071486349,"duration":10362}},{"uid":"d46da58da49f3235","reportUrl":"https://Brain-up.github.io/auto-tests-python/809/#testresult/d46da58da49f3235","status":"skipped","statusDetails":"XFAIL\n\nselenium.common.exceptions.TimeoutException: Message: Can't find element by locator ('xpath', '//button[@data-test-active-link=\"Similar phrases\"]')\nStacktrace:\n#0 0x55d85b6ff40a <unknown>\n#1 0x55d85b13376b <unknown>\n#2 0x55d85b184e88 <unknown>\n#3 0x55d85b1850c1 <unknown>\n#4 0x55d85b1d32c4 <unknown>\n#5 0x55d85b1d0760 <unknown>\n#6 0x55d85b1777b2 <unknown>\n#7 0x55d85b178461 <unknown>\n#8 0x55d85b6c7df9 <unknown>\n#9 0x55d85b6cad5d <unknown>\n#10 0x55d85b6b0b41 <unknown>\n#11 0x55d85b6cb93b <unknown>\n#12 0x55d85b697870 <unknown>\n#13 0x55d85b6ec828 <unknown>\n#14 0x55d85b6ec9fc <unknown>\n#15 0x55d85b6fe763 <unknown>\n#16 0x7f633329caa4 <unknown>\n#17 0x7f6333329c6c <unknown>","time":{"start":1768989309789,"stop":1768989320162,"duration":10373}},{"uid":"f1def124c951cd45","reportUrl":"https://Brain-up.github.io/auto-tests-python/808/#testresult/f1def124c951cd45","status":"skipped","statusDetails":"XFAIL\n\nselenium.common.exceptions.TimeoutException: Message: Can't find element by locator ('xpath', '//button[@data-test-active-link=\"Similar phrases\"]')\nStacktrace:\n#0 0x55c7dbdbb40a <unknown>\n#1 0x55c7db7ef76b <unknown>\n#2 0x55c7db840e88 <unknown>\n#3 0x55c7db8410c1 <unknown>\n#4 0x55c7db88f2c4 <unknown>\n#5 0x55c7db88c760 <unknown>\n#6 0x55c7db8337b2 <unknown>\n#7 0x55c7db834461 <unknown>\n#8 0x55c7dbd83df9 <unknown>\n#9 0x55c7dbd86d5d <unknown>\n#10 0x55c7dbd6cb41 <unknown>\n#11 0x55c7dbd8793b <unknown>\n#12 0x55c7dbd53870 <unknown>\n#13 0x55c7dbda8828 <unknown>\n#14 0x55c7dbda89fc <unknown>\n#15 0x55c7dbdba763 <unknown>\n#16 0x7f744f69caa4 <unknown>\n#17 0x7f744f729c6c <unknown>","time":{"start":1768906712010,"stop":1768906722317,"duration":10307}},{"uid":"bd4f33b0d4333be5","reportUrl":"https://Brain-up.github.io/auto-tests-python/807/#testresult/bd4f33b0d4333be5","status":"skipped","statusDetails":"XFAIL\n\nselenium.common.exceptions.TimeoutException: Message: Can't find element by locator ('xpath', '//button[@data-test-active-link=\"Similar phrases\"]')\nStacktrace:\n#0 0x5589d1ccb40a <unknown>\n#1 0x5589d16ff76b <unknown>\n#2 0x5589d1750e88 <unknown>\n#3 0x5589d17510c1 <unknown>\n#4 0x5589d179f2c4 <unknown>\n#5 0x5589d179c760 <unknown>\n#6 0x5589d17437b2 <unknown>\n#7 0x5589d1744461 <unknown>\n#8 0x5589d1c93df9 <unknown>\n#9 0x5589d1c96d5d <unknown>\n#10 0x5589d1c7cb41 <unknown>\n#11 0x5589d1c9793b <unknown>\n#12 0x5589d1c63870 <unknown>\n#13 0x5589d1cb8828 <unknown>\n#14 0x5589d1cb89fc <unknown>\n#15 0x5589d1cca763 <unknown>\n#16 0x7f2aa8a9caa4 <unknown>\n#17 0x7f2aa8b29c6c <unknown>","time":{"start":1768821017117,"stop":1768821027484,"duration":10367}},{"uid":"c7d8bd4de983ce78","reportUrl":"https://Brain-up.github.io/auto-tests-python/806/#testresult/c7d8bd4de983ce78","status":"skipped","statusDetails":"XFAIL\n\nselenium.common.exceptions.TimeoutException: Message: Can't find element by locator ('xpath', '//button[@data-test-active-link=\"Similar phrases\"]')\nStacktrace:\n#0 0x55d6771d240a <unknown>\n#1 0x55d676c0676b <unknown>\n#2 0x55d676c57e88 <unknown>\n#3 0x55d676c580c1 <unknown>\n#4 0x55d676ca62c4 <unknown>\n#5 0x55d676ca3760 <unknown>\n#6 0x55d676c4a7b2 <unknown>\n#7 0x55d676c4b461 <unknown>\n#8 0x55d67719adf9 <unknown>\n#9 0x55d67719dd5d <unknown>\n#10 0x55d677183b41 <unknown>\n#11 0x55d67719e93b <unknown>\n#12 0x55d67716a870 <unknown>\n#13 0x55d6771bf828 <unknown>\n#14 0x55d6771bf9fc <unknown>\n#15 0x55d6771d1763 <unknown>\n#16 0x7f1edfa9caa4 <unknown>\n#17 0x7f1edfb29c6c <unknown>","time":{"start":1768737302358,"stop":1768737312714,"duration":10356}},{"uid":"9c2058556d9afb52","reportUrl":"https://Brain-up.github.io/auto-tests-python/805/#testresult/9c2058556d9afb52","status":"skipped","statusDetails":"XFAIL\n\nselenium.common.exceptions.TimeoutException: Message: Can't find element by locator ('xpath', '//button[@data-test-active-link=\"Similar phrases\"]')\nStacktrace:\n#0 0x557158f6540a <unknown>\n#1 0x55715899976b <unknown>\n#2 0x5571589eae88 <unknown>\n#3 0x5571589eb0c1 <unknown>\n#4 0x557158a392c4 <unknown>\n#5 0x557158a36760 <unknown>\n#6 0x5571589dd7b2 <unknown>\n#7 0x5571589de461 <unknown>\n#8 0x557158f2ddf9 <unknown>\n#9 0x557158f30d5d <unknown>\n#10 0x557158f16b41 <unknown>\n#11 0x557158f3193b <unknown>\n#12 0x557158efd870 <unknown>\n#13 0x557158f52828 <unknown>\n#14 0x557158f529fc <unknown>\n#15 0x557158f64763 <unknown>\n#16 0x7f1557c9caa4 <unknown>\n#17 0x7f1557d29c6c <unknown>","time":{"start":1768647707861,"stop":1768647718209,"duration":10348}},{"uid":"2d5d012677d399c3","reportUrl":"https://Brain-up.github.io/auto-tests-python/804/#testresult/2d5d012677d399c3","status":"skipped","statusDetails":"XFAIL\n\nselenium.common.exceptions.TimeoutException: Message: Can't find element by locator ('xpath', '//button[@data-test-active-link=\"Similar phrases\"]')\nStacktrace:\n#0 0x562dbf91940a <unknown>\n#1 0x562dbf34d76b <unknown>\n#2 0x562dbf39ee88 <unknown>\n#3 0x562dbf39f0c1 <unknown>\n#4 0x562dbf3ed2c4 <unknown>\n#5 0x562dbf3ea760 <unknown>\n#6 0x562dbf3917b2 <unknown>\n#7 0x562dbf392461 <unknown>\n#8 0x562dbf8e1df9 <unknown>\n#9 0x562dbf8e4d5d <unknown>\n#10 0x562dbf8cab41 <unknown>\n#11 0x562dbf8e593b <unknown>\n#12 0x562dbf8b1870 <unknown>\n#13 0x562dbf906828 <unknown>\n#14 0x562dbf9069fc <unknown>\n#15 0x562dbf918763 <unknown>\n#16 0x7fa706e9caa4 <unknown>\n#17 0x7fa706f29c6c <unknown>","time":{"start":1768558739522,"stop":1768558749878,"duration":10356}},{"uid":"331020da33a5bb83","reportUrl":"https://Brain-up.github.io/auto-tests-python/803/#testresult/331020da33a5bb83","status":"skipped","statusDetails":"XFAIL\n\nselenium.common.exceptions.TimeoutException: Message: Can't find element by locator ('xpath', '//button[@data-test-active-link=\"Similar phrases\"]')\nStacktrace:\n#0 0x563ea6e8d61a <unknown>\n#1 0x563ea690a20b <unknown>\n#2 0x563ea695b90f <unknown>\n#3 0x563ea695bb51 <unknown>\n#4 0x563ea69a9d84 <unknown>\n#5 0x563ea69a720e <unknown>\n#6 0x563ea694e232 <unknown>\n#7 0x563ea694eee1 <unknown>\n#8 0x563ea6e563f9 <unknown>\n#9 0x563ea6e5934d <unknown>\n#10 0x563ea6e3f122 <unknown>\n#11 0x563ea6e59f2b <unknown>\n#12 0x563ea6e25c30 <unknown>\n#13 0x563ea6e7ad78 <unknown>\n#14 0x563ea6e7af4c <unknown>\n#15 0x563ea6e8c973 <unknown>\n#16 0x7f6fb329caa4 <unknown>\n#17 0x7f6fb3329c6c <unknown>","time":{"start":1768471841075,"stop":1768471851426,"duration":10351}},{"uid":"952c53818fd3e360","reportUrl":"https://Brain-up.github.io/auto-tests-python/802/#testresult/952c53818fd3e360","status":"skipped","statusDetails":"XFAIL\n\nselenium.common.exceptions.TimeoutException: Message: Can't find element by locator ('xpath', '//button[@data-test-active-link=\"Similar phrases\"]')\nStacktrace:\n#0 0x55fc48fcf61a <unknown>\n#1 0x55fc48a4c20b <unknown>\n#2 0x55fc48a9d90f <unknown>\n#3 0x55fc48a9db51 <unknown>\n#4 0x55fc48aebd84 <unknown>\n#5 0x55fc48ae920e <unknown>\n#6 0x55fc48a90232 <unknown>\n#7 0x55fc48a90ee1 <unknown>\n#8 0x55fc48f983f9 <unknown>\n#9 0x55fc48f9b34d <unknown>\n#10 0x55fc48f81122 <unknown>\n#11 0x55fc48f9bf2b <unknown>\n#12 0x55fc48f67c30 <unknown>\n#13 0x55fc48fbcd78 <unknown>\n#14 0x55fc48fbcf4c <unknown>\n#15 0x55fc48fce973 <unknown>\n#16 0x7fdfc1e9caa4 <unknown>\n#17 0x7fdfc1f29c6c <unknown>","time":{"start":1768397192682,"stop":1768397203062,"duration":10380}}]},"tags":["@pytest.mark.xfail"]},"source":"99ab5771da8dc81f.json","parameterValues":[]}