{"uid":"217388ef2cc69994","name":"Check progres-bar and buttons.","fullName":"tests.test_speech_exercises_en.TestCardsEN#test_progress_bar_is_present_en","historyId":"efb827312bdd34b296637645e49b0897","time":{"start":1767702500827,"stop":1767702511180,"duration":10353},"status":"skipped","statusMessage":"XFAIL\n\nselenium.common.exceptions.TimeoutException: Message: Can't find element by locator ('xpath', '//button[@data-test-active-link=\"Words\"]')\nStacktrace:\n#0 0x55a014a1219a <unknown>\n#1 0x55a01448fc4b <unknown>\n#2 0x55a0144e1318 <unknown>\n#3 0x55a0144e1551 <unknown>\n#4 0x55a01452f764 <unknown>\n#5 0x55a01452cbee <unknown>\n#6 0x55a0144d3c42 <unknown>\n#7 0x55a0144d48f1 <unknown>\n#8 0x55a0149daf39 <unknown>\n#9 0x55a0149dde7d <unknown>\n#10 0x55a0149c3c81 <unknown>\n#11 0x55a0149dea5b <unknown>\n#12 0x55a0149aaa50 <unknown>\n#13 0x55a0149ffaa8 <unknown>\n#14 0x55a0149ffc79 <unknown>\n#15 0x55a014a114f3 <unknown>\n#16 0x7f58f6c9caa4 <unknown>\n#17 0x7f58f6d29c6c <unknown>","statusTrace":"self = <tests.test_speech_exercises_en.TestCardsEN object at 0x7f6f8490ce60>\ndriver = <selenium.webdriver.chrome.webdriver.WebDriver (session=\"2c4478426e4cb1ee6914e95d184e74b5\")>\nspecialist_user_authorized = None\n\n    @pytest.mark.xfail\n    @allure.suite(\"Speech exercises EN.\")\n    @allure.title('Check progres-bar and buttons.')\n    def test_progress_bar_is_present_en(self, driver, specialist_user_authorized):\n        page = SpeechExercisesPage(driver)\n>       page.select_group(SpeechExercisesPageLocators.WORDS_BUTTON_EN)\n\ntests/test_speech_exercises_en.py:34: \n_ _ _ _ _ _ _ _ _ _ _ _ _ _ _ _ _ _ _ _ _ _ _ _ _ _ _ _ _ _ _ _ _ _ _ _ _ _ _ _ \npages/speech_exercises_page_en.py:18: in select_group\n    text_of_the_button = self.element_is_present_and_clickable(selector_for_sub_group)\npages/base_page.py:40: in element_is_present_and_clickable\n    return (Wait(self.driver, self.timeout).until(\n_ _ _ _ _ _ _ _ _ _ _ _ _ _ _ _ _ _ _ _ _ _ _ _ _ _ _ _ _ _ _ _ _ _ _ _ _ _ _ _ \n\nself = <selenium.webdriver.support.wait.WebDriverWait (session=\"2c4478426e4cb1ee6914e95d184e74b5\")>\nmethod = <function visibility_of_element_located.<locals>._predicate at 0x7f6f8487f740>\nmessage = 'Can\\'t find element by locator (\\'xpath\\', \\'//button[@data-test-active-link=\"Words\"]\\')'\n\n    def until(self, method, message: str = \"\"):\n        \"\"\"Calls the method provided with the driver as an argument until the \\\n        return value does not evaluate to ``False``.\n    \n        :param method: callable(WebDriver)\n        :param message: optional message for :exc:`TimeoutException`\n        :returns: the result of the last call to `method`\n        :raises: :exc:`selenium.common.exceptions.TimeoutException` if timeout occurs\n        \"\"\"\n        screen = None\n        stacktrace = None\n    \n        end_time = time.monotonic() + self._timeout\n        while True:\n            try:\n                value = method(self._driver)\n                if value:\n                    return value\n            except self._ignored_exceptions as exc:\n                screen = getattr(exc, \"screen\", None)\n                stacktrace = getattr(exc, \"stacktrace\", None)\n            time.sleep(self._poll)\n            if time.monotonic() > end_time:\n                break\n>       raise TimeoutException(message, screen, stacktrace)\nE       selenium.common.exceptions.TimeoutException: Message: Can't find element by locator ('xpath', '//button[@data-test-active-link=\"Words\"]')\nE       Stacktrace:\nE       #0 0x55a014a1219a <unknown>\nE       #1 0x55a01448fc4b <unknown>\nE       #2 0x55a0144e1318 <unknown>\nE       #3 0x55a0144e1551 <unknown>\nE       #4 0x55a01452f764 <unknown>\nE       #5 0x55a01452cbee <unknown>\nE       #6 0x55a0144d3c42 <unknown>\nE       #7 0x55a0144d48f1 <unknown>\nE       #8 0x55a0149daf39 <unknown>\nE       #9 0x55a0149dde7d <unknown>\nE       #10 0x55a0149c3c81 <unknown>\nE       #11 0x55a0149dea5b <unknown>\nE       #12 0x55a0149aaa50 <unknown>\nE       #13 0x55a0149ffaa8 <unknown>\nE       #14 0x55a0149ffc79 <unknown>\nE       #15 0x55a014a114f3 <unknown>\nE       #16 0x7f58f6c9caa4 <unknown>\nE       #17 0x7f58f6d29c6c <unknown>\n\n/opt/hostedtoolcache/Python/3.12.12/x64/lib/python3.12/site-packages/selenium/webdriver/support/wait.py:95: TimeoutException","flaky":false,"newFailed":false,"newBroken":false,"newPassed":false,"retriesCount":0,"retriesStatusChange":false,"beforeStages":[{"name":"clear_allure_results_folder","time":{"start":1767701230985,"stop":1767701230985,"duration":0},"status":"passed","steps":[],"attachments":[],"parameters":[],"stepsCount":0,"shouldDisplayMessage":false,"attachmentsCount":0,"hasContent":false,"attachmentStep":false},{"name":"driver","time":{"start":1767702493672,"stop":1767702494433,"duration":761},"status":"passed","steps":[],"attachments":[],"parameters":[],"stepsCount":0,"shouldDisplayMessage":false,"attachmentsCount":0,"hasContent":false,"attachmentStep":false},{"name":"main_page_open","time":{"start":1767702494433,"stop":1767702498402,"duration":3969},"status":"passed","steps":[{"name":"Open page: https://www.brainup.site/","time":{"start":1767702494433,"stop":1767702498402,"duration":3969},"status":"passed","steps":[],"attachments":[],"parameters":[{"name":"driver","value":"<selenium.webdriver.chrome.webdriver.WebDriver (session=\"2c4478426e4cb1ee6914e95d184e74b5\")>"}],"stepsCount":0,"shouldDisplayMessage":false,"attachmentsCount":0,"hasContent":true,"attachmentStep":false}],"attachments":[],"parameters":[],"stepsCount":1,"shouldDisplayMessage":false,"attachmentsCount":0,"hasContent":true,"attachmentStep":false},{"name":"specialist_user_authorized","time":{"start":1767702498402,"stop":1767702500827,"duration":2425},"status":"passed","steps":[{"name":"USER specialist authorized","time":{"start":1767702498402,"stop":1767702500827,"duration":2425},"status":"passed","steps":[{"name":"Check url is present: https://www.brainup.site/groups","time":{"start":1767702498785,"stop":1767702500804,"duration":2019},"status":"passed","steps":[],"attachments":[],"parameters":[],"stepsCount":0,"shouldDisplayMessage":false,"attachmentsCount":0,"hasContent":false,"attachmentStep":false},{"name":"Loader checking","time":{"start":1767702500804,"stop":1767702500827,"duration":23},"status":"passed","steps":[],"attachments":[],"parameters":[],"stepsCount":0,"shouldDisplayMessage":false,"attachmentsCount":0,"hasContent":false,"attachmentStep":false}],"attachments":[],"parameters":[{"name":"driver","value":"<selenium.webdriver.chrome.webdriver.WebDriver (session=\"2c4478426e4cb1ee6914e95d184e74b5\")>"},{"name":"main_page_open","value":"None"}],"stepsCount":2,"shouldDisplayMessage":false,"attachmentsCount":0,"hasContent":true,"attachmentStep":false}],"attachments":[],"parameters":[],"stepsCount":3,"shouldDisplayMessage":false,"attachmentsCount":0,"hasContent":true,"attachmentStep":false}],"testStage":{"status":"skipped","statusMessage":"XFAIL\n\nselenium.common.exceptions.TimeoutException: Message: Can't find element by locator ('xpath', '//button[@data-test-active-link=\"Words\"]')\nStacktrace:\n#0 0x55a014a1219a <unknown>\n#1 0x55a01448fc4b <unknown>\n#2 0x55a0144e1318 <unknown>\n#3 0x55a0144e1551 <unknown>\n#4 0x55a01452f764 <unknown>\n#5 0x55a01452cbee <unknown>\n#6 0x55a0144d3c42 <unknown>\n#7 0x55a0144d48f1 <unknown>\n#8 0x55a0149daf39 <unknown>\n#9 0x55a0149dde7d <unknown>\n#10 0x55a0149c3c81 <unknown>\n#11 0x55a0149dea5b <unknown>\n#12 0x55a0149aaa50 <unknown>\n#13 0x55a0149ffaa8 <unknown>\n#14 0x55a0149ffc79 <unknown>\n#15 0x55a014a114f3 <unknown>\n#16 0x7f58f6c9caa4 <unknown>\n#17 0x7f58f6d29c6c <unknown>","statusTrace":"self = <tests.test_speech_exercises_en.TestCardsEN object at 0x7f6f8490ce60>\ndriver = <selenium.webdriver.chrome.webdriver.WebDriver (session=\"2c4478426e4cb1ee6914e95d184e74b5\")>\nspecialist_user_authorized = None\n\n    @pytest.mark.xfail\n    @allure.suite(\"Speech exercises EN.\")\n    @allure.title('Check progres-bar and buttons.')\n    def test_progress_bar_is_present_en(self, driver, specialist_user_authorized):\n        page = SpeechExercisesPage(driver)\n>       page.select_group(SpeechExercisesPageLocators.WORDS_BUTTON_EN)\n\ntests/test_speech_exercises_en.py:34: \n_ _ _ _ _ _ _ _ _ _ _ _ _ _ _ _ _ _ _ _ _ _ _ _ _ _ _ _ _ _ _ _ _ _ _ _ _ _ _ _ \npages/speech_exercises_page_en.py:18: in select_group\n    text_of_the_button = self.element_is_present_and_clickable(selector_for_sub_group)\npages/base_page.py:40: in element_is_present_and_clickable\n    return (Wait(self.driver, self.timeout).until(\n_ _ _ _ _ _ _ _ _ _ _ _ _ _ _ _ _ _ _ _ _ _ _ _ _ _ _ _ _ _ _ _ _ _ _ _ _ _ _ _ \n\nself = <selenium.webdriver.support.wait.WebDriverWait (session=\"2c4478426e4cb1ee6914e95d184e74b5\")>\nmethod = <function visibility_of_element_located.<locals>._predicate at 0x7f6f8487f740>\nmessage = 'Can\\'t find element by locator (\\'xpath\\', \\'//button[@data-test-active-link=\"Words\"]\\')'\n\n    def until(self, method, message: str = \"\"):\n        \"\"\"Calls the method provided with the driver as an argument until the \\\n        return value does not evaluate to ``False``.\n    \n        :param method: callable(WebDriver)\n        :param message: optional message for :exc:`TimeoutException`\n        :returns: the result of the last call to `method`\n        :raises: :exc:`selenium.common.exceptions.TimeoutException` if timeout occurs\n        \"\"\"\n        screen = None\n        stacktrace = None\n    \n        end_time = time.monotonic() + self._timeout\n        while True:\n            try:\n                value = method(self._driver)\n                if value:\n                    return value\n            except self._ignored_exceptions as exc:\n                screen = getattr(exc, \"screen\", None)\n                stacktrace = getattr(exc, \"stacktrace\", None)\n            time.sleep(self._poll)\n            if time.monotonic() > end_time:\n                break\n>       raise TimeoutException(message, screen, stacktrace)\nE       selenium.common.exceptions.TimeoutException: Message: Can't find element by locator ('xpath', '//button[@data-test-active-link=\"Words\"]')\nE       Stacktrace:\nE       #0 0x55a014a1219a <unknown>\nE       #1 0x55a01448fc4b <unknown>\nE       #2 0x55a0144e1318 <unknown>\nE       #3 0x55a0144e1551 <unknown>\nE       #4 0x55a01452f764 <unknown>\nE       #5 0x55a01452cbee <unknown>\nE       #6 0x55a0144d3c42 <unknown>\nE       #7 0x55a0144d48f1 <unknown>\nE       #8 0x55a0149daf39 <unknown>\nE       #9 0x55a0149dde7d <unknown>\nE       #10 0x55a0149c3c81 <unknown>\nE       #11 0x55a0149dea5b <unknown>\nE       #12 0x55a0149aaa50 <unknown>\nE       #13 0x55a0149ffaa8 <unknown>\nE       #14 0x55a0149ffc79 <unknown>\nE       #15 0x55a014a114f3 <unknown>\nE       #16 0x7f58f6c9caa4 <unknown>\nE       #17 0x7f58f6d29c6c <unknown>\n\n/opt/hostedtoolcache/Python/3.12.12/x64/lib/python3.12/site-packages/selenium/webdriver/support/wait.py:95: TimeoutException","steps":[{"name":"select_group","time":{"start":1767702500828,"stop":1767702511179,"duration":10351},"status":"broken","statusMessage":"selenium.common.exceptions.TimeoutException: Message: Can't find element by locator ('xpath', '//button[@data-test-active-link=\"Words\"]')\nStacktrace:\n#0 0x55a014a1219a <unknown>\n#1 0x55a01448fc4b <unknown>\n#2 0x55a0144e1318 <unknown>\n#3 0x55a0144e1551 <unknown>\n#4 0x55a01452f764 <unknown>\n#5 0x55a01452cbee <unknown>\n#6 0x55a0144d3c42 <unknown>\n#7 0x55a0144d48f1 <unknown>\n#8 0x55a0149daf39 <unknown>\n#9 0x55a0149dde7d <unknown>\n#10 0x55a0149c3c81 <unknown>\n#11 0x55a0149dea5b <unknown>\n#12 0x55a0149aaa50 <unknown>\n#13 0x55a0149ffaa8 <unknown>\n#14 0x55a0149ffc79 <unknown>\n#15 0x55a014a114f3 <unknown>\n#16 0x7f58f6c9caa4 <unknown>\n#17 0x7f58f6d29c6c <unknown>\n\n","statusTrace":"  File \"/opt/hostedtoolcache/Python/3.12.12/x64/lib/python3.12/site-packages/allure_commons/_allure.py\", line 192, in impl\n    return func(*a, **kw)\n           ^^^^^^^^^^^^^^\n  File \"/home/runner/work/auto-tests-python/auto-tests-python/pages/speech_exercises_page_en.py\", line 18, in select_group\n    text_of_the_button = self.element_is_present_and_clickable(selector_for_sub_group)\n                         ^^^^^^^^^^^^^^^^^^^^^^^^^^^^^^^^^^^^^^^^^^^^^^^^^^^^^^^^^^^^^\n  File \"/home/runner/work/auto-tests-python/auto-tests-python/pages/base_page.py\", line 40, in element_is_present_and_clickable\n    return (Wait(self.driver, self.timeout).until(\n            ^^^^^^^^^^^^^^^^^^^^^^^^^^^^^^^^^^^^^^\n  File \"/opt/hostedtoolcache/Python/3.12.12/x64/lib/python3.12/site-packages/selenium/webdriver/support/wait.py\", line 95, in until\n    raise TimeoutException(message, screen, stacktrace)\n","steps":[{"name":"Select Russian language. Click \"EN\" button.","time":{"start":1767702500828,"stop":1767702500906,"duration":78},"status":"passed","steps":[],"attachments":[],"parameters":[],"stepsCount":0,"shouldDisplayMessage":false,"attachmentsCount":0,"hasContent":false,"attachmentStep":false},{"name":"Click button \"SPEECH EXERCISES\".","time":{"start":1767702500906,"stop":1767702500984,"duration":78},"status":"passed","steps":[],"attachments":[],"parameters":[],"stepsCount":0,"shouldDisplayMessage":false,"attachmentsCount":0,"hasContent":false,"attachmentStep":false}],"attachments":[],"parameters":[{"name":"selector_for_sub_group","value":"('xpath', '//button[@data-test-active-link=\"Words\"]')"}],"stepsCount":2,"shouldDisplayMessage":true,"attachmentsCount":0,"hasContent":true,"attachmentStep":false}],"attachments":[],"parameters":[],"stepsCount":3,"shouldDisplayMessage":true,"attachmentsCount":0,"hasContent":true,"attachmentStep":false},"afterStages":[{"name":"driver::0","time":{"start":1767702511191,"stop":1767702511259,"duration":68},"status":"passed","steps":[],"attachments":[],"parameters":[],"stepsCount":0,"shouldDisplayMessage":false,"attachmentsCount":0,"hasContent":false,"attachmentStep":false}],"labels":[{"name":"suite","value":"Speech exercises EN."},{"name":"epic","value":"Speech exercises."},{"name":"tag","value":"@pytest.mark.xfail"},{"name":"parentSuite","value":"tests"},{"name":"subSuite","value":"TestCardsEN"},{"name":"host","value":"runnervmh13bl"},{"name":"thread","value":"2614-MainThread"},{"name":"framework","value":"pytest"},{"name":"language","value":"cpython3"},{"name":"package","value":"tests.test_speech_exercises_en"},{"name":"resultFormat","value":"allure2"}],"parameters":[],"links":[],"hidden":false,"retry":false,"extra":{"severity":"normal","retries":[],"categories":[],"tags":["@pytest.mark.xfail"]},"source":"217388ef2cc69994.json","parameterValues":[]}