{"uid":"69c65e4855385290","name":"Solutions to a random task in the \"Слова\" group and comparison of statics.","fullName":"tests.test_speech_exercises_ru.TestCardsRU#test_solve_word_cards_with_statistic_ru","historyId":"0fb6881b2015244903bd7785af7503a6","time":{"start":1767601372839,"stop":1767601383174,"duration":10335},"status":"skipped","statusMessage":"XFAIL\n\nselenium.common.exceptions.TimeoutException: Message: Can't find element by locator ('xpath', '//div[@class=\"__51e19\"]')\nStacktrace:\n#0 0x55a58844019a <unknown>\n#1 0x55a587ebdc4b <unknown>\n#2 0x55a587f0f318 <unknown>\n#3 0x55a587f0f551 <unknown>\n#4 0x55a587f5d764 <unknown>\n#5 0x55a587f5abee <unknown>\n#6 0x55a587f01c42 <unknown>\n#7 0x55a587f028f1 <unknown>\n#8 0x55a588408f39 <unknown>\n#9 0x55a58840be7d <unknown>\n#10 0x55a5883f1c81 <unknown>\n#11 0x55a58840ca5b <unknown>\n#12 0x55a5883d8a50 <unknown>\n#13 0x55a58842daa8 <unknown>\n#14 0x55a58842dc79 <unknown>\n#15 0x55a58843f4f3 <unknown>\n#16 0x7f0b8869caa4 <unknown>\n#17 0x7f0b88729c6c <unknown>","statusTrace":"self = <tests.test_speech_exercises_ru.TestCardsRU object at 0x7f007ef93e60>\ndriver = <selenium.webdriver.chrome.webdriver.WebDriver (session=\"8d94fea8e189ba18f8b49555526f86d5\")>\ndefault_user_authorized = None\n\n    @pytest.mark.xfail\n    @allure.suite(\"Речевые упражнения.\")\n    @allure.title('Solutions to a random task in the \"Слова\" group and comparison of statics.')\n    def test_solve_word_cards_with_statistic_ru(self, driver, default_user_authorized):\n        page = SpeechExercisesPageRU(driver)\n        page.click_button_ru()\n>       table = page.get_statistic_data()\n\ntests/test_speech_exercises_ru.py:165: \n_ _ _ _ _ _ _ _ _ _ _ _ _ _ _ _ _ _ _ _ _ _ _ _ _ _ _ _ _ _ _ _ _ _ _ _ _ _ _ _ \npages/speech_exercises_page_ru.py:174: in get_statistic_data\n    table = self.element_is_present(self.locators.AuthorizedUserHomePageLocators.STATISTIC_TABLE)\npages/base_page.py:32: in element_is_present\n    return Wait(self.driver, self.timeout).until(\n_ _ _ _ _ _ _ _ _ _ _ _ _ _ _ _ _ _ _ _ _ _ _ _ _ _ _ _ _ _ _ _ _ _ _ _ _ _ _ _ \n\nself = <selenium.webdriver.support.wait.WebDriverWait (session=\"8d94fea8e189ba18f8b49555526f86d5\")>\nmethod = <function presence_of_element_located.<locals>._predicate at 0x7f007eda2b60>\nmessage = 'Can\\'t find element by locator (\\'xpath\\', \\'//div[@class=\"__51e19\"]\\')'\n\n    def until(self, method, message: str = \"\"):\n        \"\"\"Calls the method provided with the driver as an argument until the \\\n        return value does not evaluate to ``False``.\n    \n        :param method: callable(WebDriver)\n        :param message: optional message for :exc:`TimeoutException`\n        :returns: the result of the last call to `method`\n        :raises: :exc:`selenium.common.exceptions.TimeoutException` if timeout occurs\n        \"\"\"\n        screen = None\n        stacktrace = None\n    \n        end_time = time.monotonic() + self._timeout\n        while True:\n            try:\n                value = method(self._driver)\n                if value:\n                    return value\n            except self._ignored_exceptions as exc:\n                screen = getattr(exc, \"screen\", None)\n                stacktrace = getattr(exc, \"stacktrace\", None)\n            time.sleep(self._poll)\n            if time.monotonic() > end_time:\n                break\n>       raise TimeoutException(message, screen, stacktrace)\nE       selenium.common.exceptions.TimeoutException: Message: Can't find element by locator ('xpath', '//div[@class=\"__51e19\"]')\nE       Stacktrace:\nE       #0 0x55a58844019a <unknown>\nE       #1 0x55a587ebdc4b <unknown>\nE       #2 0x55a587f0f318 <unknown>\nE       #3 0x55a587f0f551 <unknown>\nE       #4 0x55a587f5d764 <unknown>\nE       #5 0x55a587f5abee <unknown>\nE       #6 0x55a587f01c42 <unknown>\nE       #7 0x55a587f028f1 <unknown>\nE       #8 0x55a588408f39 <unknown>\nE       #9 0x55a58840be7d <unknown>\nE       #10 0x55a5883f1c81 <unknown>\nE       #11 0x55a58840ca5b <unknown>\nE       #12 0x55a5883d8a50 <unknown>\nE       #13 0x55a58842daa8 <unknown>\nE       #14 0x55a58842dc79 <unknown>\nE       #15 0x55a58843f4f3 <unknown>\nE       #16 0x7f0b8869caa4 <unknown>\nE       #17 0x7f0b88729c6c <unknown>\n\n/opt/hostedtoolcache/Python/3.12.12/x64/lib/python3.12/site-packages/selenium/webdriver/support/wait.py:95: TimeoutException","flaky":false,"newFailed":false,"newBroken":false,"newPassed":false,"retriesCount":0,"retriesStatusChange":false,"beforeStages":[{"name":"clear_allure_results_folder","time":{"start":1767599837548,"stop":1767599837549,"duration":1},"status":"passed","steps":[],"attachments":[],"parameters":[],"stepsCount":0,"shouldDisplayMessage":false,"attachmentsCount":0,"hasContent":false,"attachmentStep":false},{"name":"driver","time":{"start":1767601366172,"stop":1767601366930,"duration":758},"status":"passed","steps":[],"attachments":[],"parameters":[],"stepsCount":0,"shouldDisplayMessage":false,"attachmentsCount":0,"hasContent":false,"attachmentStep":false},{"name":"main_page_open","time":{"start":1767601366931,"stop":1767601370432,"duration":3501},"status":"passed","steps":[{"name":"Open page: https://www.brainup.site/","time":{"start":1767601366931,"stop":1767601370432,"duration":3501},"status":"passed","steps":[],"attachments":[],"parameters":[{"name":"driver","value":"<selenium.webdriver.chrome.webdriver.WebDriver (session=\"8d94fea8e189ba18f8b49555526f86d5\")>"}],"stepsCount":0,"shouldDisplayMessage":false,"attachmentsCount":0,"hasContent":true,"attachmentStep":false}],"attachments":[],"parameters":[],"stepsCount":1,"shouldDisplayMessage":false,"attachmentsCount":0,"hasContent":true,"attachmentStep":false},{"name":"default_user_authorized","time":{"start":1767601370432,"stop":1767601372839,"duration":2407},"status":"passed","steps":[{"name":"DEFAULT user authorized","time":{"start":1767601370432,"stop":1767601372839,"duration":2407},"status":"passed","steps":[{"name":"Check url is present: https://www.brainup.site/groups","time":{"start":1767601370794,"stop":1767601372815,"duration":2021},"status":"passed","steps":[],"attachments":[],"parameters":[],"stepsCount":0,"shouldDisplayMessage":false,"attachmentsCount":0,"hasContent":false,"attachmentStep":false},{"name":"Loader checking","time":{"start":1767601372815,"stop":1767601372839,"duration":24},"status":"passed","steps":[],"attachments":[],"parameters":[],"stepsCount":0,"shouldDisplayMessage":false,"attachmentsCount":0,"hasContent":false,"attachmentStep":false}],"attachments":[],"parameters":[{"name":"driver","value":"<selenium.webdriver.chrome.webdriver.WebDriver (session=\"8d94fea8e189ba18f8b49555526f86d5\")>"},{"name":"main_page_open","value":"None"}],"stepsCount":2,"shouldDisplayMessage":false,"attachmentsCount":0,"hasContent":true,"attachmentStep":false}],"attachments":[],"parameters":[],"stepsCount":3,"shouldDisplayMessage":false,"attachmentsCount":0,"hasContent":true,"attachmentStep":false}],"testStage":{"status":"skipped","statusMessage":"XFAIL\n\nselenium.common.exceptions.TimeoutException: Message: Can't find element by locator ('xpath', '//div[@class=\"__51e19\"]')\nStacktrace:\n#0 0x55a58844019a <unknown>\n#1 0x55a587ebdc4b <unknown>\n#2 0x55a587f0f318 <unknown>\n#3 0x55a587f0f551 <unknown>\n#4 0x55a587f5d764 <unknown>\n#5 0x55a587f5abee <unknown>\n#6 0x55a587f01c42 <unknown>\n#7 0x55a587f028f1 <unknown>\n#8 0x55a588408f39 <unknown>\n#9 0x55a58840be7d <unknown>\n#10 0x55a5883f1c81 <unknown>\n#11 0x55a58840ca5b <unknown>\n#12 0x55a5883d8a50 <unknown>\n#13 0x55a58842daa8 <unknown>\n#14 0x55a58842dc79 <unknown>\n#15 0x55a58843f4f3 <unknown>\n#16 0x7f0b8869caa4 <unknown>\n#17 0x7f0b88729c6c <unknown>","statusTrace":"self = <tests.test_speech_exercises_ru.TestCardsRU object at 0x7f007ef93e60>\ndriver = <selenium.webdriver.chrome.webdriver.WebDriver (session=\"8d94fea8e189ba18f8b49555526f86d5\")>\ndefault_user_authorized = None\n\n    @pytest.mark.xfail\n    @allure.suite(\"Речевые упражнения.\")\n    @allure.title('Solutions to a random task in the \"Слова\" group and comparison of statics.')\n    def test_solve_word_cards_with_statistic_ru(self, driver, default_user_authorized):\n        page = SpeechExercisesPageRU(driver)\n        page.click_button_ru()\n>       table = page.get_statistic_data()\n\ntests/test_speech_exercises_ru.py:165: \n_ _ _ _ _ _ _ _ _ _ _ _ _ _ _ _ _ _ _ _ _ _ _ _ _ _ _ _ _ _ _ _ _ _ _ _ _ _ _ _ \npages/speech_exercises_page_ru.py:174: in get_statistic_data\n    table = self.element_is_present(self.locators.AuthorizedUserHomePageLocators.STATISTIC_TABLE)\npages/base_page.py:32: in element_is_present\n    return Wait(self.driver, self.timeout).until(\n_ _ _ _ _ _ _ _ _ _ _ _ _ _ _ _ _ _ _ _ _ _ _ _ _ _ _ _ _ _ _ _ _ _ _ _ _ _ _ _ \n\nself = <selenium.webdriver.support.wait.WebDriverWait (session=\"8d94fea8e189ba18f8b49555526f86d5\")>\nmethod = <function presence_of_element_located.<locals>._predicate at 0x7f007eda2b60>\nmessage = 'Can\\'t find element by locator (\\'xpath\\', \\'//div[@class=\"__51e19\"]\\')'\n\n    def until(self, method, message: str = \"\"):\n        \"\"\"Calls the method provided with the driver as an argument until the \\\n        return value does not evaluate to ``False``.\n    \n        :param method: callable(WebDriver)\n        :param message: optional message for :exc:`TimeoutException`\n        :returns: the result of the last call to `method`\n        :raises: :exc:`selenium.common.exceptions.TimeoutException` if timeout occurs\n        \"\"\"\n        screen = None\n        stacktrace = None\n    \n        end_time = time.monotonic() + self._timeout\n        while True:\n            try:\n                value = method(self._driver)\n                if value:\n                    return value\n            except self._ignored_exceptions as exc:\n                screen = getattr(exc, \"screen\", None)\n                stacktrace = getattr(exc, \"stacktrace\", None)\n            time.sleep(self._poll)\n            if time.monotonic() > end_time:\n                break\n>       raise TimeoutException(message, screen, stacktrace)\nE       selenium.common.exceptions.TimeoutException: Message: Can't find element by locator ('xpath', '//div[@class=\"__51e19\"]')\nE       Stacktrace:\nE       #0 0x55a58844019a <unknown>\nE       #1 0x55a587ebdc4b <unknown>\nE       #2 0x55a587f0f318 <unknown>\nE       #3 0x55a587f0f551 <unknown>\nE       #4 0x55a587f5d764 <unknown>\nE       #5 0x55a587f5abee <unknown>\nE       #6 0x55a587f01c42 <unknown>\nE       #7 0x55a587f028f1 <unknown>\nE       #8 0x55a588408f39 <unknown>\nE       #9 0x55a58840be7d <unknown>\nE       #10 0x55a5883f1c81 <unknown>\nE       #11 0x55a58840ca5b <unknown>\nE       #12 0x55a5883d8a50 <unknown>\nE       #13 0x55a58842daa8 <unknown>\nE       #14 0x55a58842dc79 <unknown>\nE       #15 0x55a58843f4f3 <unknown>\nE       #16 0x7f0b8869caa4 <unknown>\nE       #17 0x7f0b88729c6c <unknown>\n\n/opt/hostedtoolcache/Python/3.12.12/x64/lib/python3.12/site-packages/selenium/webdriver/support/wait.py:95: TimeoutException","steps":[{"name":"click_button RU","time":{"start":1767601372839,"stop":1767601372907,"duration":68},"status":"passed","steps":[{"name":"Click button \"RU\".","time":{"start":1767601372839,"stop":1767601372907,"duration":68},"status":"passed","steps":[],"attachments":[],"parameters":[],"stepsCount":0,"shouldDisplayMessage":false,"attachmentsCount":0,"hasContent":false,"attachmentStep":false}],"attachments":[],"parameters":[],"stepsCount":1,"shouldDisplayMessage":false,"attachmentsCount":0,"hasContent":true,"attachmentStep":false},{"name":"get_statistic_data","time":{"start":1767601372907,"stop":1767601383173,"duration":10266},"status":"broken","statusMessage":"selenium.common.exceptions.TimeoutException: Message: Can't find element by locator ('xpath', '//div[@class=\"__51e19\"]')\nStacktrace:\n#0 0x55a58844019a <unknown>\n#1 0x55a587ebdc4b <unknown>\n#2 0x55a587f0f318 <unknown>\n#3 0x55a587f0f551 <unknown>\n#4 0x55a587f5d764 <unknown>\n#5 0x55a587f5abee <unknown>\n#6 0x55a587f01c42 <unknown>\n#7 0x55a587f028f1 <unknown>\n#8 0x55a588408f39 <unknown>\n#9 0x55a58840be7d <unknown>\n#10 0x55a5883f1c81 <unknown>\n#11 0x55a58840ca5b <unknown>\n#12 0x55a5883d8a50 <unknown>\n#13 0x55a58842daa8 <unknown>\n#14 0x55a58842dc79 <unknown>\n#15 0x55a58843f4f3 <unknown>\n#16 0x7f0b8869caa4 <unknown>\n#17 0x7f0b88729c6c <unknown>\n\n","statusTrace":"  File \"/opt/hostedtoolcache/Python/3.12.12/x64/lib/python3.12/site-packages/allure_commons/_allure.py\", line 192, in impl\n    return func(*a, **kw)\n           ^^^^^^^^^^^^^^\n  File \"/home/runner/work/auto-tests-python/auto-tests-python/pages/speech_exercises_page_ru.py\", line 174, in get_statistic_data\n    table = self.element_is_present(self.locators.AuthorizedUserHomePageLocators.STATISTIC_TABLE)\n            ^^^^^^^^^^^^^^^^^^^^^^^^^^^^^^^^^^^^^^^^^^^^^^^^^^^^^^^^^^^^^^^^^^^^^^^^^^^^^^^^^^^^^\n  File \"/home/runner/work/auto-tests-python/auto-tests-python/pages/base_page.py\", line 32, in element_is_present\n    return Wait(self.driver, self.timeout).until(\n           ^^^^^^^^^^^^^^^^^^^^^^^^^^^^^^^^^^^^^^\n  File \"/opt/hostedtoolcache/Python/3.12.12/x64/lib/python3.12/site-packages/selenium/webdriver/support/wait.py\", line 95, in until\n    raise TimeoutException(message, screen, stacktrace)\n","steps":[{"name":"Click button \"Статистика\"\".","time":{"start":1767601372907,"stop":1767601372976,"duration":69},"status":"passed","steps":[],"attachments":[],"parameters":[],"stepsCount":0,"shouldDisplayMessage":false,"attachmentsCount":0,"hasContent":false,"attachmentStep":false},{"name":"Check statistic table is present and scroll to table","time":{"start":1767601372976,"stop":1767601383173,"duration":10197},"status":"broken","statusMessage":"selenium.common.exceptions.TimeoutException: Message: Can't find element by locator ('xpath', '//div[@class=\"__51e19\"]')\nStacktrace:\n#0 0x55a58844019a <unknown>\n#1 0x55a587ebdc4b <unknown>\n#2 0x55a587f0f318 <unknown>\n#3 0x55a587f0f551 <unknown>\n#4 0x55a587f5d764 <unknown>\n#5 0x55a587f5abee <unknown>\n#6 0x55a587f01c42 <unknown>\n#7 0x55a587f028f1 <unknown>\n#8 0x55a588408f39 <unknown>\n#9 0x55a58840be7d <unknown>\n#10 0x55a5883f1c81 <unknown>\n#11 0x55a58840ca5b <unknown>\n#12 0x55a5883d8a50 <unknown>\n#13 0x55a58842daa8 <unknown>\n#14 0x55a58842dc79 <unknown>\n#15 0x55a58843f4f3 <unknown>\n#16 0x7f0b8869caa4 <unknown>\n#17 0x7f0b88729c6c <unknown>\n\n","statusTrace":"  File \"/home/runner/work/auto-tests-python/auto-tests-python/pages/speech_exercises_page_ru.py\", line 174, in get_statistic_data\n    table = self.element_is_present(self.locators.AuthorizedUserHomePageLocators.STATISTIC_TABLE)\n            ^^^^^^^^^^^^^^^^^^^^^^^^^^^^^^^^^^^^^^^^^^^^^^^^^^^^^^^^^^^^^^^^^^^^^^^^^^^^^^^^^^^^^\n  File \"/home/runner/work/auto-tests-python/auto-tests-python/pages/base_page.py\", line 32, in element_is_present\n    return Wait(self.driver, self.timeout).until(\n           ^^^^^^^^^^^^^^^^^^^^^^^^^^^^^^^^^^^^^^\n  File \"/opt/hostedtoolcache/Python/3.12.12/x64/lib/python3.12/site-packages/selenium/webdriver/support/wait.py\", line 95, in until\n    raise TimeoutException(message, screen, stacktrace)\n","steps":[],"attachments":[],"parameters":[],"stepsCount":0,"shouldDisplayMessage":true,"attachmentsCount":0,"hasContent":true,"attachmentStep":false}],"attachments":[],"parameters":[],"stepsCount":2,"shouldDisplayMessage":false,"attachmentsCount":0,"hasContent":true,"attachmentStep":false}],"attachments":[],"parameters":[],"stepsCount":5,"shouldDisplayMessage":true,"attachmentsCount":0,"hasContent":true,"attachmentStep":false},"afterStages":[{"name":"driver::0","time":{"start":1767601383188,"stop":1767601384257,"duration":1069},"status":"passed","steps":[],"attachments":[],"parameters":[],"stepsCount":0,"shouldDisplayMessage":false,"attachmentsCount":0,"hasContent":false,"attachmentStep":false}],"labels":[{"name":"suite","value":"Речевые упражнения."},{"name":"epic","value":"Speech exercises."},{"name":"tag","value":"@pytest.mark.xfail"},{"name":"parentSuite","value":"tests"},{"name":"subSuite","value":"TestCardsRU"},{"name":"host","value":"runnervmh13bl"},{"name":"thread","value":"2605-MainThread"},{"name":"framework","value":"pytest"},{"name":"language","value":"cpython3"},{"name":"package","value":"tests.test_speech_exercises_ru"},{"name":"resultFormat","value":"allure2"}],"parameters":[],"links":[],"hidden":false,"retry":false,"extra":{"severity":"normal","retries":[],"categories":[],"history":{"statistic":{"failed":0,"broken":0,"skipped":60,"passed":0,"unknown":0,"total":60},"items":[{"uid":"91e3816b4f56ec06","reportUrl":"https://Brain-up.github.io/auto-tests-python/793/#testresult/91e3816b4f56ec06","status":"skipped","statusDetails":"XFAIL\n\nselenium.common.exceptions.TimeoutException: Message: Can't find element by locator ('xpath', '//div[@class=\"__51e19\"]')\nStacktrace:\n#0 0x55565bf9119a <unknown>\n#1 0x55565ba0ec4b <unknown>\n#2 0x55565ba60318 <unknown>\n#3 0x55565ba60551 <unknown>\n#4 0x55565baae764 <unknown>\n#5 0x55565baabbee <unknown>\n#6 0x55565ba52c42 <unknown>\n#7 0x55565ba538f1 <unknown>\n#8 0x55565bf59f39 <unknown>\n#9 0x55565bf5ce7d <unknown>\n#10 0x55565bf42c81 <unknown>\n#11 0x55565bf5da5b <unknown>\n#12 0x55565bf29a50 <unknown>\n#13 0x55565bf7eaa8 <unknown>\n#14 0x55565bf7ec79 <unknown>\n#15 0x55565bf904f3 <unknown>\n#16 0x7f4b3b69caa4 <unknown>\n#17 0x7f4b3b729c6c <unknown>","time":{"start":1767549418596,"stop":1767549429005,"duration":10409}},{"uid":"bea984530290b5d7","reportUrl":"https://Brain-up.github.io/auto-tests-python/792/#testresult/bea984530290b5d7","status":"skipped","statusDetails":"XFAIL\n\nselenium.common.exceptions.TimeoutException: Message: Can't find element by locator ('xpath', '//div[@class=\"__51e19\"]')\nStacktrace:\n#0 0x5576ca34c19a <unknown>\n#1 0x5576c9dc9c4b <unknown>\n#2 0x5576c9e1b318 <unknown>\n#3 0x5576c9e1b551 <unknown>\n#4 0x5576c9e69764 <unknown>\n#5 0x5576c9e66bee <unknown>\n#6 0x5576c9e0dc42 <unknown>\n#7 0x5576c9e0e8f1 <unknown>\n#8 0x5576ca314f39 <unknown>\n#9 0x5576ca317e7d <unknown>\n#10 0x5576ca2fdc81 <unknown>\n#11 0x5576ca318a5b <unknown>\n#12 0x5576ca2e4a50 <unknown>\n#13 0x5576ca339aa8 <unknown>\n#14 0x5576ca339c79 <unknown>\n#15 0x5576ca34b4f3 <unknown>\n#16 0x7f710269caa4 <unknown>\n#17 0x7f7102729c6c <unknown>","time":{"start":1767464387232,"stop":1767464397582,"duration":10350}},{"uid":"c0da70763ae30b41","reportUrl":"https://Brain-up.github.io/auto-tests-python/791/#testresult/c0da70763ae30b41","status":"skipped","statusDetails":"XFAIL\n\nselenium.common.exceptions.TimeoutException: Message: Can't find element by locator ('xpath', '//div[@class=\"__51e19\"]')\nStacktrace:\n#0 0x55e7bb25819a <unknown>\n#1 0x55e7bacd5c4b <unknown>\n#2 0x55e7bad27318 <unknown>\n#3 0x55e7bad27551 <unknown>\n#4 0x55e7bad75764 <unknown>\n#5 0x55e7bad72bee <unknown>\n#6 0x55e7bad19c42 <unknown>\n#7 0x55e7bad1a8f1 <unknown>\n#8 0x55e7bb220f39 <unknown>\n#9 0x55e7bb223e7d <unknown>\n#10 0x55e7bb209c81 <unknown>\n#11 0x55e7bb224a5b <unknown>\n#12 0x55e7bb1f0a50 <unknown>\n#13 0x55e7bb245aa8 <unknown>\n#14 0x55e7bb245c79 <unknown>\n#15 0x55e7bb2574f3 <unknown>\n#16 0x7f176769caa4 <unknown>\n#17 0x7f1767729c6c <unknown>","time":{"start":1767351126299,"stop":1767351136621,"duration":10322}},{"uid":"29a95a0ddc919a58","reportUrl":"https://Brain-up.github.io/auto-tests-python/790/#testresult/29a95a0ddc919a58","status":"skipped","statusDetails":"XFAIL\n\nselenium.common.exceptions.TimeoutException: Message: Can't find element by locator ('xpath', '//div[@class=\"__51e19\"]')\nStacktrace:\n#0 0x55c19c07b19a <unknown>\n#1 0x55c19baf8c4b <unknown>\n#2 0x55c19bb4a318 <unknown>\n#3 0x55c19bb4a551 <unknown>\n#4 0x55c19bb98764 <unknown>\n#5 0x55c19bb95bee <unknown>\n#6 0x55c19bb3cc42 <unknown>\n#7 0x55c19bb3d8f1 <unknown>\n#8 0x55c19c043f39 <unknown>\n#9 0x55c19c046e7d <unknown>\n#10 0x55c19c02cc81 <unknown>\n#11 0x55c19c047a5b <unknown>\n#12 0x55c19c013a50 <unknown>\n#13 0x55c19c068aa8 <unknown>\n#14 0x55c19c068c79 <unknown>\n#15 0x55c19c07a4f3 <unknown>\n#16 0x7f4040e9caa4 <unknown>\n#17 0x7f4040f29c6c <unknown>","time":{"start":1767198509375,"stop":1767198519725,"duration":10350}},{"uid":"642c7b4de3856db6","reportUrl":"https://Brain-up.github.io/auto-tests-python/789/#testresult/642c7b4de3856db6","status":"skipped","statusDetails":"XFAIL\n\nselenium.common.exceptions.TimeoutException: Message: Can't find element by locator ('xpath', '//div[@class=\"__51e19\"]')\nStacktrace:\n#0 0x55f458db719a <unknown>\n#1 0x55f458834c4b <unknown>\n#2 0x55f458886318 <unknown>\n#3 0x55f458886551 <unknown>\n#4 0x55f4588d4764 <unknown>\n#5 0x55f4588d1bee <unknown>\n#6 0x55f458878c42 <unknown>\n#7 0x55f4588798f1 <unknown>\n#8 0x55f458d7ff39 <unknown>\n#9 0x55f458d82e7d <unknown>\n#10 0x55f458d68c81 <unknown>\n#11 0x55f458d83a5b <unknown>\n#12 0x55f458d4fa50 <unknown>\n#13 0x55f458da4aa8 <unknown>\n#14 0x55f458da4c79 <unknown>\n#15 0x55f458db64f3 <unknown>\n#16 0x7f18a209caa4 <unknown>\n#17 0x7f18a2129c6c <unknown>","time":{"start":1767088741513,"stop":1767088751840,"duration":10327}},{"uid":"db8b8b0f93cb98e7","reportUrl":"https://Brain-up.github.io/auto-tests-python/788/#testresult/db8b8b0f93cb98e7","status":"skipped","statusDetails":"XFAIL\n\nselenium.common.exceptions.TimeoutException: Message: Can't find element by locator ('xpath', '//div[@class=\"__51e19\"]')\nStacktrace:\n#0 0x55fa4168619a <unknown>\n#1 0x55fa41103c4b <unknown>\n#2 0x55fa41155318 <unknown>\n#3 0x55fa41155551 <unknown>\n#4 0x55fa411a3764 <unknown>\n#5 0x55fa411a0bee <unknown>\n#6 0x55fa41147c42 <unknown>\n#7 0x55fa411488f1 <unknown>\n#8 0x55fa4164ef39 <unknown>\n#9 0x55fa41651e7d <unknown>\n#10 0x55fa41637c81 <unknown>\n#11 0x55fa41652a5b <unknown>\n#12 0x55fa4161ea50 <unknown>\n#13 0x55fa41673aa8 <unknown>\n#14 0x55fa41673c79 <unknown>\n#15 0x55fa416854f3 <unknown>\n#16 0x7f06a9a9caa4 <unknown>\n#17 0x7f06a9b29c6c <unknown>","time":{"start":1766998335515,"stop":1766998345802,"duration":10287}},{"uid":"3623a762a77e99c4","reportUrl":"https://Brain-up.github.io/auto-tests-python/787/#testresult/3623a762a77e99c4","status":"skipped","statusDetails":"XFAIL\n\nselenium.common.exceptions.TimeoutException: Message: Can't find element by locator ('xpath', '//div[@class=\"__51e19\"]')\nStacktrace:\n#0 0x55fa9609119a <unknown>\n#1 0x55fa95b0ec4b <unknown>\n#2 0x55fa95b60318 <unknown>\n#3 0x55fa95b60551 <unknown>\n#4 0x55fa95bae764 <unknown>\n#5 0x55fa95babbee <unknown>\n#6 0x55fa95b52c42 <unknown>\n#7 0x55fa95b538f1 <unknown>\n#8 0x55fa96059f39 <unknown>\n#9 0x55fa9605ce7d <unknown>\n#10 0x55fa96042c81 <unknown>\n#11 0x55fa9605da5b <unknown>\n#12 0x55fa96029a50 <unknown>\n#13 0x55fa9607eaa8 <unknown>\n#14 0x55fa9607ec79 <unknown>\n#15 0x55fa960904f3 <unknown>\n#16 0x7f9840e9caa4 <unknown>\n#17 0x7f9840f29c6c <unknown>","time":{"start":1766924154098,"stop":1766924164386,"duration":10288}},{"uid":"69fb1ccadad5f65d","reportUrl":"https://Brain-up.github.io/auto-tests-python/786/#testresult/69fb1ccadad5f65d","status":"skipped","statusDetails":"XFAIL\n\nselenium.common.exceptions.TimeoutException: Message: Can't find element by locator ('xpath', '//div[@class=\"__51e19\"]')\nStacktrace:\n#0 0x55f876be919a <unknown>\n#1 0x55f876666c4b <unknown>\n#2 0x55f8766b8318 <unknown>\n#3 0x55f8766b8551 <unknown>\n#4 0x55f876706764 <unknown>\n#5 0x55f876703bee <unknown>\n#6 0x55f8766aac42 <unknown>\n#7 0x55f8766ab8f1 <unknown>\n#8 0x55f876bb1f39 <unknown>\n#9 0x55f876bb4e7d <unknown>\n#10 0x55f876b9ac81 <unknown>\n#11 0x55f876bb5a5b <unknown>\n#12 0x55f876b81a50 <unknown>\n#13 0x55f876bd6aa8 <unknown>\n#14 0x55f876bd6c79 <unknown>\n#15 0x55f876be84f3 <unknown>\n#16 0x7f7df149caa4 <unknown>\n#17 0x7f7df1529c6c <unknown>","time":{"start":1766834383996,"stop":1766834394325,"duration":10329}},{"uid":"e267a27db026d38d","reportUrl":"https://Brain-up.github.io/auto-tests-python/785/#testresult/e267a27db026d38d","status":"skipped","statusDetails":"XFAIL\n\nselenium.common.exceptions.TimeoutException: Message: Can't find element by locator ('xpath', '//div[@class=\"__51e19\"]')\nStacktrace:\n#0 0x55a337cf619a <unknown>\n#1 0x55a337773c4b <unknown>\n#2 0x55a3377c5318 <unknown>\n#3 0x55a3377c5551 <unknown>\n#4 0x55a337813764 <unknown>\n#5 0x55a337810bee <unknown>\n#6 0x55a3377b7c42 <unknown>\n#7 0x55a3377b88f1 <unknown>\n#8 0x55a337cbef39 <unknown>\n#9 0x55a337cc1e7d <unknown>\n#10 0x55a337ca7c81 <unknown>\n#11 0x55a337cc2a5b <unknown>\n#12 0x55a337c8ea50 <unknown>\n#13 0x55a337ce3aa8 <unknown>\n#14 0x55a337ce3c79 <unknown>\n#15 0x55a337cf54f3 <unknown>\n#16 0x7fe9fa69caa4 <unknown>\n#17 0x7fe9fa729c6c <unknown>","time":{"start":1766753280323,"stop":1766753290616,"duration":10293}},{"uid":"fccfd4439f5169c","reportUrl":"https://Brain-up.github.io/auto-tests-python/784/#testresult/fccfd4439f5169c","status":"skipped","statusDetails":"XFAIL\n\nselenium.common.exceptions.TimeoutException: Message: Can't find element by locator ('xpath', '//div[@class=\"__51e19\"]')\nStacktrace:\n#0 0x55e61aa7b19a <unknown>\n#1 0x55e61a4f8c4b <unknown>\n#2 0x55e61a54a318 <unknown>\n#3 0x55e61a54a551 <unknown>\n#4 0x55e61a598764 <unknown>\n#5 0x55e61a595bee <unknown>\n#6 0x55e61a53cc42 <unknown>\n#7 0x55e61a53d8f1 <unknown>\n#8 0x55e61aa43f39 <unknown>\n#9 0x55e61aa46e7d <unknown>\n#10 0x55e61aa2cc81 <unknown>\n#11 0x55e61aa47a5b <unknown>\n#12 0x55e61aa13a50 <unknown>\n#13 0x55e61aa68aa8 <unknown>\n#14 0x55e61aa68c79 <unknown>\n#15 0x55e61aa7a4f3 <unknown>\n#16 0x7f781589caa4 <unknown>\n#17 0x7f7815929c6c <unknown>","time":{"start":1766688635109,"stop":1766688645434,"duration":10325}},{"uid":"2cf062f8adc51ae0","reportUrl":"https://Brain-up.github.io/auto-tests-python/783/#testresult/2cf062f8adc51ae0","status":"skipped","statusDetails":"XFAIL\n\nselenium.common.exceptions.TimeoutException: Message: Can't find element by locator ('xpath', '//div[@class=\"__51e19\"]')\nStacktrace:\n#0 0x5602cd08419a <unknown>\n#1 0x5602ccb01c4b <unknown>\n#2 0x5602ccb53318 <unknown>\n#3 0x5602ccb53551 <unknown>\n#4 0x5602ccba1764 <unknown>\n#5 0x5602ccb9ebee <unknown>\n#6 0x5602ccb45c42 <unknown>\n#7 0x5602ccb468f1 <unknown>\n#8 0x5602cd04cf39 <unknown>\n#9 0x5602cd04fe7d <unknown>\n#10 0x5602cd035c81 <unknown>\n#11 0x5602cd050a5b <unknown>\n#12 0x5602cd01ca50 <unknown>\n#13 0x5602cd071aa8 <unknown>\n#14 0x5602cd071c79 <unknown>\n#15 0x5602cd0834f3 <unknown>\n#16 0x7ffaf7c9caa4 <unknown>\n#17 0x7ffaf7d29c6c <unknown>","time":{"start":1766575655277,"stop":1766575665610,"duration":10333}},{"uid":"e8b6089f858fc949","reportUrl":"https://Brain-up.github.io/auto-tests-python/782/#testresult/e8b6089f858fc949","status":"skipped","statusDetails":"XFAIL\n\nselenium.common.exceptions.TimeoutException: Message: Can't find element by locator ('xpath', '//div[@class=\"__51e19\"]')\nStacktrace:\n#0 0x558fbbd9d19a <unknown>\n#1 0x558fbb81ac4b <unknown>\n#2 0x558fbb86c318 <unknown>\n#3 0x558fbb86c551 <unknown>\n#4 0x558fbb8ba764 <unknown>\n#5 0x558fbb8b7bee <unknown>\n#6 0x558fbb85ec42 <unknown>\n#7 0x558fbb85f8f1 <unknown>\n#8 0x558fbbd65f39 <unknown>\n#9 0x558fbbd68e7d <unknown>\n#10 0x558fbbd4ec81 <unknown>\n#11 0x558fbbd69a5b <unknown>\n#12 0x558fbbd35a50 <unknown>\n#13 0x558fbbd8aaa8 <unknown>\n#14 0x558fbbd8ac79 <unknown>\n#15 0x558fbbd9c4f3 <unknown>\n#16 0x7efdf129caa4 <unknown>\n#17 0x7efdf1329c6c <unknown>","time":{"start":1766475908461,"stop":1766475918771,"duration":10310}},{"uid":"43bdcbf54415e145","reportUrl":"https://Brain-up.github.io/auto-tests-python/781/#testresult/43bdcbf54415e145","status":"skipped","statusDetails":"XFAIL\n\nselenium.common.exceptions.TimeoutException: Message: Can't find element by locator ('xpath', '//div[@class=\"__51e19\"]')\nStacktrace:\n#0 0x55b198c5b19a <unknown>\n#1 0x55b1986d8c4b <unknown>\n#2 0x55b19872a318 <unknown>\n#3 0x55b19872a551 <unknown>\n#4 0x55b198778764 <unknown>\n#5 0x55b198775bee <unknown>\n#6 0x55b19871cc42 <unknown>\n#7 0x55b19871d8f1 <unknown>\n#8 0x55b198c23f39 <unknown>\n#9 0x55b198c26e7d <unknown>\n#10 0x55b198c0cc81 <unknown>\n#11 0x55b198c27a5b <unknown>\n#12 0x55b198bf3a50 <unknown>\n#13 0x55b198c48aa8 <unknown>\n#14 0x55b198c48c79 <unknown>\n#15 0x55b198c5a4f3 <unknown>\n#16 0x7faf4ec9caa4 <unknown>\n#17 0x7faf4ed29c6c <unknown>","time":{"start":1766401750271,"stop":1766401760620,"duration":10349}},{"uid":"e4ae2d8d25c46f2d","reportUrl":"https://Brain-up.github.io/auto-tests-python/780/#testresult/e4ae2d8d25c46f2d","status":"skipped","statusDetails":"XFAIL\n\nselenium.common.exceptions.TimeoutException: Message: Can't find element by locator ('xpath', '//div[@class=\"__51e19\"]')\nStacktrace:\n#0 0x55a80445e19a <unknown>\n#1 0x55a803edbc4b <unknown>\n#2 0x55a803f2d318 <unknown>\n#3 0x55a803f2d551 <unknown>\n#4 0x55a803f7b764 <unknown>\n#5 0x55a803f78bee <unknown>\n#6 0x55a803f1fc42 <unknown>\n#7 0x55a803f208f1 <unknown>\n#8 0x55a804426f39 <unknown>\n#9 0x55a804429e7d <unknown>\n#10 0x55a80440fc81 <unknown>\n#11 0x55a80442aa5b <unknown>\n#12 0x55a8043f6a50 <unknown>\n#13 0x55a80444baa8 <unknown>\n#14 0x55a80444bc79 <unknown>\n#15 0x55a80445d4f3 <unknown>\n#16 0x7f1a2689caa4 <unknown>\n#17 0x7f1a26929c6c <unknown>","time":{"start":1766324452620,"stop":1766324462964,"duration":10344}},{"uid":"584652521473f780","reportUrl":"https://Brain-up.github.io/auto-tests-python/779/#testresult/584652521473f780","status":"skipped","statusDetails":"XFAIL\n\nselenium.common.exceptions.TimeoutException: Message: Can't find element by locator ('xpath', '//div[@class=\"__51e19\"]')\nStacktrace:\n#0 0x564d14ce019a <unknown>\n#1 0x564d1475dc4b <unknown>\n#2 0x564d147af318 <unknown>\n#3 0x564d147af551 <unknown>\n#4 0x564d147fd764 <unknown>\n#5 0x564d147fabee <unknown>\n#6 0x564d147a1c42 <unknown>\n#7 0x564d147a28f1 <unknown>\n#8 0x564d14ca8f39 <unknown>\n#9 0x564d14cabe7d <unknown>\n#10 0x564d14c91c81 <unknown>\n#11 0x564d14caca5b <unknown>\n#12 0x564d14c78a50 <unknown>\n#13 0x564d14ccdaa8 <unknown>\n#14 0x564d14ccdc79 <unknown>\n#15 0x564d14cdf4f3 <unknown>\n#16 0x7f499d09caa4 <unknown>\n#17 0x7f499d129c6c <unknown>","time":{"start":1766230145920,"stop":1766230156242,"duration":10322}},{"uid":"3fc3316470d0b4dd","reportUrl":"https://Brain-up.github.io/auto-tests-python/778/#testresult/3fc3316470d0b4dd","status":"skipped","statusDetails":"XFAIL\n\nselenium.common.exceptions.TimeoutException: Message: Can't find element by locator ('xpath', '//div[@class=\"__51e19\"]')\nStacktrace:\n#0 0x55e68835619a <unknown>\n#1 0x55e687dd3c4b <unknown>\n#2 0x55e687e25318 <unknown>\n#3 0x55e687e25551 <unknown>\n#4 0x55e687e73764 <unknown>\n#5 0x55e687e70bee <unknown>\n#6 0x55e687e17c42 <unknown>\n#7 0x55e687e188f1 <unknown>\n#8 0x55e68831ef39 <unknown>\n#9 0x55e688321e7d <unknown>\n#10 0x55e688307c81 <unknown>\n#11 0x55e688322a5b <unknown>\n#12 0x55e6882eea50 <unknown>\n#13 0x55e688343aa8 <unknown>\n#14 0x55e688343c79 <unknown>\n#15 0x55e6883554f3 <unknown>\n#16 0x7f56d629caa4 <unknown>\n#17 0x7f56d6329c6c <unknown>","time":{"start":1766133813204,"stop":1766133823541,"duration":10337}},{"uid":"b3f87655619773b5","reportUrl":"https://Brain-up.github.io/auto-tests-python/777/#testresult/b3f87655619773b5","status":"skipped","statusDetails":"XFAIL\n\nselenium.common.exceptions.TimeoutException: Message: Can't find element by locator ('xpath', '//div[@class=\"__51e19\"]')\nStacktrace:\n#0 0x55ef634bb19a <unknown>\n#1 0x55ef62f38c4b <unknown>\n#2 0x55ef62f8a318 <unknown>\n#3 0x55ef62f8a551 <unknown>\n#4 0x55ef62fd8764 <unknown>\n#5 0x55ef62fd5bee <unknown>\n#6 0x55ef62f7cc42 <unknown>\n#7 0x55ef62f7d8f1 <unknown>\n#8 0x55ef63483f39 <unknown>\n#9 0x55ef63486e7d <unknown>\n#10 0x55ef6346cc81 <unknown>\n#11 0x55ef63487a5b <unknown>\n#12 0x55ef63453a50 <unknown>\n#13 0x55ef634a8aa8 <unknown>\n#14 0x55ef634a8c79 <unknown>\n#15 0x55ef634ba4f3 <unknown>\n#16 0x7f2240e9caa4 <unknown>\n#17 0x7f2240f29c6c <unknown>","time":{"start":1766052520269,"stop":1766052530615,"duration":10346}},{"uid":"b6ffa3d325982fd0","reportUrl":"https://Brain-up.github.io/auto-tests-python/776/#testresult/b6ffa3d325982fd0","status":"skipped","statusDetails":"XFAIL\n\nselenium.common.exceptions.TimeoutException: Message: Can't find element by locator ('xpath', '//div[@class=\"__51e19\"]')\nStacktrace:\n#0 0x55755efff16a <unknown>\n#1 0x55755ea7cc4b <unknown>\n#2 0x55755eace318 <unknown>\n#3 0x55755eace551 <unknown>\n#4 0x55755eb1c764 <unknown>\n#5 0x55755eb19bee <unknown>\n#6 0x55755eac0c42 <unknown>\n#7 0x55755eac18f1 <unknown>\n#8 0x55755efc7f09 <unknown>\n#9 0x55755efcae4d <unknown>\n#10 0x55755efb0c51 <unknown>\n#11 0x55755efcba2b <unknown>\n#12 0x55755ef97a20 <unknown>\n#13 0x55755efeca78 <unknown>\n#14 0x55755efecc49 <unknown>\n#15 0x55755effe4c3 <unknown>\n#16 0x7f7334e9caa4 <unknown>\n#17 0x7f7334f29c6c <unknown>","time":{"start":1765970395091,"stop":1765970405448,"duration":10357}},{"uid":"e1206c9dd3ce44f2","reportUrl":"https://Brain-up.github.io/auto-tests-python/775/#testresult/e1206c9dd3ce44f2","status":"skipped","statusDetails":"XFAIL\n\nKeyError: 33","time":{"start":1765883610786,"stop":1765883616115,"duration":5329}},{"uid":"310ba05041cba2cf","reportUrl":"https://Brain-up.github.io/auto-tests-python/774/#testresult/310ba05041cba2cf","status":"skipped","statusDetails":"XFAIL\n\nKeyError: 5","time":{"start":1765800474662,"stop":1765800480054,"duration":5392}}]},"tags":["@pytest.mark.xfail"]},"source":"69c65e4855385290.json","parameterValues":[]}