{"uid":"8e06c5ec8634b9e4","name":"Solutions to a random task in the \"Слова\" group and comparison of statics.","fullName":"tests.test_speech_exercises_ru.TestCardsRU#test_solve_word_cards_with_statistic_ru","historyId":"0fb6881b2015244903bd7785af7503a6","time":{"start":1767702668384,"stop":1767702678787,"duration":10403},"status":"skipped","statusMessage":"XFAIL\n\nselenium.common.exceptions.TimeoutException: Message: Can't find element by locator ('xpath', '//div[@class=\"__51e19\"]')\nStacktrace:\n#0 0x56163a05319a <unknown>\n#1 0x561639ad0c4b <unknown>\n#2 0x561639b22318 <unknown>\n#3 0x561639b22551 <unknown>\n#4 0x561639b70764 <unknown>\n#5 0x561639b6dbee <unknown>\n#6 0x561639b14c42 <unknown>\n#7 0x561639b158f1 <unknown>\n#8 0x56163a01bf39 <unknown>\n#9 0x56163a01ee7d <unknown>\n#10 0x56163a004c81 <unknown>\n#11 0x56163a01fa5b <unknown>\n#12 0x561639feba50 <unknown>\n#13 0x56163a040aa8 <unknown>\n#14 0x56163a040c79 <unknown>\n#15 0x56163a0524f3 <unknown>\n#16 0x7f03e509caa4 <unknown>\n#17 0x7f03e5129c6c <unknown>","statusTrace":"self = <tests.test_speech_exercises_ru.TestCardsRU object at 0x7f6f8490f950>\ndriver = <selenium.webdriver.chrome.webdriver.WebDriver (session=\"ee97b65fff2d7dacd9eddc41e08e0b96\")>\ndefault_user_authorized = None\n\n    @pytest.mark.xfail\n    @allure.suite(\"Речевые упражнения.\")\n    @allure.title('Solutions to a random task in the \"Слова\" group and comparison of statics.')\n    def test_solve_word_cards_with_statistic_ru(self, driver, default_user_authorized):\n        page = SpeechExercisesPageRU(driver)\n        page.click_button_ru()\n>       table = page.get_statistic_data()\n\ntests/test_speech_exercises_ru.py:165: \n_ _ _ _ _ _ _ _ _ _ _ _ _ _ _ _ _ _ _ _ _ _ _ _ _ _ _ _ _ _ _ _ _ _ _ _ _ _ _ _ \npages/speech_exercises_page_ru.py:174: in get_statistic_data\n    table = self.element_is_present(self.locators.AuthorizedUserHomePageLocators.STATISTIC_TABLE)\npages/base_page.py:32: in element_is_present\n    return Wait(self.driver, self.timeout).until(\n_ _ _ _ _ _ _ _ _ _ _ _ _ _ _ _ _ _ _ _ _ _ _ _ _ _ _ _ _ _ _ _ _ _ _ _ _ _ _ _ \n\nself = <selenium.webdriver.support.wait.WebDriverWait (session=\"ee97b65fff2d7dacd9eddc41e08e0b96\")>\nmethod = <function presence_of_element_located.<locals>._predicate at 0x7f6f848368e0>\nmessage = 'Can\\'t find element by locator (\\'xpath\\', \\'//div[@class=\"__51e19\"]\\')'\n\n    def until(self, method, message: str = \"\"):\n        \"\"\"Calls the method provided with the driver as an argument until the \\\n        return value does not evaluate to ``False``.\n    \n        :param method: callable(WebDriver)\n        :param message: optional message for :exc:`TimeoutException`\n        :returns: the result of the last call to `method`\n        :raises: :exc:`selenium.common.exceptions.TimeoutException` if timeout occurs\n        \"\"\"\n        screen = None\n        stacktrace = None\n    \n        end_time = time.monotonic() + self._timeout\n        while True:\n            try:\n                value = method(self._driver)\n                if value:\n                    return value\n            except self._ignored_exceptions as exc:\n                screen = getattr(exc, \"screen\", None)\n                stacktrace = getattr(exc, \"stacktrace\", None)\n            time.sleep(self._poll)\n            if time.monotonic() > end_time:\n                break\n>       raise TimeoutException(message, screen, stacktrace)\nE       selenium.common.exceptions.TimeoutException: Message: Can't find element by locator ('xpath', '//div[@class=\"__51e19\"]')\nE       Stacktrace:\nE       #0 0x56163a05319a <unknown>\nE       #1 0x561639ad0c4b <unknown>\nE       #2 0x561639b22318 <unknown>\nE       #3 0x561639b22551 <unknown>\nE       #4 0x561639b70764 <unknown>\nE       #5 0x561639b6dbee <unknown>\nE       #6 0x561639b14c42 <unknown>\nE       #7 0x561639b158f1 <unknown>\nE       #8 0x56163a01bf39 <unknown>\nE       #9 0x56163a01ee7d <unknown>\nE       #10 0x56163a004c81 <unknown>\nE       #11 0x56163a01fa5b <unknown>\nE       #12 0x561639feba50 <unknown>\nE       #13 0x56163a040aa8 <unknown>\nE       #14 0x56163a040c79 <unknown>\nE       #15 0x56163a0524f3 <unknown>\nE       #16 0x7f03e509caa4 <unknown>\nE       #17 0x7f03e5129c6c <unknown>\n\n/opt/hostedtoolcache/Python/3.12.12/x64/lib/python3.12/site-packages/selenium/webdriver/support/wait.py:95: TimeoutException","flaky":false,"newFailed":false,"newBroken":false,"newPassed":false,"retriesCount":0,"retriesStatusChange":false,"beforeStages":[{"name":"clear_allure_results_folder","time":{"start":1767701230985,"stop":1767701230985,"duration":0},"status":"passed","steps":[],"attachments":[],"parameters":[],"stepsCount":0,"shouldDisplayMessage":false,"attachmentsCount":0,"hasContent":false,"attachmentStep":false},{"name":"driver","time":{"start":1767702661206,"stop":1767702661961,"duration":755},"status":"passed","steps":[],"attachments":[],"parameters":[],"stepsCount":0,"shouldDisplayMessage":false,"attachmentsCount":0,"hasContent":false,"attachmentStep":false},{"name":"main_page_open","time":{"start":1767702661961,"stop":1767702665470,"duration":3509},"status":"passed","steps":[{"name":"Open page: https://www.brainup.site/","time":{"start":1767702661961,"stop":1767702665470,"duration":3509},"status":"passed","steps":[],"attachments":[],"parameters":[{"name":"driver","value":"<selenium.webdriver.chrome.webdriver.WebDriver (session=\"ee97b65fff2d7dacd9eddc41e08e0b96\")>"}],"stepsCount":0,"shouldDisplayMessage":false,"attachmentsCount":0,"hasContent":true,"attachmentStep":false}],"attachments":[],"parameters":[],"stepsCount":1,"shouldDisplayMessage":false,"attachmentsCount":0,"hasContent":true,"attachmentStep":false},{"name":"default_user_authorized","time":{"start":1767702665470,"stop":1767702668384,"duration":2914},"status":"passed","steps":[{"name":"DEFAULT user authorized","time":{"start":1767702665470,"stop":1767702668384,"duration":2914},"status":"passed","steps":[{"name":"Check url is present: https://www.brainup.site/groups","time":{"start":1767702665839,"stop":1767702668361,"duration":2522},"status":"passed","steps":[],"attachments":[],"parameters":[],"stepsCount":0,"shouldDisplayMessage":false,"attachmentsCount":0,"hasContent":false,"attachmentStep":false},{"name":"Loader checking","time":{"start":1767702668361,"stop":1767702668384,"duration":23},"status":"passed","steps":[],"attachments":[],"parameters":[],"stepsCount":0,"shouldDisplayMessage":false,"attachmentsCount":0,"hasContent":false,"attachmentStep":false}],"attachments":[],"parameters":[{"name":"driver","value":"<selenium.webdriver.chrome.webdriver.WebDriver (session=\"ee97b65fff2d7dacd9eddc41e08e0b96\")>"},{"name":"main_page_open","value":"None"}],"stepsCount":2,"shouldDisplayMessage":false,"attachmentsCount":0,"hasContent":true,"attachmentStep":false}],"attachments":[],"parameters":[],"stepsCount":3,"shouldDisplayMessage":false,"attachmentsCount":0,"hasContent":true,"attachmentStep":false}],"testStage":{"status":"skipped","statusMessage":"XFAIL\n\nselenium.common.exceptions.TimeoutException: Message: Can't find element by locator ('xpath', '//div[@class=\"__51e19\"]')\nStacktrace:\n#0 0x56163a05319a <unknown>\n#1 0x561639ad0c4b <unknown>\n#2 0x561639b22318 <unknown>\n#3 0x561639b22551 <unknown>\n#4 0x561639b70764 <unknown>\n#5 0x561639b6dbee <unknown>\n#6 0x561639b14c42 <unknown>\n#7 0x561639b158f1 <unknown>\n#8 0x56163a01bf39 <unknown>\n#9 0x56163a01ee7d <unknown>\n#10 0x56163a004c81 <unknown>\n#11 0x56163a01fa5b <unknown>\n#12 0x561639feba50 <unknown>\n#13 0x56163a040aa8 <unknown>\n#14 0x56163a040c79 <unknown>\n#15 0x56163a0524f3 <unknown>\n#16 0x7f03e509caa4 <unknown>\n#17 0x7f03e5129c6c <unknown>","statusTrace":"self = <tests.test_speech_exercises_ru.TestCardsRU object at 0x7f6f8490f950>\ndriver = <selenium.webdriver.chrome.webdriver.WebDriver (session=\"ee97b65fff2d7dacd9eddc41e08e0b96\")>\ndefault_user_authorized = None\n\n    @pytest.mark.xfail\n    @allure.suite(\"Речевые упражнения.\")\n    @allure.title('Solutions to a random task in the \"Слова\" group and comparison of statics.')\n    def test_solve_word_cards_with_statistic_ru(self, driver, default_user_authorized):\n        page = SpeechExercisesPageRU(driver)\n        page.click_button_ru()\n>       table = page.get_statistic_data()\n\ntests/test_speech_exercises_ru.py:165: \n_ _ _ _ _ _ _ _ _ _ _ _ _ _ _ _ _ _ _ _ _ _ _ _ _ _ _ _ _ _ _ _ _ _ _ _ _ _ _ _ \npages/speech_exercises_page_ru.py:174: in get_statistic_data\n    table = self.element_is_present(self.locators.AuthorizedUserHomePageLocators.STATISTIC_TABLE)\npages/base_page.py:32: in element_is_present\n    return Wait(self.driver, self.timeout).until(\n_ _ _ _ _ _ _ _ _ _ _ _ _ _ _ _ _ _ _ _ _ _ _ _ _ _ _ _ _ _ _ _ _ _ _ _ _ _ _ _ \n\nself = <selenium.webdriver.support.wait.WebDriverWait (session=\"ee97b65fff2d7dacd9eddc41e08e0b96\")>\nmethod = <function presence_of_element_located.<locals>._predicate at 0x7f6f848368e0>\nmessage = 'Can\\'t find element by locator (\\'xpath\\', \\'//div[@class=\"__51e19\"]\\')'\n\n    def until(self, method, message: str = \"\"):\n        \"\"\"Calls the method provided with the driver as an argument until the \\\n        return value does not evaluate to ``False``.\n    \n        :param method: callable(WebDriver)\n        :param message: optional message for :exc:`TimeoutException`\n        :returns: the result of the last call to `method`\n        :raises: :exc:`selenium.common.exceptions.TimeoutException` if timeout occurs\n        \"\"\"\n        screen = None\n        stacktrace = None\n    \n        end_time = time.monotonic() + self._timeout\n        while True:\n            try:\n                value = method(self._driver)\n                if value:\n                    return value\n            except self._ignored_exceptions as exc:\n                screen = getattr(exc, \"screen\", None)\n                stacktrace = getattr(exc, \"stacktrace\", None)\n            time.sleep(self._poll)\n            if time.monotonic() > end_time:\n                break\n>       raise TimeoutException(message, screen, stacktrace)\nE       selenium.common.exceptions.TimeoutException: Message: Can't find element by locator ('xpath', '//div[@class=\"__51e19\"]')\nE       Stacktrace:\nE       #0 0x56163a05319a <unknown>\nE       #1 0x561639ad0c4b <unknown>\nE       #2 0x561639b22318 <unknown>\nE       #3 0x561639b22551 <unknown>\nE       #4 0x561639b70764 <unknown>\nE       #5 0x561639b6dbee <unknown>\nE       #6 0x561639b14c42 <unknown>\nE       #7 0x561639b158f1 <unknown>\nE       #8 0x56163a01bf39 <unknown>\nE       #9 0x56163a01ee7d <unknown>\nE       #10 0x56163a004c81 <unknown>\nE       #11 0x56163a01fa5b <unknown>\nE       #12 0x561639feba50 <unknown>\nE       #13 0x56163a040aa8 <unknown>\nE       #14 0x56163a040c79 <unknown>\nE       #15 0x56163a0524f3 <unknown>\nE       #16 0x7f03e509caa4 <unknown>\nE       #17 0x7f03e5129c6c <unknown>\n\n/opt/hostedtoolcache/Python/3.12.12/x64/lib/python3.12/site-packages/selenium/webdriver/support/wait.py:95: TimeoutException","steps":[{"name":"click_button RU","time":{"start":1767702668384,"stop":1767702668454,"duration":70},"status":"passed","steps":[{"name":"Click button \"RU\".","time":{"start":1767702668384,"stop":1767702668454,"duration":70},"status":"passed","steps":[],"attachments":[],"parameters":[],"stepsCount":0,"shouldDisplayMessage":false,"attachmentsCount":0,"hasContent":false,"attachmentStep":false}],"attachments":[],"parameters":[],"stepsCount":1,"shouldDisplayMessage":false,"attachmentsCount":0,"hasContent":true,"attachmentStep":false},{"name":"get_statistic_data","time":{"start":1767702668454,"stop":1767702678787,"duration":10333},"status":"broken","statusMessage":"selenium.common.exceptions.TimeoutException: Message: Can't find element by locator ('xpath', '//div[@class=\"__51e19\"]')\nStacktrace:\n#0 0x56163a05319a <unknown>\n#1 0x561639ad0c4b <unknown>\n#2 0x561639b22318 <unknown>\n#3 0x561639b22551 <unknown>\n#4 0x561639b70764 <unknown>\n#5 0x561639b6dbee <unknown>\n#6 0x561639b14c42 <unknown>\n#7 0x561639b158f1 <unknown>\n#8 0x56163a01bf39 <unknown>\n#9 0x56163a01ee7d <unknown>\n#10 0x56163a004c81 <unknown>\n#11 0x56163a01fa5b <unknown>\n#12 0x561639feba50 <unknown>\n#13 0x56163a040aa8 <unknown>\n#14 0x56163a040c79 <unknown>\n#15 0x56163a0524f3 <unknown>\n#16 0x7f03e509caa4 <unknown>\n#17 0x7f03e5129c6c <unknown>\n\n","statusTrace":"  File \"/opt/hostedtoolcache/Python/3.12.12/x64/lib/python3.12/site-packages/allure_commons/_allure.py\", line 192, in impl\n    return func(*a, **kw)\n           ^^^^^^^^^^^^^^\n  File \"/home/runner/work/auto-tests-python/auto-tests-python/pages/speech_exercises_page_ru.py\", line 174, in get_statistic_data\n    table = self.element_is_present(self.locators.AuthorizedUserHomePageLocators.STATISTIC_TABLE)\n            ^^^^^^^^^^^^^^^^^^^^^^^^^^^^^^^^^^^^^^^^^^^^^^^^^^^^^^^^^^^^^^^^^^^^^^^^^^^^^^^^^^^^^\n  File \"/home/runner/work/auto-tests-python/auto-tests-python/pages/base_page.py\", line 32, in element_is_present\n    return Wait(self.driver, self.timeout).until(\n           ^^^^^^^^^^^^^^^^^^^^^^^^^^^^^^^^^^^^^^\n  File \"/opt/hostedtoolcache/Python/3.12.12/x64/lib/python3.12/site-packages/selenium/webdriver/support/wait.py\", line 95, in until\n    raise TimeoutException(message, screen, stacktrace)\n","steps":[{"name":"Click button \"Статистика\"\".","time":{"start":1767702668454,"stop":1767702668523,"duration":69},"status":"passed","steps":[],"attachments":[],"parameters":[],"stepsCount":0,"shouldDisplayMessage":false,"attachmentsCount":0,"hasContent":false,"attachmentStep":false},{"name":"Check statistic table is present and scroll to table","time":{"start":1767702668523,"stop":1767702678786,"duration":10263},"status":"broken","statusMessage":"selenium.common.exceptions.TimeoutException: Message: Can't find element by locator ('xpath', '//div[@class=\"__51e19\"]')\nStacktrace:\n#0 0x56163a05319a <unknown>\n#1 0x561639ad0c4b <unknown>\n#2 0x561639b22318 <unknown>\n#3 0x561639b22551 <unknown>\n#4 0x561639b70764 <unknown>\n#5 0x561639b6dbee <unknown>\n#6 0x561639b14c42 <unknown>\n#7 0x561639b158f1 <unknown>\n#8 0x56163a01bf39 <unknown>\n#9 0x56163a01ee7d <unknown>\n#10 0x56163a004c81 <unknown>\n#11 0x56163a01fa5b <unknown>\n#12 0x561639feba50 <unknown>\n#13 0x56163a040aa8 <unknown>\n#14 0x56163a040c79 <unknown>\n#15 0x56163a0524f3 <unknown>\n#16 0x7f03e509caa4 <unknown>\n#17 0x7f03e5129c6c <unknown>\n\n","statusTrace":"  File \"/home/runner/work/auto-tests-python/auto-tests-python/pages/speech_exercises_page_ru.py\", line 174, in get_statistic_data\n    table = self.element_is_present(self.locators.AuthorizedUserHomePageLocators.STATISTIC_TABLE)\n            ^^^^^^^^^^^^^^^^^^^^^^^^^^^^^^^^^^^^^^^^^^^^^^^^^^^^^^^^^^^^^^^^^^^^^^^^^^^^^^^^^^^^^\n  File \"/home/runner/work/auto-tests-python/auto-tests-python/pages/base_page.py\", line 32, in element_is_present\n    return Wait(self.driver, self.timeout).until(\n           ^^^^^^^^^^^^^^^^^^^^^^^^^^^^^^^^^^^^^^\n  File \"/opt/hostedtoolcache/Python/3.12.12/x64/lib/python3.12/site-packages/selenium/webdriver/support/wait.py\", line 95, in until\n    raise TimeoutException(message, screen, stacktrace)\n","steps":[],"attachments":[],"parameters":[],"stepsCount":0,"shouldDisplayMessage":true,"attachmentsCount":0,"hasContent":true,"attachmentStep":false}],"attachments":[],"parameters":[],"stepsCount":2,"shouldDisplayMessage":false,"attachmentsCount":0,"hasContent":true,"attachmentStep":false}],"attachments":[],"parameters":[],"stepsCount":5,"shouldDisplayMessage":true,"attachmentsCount":0,"hasContent":true,"attachmentStep":false},"afterStages":[{"name":"driver::0","time":{"start":1767702678802,"stop":1767702678874,"duration":72},"status":"passed","steps":[],"attachments":[],"parameters":[],"stepsCount":0,"shouldDisplayMessage":false,"attachmentsCount":0,"hasContent":false,"attachmentStep":false}],"labels":[{"name":"suite","value":"Речевые упражнения."},{"name":"epic","value":"Speech exercises."},{"name":"tag","value":"@pytest.mark.xfail"},{"name":"parentSuite","value":"tests"},{"name":"subSuite","value":"TestCardsRU"},{"name":"host","value":"runnervmh13bl"},{"name":"thread","value":"2614-MainThread"},{"name":"framework","value":"pytest"},{"name":"language","value":"cpython3"},{"name":"package","value":"tests.test_speech_exercises_ru"},{"name":"resultFormat","value":"allure2"}],"parameters":[],"links":[],"hidden":false,"retry":false,"extra":{"severity":"normal","retries":[],"categories":[],"tags":["@pytest.mark.xfail"]},"source":"8e06c5ec8634b9e4.json","parameterValues":[]}