{"uid":"cd9dcbbdbd9ebd1b","name":"Verify value of the title of the tab","fullName":"tests.exercises_ru_similar_phrases_page_test.TestExRuSimPhrPageText#test_ersp_02_01_verify_tab_title","historyId":"3c632be67f591cc5181fd69717a7ea67","time":{"start":1767600069621,"stop":1767600069621,"duration":0},"status":"broken","statusMessage":"selenium.common.exceptions.TimeoutException: Message: Can't find element by locator https://www.brainup.site/groups","statusTrace":"self = <pages.base_page.BasePage object at 0x7f007ee4fce0>\nurl = 'https://www.brainup.site/groups'\n\n    def check_expected_link(self, url):\n        with allure.step(f'Check url is present: {url}'):\n            try:\n>               return Wait(self.driver, self.timeout).until(\n                    EC.url_to_be(url), message=f\"Can't find element by locator {url}\")\n\npages/base_page.py:80: \n_ _ _ _ _ _ _ _ _ _ _ _ _ _ _ _ _ _ _ _ _ _ _ _ _ _ _ _ _ _ _ _ _ _ _ _ _ _ _ _ \n\nself = <selenium.webdriver.support.wait.WebDriverWait (session=\"eb86497904e2c5cbec96bc8737d32fd6\")>\nmethod = <function url_to_be.<locals>._predicate at 0x7f007eed20c0>\nmessage = \"Can't find element by locator https://www.brainup.site/groups\"\n\n    def until(self, method, message: str = \"\"):\n        \"\"\"Calls the method provided with the driver as an argument until the \\\n        return value does not evaluate to ``False``.\n    \n        :param method: callable(WebDriver)\n        :param message: optional message for :exc:`TimeoutException`\n        :returns: the result of the last call to `method`\n        :raises: :exc:`selenium.common.exceptions.TimeoutException` if timeout occurs\n        \"\"\"\n        screen = None\n        stacktrace = None\n    \n        end_time = time.monotonic() + self._timeout\n        while True:\n            try:\n                value = method(self._driver)\n                if value:\n                    return value\n            except self._ignored_exceptions as exc:\n                screen = getattr(exc, \"screen\", None)\n                stacktrace = getattr(exc, \"stacktrace\", None)\n            time.sleep(self._poll)\n            if time.monotonic() > end_time:\n                break\n>       raise TimeoutException(message, screen, stacktrace)\nE       selenium.common.exceptions.TimeoutException: Message: Can't find element by locator https://www.brainup.site/groups\n\n/opt/hostedtoolcache/Python/3.12.12/x64/lib/python3.12/site-packages/selenium/webdriver/support/wait.py:95: TimeoutException\n\nDuring handling of the above exception, another exception occurred:\n\ndriver = <selenium.webdriver.chrome.webdriver.WebDriver (session=\"eb86497904e2c5cbec96bc8737d32fd6\")>\nmain_page_open = None\n\n    @pytest.fixture()\n    @allure.step('Auto test user authorized')\n    def auto_test_user_authorized(driver, main_page_open):\n        page = BasePage(driver)\n        page.element_is_present_and_clickable(MainPageLocators.LOGIN_BUTTON).click()\n        page.element_is_visible(LoginPageLocators.INPUT_LOGIN).send_keys(os.environ[\"LOGIN\"])\n        page.element_is_visible(LoginPageLocators.INPUT_PASSWORD).send_keys(os.environ[\"PASSWORD\"])\n        page.element_is_present_and_clickable(LoginPageLocators.SIGN_IN_BUTTON).click()\n>       page.check_expected_link(MainPageLinks.URL_GROUPS_PAGE)\n\ntests/conftest.py:178: \n_ _ _ _ _ _ _ _ _ _ _ _ _ _ _ _ _ _ _ _ _ _ _ _ _ _ _ _ _ _ _ _ _ _ _ _ _ _ _ _ \npages/base_page.py:84: in check_expected_link\n    return Wait(self.driver, self.timeout).until(\n_ _ _ _ _ _ _ _ _ _ _ _ _ _ _ _ _ _ _ _ _ _ _ _ _ _ _ _ _ _ _ _ _ _ _ _ _ _ _ _ \n\nself = <selenium.webdriver.support.wait.WebDriverWait (session=\"eb86497904e2c5cbec96bc8737d32fd6\")>\nmethod = <function url_to_be.<locals>._predicate at 0x7f007eee1f80>\nmessage = \"Can't find element by locator https://www.brainup.site/groups\"\n\n    def until(self, method, message: str = \"\"):\n        \"\"\"Calls the method provided with the driver as an argument until the \\\n        return value does not evaluate to ``False``.\n    \n        :param method: callable(WebDriver)\n        :param message: optional message for :exc:`TimeoutException`\n        :returns: the result of the last call to `method`\n        :raises: :exc:`selenium.common.exceptions.TimeoutException` if timeout occurs\n        \"\"\"\n        screen = None\n        stacktrace = None\n    \n        end_time = time.monotonic() + self._timeout\n        while True:\n            try:\n                value = method(self._driver)\n                if value:\n                    return value\n            except self._ignored_exceptions as exc:\n                screen = getattr(exc, \"screen\", None)\n                stacktrace = getattr(exc, \"stacktrace\", None)\n            time.sleep(self._poll)\n            if time.monotonic() > end_time:\n                break\n>       raise TimeoutException(message, screen, stacktrace)\nE       selenium.common.exceptions.TimeoutException: Message: Can't find element by locator https://www.brainup.site/groups\n\n/opt/hostedtoolcache/Python/3.12.12/x64/lib/python3.12/site-packages/selenium/webdriver/support/wait.py:95: TimeoutException","flaky":false,"newFailed":false,"newBroken":false,"newPassed":false,"retriesCount":0,"retriesStatusChange":false,"beforeStages":[{"name":"clear_allure_results_folder","time":{"start":1767599837548,"stop":1767599837549,"duration":1},"status":"passed","steps":[],"attachments":[],"parameters":[],"stepsCount":0,"shouldDisplayMessage":false,"attachmentsCount":0,"hasContent":false,"attachmentStep":false},{"name":"driver","time":{"start":1767600069622,"stop":1767600070382,"duration":760},"status":"passed","steps":[],"attachments":[],"parameters":[],"stepsCount":0,"shouldDisplayMessage":false,"attachmentsCount":0,"hasContent":false,"attachmentStep":false},{"name":"main_page_open","time":{"start":1767600070382,"stop":1767600072749,"duration":2367},"status":"passed","steps":[{"name":"Open page: https://www.brainup.site/","time":{"start":1767600070383,"stop":1767600072749,"duration":2366},"status":"passed","steps":[],"attachments":[],"parameters":[{"name":"driver","value":"<selenium.webdriver.chrome.webdriver.WebDriver (session=\"eb86497904e2c5cbec96bc8737d32fd6\")>"}],"stepsCount":0,"shouldDisplayMessage":false,"attachmentsCount":0,"hasContent":true,"attachmentStep":false}],"attachments":[],"parameters":[],"stepsCount":1,"shouldDisplayMessage":false,"attachmentsCount":0,"hasContent":true,"attachmentStep":false},{"name":"auto_test_user_authorized","time":{"start":1767600072749,"stop":1767600093243,"duration":20494},"status":"broken","statusMessage":"selenium.common.exceptions.TimeoutException: Message: Can't find element by locator https://www.brainup.site/groups\n\n","statusTrace":"  File \"/opt/hostedtoolcache/Python/3.12.12/x64/lib/python3.12/site-packages/pluggy/_callers.py\", line 38, in run_old_style_hookwrapper\n    res = yield\n          ^^^^^\n  File \"/opt/hostedtoolcache/Python/3.12.12/x64/lib/python3.12/site-packages/pluggy/_callers.py\", line 139, in _multicall\n    teardown.throw(exception)\n  File \"/opt/hostedtoolcache/Python/3.12.12/x64/lib/python3.12/site-packages/pluggy/_callers.py\", line 53, in run_old_style_hookwrapper\n    return result.get_result()\n           ^^^^^^^^^^^^^^^^^^^\n  File \"/opt/hostedtoolcache/Python/3.12.12/x64/lib/python3.12/site-packages/pluggy/_result.py\", line 103, in get_result\n    raise exc.with_traceback(tb)\n  File \"/opt/hostedtoolcache/Python/3.12.12/x64/lib/python3.12/site-packages/pluggy/_callers.py\", line 38, in run_old_style_hookwrapper\n    res = yield\n          ^^^^^\n  File \"/opt/hostedtoolcache/Python/3.12.12/x64/lib/python3.12/site-packages/pluggy/_callers.py\", line 121, in _multicall\n    res = hook_impl.function(*args)\n          ^^^^^^^^^^^^^^^^^^^^^^^^^\n  File \"/opt/hostedtoolcache/Python/3.12.12/x64/lib/python3.12/site-packages/_pytest/fixtures.py\", line 1123, in pytest_fixture_setup\n    result = call_fixture_func(fixturefunc, request, kwargs)\n             ^^^^^^^^^^^^^^^^^^^^^^^^^^^^^^^^^^^^^^^^^^^^^^^\n  File \"/opt/hostedtoolcache/Python/3.12.12/x64/lib/python3.12/site-packages/_pytest/fixtures.py\", line 902, in call_fixture_func\n    fixture_result = fixturefunc(**kwargs)\n                     ^^^^^^^^^^^^^^^^^^^^^\n  File \"/opt/hostedtoolcache/Python/3.12.12/x64/lib/python3.12/site-packages/allure_commons/_allure.py\", line 192, in impl\n    return func(*a, **kw)\n           ^^^^^^^^^^^^^^\n  File \"/home/runner/work/auto-tests-python/auto-tests-python/tests/conftest.py\", line 178, in auto_test_user_authorized\n    page.check_expected_link(MainPageLinks.URL_GROUPS_PAGE)\n  File \"/home/runner/work/auto-tests-python/auto-tests-python/pages/base_page.py\", line 84, in check_expected_link\n    return Wait(self.driver, self.timeout).until(\n           ^^^^^^^^^^^^^^^^^^^^^^^^^^^^^^^^^^^^^^\n  File \"/opt/hostedtoolcache/Python/3.12.12/x64/lib/python3.12/site-packages/selenium/webdriver/support/wait.py\", line 95, in until\n    raise TimeoutException(message, screen, stacktrace)\n","steps":[{"name":"Auto test user authorized","time":{"start":1767600072749,"stop":1767600093242,"duration":20493},"status":"broken","statusMessage":"selenium.common.exceptions.TimeoutException: Message: Can't find element by locator https://www.brainup.site/groups\n\n","statusTrace":"  File \"/opt/hostedtoolcache/Python/3.12.12/x64/lib/python3.12/site-packages/allure_commons/_allure.py\", line 192, in impl\n    return func(*a, **kw)\n           ^^^^^^^^^^^^^^\n  File \"/home/runner/work/auto-tests-python/auto-tests-python/tests/conftest.py\", line 178, in auto_test_user_authorized\n    page.check_expected_link(MainPageLinks.URL_GROUPS_PAGE)\n  File \"/home/runner/work/auto-tests-python/auto-tests-python/pages/base_page.py\", line 84, in check_expected_link\n    return Wait(self.driver, self.timeout).until(\n           ^^^^^^^^^^^^^^^^^^^^^^^^^^^^^^^^^^^^^^\n  File \"/opt/hostedtoolcache/Python/3.12.12/x64/lib/python3.12/site-packages/selenium/webdriver/support/wait.py\", line 95, in until\n    raise TimeoutException(message, screen, stacktrace)\n","steps":[{"name":"Check url is present: https://www.brainup.site/groups","time":{"start":1767600073102,"stop":1767600093242,"duration":20140},"status":"broken","statusMessage":"selenium.common.exceptions.TimeoutException: Message: Can't find element by locator https://www.brainup.site/groups\n\n","statusTrace":"  File \"/home/runner/work/auto-tests-python/auto-tests-python/pages/base_page.py\", line 84, in check_expected_link\n    return Wait(self.driver, self.timeout).until(\n           ^^^^^^^^^^^^^^^^^^^^^^^^^^^^^^^^^^^^^^\n  File \"/opt/hostedtoolcache/Python/3.12.12/x64/lib/python3.12/site-packages/selenium/webdriver/support/wait.py\", line 95, in until\n    raise TimeoutException(message, screen, stacktrace)\n","steps":[],"attachments":[],"parameters":[],"stepsCount":0,"shouldDisplayMessage":true,"attachmentsCount":0,"hasContent":true,"attachmentStep":false}],"attachments":[],"parameters":[{"name":"driver","value":"<selenium.webdriver.chrome.webdriver.WebDriver (session=\"eb86497904e2c5cbec96bc8737d32fd6\")>"},{"name":"main_page_open","value":"None"}],"stepsCount":1,"shouldDisplayMessage":false,"attachmentsCount":0,"hasContent":true,"attachmentStep":false}],"attachments":[],"parameters":[],"stepsCount":2,"shouldDisplayMessage":false,"attachmentsCount":0,"hasContent":true,"attachmentStep":false}],"afterStages":[{"name":"driver::0","time":{"start":1767600093261,"stop":1767600093325,"duration":64},"status":"passed","steps":[],"attachments":[],"parameters":[],"stepsCount":0,"shouldDisplayMessage":false,"attachmentsCount":0,"hasContent":false,"attachmentStep":false}],"labels":[{"name":"epic","value":"The Exercises 'Similar phrases' Page on the 'ru' local"},{"name":"parentSuite","value":"tests"},{"name":"suite","value":"exercises_ru_similar_phrases_page_test"},{"name":"subSuite","value":"TestExercisesRuSimilarPhrasesPage"},{"name":"host","value":"runnervmh13bl"},{"name":"thread","value":"2605-MainThread"},{"name":"framework","value":"pytest"},{"name":"language","value":"cpython3"},{"name":"package","value":"tests.exercises_ru_similar_phrases_page_test"},{"name":"resultFormat","value":"allure2"}],"parameters":[],"links":[],"hidden":false,"retry":false,"extra":{"severity":"normal","retries":[],"categories":[{"name":"Test defects","matchedStatuses":[],"flaky":false}],"history":{"statistic":{"failed":0,"broken":2,"skipped":0,"passed":58,"unknown":0,"total":60},"items":[{"uid":"488e5f1b43c37c42","reportUrl":"https://Brain-up.github.io/auto-tests-python/793/#testresult/488e5f1b43c37c42","status":"broken","statusDetails":"selenium.common.exceptions.TimeoutException: Message:","time":{"start":1767548087393,"stop":1767548087393,"duration":0}},{"uid":"ef8b09a29098cc52","reportUrl":"https://Brain-up.github.io/auto-tests-python/792/#testresult/ef8b09a29098cc52","status":"passed","time":{"start":1767463326392,"stop":1767463326404,"duration":12}},{"uid":"8cdca26839fdf1e7","reportUrl":"https://Brain-up.github.io/auto-tests-python/791/#testresult/8cdca26839fdf1e7","status":"passed","time":{"start":1767349877982,"stop":1767349877993,"duration":11}},{"uid":"824828296c638c7","reportUrl":"https://Brain-up.github.io/auto-tests-python/790/#testresult/824828296c638c7","status":"passed","time":{"start":1767197494576,"stop":1767197494588,"duration":12}},{"uid":"8a81643bfcdf9ebf","reportUrl":"https://Brain-up.github.io/auto-tests-python/789/#testresult/8a81643bfcdf9ebf","status":"passed","time":{"start":1767087641005,"stop":1767087641016,"duration":11}},{"uid":"df14163b5877a128","reportUrl":"https://Brain-up.github.io/auto-tests-python/788/#testresult/df14163b5877a128","status":"passed","time":{"start":1766997121406,"stop":1766997121416,"duration":10}},{"uid":"487a3a7bf4e5de9c","reportUrl":"https://Brain-up.github.io/auto-tests-python/787/#testresult/487a3a7bf4e5de9c","status":"passed","time":{"start":1766923065117,"stop":1766923065127,"duration":10}},{"uid":"7e9a5df7be5a3ea1","reportUrl":"https://Brain-up.github.io/auto-tests-python/786/#testresult/7e9a5df7be5a3ea1","status":"passed","time":{"start":1766833302781,"stop":1766833302793,"duration":12}},{"uid":"66d5369f6158ffb4","reportUrl":"https://Brain-up.github.io/auto-tests-python/785/#testresult/66d5369f6158ffb4","status":"passed","time":{"start":1766752191239,"stop":1766752191249,"duration":10}},{"uid":"88843a77c79170c6","reportUrl":"https://Brain-up.github.io/auto-tests-python/784/#testresult/88843a77c79170c6","status":"passed","time":{"start":1766687600269,"stop":1766687600279,"duration":10}},{"uid":"eac707ed8652b8e6","reportUrl":"https://Brain-up.github.io/auto-tests-python/783/#testresult/eac707ed8652b8e6","status":"passed","time":{"start":1766574421139,"stop":1766574421150,"duration":11}},{"uid":"b82a97ae10a55b18","reportUrl":"https://Brain-up.github.io/auto-tests-python/782/#testresult/b82a97ae10a55b18","status":"passed","time":{"start":1766474828340,"stop":1766474828350,"duration":10}},{"uid":"250276ed755c6c9c","reportUrl":"https://Brain-up.github.io/auto-tests-python/781/#testresult/250276ed755c6c9c","status":"passed","time":{"start":1766400652409,"stop":1766400652420,"duration":11}},{"uid":"8263aa0ec614ad8c","reportUrl":"https://Brain-up.github.io/auto-tests-python/780/#testresult/8263aa0ec614ad8c","status":"passed","time":{"start":1766323235501,"stop":1766323235513,"duration":12}},{"uid":"ab8a5ff7ffa61e8c","reportUrl":"https://Brain-up.github.io/auto-tests-python/779/#testresult/ab8a5ff7ffa61e8c","status":"passed","time":{"start":1766229145794,"stop":1766229145805,"duration":11}},{"uid":"aebd59114daf504b","reportUrl":"https://Brain-up.github.io/auto-tests-python/778/#testresult/aebd59114daf504b","status":"passed","time":{"start":1766132791600,"stop":1766132791611,"duration":11}},{"uid":"6ae51de46c1f5c88","reportUrl":"https://Brain-up.github.io/auto-tests-python/777/#testresult/6ae51de46c1f5c88","status":"passed","time":{"start":1766051286825,"stop":1766051286837,"duration":12}},{"uid":"ac58de0b872ff914","reportUrl":"https://Brain-up.github.io/auto-tests-python/776/#testresult/ac58de0b872ff914","status":"passed","time":{"start":1765969179346,"stop":1765969179357,"duration":11}},{"uid":"37dc76ff86828c24","reportUrl":"https://Brain-up.github.io/auto-tests-python/775/#testresult/37dc76ff86828c24","status":"passed","time":{"start":1765882469362,"stop":1765882469373,"duration":11}},{"uid":"878e76f199621395","reportUrl":"https://Brain-up.github.io/auto-tests-python/774/#testresult/878e76f199621395","status":"passed","time":{"start":1765799311970,"stop":1765799311981,"duration":11}}]},"tags":[]},"source":"cd9dcbbdbd9ebd1b.json","parameterValues":[]}