{"uid":"d2ea74972145f9ef","name":"Verify value of the breadcrumbs on the page","fullName":"tests.exercises_ru_similar_phrases_page_test.TestExRuSimPhrPageText#test_ersp_02_02_verify_page_breadcrumbs_text","historyId":"831ed910e892232a390affdf37bbc181","time":{"start":1767600093326,"stop":1767600093326,"duration":0},"status":"broken","statusMessage":"selenium.common.exceptions.TimeoutException: Message: Can't find element by locator https://www.brainup.site/groups","statusTrace":"self = <pages.base_page.BasePage object at 0x7f007ee04d70>\nurl = 'https://www.brainup.site/groups'\n\n    def check_expected_link(self, url):\n        with allure.step(f'Check url is present: {url}'):\n            try:\n>               return Wait(self.driver, self.timeout).until(\n                    EC.url_to_be(url), message=f\"Can't find element by locator {url}\")\n\npages/base_page.py:80: \n_ _ _ _ _ _ _ _ _ _ _ _ _ _ _ _ _ _ _ _ _ _ _ _ _ _ _ _ _ _ _ _ _ _ _ _ _ _ _ _ \n\nself = <selenium.webdriver.support.wait.WebDriverWait (session=\"7434aa40016127174e75cda5daf6e3c9\")>\nmethod = <function url_to_be.<locals>._predicate at 0x7f007eee37e0>\nmessage = \"Can't find element by locator https://www.brainup.site/groups\"\n\n    def until(self, method, message: str = \"\"):\n        \"\"\"Calls the method provided with the driver as an argument until the \\\n        return value does not evaluate to ``False``.\n    \n        :param method: callable(WebDriver)\n        :param message: optional message for :exc:`TimeoutException`\n        :returns: the result of the last call to `method`\n        :raises: :exc:`selenium.common.exceptions.TimeoutException` if timeout occurs\n        \"\"\"\n        screen = None\n        stacktrace = None\n    \n        end_time = time.monotonic() + self._timeout\n        while True:\n            try:\n                value = method(self._driver)\n                if value:\n                    return value\n            except self._ignored_exceptions as exc:\n                screen = getattr(exc, \"screen\", None)\n                stacktrace = getattr(exc, \"stacktrace\", None)\n            time.sleep(self._poll)\n            if time.monotonic() > end_time:\n                break\n>       raise TimeoutException(message, screen, stacktrace)\nE       selenium.common.exceptions.TimeoutException: Message: Can't find element by locator https://www.brainup.site/groups\n\n/opt/hostedtoolcache/Python/3.12.12/x64/lib/python3.12/site-packages/selenium/webdriver/support/wait.py:95: TimeoutException\n\nDuring handling of the above exception, another exception occurred:\n\ndriver = <selenium.webdriver.chrome.webdriver.WebDriver (session=\"7434aa40016127174e75cda5daf6e3c9\")>\nmain_page_open = None\n\n    @pytest.fixture()\n    @allure.step('Auto test user authorized')\n    def auto_test_user_authorized(driver, main_page_open):\n        page = BasePage(driver)\n        page.element_is_present_and_clickable(MainPageLocators.LOGIN_BUTTON).click()\n        page.element_is_visible(LoginPageLocators.INPUT_LOGIN).send_keys(os.environ[\"LOGIN\"])\n        page.element_is_visible(LoginPageLocators.INPUT_PASSWORD).send_keys(os.environ[\"PASSWORD\"])\n        page.element_is_present_and_clickable(LoginPageLocators.SIGN_IN_BUTTON).click()\n>       page.check_expected_link(MainPageLinks.URL_GROUPS_PAGE)\n\ntests/conftest.py:178: \n_ _ _ _ _ _ _ _ _ _ _ _ _ _ _ _ _ _ _ _ _ _ _ _ _ _ _ _ _ _ _ _ _ _ _ _ _ _ _ _ \npages/base_page.py:84: in check_expected_link\n    return Wait(self.driver, self.timeout).until(\n_ _ _ _ _ _ _ _ _ _ _ _ _ _ _ _ _ _ _ _ _ _ _ _ _ _ _ _ _ _ _ _ _ _ _ _ _ _ _ _ \n\nself = <selenium.webdriver.support.wait.WebDriverWait (session=\"7434aa40016127174e75cda5daf6e3c9\")>\nmethod = <function url_to_be.<locals>._predicate at 0x7f007eee3420>\nmessage = \"Can't find element by locator https://www.brainup.site/groups\"\n\n    def until(self, method, message: str = \"\"):\n        \"\"\"Calls the method provided with the driver as an argument until the \\\n        return value does not evaluate to ``False``.\n    \n        :param method: callable(WebDriver)\n        :param message: optional message for :exc:`TimeoutException`\n        :returns: the result of the last call to `method`\n        :raises: :exc:`selenium.common.exceptions.TimeoutException` if timeout occurs\n        \"\"\"\n        screen = None\n        stacktrace = None\n    \n        end_time = time.monotonic() + self._timeout\n        while True:\n            try:\n                value = method(self._driver)\n                if value:\n                    return value\n            except self._ignored_exceptions as exc:\n                screen = getattr(exc, \"screen\", None)\n                stacktrace = getattr(exc, \"stacktrace\", None)\n            time.sleep(self._poll)\n            if time.monotonic() > end_time:\n                break\n>       raise TimeoutException(message, screen, stacktrace)\nE       selenium.common.exceptions.TimeoutException: Message: Can't find element by locator https://www.brainup.site/groups\n\n/opt/hostedtoolcache/Python/3.12.12/x64/lib/python3.12/site-packages/selenium/webdriver/support/wait.py:95: TimeoutException","flaky":false,"newFailed":false,"newBroken":false,"newPassed":false,"retriesCount":0,"retriesStatusChange":false,"beforeStages":[{"name":"clear_allure_results_folder","time":{"start":1767599837548,"stop":1767599837549,"duration":1},"status":"passed","steps":[],"attachments":[],"parameters":[],"stepsCount":0,"shouldDisplayMessage":false,"attachmentsCount":0,"hasContent":false,"attachmentStep":false},{"name":"driver","time":{"start":1767600093326,"stop":1767600094091,"duration":765},"status":"passed","steps":[],"attachments":[],"parameters":[],"stepsCount":0,"shouldDisplayMessage":false,"attachmentsCount":0,"hasContent":false,"attachmentStep":false},{"name":"main_page_open","time":{"start":1767600094091,"stop":1767600097581,"duration":3490},"status":"passed","steps":[{"name":"Open page: https://www.brainup.site/","time":{"start":1767600094091,"stop":1767600097581,"duration":3490},"status":"passed","steps":[],"attachments":[],"parameters":[{"name":"driver","value":"<selenium.webdriver.chrome.webdriver.WebDriver (session=\"7434aa40016127174e75cda5daf6e3c9\")>"}],"stepsCount":0,"shouldDisplayMessage":false,"attachmentsCount":0,"hasContent":true,"attachmentStep":false}],"attachments":[],"parameters":[],"stepsCount":1,"shouldDisplayMessage":false,"attachmentsCount":0,"hasContent":true,"attachmentStep":false},{"name":"auto_test_user_authorized","time":{"start":1767600097581,"stop":1767600118083,"duration":20502},"status":"broken","statusMessage":"selenium.common.exceptions.TimeoutException: Message: Can't find element by locator https://www.brainup.site/groups\n\n","statusTrace":"  File \"/opt/hostedtoolcache/Python/3.12.12/x64/lib/python3.12/site-packages/pluggy/_callers.py\", line 38, in run_old_style_hookwrapper\n    res = yield\n          ^^^^^\n  File \"/opt/hostedtoolcache/Python/3.12.12/x64/lib/python3.12/site-packages/pluggy/_callers.py\", line 139, in _multicall\n    teardown.throw(exception)\n  File \"/opt/hostedtoolcache/Python/3.12.12/x64/lib/python3.12/site-packages/pluggy/_callers.py\", line 53, in run_old_style_hookwrapper\n    return result.get_result()\n           ^^^^^^^^^^^^^^^^^^^\n  File \"/opt/hostedtoolcache/Python/3.12.12/x64/lib/python3.12/site-packages/pluggy/_result.py\", line 103, in get_result\n    raise exc.with_traceback(tb)\n  File \"/opt/hostedtoolcache/Python/3.12.12/x64/lib/python3.12/site-packages/pluggy/_callers.py\", line 38, in run_old_style_hookwrapper\n    res = yield\n          ^^^^^\n  File \"/opt/hostedtoolcache/Python/3.12.12/x64/lib/python3.12/site-packages/pluggy/_callers.py\", line 121, in _multicall\n    res = hook_impl.function(*args)\n          ^^^^^^^^^^^^^^^^^^^^^^^^^\n  File \"/opt/hostedtoolcache/Python/3.12.12/x64/lib/python3.12/site-packages/_pytest/fixtures.py\", line 1123, in pytest_fixture_setup\n    result = call_fixture_func(fixturefunc, request, kwargs)\n             ^^^^^^^^^^^^^^^^^^^^^^^^^^^^^^^^^^^^^^^^^^^^^^^\n  File \"/opt/hostedtoolcache/Python/3.12.12/x64/lib/python3.12/site-packages/_pytest/fixtures.py\", line 902, in call_fixture_func\n    fixture_result = fixturefunc(**kwargs)\n                     ^^^^^^^^^^^^^^^^^^^^^\n  File \"/opt/hostedtoolcache/Python/3.12.12/x64/lib/python3.12/site-packages/allure_commons/_allure.py\", line 192, in impl\n    return func(*a, **kw)\n           ^^^^^^^^^^^^^^\n  File \"/home/runner/work/auto-tests-python/auto-tests-python/tests/conftest.py\", line 178, in auto_test_user_authorized\n    page.check_expected_link(MainPageLinks.URL_GROUPS_PAGE)\n  File \"/home/runner/work/auto-tests-python/auto-tests-python/pages/base_page.py\", line 84, in check_expected_link\n    return Wait(self.driver, self.timeout).until(\n           ^^^^^^^^^^^^^^^^^^^^^^^^^^^^^^^^^^^^^^\n  File \"/opt/hostedtoolcache/Python/3.12.12/x64/lib/python3.12/site-packages/selenium/webdriver/support/wait.py\", line 95, in until\n    raise TimeoutException(message, screen, stacktrace)\n","steps":[{"name":"Auto test user authorized","time":{"start":1767600097581,"stop":1767600118083,"duration":20502},"status":"broken","statusMessage":"selenium.common.exceptions.TimeoutException: Message: Can't find element by locator https://www.brainup.site/groups\n\n","statusTrace":"  File \"/opt/hostedtoolcache/Python/3.12.12/x64/lib/python3.12/site-packages/allure_commons/_allure.py\", line 192, in impl\n    return func(*a, **kw)\n           ^^^^^^^^^^^^^^\n  File \"/home/runner/work/auto-tests-python/auto-tests-python/tests/conftest.py\", line 178, in auto_test_user_authorized\n    page.check_expected_link(MainPageLinks.URL_GROUPS_PAGE)\n  File \"/home/runner/work/auto-tests-python/auto-tests-python/pages/base_page.py\", line 84, in check_expected_link\n    return Wait(self.driver, self.timeout).until(\n           ^^^^^^^^^^^^^^^^^^^^^^^^^^^^^^^^^^^^^^\n  File \"/opt/hostedtoolcache/Python/3.12.12/x64/lib/python3.12/site-packages/selenium/webdriver/support/wait.py\", line 95, in until\n    raise TimeoutException(message, screen, stacktrace)\n","steps":[{"name":"Check url is present: https://www.brainup.site/groups","time":{"start":1767600097945,"stop":1767600118083,"duration":20138},"status":"broken","statusMessage":"selenium.common.exceptions.TimeoutException: Message: Can't find element by locator https://www.brainup.site/groups\n\n","statusTrace":"  File \"/home/runner/work/auto-tests-python/auto-tests-python/pages/base_page.py\", line 84, in check_expected_link\n    return Wait(self.driver, self.timeout).until(\n           ^^^^^^^^^^^^^^^^^^^^^^^^^^^^^^^^^^^^^^\n  File \"/opt/hostedtoolcache/Python/3.12.12/x64/lib/python3.12/site-packages/selenium/webdriver/support/wait.py\", line 95, in until\n    raise TimeoutException(message, screen, stacktrace)\n","steps":[],"attachments":[],"parameters":[],"stepsCount":0,"shouldDisplayMessage":true,"attachmentsCount":0,"hasContent":true,"attachmentStep":false}],"attachments":[],"parameters":[{"name":"driver","value":"<selenium.webdriver.chrome.webdriver.WebDriver (session=\"7434aa40016127174e75cda5daf6e3c9\")>"},{"name":"main_page_open","value":"None"}],"stepsCount":1,"shouldDisplayMessage":false,"attachmentsCount":0,"hasContent":true,"attachmentStep":false}],"attachments":[],"parameters":[],"stepsCount":2,"shouldDisplayMessage":false,"attachmentsCount":0,"hasContent":true,"attachmentStep":false}],"afterStages":[{"name":"driver::0","time":{"start":1767600118101,"stop":1767600118167,"duration":66},"status":"passed","steps":[],"attachments":[],"parameters":[],"stepsCount":0,"shouldDisplayMessage":false,"attachmentsCount":0,"hasContent":false,"attachmentStep":false}],"labels":[{"name":"epic","value":"The Exercises 'Similar phrases' Page on the 'ru' local"},{"name":"parentSuite","value":"tests"},{"name":"suite","value":"exercises_ru_similar_phrases_page_test"},{"name":"subSuite","value":"TestExercisesRuSimilarPhrasesPage"},{"name":"host","value":"runnervmh13bl"},{"name":"thread","value":"2605-MainThread"},{"name":"framework","value":"pytest"},{"name":"language","value":"cpython3"},{"name":"package","value":"tests.exercises_ru_similar_phrases_page_test"},{"name":"resultFormat","value":"allure2"}],"parameters":[],"links":[],"hidden":false,"retry":false,"extra":{"severity":"normal","retries":[],"categories":[{"name":"Test defects","matchedStatuses":[],"flaky":false}],"history":{"statistic":{"failed":0,"broken":2,"skipped":0,"passed":58,"unknown":0,"total":60},"items":[{"uid":"12c3ea8790d735b6","reportUrl":"https://Brain-up.github.io/auto-tests-python/793/#testresult/12c3ea8790d735b6","status":"broken","statusDetails":"selenium.common.exceptions.TimeoutException: Message: Can't find element by locator https://www.brainup.site/groups","time":{"start":1767548107997,"stop":1767548107997,"duration":0}},{"uid":"d231f6d98524cb38","reportUrl":"https://Brain-up.github.io/auto-tests-python/792/#testresult/d231f6d98524cb38","status":"passed","time":{"start":1767463334942,"stop":1767463334971,"duration":29}},{"uid":"3d37ba056ee43bdc","reportUrl":"https://Brain-up.github.io/auto-tests-python/791/#testresult/3d37ba056ee43bdc","status":"passed","time":{"start":1767349888748,"stop":1767349888777,"duration":29}},{"uid":"3ef868124420689","reportUrl":"https://Brain-up.github.io/auto-tests-python/790/#testresult/3ef868124420689","status":"passed","time":{"start":1767197503200,"stop":1767197503231,"duration":31}},{"uid":"234f6673f5930dbe","reportUrl":"https://Brain-up.github.io/auto-tests-python/789/#testresult/234f6673f5930dbe","status":"passed","time":{"start":1767087649579,"stop":1767087649622,"duration":43}},{"uid":"a4d93569ff084bda","reportUrl":"https://Brain-up.github.io/auto-tests-python/788/#testresult/a4d93569ff084bda","status":"passed","time":{"start":1766997130986,"stop":1766997131015,"duration":29}},{"uid":"9517a5a1757c4b41","reportUrl":"https://Brain-up.github.io/auto-tests-python/787/#testresult/9517a5a1757c4b41","status":"passed","time":{"start":1766923073927,"stop":1766923073956,"duration":29}},{"uid":"d027614a8731962b","reportUrl":"https://Brain-up.github.io/auto-tests-python/786/#testresult/d027614a8731962b","status":"passed","time":{"start":1766833311684,"stop":1766833311714,"duration":30}},{"uid":"edb3926bca2d22cc","reportUrl":"https://Brain-up.github.io/auto-tests-python/785/#testresult/edb3926bca2d22cc","status":"passed","time":{"start":1766752200039,"stop":1766752200068,"duration":29}},{"uid":"2dae55381808c6f1","reportUrl":"https://Brain-up.github.io/auto-tests-python/784/#testresult/2dae55381808c6f1","status":"passed","time":{"start":1766687608984,"stop":1766687609013,"duration":29}},{"uid":"98c2d3843faee83f","reportUrl":"https://Brain-up.github.io/auto-tests-python/783/#testresult/98c2d3843faee83f","status":"passed","time":{"start":1766574431911,"stop":1766574431941,"duration":30}},{"uid":"ed95872cf07c5c25","reportUrl":"https://Brain-up.github.io/auto-tests-python/782/#testresult/ed95872cf07c5c25","status":"passed","time":{"start":1766474837186,"stop":1766474837215,"duration":29}},{"uid":"7bf0bbef56c75aae","reportUrl":"https://Brain-up.github.io/auto-tests-python/781/#testresult/7bf0bbef56c75aae","status":"passed","time":{"start":1766400661394,"stop":1766400661427,"duration":33}},{"uid":"230cd5ca74424d90","reportUrl":"https://Brain-up.github.io/auto-tests-python/780/#testresult/230cd5ca74424d90","status":"passed","time":{"start":1766323246263,"stop":1766323246292,"duration":29}},{"uid":"eea7403263171a74","reportUrl":"https://Brain-up.github.io/auto-tests-python/779/#testresult/eea7403263171a74","status":"passed","time":{"start":1766229154408,"stop":1766229154439,"duration":31}},{"uid":"a7568c7a3e2b6812","reportUrl":"https://Brain-up.github.io/auto-tests-python/778/#testresult/a7568c7a3e2b6812","status":"passed","time":{"start":1766132800177,"stop":1766132800208,"duration":31}},{"uid":"4ad05f2fe76aa1f2","reportUrl":"https://Brain-up.github.io/auto-tests-python/777/#testresult/4ad05f2fe76aa1f2","status":"passed","time":{"start":1766051297278,"stop":1766051297308,"duration":30}},{"uid":"d3cddf0770880ba3","reportUrl":"https://Brain-up.github.io/auto-tests-python/776/#testresult/d3cddf0770880ba3","status":"passed","time":{"start":1765969189392,"stop":1765969189422,"duration":30}},{"uid":"c5a66d130ebc2d70","reportUrl":"https://Brain-up.github.io/auto-tests-python/775/#testresult/c5a66d130ebc2d70","status":"passed","time":{"start":1765882478640,"stop":1765882478670,"duration":30}},{"uid":"cddbe43b9cb3bdad","reportUrl":"https://Brain-up.github.io/auto-tests-python/774/#testresult/cddbe43b9cb3bdad","status":"passed","time":{"start":1765799320694,"stop":1765799320723,"duration":29}}]},"tags":[]},"source":"d2ea74972145f9ef.json","parameterValues":[]}