{"uid":"f38dda3b411e9e54","name":"Select a random card from \"Similar phrases\" group and compare UI vs BACKEND data","fullName":"tests.test_speech_exercises_en.TestCardsEN#test_random_cards_in_similar_phrases_en","historyId":"106afe14e1824ad4b55b346a52794d4b","time":{"start":1767601211355,"stop":1767601221707,"duration":10352},"status":"skipped","statusMessage":"XFAIL\n\nselenium.common.exceptions.TimeoutException: Message: Can't find element by locator ('xpath', '//button[@data-test-active-link=\"Similar phrases\"]')\nStacktrace:\n#0 0x5562ee28719a <unknown>\n#1 0x5562edd04c4b <unknown>\n#2 0x5562edd56318 <unknown>\n#3 0x5562edd56551 <unknown>\n#4 0x5562edda4764 <unknown>\n#5 0x5562edda1bee <unknown>\n#6 0x5562edd48c42 <unknown>\n#7 0x5562edd498f1 <unknown>\n#8 0x5562ee24ff39 <unknown>\n#9 0x5562ee252e7d <unknown>\n#10 0x5562ee238c81 <unknown>\n#11 0x5562ee253a5b <unknown>\n#12 0x5562ee21fa50 <unknown>\n#13 0x5562ee274aa8 <unknown>\n#14 0x5562ee274c79 <unknown>\n#15 0x5562ee2864f3 <unknown>\n#16 0x7febeb69caa4 <unknown>\n#17 0x7febeb729c6c <unknown>","statusTrace":"self = <tests.test_speech_exercises_en.TestCardsEN object at 0x7f007ef91520>\ndriver = <selenium.webdriver.chrome.webdriver.WebDriver (session=\"6f972e9f7fa3e9faaf04c2f0e6ba0f72\")>\nspecialist_user_authorized = None\n\n    @pytest.mark.xfail\n    @allure.suite(\"Speech exercises EN.\")\n    @allure.title('Select a random card from \"Similar phrases\" group and compare UI vs BACKEND data')\n    def test_random_cards_in_similar_phrases_en(self, driver, specialist_user_authorized):\n        page = SpeechExercisesPage(driver)\n>       page.select_group(SpeechExercisesPageLocators.SIMILAR_PHRASES_EN)\n\ntests/test_speech_exercises_en.py:57: \n_ _ _ _ _ _ _ _ _ _ _ _ _ _ _ _ _ _ _ _ _ _ _ _ _ _ _ _ _ _ _ _ _ _ _ _ _ _ _ _ \npages/speech_exercises_page_en.py:18: in select_group\n    text_of_the_button = self.element_is_present_and_clickable(selector_for_sub_group)\npages/base_page.py:40: in element_is_present_and_clickable\n    return (Wait(self.driver, self.timeout).until(\n_ _ _ _ _ _ _ _ _ _ _ _ _ _ _ _ _ _ _ _ _ _ _ _ _ _ _ _ _ _ _ _ _ _ _ _ _ _ _ _ \n\nself = <selenium.webdriver.support.wait.WebDriverWait (session=\"6f972e9f7fa3e9faaf04c2f0e6ba0f72\")>\nmethod = <function visibility_of_element_located.<locals>._predicate at 0x7f007edb4b80>\nmessage = 'Can\\'t find element by locator (\\'xpath\\', \\'//button[@data-test-active-link=\"Similar phrases\"]\\')'\n\n    def until(self, method, message: str = \"\"):\n        \"\"\"Calls the method provided with the driver as an argument until the \\\n        return value does not evaluate to ``False``.\n    \n        :param method: callable(WebDriver)\n        :param message: optional message for :exc:`TimeoutException`\n        :returns: the result of the last call to `method`\n        :raises: :exc:`selenium.common.exceptions.TimeoutException` if timeout occurs\n        \"\"\"\n        screen = None\n        stacktrace = None\n    \n        end_time = time.monotonic() + self._timeout\n        while True:\n            try:\n                value = method(self._driver)\n                if value:\n                    return value\n            except self._ignored_exceptions as exc:\n                screen = getattr(exc, \"screen\", None)\n                stacktrace = getattr(exc, \"stacktrace\", None)\n            time.sleep(self._poll)\n            if time.monotonic() > end_time:\n                break\n>       raise TimeoutException(message, screen, stacktrace)\nE       selenium.common.exceptions.TimeoutException: Message: Can't find element by locator ('xpath', '//button[@data-test-active-link=\"Similar phrases\"]')\nE       Stacktrace:\nE       #0 0x5562ee28719a <unknown>\nE       #1 0x5562edd04c4b <unknown>\nE       #2 0x5562edd56318 <unknown>\nE       #3 0x5562edd56551 <unknown>\nE       #4 0x5562edda4764 <unknown>\nE       #5 0x5562edda1bee <unknown>\nE       #6 0x5562edd48c42 <unknown>\nE       #7 0x5562edd498f1 <unknown>\nE       #8 0x5562ee24ff39 <unknown>\nE       #9 0x5562ee252e7d <unknown>\nE       #10 0x5562ee238c81 <unknown>\nE       #11 0x5562ee253a5b <unknown>\nE       #12 0x5562ee21fa50 <unknown>\nE       #13 0x5562ee274aa8 <unknown>\nE       #14 0x5562ee274c79 <unknown>\nE       #15 0x5562ee2864f3 <unknown>\nE       #16 0x7febeb69caa4 <unknown>\nE       #17 0x7febeb729c6c <unknown>\n\n/opt/hostedtoolcache/Python/3.12.12/x64/lib/python3.12/site-packages/selenium/webdriver/support/wait.py:95: TimeoutException","flaky":false,"newFailed":false,"newBroken":false,"newPassed":false,"retriesCount":0,"retriesStatusChange":false,"beforeStages":[{"name":"clear_allure_results_folder","time":{"start":1767599837548,"stop":1767599837549,"duration":1},"status":"passed","steps":[],"attachments":[],"parameters":[],"stepsCount":0,"shouldDisplayMessage":false,"attachmentsCount":0,"hasContent":false,"attachmentStep":false},{"name":"driver","time":{"start":1767601204129,"stop":1767601204887,"duration":758},"status":"passed","steps":[],"attachments":[],"parameters":[],"stepsCount":0,"shouldDisplayMessage":false,"attachmentsCount":0,"hasContent":false,"attachmentStep":false},{"name":"main_page_open","time":{"start":1767601204887,"stop":1767601208438,"duration":3551},"status":"passed","steps":[{"name":"Open page: https://www.brainup.site/","time":{"start":1767601204887,"stop":1767601208438,"duration":3551},"status":"passed","steps":[],"attachments":[],"parameters":[{"name":"driver","value":"<selenium.webdriver.chrome.webdriver.WebDriver (session=\"6f972e9f7fa3e9faaf04c2f0e6ba0f72\")>"}],"stepsCount":0,"shouldDisplayMessage":false,"attachmentsCount":0,"hasContent":true,"attachmentStep":false}],"attachments":[],"parameters":[],"stepsCount":1,"shouldDisplayMessage":false,"attachmentsCount":0,"hasContent":true,"attachmentStep":false},{"name":"specialist_user_authorized","time":{"start":1767601208439,"stop":1767601211355,"duration":2916},"status":"passed","steps":[{"name":"USER specialist authorized","time":{"start":1767601208439,"stop":1767601211355,"duration":2916},"status":"passed","steps":[{"name":"Check url is present: https://www.brainup.site/groups","time":{"start":1767601208811,"stop":1767601211332,"duration":2521},"status":"passed","steps":[],"attachments":[],"parameters":[],"stepsCount":0,"shouldDisplayMessage":false,"attachmentsCount":0,"hasContent":false,"attachmentStep":false},{"name":"Loader checking","time":{"start":1767601211332,"stop":1767601211355,"duration":23},"status":"passed","steps":[],"attachments":[],"parameters":[],"stepsCount":0,"shouldDisplayMessage":false,"attachmentsCount":0,"hasContent":false,"attachmentStep":false}],"attachments":[],"parameters":[{"name":"driver","value":"<selenium.webdriver.chrome.webdriver.WebDriver (session=\"6f972e9f7fa3e9faaf04c2f0e6ba0f72\")>"},{"name":"main_page_open","value":"None"}],"stepsCount":2,"shouldDisplayMessage":false,"attachmentsCount":0,"hasContent":true,"attachmentStep":false}],"attachments":[],"parameters":[],"stepsCount":3,"shouldDisplayMessage":false,"attachmentsCount":0,"hasContent":true,"attachmentStep":false}],"testStage":{"status":"skipped","statusMessage":"XFAIL\n\nselenium.common.exceptions.TimeoutException: Message: Can't find element by locator ('xpath', '//button[@data-test-active-link=\"Similar phrases\"]')\nStacktrace:\n#0 0x5562ee28719a <unknown>\n#1 0x5562edd04c4b <unknown>\n#2 0x5562edd56318 <unknown>\n#3 0x5562edd56551 <unknown>\n#4 0x5562edda4764 <unknown>\n#5 0x5562edda1bee <unknown>\n#6 0x5562edd48c42 <unknown>\n#7 0x5562edd498f1 <unknown>\n#8 0x5562ee24ff39 <unknown>\n#9 0x5562ee252e7d <unknown>\n#10 0x5562ee238c81 <unknown>\n#11 0x5562ee253a5b <unknown>\n#12 0x5562ee21fa50 <unknown>\n#13 0x5562ee274aa8 <unknown>\n#14 0x5562ee274c79 <unknown>\n#15 0x5562ee2864f3 <unknown>\n#16 0x7febeb69caa4 <unknown>\n#17 0x7febeb729c6c <unknown>","statusTrace":"self = <tests.test_speech_exercises_en.TestCardsEN object at 0x7f007ef91520>\ndriver = <selenium.webdriver.chrome.webdriver.WebDriver (session=\"6f972e9f7fa3e9faaf04c2f0e6ba0f72\")>\nspecialist_user_authorized = None\n\n    @pytest.mark.xfail\n    @allure.suite(\"Speech exercises EN.\")\n    @allure.title('Select a random card from \"Similar phrases\" group and compare UI vs BACKEND data')\n    def test_random_cards_in_similar_phrases_en(self, driver, specialist_user_authorized):\n        page = SpeechExercisesPage(driver)\n>       page.select_group(SpeechExercisesPageLocators.SIMILAR_PHRASES_EN)\n\ntests/test_speech_exercises_en.py:57: \n_ _ _ _ _ _ _ _ _ _ _ _ _ _ _ _ _ _ _ _ _ _ _ _ _ _ _ _ _ _ _ _ _ _ _ _ _ _ _ _ \npages/speech_exercises_page_en.py:18: in select_group\n    text_of_the_button = self.element_is_present_and_clickable(selector_for_sub_group)\npages/base_page.py:40: in element_is_present_and_clickable\n    return (Wait(self.driver, self.timeout).until(\n_ _ _ _ _ _ _ _ _ _ _ _ _ _ _ _ _ _ _ _ _ _ _ _ _ _ _ _ _ _ _ _ _ _ _ _ _ _ _ _ \n\nself = <selenium.webdriver.support.wait.WebDriverWait (session=\"6f972e9f7fa3e9faaf04c2f0e6ba0f72\")>\nmethod = <function visibility_of_element_located.<locals>._predicate at 0x7f007edb4b80>\nmessage = 'Can\\'t find element by locator (\\'xpath\\', \\'//button[@data-test-active-link=\"Similar phrases\"]\\')'\n\n    def until(self, method, message: str = \"\"):\n        \"\"\"Calls the method provided with the driver as an argument until the \\\n        return value does not evaluate to ``False``.\n    \n        :param method: callable(WebDriver)\n        :param message: optional message for :exc:`TimeoutException`\n        :returns: the result of the last call to `method`\n        :raises: :exc:`selenium.common.exceptions.TimeoutException` if timeout occurs\n        \"\"\"\n        screen = None\n        stacktrace = None\n    \n        end_time = time.monotonic() + self._timeout\n        while True:\n            try:\n                value = method(self._driver)\n                if value:\n                    return value\n            except self._ignored_exceptions as exc:\n                screen = getattr(exc, \"screen\", None)\n                stacktrace = getattr(exc, \"stacktrace\", None)\n            time.sleep(self._poll)\n            if time.monotonic() > end_time:\n                break\n>       raise TimeoutException(message, screen, stacktrace)\nE       selenium.common.exceptions.TimeoutException: Message: Can't find element by locator ('xpath', '//button[@data-test-active-link=\"Similar phrases\"]')\nE       Stacktrace:\nE       #0 0x5562ee28719a <unknown>\nE       #1 0x5562edd04c4b <unknown>\nE       #2 0x5562edd56318 <unknown>\nE       #3 0x5562edd56551 <unknown>\nE       #4 0x5562edda4764 <unknown>\nE       #5 0x5562edda1bee <unknown>\nE       #6 0x5562edd48c42 <unknown>\nE       #7 0x5562edd498f1 <unknown>\nE       #8 0x5562ee24ff39 <unknown>\nE       #9 0x5562ee252e7d <unknown>\nE       #10 0x5562ee238c81 <unknown>\nE       #11 0x5562ee253a5b <unknown>\nE       #12 0x5562ee21fa50 <unknown>\nE       #13 0x5562ee274aa8 <unknown>\nE       #14 0x5562ee274c79 <unknown>\nE       #15 0x5562ee2864f3 <unknown>\nE       #16 0x7febeb69caa4 <unknown>\nE       #17 0x7febeb729c6c <unknown>\n\n/opt/hostedtoolcache/Python/3.12.12/x64/lib/python3.12/site-packages/selenium/webdriver/support/wait.py:95: TimeoutException","steps":[{"name":"select_group","time":{"start":1767601211355,"stop":1767601221706,"duration":10351},"status":"broken","statusMessage":"selenium.common.exceptions.TimeoutException: Message: Can't find element by locator ('xpath', '//button[@data-test-active-link=\"Similar phrases\"]')\nStacktrace:\n#0 0x5562ee28719a <unknown>\n#1 0x5562edd04c4b <unknown>\n#2 0x5562edd56318 <unknown>\n#3 0x5562edd56551 <unknown>\n#4 0x5562edda4764 <unknown>\n#5 0x5562edda1bee <unknown>\n#6 0x5562edd48c42 <unknown>\n#7 0x5562edd498f1 <unknown>\n#8 0x5562ee24ff39 <unknown>\n#9 0x5562ee252e7d <unknown>\n#10 0x5562ee238c81 <unknown>\n#11 0x5562ee253a5b <unknown>\n#12 0x5562ee21fa50 <unknown>\n#13 0x5562ee274aa8 <unknown>\n#14 0x5562ee274c79 <unknown>\n#15 0x5562ee2864f3 <unknown>\n#16 0x7febeb69caa4 <unknown>\n#17 0x7febeb729c6c <unknown>\n\n","statusTrace":"  File \"/opt/hostedtoolcache/Python/3.12.12/x64/lib/python3.12/site-packages/allure_commons/_allure.py\", line 192, in impl\n    return func(*a, **kw)\n           ^^^^^^^^^^^^^^\n  File \"/home/runner/work/auto-tests-python/auto-tests-python/pages/speech_exercises_page_en.py\", line 18, in select_group\n    text_of_the_button = self.element_is_present_and_clickable(selector_for_sub_group)\n                         ^^^^^^^^^^^^^^^^^^^^^^^^^^^^^^^^^^^^^^^^^^^^^^^^^^^^^^^^^^^^^\n  File \"/home/runner/work/auto-tests-python/auto-tests-python/pages/base_page.py\", line 40, in element_is_present_and_clickable\n    return (Wait(self.driver, self.timeout).until(\n            ^^^^^^^^^^^^^^^^^^^^^^^^^^^^^^^^^^^^^^\n  File \"/opt/hostedtoolcache/Python/3.12.12/x64/lib/python3.12/site-packages/selenium/webdriver/support/wait.py\", line 95, in until\n    raise TimeoutException(message, screen, stacktrace)\n","steps":[{"name":"Select Russian language. Click \"EN\" button.","time":{"start":1767601211355,"stop":1767601211432,"duration":77},"status":"passed","steps":[],"attachments":[],"parameters":[],"stepsCount":0,"shouldDisplayMessage":false,"attachmentsCount":0,"hasContent":false,"attachmentStep":false},{"name":"Click button \"SPEECH EXERCISES\".","time":{"start":1767601211432,"stop":1767601211506,"duration":74},"status":"passed","steps":[],"attachments":[],"parameters":[],"stepsCount":0,"shouldDisplayMessage":false,"attachmentsCount":0,"hasContent":false,"attachmentStep":false}],"attachments":[],"parameters":[{"name":"selector_for_sub_group","value":"('xpath', '//button[@data-test-active-link=\"Similar phrases\"]')"}],"stepsCount":2,"shouldDisplayMessage":true,"attachmentsCount":0,"hasContent":true,"attachmentStep":false}],"attachments":[],"parameters":[],"stepsCount":3,"shouldDisplayMessage":true,"attachmentsCount":0,"hasContent":true,"attachmentStep":false},"afterStages":[{"name":"driver::0","time":{"start":1767601221718,"stop":1767601221787,"duration":69},"status":"passed","steps":[],"attachments":[],"parameters":[],"stepsCount":0,"shouldDisplayMessage":false,"attachmentsCount":0,"hasContent":false,"attachmentStep":false}],"labels":[{"name":"suite","value":"Speech exercises EN."},{"name":"epic","value":"Speech exercises."},{"name":"tag","value":"@pytest.mark.xfail"},{"name":"parentSuite","value":"tests"},{"name":"subSuite","value":"TestCardsEN"},{"name":"host","value":"runnervmh13bl"},{"name":"thread","value":"2605-MainThread"},{"name":"framework","value":"pytest"},{"name":"language","value":"cpython3"},{"name":"package","value":"tests.test_speech_exercises_en"},{"name":"resultFormat","value":"allure2"}],"parameters":[],"links":[],"hidden":false,"retry":false,"extra":{"severity":"normal","retries":[],"categories":[],"history":{"statistic":{"failed":0,"broken":0,"skipped":59,"passed":1,"unknown":0,"total":60},"items":[{"uid":"a3fd83eda9f23e31","reportUrl":"https://Brain-up.github.io/auto-tests-python/793/#testresult/a3fd83eda9f23e31","status":"skipped","statusDetails":"XFAIL\n\nselenium.common.exceptions.TimeoutException: Message: Can't find element by locator ('xpath', '//button[@data-test-active-link=\"Similar phrases\"]')\nStacktrace:\n#0 0x5557ba80419a <unknown>\n#1 0x5557ba281c4b <unknown>\n#2 0x5557ba2d3318 <unknown>\n#3 0x5557ba2d3551 <unknown>\n#4 0x5557ba321764 <unknown>\n#5 0x5557ba31ebee <unknown>\n#6 0x5557ba2c5c42 <unknown>\n#7 0x5557ba2c68f1 <unknown>\n#8 0x5557ba7ccf39 <unknown>\n#9 0x5557ba7cfe7d <unknown>\n#10 0x5557ba7b5c81 <unknown>\n#11 0x5557ba7d0a5b <unknown>\n#12 0x5557ba79ca50 <unknown>\n#13 0x5557ba7f1aa8 <unknown>\n#14 0x5557ba7f1c79 <unknown>\n#15 0x5557ba8034f3 <unknown>\n#16 0x7f8e10c9caa4 <unknown>\n#17 0x7f8e10d29c6c <unknown>","time":{"start":1767549263754,"stop":1767549274106,"duration":10352}},{"uid":"5a29f5e30bdf7d81","reportUrl":"https://Brain-up.github.io/auto-tests-python/792/#testresult/5a29f5e30bdf7d81","status":"passed","statusDetails":"XPASS","time":{"start":1767464251844,"stop":1767464259425,"duration":7581}},{"uid":"a5c2ba17821e3dc0","reportUrl":"https://Brain-up.github.io/auto-tests-python/791/#testresult/a5c2ba17821e3dc0","status":"skipped","statusDetails":"XFAIL\n\nselenium.common.exceptions.TimeoutException: Message: Can't find element by locator ('xpath', '//button[@data-test-active-link=\"Similar phrases\"]')\nStacktrace:\n#0 0x557d7cef219a <unknown>\n#1 0x557d7c96fc4b <unknown>\n#2 0x557d7c9c1318 <unknown>\n#3 0x557d7c9c1551 <unknown>\n#4 0x557d7ca0f764 <unknown>\n#5 0x557d7ca0cbee <unknown>\n#6 0x557d7c9b3c42 <unknown>\n#7 0x557d7c9b48f1 <unknown>\n#8 0x557d7cebaf39 <unknown>\n#9 0x557d7cebde7d <unknown>\n#10 0x557d7cea3c81 <unknown>\n#11 0x557d7cebea5b <unknown>\n#12 0x557d7ce8aa50 <unknown>\n#13 0x557d7cedfaa8 <unknown>\n#14 0x557d7cedfc79 <unknown>\n#15 0x557d7cef14f3 <unknown>\n#16 0x7fabd229caa4 <unknown>\n#17 0x7fabd2329c6c <unknown>","time":{"start":1767350972300,"stop":1767350982637,"duration":10337}},{"uid":"14ffc985a89fbdab","reportUrl":"https://Brain-up.github.io/auto-tests-python/790/#testresult/14ffc985a89fbdab","status":"skipped","statusDetails":"XFAIL\n\nselenium.common.exceptions.TimeoutException: Message: Can't find element by locator ('xpath', '//button[@data-test-active-link=\"Similar phrases\"]')\nStacktrace:\n#0 0x55f41e61d19a <unknown>\n#1 0x55f41e09ac4b <unknown>\n#2 0x55f41e0ec318 <unknown>\n#3 0x55f41e0ec551 <unknown>\n#4 0x55f41e13a764 <unknown>\n#5 0x55f41e137bee <unknown>\n#6 0x55f41e0dec42 <unknown>\n#7 0x55f41e0df8f1 <unknown>\n#8 0x55f41e5e5f39 <unknown>\n#9 0x55f41e5e8e7d <unknown>\n#10 0x55f41e5cec81 <unknown>\n#11 0x55f41e5e9a5b <unknown>\n#12 0x55f41e5b5a50 <unknown>\n#13 0x55f41e60aaa8 <unknown>\n#14 0x55f41e60ac79 <unknown>\n#15 0x55f41e61c4f3 <unknown>\n#16 0x7f26b709caa4 <unknown>\n#17 0x7f26b7129c6c <unknown>","time":{"start":1767198370831,"stop":1767198381173,"duration":10342}},{"uid":"21cd87784cf1171e","reportUrl":"https://Brain-up.github.io/auto-tests-python/789/#testresult/21cd87784cf1171e","status":"skipped","statusDetails":"XFAIL\n\nselenium.common.exceptions.TimeoutException: Message: Can't find element by locator ('xpath', '//button[@data-test-active-link=\"Similar phrases\"]')\nStacktrace:\n#0 0x55baaabdf19a <unknown>\n#1 0x55baaa65cc4b <unknown>\n#2 0x55baaa6ae318 <unknown>\n#3 0x55baaa6ae551 <unknown>\n#4 0x55baaa6fc764 <unknown>\n#5 0x55baaa6f9bee <unknown>\n#6 0x55baaa6a0c42 <unknown>\n#7 0x55baaa6a18f1 <unknown>\n#8 0x55baaaba7f39 <unknown>\n#9 0x55baaabaae7d <unknown>\n#10 0x55baaab90c81 <unknown>\n#11 0x55baaababa5b <unknown>\n#12 0x55baaab77a50 <unknown>\n#13 0x55baaabccaa8 <unknown>\n#14 0x55baaabccc79 <unknown>\n#15 0x55baaabde4f3 <unknown>\n#16 0x7f7ec269caa4 <unknown>\n#17 0x7f7ec2729c6c <unknown>","time":{"start":1767088601228,"stop":1767088611570,"duration":10342}},{"uid":"537694a6825be95b","reportUrl":"https://Brain-up.github.io/auto-tests-python/788/#testresult/537694a6825be95b","status":"skipped","statusDetails":"XFAIL\n\nselenium.common.exceptions.TimeoutException: Message: Can't find element by locator ('xpath', '//button[@data-test-active-link=\"Similar phrases\"]')\nStacktrace:\n#0 0x5637842c419a <unknown>\n#1 0x563783d41c4b <unknown>\n#2 0x563783d93318 <unknown>\n#3 0x563783d93551 <unknown>\n#4 0x563783de1764 <unknown>\n#5 0x563783ddebee <unknown>\n#6 0x563783d85c42 <unknown>\n#7 0x563783d868f1 <unknown>\n#8 0x56378428cf39 <unknown>\n#9 0x56378428fe7d <unknown>\n#10 0x563784275c81 <unknown>\n#11 0x563784290a5b <unknown>\n#12 0x56378425ca50 <unknown>\n#13 0x5637842b1aa8 <unknown>\n#14 0x5637842b1c79 <unknown>\n#15 0x5637842c34f3 <unknown>\n#16 0x7f93a509caa4 <unknown>\n#17 0x7f93a5129c6c <unknown>","time":{"start":1766998185970,"stop":1766998196275,"duration":10305}},{"uid":"fd053e9ea2dbbb65","reportUrl":"https://Brain-up.github.io/auto-tests-python/787/#testresult/fd053e9ea2dbbb65","status":"skipped","statusDetails":"XFAIL\n\nselenium.common.exceptions.TimeoutException: Message: Can't find element by locator ('xpath', '//button[@data-test-active-link=\"Similar phrases\"]')\nStacktrace:\n#0 0x559969d0819a <unknown>\n#1 0x559969785c4b <unknown>\n#2 0x5599697d7318 <unknown>\n#3 0x5599697d7551 <unknown>\n#4 0x559969825764 <unknown>\n#5 0x559969822bee <unknown>\n#6 0x5599697c9c42 <unknown>\n#7 0x5599697ca8f1 <unknown>\n#8 0x559969cd0f39 <unknown>\n#9 0x559969cd3e7d <unknown>\n#10 0x559969cb9c81 <unknown>\n#11 0x559969cd4a5b <unknown>\n#12 0x559969ca0a50 <unknown>\n#13 0x559969cf5aa8 <unknown>\n#14 0x559969cf5c79 <unknown>\n#15 0x559969d074f3 <unknown>\n#16 0x7f7c64c9caa4 <unknown>\n#17 0x7f7c64d29c6c <unknown>","time":{"start":1766924010013,"stop":1766924020312,"duration":10299}},{"uid":"293729600c1628a3","reportUrl":"https://Brain-up.github.io/auto-tests-python/786/#testresult/293729600c1628a3","status":"skipped","statusDetails":"XFAIL\n\nselenium.common.exceptions.TimeoutException: Message: Can't find element by locator ('xpath', '//button[@data-test-active-link=\"Similar phrases\"]')\nStacktrace:\n#0 0x5571dba3319a <unknown>\n#1 0x5571db4b0c4b <unknown>\n#2 0x5571db502318 <unknown>\n#3 0x5571db502551 <unknown>\n#4 0x5571db550764 <unknown>\n#5 0x5571db54dbee <unknown>\n#6 0x5571db4f4c42 <unknown>\n#7 0x5571db4f58f1 <unknown>\n#8 0x5571db9fbf39 <unknown>\n#9 0x5571db9fee7d <unknown>\n#10 0x5571db9e4c81 <unknown>\n#11 0x5571db9ffa5b <unknown>\n#12 0x5571db9cba50 <unknown>\n#13 0x5571dba20aa8 <unknown>\n#14 0x5571dba20c79 <unknown>\n#15 0x5571dba324f3 <unknown>\n#16 0x7f124c29caa4 <unknown>\n#17 0x7f124c329c6c <unknown>","time":{"start":1766834243832,"stop":1766834254178,"duration":10346}},{"uid":"bc4c889cfe7d373d","reportUrl":"https://Brain-up.github.io/auto-tests-python/785/#testresult/bc4c889cfe7d373d","status":"skipped","statusDetails":"XFAIL\n\nselenium.common.exceptions.TimeoutException: Message: Can't find element by locator ('xpath', '//button[@data-test-active-link=\"Similar phrases\"]')\nStacktrace:\n#0 0x55fd50c2119a <unknown>\n#1 0x55fd5069ec4b <unknown>\n#2 0x55fd506f0318 <unknown>\n#3 0x55fd506f0551 <unknown>\n#4 0x55fd5073e764 <unknown>\n#5 0x55fd5073bbee <unknown>\n#6 0x55fd506e2c42 <unknown>\n#7 0x55fd506e38f1 <unknown>\n#8 0x55fd50be9f39 <unknown>\n#9 0x55fd50bece7d <unknown>\n#10 0x55fd50bd2c81 <unknown>\n#11 0x55fd50beda5b <unknown>\n#12 0x55fd50bb9a50 <unknown>\n#13 0x55fd50c0eaa8 <unknown>\n#14 0x55fd50c0ec79 <unknown>\n#15 0x55fd50c204f3 <unknown>\n#16 0x7f22bae9caa4 <unknown>\n#17 0x7f22baf29c6c <unknown>","time":{"start":1766753140530,"stop":1766753150835,"duration":10305}},{"uid":"e67f217af5d0c1e","reportUrl":"https://Brain-up.github.io/auto-tests-python/784/#testresult/e67f217af5d0c1e","status":"skipped","statusDetails":"XFAIL\n\nselenium.common.exceptions.TimeoutException: Message: Url: https://www.brainup.site/groups/4/series/10/exercise/3026 has not been changed!!!","time":{"start":1766688489281,"stop":1766688502320,"duration":13039}},{"uid":"c4a6879cf8c7a243","reportUrl":"https://Brain-up.github.io/auto-tests-python/783/#testresult/c4a6879cf8c7a243","status":"skipped","statusDetails":"XFAIL\n\nselenium.common.exceptions.TimeoutException: Message: Can't find element by locator ('xpath', '//button[@data-test-active-link=\"Similar phrases\"]')\nStacktrace:\n#0 0x55ce0653519a <unknown>\n#1 0x55ce05fb2c4b <unknown>\n#2 0x55ce06004318 <unknown>\n#3 0x55ce06004551 <unknown>\n#4 0x55ce06052764 <unknown>\n#5 0x55ce0604fbee <unknown>\n#6 0x55ce05ff6c42 <unknown>\n#7 0x55ce05ff78f1 <unknown>\n#8 0x55ce064fdf39 <unknown>\n#9 0x55ce06500e7d <unknown>\n#10 0x55ce064e6c81 <unknown>\n#11 0x55ce06501a5b <unknown>\n#12 0x55ce064cda50 <unknown>\n#13 0x55ce06522aa8 <unknown>\n#14 0x55ce06522c79 <unknown>\n#15 0x55ce065344f3 <unknown>\n#16 0x7f6f5509caa4 <unknown>\n#17 0x7f6f55129c6c <unknown>","time":{"start":1766575502088,"stop":1766575512471,"duration":10383}},{"uid":"dd62e1b48fb107b","reportUrl":"https://Brain-up.github.io/auto-tests-python/782/#testresult/dd62e1b48fb107b","status":"skipped","statusDetails":"XFAIL\n\nselenium.common.exceptions.TimeoutException: Message: Can't find element by locator ('xpath', '//button[@data-test-active-link=\"Similar phrases\"]')\nStacktrace:\n#0 0x55b518c0a19a <unknown>\n#1 0x55b518687c4b <unknown>\n#2 0x55b5186d9318 <unknown>\n#3 0x55b5186d9551 <unknown>\n#4 0x55b518727764 <unknown>\n#5 0x55b518724bee <unknown>\n#6 0x55b5186cbc42 <unknown>\n#7 0x55b5186cc8f1 <unknown>\n#8 0x55b518bd2f39 <unknown>\n#9 0x55b518bd5e7d <unknown>\n#10 0x55b518bbbc81 <unknown>\n#11 0x55b518bd6a5b <unknown>\n#12 0x55b518ba2a50 <unknown>\n#13 0x55b518bf7aa8 <unknown>\n#14 0x55b518bf7c79 <unknown>\n#15 0x55b518c094f3 <unknown>\n#16 0x7fb8a169caa4 <unknown>\n#17 0x7fb8a1729c6c <unknown>","time":{"start":1766475768295,"stop":1766475778589,"duration":10294}},{"uid":"527c449c974750bb","reportUrl":"https://Brain-up.github.io/auto-tests-python/781/#testresult/527c449c974750bb","status":"skipped","statusDetails":"XFAIL\n\nselenium.common.exceptions.TimeoutException: Message: Can't find element by locator ('xpath', '//button[@data-test-active-link=\"Similar phrases\"]')\nStacktrace:\n#0 0x563ab5b0a19a <unknown>\n#1 0x563ab5587c4b <unknown>\n#2 0x563ab55d9318 <unknown>\n#3 0x563ab55d9551 <unknown>\n#4 0x563ab5627764 <unknown>\n#5 0x563ab5624bee <unknown>\n#6 0x563ab55cbc42 <unknown>\n#7 0x563ab55cc8f1 <unknown>\n#8 0x563ab5ad2f39 <unknown>\n#9 0x563ab5ad5e7d <unknown>\n#10 0x563ab5abbc81 <unknown>\n#11 0x563ab5ad6a5b <unknown>\n#12 0x563ab5aa2a50 <unknown>\n#13 0x563ab5af7aa8 <unknown>\n#14 0x563ab5af7c79 <unknown>\n#15 0x563ab5b094f3 <unknown>\n#16 0x7f0a6c09caa4 <unknown>\n#17 0x7f0a6c129c6c <unknown>","time":{"start":1766401608882,"stop":1766401619246,"duration":10364}},{"uid":"8782fb546b430d86","reportUrl":"https://Brain-up.github.io/auto-tests-python/780/#testresult/8782fb546b430d86","status":"skipped","statusDetails":"XFAIL\n\nselenium.common.exceptions.TimeoutException: Message: Can't find element by locator ('xpath', '//button[@data-test-active-link=\"Similar phrases\"]')\nStacktrace:\n#0 0x564817a2c19a <unknown>\n#1 0x5648174a9c4b <unknown>\n#2 0x5648174fb318 <unknown>\n#3 0x5648174fb551 <unknown>\n#4 0x564817549764 <unknown>\n#5 0x564817546bee <unknown>\n#6 0x5648174edc42 <unknown>\n#7 0x5648174ee8f1 <unknown>\n#8 0x5648179f4f39 <unknown>\n#9 0x5648179f7e7d <unknown>\n#10 0x5648179ddc81 <unknown>\n#11 0x5648179f8a5b <unknown>\n#12 0x5648179c4a50 <unknown>\n#13 0x564817a19aa8 <unknown>\n#14 0x564817a19c79 <unknown>\n#15 0x564817a2b4f3 <unknown>\n#16 0x7f74d789caa4 <unknown>\n#17 0x7f74d7929c6c <unknown>","time":{"start":1766324297379,"stop":1766324307735,"duration":10356}},{"uid":"82f1e9b91dcc5ff8","reportUrl":"https://Brain-up.github.io/auto-tests-python/779/#testresult/82f1e9b91dcc5ff8","status":"skipped","statusDetails":"XFAIL\n\nselenium.common.exceptions.TimeoutException: Message: Can't find element by locator ('xpath', '//button[@data-test-active-link=\"Similar phrases\"]')\nStacktrace:\n#0 0x559b7466019a <unknown>\n#1 0x559b740ddc4b <unknown>\n#2 0x559b7412f318 <unknown>\n#3 0x559b7412f551 <unknown>\n#4 0x559b7417d764 <unknown>\n#5 0x559b7417abee <unknown>\n#6 0x559b74121c42 <unknown>\n#7 0x559b741228f1 <unknown>\n#8 0x559b74628f39 <unknown>\n#9 0x559b7462be7d <unknown>\n#10 0x559b74611c81 <unknown>\n#11 0x559b7462ca5b <unknown>\n#12 0x559b745f8a50 <unknown>\n#13 0x559b7464daa8 <unknown>\n#14 0x559b7464dc79 <unknown>\n#15 0x559b7465f4f3 <unknown>\n#16 0x7fba41c9caa4 <unknown>\n#17 0x7fba41d29c6c <unknown>","time":{"start":1766230007983,"stop":1766230018321,"duration":10338}},{"uid":"ded504bec1a323e9","reportUrl":"https://Brain-up.github.io/auto-tests-python/778/#testresult/ded504bec1a323e9","status":"skipped","statusDetails":"XFAIL\n\nselenium.common.exceptions.TimeoutException: Message: Can't find element by locator ('xpath', '//button[@data-test-active-link=\"Similar phrases\"]')\nStacktrace:\n#0 0x5646df39219a <unknown>\n#1 0x5646dee0fc4b <unknown>\n#2 0x5646dee61318 <unknown>\n#3 0x5646dee61551 <unknown>\n#4 0x5646deeaf764 <unknown>\n#5 0x5646deeacbee <unknown>\n#6 0x5646dee53c42 <unknown>\n#7 0x5646dee548f1 <unknown>\n#8 0x5646df35af39 <unknown>\n#9 0x5646df35de7d <unknown>\n#10 0x5646df343c81 <unknown>\n#11 0x5646df35ea5b <unknown>\n#12 0x5646df32aa50 <unknown>\n#13 0x5646df37faa8 <unknown>\n#14 0x5646df37fc79 <unknown>\n#15 0x5646df3914f3 <unknown>\n#16 0x7f8cc7e9caa4 <unknown>\n#17 0x7f8cc7f29c6c <unknown>","time":{"start":1766133675267,"stop":1766133685620,"duration":10353}},{"uid":"b619dd32e251413a","reportUrl":"https://Brain-up.github.io/auto-tests-python/777/#testresult/b619dd32e251413a","status":"skipped","statusDetails":"XFAIL\n\nselenium.common.exceptions.TimeoutException: Message: Can't find element by locator ('xpath', '//button[@data-test-active-link=\"Similar phrases\"]')\nStacktrace:\n#0 0x562c55db119a <unknown>\n#1 0x562c5582ec4b <unknown>\n#2 0x562c55880318 <unknown>\n#3 0x562c55880551 <unknown>\n#4 0x562c558ce764 <unknown>\n#5 0x562c558cbbee <unknown>\n#6 0x562c55872c42 <unknown>\n#7 0x562c558738f1 <unknown>\n#8 0x562c55d79f39 <unknown>\n#9 0x562c55d7ce7d <unknown>\n#10 0x562c55d62c81 <unknown>\n#11 0x562c55d7da5b <unknown>\n#12 0x562c55d49a50 <unknown>\n#13 0x562c55d9eaa8 <unknown>\n#14 0x562c55d9ec79 <unknown>\n#15 0x562c55db04f3 <unknown>\n#16 0x7fe3cba9caa4 <unknown>\n#17 0x7fe3cbb29c6c <unknown>","time":{"start":1766052366215,"stop":1766052376617,"duration":10402}},{"uid":"3fe78c1c554fb5bb","reportUrl":"https://Brain-up.github.io/auto-tests-python/776/#testresult/3fe78c1c554fb5bb","status":"skipped","statusDetails":"XFAIL\n\nselenium.common.exceptions.TimeoutException: Message: Can't find element by locator ('xpath', '//button[@data-test-active-link=\"Similar phrases\"]')\nStacktrace:\n#0 0x55ee6d86b16a <unknown>\n#1 0x55ee6d2e8c4b <unknown>\n#2 0x55ee6d33a318 <unknown>\n#3 0x55ee6d33a551 <unknown>\n#4 0x55ee6d388764 <unknown>\n#5 0x55ee6d385bee <unknown>\n#6 0x55ee6d32cc42 <unknown>\n#7 0x55ee6d32d8f1 <unknown>\n#8 0x55ee6d833f09 <unknown>\n#9 0x55ee6d836e4d <unknown>\n#10 0x55ee6d81cc51 <unknown>\n#11 0x55ee6d837a2b <unknown>\n#12 0x55ee6d803a20 <unknown>\n#13 0x55ee6d858a78 <unknown>\n#14 0x55ee6d858c49 <unknown>\n#15 0x55ee6d86a4c3 <unknown>\n#16 0x7ff44a49caa4 <unknown>\n#17 0x7ff44a529c6c <unknown>","time":{"start":1765970243519,"stop":1765970253881,"duration":10362}},{"uid":"33f47497fcd687","reportUrl":"https://Brain-up.github.io/auto-tests-python/775/#testresult/33f47497fcd687","status":"skipped","statusDetails":"XFAIL\n\nselenium.common.exceptions.TimeoutException: Message: Can't find element by locator ('xpath', '//button[@data-test-active-link=\"Similar phrases\"]')\nStacktrace:\n#0 0x563af5a7616a <unknown>\n#1 0x563af54f3c4b <unknown>\n#2 0x563af5545318 <unknown>\n#3 0x563af5545551 <unknown>\n#4 0x563af5593764 <unknown>\n#5 0x563af5590bee <unknown>\n#6 0x563af5537c42 <unknown>\n#7 0x563af55388f1 <unknown>\n#8 0x563af5a3ef09 <unknown>\n#9 0x563af5a41e4d <unknown>\n#10 0x563af5a27c51 <unknown>\n#11 0x563af5a42a2b <unknown>\n#12 0x563af5a0ea20 <unknown>\n#13 0x563af5a63a78 <unknown>\n#14 0x563af5a63c49 <unknown>\n#15 0x563af5a754c3 <unknown>\n#16 0x7f5cbbe9caa4 <unknown>\n#17 0x7f5cbbf29c6c <unknown>","time":{"start":1765883451862,"stop":1765883462213,"duration":10351}},{"uid":"926147c71e65e908","reportUrl":"https://Brain-up.github.io/auto-tests-python/774/#testresult/926147c71e65e908","status":"skipped","statusDetails":"XFAIL\n\nselenium.common.exceptions.TimeoutException: Message: Can't find element by locator ('xpath', '//button[@data-test-active-link=\"Similar phrases\"]')\nStacktrace:\n#0 0x555ef282316a <unknown>\n#1 0x555ef22a0c4b <unknown>\n#2 0x555ef22f2318 <unknown>\n#3 0x555ef22f2551 <unknown>\n#4 0x555ef2340764 <unknown>\n#5 0x555ef233dbee <unknown>\n#6 0x555ef22e4c42 <unknown>\n#7 0x555ef22e58f1 <unknown>\n#8 0x555ef27ebf09 <unknown>\n#9 0x555ef27eee4d <unknown>\n#10 0x555ef27d4c51 <unknown>\n#11 0x555ef27efa2b <unknown>\n#12 0x555ef27bba20 <unknown>\n#13 0x555ef2810a78 <unknown>\n#14 0x555ef2810c49 <unknown>\n#15 0x555ef28224c3 <unknown>\n#16 0x7fe585c9caa4 <unknown>\n#17 0x7fe585d29c6c <unknown>","time":{"start":1765800301943,"stop":1765800312250,"duration":10307}}]},"tags":["@pytest.mark.xfail"]},"source":"f38dda3b411e9e54.json","parameterValues":[]}