{"uid":"9699b36fee94e93b","name":"Solutions to a random task in the \"Слова\" .","fullName":"tests.test_speech_exercises_ru.TestCardsRU#test_solve_word_cards_ru","historyId":"97a1dfc93de55b98f3507f18d0af26f8","time":{"start":1766688603136,"stop":1766688613434,"duration":10298},"status":"skipped","statusMessage":"XFAIL\n\nselenium.common.exceptions.TimeoutException: Message: Can't find element by locator ('xpath', '//a[text()=\"Упражнения\"]')\nStacktrace:\n#0 0x559edf2d919a <unknown>\n#1 0x559eded56c4b <unknown>\n#2 0x559ededa8318 <unknown>\n#3 0x559ededa8551 <unknown>\n#4 0x559ededf6764 <unknown>\n#5 0x559ededf3bee <unknown>\n#6 0x559eded9ac42 <unknown>\n#7 0x559eded9b8f1 <unknown>\n#8 0x559edf2a1f39 <unknown>\n#9 0x559edf2a4e7d <unknown>\n#10 0x559edf28ac81 <unknown>\n#11 0x559edf2a5a5b <unknown>\n#12 0x559edf271a50 <unknown>\n#13 0x559edf2c6aa8 <unknown>\n#14 0x559edf2c6c79 <unknown>\n#15 0x559edf2d84f3 <unknown>\n#16 0x7f7e2da9caa4 <unknown>\n#17 0x7f7e2db29c6c <unknown>","statusTrace":"self = <tests.test_speech_exercises_ru.TestCardsRU object at 0x7f827f26aba0>\ndriver = <selenium.webdriver.chrome.webdriver.WebDriver (session=\"d31c5d1a1dda303c733d1d841a02eea3\")>\ndefault_user_authorized = None\n\n    @pytest.mark.xfail\n    @allure.suite(\"Речевые упражнения.\")\n    @allure.title('Solutions to a random task in the \"Слова\" .')\n    def test_solve_word_cards_ru(self, driver, default_user_authorized):\n        page = SpeechExercisesPageRU(driver)\n>       page.click_button_exercises()\n\ntests/test_speech_exercises_ru.py:124: \n_ _ _ _ _ _ _ _ _ _ _ _ _ _ _ _ _ _ _ _ _ _ _ _ _ _ _ _ _ _ _ _ _ _ _ _ _ _ _ _ \npages/speech_exercises_page_ru.py:199: in click_button_exercises\n    button = self.element_is_present_and_clickable(self.locators.AuthorizedUserHomePageLocators.BUTTON_EXERCISES_RU)\npages/base_page.py:40: in element_is_present_and_clickable\n    return (Wait(self.driver, self.timeout).until(\n_ _ _ _ _ _ _ _ _ _ _ _ _ _ _ _ _ _ _ _ _ _ _ _ _ _ _ _ _ _ _ _ _ _ _ _ _ _ _ _ \n\nself = <selenium.webdriver.support.wait.WebDriverWait (session=\"d31c5d1a1dda303c733d1d841a02eea3\")>\nmethod = <function visibility_of_element_located.<locals>._predicate at 0x7f827f218c20>\nmessage = 'Can\\'t find element by locator (\\'xpath\\', \\'//a[text()=\"Упражнения\"]\\')'\n\n    def until(self, method, message: str = \"\"):\n        \"\"\"Calls the method provided with the driver as an argument until the \\\n        return value does not evaluate to ``False``.\n    \n        :param method: callable(WebDriver)\n        :param message: optional message for :exc:`TimeoutException`\n        :returns: the result of the last call to `method`\n        :raises: :exc:`selenium.common.exceptions.TimeoutException` if timeout occurs\n        \"\"\"\n        screen = None\n        stacktrace = None\n    \n        end_time = time.monotonic() + self._timeout\n        while True:\n            try:\n                value = method(self._driver)\n                if value:\n                    return value\n            except self._ignored_exceptions as exc:\n                screen = getattr(exc, \"screen\", None)\n                stacktrace = getattr(exc, \"stacktrace\", None)\n            time.sleep(self._poll)\n            if time.monotonic() > end_time:\n                break\n>       raise TimeoutException(message, screen, stacktrace)\nE       selenium.common.exceptions.TimeoutException: Message: Can't find element by locator ('xpath', '//a[text()=\"Упражнения\"]')\nE       Stacktrace:\nE       #0 0x559edf2d919a <unknown>\nE       #1 0x559eded56c4b <unknown>\nE       #2 0x559ededa8318 <unknown>\nE       #3 0x559ededa8551 <unknown>\nE       #4 0x559ededf6764 <unknown>\nE       #5 0x559ededf3bee <unknown>\nE       #6 0x559eded9ac42 <unknown>\nE       #7 0x559eded9b8f1 <unknown>\nE       #8 0x559edf2a1f39 <unknown>\nE       #9 0x559edf2a4e7d <unknown>\nE       #10 0x559edf28ac81 <unknown>\nE       #11 0x559edf2a5a5b <unknown>\nE       #12 0x559edf271a50 <unknown>\nE       #13 0x559edf2c6aa8 <unknown>\nE       #14 0x559edf2c6c79 <unknown>\nE       #15 0x559edf2d84f3 <unknown>\nE       #16 0x7f7e2da9caa4 <unknown>\nE       #17 0x7f7e2db29c6c <unknown>\n\n/opt/hostedtoolcache/Python/3.12.12/x64/lib/python3.12/site-packages/selenium/webdriver/support/wait.py:95: TimeoutException","flaky":false,"newFailed":false,"newBroken":false,"newPassed":false,"retriesCount":0,"retriesStatusChange":false,"beforeStages":[{"name":"clear_allure_results_folder","time":{"start":1766687425666,"stop":1766687425666,"duration":0},"status":"passed","steps":[],"attachments":[],"parameters":[],"stepsCount":0,"shouldDisplayMessage":false,"attachmentsCount":0,"hasContent":false,"attachmentStep":false},{"name":"driver","time":{"start":1766688597211,"stop":1766688597966,"duration":755},"status":"passed","steps":[],"attachments":[],"parameters":[],"stepsCount":0,"shouldDisplayMessage":false,"attachmentsCount":0,"hasContent":false,"attachmentStep":false},{"name":"main_page_open","time":{"start":1766688597966,"stop":1766688600712,"duration":2746},"status":"passed","steps":[{"name":"Open page: https://www.brainup.site/","time":{"start":1766688597966,"stop":1766688600712,"duration":2746},"status":"passed","steps":[],"attachments":[],"parameters":[{"name":"driver","value":"<selenium.webdriver.chrome.webdriver.WebDriver (session=\"d31c5d1a1dda303c733d1d841a02eea3\")>"}],"stepsCount":0,"shouldDisplayMessage":false,"attachmentsCount":0,"hasContent":true,"attachmentStep":false}],"attachments":[],"parameters":[],"stepsCount":1,"shouldDisplayMessage":false,"attachmentsCount":0,"hasContent":true,"attachmentStep":false},{"name":"default_user_authorized","time":{"start":1766688600712,"stop":1766688603136,"duration":2424},"status":"passed","steps":[{"name":"DEFAULT user authorized","time":{"start":1766688600712,"stop":1766688603136,"duration":2424},"status":"passed","steps":[{"name":"Check url is present: https://www.brainup.site/groups","time":{"start":1766688601070,"stop":1766688603113,"duration":2043},"status":"passed","steps":[],"attachments":[],"parameters":[],"stepsCount":0,"shouldDisplayMessage":false,"attachmentsCount":0,"hasContent":false,"attachmentStep":false},{"name":"Loader checking","time":{"start":1766688603113,"stop":1766688603136,"duration":23},"status":"passed","steps":[],"attachments":[],"parameters":[],"stepsCount":0,"shouldDisplayMessage":false,"attachmentsCount":0,"hasContent":false,"attachmentStep":false}],"attachments":[],"parameters":[{"name":"driver","value":"<selenium.webdriver.chrome.webdriver.WebDriver (session=\"d31c5d1a1dda303c733d1d841a02eea3\")>"},{"name":"main_page_open","value":"None"}],"stepsCount":2,"shouldDisplayMessage":false,"attachmentsCount":0,"hasContent":true,"attachmentStep":false}],"attachments":[],"parameters":[],"stepsCount":3,"shouldDisplayMessage":false,"attachmentsCount":0,"hasContent":true,"attachmentStep":false}],"testStage":{"status":"skipped","statusMessage":"XFAIL\n\nselenium.common.exceptions.TimeoutException: Message: Can't find element by locator ('xpath', '//a[text()=\"Упражнения\"]')\nStacktrace:\n#0 0x559edf2d919a <unknown>\n#1 0x559eded56c4b <unknown>\n#2 0x559ededa8318 <unknown>\n#3 0x559ededa8551 <unknown>\n#4 0x559ededf6764 <unknown>\n#5 0x559ededf3bee <unknown>\n#6 0x559eded9ac42 <unknown>\n#7 0x559eded9b8f1 <unknown>\n#8 0x559edf2a1f39 <unknown>\n#9 0x559edf2a4e7d <unknown>\n#10 0x559edf28ac81 <unknown>\n#11 0x559edf2a5a5b <unknown>\n#12 0x559edf271a50 <unknown>\n#13 0x559edf2c6aa8 <unknown>\n#14 0x559edf2c6c79 <unknown>\n#15 0x559edf2d84f3 <unknown>\n#16 0x7f7e2da9caa4 <unknown>\n#17 0x7f7e2db29c6c <unknown>","statusTrace":"self = <tests.test_speech_exercises_ru.TestCardsRU object at 0x7f827f26aba0>\ndriver = <selenium.webdriver.chrome.webdriver.WebDriver (session=\"d31c5d1a1dda303c733d1d841a02eea3\")>\ndefault_user_authorized = None\n\n    @pytest.mark.xfail\n    @allure.suite(\"Речевые упражнения.\")\n    @allure.title('Solutions to a random task in the \"Слова\" .')\n    def test_solve_word_cards_ru(self, driver, default_user_authorized):\n        page = SpeechExercisesPageRU(driver)\n>       page.click_button_exercises()\n\ntests/test_speech_exercises_ru.py:124: \n_ _ _ _ _ _ _ _ _ _ _ _ _ _ _ _ _ _ _ _ _ _ _ _ _ _ _ _ _ _ _ _ _ _ _ _ _ _ _ _ \npages/speech_exercises_page_ru.py:199: in click_button_exercises\n    button = self.element_is_present_and_clickable(self.locators.AuthorizedUserHomePageLocators.BUTTON_EXERCISES_RU)\npages/base_page.py:40: in element_is_present_and_clickable\n    return (Wait(self.driver, self.timeout).until(\n_ _ _ _ _ _ _ _ _ _ _ _ _ _ _ _ _ _ _ _ _ _ _ _ _ _ _ _ _ _ _ _ _ _ _ _ _ _ _ _ \n\nself = <selenium.webdriver.support.wait.WebDriverWait (session=\"d31c5d1a1dda303c733d1d841a02eea3\")>\nmethod = <function visibility_of_element_located.<locals>._predicate at 0x7f827f218c20>\nmessage = 'Can\\'t find element by locator (\\'xpath\\', \\'//a[text()=\"Упражнения\"]\\')'\n\n    def until(self, method, message: str = \"\"):\n        \"\"\"Calls the method provided with the driver as an argument until the \\\n        return value does not evaluate to ``False``.\n    \n        :param method: callable(WebDriver)\n        :param message: optional message for :exc:`TimeoutException`\n        :returns: the result of the last call to `method`\n        :raises: :exc:`selenium.common.exceptions.TimeoutException` if timeout occurs\n        \"\"\"\n        screen = None\n        stacktrace = None\n    \n        end_time = time.monotonic() + self._timeout\n        while True:\n            try:\n                value = method(self._driver)\n                if value:\n                    return value\n            except self._ignored_exceptions as exc:\n                screen = getattr(exc, \"screen\", None)\n                stacktrace = getattr(exc, \"stacktrace\", None)\n            time.sleep(self._poll)\n            if time.monotonic() > end_time:\n                break\n>       raise TimeoutException(message, screen, stacktrace)\nE       selenium.common.exceptions.TimeoutException: Message: Can't find element by locator ('xpath', '//a[text()=\"Упражнения\"]')\nE       Stacktrace:\nE       #0 0x559edf2d919a <unknown>\nE       #1 0x559eded56c4b <unknown>\nE       #2 0x559ededa8318 <unknown>\nE       #3 0x559ededa8551 <unknown>\nE       #4 0x559ededf6764 <unknown>\nE       #5 0x559ededf3bee <unknown>\nE       #6 0x559eded9ac42 <unknown>\nE       #7 0x559eded9b8f1 <unknown>\nE       #8 0x559edf2a1f39 <unknown>\nE       #9 0x559edf2a4e7d <unknown>\nE       #10 0x559edf28ac81 <unknown>\nE       #11 0x559edf2a5a5b <unknown>\nE       #12 0x559edf271a50 <unknown>\nE       #13 0x559edf2c6aa8 <unknown>\nE       #14 0x559edf2c6c79 <unknown>\nE       #15 0x559edf2d84f3 <unknown>\nE       #16 0x7f7e2da9caa4 <unknown>\nE       #17 0x7f7e2db29c6c <unknown>\n\n/opt/hostedtoolcache/Python/3.12.12/x64/lib/python3.12/site-packages/selenium/webdriver/support/wait.py:95: TimeoutException","steps":[{"name":"Click button \"Упражнения\".","time":{"start":1766688603136,"stop":1766688613433,"duration":10297},"status":"broken","statusMessage":"selenium.common.exceptions.TimeoutException: Message: Can't find element by locator ('xpath', '//a[text()=\"Упражнения\"]')\nStacktrace:\n#0 0x559edf2d919a <unknown>\n#1 0x559eded56c4b <unknown>\n#2 0x559ededa8318 <unknown>\n#3 0x559ededa8551 <unknown>\n#4 0x559ededf6764 <unknown>\n#5 0x559ededf3bee <unknown>\n#6 0x559eded9ac42 <unknown>\n#7 0x559eded9b8f1 <unknown>\n#8 0x559edf2a1f39 <unknown>\n#9 0x559edf2a4e7d <unknown>\n#10 0x559edf28ac81 <unknown>\n#11 0x559edf2a5a5b <unknown>\n#12 0x559edf271a50 <unknown>\n#13 0x559edf2c6aa8 <unknown>\n#14 0x559edf2c6c79 <unknown>\n#15 0x559edf2d84f3 <unknown>\n#16 0x7f7e2da9caa4 <unknown>\n#17 0x7f7e2db29c6c <unknown>\n\n","statusTrace":"  File \"/opt/hostedtoolcache/Python/3.12.12/x64/lib/python3.12/site-packages/allure_commons/_allure.py\", line 192, in impl\n    return func(*a, **kw)\n           ^^^^^^^^^^^^^^\n  File \"/home/runner/work/auto-tests-python/auto-tests-python/pages/speech_exercises_page_ru.py\", line 199, in click_button_exercises\n    button = self.element_is_present_and_clickable(self.locators.AuthorizedUserHomePageLocators.BUTTON_EXERCISES_RU)\n             ^^^^^^^^^^^^^^^^^^^^^^^^^^^^^^^^^^^^^^^^^^^^^^^^^^^^^^^^^^^^^^^^^^^^^^^^^^^^^^^^^^^^^^^^^^^^^^^^^^^^^^^\n  File \"/home/runner/work/auto-tests-python/auto-tests-python/pages/base_page.py\", line 40, in element_is_present_and_clickable\n    return (Wait(self.driver, self.timeout).until(\n            ^^^^^^^^^^^^^^^^^^^^^^^^^^^^^^^^^^^^^^\n  File \"/opt/hostedtoolcache/Python/3.12.12/x64/lib/python3.12/site-packages/selenium/webdriver/support/wait.py\", line 95, in until\n    raise TimeoutException(message, screen, stacktrace)\n","steps":[{"name":"Click button \"RU\".","time":{"start":1766688603136,"stop":1766688603205,"duration":69},"status":"passed","steps":[],"attachments":[],"parameters":[],"stepsCount":0,"shouldDisplayMessage":false,"attachmentsCount":0,"hasContent":false,"attachmentStep":false}],"attachments":[],"parameters":[],"stepsCount":1,"shouldDisplayMessage":true,"attachmentsCount":0,"hasContent":true,"attachmentStep":false}],"attachments":[],"parameters":[],"stepsCount":2,"shouldDisplayMessage":true,"attachmentsCount":0,"hasContent":true,"attachmentStep":false},"afterStages":[{"name":"driver::0","time":{"start":1766688613449,"stop":1766688613521,"duration":72},"status":"passed","steps":[],"attachments":[],"parameters":[],"stepsCount":0,"shouldDisplayMessage":false,"attachmentsCount":0,"hasContent":false,"attachmentStep":false}],"labels":[{"name":"suite","value":"Речевые упражнения."},{"name":"epic","value":"Speech exercises."},{"name":"tag","value":"@pytest.mark.xfail"},{"name":"parentSuite","value":"tests"},{"name":"subSuite","value":"TestCardsRU"},{"name":"host","value":"runnervmh13bl"},{"name":"thread","value":"2647-MainThread"},{"name":"framework","value":"pytest"},{"name":"language","value":"cpython3"},{"name":"package","value":"tests.test_speech_exercises_ru"},{"name":"resultFormat","value":"allure2"}],"parameters":[],"links":[],"hidden":false,"retry":false,"extra":{"severity":"normal","retries":[],"categories":[],"history":{"statistic":{"failed":0,"broken":0,"skipped":47,"passed":3,"unknown":0,"total":50},"items":[{"uid":"2deaa21685bbd1e9","reportUrl":"https://Brain-up.github.io/auto-tests-python/783/#testresult/2deaa21685bbd1e9","status":"skipped","statusDetails":"XFAIL\n\nselenium.common.exceptions.TimeoutException: Message: Can't find element by locator ('xpath', '//a[text()=\"Упражнения\"]')\nStacktrace:\n#0 0x559d83bc419a <unknown>\n#1 0x559d83641c4b <unknown>\n#2 0x559d83693318 <unknown>\n#3 0x559d83693551 <unknown>\n#4 0x559d836e1764 <unknown>\n#5 0x559d836debee <unknown>\n#6 0x559d83685c42 <unknown>\n#7 0x559d836868f1 <unknown>\n#8 0x559d83b8cf39 <unknown>\n#9 0x559d83b8fe7d <unknown>\n#10 0x559d83b75c81 <unknown>\n#11 0x559d83b90a5b <unknown>\n#12 0x559d83b5ca50 <unknown>\n#13 0x559d83bb1aa8 <unknown>\n#14 0x559d83bb1c79 <unknown>\n#15 0x559d83bc34f3 <unknown>\n#16 0x7fe8d189caa4 <unknown>\n#17 0x7fe8d1929c6c <unknown>","time":{"start":1766575621027,"stop":1766575631332,"duration":10305}},{"uid":"bc2b3177cb50b4d7","reportUrl":"https://Brain-up.github.io/auto-tests-python/782/#testresult/bc2b3177cb50b4d7","status":"skipped","statusDetails":"XFAIL\n\nselenium.common.exceptions.TimeoutException: Message: Can't find element by locator ('xpath', '//a[text()=\"Упражнения\"]')\nStacktrace:\n#0 0x557683f1b19a <unknown>\n#1 0x557683998c4b <unknown>\n#2 0x5576839ea318 <unknown>\n#3 0x5576839ea551 <unknown>\n#4 0x557683a38764 <unknown>\n#5 0x557683a35bee <unknown>\n#6 0x5576839dcc42 <unknown>\n#7 0x5576839dd8f1 <unknown>\n#8 0x557683ee3f39 <unknown>\n#9 0x557683ee6e7d <unknown>\n#10 0x557683eccc81 <unknown>\n#11 0x557683ee7a5b <unknown>\n#12 0x557683eb3a50 <unknown>\n#13 0x557683f08aa8 <unknown>\n#14 0x557683f08c79 <unknown>\n#15 0x557683f1a4f3 <unknown>\n#16 0x7f7cf1c9caa4 <unknown>\n#17 0x7f7cf1d29c6c <unknown>","time":{"start":1766475876164,"stop":1766475886438,"duration":10274}},{"uid":"1b2dd172693fa456","reportUrl":"https://Brain-up.github.io/auto-tests-python/781/#testresult/1b2dd172693fa456","status":"skipped","statusDetails":"XFAIL\n\nselenium.common.exceptions.TimeoutException: Message: Can't find element by locator ('xpath', '//a[text()=\"Упражнения\"]')\nStacktrace:\n#0 0x560235ebb19a <unknown>\n#1 0x560235938c4b <unknown>\n#2 0x56023598a318 <unknown>\n#3 0x56023598a551 <unknown>\n#4 0x5602359d8764 <unknown>\n#5 0x5602359d5bee <unknown>\n#6 0x56023597cc42 <unknown>\n#7 0x56023597d8f1 <unknown>\n#8 0x560235e83f39 <unknown>\n#9 0x560235e86e7d <unknown>\n#10 0x560235e6cc81 <unknown>\n#11 0x560235e87a5b <unknown>\n#12 0x560235e53a50 <unknown>\n#13 0x560235ea8aa8 <unknown>\n#14 0x560235ea8c79 <unknown>\n#15 0x560235eba4f3 <unknown>\n#16 0x7f0f4009caa4 <unknown>\n#17 0x7f0f40129c6c <unknown>","time":{"start":1766401717525,"stop":1766401727881,"duration":10356}},{"uid":"b67bdf9ed2e09bf","reportUrl":"https://Brain-up.github.io/auto-tests-python/780/#testresult/b67bdf9ed2e09bf","status":"skipped","statusDetails":"XFAIL\n\nselenium.common.exceptions.TimeoutException: Message: Can't find element by locator ('xpath', '//a[text()=\"Упражнения\"]')\nStacktrace:\n#0 0x55e4d2b2f19a <unknown>\n#1 0x55e4d25acc4b <unknown>\n#2 0x55e4d25fe318 <unknown>\n#3 0x55e4d25fe551 <unknown>\n#4 0x55e4d264c764 <unknown>\n#5 0x55e4d2649bee <unknown>\n#6 0x55e4d25f0c42 <unknown>\n#7 0x55e4d25f18f1 <unknown>\n#8 0x55e4d2af7f39 <unknown>\n#9 0x55e4d2afae7d <unknown>\n#10 0x55e4d2ae0c81 <unknown>\n#11 0x55e4d2afba5b <unknown>\n#12 0x55e4d2ac7a50 <unknown>\n#13 0x55e4d2b1caa8 <unknown>\n#14 0x55e4d2b1cc79 <unknown>\n#15 0x55e4d2b2e4f3 <unknown>\n#16 0x7f5f0b89caa4 <unknown>\n#17 0x7f5f0b929c6c <unknown>","time":{"start":1766324418393,"stop":1766324428688,"duration":10295}},{"uid":"4bb6171fc34b7e68","reportUrl":"https://Brain-up.github.io/auto-tests-python/779/#testresult/4bb6171fc34b7e68","status":"skipped","statusDetails":"XFAIL\n\nselenium.common.exceptions.TimeoutException: Message: Can't find element by locator ('xpath', '//a[text()=\"Упражнения\"]')\nStacktrace:\n#0 0x5626d083019a <unknown>\n#1 0x5626d02adc4b <unknown>\n#2 0x5626d02ff318 <unknown>\n#3 0x5626d02ff551 <unknown>\n#4 0x5626d034d764 <unknown>\n#5 0x5626d034abee <unknown>\n#6 0x5626d02f1c42 <unknown>\n#7 0x5626d02f28f1 <unknown>\n#8 0x5626d07f8f39 <unknown>\n#9 0x5626d07fbe7d <unknown>\n#10 0x5626d07e1c81 <unknown>\n#11 0x5626d07fca5b <unknown>\n#12 0x5626d07c8a50 <unknown>\n#13 0x5626d081daa8 <unknown>\n#14 0x5626d081dc79 <unknown>\n#15 0x5626d082f4f3 <unknown>\n#16 0x7f6e7149caa4 <unknown>\n#17 0x7f6e71529c6c <unknown>","time":{"start":1766230114075,"stop":1766230124375,"duration":10300}},{"uid":"ac8a40c2c65e5f7d","reportUrl":"https://Brain-up.github.io/auto-tests-python/778/#testresult/ac8a40c2c65e5f7d","status":"skipped","statusDetails":"XFAIL\n\nselenium.common.exceptions.TimeoutException: Message: Can't find element by locator ('xpath', '//a[text()=\"Упражнения\"]')\nStacktrace:\n#0 0x55b4f363a19a <unknown>\n#1 0x55b4f30b7c4b <unknown>\n#2 0x55b4f3109318 <unknown>\n#3 0x55b4f3109551 <unknown>\n#4 0x55b4f3157764 <unknown>\n#5 0x55b4f3154bee <unknown>\n#6 0x55b4f30fbc42 <unknown>\n#7 0x55b4f30fc8f1 <unknown>\n#8 0x55b4f3602f39 <unknown>\n#9 0x55b4f3605e7d <unknown>\n#10 0x55b4f35ebc81 <unknown>\n#11 0x55b4f3606a5b <unknown>\n#12 0x55b4f35d2a50 <unknown>\n#13 0x55b4f3627aa8 <unknown>\n#14 0x55b4f3627c79 <unknown>\n#15 0x55b4f36394f3 <unknown>\n#16 0x7f8ed469caa4 <unknown>\n#17 0x7f8ed4729c6c <unknown>","time":{"start":1766133781129,"stop":1766133791450,"duration":10321}},{"uid":"8f72d48a83a15a4c","reportUrl":"https://Brain-up.github.io/auto-tests-python/777/#testresult/8f72d48a83a15a4c","status":"skipped","statusDetails":"XFAIL\n\nselenium.common.exceptions.TimeoutException: Message: Can't find element by locator ('xpath', '//a[text()=\"Упражнения\"]')\nStacktrace:\n#0 0x55b15c1b019a <unknown>\n#1 0x55b15bc2dc4b <unknown>\n#2 0x55b15bc7f318 <unknown>\n#3 0x55b15bc7f551 <unknown>\n#4 0x55b15bccd764 <unknown>\n#5 0x55b15bccabee <unknown>\n#6 0x55b15bc71c42 <unknown>\n#7 0x55b15bc728f1 <unknown>\n#8 0x55b15c178f39 <unknown>\n#9 0x55b15c17be7d <unknown>\n#10 0x55b15c161c81 <unknown>\n#11 0x55b15c17ca5b <unknown>\n#12 0x55b15c148a50 <unknown>\n#13 0x55b15c19daa8 <unknown>\n#14 0x55b15c19dc79 <unknown>\n#15 0x55b15c1af4f3 <unknown>\n#16 0x7f152569caa4 <unknown>\n#17 0x7f1525729c6c <unknown>","time":{"start":1766052485974,"stop":1766052496293,"duration":10319}},{"uid":"7c2d33e2fa626316","reportUrl":"https://Brain-up.github.io/auto-tests-python/776/#testresult/7c2d33e2fa626316","status":"skipped","statusDetails":"XFAIL\n\nselenium.common.exceptions.TimeoutException: Message: Can't find element by locator ('xpath', '//a[text()=\"Упражнения\"]')\nStacktrace:\n#0 0x557acc08716a <unknown>\n#1 0x557acbb04c4b <unknown>\n#2 0x557acbb56318 <unknown>\n#3 0x557acbb56551 <unknown>\n#4 0x557acbba4764 <unknown>\n#5 0x557acbba1bee <unknown>\n#6 0x557acbb48c42 <unknown>\n#7 0x557acbb498f1 <unknown>\n#8 0x557acc04ff09 <unknown>\n#9 0x557acc052e4d <unknown>\n#10 0x557acc038c51 <unknown>\n#11 0x557acc053a2b <unknown>\n#12 0x557acc01fa20 <unknown>\n#13 0x557acc074a78 <unknown>\n#14 0x557acc074c49 <unknown>\n#15 0x557acc0864c3 <unknown>\n#16 0x7fe43429caa4 <unknown>\n#17 0x7fe434329c6c <unknown>","time":{"start":1765970360852,"stop":1765970371188,"duration":10336}},{"uid":"945d35e28609ed6e","reportUrl":"https://Brain-up.github.io/auto-tests-python/775/#testresult/945d35e28609ed6e","status":"skipped","statusDetails":"XFAIL\n\nselenium.common.exceptions.TimeoutException: Message: Can't find element by locator ('xpath', '//a[text()=\"Упражнения\"]')\nStacktrace:\n#0 0x5580e50ad16a <unknown>\n#1 0x5580e4b2ac4b <unknown>\n#2 0x5580e4b7c318 <unknown>\n#3 0x5580e4b7c551 <unknown>\n#4 0x5580e4bca764 <unknown>\n#5 0x5580e4bc7bee <unknown>\n#6 0x5580e4b6ec42 <unknown>\n#7 0x5580e4b6f8f1 <unknown>\n#8 0x5580e5075f09 <unknown>\n#9 0x5580e5078e4d <unknown>\n#10 0x5580e505ec51 <unknown>\n#11 0x5580e5079a2b <unknown>\n#12 0x5580e5045a20 <unknown>\n#13 0x5580e509aa78 <unknown>\n#14 0x5580e509ac49 <unknown>\n#15 0x5580e50ac4c3 <unknown>\n#16 0x7f8786a9caa4 <unknown>\n#17 0x7f8786b29c6c <unknown>","time":{"start":1765883564397,"stop":1765883574705,"duration":10308}},{"uid":"577ad3bf9a52386f","reportUrl":"https://Brain-up.github.io/auto-tests-python/774/#testresult/577ad3bf9a52386f","status":"skipped","statusDetails":"XFAIL\n\nselenium.common.exceptions.TimeoutException: Message: Can't find element by locator ('xpath', '//a[text()=\"Упражнения\"]')\nStacktrace:\n#0 0x56308711c16a <unknown>\n#1 0x563086b99c4b <unknown>\n#2 0x563086beb318 <unknown>\n#3 0x563086beb551 <unknown>\n#4 0x563086c39764 <unknown>\n#5 0x563086c36bee <unknown>\n#6 0x563086bddc42 <unknown>\n#7 0x563086bde8f1 <unknown>\n#8 0x5630870e4f09 <unknown>\n#9 0x5630870e7e4d <unknown>\n#10 0x5630870cdc51 <unknown>\n#11 0x5630870e8a2b <unknown>\n#12 0x5630870b4a20 <unknown>\n#13 0x563087109a78 <unknown>\n#14 0x563087109c49 <unknown>\n#15 0x56308711b4c3 <unknown>\n#16 0x7f996409caa4 <unknown>\n#17 0x7f9964129c6c <unknown>","time":{"start":1765800429144,"stop":1765800439394,"duration":10250}},{"uid":"ef4b7428a7c721b5","reportUrl":"https://Brain-up.github.io/auto-tests-python/773/#testresult/ef4b7428a7c721b5","status":"skipped","statusDetails":"XFAIL\n\nselenium.common.exceptions.TimeoutException: Message: Can't find element by locator ('xpath', '//a[text()=\"Упражнения\"]')\nStacktrace:\n#0 0x563fbad5316a <unknown>\n#1 0x563fba7d0c4b <unknown>\n#2 0x563fba822318 <unknown>\n#3 0x563fba822551 <unknown>\n#4 0x563fba870764 <unknown>\n#5 0x563fba86dbee <unknown>\n#6 0x563fba814c42 <unknown>\n#7 0x563fba8158f1 <unknown>\n#8 0x563fbad1bf09 <unknown>\n#9 0x563fbad1ee4d <unknown>\n#10 0x563fbad04c51 <unknown>\n#11 0x563fbad1fa2b <unknown>\n#12 0x563fbaceba20 <unknown>\n#13 0x563fbad40a78 <unknown>\n#14 0x563fbad40c49 <unknown>\n#15 0x563fbad524c3 <unknown>\n#16 0x7f1c14c9caa4 <unknown>\n#17 0x7f1c14d29c6c <unknown>","time":{"start":1765737459771,"stop":1765737470096,"duration":10325}},{"uid":"d7a97a62adfff8d","reportUrl":"https://Brain-up.github.io/auto-tests-python/772/#testresult/d7a97a62adfff8d","status":"skipped","statusDetails":"XFAIL\n\nselenium.common.exceptions.TimeoutException: Message: Can't find element by locator ('xpath', '//a[text()=\"Упражнения\"]')\nStacktrace:\n#0 0x556c1421d16a <unknown>\n#1 0x556c13c9ac4b <unknown>\n#2 0x556c13cec318 <unknown>\n#3 0x556c13cec551 <unknown>\n#4 0x556c13d3a764 <unknown>\n#5 0x556c13d37bee <unknown>\n#6 0x556c13cdec42 <unknown>\n#7 0x556c13cdf8f1 <unknown>\n#8 0x556c141e5f09 <unknown>\n#9 0x556c141e8e4d <unknown>\n#10 0x556c141cec51 <unknown>\n#11 0x556c141e9a2b <unknown>\n#12 0x556c141b5a20 <unknown>\n#13 0x556c1420aa78 <unknown>\n#14 0x556c1420ac49 <unknown>\n#15 0x556c1421c4c3 <unknown>\n#16 0x7f644649caa4 <unknown>\n#17 0x7f6446529c6c <unknown>","time":{"start":1765626991735,"stop":1765627002039,"duration":10304}},{"uid":"300b86621ae34626","reportUrl":"https://Brain-up.github.io/auto-tests-python/771/#testresult/300b86621ae34626","status":"skipped","statusDetails":"XFAIL\n\nselenium.common.exceptions.TimeoutException: Message: Can't find element by locator ('xpath', '//a[text()=\"Упражнения\"]')\nStacktrace:\n#0 0x55ecaf71316a <unknown>\n#1 0x55ecaf190c4b <unknown>\n#2 0x55ecaf1e2318 <unknown>\n#3 0x55ecaf1e2551 <unknown>\n#4 0x55ecaf230764 <unknown>\n#5 0x55ecaf22dbee <unknown>\n#6 0x55ecaf1d4c42 <unknown>\n#7 0x55ecaf1d58f1 <unknown>\n#8 0x55ecaf6dbf09 <unknown>\n#9 0x55ecaf6dee4d <unknown>\n#10 0x55ecaf6c4c51 <unknown>\n#11 0x55ecaf6dfa2b <unknown>\n#12 0x55ecaf6aba20 <unknown>\n#13 0x55ecaf700a78 <unknown>\n#14 0x55ecaf700c49 <unknown>\n#15 0x55ecaf7124c3 <unknown>\n#16 0x7f3e9da9caa4 <unknown>\n#17 0x7f3e9db29c6c <unknown>","time":{"start":1765530157360,"stop":1765530167685,"duration":10325}},{"uid":"7d6da5555d46137","reportUrl":"https://Brain-up.github.io/auto-tests-python/770/#testresult/7d6da5555d46137","status":"skipped","statusDetails":"XFAIL\n\nselenium.common.exceptions.TimeoutException: Message: Can't find element by locator ('xpath', '//a[text()=\"Упражнения\"]')\nStacktrace:\n#0 0x55b72687f16a <unknown>\n#1 0x55b7262fcc4b <unknown>\n#2 0x55b72634e318 <unknown>\n#3 0x55b72634e551 <unknown>\n#4 0x55b72639c764 <unknown>\n#5 0x55b726399bee <unknown>\n#6 0x55b726340c42 <unknown>\n#7 0x55b7263418f1 <unknown>\n#8 0x55b726847f09 <unknown>\n#9 0x55b72684ae4d <unknown>\n#10 0x55b726830c51 <unknown>\n#11 0x55b72684ba2b <unknown>\n#12 0x55b726817a20 <unknown>\n#13 0x55b72686ca78 <unknown>\n#14 0x55b72686cc49 <unknown>\n#15 0x55b72687e4c3 <unknown>\n#16 0x7fe0c609caa4 <unknown>\n#17 0x7fe0c6129c6c <unknown>","time":{"start":1765429276447,"stop":1765429286746,"duration":10299}},{"uid":"96c9877bf57a2122","reportUrl":"https://Brain-up.github.io/auto-tests-python/769/#testresult/96c9877bf57a2122","status":"skipped","statusDetails":"XFAIL\n\nselenium.common.exceptions.TimeoutException: Message: Can't find element by locator ('xpath', '//a[text()=\"Упражнения\"]')\nStacktrace:\n#0 0x55992cd014ca <unknown>\n#1 0x55992c74fe4b <unknown>\n#2 0x55992c7a2814 <unknown>\n#3 0x55992c7a2a51 <unknown>\n#4 0x55992c7f1a44 <unknown>\n#5 0x55992c7eedf7 <unknown>\n#6 0x55992c794c2a <unknown>\n#7 0x55992c795931 <unknown>\n#8 0x55992ccc7cf9 <unknown>\n#9 0x55992cccacdc <unknown>\n#10 0x55992ccb0f79 <unknown>\n#11 0x55992cccb8b5 <unknown>\n#12 0x55992cc989c3 <unknown>\n#13 0x55992ccee228 <unknown>\n#14 0x55992ccee403 <unknown>\n#15 0x55992cd00463 <unknown>\n#16 0x7eff4da9caa4 <unknown>\n#17 0x7eff4db29c6c <unknown>","time":{"start":1765131968005,"stop":1765131978297,"duration":10292}},{"uid":"eaf7f297ec2e2886","reportUrl":"https://Brain-up.github.io/auto-tests-python/768/#testresult/eaf7f297ec2e2886","status":"skipped","statusDetails":"XFAIL\n\nselenium.common.exceptions.TimeoutException: Message: Can't find element by locator ('xpath', '//a[text()=\"Упражнения\"]')\nStacktrace:\n#0 0x5560960e94ca <unknown>\n#1 0x556095b37e4b <unknown>\n#2 0x556095b8a814 <unknown>\n#3 0x556095b8aa51 <unknown>\n#4 0x556095bd9a44 <unknown>\n#5 0x556095bd6df7 <unknown>\n#6 0x556095b7cc2a <unknown>\n#7 0x556095b7d931 <unknown>\n#8 0x5560960afcf9 <unknown>\n#9 0x5560960b2cdc <unknown>\n#10 0x556096098f79 <unknown>\n#11 0x5560960b38b5 <unknown>\n#12 0x5560960809c3 <unknown>\n#13 0x5560960d6228 <unknown>\n#14 0x5560960d6403 <unknown>\n#15 0x5560960e8463 <unknown>\n#16 0x7fcd9349caa4 <unknown>\n#17 0x7fcd93529c6c <unknown>","time":{"start":1765023571003,"stop":1765023581315,"duration":10312}},{"uid":"ddc25d49fb681c88","reportUrl":"https://Brain-up.github.io/auto-tests-python/767/#testresult/ddc25d49fb681c88","status":"skipped","statusDetails":"XFAIL\n\nselenium.common.exceptions.TimeoutException: Message: Can't find element by locator ('xpath', '//a[text()=\"Упражнения\"]')\nStacktrace:\n#0 0x5604e581a4ca <unknown>\n#1 0x5604e5268e4b <unknown>\n#2 0x5604e52bb814 <unknown>\n#3 0x5604e52bba51 <unknown>\n#4 0x5604e530aa44 <unknown>\n#5 0x5604e5307df7 <unknown>\n#6 0x5604e52adc2a <unknown>\n#7 0x5604e52ae931 <unknown>\n#8 0x5604e57e0cf9 <unknown>\n#9 0x5604e57e3cdc <unknown>\n#10 0x5604e57c9f79 <unknown>\n#11 0x5604e57e48b5 <unknown>\n#12 0x5604e57b19c3 <unknown>\n#13 0x5604e5807228 <unknown>\n#14 0x5604e5807403 <unknown>\n#15 0x5604e5819463 <unknown>\n#16 0x7f0d9049caa4 <unknown>\n#17 0x7f0d90529c6c <unknown>","time":{"start":1764842754026,"stop":1764842764343,"duration":10317}},{"uid":"889dee5dd6ec53b","reportUrl":"https://Brain-up.github.io/auto-tests-python/766/#testresult/889dee5dd6ec53b","status":"skipped","statusDetails":"XFAIL\n\nselenium.common.exceptions.TimeoutException: Message: Can't find element by locator ('xpath', '//a[text()=\"Упражнения\"]')\nStacktrace:\n#0 0x5584f127a4ca <unknown>\n#1 0x5584f0cc8e4b <unknown>\n#2 0x5584f0d1b814 <unknown>\n#3 0x5584f0d1ba51 <unknown>\n#4 0x5584f0d6aa44 <unknown>\n#5 0x5584f0d67df7 <unknown>\n#6 0x5584f0d0dc2a <unknown>\n#7 0x5584f0d0e931 <unknown>\n#8 0x5584f1240cf9 <unknown>\n#9 0x5584f1243cdc <unknown>\n#10 0x5584f1229f79 <unknown>\n#11 0x5584f12448b5 <unknown>\n#12 0x5584f12119c3 <unknown>\n#13 0x5584f1267228 <unknown>\n#14 0x5584f1267403 <unknown>\n#15 0x5584f1279463 <unknown>\n#16 0x7f3f1749caa4 <unknown>\n#17 0x7f3f17529c6c <unknown>","time":{"start":1764760290214,"stop":1764760300517,"duration":10303}},{"uid":"85965c76055e7162","reportUrl":"https://Brain-up.github.io/auto-tests-python/765/#testresult/85965c76055e7162","status":"skipped","statusDetails":"XFAIL\n\nselenium.common.exceptions.TimeoutException: Message: Can't find element by locator ('xpath', '//a[text()=\"Упражнения\"]')\nStacktrace:\n#0 0x5649b11d232a <unknown>\n#1 0x5649b0c1ee4b <unknown>\n#2 0x5649b0c7182b <unknown>\n#3 0x5649b0c71a61 <unknown>\n#4 0x5649b0cc0a44 <unknown>\n#5 0x5649b0cbddf7 <unknown>\n#6 0x5649b0c63c1a <unknown>\n#7 0x5649b0c64921 <unknown>\n#8 0x5649b1199239 <unknown>\n#9 0x5649b119c1e8 <unknown>\n#10 0x5649b11824c9 <unknown>\n#11 0x5649b119cdb5 <unknown>\n#12 0x5649b1169e93 <unknown>\n#13 0x5649b11bf098 <unknown>\n#14 0x5649b11bf273 <unknown>\n#15 0x5649b11d12c3 <unknown>\n#16 0x7f0165a9caa4 <unknown>\n#17 0x7f0165b29c6c <unknown>","time":{"start":1764674763656,"stop":1764674773952,"duration":10296}},{"uid":"6600ce4950954dd8","reportUrl":"https://Brain-up.github.io/auto-tests-python/764/#testresult/6600ce4950954dd8","status":"skipped","statusDetails":"XFAIL\n\nselenium.common.exceptions.TimeoutException: Message: Can't find element by locator ('xpath', '//a[text()=\"Упражнения\"]')\nStacktrace:\n#0 0x55d72000932a <unknown>\n#1 0x55d71fa55e4b <unknown>\n#2 0x55d71faa882b <unknown>\n#3 0x55d71faa8a61 <unknown>\n#4 0x55d71faf7a44 <unknown>\n#5 0x55d71faf4df7 <unknown>\n#6 0x55d71fa9ac1a <unknown>\n#7 0x55d71fa9b921 <unknown>\n#8 0x55d71ffd0239 <unknown>\n#9 0x55d71ffd31e8 <unknown>\n#10 0x55d71ffb94c9 <unknown>\n#11 0x55d71ffd3db5 <unknown>\n#12 0x55d71ffa0e93 <unknown>\n#13 0x55d71fff6098 <unknown>\n#14 0x55d71fff6273 <unknown>\n#15 0x55d7200082c3 <unknown>\n#16 0x7fd6ba89caa4 <unknown>\n#17 0x7fd6ba929c6c <unknown>","time":{"start":1764588626613,"stop":1764588636897,"duration":10284}}]},"tags":["@pytest.mark.xfail"]},"source":"9699b36fee94e93b.json","parameterValues":[]}