{"uid":"d2c29a4f2dfe1bb7","name":"Solutions to a random task in the \"Слова\" .","fullName":"tests.test_speech_exercises_ru.TestCardsRU#test_solve_word_cards_ru","historyId":"97a1dfc93de55b98f3507f18d0af26f8","time":{"start":1767198477528,"stop":1767198487849,"duration":10321},"status":"skipped","statusMessage":"XFAIL\n\nselenium.common.exceptions.TimeoutException: Message: Can't find element by locator ('xpath', '//a[text()=\"Упражнения\"]')\nStacktrace:\n#0 0x5558ecd5219a <unknown>\n#1 0x5558ec7cfc4b <unknown>\n#2 0x5558ec821318 <unknown>\n#3 0x5558ec821551 <unknown>\n#4 0x5558ec86f764 <unknown>\n#5 0x5558ec86cbee <unknown>\n#6 0x5558ec813c42 <unknown>\n#7 0x5558ec8148f1 <unknown>\n#8 0x5558ecd1af39 <unknown>\n#9 0x5558ecd1de7d <unknown>\n#10 0x5558ecd03c81 <unknown>\n#11 0x5558ecd1ea5b <unknown>\n#12 0x5558ecceaa50 <unknown>\n#13 0x5558ecd3faa8 <unknown>\n#14 0x5558ecd3fc79 <unknown>\n#15 0x5558ecd514f3 <unknown>\n#16 0x7fa87ae9caa4 <unknown>\n#17 0x7fa87af29c6c <unknown>","statusTrace":"self = <tests.test_speech_exercises_ru.TestCardsRU object at 0x7fd5921a7590>\ndriver = <selenium.webdriver.chrome.webdriver.WebDriver (session=\"bf3dfa849af8d9d7c95304576a621e3d\")>\ndefault_user_authorized = None\n\n    @pytest.mark.xfail\n    @allure.suite(\"Речевые упражнения.\")\n    @allure.title('Solutions to a random task in the \"Слова\" .')\n    def test_solve_word_cards_ru(self, driver, default_user_authorized):\n        page = SpeechExercisesPageRU(driver)\n>       page.click_button_exercises()\n\ntests/test_speech_exercises_ru.py:124: \n_ _ _ _ _ _ _ _ _ _ _ _ _ _ _ _ _ _ _ _ _ _ _ _ _ _ _ _ _ _ _ _ _ _ _ _ _ _ _ _ \npages/speech_exercises_page_ru.py:199: in click_button_exercises\n    button = self.element_is_present_and_clickable(self.locators.AuthorizedUserHomePageLocators.BUTTON_EXERCISES_RU)\npages/base_page.py:40: in element_is_present_and_clickable\n    return (Wait(self.driver, self.timeout).until(\n_ _ _ _ _ _ _ _ _ _ _ _ _ _ _ _ _ _ _ _ _ _ _ _ _ _ _ _ _ _ _ _ _ _ _ _ _ _ _ _ \n\nself = <selenium.webdriver.support.wait.WebDriverWait (session=\"bf3dfa849af8d9d7c95304576a621e3d\")>\nmethod = <function visibility_of_element_located.<locals>._predicate at 0x7fd59210b240>\nmessage = 'Can\\'t find element by locator (\\'xpath\\', \\'//a[text()=\"Упражнения\"]\\')'\n\n    def until(self, method, message: str = \"\"):\n        \"\"\"Calls the method provided with the driver as an argument until the \\\n        return value does not evaluate to ``False``.\n    \n        :param method: callable(WebDriver)\n        :param message: optional message for :exc:`TimeoutException`\n        :returns: the result of the last call to `method`\n        :raises: :exc:`selenium.common.exceptions.TimeoutException` if timeout occurs\n        \"\"\"\n        screen = None\n        stacktrace = None\n    \n        end_time = time.monotonic() + self._timeout\n        while True:\n            try:\n                value = method(self._driver)\n                if value:\n                    return value\n            except self._ignored_exceptions as exc:\n                screen = getattr(exc, \"screen\", None)\n                stacktrace = getattr(exc, \"stacktrace\", None)\n            time.sleep(self._poll)\n            if time.monotonic() > end_time:\n                break\n>       raise TimeoutException(message, screen, stacktrace)\nE       selenium.common.exceptions.TimeoutException: Message: Can't find element by locator ('xpath', '//a[text()=\"Упражнения\"]')\nE       Stacktrace:\nE       #0 0x5558ecd5219a <unknown>\nE       #1 0x5558ec7cfc4b <unknown>\nE       #2 0x5558ec821318 <unknown>\nE       #3 0x5558ec821551 <unknown>\nE       #4 0x5558ec86f764 <unknown>\nE       #5 0x5558ec86cbee <unknown>\nE       #6 0x5558ec813c42 <unknown>\nE       #7 0x5558ec8148f1 <unknown>\nE       #8 0x5558ecd1af39 <unknown>\nE       #9 0x5558ecd1de7d <unknown>\nE       #10 0x5558ecd03c81 <unknown>\nE       #11 0x5558ecd1ea5b <unknown>\nE       #12 0x5558ecceaa50 <unknown>\nE       #13 0x5558ecd3faa8 <unknown>\nE       #14 0x5558ecd3fc79 <unknown>\nE       #15 0x5558ecd514f3 <unknown>\nE       #16 0x7fa87ae9caa4 <unknown>\nE       #17 0x7fa87af29c6c <unknown>\n\n/opt/hostedtoolcache/Python/3.12.12/x64/lib/python3.12/site-packages/selenium/webdriver/support/wait.py:95: TimeoutException","flaky":false,"newFailed":false,"newBroken":false,"newPassed":false,"retriesCount":0,"retriesStatusChange":false,"beforeStages":[{"name":"clear_allure_results_folder","time":{"start":1767197322773,"stop":1767197322774,"duration":1},"status":"passed","steps":[],"attachments":[],"parameters":[],"stepsCount":0,"shouldDisplayMessage":false,"attachmentsCount":0,"hasContent":false,"attachmentStep":false},{"name":"driver","time":{"start":1767198471972,"stop":1767198472730,"duration":758},"status":"passed","steps":[],"attachments":[],"parameters":[],"stepsCount":0,"shouldDisplayMessage":false,"attachmentsCount":0,"hasContent":false,"attachmentStep":false},{"name":"main_page_open","time":{"start":1767198472730,"stop":1767198475130,"duration":2400},"status":"passed","steps":[{"name":"Open page: https://www.brainup.site/","time":{"start":1767198472730,"stop":1767198475130,"duration":2400},"status":"passed","steps":[],"attachments":[],"parameters":[{"name":"driver","value":"<selenium.webdriver.chrome.webdriver.WebDriver (session=\"bf3dfa849af8d9d7c95304576a621e3d\")>"}],"stepsCount":0,"shouldDisplayMessage":false,"attachmentsCount":0,"hasContent":true,"attachmentStep":false}],"attachments":[],"parameters":[],"stepsCount":1,"shouldDisplayMessage":false,"attachmentsCount":0,"hasContent":true,"attachmentStep":false},{"name":"default_user_authorized","time":{"start":1767198475130,"stop":1767198477528,"duration":2398},"status":"passed","steps":[{"name":"DEFAULT user authorized","time":{"start":1767198475130,"stop":1767198477528,"duration":2398},"status":"passed","steps":[{"name":"Check url is present: https://www.brainup.site/groups","time":{"start":1767198475478,"stop":1767198477505,"duration":2027},"status":"passed","steps":[],"attachments":[],"parameters":[],"stepsCount":0,"shouldDisplayMessage":false,"attachmentsCount":0,"hasContent":false,"attachmentStep":false},{"name":"Loader checking","time":{"start":1767198477506,"stop":1767198477528,"duration":22},"status":"passed","steps":[],"attachments":[],"parameters":[],"stepsCount":0,"shouldDisplayMessage":false,"attachmentsCount":0,"hasContent":false,"attachmentStep":false}],"attachments":[],"parameters":[{"name":"driver","value":"<selenium.webdriver.chrome.webdriver.WebDriver (session=\"bf3dfa849af8d9d7c95304576a621e3d\")>"},{"name":"main_page_open","value":"None"}],"stepsCount":2,"shouldDisplayMessage":false,"attachmentsCount":0,"hasContent":true,"attachmentStep":false}],"attachments":[],"parameters":[],"stepsCount":3,"shouldDisplayMessage":false,"attachmentsCount":0,"hasContent":true,"attachmentStep":false}],"testStage":{"status":"skipped","statusMessage":"XFAIL\n\nselenium.common.exceptions.TimeoutException: Message: Can't find element by locator ('xpath', '//a[text()=\"Упражнения\"]')\nStacktrace:\n#0 0x5558ecd5219a <unknown>\n#1 0x5558ec7cfc4b <unknown>\n#2 0x5558ec821318 <unknown>\n#3 0x5558ec821551 <unknown>\n#4 0x5558ec86f764 <unknown>\n#5 0x5558ec86cbee <unknown>\n#6 0x5558ec813c42 <unknown>\n#7 0x5558ec8148f1 <unknown>\n#8 0x5558ecd1af39 <unknown>\n#9 0x5558ecd1de7d <unknown>\n#10 0x5558ecd03c81 <unknown>\n#11 0x5558ecd1ea5b <unknown>\n#12 0x5558ecceaa50 <unknown>\n#13 0x5558ecd3faa8 <unknown>\n#14 0x5558ecd3fc79 <unknown>\n#15 0x5558ecd514f3 <unknown>\n#16 0x7fa87ae9caa4 <unknown>\n#17 0x7fa87af29c6c <unknown>","statusTrace":"self = <tests.test_speech_exercises_ru.TestCardsRU object at 0x7fd5921a7590>\ndriver = <selenium.webdriver.chrome.webdriver.WebDriver (session=\"bf3dfa849af8d9d7c95304576a621e3d\")>\ndefault_user_authorized = None\n\n    @pytest.mark.xfail\n    @allure.suite(\"Речевые упражнения.\")\n    @allure.title('Solutions to a random task in the \"Слова\" .')\n    def test_solve_word_cards_ru(self, driver, default_user_authorized):\n        page = SpeechExercisesPageRU(driver)\n>       page.click_button_exercises()\n\ntests/test_speech_exercises_ru.py:124: \n_ _ _ _ _ _ _ _ _ _ _ _ _ _ _ _ _ _ _ _ _ _ _ _ _ _ _ _ _ _ _ _ _ _ _ _ _ _ _ _ \npages/speech_exercises_page_ru.py:199: in click_button_exercises\n    button = self.element_is_present_and_clickable(self.locators.AuthorizedUserHomePageLocators.BUTTON_EXERCISES_RU)\npages/base_page.py:40: in element_is_present_and_clickable\n    return (Wait(self.driver, self.timeout).until(\n_ _ _ _ _ _ _ _ _ _ _ _ _ _ _ _ _ _ _ _ _ _ _ _ _ _ _ _ _ _ _ _ _ _ _ _ _ _ _ _ \n\nself = <selenium.webdriver.support.wait.WebDriverWait (session=\"bf3dfa849af8d9d7c95304576a621e3d\")>\nmethod = <function visibility_of_element_located.<locals>._predicate at 0x7fd59210b240>\nmessage = 'Can\\'t find element by locator (\\'xpath\\', \\'//a[text()=\"Упражнения\"]\\')'\n\n    def until(self, method, message: str = \"\"):\n        \"\"\"Calls the method provided with the driver as an argument until the \\\n        return value does not evaluate to ``False``.\n    \n        :param method: callable(WebDriver)\n        :param message: optional message for :exc:`TimeoutException`\n        :returns: the result of the last call to `method`\n        :raises: :exc:`selenium.common.exceptions.TimeoutException` if timeout occurs\n        \"\"\"\n        screen = None\n        stacktrace = None\n    \n        end_time = time.monotonic() + self._timeout\n        while True:\n            try:\n                value = method(self._driver)\n                if value:\n                    return value\n            except self._ignored_exceptions as exc:\n                screen = getattr(exc, \"screen\", None)\n                stacktrace = getattr(exc, \"stacktrace\", None)\n            time.sleep(self._poll)\n            if time.monotonic() > end_time:\n                break\n>       raise TimeoutException(message, screen, stacktrace)\nE       selenium.common.exceptions.TimeoutException: Message: Can't find element by locator ('xpath', '//a[text()=\"Упражнения\"]')\nE       Stacktrace:\nE       #0 0x5558ecd5219a <unknown>\nE       #1 0x5558ec7cfc4b <unknown>\nE       #2 0x5558ec821318 <unknown>\nE       #3 0x5558ec821551 <unknown>\nE       #4 0x5558ec86f764 <unknown>\nE       #5 0x5558ec86cbee <unknown>\nE       #6 0x5558ec813c42 <unknown>\nE       #7 0x5558ec8148f1 <unknown>\nE       #8 0x5558ecd1af39 <unknown>\nE       #9 0x5558ecd1de7d <unknown>\nE       #10 0x5558ecd03c81 <unknown>\nE       #11 0x5558ecd1ea5b <unknown>\nE       #12 0x5558ecceaa50 <unknown>\nE       #13 0x5558ecd3faa8 <unknown>\nE       #14 0x5558ecd3fc79 <unknown>\nE       #15 0x5558ecd514f3 <unknown>\nE       #16 0x7fa87ae9caa4 <unknown>\nE       #17 0x7fa87af29c6c <unknown>\n\n/opt/hostedtoolcache/Python/3.12.12/x64/lib/python3.12/site-packages/selenium/webdriver/support/wait.py:95: TimeoutException","steps":[{"name":"Click button \"Упражнения\".","time":{"start":1767198477528,"stop":1767198487848,"duration":10320},"status":"broken","statusMessage":"selenium.common.exceptions.TimeoutException: Message: Can't find element by locator ('xpath', '//a[text()=\"Упражнения\"]')\nStacktrace:\n#0 0x5558ecd5219a <unknown>\n#1 0x5558ec7cfc4b <unknown>\n#2 0x5558ec821318 <unknown>\n#3 0x5558ec821551 <unknown>\n#4 0x5558ec86f764 <unknown>\n#5 0x5558ec86cbee <unknown>\n#6 0x5558ec813c42 <unknown>\n#7 0x5558ec8148f1 <unknown>\n#8 0x5558ecd1af39 <unknown>\n#9 0x5558ecd1de7d <unknown>\n#10 0x5558ecd03c81 <unknown>\n#11 0x5558ecd1ea5b <unknown>\n#12 0x5558ecceaa50 <unknown>\n#13 0x5558ecd3faa8 <unknown>\n#14 0x5558ecd3fc79 <unknown>\n#15 0x5558ecd514f3 <unknown>\n#16 0x7fa87ae9caa4 <unknown>\n#17 0x7fa87af29c6c <unknown>\n\n","statusTrace":"  File \"/opt/hostedtoolcache/Python/3.12.12/x64/lib/python3.12/site-packages/allure_commons/_allure.py\", line 192, in impl\n    return func(*a, **kw)\n           ^^^^^^^^^^^^^^\n  File \"/home/runner/work/auto-tests-python/auto-tests-python/pages/speech_exercises_page_ru.py\", line 199, in click_button_exercises\n    button = self.element_is_present_and_clickable(self.locators.AuthorizedUserHomePageLocators.BUTTON_EXERCISES_RU)\n             ^^^^^^^^^^^^^^^^^^^^^^^^^^^^^^^^^^^^^^^^^^^^^^^^^^^^^^^^^^^^^^^^^^^^^^^^^^^^^^^^^^^^^^^^^^^^^^^^^^^^^^^\n  File \"/home/runner/work/auto-tests-python/auto-tests-python/pages/base_page.py\", line 40, in element_is_present_and_clickable\n    return (Wait(self.driver, self.timeout).until(\n            ^^^^^^^^^^^^^^^^^^^^^^^^^^^^^^^^^^^^^^\n  File \"/opt/hostedtoolcache/Python/3.12.12/x64/lib/python3.12/site-packages/selenium/webdriver/support/wait.py\", line 95, in until\n    raise TimeoutException(message, screen, stacktrace)\n","steps":[{"name":"Click button \"RU\".","time":{"start":1767198477528,"stop":1767198477596,"duration":68},"status":"passed","steps":[],"attachments":[],"parameters":[],"stepsCount":0,"shouldDisplayMessage":false,"attachmentsCount":0,"hasContent":false,"attachmentStep":false}],"attachments":[],"parameters":[],"stepsCount":1,"shouldDisplayMessage":true,"attachmentsCount":0,"hasContent":true,"attachmentStep":false}],"attachments":[],"parameters":[],"stepsCount":2,"shouldDisplayMessage":true,"attachmentsCount":0,"hasContent":true,"attachmentStep":false},"afterStages":[{"name":"driver::0","time":{"start":1767198487863,"stop":1767198487932,"duration":69},"status":"passed","steps":[],"attachments":[],"parameters":[],"stepsCount":0,"shouldDisplayMessage":false,"attachmentsCount":0,"hasContent":false,"attachmentStep":false}],"labels":[{"name":"suite","value":"Речевые упражнения."},{"name":"epic","value":"Speech exercises."},{"name":"tag","value":"@pytest.mark.xfail"},{"name":"parentSuite","value":"tests"},{"name":"subSuite","value":"TestCardsRU"},{"name":"host","value":"runnervmh13bl"},{"name":"thread","value":"2592-MainThread"},{"name":"framework","value":"pytest"},{"name":"language","value":"cpython3"},{"name":"package","value":"tests.test_speech_exercises_ru"},{"name":"resultFormat","value":"allure2"}],"parameters":[],"links":[],"hidden":false,"retry":false,"extra":{"severity":"normal","retries":[],"categories":[],"history":{"statistic":{"failed":0,"broken":0,"skipped":53,"passed":3,"unknown":0,"total":56},"items":[{"uid":"fb50d86b593707c6","reportUrl":"https://Brain-up.github.io/auto-tests-python/789/#testresult/fb50d86b593707c6","status":"skipped","statusDetails":"XFAIL\n\nselenium.common.exceptions.TimeoutException: Message: Can't find element by locator ('xpath', '//a[text()=\"Упражнения\"]')\nStacktrace:\n#0 0x5626d44ce19a <unknown>\n#1 0x5626d3f4bc4b <unknown>\n#2 0x5626d3f9d318 <unknown>\n#3 0x5626d3f9d551 <unknown>\n#4 0x5626d3feb764 <unknown>\n#5 0x5626d3fe8bee <unknown>\n#6 0x5626d3f8fc42 <unknown>\n#7 0x5626d3f908f1 <unknown>\n#8 0x5626d4496f39 <unknown>\n#9 0x5626d4499e7d <unknown>\n#10 0x5626d447fc81 <unknown>\n#11 0x5626d449aa5b <unknown>\n#12 0x5626d4466a50 <unknown>\n#13 0x5626d44bbaa8 <unknown>\n#14 0x5626d44bbc79 <unknown>\n#15 0x5626d44cd4f3 <unknown>\n#16 0x7f1102e9caa4 <unknown>\n#17 0x7f1102f29c6c <unknown>","time":{"start":1767088709460,"stop":1767088719776,"duration":10316}},{"uid":"d674eb551f60fda7","reportUrl":"https://Brain-up.github.io/auto-tests-python/788/#testresult/d674eb551f60fda7","status":"skipped","statusDetails":"XFAIL\n\nselenium.common.exceptions.TimeoutException: Message: Can't find element by locator ('xpath', '//a[text()=\"Упражнения\"]')\nStacktrace:\n#0 0x564ca8d6719a <unknown>\n#1 0x564ca87e4c4b <unknown>\n#2 0x564ca8836318 <unknown>\n#3 0x564ca8836551 <unknown>\n#4 0x564ca8884764 <unknown>\n#5 0x564ca8881bee <unknown>\n#6 0x564ca8828c42 <unknown>\n#7 0x564ca88298f1 <unknown>\n#8 0x564ca8d2ff39 <unknown>\n#9 0x564ca8d32e7d <unknown>\n#10 0x564ca8d18c81 <unknown>\n#11 0x564ca8d33a5b <unknown>\n#12 0x564ca8cffa50 <unknown>\n#13 0x564ca8d54aa8 <unknown>\n#14 0x564ca8d54c79 <unknown>\n#15 0x564ca8d664f3 <unknown>\n#16 0x7fd93f49caa4 <unknown>\n#17 0x7fd93f529c6c <unknown>","time":{"start":1766998301637,"stop":1766998311921,"duration":10284}},{"uid":"5d3383d30c0e21e9","reportUrl":"https://Brain-up.github.io/auto-tests-python/787/#testresult/5d3383d30c0e21e9","status":"skipped","statusDetails":"XFAIL\n\nselenium.common.exceptions.TimeoutException: Message: Can't find element by locator ('xpath', '//a[text()=\"Упражнения\"]')\nStacktrace:\n#0 0x560899dfc19a <unknown>\n#1 0x560899879c4b <unknown>\n#2 0x5608998cb318 <unknown>\n#3 0x5608998cb551 <unknown>\n#4 0x560899919764 <unknown>\n#5 0x560899916bee <unknown>\n#6 0x5608998bdc42 <unknown>\n#7 0x5608998be8f1 <unknown>\n#8 0x560899dc4f39 <unknown>\n#9 0x560899dc7e7d <unknown>\n#10 0x560899dadc81 <unknown>\n#11 0x560899dc8a5b <unknown>\n#12 0x560899d94a50 <unknown>\n#13 0x560899de9aa8 <unknown>\n#14 0x560899de9c79 <unknown>\n#15 0x560899dfb4f3 <unknown>\n#16 0x7f4ee1c9caa4 <unknown>\n#17 0x7f4ee1d29c6c <unknown>","time":{"start":1766924120723,"stop":1766924130974,"duration":10251}},{"uid":"33a20cc7154bc118","reportUrl":"https://Brain-up.github.io/auto-tests-python/786/#testresult/33a20cc7154bc118","status":"skipped","statusDetails":"XFAIL\n\nselenium.common.exceptions.TimeoutException: Message: Can't find element by locator ('xpath', '//a[text()=\"Упражнения\"]')\nStacktrace:\n#0 0x55ca4201719a <unknown>\n#1 0x55ca41a94c4b <unknown>\n#2 0x55ca41ae6318 <unknown>\n#3 0x55ca41ae6551 <unknown>\n#4 0x55ca41b34764 <unknown>\n#5 0x55ca41b31bee <unknown>\n#6 0x55ca41ad8c42 <unknown>\n#7 0x55ca41ad98f1 <unknown>\n#8 0x55ca41fdff39 <unknown>\n#9 0x55ca41fe2e7d <unknown>\n#10 0x55ca41fc8c81 <unknown>\n#11 0x55ca41fe3a5b <unknown>\n#12 0x55ca41fafa50 <unknown>\n#13 0x55ca42004aa8 <unknown>\n#14 0x55ca42004c79 <unknown>\n#15 0x55ca420164f3 <unknown>\n#16 0x7f0312c9caa4 <unknown>\n#17 0x7f0312d29c6c <unknown>","time":{"start":1766834351525,"stop":1766834361853,"duration":10328}},{"uid":"d527588f3bf1ad71","reportUrl":"https://Brain-up.github.io/auto-tests-python/785/#testresult/d527588f3bf1ad71","status":"skipped","statusDetails":"XFAIL\n\nselenium.common.exceptions.TimeoutException: Message: Can't find element by locator ('xpath', '//a[text()=\"Упражнения\"]')\nStacktrace:\n#0 0x557ec353219a <unknown>\n#1 0x557ec2fafc4b <unknown>\n#2 0x557ec3001318 <unknown>\n#3 0x557ec3001551 <unknown>\n#4 0x557ec304f764 <unknown>\n#5 0x557ec304cbee <unknown>\n#6 0x557ec2ff3c42 <unknown>\n#7 0x557ec2ff48f1 <unknown>\n#8 0x557ec34faf39 <unknown>\n#9 0x557ec34fde7d <unknown>\n#10 0x557ec34e3c81 <unknown>\n#11 0x557ec34fea5b <unknown>\n#12 0x557ec34caa50 <unknown>\n#13 0x557ec351faa8 <unknown>\n#14 0x557ec351fc79 <unknown>\n#15 0x557ec35314f3 <unknown>\n#16 0x7fdeca29caa4 <unknown>\n#17 0x7fdeca329c6c <unknown>","time":{"start":1766753247006,"stop":1766753257327,"duration":10321}},{"uid":"9699b36fee94e93b","reportUrl":"https://Brain-up.github.io/auto-tests-python/784/#testresult/9699b36fee94e93b","status":"skipped","statusDetails":"XFAIL\n\nselenium.common.exceptions.TimeoutException: Message: Can't find element by locator ('xpath', '//a[text()=\"Упражнения\"]')\nStacktrace:\n#0 0x559edf2d919a <unknown>\n#1 0x559eded56c4b <unknown>\n#2 0x559ededa8318 <unknown>\n#3 0x559ededa8551 <unknown>\n#4 0x559ededf6764 <unknown>\n#5 0x559ededf3bee <unknown>\n#6 0x559eded9ac42 <unknown>\n#7 0x559eded9b8f1 <unknown>\n#8 0x559edf2a1f39 <unknown>\n#9 0x559edf2a4e7d <unknown>\n#10 0x559edf28ac81 <unknown>\n#11 0x559edf2a5a5b <unknown>\n#12 0x559edf271a50 <unknown>\n#13 0x559edf2c6aa8 <unknown>\n#14 0x559edf2c6c79 <unknown>\n#15 0x559edf2d84f3 <unknown>\n#16 0x7f7e2da9caa4 <unknown>\n#17 0x7f7e2db29c6c <unknown>","time":{"start":1766688603136,"stop":1766688613434,"duration":10298}},{"uid":"2deaa21685bbd1e9","reportUrl":"https://Brain-up.github.io/auto-tests-python/783/#testresult/2deaa21685bbd1e9","status":"skipped","statusDetails":"XFAIL\n\nselenium.common.exceptions.TimeoutException: Message: Can't find element by locator ('xpath', '//a[text()=\"Упражнения\"]')\nStacktrace:\n#0 0x559d83bc419a <unknown>\n#1 0x559d83641c4b <unknown>\n#2 0x559d83693318 <unknown>\n#3 0x559d83693551 <unknown>\n#4 0x559d836e1764 <unknown>\n#5 0x559d836debee <unknown>\n#6 0x559d83685c42 <unknown>\n#7 0x559d836868f1 <unknown>\n#8 0x559d83b8cf39 <unknown>\n#9 0x559d83b8fe7d <unknown>\n#10 0x559d83b75c81 <unknown>\n#11 0x559d83b90a5b <unknown>\n#12 0x559d83b5ca50 <unknown>\n#13 0x559d83bb1aa8 <unknown>\n#14 0x559d83bb1c79 <unknown>\n#15 0x559d83bc34f3 <unknown>\n#16 0x7fe8d189caa4 <unknown>\n#17 0x7fe8d1929c6c <unknown>","time":{"start":1766575621027,"stop":1766575631332,"duration":10305}},{"uid":"bc2b3177cb50b4d7","reportUrl":"https://Brain-up.github.io/auto-tests-python/782/#testresult/bc2b3177cb50b4d7","status":"skipped","statusDetails":"XFAIL\n\nselenium.common.exceptions.TimeoutException: Message: Can't find element by locator ('xpath', '//a[text()=\"Упражнения\"]')\nStacktrace:\n#0 0x557683f1b19a <unknown>\n#1 0x557683998c4b <unknown>\n#2 0x5576839ea318 <unknown>\n#3 0x5576839ea551 <unknown>\n#4 0x557683a38764 <unknown>\n#5 0x557683a35bee <unknown>\n#6 0x5576839dcc42 <unknown>\n#7 0x5576839dd8f1 <unknown>\n#8 0x557683ee3f39 <unknown>\n#9 0x557683ee6e7d <unknown>\n#10 0x557683eccc81 <unknown>\n#11 0x557683ee7a5b <unknown>\n#12 0x557683eb3a50 <unknown>\n#13 0x557683f08aa8 <unknown>\n#14 0x557683f08c79 <unknown>\n#15 0x557683f1a4f3 <unknown>\n#16 0x7f7cf1c9caa4 <unknown>\n#17 0x7f7cf1d29c6c <unknown>","time":{"start":1766475876164,"stop":1766475886438,"duration":10274}},{"uid":"1b2dd172693fa456","reportUrl":"https://Brain-up.github.io/auto-tests-python/781/#testresult/1b2dd172693fa456","status":"skipped","statusDetails":"XFAIL\n\nselenium.common.exceptions.TimeoutException: Message: Can't find element by locator ('xpath', '//a[text()=\"Упражнения\"]')\nStacktrace:\n#0 0x560235ebb19a <unknown>\n#1 0x560235938c4b <unknown>\n#2 0x56023598a318 <unknown>\n#3 0x56023598a551 <unknown>\n#4 0x5602359d8764 <unknown>\n#5 0x5602359d5bee <unknown>\n#6 0x56023597cc42 <unknown>\n#7 0x56023597d8f1 <unknown>\n#8 0x560235e83f39 <unknown>\n#9 0x560235e86e7d <unknown>\n#10 0x560235e6cc81 <unknown>\n#11 0x560235e87a5b <unknown>\n#12 0x560235e53a50 <unknown>\n#13 0x560235ea8aa8 <unknown>\n#14 0x560235ea8c79 <unknown>\n#15 0x560235eba4f3 <unknown>\n#16 0x7f0f4009caa4 <unknown>\n#17 0x7f0f40129c6c <unknown>","time":{"start":1766401717525,"stop":1766401727881,"duration":10356}},{"uid":"b67bdf9ed2e09bf","reportUrl":"https://Brain-up.github.io/auto-tests-python/780/#testresult/b67bdf9ed2e09bf","status":"skipped","statusDetails":"XFAIL\n\nselenium.common.exceptions.TimeoutException: Message: Can't find element by locator ('xpath', '//a[text()=\"Упражнения\"]')\nStacktrace:\n#0 0x55e4d2b2f19a <unknown>\n#1 0x55e4d25acc4b <unknown>\n#2 0x55e4d25fe318 <unknown>\n#3 0x55e4d25fe551 <unknown>\n#4 0x55e4d264c764 <unknown>\n#5 0x55e4d2649bee <unknown>\n#6 0x55e4d25f0c42 <unknown>\n#7 0x55e4d25f18f1 <unknown>\n#8 0x55e4d2af7f39 <unknown>\n#9 0x55e4d2afae7d <unknown>\n#10 0x55e4d2ae0c81 <unknown>\n#11 0x55e4d2afba5b <unknown>\n#12 0x55e4d2ac7a50 <unknown>\n#13 0x55e4d2b1caa8 <unknown>\n#14 0x55e4d2b1cc79 <unknown>\n#15 0x55e4d2b2e4f3 <unknown>\n#16 0x7f5f0b89caa4 <unknown>\n#17 0x7f5f0b929c6c <unknown>","time":{"start":1766324418393,"stop":1766324428688,"duration":10295}},{"uid":"4bb6171fc34b7e68","reportUrl":"https://Brain-up.github.io/auto-tests-python/779/#testresult/4bb6171fc34b7e68","status":"skipped","statusDetails":"XFAIL\n\nselenium.common.exceptions.TimeoutException: Message: Can't find element by locator ('xpath', '//a[text()=\"Упражнения\"]')\nStacktrace:\n#0 0x5626d083019a <unknown>\n#1 0x5626d02adc4b <unknown>\n#2 0x5626d02ff318 <unknown>\n#3 0x5626d02ff551 <unknown>\n#4 0x5626d034d764 <unknown>\n#5 0x5626d034abee <unknown>\n#6 0x5626d02f1c42 <unknown>\n#7 0x5626d02f28f1 <unknown>\n#8 0x5626d07f8f39 <unknown>\n#9 0x5626d07fbe7d <unknown>\n#10 0x5626d07e1c81 <unknown>\n#11 0x5626d07fca5b <unknown>\n#12 0x5626d07c8a50 <unknown>\n#13 0x5626d081daa8 <unknown>\n#14 0x5626d081dc79 <unknown>\n#15 0x5626d082f4f3 <unknown>\n#16 0x7f6e7149caa4 <unknown>\n#17 0x7f6e71529c6c <unknown>","time":{"start":1766230114075,"stop":1766230124375,"duration":10300}},{"uid":"ac8a40c2c65e5f7d","reportUrl":"https://Brain-up.github.io/auto-tests-python/778/#testresult/ac8a40c2c65e5f7d","status":"skipped","statusDetails":"XFAIL\n\nselenium.common.exceptions.TimeoutException: Message: Can't find element by locator ('xpath', '//a[text()=\"Упражнения\"]')\nStacktrace:\n#0 0x55b4f363a19a <unknown>\n#1 0x55b4f30b7c4b <unknown>\n#2 0x55b4f3109318 <unknown>\n#3 0x55b4f3109551 <unknown>\n#4 0x55b4f3157764 <unknown>\n#5 0x55b4f3154bee <unknown>\n#6 0x55b4f30fbc42 <unknown>\n#7 0x55b4f30fc8f1 <unknown>\n#8 0x55b4f3602f39 <unknown>\n#9 0x55b4f3605e7d <unknown>\n#10 0x55b4f35ebc81 <unknown>\n#11 0x55b4f3606a5b <unknown>\n#12 0x55b4f35d2a50 <unknown>\n#13 0x55b4f3627aa8 <unknown>\n#14 0x55b4f3627c79 <unknown>\n#15 0x55b4f36394f3 <unknown>\n#16 0x7f8ed469caa4 <unknown>\n#17 0x7f8ed4729c6c <unknown>","time":{"start":1766133781129,"stop":1766133791450,"duration":10321}},{"uid":"8f72d48a83a15a4c","reportUrl":"https://Brain-up.github.io/auto-tests-python/777/#testresult/8f72d48a83a15a4c","status":"skipped","statusDetails":"XFAIL\n\nselenium.common.exceptions.TimeoutException: Message: Can't find element by locator ('xpath', '//a[text()=\"Упражнения\"]')\nStacktrace:\n#0 0x55b15c1b019a <unknown>\n#1 0x55b15bc2dc4b <unknown>\n#2 0x55b15bc7f318 <unknown>\n#3 0x55b15bc7f551 <unknown>\n#4 0x55b15bccd764 <unknown>\n#5 0x55b15bccabee <unknown>\n#6 0x55b15bc71c42 <unknown>\n#7 0x55b15bc728f1 <unknown>\n#8 0x55b15c178f39 <unknown>\n#9 0x55b15c17be7d <unknown>\n#10 0x55b15c161c81 <unknown>\n#11 0x55b15c17ca5b <unknown>\n#12 0x55b15c148a50 <unknown>\n#13 0x55b15c19daa8 <unknown>\n#14 0x55b15c19dc79 <unknown>\n#15 0x55b15c1af4f3 <unknown>\n#16 0x7f152569caa4 <unknown>\n#17 0x7f1525729c6c <unknown>","time":{"start":1766052485974,"stop":1766052496293,"duration":10319}},{"uid":"7c2d33e2fa626316","reportUrl":"https://Brain-up.github.io/auto-tests-python/776/#testresult/7c2d33e2fa626316","status":"skipped","statusDetails":"XFAIL\n\nselenium.common.exceptions.TimeoutException: Message: Can't find element by locator ('xpath', '//a[text()=\"Упражнения\"]')\nStacktrace:\n#0 0x557acc08716a <unknown>\n#1 0x557acbb04c4b <unknown>\n#2 0x557acbb56318 <unknown>\n#3 0x557acbb56551 <unknown>\n#4 0x557acbba4764 <unknown>\n#5 0x557acbba1bee <unknown>\n#6 0x557acbb48c42 <unknown>\n#7 0x557acbb498f1 <unknown>\n#8 0x557acc04ff09 <unknown>\n#9 0x557acc052e4d <unknown>\n#10 0x557acc038c51 <unknown>\n#11 0x557acc053a2b <unknown>\n#12 0x557acc01fa20 <unknown>\n#13 0x557acc074a78 <unknown>\n#14 0x557acc074c49 <unknown>\n#15 0x557acc0864c3 <unknown>\n#16 0x7fe43429caa4 <unknown>\n#17 0x7fe434329c6c <unknown>","time":{"start":1765970360852,"stop":1765970371188,"duration":10336}},{"uid":"945d35e28609ed6e","reportUrl":"https://Brain-up.github.io/auto-tests-python/775/#testresult/945d35e28609ed6e","status":"skipped","statusDetails":"XFAIL\n\nselenium.common.exceptions.TimeoutException: Message: Can't find element by locator ('xpath', '//a[text()=\"Упражнения\"]')\nStacktrace:\n#0 0x5580e50ad16a <unknown>\n#1 0x5580e4b2ac4b <unknown>\n#2 0x5580e4b7c318 <unknown>\n#3 0x5580e4b7c551 <unknown>\n#4 0x5580e4bca764 <unknown>\n#5 0x5580e4bc7bee <unknown>\n#6 0x5580e4b6ec42 <unknown>\n#7 0x5580e4b6f8f1 <unknown>\n#8 0x5580e5075f09 <unknown>\n#9 0x5580e5078e4d <unknown>\n#10 0x5580e505ec51 <unknown>\n#11 0x5580e5079a2b <unknown>\n#12 0x5580e5045a20 <unknown>\n#13 0x5580e509aa78 <unknown>\n#14 0x5580e509ac49 <unknown>\n#15 0x5580e50ac4c3 <unknown>\n#16 0x7f8786a9caa4 <unknown>\n#17 0x7f8786b29c6c <unknown>","time":{"start":1765883564397,"stop":1765883574705,"duration":10308}},{"uid":"577ad3bf9a52386f","reportUrl":"https://Brain-up.github.io/auto-tests-python/774/#testresult/577ad3bf9a52386f","status":"skipped","statusDetails":"XFAIL\n\nselenium.common.exceptions.TimeoutException: Message: Can't find element by locator ('xpath', '//a[text()=\"Упражнения\"]')\nStacktrace:\n#0 0x56308711c16a <unknown>\n#1 0x563086b99c4b <unknown>\n#2 0x563086beb318 <unknown>\n#3 0x563086beb551 <unknown>\n#4 0x563086c39764 <unknown>\n#5 0x563086c36bee <unknown>\n#6 0x563086bddc42 <unknown>\n#7 0x563086bde8f1 <unknown>\n#8 0x5630870e4f09 <unknown>\n#9 0x5630870e7e4d <unknown>\n#10 0x5630870cdc51 <unknown>\n#11 0x5630870e8a2b <unknown>\n#12 0x5630870b4a20 <unknown>\n#13 0x563087109a78 <unknown>\n#14 0x563087109c49 <unknown>\n#15 0x56308711b4c3 <unknown>\n#16 0x7f996409caa4 <unknown>\n#17 0x7f9964129c6c <unknown>","time":{"start":1765800429144,"stop":1765800439394,"duration":10250}},{"uid":"ef4b7428a7c721b5","reportUrl":"https://Brain-up.github.io/auto-tests-python/773/#testresult/ef4b7428a7c721b5","status":"skipped","statusDetails":"XFAIL\n\nselenium.common.exceptions.TimeoutException: Message: Can't find element by locator ('xpath', '//a[text()=\"Упражнения\"]')\nStacktrace:\n#0 0x563fbad5316a <unknown>\n#1 0x563fba7d0c4b <unknown>\n#2 0x563fba822318 <unknown>\n#3 0x563fba822551 <unknown>\n#4 0x563fba870764 <unknown>\n#5 0x563fba86dbee <unknown>\n#6 0x563fba814c42 <unknown>\n#7 0x563fba8158f1 <unknown>\n#8 0x563fbad1bf09 <unknown>\n#9 0x563fbad1ee4d <unknown>\n#10 0x563fbad04c51 <unknown>\n#11 0x563fbad1fa2b <unknown>\n#12 0x563fbaceba20 <unknown>\n#13 0x563fbad40a78 <unknown>\n#14 0x563fbad40c49 <unknown>\n#15 0x563fbad524c3 <unknown>\n#16 0x7f1c14c9caa4 <unknown>\n#17 0x7f1c14d29c6c <unknown>","time":{"start":1765737459771,"stop":1765737470096,"duration":10325}},{"uid":"d7a97a62adfff8d","reportUrl":"https://Brain-up.github.io/auto-tests-python/772/#testresult/d7a97a62adfff8d","status":"skipped","statusDetails":"XFAIL\n\nselenium.common.exceptions.TimeoutException: Message: Can't find element by locator ('xpath', '//a[text()=\"Упражнения\"]')\nStacktrace:\n#0 0x556c1421d16a <unknown>\n#1 0x556c13c9ac4b <unknown>\n#2 0x556c13cec318 <unknown>\n#3 0x556c13cec551 <unknown>\n#4 0x556c13d3a764 <unknown>\n#5 0x556c13d37bee <unknown>\n#6 0x556c13cdec42 <unknown>\n#7 0x556c13cdf8f1 <unknown>\n#8 0x556c141e5f09 <unknown>\n#9 0x556c141e8e4d <unknown>\n#10 0x556c141cec51 <unknown>\n#11 0x556c141e9a2b <unknown>\n#12 0x556c141b5a20 <unknown>\n#13 0x556c1420aa78 <unknown>\n#14 0x556c1420ac49 <unknown>\n#15 0x556c1421c4c3 <unknown>\n#16 0x7f644649caa4 <unknown>\n#17 0x7f6446529c6c <unknown>","time":{"start":1765626991735,"stop":1765627002039,"duration":10304}},{"uid":"300b86621ae34626","reportUrl":"https://Brain-up.github.io/auto-tests-python/771/#testresult/300b86621ae34626","status":"skipped","statusDetails":"XFAIL\n\nselenium.common.exceptions.TimeoutException: Message: Can't find element by locator ('xpath', '//a[text()=\"Упражнения\"]')\nStacktrace:\n#0 0x55ecaf71316a <unknown>\n#1 0x55ecaf190c4b <unknown>\n#2 0x55ecaf1e2318 <unknown>\n#3 0x55ecaf1e2551 <unknown>\n#4 0x55ecaf230764 <unknown>\n#5 0x55ecaf22dbee <unknown>\n#6 0x55ecaf1d4c42 <unknown>\n#7 0x55ecaf1d58f1 <unknown>\n#8 0x55ecaf6dbf09 <unknown>\n#9 0x55ecaf6dee4d <unknown>\n#10 0x55ecaf6c4c51 <unknown>\n#11 0x55ecaf6dfa2b <unknown>\n#12 0x55ecaf6aba20 <unknown>\n#13 0x55ecaf700a78 <unknown>\n#14 0x55ecaf700c49 <unknown>\n#15 0x55ecaf7124c3 <unknown>\n#16 0x7f3e9da9caa4 <unknown>\n#17 0x7f3e9db29c6c <unknown>","time":{"start":1765530157360,"stop":1765530167685,"duration":10325}},{"uid":"7d6da5555d46137","reportUrl":"https://Brain-up.github.io/auto-tests-python/770/#testresult/7d6da5555d46137","status":"skipped","statusDetails":"XFAIL\n\nselenium.common.exceptions.TimeoutException: Message: Can't find element by locator ('xpath', '//a[text()=\"Упражнения\"]')\nStacktrace:\n#0 0x55b72687f16a <unknown>\n#1 0x55b7262fcc4b <unknown>\n#2 0x55b72634e318 <unknown>\n#3 0x55b72634e551 <unknown>\n#4 0x55b72639c764 <unknown>\n#5 0x55b726399bee <unknown>\n#6 0x55b726340c42 <unknown>\n#7 0x55b7263418f1 <unknown>\n#8 0x55b726847f09 <unknown>\n#9 0x55b72684ae4d <unknown>\n#10 0x55b726830c51 <unknown>\n#11 0x55b72684ba2b <unknown>\n#12 0x55b726817a20 <unknown>\n#13 0x55b72686ca78 <unknown>\n#14 0x55b72686cc49 <unknown>\n#15 0x55b72687e4c3 <unknown>\n#16 0x7fe0c609caa4 <unknown>\n#17 0x7fe0c6129c6c <unknown>","time":{"start":1765429276447,"stop":1765429286746,"duration":10299}}]},"tags":["@pytest.mark.xfail"]},"source":"d2c29a4f2dfe1bb7.json","parameterValues":[]}