{"uid":"7f11ce33f6e2a28a","name":"Solutions to a random task in the \"Слова\" group and comparison of statics.","fullName":"tests.test_speech_exercises_ru.TestCardsRU#test_solve_word_cards_with_statistic_ru","historyId":"0fb6881b2015244903bd7785af7503a6","time":{"start":1765627024083,"stop":1765627034409,"duration":10326},"status":"skipped","statusMessage":"XFAIL\n\nselenium.common.exceptions.TimeoutException: Message: Can't find element by locator ('xpath', '//div[@class=\"__51e19\"]')\nStacktrace:\n#0 0x55be49a6216a <unknown>\n#1 0x55be494dfc4b <unknown>\n#2 0x55be49531318 <unknown>\n#3 0x55be49531551 <unknown>\n#4 0x55be4957f764 <unknown>\n#5 0x55be4957cbee <unknown>\n#6 0x55be49523c42 <unknown>\n#7 0x55be495248f1 <unknown>\n#8 0x55be49a2af09 <unknown>\n#9 0x55be49a2de4d <unknown>\n#10 0x55be49a13c51 <unknown>\n#11 0x55be49a2ea2b <unknown>\n#12 0x55be499faa20 <unknown>\n#13 0x55be49a4fa78 <unknown>\n#14 0x55be49a4fc49 <unknown>\n#15 0x55be49a614c3 <unknown>\n#16 0x7fb4b669caa4 <unknown>\n#17 0x7fb4b6729c6c <unknown>","statusTrace":"self = <tests.test_speech_exercises_ru.TestCardsRU object at 0x7fa455f43230>\ndriver = <selenium.webdriver.chrome.webdriver.WebDriver (session=\"0e01583400d8d7e9df1f9b7cc099567b\")>\ndefault_user_authorized = None\n\n    @pytest.mark.xfail\n    @allure.suite(\"Речевые упражнения.\")\n    @allure.title('Solutions to a random task in the \"Слова\" group and comparison of statics.')\n    def test_solve_word_cards_with_statistic_ru(self, driver, default_user_authorized):\n        page = SpeechExercisesPageRU(driver)\n        page.click_button_ru()\n>       table = page.get_statistic_data()\n\ntests/test_speech_exercises_ru.py:165: \n_ _ _ _ _ _ _ _ _ _ _ _ _ _ _ _ _ _ _ _ _ _ _ _ _ _ _ _ _ _ _ _ _ _ _ _ _ _ _ _ \npages/speech_exercises_page_ru.py:174: in get_statistic_data\n    table = self.element_is_present(self.locators.AuthorizedUserHomePageLocators.STATISTIC_TABLE)\npages/base_page.py:32: in element_is_present\n    return Wait(self.driver, self.timeout).until(\n_ _ _ _ _ _ _ _ _ _ _ _ _ _ _ _ _ _ _ _ _ _ _ _ _ _ _ _ _ _ _ _ _ _ _ _ _ _ _ _ \n\nself = <selenium.webdriver.support.wait.WebDriverWait (session=\"0e01583400d8d7e9df1f9b7cc099567b\")>\nmethod = <function presence_of_element_located.<locals>._predicate at 0x7fa455ee67a0>\nmessage = 'Can\\'t find element by locator (\\'xpath\\', \\'//div[@class=\"__51e19\"]\\')'\n\n    def until(self, method, message: str = \"\"):\n        \"\"\"Calls the method provided with the driver as an argument until the \\\n        return value does not evaluate to ``False``.\n    \n        :param method: callable(WebDriver)\n        :param message: optional message for :exc:`TimeoutException`\n        :returns: the result of the last call to `method`\n        :raises: :exc:`selenium.common.exceptions.TimeoutException` if timeout occurs\n        \"\"\"\n        screen = None\n        stacktrace = None\n    \n        end_time = time.monotonic() + self._timeout\n        while True:\n            try:\n                value = method(self._driver)\n                if value:\n                    return value\n            except self._ignored_exceptions as exc:\n                screen = getattr(exc, \"screen\", None)\n                stacktrace = getattr(exc, \"stacktrace\", None)\n            time.sleep(self._poll)\n            if time.monotonic() > end_time:\n                break\n>       raise TimeoutException(message, screen, stacktrace)\nE       selenium.common.exceptions.TimeoutException: Message: Can't find element by locator ('xpath', '//div[@class=\"__51e19\"]')\nE       Stacktrace:\nE       #0 0x55be49a6216a <unknown>\nE       #1 0x55be494dfc4b <unknown>\nE       #2 0x55be49531318 <unknown>\nE       #3 0x55be49531551 <unknown>\nE       #4 0x55be4957f764 <unknown>\nE       #5 0x55be4957cbee <unknown>\nE       #6 0x55be49523c42 <unknown>\nE       #7 0x55be495248f1 <unknown>\nE       #8 0x55be49a2af09 <unknown>\nE       #9 0x55be49a2de4d <unknown>\nE       #10 0x55be49a13c51 <unknown>\nE       #11 0x55be49a2ea2b <unknown>\nE       #12 0x55be499faa20 <unknown>\nE       #13 0x55be49a4fa78 <unknown>\nE       #14 0x55be49a4fc49 <unknown>\nE       #15 0x55be49a614c3 <unknown>\nE       #16 0x7fb4b669caa4 <unknown>\nE       #17 0x7fb4b6729c6c <unknown>\n\n/opt/hostedtoolcache/Python/3.12.12/x64/lib/python3.12/site-packages/selenium/webdriver/support/wait.py:95: TimeoutException","flaky":false,"newFailed":false,"newBroken":false,"newPassed":false,"retriesCount":0,"retriesStatusChange":false,"beforeStages":[{"name":"clear_allure_results_folder","time":{"start":1765625824392,"stop":1765625824392,"duration":0},"status":"passed","steps":[],"attachments":[],"parameters":[],"stepsCount":0,"shouldDisplayMessage":false,"attachmentsCount":0,"hasContent":false,"attachmentStep":false},{"name":"driver","time":{"start":1765627018139,"stop":1765627018888,"duration":749},"status":"passed","steps":[],"attachments":[],"parameters":[],"stepsCount":0,"shouldDisplayMessage":false,"attachmentsCount":0,"hasContent":false,"attachmentStep":false},{"name":"main_page_open","time":{"start":1765627018888,"stop":1765627021681,"duration":2793},"status":"passed","steps":[{"name":"Open page: https://www.brainup.site/","time":{"start":1765627018888,"stop":1765627021681,"duration":2793},"status":"passed","steps":[],"attachments":[],"parameters":[{"name":"driver","value":"<selenium.webdriver.chrome.webdriver.WebDriver (session=\"0e01583400d8d7e9df1f9b7cc099567b\")>"}],"stepsCount":0,"shouldDisplayMessage":false,"attachmentsCount":0,"hasContent":true,"attachmentStep":false}],"attachments":[],"parameters":[],"stepsCount":1,"shouldDisplayMessage":false,"attachmentsCount":0,"hasContent":true,"attachmentStep":false},{"name":"default_user_authorized","time":{"start":1765627021681,"stop":1765627024082,"duration":2401},"status":"passed","steps":[{"name":"DEFAULT user authorized","time":{"start":1765627021681,"stop":1765627024082,"duration":2401},"status":"passed","steps":[{"name":"Check url is present: https://www.brainup.site/groups","time":{"start":1765627022042,"stop":1765627024060,"duration":2018},"status":"passed","steps":[],"attachments":[],"parameters":[],"stepsCount":0,"shouldDisplayMessage":false,"attachmentsCount":0,"hasContent":false,"attachmentStep":false},{"name":"Loader checking","time":{"start":1765627024060,"stop":1765627024082,"duration":22},"status":"passed","steps":[],"attachments":[],"parameters":[],"stepsCount":0,"shouldDisplayMessage":false,"attachmentsCount":0,"hasContent":false,"attachmentStep":false}],"attachments":[],"parameters":[{"name":"driver","value":"<selenium.webdriver.chrome.webdriver.WebDriver (session=\"0e01583400d8d7e9df1f9b7cc099567b\")>"},{"name":"main_page_open","value":"None"}],"stepsCount":2,"shouldDisplayMessage":false,"attachmentsCount":0,"hasContent":true,"attachmentStep":false}],"attachments":[],"parameters":[],"stepsCount":3,"shouldDisplayMessage":false,"attachmentsCount":0,"hasContent":true,"attachmentStep":false}],"testStage":{"status":"skipped","statusMessage":"XFAIL\n\nselenium.common.exceptions.TimeoutException: Message: Can't find element by locator ('xpath', '//div[@class=\"__51e19\"]')\nStacktrace:\n#0 0x55be49a6216a <unknown>\n#1 0x55be494dfc4b <unknown>\n#2 0x55be49531318 <unknown>\n#3 0x55be49531551 <unknown>\n#4 0x55be4957f764 <unknown>\n#5 0x55be4957cbee <unknown>\n#6 0x55be49523c42 <unknown>\n#7 0x55be495248f1 <unknown>\n#8 0x55be49a2af09 <unknown>\n#9 0x55be49a2de4d <unknown>\n#10 0x55be49a13c51 <unknown>\n#11 0x55be49a2ea2b <unknown>\n#12 0x55be499faa20 <unknown>\n#13 0x55be49a4fa78 <unknown>\n#14 0x55be49a4fc49 <unknown>\n#15 0x55be49a614c3 <unknown>\n#16 0x7fb4b669caa4 <unknown>\n#17 0x7fb4b6729c6c <unknown>","statusTrace":"self = <tests.test_speech_exercises_ru.TestCardsRU object at 0x7fa455f43230>\ndriver = <selenium.webdriver.chrome.webdriver.WebDriver (session=\"0e01583400d8d7e9df1f9b7cc099567b\")>\ndefault_user_authorized = None\n\n    @pytest.mark.xfail\n    @allure.suite(\"Речевые упражнения.\")\n    @allure.title('Solutions to a random task in the \"Слова\" group and comparison of statics.')\n    def test_solve_word_cards_with_statistic_ru(self, driver, default_user_authorized):\n        page = SpeechExercisesPageRU(driver)\n        page.click_button_ru()\n>       table = page.get_statistic_data()\n\ntests/test_speech_exercises_ru.py:165: \n_ _ _ _ _ _ _ _ _ _ _ _ _ _ _ _ _ _ _ _ _ _ _ _ _ _ _ _ _ _ _ _ _ _ _ _ _ _ _ _ \npages/speech_exercises_page_ru.py:174: in get_statistic_data\n    table = self.element_is_present(self.locators.AuthorizedUserHomePageLocators.STATISTIC_TABLE)\npages/base_page.py:32: in element_is_present\n    return Wait(self.driver, self.timeout).until(\n_ _ _ _ _ _ _ _ _ _ _ _ _ _ _ _ _ _ _ _ _ _ _ _ _ _ _ _ _ _ _ _ _ _ _ _ _ _ _ _ \n\nself = <selenium.webdriver.support.wait.WebDriverWait (session=\"0e01583400d8d7e9df1f9b7cc099567b\")>\nmethod = <function presence_of_element_located.<locals>._predicate at 0x7fa455ee67a0>\nmessage = 'Can\\'t find element by locator (\\'xpath\\', \\'//div[@class=\"__51e19\"]\\')'\n\n    def until(self, method, message: str = \"\"):\n        \"\"\"Calls the method provided with the driver as an argument until the \\\n        return value does not evaluate to ``False``.\n    \n        :param method: callable(WebDriver)\n        :param message: optional message for :exc:`TimeoutException`\n        :returns: the result of the last call to `method`\n        :raises: :exc:`selenium.common.exceptions.TimeoutException` if timeout occurs\n        \"\"\"\n        screen = None\n        stacktrace = None\n    \n        end_time = time.monotonic() + self._timeout\n        while True:\n            try:\n                value = method(self._driver)\n                if value:\n                    return value\n            except self._ignored_exceptions as exc:\n                screen = getattr(exc, \"screen\", None)\n                stacktrace = getattr(exc, \"stacktrace\", None)\n            time.sleep(self._poll)\n            if time.monotonic() > end_time:\n                break\n>       raise TimeoutException(message, screen, stacktrace)\nE       selenium.common.exceptions.TimeoutException: Message: Can't find element by locator ('xpath', '//div[@class=\"__51e19\"]')\nE       Stacktrace:\nE       #0 0x55be49a6216a <unknown>\nE       #1 0x55be494dfc4b <unknown>\nE       #2 0x55be49531318 <unknown>\nE       #3 0x55be49531551 <unknown>\nE       #4 0x55be4957f764 <unknown>\nE       #5 0x55be4957cbee <unknown>\nE       #6 0x55be49523c42 <unknown>\nE       #7 0x55be495248f1 <unknown>\nE       #8 0x55be49a2af09 <unknown>\nE       #9 0x55be49a2de4d <unknown>\nE       #10 0x55be49a13c51 <unknown>\nE       #11 0x55be49a2ea2b <unknown>\nE       #12 0x55be499faa20 <unknown>\nE       #13 0x55be49a4fa78 <unknown>\nE       #14 0x55be49a4fc49 <unknown>\nE       #15 0x55be49a614c3 <unknown>\nE       #16 0x7fb4b669caa4 <unknown>\nE       #17 0x7fb4b6729c6c <unknown>\n\n/opt/hostedtoolcache/Python/3.12.12/x64/lib/python3.12/site-packages/selenium/webdriver/support/wait.py:95: TimeoutException","steps":[{"name":"click_button RU","time":{"start":1765627024083,"stop":1765627024152,"duration":69},"status":"passed","steps":[{"name":"Click button \"RU\".","time":{"start":1765627024083,"stop":1765627024152,"duration":69},"status":"passed","steps":[],"attachments":[],"parameters":[],"stepsCount":0,"shouldDisplayMessage":false,"attachmentsCount":0,"hasContent":false,"attachmentStep":false}],"attachments":[],"parameters":[],"stepsCount":1,"shouldDisplayMessage":false,"attachmentsCount":0,"hasContent":true,"attachmentStep":false},{"name":"get_statistic_data","time":{"start":1765627024152,"stop":1765627034409,"duration":10257},"status":"broken","statusMessage":"selenium.common.exceptions.TimeoutException: Message: Can't find element by locator ('xpath', '//div[@class=\"__51e19\"]')\nStacktrace:\n#0 0x55be49a6216a <unknown>\n#1 0x55be494dfc4b <unknown>\n#2 0x55be49531318 <unknown>\n#3 0x55be49531551 <unknown>\n#4 0x55be4957f764 <unknown>\n#5 0x55be4957cbee <unknown>\n#6 0x55be49523c42 <unknown>\n#7 0x55be495248f1 <unknown>\n#8 0x55be49a2af09 <unknown>\n#9 0x55be49a2de4d <unknown>\n#10 0x55be49a13c51 <unknown>\n#11 0x55be49a2ea2b <unknown>\n#12 0x55be499faa20 <unknown>\n#13 0x55be49a4fa78 <unknown>\n#14 0x55be49a4fc49 <unknown>\n#15 0x55be49a614c3 <unknown>\n#16 0x7fb4b669caa4 <unknown>\n#17 0x7fb4b6729c6c <unknown>\n\n","statusTrace":"  File \"/opt/hostedtoolcache/Python/3.12.12/x64/lib/python3.12/site-packages/allure_commons/_allure.py\", line 192, in impl\n    return func(*a, **kw)\n           ^^^^^^^^^^^^^^\n  File \"/home/runner/work/auto-tests-python/auto-tests-python/pages/speech_exercises_page_ru.py\", line 174, in get_statistic_data\n    table = self.element_is_present(self.locators.AuthorizedUserHomePageLocators.STATISTIC_TABLE)\n            ^^^^^^^^^^^^^^^^^^^^^^^^^^^^^^^^^^^^^^^^^^^^^^^^^^^^^^^^^^^^^^^^^^^^^^^^^^^^^^^^^^^^^\n  File \"/home/runner/work/auto-tests-python/auto-tests-python/pages/base_page.py\", line 32, in element_is_present\n    return Wait(self.driver, self.timeout).until(\n           ^^^^^^^^^^^^^^^^^^^^^^^^^^^^^^^^^^^^^^\n  File \"/opt/hostedtoolcache/Python/3.12.12/x64/lib/python3.12/site-packages/selenium/webdriver/support/wait.py\", line 95, in until\n    raise TimeoutException(message, screen, stacktrace)\n","steps":[{"name":"Click button \"Статистика\"\".","time":{"start":1765627024152,"stop":1765627024220,"duration":68},"status":"passed","steps":[],"attachments":[],"parameters":[],"stepsCount":0,"shouldDisplayMessage":false,"attachmentsCount":0,"hasContent":false,"attachmentStep":false},{"name":"Check statistic table is present and scroll to table","time":{"start":1765627024220,"stop":1765627034409,"duration":10189},"status":"broken","statusMessage":"selenium.common.exceptions.TimeoutException: Message: Can't find element by locator ('xpath', '//div[@class=\"__51e19\"]')\nStacktrace:\n#0 0x55be49a6216a <unknown>\n#1 0x55be494dfc4b <unknown>\n#2 0x55be49531318 <unknown>\n#3 0x55be49531551 <unknown>\n#4 0x55be4957f764 <unknown>\n#5 0x55be4957cbee <unknown>\n#6 0x55be49523c42 <unknown>\n#7 0x55be495248f1 <unknown>\n#8 0x55be49a2af09 <unknown>\n#9 0x55be49a2de4d <unknown>\n#10 0x55be49a13c51 <unknown>\n#11 0x55be49a2ea2b <unknown>\n#12 0x55be499faa20 <unknown>\n#13 0x55be49a4fa78 <unknown>\n#14 0x55be49a4fc49 <unknown>\n#15 0x55be49a614c3 <unknown>\n#16 0x7fb4b669caa4 <unknown>\n#17 0x7fb4b6729c6c <unknown>\n\n","statusTrace":"  File \"/home/runner/work/auto-tests-python/auto-tests-python/pages/speech_exercises_page_ru.py\", line 174, in get_statistic_data\n    table = self.element_is_present(self.locators.AuthorizedUserHomePageLocators.STATISTIC_TABLE)\n            ^^^^^^^^^^^^^^^^^^^^^^^^^^^^^^^^^^^^^^^^^^^^^^^^^^^^^^^^^^^^^^^^^^^^^^^^^^^^^^^^^^^^^\n  File \"/home/runner/work/auto-tests-python/auto-tests-python/pages/base_page.py\", line 32, in element_is_present\n    return Wait(self.driver, self.timeout).until(\n           ^^^^^^^^^^^^^^^^^^^^^^^^^^^^^^^^^^^^^^\n  File \"/opt/hostedtoolcache/Python/3.12.12/x64/lib/python3.12/site-packages/selenium/webdriver/support/wait.py\", line 95, in until\n    raise TimeoutException(message, screen, stacktrace)\n","steps":[],"attachments":[],"parameters":[],"stepsCount":0,"shouldDisplayMessage":true,"attachmentsCount":0,"hasContent":true,"attachmentStep":false}],"attachments":[],"parameters":[],"stepsCount":2,"shouldDisplayMessage":false,"attachmentsCount":0,"hasContent":true,"attachmentStep":false}],"attachments":[],"parameters":[],"stepsCount":5,"shouldDisplayMessage":true,"attachmentsCount":0,"hasContent":true,"attachmentStep":false},"afterStages":[{"name":"driver::0","time":{"start":1765627034423,"stop":1765627034492,"duration":69},"status":"passed","steps":[],"attachments":[],"parameters":[],"stepsCount":0,"shouldDisplayMessage":false,"attachmentsCount":0,"hasContent":false,"attachmentStep":false}],"labels":[{"name":"suite","value":"Речевые упражнения."},{"name":"epic","value":"Speech exercises."},{"name":"tag","value":"@pytest.mark.xfail"},{"name":"parentSuite","value":"tests"},{"name":"subSuite","value":"TestCardsRU"},{"name":"host","value":"runnervm6qbrg"},{"name":"thread","value":"2624-MainThread"},{"name":"framework","value":"pytest"},{"name":"language","value":"cpython3"},{"name":"package","value":"tests.test_speech_exercises_ru"},{"name":"resultFormat","value":"allure2"}],"parameters":[],"links":[],"hidden":false,"retry":false,"extra":{"severity":"normal","retries":[],"categories":[],"history":{"statistic":{"failed":0,"broken":0,"skipped":38,"passed":0,"unknown":0,"total":38},"items":[{"uid":"a1ca26b4ca2322dc","reportUrl":"https://Brain-up.github.io/auto-tests-python/771/#testresult/a1ca26b4ca2322dc","status":"skipped","statusDetails":"XFAIL\n\nselenium.common.exceptions.TimeoutException: Message: Can't find element by locator ('xpath', '//div[@class=\"__51e19\"]')\nStacktrace:\n#0 0x55746a9fd16a <unknown>\n#1 0x55746a47ac4b <unknown>\n#2 0x55746a4cc318 <unknown>\n#3 0x55746a4cc551 <unknown>\n#4 0x55746a51a764 <unknown>\n#5 0x55746a517bee <unknown>\n#6 0x55746a4bec42 <unknown>\n#7 0x55746a4bf8f1 <unknown>\n#8 0x55746a9c5f09 <unknown>\n#9 0x55746a9c8e4d <unknown>\n#10 0x55746a9aec51 <unknown>\n#11 0x55746a9c9a2b <unknown>\n#12 0x55746a995a20 <unknown>\n#13 0x55746a9eaa78 <unknown>\n#14 0x55746a9eac49 <unknown>\n#15 0x55746a9fc4c3 <unknown>\n#16 0x7f243569caa4 <unknown>\n#17 0x7f2435729c6c <unknown>","time":{"start":1765530190095,"stop":1765530200443,"duration":10348}},{"uid":"eb8551674d55d7ae","reportUrl":"https://Brain-up.github.io/auto-tests-python/770/#testresult/eb8551674d55d7ae","status":"skipped","statusDetails":"XFAIL\n\nselenium.common.exceptions.TimeoutException: Message: Can't find element by locator ('xpath', '//div[@class=\"__51e19\"]')\nStacktrace:\n#0 0x561e435cb16a <unknown>\n#1 0x561e43048c4b <unknown>\n#2 0x561e4309a318 <unknown>\n#3 0x561e4309a551 <unknown>\n#4 0x561e430e8764 <unknown>\n#5 0x561e430e5bee <unknown>\n#6 0x561e4308cc42 <unknown>\n#7 0x561e4308d8f1 <unknown>\n#8 0x561e43593f09 <unknown>\n#9 0x561e43596e4d <unknown>\n#10 0x561e4357cc51 <unknown>\n#11 0x561e43597a2b <unknown>\n#12 0x561e43563a20 <unknown>\n#13 0x561e435b8a78 <unknown>\n#14 0x561e435b8c49 <unknown>\n#15 0x561e435ca4c3 <unknown>\n#16 0x7fe43509caa4 <unknown>\n#17 0x7fe435129c6c <unknown>","time":{"start":1765429308448,"stop":1765429318775,"duration":10327}},{"uid":"58cfe66cbda9c46","reportUrl":"https://Brain-up.github.io/auto-tests-python/769/#testresult/58cfe66cbda9c46","status":"skipped","statusDetails":"XFAIL\n\nselenium.common.exceptions.TimeoutException: Message: Can't find element by locator ('xpath', '//div[@class=\"__51e19\"]')\nStacktrace:\n#0 0x56035ac314ca <unknown>\n#1 0x56035a67fe4b <unknown>\n#2 0x56035a6d2814 <unknown>\n#3 0x56035a6d2a51 <unknown>\n#4 0x56035a721a44 <unknown>\n#5 0x56035a71edf7 <unknown>\n#6 0x56035a6c4c2a <unknown>\n#7 0x56035a6c5931 <unknown>\n#8 0x56035abf7cf9 <unknown>\n#9 0x56035abfacdc <unknown>\n#10 0x56035abe0f79 <unknown>\n#11 0x56035abfb8b5 <unknown>\n#12 0x56035abc89c3 <unknown>\n#13 0x56035ac1e228 <unknown>\n#14 0x56035ac1e403 <unknown>\n#15 0x56035ac30463 <unknown>\n#16 0x7f42f749caa4 <unknown>\n#17 0x7f42f7529c6c <unknown>","time":{"start":1765132004335,"stop":1765132014654,"duration":10319}},{"uid":"7ea9878b0d28c2ae","reportUrl":"https://Brain-up.github.io/auto-tests-python/768/#testresult/7ea9878b0d28c2ae","status":"skipped","statusDetails":"XFAIL\n\nselenium.common.exceptions.TimeoutException: Message: Can't find element by locator ('xpath', '//div[@class=\"__51e19\"]')\nStacktrace:\n#0 0x556e1c1644ca <unknown>\n#1 0x556e1bbb2e4b <unknown>\n#2 0x556e1bc05814 <unknown>\n#3 0x556e1bc05a51 <unknown>\n#4 0x556e1bc54a44 <unknown>\n#5 0x556e1bc51df7 <unknown>\n#6 0x556e1bbf7c2a <unknown>\n#7 0x556e1bbf8931 <unknown>\n#8 0x556e1c12acf9 <unknown>\n#9 0x556e1c12dcdc <unknown>\n#10 0x556e1c113f79 <unknown>\n#11 0x556e1c12e8b5 <unknown>\n#12 0x556e1c0fb9c3 <unknown>\n#13 0x556e1c151228 <unknown>\n#14 0x556e1c151403 <unknown>\n#15 0x556e1c163463 <unknown>\n#16 0x7f8e62c9caa4 <unknown>\n#17 0x7f8e62d29c6c <unknown>","time":{"start":1765023606209,"stop":1765023616567,"duration":10358}},{"uid":"5bc5c88f843082f6","reportUrl":"https://Brain-up.github.io/auto-tests-python/767/#testresult/5bc5c88f843082f6","status":"skipped","statusDetails":"XFAIL\n\nselenium.common.exceptions.TimeoutException: Message: Can't find element by locator ('xpath', '//div[@class=\"__51e19\"]')\nStacktrace:\n#0 0x5592a2b1a4ca <unknown>\n#1 0x5592a2568e4b <unknown>\n#2 0x5592a25bb814 <unknown>\n#3 0x5592a25bba51 <unknown>\n#4 0x5592a260aa44 <unknown>\n#5 0x5592a2607df7 <unknown>\n#6 0x5592a25adc2a <unknown>\n#7 0x5592a25ae931 <unknown>\n#8 0x5592a2ae0cf9 <unknown>\n#9 0x5592a2ae3cdc <unknown>\n#10 0x5592a2ac9f79 <unknown>\n#11 0x5592a2ae48b5 <unknown>\n#12 0x5592a2ab19c3 <unknown>\n#13 0x5592a2b07228 <unknown>\n#14 0x5592a2b07403 <unknown>\n#15 0x5592a2b19463 <unknown>\n#16 0x7fed8a29caa4 <unknown>\n#17 0x7fed8a329c6c <unknown>","time":{"start":1764842786921,"stop":1764842797282,"duration":10361}},{"uid":"a34df43fa23edbe6","reportUrl":"https://Brain-up.github.io/auto-tests-python/766/#testresult/a34df43fa23edbe6","status":"skipped","statusDetails":"XFAIL\n\nselenium.common.exceptions.TimeoutException: Message: Can't find element by locator ('xpath', '//div[@class=\"__51e19\"]')\nStacktrace:\n#0 0x55eb425c04ca <unknown>\n#1 0x55eb4200ee4b <unknown>\n#2 0x55eb42061814 <unknown>\n#3 0x55eb42061a51 <unknown>\n#4 0x55eb420b0a44 <unknown>\n#5 0x55eb420addf7 <unknown>\n#6 0x55eb42053c2a <unknown>\n#7 0x55eb42054931 <unknown>\n#8 0x55eb42586cf9 <unknown>\n#9 0x55eb42589cdc <unknown>\n#10 0x55eb4256ff79 <unknown>\n#11 0x55eb4258a8b5 <unknown>\n#12 0x55eb425579c3 <unknown>\n#13 0x55eb425ad228 <unknown>\n#14 0x55eb425ad403 <unknown>\n#15 0x55eb425bf463 <unknown>\n#16 0x7f1fc4c9caa4 <unknown>\n#17 0x7f1fc4d29c6c <unknown>","time":{"start":1764760324728,"stop":1764760335085,"duration":10357}},{"uid":"b02f52229c2c9b12","reportUrl":"https://Brain-up.github.io/auto-tests-python/765/#testresult/b02f52229c2c9b12","status":"skipped","statusDetails":"XFAIL\n\nselenium.common.exceptions.TimeoutException: Message: Can't find element by locator ('xpath', '//div[@class=\"__51e19\"]')\nStacktrace:\n#0 0x55ed675cd32a <unknown>\n#1 0x55ed67019e4b <unknown>\n#2 0x55ed6706c82b <unknown>\n#3 0x55ed6706ca61 <unknown>\n#4 0x55ed670bba44 <unknown>\n#5 0x55ed670b8df7 <unknown>\n#6 0x55ed6705ec1a <unknown>\n#7 0x55ed6705f921 <unknown>\n#8 0x55ed67594239 <unknown>\n#9 0x55ed675971e8 <unknown>\n#10 0x55ed6757d4c9 <unknown>\n#11 0x55ed67597db5 <unknown>\n#12 0x55ed67564e93 <unknown>\n#13 0x55ed675ba098 <unknown>\n#14 0x55ed675ba273 <unknown>\n#15 0x55ed675cc2c3 <unknown>\n#16 0x7fbb2a49caa4 <unknown>\n#17 0x7fbb2a529c6c <unknown>","time":{"start":1764674795704,"stop":1764674806059,"duration":10355}},{"uid":"ec6884381b7ddf4","reportUrl":"https://Brain-up.github.io/auto-tests-python/764/#testresult/ec6884381b7ddf4","status":"skipped","statusDetails":"XFAIL\n\nselenium.common.exceptions.TimeoutException: Message: Can't find element by locator ('xpath', '//div[@class=\"__51e19\"]')\nStacktrace:\n#0 0x55fd88f8d32a <unknown>\n#1 0x55fd889d9e4b <unknown>\n#2 0x55fd88a2c82b <unknown>\n#3 0x55fd88a2ca61 <unknown>\n#4 0x55fd88a7ba44 <unknown>\n#5 0x55fd88a78df7 <unknown>\n#6 0x55fd88a1ec1a <unknown>\n#7 0x55fd88a1f921 <unknown>\n#8 0x55fd88f54239 <unknown>\n#9 0x55fd88f571e8 <unknown>\n#10 0x55fd88f3d4c9 <unknown>\n#11 0x55fd88f57db5 <unknown>\n#12 0x55fd88f24e93 <unknown>\n#13 0x55fd88f7a098 <unknown>\n#14 0x55fd88f7a273 <unknown>\n#15 0x55fd88f8c2c3 <unknown>\n#16 0x7f28c0e9caa4 <unknown>\n#17 0x7f28c0f29c6c <unknown>","time":{"start":1764588661159,"stop":1764588671510,"duration":10351}},{"uid":"289e4c7459eba05","reportUrl":"https://Brain-up.github.io/auto-tests-python/763/#testresult/289e4c7459eba05","status":"skipped","statusDetails":"XFAIL\n\nselenium.common.exceptions.TimeoutException: Message: Can't find element by locator ('xpath', '//div[@class=\"__51e19\"]')\nStacktrace:\n#0 0x55b32f7a832a <unknown>\n#1 0x55b32f1f4e4b <unknown>\n#2 0x55b32f24782b <unknown>\n#3 0x55b32f247a61 <unknown>\n#4 0x55b32f296a44 <unknown>\n#5 0x55b32f293df7 <unknown>\n#6 0x55b32f239c1a <unknown>\n#7 0x55b32f23a921 <unknown>\n#8 0x55b32f76f239 <unknown>\n#9 0x55b32f7721e8 <unknown>\n#10 0x55b32f7584c9 <unknown>\n#11 0x55b32f772db5 <unknown>\n#12 0x55b32f73fe93 <unknown>\n#13 0x55b32f795098 <unknown>\n#14 0x55b32f795273 <unknown>\n#15 0x55b32f7a72c3 <unknown>\n#16 0x7f454449caa4 <unknown>\n#17 0x7f4544529c6c <unknown>","time":{"start":1764490299179,"stop":1764490309552,"duration":10373}},{"uid":"c610692fc3897ce9","reportUrl":"https://Brain-up.github.io/auto-tests-python/762/#testresult/c610692fc3897ce9","status":"skipped","statusDetails":"XFAIL\n\nselenium.common.exceptions.TimeoutException: Message: Can't find element by locator ('xpath', '//div[@class=\"__51e19\"]')\nStacktrace:\n#0 0x560ab6f1732a <unknown>\n#1 0x560ab6963e4b <unknown>\n#2 0x560ab69b682b <unknown>\n#3 0x560ab69b6a61 <unknown>\n#4 0x560ab6a05a44 <unknown>\n#5 0x560ab6a02df7 <unknown>\n#6 0x560ab69a8c1a <unknown>\n#7 0x560ab69a9921 <unknown>\n#8 0x560ab6ede239 <unknown>\n#9 0x560ab6ee11e8 <unknown>\n#10 0x560ab6ec74c9 <unknown>\n#11 0x560ab6ee1db5 <unknown>\n#12 0x560ab6eaee93 <unknown>\n#13 0x560ab6f04098 <unknown>\n#14 0x560ab6f04273 <unknown>\n#15 0x560ab6f162c3 <unknown>\n#16 0x7f647109caa4 <unknown>\n#17 0x7f6471129c6c <unknown>","time":{"start":1764423003011,"stop":1764423013385,"duration":10374}},{"uid":"6a9f506339023fc4","reportUrl":"https://Brain-up.github.io/auto-tests-python/761/#testresult/6a9f506339023fc4","status":"skipped","statusDetails":"XFAIL\n\nselenium.common.exceptions.TimeoutException: Message: Can't find element by locator ('xpath', '//div[@class=\"__51e19\"]')\nStacktrace:\n#0 0x55c35eeb732a <unknown>\n#1 0x55c35e903e4b <unknown>\n#2 0x55c35e95682b <unknown>\n#3 0x55c35e956a61 <unknown>\n#4 0x55c35e9a5a44 <unknown>\n#5 0x55c35e9a2df7 <unknown>\n#6 0x55c35e948c1a <unknown>\n#7 0x55c35e949921 <unknown>\n#8 0x55c35ee7e239 <unknown>\n#9 0x55c35ee811e8 <unknown>\n#10 0x55c35ee674c9 <unknown>\n#11 0x55c35ee81db5 <unknown>\n#12 0x55c35ee4ee93 <unknown>\n#13 0x55c35eea4098 <unknown>\n#14 0x55c35eea4273 <unknown>\n#15 0x55c35eeb62c3 <unknown>\n#16 0x7fd6efa9caa4 <unknown>\n#17 0x7fd6efb29c6c <unknown>","time":{"start":1764329584291,"stop":1764329594646,"duration":10355}},{"uid":"182b700921b297e3","reportUrl":"https://Brain-up.github.io/auto-tests-python/760/#testresult/182b700921b297e3","status":"skipped","statusDetails":"XFAIL\n\nselenium.common.exceptions.TimeoutException: Message: Can't find element by locator ('xpath', '//div[@class=\"__51e19\"]')\nStacktrace:\n#0 0x55ea472a832a <unknown>\n#1 0x55ea46cf4e4b <unknown>\n#2 0x55ea46d4782b <unknown>\n#3 0x55ea46d47a61 <unknown>\n#4 0x55ea46d96a44 <unknown>\n#5 0x55ea46d93df7 <unknown>\n#6 0x55ea46d39c1a <unknown>\n#7 0x55ea46d3a921 <unknown>\n#8 0x55ea4726f239 <unknown>\n#9 0x55ea472721e8 <unknown>\n#10 0x55ea472584c9 <unknown>\n#11 0x55ea47272db5 <unknown>\n#12 0x55ea4723fe93 <unknown>\n#13 0x55ea47295098 <unknown>\n#14 0x55ea47295273 <unknown>\n#15 0x55ea472a72c3 <unknown>\n#16 0x7f58e089caa4 <unknown>\n#17 0x7f58e0929c6c <unknown>","time":{"start":1764258289340,"stop":1764258299669,"duration":10329}},{"uid":"6c049fc765d41c4b","reportUrl":"https://Brain-up.github.io/auto-tests-python/759/#testresult/6c049fc765d41c4b","status":"skipped","statusDetails":"XFAIL\n\nKeyError: 0","time":{"start":1764069914112,"stop":1764069920182,"duration":6070}},{"uid":"6d62e992fda0bee3","reportUrl":"https://Brain-up.github.io/auto-tests-python/758/#testresult/6d62e992fda0bee3","status":"skipped","statusDetails":"XFAIL\n\nselenium.common.exceptions.TimeoutException: Message: Can't find element by locator ('xpath', '//div[@class=\"__51e19\"]')\nStacktrace:\n#0 0x55b8a744732a <unknown>\n#1 0x55b8a6e93e4b <unknown>\n#2 0x55b8a6ee682b <unknown>\n#3 0x55b8a6ee6a61 <unknown>\n#4 0x55b8a6f35a44 <unknown>\n#5 0x55b8a6f32df7 <unknown>\n#6 0x55b8a6ed8c1a <unknown>\n#7 0x55b8a6ed9921 <unknown>\n#8 0x55b8a740e239 <unknown>\n#9 0x55b8a74111e8 <unknown>\n#10 0x55b8a73f74c9 <unknown>\n#11 0x55b8a7411db5 <unknown>\n#12 0x55b8a73dee93 <unknown>\n#13 0x55b8a7434098 <unknown>\n#14 0x55b8a7434273 <unknown>\n#15 0x55b8a74462c3 <unknown>\n#16 0x7fc99249caa4 <unknown>\n#17 0x7fc992529c6c <unknown>","time":{"start":1764011731302,"stop":1764011741735,"duration":10433}},{"uid":"85050dc5b0ff4870","reportUrl":"https://Brain-up.github.io/auto-tests-python/757/#testresult/85050dc5b0ff4870","status":"skipped","statusDetails":"XFAIL\n\nselenium.common.exceptions.TimeoutException: Message: Can't find element by locator ('xpath', '//div[@class=\"__51e19\"]')\nStacktrace:\n#0 0x56155794432a <unknown>\n#1 0x561557390e4b <unknown>\n#2 0x5615573e382b <unknown>\n#3 0x5615573e3a61 <unknown>\n#4 0x561557432a44 <unknown>\n#5 0x56155742fdf7 <unknown>\n#6 0x5615573d5c1a <unknown>\n#7 0x5615573d6921 <unknown>\n#8 0x56155790b239 <unknown>\n#9 0x56155790e1e8 <unknown>\n#10 0x5615578f44c9 <unknown>\n#11 0x56155790edb5 <unknown>\n#12 0x5615578dbe93 <unknown>\n#13 0x561557931098 <unknown>\n#14 0x561557931273 <unknown>\n#15 0x5615579432c3 <unknown>\n#16 0x7f7b5849caa4 <unknown>\n#17 0x7f7b58529c6c <unknown>","time":{"start":1763904306449,"stop":1763904316731,"duration":10282}},{"uid":"9e722fb529105448","reportUrl":"https://Brain-up.github.io/auto-tests-python/756/#testresult/9e722fb529105448","status":"skipped","statusDetails":"XFAIL\n\nselenium.common.exceptions.TimeoutException: Message: Can't find element by locator ('xpath', '//div[@class=\"__51e19\"]')\nStacktrace:\n#0 0x564cc469b32a <unknown>\n#1 0x564cc40e7e4b <unknown>\n#2 0x564cc413a82b <unknown>\n#3 0x564cc413aa61 <unknown>\n#4 0x564cc4189a44 <unknown>\n#5 0x564cc4186df7 <unknown>\n#6 0x564cc412cc1a <unknown>\n#7 0x564cc412d921 <unknown>\n#8 0x564cc4662239 <unknown>\n#9 0x564cc46651e8 <unknown>\n#10 0x564cc464b4c9 <unknown>\n#11 0x564cc4665db5 <unknown>\n#12 0x564cc4632e93 <unknown>\n#13 0x564cc4688098 <unknown>\n#14 0x564cc4688273 <unknown>\n#15 0x564cc469a2c3 <unknown>\n#16 0x7fd8ecc9caa4 <unknown>\n#17 0x7fd8ecd29c6c <unknown>","time":{"start":1763826162671,"stop":1763826173057,"duration":10386}},{"uid":"9a06963c3d317360","reportUrl":"https://Brain-up.github.io/auto-tests-python/755/#testresult/9a06963c3d317360","status":"skipped","statusDetails":"XFAIL\n\nselenium.common.exceptions.TimeoutException: Message: Can't find element by locator ('xpath', '//div[@class=\"__51e19\"]')\nStacktrace:\n#0 0x55ada77d732a <unknown>\n#1 0x55ada7223e4b <unknown>\n#2 0x55ada727682b <unknown>\n#3 0x55ada7276a61 <unknown>\n#4 0x55ada72c5a44 <unknown>\n#5 0x55ada72c2df7 <unknown>\n#6 0x55ada7268c1a <unknown>\n#7 0x55ada7269921 <unknown>\n#8 0x55ada779e239 <unknown>\n#9 0x55ada77a11e8 <unknown>\n#10 0x55ada77874c9 <unknown>\n#11 0x55ada77a1db5 <unknown>\n#12 0x55ada776ee93 <unknown>\n#13 0x55ada77c4098 <unknown>\n#14 0x55ada77c4273 <unknown>\n#15 0x55ada77d62c3 <unknown>\n#16 0x7ff7d8a9caa4 <unknown>\n#17 0x7ff7d8b29c6c <unknown>","time":{"start":1763700839863,"stop":1763700850225,"duration":10362}},{"uid":"bcbce69562c78a00","reportUrl":"https://Brain-up.github.io/auto-tests-python/754/#testresult/bcbce69562c78a00","status":"skipped","statusDetails":"XFAIL\n\nselenium.common.exceptions.TimeoutException: Message: Can't find element by locator ('xpath', '//div[@class=\"__51e19\"]')\nStacktrace:\n#0 0x557bdd65432a <unknown>\n#1 0x557bdd0a0e4b <unknown>\n#2 0x557bdd0f382b <unknown>\n#3 0x557bdd0f3a61 <unknown>\n#4 0x557bdd142a44 <unknown>\n#5 0x557bdd13fdf7 <unknown>\n#6 0x557bdd0e5c1a <unknown>\n#7 0x557bdd0e6921 <unknown>\n#8 0x557bdd61b239 <unknown>\n#9 0x557bdd61e1e8 <unknown>\n#10 0x557bdd6044c9 <unknown>\n#11 0x557bdd61edb5 <unknown>\n#12 0x557bdd5ebe93 <unknown>\n#13 0x557bdd641098 <unknown>\n#14 0x557bdd641273 <unknown>\n#15 0x557bdd6532c3 <unknown>\n#16 0x7fba3929caa4 <unknown>\n#17 0x7fba39329c6c <unknown>","time":{"start":1763644232132,"stop":1763644242482,"duration":10350}},{"uid":"3701134f5650eb24","reportUrl":"https://Brain-up.github.io/auto-tests-python/753/#testresult/3701134f5650eb24","status":"skipped","statusDetails":"XFAIL\n\nselenium.common.exceptions.TimeoutException: Message: Can't find element by locator ('xpath', '//div[@class=\"__51e19\"]')\nStacktrace:\n#0 0x55866afb032a <unknown>\n#1 0x55866a9fce4b <unknown>\n#2 0x55866aa4f82b <unknown>\n#3 0x55866aa4fa61 <unknown>\n#4 0x55866aa9ea44 <unknown>\n#5 0x55866aa9bdf7 <unknown>\n#6 0x55866aa41c1a <unknown>\n#7 0x55866aa42921 <unknown>\n#8 0x55866af77239 <unknown>\n#9 0x55866af7a1e8 <unknown>\n#10 0x55866af604c9 <unknown>\n#11 0x55866af7adb5 <unknown>\n#12 0x55866af47e93 <unknown>\n#13 0x55866af9d098 <unknown>\n#14 0x55866af9d273 <unknown>\n#15 0x55866afaf2c3 <unknown>\n#16 0x7fb9cc09caa4 <unknown>\n#17 0x7fb9cc129c6c <unknown>","time":{"start":1763553498849,"stop":1763553509195,"duration":10346}},{"uid":"bfff68def31638d7","reportUrl":"https://Brain-up.github.io/auto-tests-python/752/#testresult/bfff68def31638d7","status":"skipped","statusDetails":"XFAIL\n\nselenium.common.exceptions.TimeoutException: Message: Can't find element by locator ('xpath', '//div[@class=\"__51e19\"]')\nStacktrace:\n#0 0x56431d9ee32a <unknown>\n#1 0x56431d43ae4b <unknown>\n#2 0x56431d48d82b <unknown>\n#3 0x56431d48da61 <unknown>\n#4 0x56431d4dca44 <unknown>\n#5 0x56431d4d9df7 <unknown>\n#6 0x56431d47fc1a <unknown>\n#7 0x56431d480921 <unknown>\n#8 0x56431d9b5239 <unknown>\n#9 0x56431d9b81e8 <unknown>\n#10 0x56431d99e4c9 <unknown>\n#11 0x56431d9b8db5 <unknown>\n#12 0x56431d985e93 <unknown>\n#13 0x56431d9db098 <unknown>\n#14 0x56431d9db273 <unknown>\n#15 0x56431d9ed2c3 <unknown>\n#16 0x7fa01669caa4 <unknown>\n#17 0x7fa016729c6c <unknown>","time":{"start":1763464008849,"stop":1763464019201,"duration":10352}}]},"tags":["@pytest.mark.xfail"]},"source":"7f11ce33f6e2a28a.json","parameterValues":[]}