{"uid":"f4e7e25908fd186","name":"Verify redirection to donate page not authorized user.","fullName":"tests.main_page_test.TestMainPage#test_mp_03_verify_redirection_to_donate_page","historyId":"c4a3f1b8056e7b9c512fd0eaa956691d","time":{"start":1771167226282,"stop":1771167226282,"duration":0},"status":"broken","statusMessage":"selenium.common.exceptions.SessionNotCreatedException: Message: session not created: Chrome instance exited. Examine ChromeDriver verbose log to determine the cause.\nStacktrace:\n#0 0x56493319ca4a <unknown>\n#1 0x564932bb56a2 <unknown>\n#2 0x564932bf31dd <unknown>\n#3 0x564932bedef9 <unknown>\n#4 0x564932c4006e <unknown>\n#5 0x564932c3f75c <unknown>\n#6 0x564932bfc8b2 <unknown>\n#7 0x564932bfd6a1 <unknown>\n#8 0x5649331628a9 <unknown>\n#9 0x5649331657b1 <unknown>\n#10 0x56493314eea9 <unknown>\n#11 0x56493316636e <unknown>\n#12 0x564933135410 <unknown>\n#13 0x56493318a0c8 <unknown>\n#14 0x56493318a29b <unknown>\n#15 0x56493319bdb8 <unknown>\n#16 0x7ff50369caa4 <unknown>\n#17 0x7ff503729c6c <unknown>","statusTrace":"@pytest.fixture(scope='function')\n    def driver():\n        print('\\nstart browser...')\n        chrome_options = Options()\n        if 'CI' in os.environ:\n            chrome_options.add_argument('--headless')\n>           driver = webdriver.Chrome(options=chrome_options)\n\nconftest.py:17: \n_ _ _ _ _ _ _ _ _ _ _ _ _ _ _ _ _ _ _ _ _ _ _ _ _ _ _ _ _ _ _ _ _ _ _ _ _ _ _ _ \n/opt/hostedtoolcache/Python/3.12.12/x64/lib/python3.12/site-packages/selenium/webdriver/chrome/webdriver.py:45: in __init__\n    super().__init__(\n/opt/hostedtoolcache/Python/3.12.12/x64/lib/python3.12/site-packages/selenium/webdriver/chromium/webdriver.py:56: in __init__\n    super().__init__(\n/opt/hostedtoolcache/Python/3.12.12/x64/lib/python3.12/site-packages/selenium/webdriver/remote/webdriver.py:205: in __init__\n    self.start_session(capabilities)\n/opt/hostedtoolcache/Python/3.12.12/x64/lib/python3.12/site-packages/selenium/webdriver/remote/webdriver.py:289: in start_session\n    response = self.execute(Command.NEW_SESSION, caps)[\"value\"]\n/opt/hostedtoolcache/Python/3.12.12/x64/lib/python3.12/site-packages/selenium/webdriver/remote/webdriver.py:344: in execute\n    self.error_handler.check_response(response)\n_ _ _ _ _ _ _ _ _ _ _ _ _ _ _ _ _ _ _ _ _ _ _ _ _ _ _ _ _ _ _ _ _ _ _ _ _ _ _ _ \n\nself = <selenium.webdriver.remote.errorhandler.ErrorHandler object at 0x7f2f70cdc290>\nresponse = {'status': 500, 'value': '{\"value\":{\"error\":\"session not created\",\"message\":\"session not created: Chrome instance exit...\\\\n#15 0x56493319bdb8 \\\\u003Cunknown>\\\\n#16 0x7ff50369caa4 \\\\u003Cunknown>\\\\n#17 0x7ff503729c6c \\\\u003Cunknown>\\\\n\"}}'}\n\n    def check_response(self, response: Dict[str, Any]) -> None:\n        \"\"\"Checks that a JSON response from the WebDriver does not have an\n        error.\n    \n        :Args:\n         - response - The JSON response from the WebDriver server as a dictionary\n           object.\n    \n        :Raises: If the response contains an error message.\n        \"\"\"\n        status = response.get(\"status\", None)\n        if not status or status == ErrorCode.SUCCESS:\n            return\n        value = None\n        message = response.get(\"message\", \"\")\n        screen: str = response.get(\"screen\", \"\")\n        stacktrace = None\n        if isinstance(status, int):\n            value_json = response.get(\"value\", None)\n            if value_json and isinstance(value_json, str):\n                import json\n    \n                try:\n                    value = json.loads(value_json)\n                    if len(value) == 1:\n                        value = value[\"value\"]\n                    status = value.get(\"error\", None)\n                    if not status:\n                        status = value.get(\"status\", ErrorCode.UNKNOWN_ERROR)\n                        message = value.get(\"value\") or value.get(\"message\")\n                        if not isinstance(message, str):\n                            value = message\n                            message = message.get(\"message\")\n                    else:\n                        message = value.get(\"message\", None)\n                except ValueError:\n                    pass\n    \n        exception_class: Type[WebDriverException]\n        e = ErrorCode()\n        error_codes = [item for item in dir(e) if not item.startswith(\"__\")]\n        for error_code in error_codes:\n            error_info = getattr(ErrorCode, error_code)\n            if isinstance(error_info, list) and status in error_info:\n                exception_class = getattr(ExceptionMapping, error_code, WebDriverException)\n                break\n        else:\n            exception_class = WebDriverException\n    \n        if not value:\n            value = response[\"value\"]\n        if isinstance(value, str):\n            raise exception_class(value)\n        if message == \"\" and \"message\" in value:\n            message = value[\"message\"]\n    \n        screen = None  # type: ignore[assignment]\n        if \"screen\" in value:\n            screen = value[\"screen\"]\n    \n        stacktrace = None\n        st_value = value.get(\"stackTrace\") or value.get(\"stacktrace\")\n        if st_value:\n            if isinstance(st_value, str):\n                stacktrace = st_value.split(\"\\n\")\n            else:\n                stacktrace = []\n                try:\n                    for frame in st_value:\n                        line = frame.get(\"lineNumber\", \"\")\n                        file = frame.get(\"fileName\", \"<anonymous>\")\n                        if line:\n                            file = f\"{file}:{line}\"\n                        meth = frame.get(\"methodName\", \"<anonymous>\")\n                        if \"className\" in frame:\n                            meth = f\"{frame['className']}.{meth}\"\n                        msg = \"    at %s (%s)\"\n                        msg = msg % (meth, file)\n                        stacktrace.append(msg)\n                except TypeError:\n                    pass\n        if exception_class == UnexpectedAlertPresentException:\n            alert_text = None\n            if \"data\" in value:\n                alert_text = value[\"data\"].get(\"text\")\n            elif \"alert\" in value:\n                alert_text = value[\"alert\"].get(\"text\")\n            raise exception_class(message, screen, stacktrace, alert_text)  # type: ignore[call-arg]  # mypy is not smart enough here\n>       raise exception_class(message, screen, stacktrace)\nE       selenium.common.exceptions.SessionNotCreatedException: Message: session not created: Chrome instance exited. Examine ChromeDriver verbose log to determine the cause.\nE       Stacktrace:\nE       #0 0x56493319ca4a <unknown>\nE       #1 0x564932bb56a2 <unknown>\nE       #2 0x564932bf31dd <unknown>\nE       #3 0x564932bedef9 <unknown>\nE       #4 0x564932c4006e <unknown>\nE       #5 0x564932c3f75c <unknown>\nE       #6 0x564932bfc8b2 <unknown>\nE       #7 0x564932bfd6a1 <unknown>\nE       #8 0x5649331628a9 <unknown>\nE       #9 0x5649331657b1 <unknown>\nE       #10 0x56493314eea9 <unknown>\nE       #11 0x56493316636e <unknown>\nE       #12 0x564933135410 <unknown>\nE       #13 0x56493318a0c8 <unknown>\nE       #14 0x56493318a29b <unknown>\nE       #15 0x56493319bdb8 <unknown>\nE       #16 0x7ff50369caa4 <unknown>\nE       #17 0x7ff503729c6c <unknown>\n\n/opt/hostedtoolcache/Python/3.12.12/x64/lib/python3.12/site-packages/selenium/webdriver/remote/errorhandler.py:229: SessionNotCreatedException","flaky":false,"newFailed":false,"newBroken":true,"newPassed":false,"retriesCount":0,"retriesStatusChange":false,"beforeStages":[{"name":"clear_allure_results_folder","time":{"start":1771166361928,"stop":1771166361928,"duration":0},"status":"passed","steps":[],"attachments":[],"parameters":[],"stepsCount":0,"shouldDisplayMessage":false,"attachmentsCount":0,"hasContent":false,"attachmentStep":false},{"name":"driver","time":{"start":1771167226282,"stop":1771167227785,"duration":1503},"status":"broken","statusMessage":"selenium.common.exceptions.SessionNotCreatedException: Message: session not created: Chrome instance exited. Examine ChromeDriver verbose log to determine the cause.\nStacktrace:\n#0 0x56493319ca4a <unknown>\n#1 0x564932bb56a2 <unknown>\n#2 0x564932bf31dd <unknown>\n#3 0x564932bedef9 <unknown>\n#4 0x564932c4006e <unknown>\n#5 0x564932c3f75c <unknown>\n#6 0x564932bfc8b2 <unknown>\n#7 0x564932bfd6a1 <unknown>\n#8 0x5649331628a9 <unknown>\n#9 0x5649331657b1 <unknown>\n#10 0x56493314eea9 <unknown>\n#11 0x56493316636e <unknown>\n#12 0x564933135410 <unknown>\n#13 0x56493318a0c8 <unknown>\n#14 0x56493318a29b <unknown>\n#15 0x56493319bdb8 <unknown>\n#16 0x7ff50369caa4 <unknown>\n#17 0x7ff503729c6c <unknown>\n\n","statusTrace":"  File \"/opt/hostedtoolcache/Python/3.12.12/x64/lib/python3.12/site-packages/pluggy/_callers.py\", line 38, in run_old_style_hookwrapper\n    res = yield\n          ^^^^^\n  File \"/opt/hostedtoolcache/Python/3.12.12/x64/lib/python3.12/site-packages/pluggy/_callers.py\", line 139, in _multicall\n    teardown.throw(exception)\n  File \"/opt/hostedtoolcache/Python/3.12.12/x64/lib/python3.12/site-packages/pluggy/_callers.py\", line 53, in run_old_style_hookwrapper\n    return result.get_result()\n           ^^^^^^^^^^^^^^^^^^^\n  File \"/opt/hostedtoolcache/Python/3.12.12/x64/lib/python3.12/site-packages/pluggy/_result.py\", line 103, in get_result\n    raise exc.with_traceback(tb)\n  File \"/opt/hostedtoolcache/Python/3.12.12/x64/lib/python3.12/site-packages/pluggy/_callers.py\", line 38, in run_old_style_hookwrapper\n    res = yield\n          ^^^^^\n  File \"/opt/hostedtoolcache/Python/3.12.12/x64/lib/python3.12/site-packages/pluggy/_callers.py\", line 121, in _multicall\n    res = hook_impl.function(*args)\n          ^^^^^^^^^^^^^^^^^^^^^^^^^\n  File \"/opt/hostedtoolcache/Python/3.12.12/x64/lib/python3.12/site-packages/_pytest/fixtures.py\", line 1123, in pytest_fixture_setup\n    result = call_fixture_func(fixturefunc, request, kwargs)\n             ^^^^^^^^^^^^^^^^^^^^^^^^^^^^^^^^^^^^^^^^^^^^^^^\n  File \"/opt/hostedtoolcache/Python/3.12.12/x64/lib/python3.12/site-packages/_pytest/fixtures.py\", line 895, in call_fixture_func\n    fixture_result = next(generator)\n                     ^^^^^^^^^^^^^^^\n  File \"/home/runner/work/auto-tests-python/auto-tests-python/conftest.py\", line 17, in driver\n    driver = webdriver.Chrome(options=chrome_options)\n             ^^^^^^^^^^^^^^^^^^^^^^^^^^^^^^^^^^^^^^^^\n  File \"/opt/hostedtoolcache/Python/3.12.12/x64/lib/python3.12/site-packages/selenium/webdriver/chrome/webdriver.py\", line 45, in __init__\n    super().__init__(\n  File \"/opt/hostedtoolcache/Python/3.12.12/x64/lib/python3.12/site-packages/selenium/webdriver/chromium/webdriver.py\", line 56, in __init__\n    super().__init__(\n  File \"/opt/hostedtoolcache/Python/3.12.12/x64/lib/python3.12/site-packages/selenium/webdriver/remote/webdriver.py\", line 205, in __init__\n    self.start_session(capabilities)\n  File \"/opt/hostedtoolcache/Python/3.12.12/x64/lib/python3.12/site-packages/selenium/webdriver/remote/webdriver.py\", line 289, in start_session\n    response = self.execute(Command.NEW_SESSION, caps)[\"value\"]\n               ^^^^^^^^^^^^^^^^^^^^^^^^^^^^^^^^^^^^^^^\n  File \"/opt/hostedtoolcache/Python/3.12.12/x64/lib/python3.12/site-packages/selenium/webdriver/remote/webdriver.py\", line 344, in execute\n    self.error_handler.check_response(response)\n  File \"/opt/hostedtoolcache/Python/3.12.12/x64/lib/python3.12/site-packages/selenium/webdriver/remote/errorhandler.py\", line 229, in check_response\n    raise exception_class(message, screen, stacktrace)\n","steps":[],"attachments":[],"parameters":[],"stepsCount":0,"shouldDisplayMessage":true,"attachmentsCount":0,"hasContent":true,"attachmentStep":false},{"name":"main_page_open","time":{"start":1771167228650,"stop":1771167231045,"duration":2395},"status":"passed","steps":[{"name":"Open page: https://www.brainup.site/","time":{"start":1771167228650,"stop":1771167231045,"duration":2395},"status":"passed","steps":[],"attachments":[],"parameters":[{"name":"driver","value":"<selenium.webdriver.chrome.webdriver.WebDriver (session=\"be06805505f72847f8c6c97478995983\")>"}],"stepsCount":0,"shouldDisplayMessage":false,"attachmentsCount":0,"hasContent":true,"attachmentStep":false}],"attachments":[],"parameters":[],"stepsCount":1,"shouldDisplayMessage":false,"attachmentsCount":0,"hasContent":true,"attachmentStep":false}],"afterStages":[],"labels":[{"name":"epic","value":"Main Page."},{"name":"parentSuite","value":"tests"},{"name":"suite","value":"main_page_test"},{"name":"subSuite","value":"TestMainPage"},{"name":"host","value":"runnervmjduv7"},{"name":"thread","value":"2847-MainThread"},{"name":"framework","value":"pytest"},{"name":"language","value":"cpython3"},{"name":"package","value":"tests.main_page_test"},{"name":"resultFormat","value":"allure2"}],"parameters":[],"links":[],"hidden":false,"retry":false,"extra":{"severity":"normal","retries":[],"categories":[{"name":"Test defects","matchedStatuses":[],"flaky":false}],"history":{"statistic":{"failed":0,"broken":1,"skipped":0,"passed":35,"unknown":0,"total":36},"items":[{"uid":"1f8cec3143073ffe","reportUrl":"https://Brain-up.github.io/auto-tests-python/825/#testresult/1f8cec3143073ffe","status":"passed","time":{"start":1771046518144,"stop":1771046519532,"duration":1388}},{"uid":"7ace73aef209b8fc","reportUrl":"https://Brain-up.github.io/auto-tests-python/824/#testresult/7ace73aef209b8fc","status":"passed","time":{"start":1770984567385,"stop":1770984568552,"duration":1167}},{"uid":"37382dd0fc3d6ad1","reportUrl":"https://Brain-up.github.io/auto-tests-python/823/#testresult/37382dd0fc3d6ad1","status":"passed","time":{"start":1770897267757,"stop":1770897268879,"duration":1122}},{"uid":"429dd49f9c4a557f","reportUrl":"https://Brain-up.github.io/auto-tests-python/822/#testresult/429dd49f9c4a557f","status":"passed","time":{"start":1770835970929,"stop":1770835972210,"duration":1281}},{"uid":"67b2537240bb769b","reportUrl":"https://Brain-up.github.io/auto-tests-python/821/#testresult/67b2537240bb769b","status":"passed","time":{"start":1770552053697,"stop":1770552054774,"duration":1077}},{"uid":"2caa1e634a30465f","reportUrl":"https://Brain-up.github.io/auto-tests-python/820/#testresult/2caa1e634a30465f","status":"passed","time":{"start":1770489293415,"stop":1770489294754,"duration":1339}},{"uid":"4e4804ed775c1514","reportUrl":"https://Brain-up.github.io/auto-tests-python/819/#testresult/4e4804ed775c1514","status":"passed","time":{"start":1770376706956,"stop":1770376708289,"duration":1333}},{"uid":"cf2bbc4bccd8ead3","reportUrl":"https://Brain-up.github.io/auto-tests-python/818/#testresult/cf2bbc4bccd8ead3","status":"passed","time":{"start":1770119168458,"stop":1770119169826,"duration":1368}},{"uid":"b5c1a6c8a4ebfaf2","reportUrl":"https://Brain-up.github.io/auto-tests-python/817/#testresult/b5c1a6c8a4ebfaf2","status":"passed","time":{"start":1769945443455,"stop":1769945444798,"duration":1343}},{"uid":"499f9e52e51410ed","reportUrl":"https://Brain-up.github.io/auto-tests-python/816/#testresult/499f9e52e51410ed","status":"passed","time":{"start":1769859395352,"stop":1769859396711,"duration":1359}},{"uid":"a5da4fb52c7cdbf1","reportUrl":"https://Brain-up.github.io/auto-tests-python/816/#testresult/a5da4fb52c7cdbf1","status":"passed","time":{"start":1769784807987,"stop":1769784809222,"duration":1235}},{"uid":"d663d25a2b86fa09","reportUrl":"https://Brain-up.github.io/auto-tests-python/815/#testresult/d663d25a2b86fa09","status":"passed","time":{"start":1769688604964,"stop":1769688636042,"duration":31078}},{"uid":"f1f312f49e0461cc","reportUrl":"https://Brain-up.github.io/auto-tests-python/814/#testresult/f1f312f49e0461cc","status":"passed","time":{"start":1769600542444,"stop":1769600543638,"duration":1194}},{"uid":"5868005292150bdf","reportUrl":"https://Brain-up.github.io/auto-tests-python/814/#testresult/5868005292150bdf","status":"passed","time":{"start":1769552321486,"stop":1769552322553,"duration":1067}},{"uid":"82ab75d07e929536","reportUrl":"https://Brain-up.github.io/auto-tests-python/814/#testresult/82ab75d07e929536","status":"passed","time":{"start":1769544945344,"stop":1769544946547,"duration":1203}},{"uid":"88cfb662ed79dc55","reportUrl":"https://Brain-up.github.io/auto-tests-python/813/#testresult/88cfb662ed79dc55","status":"passed","time":{"start":1769425569099,"stop":1769425570340,"duration":1241}},{"uid":"d3c6933213fd4cfb","reportUrl":"https://Brain-up.github.io/auto-tests-python/812/#testresult/d3c6933213fd4cfb","status":"passed","time":{"start":1769335868051,"stop":1769335869348,"duration":1297}},{"uid":"252164f900994a6d","reportUrl":"https://Brain-up.github.io/auto-tests-python/811/#testresult/252164f900994a6d","status":"passed","time":{"start":1769252547908,"stop":1769252548961,"duration":1053}},{"uid":"8e1974080aa7c01d","reportUrl":"https://Brain-up.github.io/auto-tests-python/810/#testresult/8e1974080aa7c01d","status":"passed","time":{"start":1769071192040,"stop":1769071193415,"duration":1375}},{"uid":"1a5a1891b5f7bb7e","reportUrl":"https://Brain-up.github.io/auto-tests-python/809/#testresult/1a5a1891b5f7bb7e","status":"passed","time":{"start":1768989066640,"stop":1768989067760,"duration":1120}}]},"tags":[]},"source":"f4e7e25908fd186.json","parameterValues":[]}