{"uid":"2887fc9b29a68a32","name":"Verify text in group links on the page","fullName":"tests.exercises_ru_similar_phrases_page_test.TestExRuSimPhrPageText#test_ersp_02_03_verify_group_links_text","historyId":"6bf62a099a1afe158b1f3b109177e9cb","time":{"start":1767548132817,"stop":1767548132817,"duration":0},"status":"broken","statusMessage":"selenium.common.exceptions.TimeoutException: Message: Can't find element by locator https://www.brainup.site/groups","statusTrace":"self = <pages.base_page.BasePage object at 0x7f82ff485b80>\nurl = 'https://www.brainup.site/groups'\n\n    def check_expected_link(self, url):\n        with allure.step(f'Check url is present: {url}'):\n            try:\n>               return Wait(self.driver, self.timeout).until(\n                    EC.url_to_be(url), message=f\"Can't find element by locator {url}\")\n\npages/base_page.py:80: \n_ _ _ _ _ _ _ _ _ _ _ _ _ _ _ _ _ _ _ _ _ _ _ _ _ _ _ _ _ _ _ _ _ _ _ _ _ _ _ _ \n\nself = <selenium.webdriver.support.wait.WebDriverWait (session=\"633d3089e8e82fbd365743eec589fe83\")>\nmethod = <function url_to_be.<locals>._predicate at 0x7f82ff3a45e0>\nmessage = \"Can't find element by locator https://www.brainup.site/groups\"\n\n    def until(self, method, message: str = \"\"):\n        \"\"\"Calls the method provided with the driver as an argument until the \\\n        return value does not evaluate to ``False``.\n    \n        :param method: callable(WebDriver)\n        :param message: optional message for :exc:`TimeoutException`\n        :returns: the result of the last call to `method`\n        :raises: :exc:`selenium.common.exceptions.TimeoutException` if timeout occurs\n        \"\"\"\n        screen = None\n        stacktrace = None\n    \n        end_time = time.monotonic() + self._timeout\n        while True:\n            try:\n                value = method(self._driver)\n                if value:\n                    return value\n            except self._ignored_exceptions as exc:\n                screen = getattr(exc, \"screen\", None)\n                stacktrace = getattr(exc, \"stacktrace\", None)\n            time.sleep(self._poll)\n            if time.monotonic() > end_time:\n                break\n>       raise TimeoutException(message, screen, stacktrace)\nE       selenium.common.exceptions.TimeoutException: Message: Can't find element by locator https://www.brainup.site/groups\n\n/opt/hostedtoolcache/Python/3.12.12/x64/lib/python3.12/site-packages/selenium/webdriver/support/wait.py:95: TimeoutException\n\nDuring handling of the above exception, another exception occurred:\n\ndriver = <selenium.webdriver.chrome.webdriver.WebDriver (session=\"633d3089e8e82fbd365743eec589fe83\")>\nmain_page_open = None\n\n    @pytest.fixture()\n    @allure.step('Auto test user authorized')\n    def auto_test_user_authorized(driver, main_page_open):\n        page = BasePage(driver)\n        page.element_is_present_and_clickable(MainPageLocators.LOGIN_BUTTON).click()\n        page.element_is_visible(LoginPageLocators.INPUT_LOGIN).send_keys(os.environ[\"LOGIN\"])\n        page.element_is_visible(LoginPageLocators.INPUT_PASSWORD).send_keys(os.environ[\"PASSWORD\"])\n        page.element_is_present_and_clickable(LoginPageLocators.SIGN_IN_BUTTON).click()\n>       page.check_expected_link(MainPageLinks.URL_GROUPS_PAGE)\n\ntests/conftest.py:178: \n_ _ _ _ _ _ _ _ _ _ _ _ _ _ _ _ _ _ _ _ _ _ _ _ _ _ _ _ _ _ _ _ _ _ _ _ _ _ _ _ \npages/base_page.py:84: in check_expected_link\n    return Wait(self.driver, self.timeout).until(\n_ _ _ _ _ _ _ _ _ _ _ _ _ _ _ _ _ _ _ _ _ _ _ _ _ _ _ _ _ _ _ _ _ _ _ _ _ _ _ _ \n\nself = <selenium.webdriver.support.wait.WebDriverWait (session=\"633d3089e8e82fbd365743eec589fe83\")>\nmethod = <function url_to_be.<locals>._predicate at 0x7f82ff3a5e40>\nmessage = \"Can't find element by locator https://www.brainup.site/groups\"\n\n    def until(self, method, message: str = \"\"):\n        \"\"\"Calls the method provided with the driver as an argument until the \\\n        return value does not evaluate to ``False``.\n    \n        :param method: callable(WebDriver)\n        :param message: optional message for :exc:`TimeoutException`\n        :returns: the result of the last call to `method`\n        :raises: :exc:`selenium.common.exceptions.TimeoutException` if timeout occurs\n        \"\"\"\n        screen = None\n        stacktrace = None\n    \n        end_time = time.monotonic() + self._timeout\n        while True:\n            try:\n                value = method(self._driver)\n                if value:\n                    return value\n            except self._ignored_exceptions as exc:\n                screen = getattr(exc, \"screen\", None)\n                stacktrace = getattr(exc, \"stacktrace\", None)\n            time.sleep(self._poll)\n            if time.monotonic() > end_time:\n                break\n>       raise TimeoutException(message, screen, stacktrace)\nE       selenium.common.exceptions.TimeoutException: Message: Can't find element by locator https://www.brainup.site/groups\n\n/opt/hostedtoolcache/Python/3.12.12/x64/lib/python3.12/site-packages/selenium/webdriver/support/wait.py:95: TimeoutException","flaky":false,"newFailed":false,"newBroken":true,"newPassed":false,"retriesCount":0,"retriesStatusChange":false,"beforeStages":[{"name":"clear_allure_results_folder","time":{"start":1767547871858,"stop":1767547871858,"duration":0},"status":"passed","steps":[],"attachments":[],"parameters":[],"stepsCount":0,"shouldDisplayMessage":false,"attachmentsCount":0,"hasContent":false,"attachmentStep":false},{"name":"driver","time":{"start":1767548132818,"stop":1767548133578,"duration":760},"status":"passed","steps":[],"attachments":[],"parameters":[],"stepsCount":0,"shouldDisplayMessage":false,"attachmentsCount":0,"hasContent":false,"attachmentStep":false},{"name":"main_page_open","time":{"start":1767548133578,"stop":1767548137444,"duration":3866},"status":"passed","steps":[{"name":"Open page: https://www.brainup.site/","time":{"start":1767548133578,"stop":1767548137444,"duration":3866},"status":"passed","steps":[],"attachments":[],"parameters":[{"name":"driver","value":"<selenium.webdriver.chrome.webdriver.WebDriver (session=\"633d3089e8e82fbd365743eec589fe83\")>"}],"stepsCount":0,"shouldDisplayMessage":false,"attachmentsCount":0,"hasContent":true,"attachmentStep":false}],"attachments":[],"parameters":[],"stepsCount":1,"shouldDisplayMessage":false,"attachmentsCount":0,"hasContent":true,"attachmentStep":false},{"name":"auto_test_user_authorized","time":{"start":1767548137444,"stop":1767548157961,"duration":20517},"status":"broken","statusMessage":"selenium.common.exceptions.TimeoutException: Message: Can't find element by locator https://www.brainup.site/groups\n\n","statusTrace":"  File \"/opt/hostedtoolcache/Python/3.12.12/x64/lib/python3.12/site-packages/pluggy/_callers.py\", line 38, in run_old_style_hookwrapper\n    res = yield\n          ^^^^^\n  File \"/opt/hostedtoolcache/Python/3.12.12/x64/lib/python3.12/site-packages/pluggy/_callers.py\", line 139, in _multicall\n    teardown.throw(exception)\n  File \"/opt/hostedtoolcache/Python/3.12.12/x64/lib/python3.12/site-packages/pluggy/_callers.py\", line 53, in run_old_style_hookwrapper\n    return result.get_result()\n           ^^^^^^^^^^^^^^^^^^^\n  File \"/opt/hostedtoolcache/Python/3.12.12/x64/lib/python3.12/site-packages/pluggy/_result.py\", line 103, in get_result\n    raise exc.with_traceback(tb)\n  File \"/opt/hostedtoolcache/Python/3.12.12/x64/lib/python3.12/site-packages/pluggy/_callers.py\", line 38, in run_old_style_hookwrapper\n    res = yield\n          ^^^^^\n  File \"/opt/hostedtoolcache/Python/3.12.12/x64/lib/python3.12/site-packages/pluggy/_callers.py\", line 121, in _multicall\n    res = hook_impl.function(*args)\n          ^^^^^^^^^^^^^^^^^^^^^^^^^\n  File \"/opt/hostedtoolcache/Python/3.12.12/x64/lib/python3.12/site-packages/_pytest/fixtures.py\", line 1123, in pytest_fixture_setup\n    result = call_fixture_func(fixturefunc, request, kwargs)\n             ^^^^^^^^^^^^^^^^^^^^^^^^^^^^^^^^^^^^^^^^^^^^^^^\n  File \"/opt/hostedtoolcache/Python/3.12.12/x64/lib/python3.12/site-packages/_pytest/fixtures.py\", line 902, in call_fixture_func\n    fixture_result = fixturefunc(**kwargs)\n                     ^^^^^^^^^^^^^^^^^^^^^\n  File \"/opt/hostedtoolcache/Python/3.12.12/x64/lib/python3.12/site-packages/allure_commons/_allure.py\", line 192, in impl\n    return func(*a, **kw)\n           ^^^^^^^^^^^^^^\n  File \"/home/runner/work/auto-tests-python/auto-tests-python/tests/conftest.py\", line 178, in auto_test_user_authorized\n    page.check_expected_link(MainPageLinks.URL_GROUPS_PAGE)\n  File \"/home/runner/work/auto-tests-python/auto-tests-python/pages/base_page.py\", line 84, in check_expected_link\n    return Wait(self.driver, self.timeout).until(\n           ^^^^^^^^^^^^^^^^^^^^^^^^^^^^^^^^^^^^^^\n  File \"/opt/hostedtoolcache/Python/3.12.12/x64/lib/python3.12/site-packages/selenium/webdriver/support/wait.py\", line 95, in until\n    raise TimeoutException(message, screen, stacktrace)\n","steps":[{"name":"Auto test user authorized","time":{"start":1767548137444,"stop":1767548157961,"duration":20517},"status":"broken","statusMessage":"selenium.common.exceptions.TimeoutException: Message: Can't find element by locator https://www.brainup.site/groups\n\n","statusTrace":"  File \"/opt/hostedtoolcache/Python/3.12.12/x64/lib/python3.12/site-packages/allure_commons/_allure.py\", line 192, in impl\n    return func(*a, **kw)\n           ^^^^^^^^^^^^^^\n  File \"/home/runner/work/auto-tests-python/auto-tests-python/tests/conftest.py\", line 178, in auto_test_user_authorized\n    page.check_expected_link(MainPageLinks.URL_GROUPS_PAGE)\n  File \"/home/runner/work/auto-tests-python/auto-tests-python/pages/base_page.py\", line 84, in check_expected_link\n    return Wait(self.driver, self.timeout).until(\n           ^^^^^^^^^^^^^^^^^^^^^^^^^^^^^^^^^^^^^^\n  File \"/opt/hostedtoolcache/Python/3.12.12/x64/lib/python3.12/site-packages/selenium/webdriver/support/wait.py\", line 95, in until\n    raise TimeoutException(message, screen, stacktrace)\n","steps":[{"name":"Check url is present: https://www.brainup.site/groups","time":{"start":1767548137819,"stop":1767548157960,"duration":20141},"status":"broken","statusMessage":"selenium.common.exceptions.TimeoutException: Message: Can't find element by locator https://www.brainup.site/groups\n\n","statusTrace":"  File \"/home/runner/work/auto-tests-python/auto-tests-python/pages/base_page.py\", line 84, in check_expected_link\n    return Wait(self.driver, self.timeout).until(\n           ^^^^^^^^^^^^^^^^^^^^^^^^^^^^^^^^^^^^^^\n  File \"/opt/hostedtoolcache/Python/3.12.12/x64/lib/python3.12/site-packages/selenium/webdriver/support/wait.py\", line 95, in until\n    raise TimeoutException(message, screen, stacktrace)\n","steps":[],"attachments":[],"parameters":[],"stepsCount":0,"shouldDisplayMessage":true,"attachmentsCount":0,"hasContent":true,"attachmentStep":false}],"attachments":[],"parameters":[{"name":"driver","value":"<selenium.webdriver.chrome.webdriver.WebDriver (session=\"633d3089e8e82fbd365743eec589fe83\")>"},{"name":"main_page_open","value":"None"}],"stepsCount":1,"shouldDisplayMessage":false,"attachmentsCount":0,"hasContent":true,"attachmentStep":false}],"attachments":[],"parameters":[],"stepsCount":2,"shouldDisplayMessage":false,"attachmentsCount":0,"hasContent":true,"attachmentStep":false}],"afterStages":[{"name":"driver::0","time":{"start":1767548157979,"stop":1767548158047,"duration":68},"status":"passed","steps":[],"attachments":[],"parameters":[],"stepsCount":0,"shouldDisplayMessage":false,"attachmentsCount":0,"hasContent":false,"attachmentStep":false}],"labels":[{"name":"epic","value":"The Exercises 'Similar phrases' Page on the 'ru' local"},{"name":"parentSuite","value":"tests"},{"name":"suite","value":"exercises_ru_similar_phrases_page_test"},{"name":"subSuite","value":"TestExercisesRuSimilarPhrasesPage"},{"name":"host","value":"runnervmh13bl"},{"name":"thread","value":"2605-MainThread"},{"name":"framework","value":"pytest"},{"name":"language","value":"cpython3"},{"name":"package","value":"tests.exercises_ru_similar_phrases_page_test"},{"name":"resultFormat","value":"allure2"}],"parameters":[],"links":[],"hidden":false,"retry":false,"extra":{"severity":"normal","retries":[],"categories":[{"name":"Test defects","matchedStatuses":[],"flaky":false}],"history":{"statistic":{"failed":0,"broken":1,"skipped":0,"passed":58,"unknown":0,"total":59},"items":[{"uid":"2e2f589d63aaf4a2","reportUrl":"https://Brain-up.github.io/auto-tests-python/792/#testresult/2e2f589d63aaf4a2","status":"passed","time":{"start":1767463343523,"stop":1767463343567,"duration":44}},{"uid":"76a4afcf1fc38d71","reportUrl":"https://Brain-up.github.io/auto-tests-python/791/#testresult/76a4afcf1fc38d71","status":"passed","time":{"start":1767349899090,"stop":1767349899131,"duration":41}},{"uid":"15fe5cc347120316","reportUrl":"https://Brain-up.github.io/auto-tests-python/790/#testresult/15fe5cc347120316","status":"passed","time":{"start":1767197511804,"stop":1767197511846,"duration":42}},{"uid":"471dab87adcff615","reportUrl":"https://Brain-up.github.io/auto-tests-python/789/#testresult/471dab87adcff615","status":"passed","time":{"start":1767087658207,"stop":1767087658250,"duration":43}},{"uid":"d5f478cec224fee2","reportUrl":"https://Brain-up.github.io/auto-tests-python/788/#testresult/d5f478cec224fee2","status":"passed","time":{"start":1766997140583,"stop":1766997140623,"duration":40}},{"uid":"e2883d05e06cde24","reportUrl":"https://Brain-up.github.io/auto-tests-python/787/#testresult/e2883d05e06cde24","status":"passed","time":{"start":1766923082724,"stop":1766923082765,"duration":41}},{"uid":"3de74767e21ddb9b","reportUrl":"https://Brain-up.github.io/auto-tests-python/786/#testresult/3de74767e21ddb9b","status":"passed","time":{"start":1766833320529,"stop":1766833320574,"duration":45}},{"uid":"30f8327f1d523518","reportUrl":"https://Brain-up.github.io/auto-tests-python/785/#testresult/30f8327f1d523518","status":"passed","time":{"start":1766752208763,"stop":1766752208803,"duration":40}},{"uid":"e26729fdf40cfd6a","reportUrl":"https://Brain-up.github.io/auto-tests-python/784/#testresult/e26729fdf40cfd6a","status":"passed","time":{"start":1766687617564,"stop":1766687617607,"duration":43}},{"uid":"6f98359d9c8aadc6","reportUrl":"https://Brain-up.github.io/auto-tests-python/783/#testresult/6f98359d9c8aadc6","status":"passed","time":{"start":1766574442229,"stop":1766574442270,"duration":41}},{"uid":"178e2f68b3634645","reportUrl":"https://Brain-up.github.io/auto-tests-python/782/#testresult/178e2f68b3634645","status":"passed","time":{"start":1766474846030,"stop":1766474846070,"duration":40}},{"uid":"342a07183bf3a14e","reportUrl":"https://Brain-up.github.io/auto-tests-python/781/#testresult/342a07183bf3a14e","status":"passed","time":{"start":1766400670402,"stop":1766400670452,"duration":50}},{"uid":"66536d0355c8caa9","reportUrl":"https://Brain-up.github.io/auto-tests-python/780/#testresult/66536d0355c8caa9","status":"passed","time":{"start":1766323256926,"stop":1766323256967,"duration":41}},{"uid":"a1cd444c8f175c38","reportUrl":"https://Brain-up.github.io/auto-tests-python/779/#testresult/a1cd444c8f175c38","status":"passed","time":{"start":1766229162945,"stop":1766229162988,"duration":43}},{"uid":"e00b0aa05a7b8c7c","reportUrl":"https://Brain-up.github.io/auto-tests-python/778/#testresult/e00b0aa05a7b8c7c","status":"passed","time":{"start":1766132808858,"stop":1766132808902,"duration":44}},{"uid":"ca7ba77461602b9d","reportUrl":"https://Brain-up.github.io/auto-tests-python/777/#testresult/ca7ba77461602b9d","status":"passed","time":{"start":1766051307717,"stop":1766051307759,"duration":42}},{"uid":"f8cc369901ba7016","reportUrl":"https://Brain-up.github.io/auto-tests-python/776/#testresult/f8cc369901ba7016","status":"passed","time":{"start":1765969199906,"stop":1765969199950,"duration":44}},{"uid":"73c4fd6f9a6f1ec5","reportUrl":"https://Brain-up.github.io/auto-tests-python/775/#testresult/73c4fd6f9a6f1ec5","status":"passed","time":{"start":1765882487793,"stop":1765882487837,"duration":44}},{"uid":"de98c99387af22","reportUrl":"https://Brain-up.github.io/auto-tests-python/774/#testresult/de98c99387af22","status":"passed","time":{"start":1765799329569,"stop":1765799329611,"duration":42}},{"uid":"d3636afde9bf3972","reportUrl":"https://Brain-up.github.io/auto-tests-python/773/#testresult/d3636afde9bf3972","status":"passed","time":{"start":1765736414717,"stop":1765736414759,"duration":42}}]},"tags":[]},"source":"2887fc9b29a68a32.json","parameterValues":[]}