{"uid":"79719cf141bb0060","name":"Check statistic table.","fullName":"tests.test_speech_exercises_ru.TestCardsRU#test_get_statistic_data","historyId":"15df626f86a935fbcd917f7ea4002a26","time":{"start":1767549435732,"stop":1767549445996,"duration":10264},"status":"skipped","statusMessage":"XFAIL\n\nselenium.common.exceptions.TimeoutException: Message: Can't find element by locator ('xpath', '//div[@class=\"__51e19\"]')\nStacktrace:\n#0 0x5640392c119a <unknown>\n#1 0x564038d3ec4b <unknown>\n#2 0x564038d90318 <unknown>\n#3 0x564038d90551 <unknown>\n#4 0x564038dde764 <unknown>\n#5 0x564038ddbbee <unknown>\n#6 0x564038d82c42 <unknown>\n#7 0x564038d838f1 <unknown>\n#8 0x564039289f39 <unknown>\n#9 0x56403928ce7d <unknown>\n#10 0x564039272c81 <unknown>\n#11 0x56403928da5b <unknown>\n#12 0x564039259a50 <unknown>\n#13 0x5640392aeaa8 <unknown>\n#14 0x5640392aec79 <unknown>\n#15 0x5640392c04f3 <unknown>\n#16 0x7fafef29caa4 <unknown>\n#17 0x7fafef329c6c <unknown>","statusTrace":"self = <tests.test_speech_exercises_ru.TestCardsRU object at 0x7f82ff4ffe90>\ndriver = <selenium.webdriver.chrome.webdriver.WebDriver (session=\"f90c3f382f20796b38e03edb8b7844b1\")>\ndefault_user_authorized = None\n\n    @pytest.mark.xfail\n    @allure.suite('Statistic.')\n    @allure.title('Check statistic table.')\n    def test_get_statistic_data(self, driver, default_user_authorized):\n        page = SpeechExercisesPageRU(driver)\n>       table = page.get_statistic_data()\n\ntests/test_speech_exercises_ru.py:192: \n_ _ _ _ _ _ _ _ _ _ _ _ _ _ _ _ _ _ _ _ _ _ _ _ _ _ _ _ _ _ _ _ _ _ _ _ _ _ _ _ \npages/speech_exercises_page_ru.py:174: in get_statistic_data\n    table = self.element_is_present(self.locators.AuthorizedUserHomePageLocators.STATISTIC_TABLE)\npages/base_page.py:32: in element_is_present\n    return Wait(self.driver, self.timeout).until(\n_ _ _ _ _ _ _ _ _ _ _ _ _ _ _ _ _ _ _ _ _ _ _ _ _ _ _ _ _ _ _ _ _ _ _ _ _ _ _ _ \n\nself = <selenium.webdriver.support.wait.WebDriverWait (session=\"f90c3f382f20796b38e03edb8b7844b1\")>\nmethod = <function presence_of_element_located.<locals>._predicate at 0x7f82ff3b1760>\nmessage = 'Can\\'t find element by locator (\\'xpath\\', \\'//div[@class=\"__51e19\"]\\')'\n\n    def until(self, method, message: str = \"\"):\n        \"\"\"Calls the method provided with the driver as an argument until the \\\n        return value does not evaluate to ``False``.\n    \n        :param method: callable(WebDriver)\n        :param message: optional message for :exc:`TimeoutException`\n        :returns: the result of the last call to `method`\n        :raises: :exc:`selenium.common.exceptions.TimeoutException` if timeout occurs\n        \"\"\"\n        screen = None\n        stacktrace = None\n    \n        end_time = time.monotonic() + self._timeout\n        while True:\n            try:\n                value = method(self._driver)\n                if value:\n                    return value\n            except self._ignored_exceptions as exc:\n                screen = getattr(exc, \"screen\", None)\n                stacktrace = getattr(exc, \"stacktrace\", None)\n            time.sleep(self._poll)\n            if time.monotonic() > end_time:\n                break\n>       raise TimeoutException(message, screen, stacktrace)\nE       selenium.common.exceptions.TimeoutException: Message: Can't find element by locator ('xpath', '//div[@class=\"__51e19\"]')\nE       Stacktrace:\nE       #0 0x5640392c119a <unknown>\nE       #1 0x564038d3ec4b <unknown>\nE       #2 0x564038d90318 <unknown>\nE       #3 0x564038d90551 <unknown>\nE       #4 0x564038dde764 <unknown>\nE       #5 0x564038ddbbee <unknown>\nE       #6 0x564038d82c42 <unknown>\nE       #7 0x564038d838f1 <unknown>\nE       #8 0x564039289f39 <unknown>\nE       #9 0x56403928ce7d <unknown>\nE       #10 0x564039272c81 <unknown>\nE       #11 0x56403928da5b <unknown>\nE       #12 0x564039259a50 <unknown>\nE       #13 0x5640392aeaa8 <unknown>\nE       #14 0x5640392aec79 <unknown>\nE       #15 0x5640392c04f3 <unknown>\nE       #16 0x7fafef29caa4 <unknown>\nE       #17 0x7fafef329c6c <unknown>\n\n/opt/hostedtoolcache/Python/3.12.12/x64/lib/python3.12/site-packages/selenium/webdriver/support/wait.py:95: TimeoutException","flaky":false,"newFailed":false,"newBroken":false,"newPassed":false,"retriesCount":0,"retriesStatusChange":false,"beforeStages":[{"name":"clear_allure_results_folder","time":{"start":1767547871858,"stop":1767547871858,"duration":0},"status":"passed","steps":[],"attachments":[],"parameters":[],"stepsCount":0,"shouldDisplayMessage":false,"attachmentsCount":0,"hasContent":false,"attachmentStep":false},{"name":"driver","time":{"start":1767549429093,"stop":1767549429859,"duration":766},"status":"passed","steps":[],"attachments":[],"parameters":[],"stepsCount":0,"shouldDisplayMessage":false,"attachmentsCount":0,"hasContent":false,"attachmentStep":false},{"name":"main_page_open","time":{"start":1767549429859,"stop":1767549433308,"duration":3449},"status":"passed","steps":[{"name":"Open page: https://www.brainup.site/","time":{"start":1767549429859,"stop":1767549433308,"duration":3449},"status":"passed","steps":[],"attachments":[],"parameters":[{"name":"driver","value":"<selenium.webdriver.chrome.webdriver.WebDriver (session=\"f90c3f382f20796b38e03edb8b7844b1\")>"}],"stepsCount":0,"shouldDisplayMessage":false,"attachmentsCount":0,"hasContent":true,"attachmentStep":false}],"attachments":[],"parameters":[],"stepsCount":1,"shouldDisplayMessage":false,"attachmentsCount":0,"hasContent":true,"attachmentStep":false},{"name":"default_user_authorized","time":{"start":1767549433308,"stop":1767549435732,"duration":2424},"status":"passed","steps":[{"name":"DEFAULT user authorized","time":{"start":1767549433308,"stop":1767549435732,"duration":2424},"status":"passed","steps":[{"name":"Check url is present: https://www.brainup.site/groups","time":{"start":1767549433675,"stop":1767549435708,"duration":2033},"status":"passed","steps":[],"attachments":[],"parameters":[],"stepsCount":0,"shouldDisplayMessage":false,"attachmentsCount":0,"hasContent":false,"attachmentStep":false},{"name":"Loader checking","time":{"start":1767549435708,"stop":1767549435732,"duration":24},"status":"passed","steps":[],"attachments":[],"parameters":[],"stepsCount":0,"shouldDisplayMessage":false,"attachmentsCount":0,"hasContent":false,"attachmentStep":false}],"attachments":[],"parameters":[{"name":"driver","value":"<selenium.webdriver.chrome.webdriver.WebDriver (session=\"f90c3f382f20796b38e03edb8b7844b1\")>"},{"name":"main_page_open","value":"None"}],"stepsCount":2,"shouldDisplayMessage":false,"attachmentsCount":0,"hasContent":true,"attachmentStep":false}],"attachments":[],"parameters":[],"stepsCount":3,"shouldDisplayMessage":false,"attachmentsCount":0,"hasContent":true,"attachmentStep":false}],"testStage":{"status":"skipped","statusMessage":"XFAIL\n\nselenium.common.exceptions.TimeoutException: Message: Can't find element by locator ('xpath', '//div[@class=\"__51e19\"]')\nStacktrace:\n#0 0x5640392c119a <unknown>\n#1 0x564038d3ec4b <unknown>\n#2 0x564038d90318 <unknown>\n#3 0x564038d90551 <unknown>\n#4 0x564038dde764 <unknown>\n#5 0x564038ddbbee <unknown>\n#6 0x564038d82c42 <unknown>\n#7 0x564038d838f1 <unknown>\n#8 0x564039289f39 <unknown>\n#9 0x56403928ce7d <unknown>\n#10 0x564039272c81 <unknown>\n#11 0x56403928da5b <unknown>\n#12 0x564039259a50 <unknown>\n#13 0x5640392aeaa8 <unknown>\n#14 0x5640392aec79 <unknown>\n#15 0x5640392c04f3 <unknown>\n#16 0x7fafef29caa4 <unknown>\n#17 0x7fafef329c6c <unknown>","statusTrace":"self = <tests.test_speech_exercises_ru.TestCardsRU object at 0x7f82ff4ffe90>\ndriver = <selenium.webdriver.chrome.webdriver.WebDriver (session=\"f90c3f382f20796b38e03edb8b7844b1\")>\ndefault_user_authorized = None\n\n    @pytest.mark.xfail\n    @allure.suite('Statistic.')\n    @allure.title('Check statistic table.')\n    def test_get_statistic_data(self, driver, default_user_authorized):\n        page = SpeechExercisesPageRU(driver)\n>       table = page.get_statistic_data()\n\ntests/test_speech_exercises_ru.py:192: \n_ _ _ _ _ _ _ _ _ _ _ _ _ _ _ _ _ _ _ _ _ _ _ _ _ _ _ _ _ _ _ _ _ _ _ _ _ _ _ _ \npages/speech_exercises_page_ru.py:174: in get_statistic_data\n    table = self.element_is_present(self.locators.AuthorizedUserHomePageLocators.STATISTIC_TABLE)\npages/base_page.py:32: in element_is_present\n    return Wait(self.driver, self.timeout).until(\n_ _ _ _ _ _ _ _ _ _ _ _ _ _ _ _ _ _ _ _ _ _ _ _ _ _ _ _ _ _ _ _ _ _ _ _ _ _ _ _ \n\nself = <selenium.webdriver.support.wait.WebDriverWait (session=\"f90c3f382f20796b38e03edb8b7844b1\")>\nmethod = <function presence_of_element_located.<locals>._predicate at 0x7f82ff3b1760>\nmessage = 'Can\\'t find element by locator (\\'xpath\\', \\'//div[@class=\"__51e19\"]\\')'\n\n    def until(self, method, message: str = \"\"):\n        \"\"\"Calls the method provided with the driver as an argument until the \\\n        return value does not evaluate to ``False``.\n    \n        :param method: callable(WebDriver)\n        :param message: optional message for :exc:`TimeoutException`\n        :returns: the result of the last call to `method`\n        :raises: :exc:`selenium.common.exceptions.TimeoutException` if timeout occurs\n        \"\"\"\n        screen = None\n        stacktrace = None\n    \n        end_time = time.monotonic() + self._timeout\n        while True:\n            try:\n                value = method(self._driver)\n                if value:\n                    return value\n            except self._ignored_exceptions as exc:\n                screen = getattr(exc, \"screen\", None)\n                stacktrace = getattr(exc, \"stacktrace\", None)\n            time.sleep(self._poll)\n            if time.monotonic() > end_time:\n                break\n>       raise TimeoutException(message, screen, stacktrace)\nE       selenium.common.exceptions.TimeoutException: Message: Can't find element by locator ('xpath', '//div[@class=\"__51e19\"]')\nE       Stacktrace:\nE       #0 0x5640392c119a <unknown>\nE       #1 0x564038d3ec4b <unknown>\nE       #2 0x564038d90318 <unknown>\nE       #3 0x564038d90551 <unknown>\nE       #4 0x564038dde764 <unknown>\nE       #5 0x564038ddbbee <unknown>\nE       #6 0x564038d82c42 <unknown>\nE       #7 0x564038d838f1 <unknown>\nE       #8 0x564039289f39 <unknown>\nE       #9 0x56403928ce7d <unknown>\nE       #10 0x564039272c81 <unknown>\nE       #11 0x56403928da5b <unknown>\nE       #12 0x564039259a50 <unknown>\nE       #13 0x5640392aeaa8 <unknown>\nE       #14 0x5640392aec79 <unknown>\nE       #15 0x5640392c04f3 <unknown>\nE       #16 0x7fafef29caa4 <unknown>\nE       #17 0x7fafef329c6c <unknown>\n\n/opt/hostedtoolcache/Python/3.12.12/x64/lib/python3.12/site-packages/selenium/webdriver/support/wait.py:95: TimeoutException","steps":[{"name":"get_statistic_data","time":{"start":1767549435732,"stop":1767549445996,"duration":10264},"status":"broken","statusMessage":"selenium.common.exceptions.TimeoutException: Message: Can't find element by locator ('xpath', '//div[@class=\"__51e19\"]')\nStacktrace:\n#0 0x5640392c119a <unknown>\n#1 0x564038d3ec4b <unknown>\n#2 0x564038d90318 <unknown>\n#3 0x564038d90551 <unknown>\n#4 0x564038dde764 <unknown>\n#5 0x564038ddbbee <unknown>\n#6 0x564038d82c42 <unknown>\n#7 0x564038d838f1 <unknown>\n#8 0x564039289f39 <unknown>\n#9 0x56403928ce7d <unknown>\n#10 0x564039272c81 <unknown>\n#11 0x56403928da5b <unknown>\n#12 0x564039259a50 <unknown>\n#13 0x5640392aeaa8 <unknown>\n#14 0x5640392aec79 <unknown>\n#15 0x5640392c04f3 <unknown>\n#16 0x7fafef29caa4 <unknown>\n#17 0x7fafef329c6c <unknown>\n\n","statusTrace":"  File \"/opt/hostedtoolcache/Python/3.12.12/x64/lib/python3.12/site-packages/allure_commons/_allure.py\", line 192, in impl\n    return func(*a, **kw)\n           ^^^^^^^^^^^^^^\n  File \"/home/runner/work/auto-tests-python/auto-tests-python/pages/speech_exercises_page_ru.py\", line 174, in get_statistic_data\n    table = self.element_is_present(self.locators.AuthorizedUserHomePageLocators.STATISTIC_TABLE)\n            ^^^^^^^^^^^^^^^^^^^^^^^^^^^^^^^^^^^^^^^^^^^^^^^^^^^^^^^^^^^^^^^^^^^^^^^^^^^^^^^^^^^^^\n  File \"/home/runner/work/auto-tests-python/auto-tests-python/pages/base_page.py\", line 32, in element_is_present\n    return Wait(self.driver, self.timeout).until(\n           ^^^^^^^^^^^^^^^^^^^^^^^^^^^^^^^^^^^^^^\n  File \"/opt/hostedtoolcache/Python/3.12.12/x64/lib/python3.12/site-packages/selenium/webdriver/support/wait.py\", line 95, in until\n    raise TimeoutException(message, screen, stacktrace)\n","steps":[{"name":"Click button \"Статистика\"\".","time":{"start":1767549435732,"stop":1767549435803,"duration":71},"status":"passed","steps":[],"attachments":[],"parameters":[],"stepsCount":0,"shouldDisplayMessage":false,"attachmentsCount":0,"hasContent":false,"attachmentStep":false},{"name":"Check statistic table is present and scroll to table","time":{"start":1767549435803,"stop":1767549445995,"duration":10192},"status":"broken","statusMessage":"selenium.common.exceptions.TimeoutException: Message: Can't find element by locator ('xpath', '//div[@class=\"__51e19\"]')\nStacktrace:\n#0 0x5640392c119a <unknown>\n#1 0x564038d3ec4b <unknown>\n#2 0x564038d90318 <unknown>\n#3 0x564038d90551 <unknown>\n#4 0x564038dde764 <unknown>\n#5 0x564038ddbbee <unknown>\n#6 0x564038d82c42 <unknown>\n#7 0x564038d838f1 <unknown>\n#8 0x564039289f39 <unknown>\n#9 0x56403928ce7d <unknown>\n#10 0x564039272c81 <unknown>\n#11 0x56403928da5b <unknown>\n#12 0x564039259a50 <unknown>\n#13 0x5640392aeaa8 <unknown>\n#14 0x5640392aec79 <unknown>\n#15 0x5640392c04f3 <unknown>\n#16 0x7fafef29caa4 <unknown>\n#17 0x7fafef329c6c <unknown>\n\n","statusTrace":"  File \"/home/runner/work/auto-tests-python/auto-tests-python/pages/speech_exercises_page_ru.py\", line 174, in get_statistic_data\n    table = self.element_is_present(self.locators.AuthorizedUserHomePageLocators.STATISTIC_TABLE)\n            ^^^^^^^^^^^^^^^^^^^^^^^^^^^^^^^^^^^^^^^^^^^^^^^^^^^^^^^^^^^^^^^^^^^^^^^^^^^^^^^^^^^^^\n  File \"/home/runner/work/auto-tests-python/auto-tests-python/pages/base_page.py\", line 32, in element_is_present\n    return Wait(self.driver, self.timeout).until(\n           ^^^^^^^^^^^^^^^^^^^^^^^^^^^^^^^^^^^^^^\n  File \"/opt/hostedtoolcache/Python/3.12.12/x64/lib/python3.12/site-packages/selenium/webdriver/support/wait.py\", line 95, in until\n    raise TimeoutException(message, screen, stacktrace)\n","steps":[],"attachments":[],"parameters":[],"stepsCount":0,"shouldDisplayMessage":true,"attachmentsCount":0,"hasContent":true,"attachmentStep":false}],"attachments":[],"parameters":[],"stepsCount":2,"shouldDisplayMessage":false,"attachmentsCount":0,"hasContent":true,"attachmentStep":false}],"attachments":[],"parameters":[],"stepsCount":3,"shouldDisplayMessage":true,"attachmentsCount":0,"hasContent":true,"attachmentStep":false},"afterStages":[{"name":"driver::0","time":{"start":1767549446012,"stop":1767549446083,"duration":71},"status":"passed","steps":[],"attachments":[],"parameters":[],"stepsCount":0,"shouldDisplayMessage":false,"attachmentsCount":0,"hasContent":false,"attachmentStep":false}],"labels":[{"name":"epic","value":"Speech exercises."},{"name":"suite","value":"Statistic."},{"name":"tag","value":"@pytest.mark.xfail"},{"name":"parentSuite","value":"tests"},{"name":"subSuite","value":"TestCardsRU"},{"name":"host","value":"runnervmh13bl"},{"name":"thread","value":"2605-MainThread"},{"name":"framework","value":"pytest"},{"name":"language","value":"cpython3"},{"name":"package","value":"tests.test_speech_exercises_ru"},{"name":"resultFormat","value":"allure2"}],"parameters":[],"links":[],"hidden":false,"retry":false,"extra":{"severity":"normal","retries":[],"categories":[],"history":{"statistic":{"failed":0,"broken":0,"skipped":53,"passed":6,"unknown":0,"total":59},"items":[{"uid":"5461ad9f0c1b9448","reportUrl":"https://Brain-up.github.io/auto-tests-python/792/#testresult/5461ad9f0c1b9448","status":"skipped","statusDetails":"XFAIL\n\nselenium.common.exceptions.TimeoutException: Message: Can't find element by locator ('xpath', '//div[@class=\"__51e19\"]')\nStacktrace:\n#0 0x56031424219a <unknown>\n#1 0x560313cbfc4b <unknown>\n#2 0x560313d11318 <unknown>\n#3 0x560313d11551 <unknown>\n#4 0x560313d5f764 <unknown>\n#5 0x560313d5cbee <unknown>\n#6 0x560313d03c42 <unknown>\n#7 0x560313d048f1 <unknown>\n#8 0x56031420af39 <unknown>\n#9 0x56031420de7d <unknown>\n#10 0x5603141f3c81 <unknown>\n#11 0x56031420ea5b <unknown>\n#12 0x5603141daa50 <unknown>\n#13 0x56031422faa8 <unknown>\n#14 0x56031422fc79 <unknown>\n#15 0x5603142414f3 <unknown>\n#16 0x7f9c2ce9caa4 <unknown>\n#17 0x7f9c2cf29c6c <unknown>","time":{"start":1767464403271,"stop":1767464413555,"duration":10284}},{"uid":"20e509a2e9552508","reportUrl":"https://Brain-up.github.io/auto-tests-python/791/#testresult/20e509a2e9552508","status":"skipped","statusDetails":"XFAIL\n\nselenium.common.exceptions.TimeoutException: Message: Can't find element by locator ('xpath', '//div[@class=\"__51e19\"]')\nStacktrace:\n#0 0x55bce011d19a <unknown>\n#1 0x55bcdfb9ac4b <unknown>\n#2 0x55bcdfbec318 <unknown>\n#3 0x55bcdfbec551 <unknown>\n#4 0x55bcdfc3a764 <unknown>\n#5 0x55bcdfc37bee <unknown>\n#6 0x55bcdfbdec42 <unknown>\n#7 0x55bcdfbdf8f1 <unknown>\n#8 0x55bce00e5f39 <unknown>\n#9 0x55bce00e8e7d <unknown>\n#10 0x55bce00cec81 <unknown>\n#11 0x55bce00e9a5b <unknown>\n#12 0x55bce00b5a50 <unknown>\n#13 0x55bce010aaa8 <unknown>\n#14 0x55bce010ac79 <unknown>\n#15 0x55bce011c4f3 <unknown>\n#16 0x7f2fb769caa4 <unknown>\n#17 0x7f2fb7729c6c <unknown>","time":{"start":1767351143408,"stop":1767351153662,"duration":10254}},{"uid":"a021228495952a5c","reportUrl":"https://Brain-up.github.io/auto-tests-python/790/#testresult/a021228495952a5c","status":"skipped","statusDetails":"XFAIL\n\nselenium.common.exceptions.TimeoutException: Message: Can't find element by locator ('xpath', '//div[@class=\"__51e19\"]')\nStacktrace:\n#0 0x55793abe619a <unknown>\n#1 0x55793a663c4b <unknown>\n#2 0x55793a6b5318 <unknown>\n#3 0x55793a6b5551 <unknown>\n#4 0x55793a703764 <unknown>\n#5 0x55793a700bee <unknown>\n#6 0x55793a6a7c42 <unknown>\n#7 0x55793a6a88f1 <unknown>\n#8 0x55793abaef39 <unknown>\n#9 0x55793abb1e7d <unknown>\n#10 0x55793ab97c81 <unknown>\n#11 0x55793abb2a5b <unknown>\n#12 0x55793ab7ea50 <unknown>\n#13 0x55793abd3aa8 <unknown>\n#14 0x55793abd3c79 <unknown>\n#15 0x55793abe54f3 <unknown>\n#16 0x7f0463a9caa4 <unknown>\n#17 0x7f0463b29c6c <unknown>","time":{"start":1767198525355,"stop":1767198535627,"duration":10272}},{"uid":"ffb7e433d529f9b","reportUrl":"https://Brain-up.github.io/auto-tests-python/789/#testresult/ffb7e433d529f9b","status":"skipped","statusDetails":"XFAIL\n\nselenium.common.exceptions.TimeoutException: Message: Can't find element by locator ('xpath', '//div[@class=\"__51e19\"]')\nStacktrace:\n#0 0x55562347a19a <unknown>\n#1 0x555622ef7c4b <unknown>\n#2 0x555622f49318 <unknown>\n#3 0x555622f49551 <unknown>\n#4 0x555622f97764 <unknown>\n#5 0x555622f94bee <unknown>\n#6 0x555622f3bc42 <unknown>\n#7 0x555622f3c8f1 <unknown>\n#8 0x555623442f39 <unknown>\n#9 0x555623445e7d <unknown>\n#10 0x55562342bc81 <unknown>\n#11 0x555623446a5b <unknown>\n#12 0x555623412a50 <unknown>\n#13 0x555623467aa8 <unknown>\n#14 0x555623467c79 <unknown>\n#15 0x5556234794f3 <unknown>\n#16 0x7fa58649caa4 <unknown>\n#17 0x7fa586529c6c <unknown>","time":{"start":1767088757533,"stop":1767088767805,"duration":10272}},{"uid":"f7f1e4c4c215d5ec","reportUrl":"https://Brain-up.github.io/auto-tests-python/788/#testresult/f7f1e4c4c215d5ec","status":"skipped","statusDetails":"XFAIL\n\nselenium.common.exceptions.TimeoutException: Message: Can't find element by locator ('xpath', '//div[@class=\"__51e19\"]')\nStacktrace:\n#0 0x5566af8dd19a <unknown>\n#1 0x5566af35ac4b <unknown>\n#2 0x5566af3ac318 <unknown>\n#3 0x5566af3ac551 <unknown>\n#4 0x5566af3fa764 <unknown>\n#5 0x5566af3f7bee <unknown>\n#6 0x5566af39ec42 <unknown>\n#7 0x5566af39f8f1 <unknown>\n#8 0x5566af8a5f39 <unknown>\n#9 0x5566af8a8e7d <unknown>\n#10 0x5566af88ec81 <unknown>\n#11 0x5566af8a9a5b <unknown>\n#12 0x5566af875a50 <unknown>\n#13 0x5566af8caaa8 <unknown>\n#14 0x5566af8cac79 <unknown>\n#15 0x5566af8dc4f3 <unknown>\n#16 0x7f79e829caa4 <unknown>\n#17 0x7f79e8329c6c <unknown>","time":{"start":1766998352684,"stop":1766998362911,"duration":10227}},{"uid":"32fb102013513037","reportUrl":"https://Brain-up.github.io/auto-tests-python/787/#testresult/32fb102013513037","status":"skipped","statusDetails":"XFAIL\n\nselenium.common.exceptions.TimeoutException: Message: Can't find element by locator ('xpath', '//div[@class=\"__51e19\"]')\nStacktrace:\n#0 0x5636301d619a <unknown>\n#1 0x56362fc53c4b <unknown>\n#2 0x56362fca5318 <unknown>\n#3 0x56362fca5551 <unknown>\n#4 0x56362fcf3764 <unknown>\n#5 0x56362fcf0bee <unknown>\n#6 0x56362fc97c42 <unknown>\n#7 0x56362fc988f1 <unknown>\n#8 0x56363019ef39 <unknown>\n#9 0x5636301a1e7d <unknown>\n#10 0x563630187c81 <unknown>\n#11 0x5636301a2a5b <unknown>\n#12 0x56363016ea50 <unknown>\n#13 0x5636301c3aa8 <unknown>\n#14 0x5636301c3c79 <unknown>\n#15 0x5636301d54f3 <unknown>\n#16 0x7f66b609caa4 <unknown>\n#17 0x7f66b6129c6c <unknown>","time":{"start":1766924170255,"stop":1766924180483,"duration":10228}},{"uid":"599ed9c704238cf1","reportUrl":"https://Brain-up.github.io/auto-tests-python/786/#testresult/599ed9c704238cf1","status":"skipped","statusDetails":"XFAIL\n\nselenium.common.exceptions.TimeoutException: Message: Can't find element by locator ('xpath', '//div[@class=\"__51e19\"]')\nStacktrace:\n#0 0x5628691d119a <unknown>\n#1 0x562868c4ec4b <unknown>\n#2 0x562868ca0318 <unknown>\n#3 0x562868ca0551 <unknown>\n#4 0x562868cee764 <unknown>\n#5 0x562868cebbee <unknown>\n#6 0x562868c92c42 <unknown>\n#7 0x562868c938f1 <unknown>\n#8 0x562869199f39 <unknown>\n#9 0x56286919ce7d <unknown>\n#10 0x562869182c81 <unknown>\n#11 0x56286919da5b <unknown>\n#12 0x562869169a50 <unknown>\n#13 0x5628691beaa8 <unknown>\n#14 0x5628691bec79 <unknown>\n#15 0x5628691d04f3 <unknown>\n#16 0x7fb1e369caa4 <unknown>\n#17 0x7fb1e3729c6c <unknown>","time":{"start":1766834400108,"stop":1766834410379,"duration":10271}},{"uid":"b4ebdab4d5947417","reportUrl":"https://Brain-up.github.io/auto-tests-python/785/#testresult/b4ebdab4d5947417","status":"skipped","statusDetails":"XFAIL\n\nselenium.common.exceptions.TimeoutException: Message: Can't find element by locator ('xpath', '//div[@class=\"__51e19\"]')\nStacktrace:\n#0 0x55f680d2319a <unknown>\n#1 0x55f6807a0c4b <unknown>\n#2 0x55f6807f2318 <unknown>\n#3 0x55f6807f2551 <unknown>\n#4 0x55f680840764 <unknown>\n#5 0x55f68083dbee <unknown>\n#6 0x55f6807e4c42 <unknown>\n#7 0x55f6807e58f1 <unknown>\n#8 0x55f680cebf39 <unknown>\n#9 0x55f680ceee7d <unknown>\n#10 0x55f680cd4c81 <unknown>\n#11 0x55f680cefa5b <unknown>\n#12 0x55f680cbba50 <unknown>\n#13 0x55f680d10aa8 <unknown>\n#14 0x55f680d10c79 <unknown>\n#15 0x55f680d224f3 <unknown>\n#16 0x7f667ca9caa4 <unknown>\n#17 0x7f667cb29c6c <unknown>","time":{"start":1766753296555,"stop":1766753306791,"duration":10236}},{"uid":"5ca04ae74e183aad","reportUrl":"https://Brain-up.github.io/auto-tests-python/784/#testresult/5ca04ae74e183aad","status":"skipped","statusDetails":"XFAIL\n\nselenium.common.exceptions.TimeoutException: Message: Can't find element by locator ('xpath', '//div[@class=\"__51e19\"]')\nStacktrace:\n#0 0x55d0d108619a <unknown>\n#1 0x55d0d0b03c4b <unknown>\n#2 0x55d0d0b55318 <unknown>\n#3 0x55d0d0b55551 <unknown>\n#4 0x55d0d0ba3764 <unknown>\n#5 0x55d0d0ba0bee <unknown>\n#6 0x55d0d0b47c42 <unknown>\n#7 0x55d0d0b488f1 <unknown>\n#8 0x55d0d104ef39 <unknown>\n#9 0x55d0d1051e7d <unknown>\n#10 0x55d0d1037c81 <unknown>\n#11 0x55d0d1052a5b <unknown>\n#12 0x55d0d101ea50 <unknown>\n#13 0x55d0d1073aa8 <unknown>\n#14 0x55d0d1073c79 <unknown>\n#15 0x55d0d10854f3 <unknown>\n#16 0x7fba98c9caa4 <unknown>\n#17 0x7fba98d29c6c <unknown>","time":{"start":1766688651173,"stop":1766688661439,"duration":10266}},{"uid":"b1625ffffb529ffd","reportUrl":"https://Brain-up.github.io/auto-tests-python/783/#testresult/b1625ffffb529ffd","status":"skipped","statusDetails":"XFAIL\n\nselenium.common.exceptions.TimeoutException: Message: Can't find element by locator ('xpath', '//div[@class=\"__51e19\"]')\nStacktrace:\n#0 0x5589288ff19a <unknown>\n#1 0x55892837cc4b <unknown>\n#2 0x5589283ce318 <unknown>\n#3 0x5589283ce551 <unknown>\n#4 0x55892841c764 <unknown>\n#5 0x558928419bee <unknown>\n#6 0x5589283c0c42 <unknown>\n#7 0x5589283c18f1 <unknown>\n#8 0x5589288c7f39 <unknown>\n#9 0x5589288cae7d <unknown>\n#10 0x5589288b0c81 <unknown>\n#11 0x5589288cba5b <unknown>\n#12 0x558928897a50 <unknown>\n#13 0x5589288ecaa8 <unknown>\n#14 0x5589288ecc79 <unknown>\n#15 0x5589288fe4f3 <unknown>\n#16 0x7ff74f09caa4 <unknown>\n#17 0x7ff74f129c6c <unknown>","time":{"start":1766575672348,"stop":1766575682612,"duration":10264}},{"uid":"24957e0dae1644bc","reportUrl":"https://Brain-up.github.io/auto-tests-python/782/#testresult/24957e0dae1644bc","status":"skipped","statusDetails":"XFAIL\n\nselenium.common.exceptions.TimeoutException: Message: Can't find element by locator ('xpath', '//div[@class=\"__51e19\"]')\nStacktrace:\n#0 0x55a50999e19a <unknown>\n#1 0x55a50941bc4b <unknown>\n#2 0x55a50946d318 <unknown>\n#3 0x55a50946d551 <unknown>\n#4 0x55a5094bb764 <unknown>\n#5 0x55a5094b8bee <unknown>\n#6 0x55a50945fc42 <unknown>\n#7 0x55a5094608f1 <unknown>\n#8 0x55a509966f39 <unknown>\n#9 0x55a509969e7d <unknown>\n#10 0x55a50994fc81 <unknown>\n#11 0x55a50996aa5b <unknown>\n#12 0x55a509936a50 <unknown>\n#13 0x55a50998baa8 <unknown>\n#14 0x55a50998bc79 <unknown>\n#15 0x55a50999d4f3 <unknown>\n#16 0x7fe4c509caa4 <unknown>\n#17 0x7fe4c5129c6c <unknown>","time":{"start":1766475924569,"stop":1766475934801,"duration":10232}},{"uid":"2199f14c77aad24","reportUrl":"https://Brain-up.github.io/auto-tests-python/781/#testresult/2199f14c77aad24","status":"skipped","statusDetails":"XFAIL\n\nselenium.common.exceptions.TimeoutException: Message: Can't find element by locator ('xpath', '//div[@class=\"__51e19\"]')\nStacktrace:\n#0 0x55dd2485a19a <unknown>\n#1 0x55dd242d7c4b <unknown>\n#2 0x55dd24329318 <unknown>\n#3 0x55dd24329551 <unknown>\n#4 0x55dd24377764 <unknown>\n#5 0x55dd24374bee <unknown>\n#6 0x55dd2431bc42 <unknown>\n#7 0x55dd2431c8f1 <unknown>\n#8 0x55dd24822f39 <unknown>\n#9 0x55dd24825e7d <unknown>\n#10 0x55dd2480bc81 <unknown>\n#11 0x55dd24826a5b <unknown>\n#12 0x55dd247f2a50 <unknown>\n#13 0x55dd24847aa8 <unknown>\n#14 0x55dd24847c79 <unknown>\n#15 0x55dd248594f3 <unknown>\n#16 0x7f588589caa4 <unknown>\n#17 0x7f5885929c6c <unknown>","time":{"start":1766401766546,"stop":1766401776848,"duration":10302}},{"uid":"83b830f407734d9d","reportUrl":"https://Brain-up.github.io/auto-tests-python/780/#testresult/83b830f407734d9d","status":"skipped","statusDetails":"XFAIL\n\nselenium.common.exceptions.TimeoutException: Message: Can't find element by locator ('xpath', '//div[@class=\"__51e19\"]')\nStacktrace:\n#0 0x564bc31be19a <unknown>\n#1 0x564bc2c3bc4b <unknown>\n#2 0x564bc2c8d318 <unknown>\n#3 0x564bc2c8d551 <unknown>\n#4 0x564bc2cdb764 <unknown>\n#5 0x564bc2cd8bee <unknown>\n#6 0x564bc2c7fc42 <unknown>\n#7 0x564bc2c808f1 <unknown>\n#8 0x564bc3186f39 <unknown>\n#9 0x564bc3189e7d <unknown>\n#10 0x564bc316fc81 <unknown>\n#11 0x564bc318aa5b <unknown>\n#12 0x564bc3156a50 <unknown>\n#13 0x564bc31abaa8 <unknown>\n#14 0x564bc31abc79 <unknown>\n#15 0x564bc31bd4f3 <unknown>\n#16 0x7f2e4389caa4 <unknown>\n#17 0x7f2e43929c6c <unknown>","time":{"start":1766324469721,"stop":1766324480015,"duration":10294}},{"uid":"e385e2c569939240","reportUrl":"https://Brain-up.github.io/auto-tests-python/779/#testresult/e385e2c569939240","status":"skipped","statusDetails":"XFAIL\n\nselenium.common.exceptions.TimeoutException: Message: Can't find element by locator ('xpath', '//div[@class=\"__51e19\"]')\nStacktrace:\n#0 0x5564e89e419a <unknown>\n#1 0x5564e8461c4b <unknown>\n#2 0x5564e84b3318 <unknown>\n#3 0x5564e84b3551 <unknown>\n#4 0x5564e8501764 <unknown>\n#5 0x5564e84febee <unknown>\n#6 0x5564e84a5c42 <unknown>\n#7 0x5564e84a68f1 <unknown>\n#8 0x5564e89acf39 <unknown>\n#9 0x5564e89afe7d <unknown>\n#10 0x5564e8995c81 <unknown>\n#11 0x5564e89b0a5b <unknown>\n#12 0x5564e897ca50 <unknown>\n#13 0x5564e89d1aa8 <unknown>\n#14 0x5564e89d1c79 <unknown>\n#15 0x5564e89e34f3 <unknown>\n#16 0x7f8734e9caa4 <unknown>\n#17 0x7f8734f29c6c <unknown>","time":{"start":1766230161881,"stop":1766230172134,"duration":10253}},{"uid":"4bb7059b1cde7699","reportUrl":"https://Brain-up.github.io/auto-tests-python/778/#testresult/4bb7059b1cde7699","status":"skipped","statusDetails":"XFAIL\n\nselenium.common.exceptions.TimeoutException: Message: Can't find element by locator ('xpath', '//div[@class=\"__51e19\"]')\nStacktrace:\n#0 0x562d9a45e19a <unknown>\n#1 0x562d99edbc4b <unknown>\n#2 0x562d99f2d318 <unknown>\n#3 0x562d99f2d551 <unknown>\n#4 0x562d99f7b764 <unknown>\n#5 0x562d99f78bee <unknown>\n#6 0x562d99f1fc42 <unknown>\n#7 0x562d99f208f1 <unknown>\n#8 0x562d9a426f39 <unknown>\n#9 0x562d9a429e7d <unknown>\n#10 0x562d9a40fc81 <unknown>\n#11 0x562d9a42aa5b <unknown>\n#12 0x562d9a3f6a50 <unknown>\n#13 0x562d9a44baa8 <unknown>\n#14 0x562d9a44bc79 <unknown>\n#15 0x562d9a45d4f3 <unknown>\n#16 0x7f6d2fa9caa4 <unknown>\n#17 0x7f6d2fb29c6c <unknown>","time":{"start":1766133829275,"stop":1766133839540,"duration":10265}},{"uid":"d75feaf285c12845","reportUrl":"https://Brain-up.github.io/auto-tests-python/777/#testresult/d75feaf285c12845","status":"skipped","statusDetails":"XFAIL\n\nselenium.common.exceptions.TimeoutException: Message: Can't find element by locator ('xpath', '//div[@class=\"__51e19\"]')\nStacktrace:\n#0 0x55bd3c4e019a <unknown>\n#1 0x55bd3bf5dc4b <unknown>\n#2 0x55bd3bfaf318 <unknown>\n#3 0x55bd3bfaf551 <unknown>\n#4 0x55bd3bffd764 <unknown>\n#5 0x55bd3bffabee <unknown>\n#6 0x55bd3bfa1c42 <unknown>\n#7 0x55bd3bfa28f1 <unknown>\n#8 0x55bd3c4a8f39 <unknown>\n#9 0x55bd3c4abe7d <unknown>\n#10 0x55bd3c491c81 <unknown>\n#11 0x55bd3c4aca5b <unknown>\n#12 0x55bd3c478a50 <unknown>\n#13 0x55bd3c4cdaa8 <unknown>\n#14 0x55bd3c4cdc79 <unknown>\n#15 0x55bd3c4df4f3 <unknown>\n#16 0x7f76b909caa4 <unknown>\n#17 0x7f76b9129c6c <unknown>","time":{"start":1766052537933,"stop":1766052548209,"duration":10276}},{"uid":"1fbe516ffd956897","reportUrl":"https://Brain-up.github.io/auto-tests-python/776/#testresult/1fbe516ffd956897","status":"skipped","statusDetails":"XFAIL\n\nselenium.common.exceptions.TimeoutException: Message: Can't find element by locator ('xpath', '//div[@class=\"__51e19\"]')\nStacktrace:\n#0 0x55f2cc2af16a <unknown>\n#1 0x55f2cbd2cc4b <unknown>\n#2 0x55f2cbd7e318 <unknown>\n#3 0x55f2cbd7e551 <unknown>\n#4 0x55f2cbdcc764 <unknown>\n#5 0x55f2cbdc9bee <unknown>\n#6 0x55f2cbd70c42 <unknown>\n#7 0x55f2cbd718f1 <unknown>\n#8 0x55f2cc277f09 <unknown>\n#9 0x55f2cc27ae4d <unknown>\n#10 0x55f2cc260c51 <unknown>\n#11 0x55f2cc27ba2b <unknown>\n#12 0x55f2cc247a20 <unknown>\n#13 0x55f2cc29ca78 <unknown>\n#14 0x55f2cc29cc49 <unknown>\n#15 0x55f2cc2ae4c3 <unknown>\n#16 0x7fefe769caa4 <unknown>\n#17 0x7fefe7729c6c <unknown>","time":{"start":1765970412589,"stop":1765970422873,"duration":10284}},{"uid":"28591f70dbf7106f","reportUrl":"https://Brain-up.github.io/auto-tests-python/775/#testresult/28591f70dbf7106f","status":"passed","statusDetails":"XPASS","time":{"start":1765883622282,"stop":1765883623667,"duration":1385}},{"uid":"472dd05f45c0ec00","reportUrl":"https://Brain-up.github.io/auto-tests-python/774/#testresult/472dd05f45c0ec00","status":"passed","statusDetails":"XPASS","time":{"start":1765800485884,"stop":1765800487183,"duration":1299}},{"uid":"a3f796bc0d3f5914","reportUrl":"https://Brain-up.github.io/auto-tests-python/773/#testresult/a3f796bc0d3f5914","status":"skipped","statusDetails":"XFAIL\n\nselenium.common.exceptions.TimeoutException: Message: Can't find element by locator ('xpath', '//div[@class=\"__51e19\"]')\nStacktrace:\n#0 0x556c55d3c16a <unknown>\n#1 0x556c557b9c4b <unknown>\n#2 0x556c5580b318 <unknown>\n#3 0x556c5580b551 <unknown>\n#4 0x556c55859764 <unknown>\n#5 0x556c55856bee <unknown>\n#6 0x556c557fdc42 <unknown>\n#7 0x556c557fe8f1 <unknown>\n#8 0x556c55d04f09 <unknown>\n#9 0x556c55d07e4d <unknown>\n#10 0x556c55cedc51 <unknown>\n#11 0x556c55d08a2b <unknown>\n#12 0x556c55cd4a20 <unknown>\n#13 0x556c55d29a78 <unknown>\n#14 0x556c55d29c49 <unknown>\n#15 0x556c55d3b4c3 <unknown>\n#16 0x7f5a92c9caa4 <unknown>\n#17 0x7f5a92d29c6c <unknown>","time":{"start":1765737508364,"stop":1765737518627,"duration":10263}}]},"tags":["@pytest.mark.xfail"]},"source":"79719cf141bb0060.json","parameterValues":[]}