{"uid":"82c5191a6db0c02e","name":"Select a random card from \"Similar phrases\" group and compare UI vs BACKEND data","fullName":"tests.test_speech_exercises_en.TestCardsEN#test_random_cards_in_similar_phrases_en","historyId":"106afe14e1824ad4b55b346a52794d4b","time":{"start":1768195578203,"stop":1768195588560,"duration":10357},"status":"skipped","statusMessage":"XFAIL\n\nselenium.common.exceptions.TimeoutException: Message: Can't find element by locator ('xpath', '//button[@data-test-active-link=\"Similar phrases\"]')\nStacktrace:\n#0 0x555c5ec9161a <unknown>\n#1 0x555c5e70e20b <unknown>\n#2 0x555c5e75f90f <unknown>\n#3 0x555c5e75fb51 <unknown>\n#4 0x555c5e7add84 <unknown>\n#5 0x555c5e7ab20e <unknown>\n#6 0x555c5e752232 <unknown>\n#7 0x555c5e752ee1 <unknown>\n#8 0x555c5ec5a3f9 <unknown>\n#9 0x555c5ec5d34d <unknown>\n#10 0x555c5ec43122 <unknown>\n#11 0x555c5ec5df2b <unknown>\n#12 0x555c5ec29c30 <unknown>\n#13 0x555c5ec7ed78 <unknown>\n#14 0x555c5ec7ef4c <unknown>\n#15 0x555c5ec90973 <unknown>\n#16 0x7fcff629caa4 <unknown>\n#17 0x7fcff6329c6c <unknown>","statusTrace":"self = <tests.test_speech_exercises_en.TestCardsEN object at 0x7f8ee17211f0>\ndriver = <selenium.webdriver.chrome.webdriver.WebDriver (session=\"51da350a397f21b8096446146b27ccf7\")>\nspecialist_user_authorized = None\n\n    @pytest.mark.xfail\n    @allure.suite(\"Speech exercises EN.\")\n    @allure.title('Select a random card from \"Similar phrases\" group and compare UI vs BACKEND data')\n    def test_random_cards_in_similar_phrases_en(self, driver, specialist_user_authorized):\n        page = SpeechExercisesPage(driver)\n>       page.select_group(SpeechExercisesPageLocators.SIMILAR_PHRASES_EN)\n\ntests/test_speech_exercises_en.py:57: \n_ _ _ _ _ _ _ _ _ _ _ _ _ _ _ _ _ _ _ _ _ _ _ _ _ _ _ _ _ _ _ _ _ _ _ _ _ _ _ _ \npages/speech_exercises_page_en.py:18: in select_group\n    text_of_the_button = self.element_is_present_and_clickable(selector_for_sub_group)\npages/base_page.py:40: in element_is_present_and_clickable\n    return (Wait(self.driver, self.timeout).until(\n_ _ _ _ _ _ _ _ _ _ _ _ _ _ _ _ _ _ _ _ _ _ _ _ _ _ _ _ _ _ _ _ _ _ _ _ _ _ _ _ \n\nself = <selenium.webdriver.support.wait.WebDriverWait (session=\"51da350a397f21b8096446146b27ccf7\")>\nmethod = <function visibility_of_element_located.<locals>._predicate at 0x7f8ee164a020>\nmessage = 'Can\\'t find element by locator (\\'xpath\\', \\'//button[@data-test-active-link=\"Similar phrases\"]\\')'\n\n    def until(self, method, message: str = \"\"):\n        \"\"\"Calls the method provided with the driver as an argument until the \\\n        return value does not evaluate to ``False``.\n    \n        :param method: callable(WebDriver)\n        :param message: optional message for :exc:`TimeoutException`\n        :returns: the result of the last call to `method`\n        :raises: :exc:`selenium.common.exceptions.TimeoutException` if timeout occurs\n        \"\"\"\n        screen = None\n        stacktrace = None\n    \n        end_time = time.monotonic() + self._timeout\n        while True:\n            try:\n                value = method(self._driver)\n                if value:\n                    return value\n            except self._ignored_exceptions as exc:\n                screen = getattr(exc, \"screen\", None)\n                stacktrace = getattr(exc, \"stacktrace\", None)\n            time.sleep(self._poll)\n            if time.monotonic() > end_time:\n                break\n>       raise TimeoutException(message, screen, stacktrace)\nE       selenium.common.exceptions.TimeoutException: Message: Can't find element by locator ('xpath', '//button[@data-test-active-link=\"Similar phrases\"]')\nE       Stacktrace:\nE       #0 0x555c5ec9161a <unknown>\nE       #1 0x555c5e70e20b <unknown>\nE       #2 0x555c5e75f90f <unknown>\nE       #3 0x555c5e75fb51 <unknown>\nE       #4 0x555c5e7add84 <unknown>\nE       #5 0x555c5e7ab20e <unknown>\nE       #6 0x555c5e752232 <unknown>\nE       #7 0x555c5e752ee1 <unknown>\nE       #8 0x555c5ec5a3f9 <unknown>\nE       #9 0x555c5ec5d34d <unknown>\nE       #10 0x555c5ec43122 <unknown>\nE       #11 0x555c5ec5df2b <unknown>\nE       #12 0x555c5ec29c30 <unknown>\nE       #13 0x555c5ec7ed78 <unknown>\nE       #14 0x555c5ec7ef4c <unknown>\nE       #15 0x555c5ec90973 <unknown>\nE       #16 0x7fcff629caa4 <unknown>\nE       #17 0x7fcff6329c6c <unknown>\n\n/opt/hostedtoolcache/Python/3.12.12/x64/lib/python3.12/site-packages/selenium/webdriver/support/wait.py:95: TimeoutException","flaky":false,"newFailed":false,"newBroken":false,"newPassed":false,"retriesCount":0,"retriesStatusChange":false,"beforeStages":[{"name":"clear_allure_results_folder","time":{"start":1768194432314,"stop":1768194432314,"duration":0},"status":"passed","steps":[],"attachments":[],"parameters":[],"stepsCount":0,"shouldDisplayMessage":false,"attachmentsCount":0,"hasContent":false,"attachmentStep":false},{"name":"driver","time":{"start":1768195572385,"stop":1768195573147,"duration":762},"status":"passed","steps":[],"attachments":[],"parameters":[],"stepsCount":0,"shouldDisplayMessage":false,"attachmentsCount":0,"hasContent":false,"attachmentStep":false},{"name":"main_page_open","time":{"start":1768195573147,"stop":1768195575783,"duration":2636},"status":"passed","steps":[{"name":"Open page: https://www.brainup.site/","time":{"start":1768195573147,"stop":1768195575783,"duration":2636},"status":"passed","steps":[],"attachments":[],"parameters":[{"name":"driver","value":"<selenium.webdriver.chrome.webdriver.WebDriver (session=\"51da350a397f21b8096446146b27ccf7\")>"}],"stepsCount":0,"shouldDisplayMessage":false,"attachmentsCount":0,"hasContent":true,"attachmentStep":false}],"attachments":[],"parameters":[],"stepsCount":1,"shouldDisplayMessage":false,"attachmentsCount":0,"hasContent":true,"attachmentStep":false},{"name":"specialist_user_authorized","time":{"start":1768195575783,"stop":1768195578203,"duration":2420},"status":"passed","steps":[{"name":"USER specialist authorized","time":{"start":1768195575783,"stop":1768195578203,"duration":2420},"status":"passed","steps":[{"name":"Check url is present: https://www.brainup.site/groups","time":{"start":1768195576162,"stop":1768195578180,"duration":2018},"status":"passed","steps":[],"attachments":[],"parameters":[],"stepsCount":0,"shouldDisplayMessage":false,"attachmentsCount":0,"hasContent":false,"attachmentStep":false},{"name":"Loader checking","time":{"start":1768195578180,"stop":1768195578203,"duration":23},"status":"passed","steps":[],"attachments":[],"parameters":[],"stepsCount":0,"shouldDisplayMessage":false,"attachmentsCount":0,"hasContent":false,"attachmentStep":false}],"attachments":[],"parameters":[{"name":"driver","value":"<selenium.webdriver.chrome.webdriver.WebDriver (session=\"51da350a397f21b8096446146b27ccf7\")>"},{"name":"main_page_open","value":"None"}],"stepsCount":2,"shouldDisplayMessage":false,"attachmentsCount":0,"hasContent":true,"attachmentStep":false}],"attachments":[],"parameters":[],"stepsCount":3,"shouldDisplayMessage":false,"attachmentsCount":0,"hasContent":true,"attachmentStep":false}],"testStage":{"status":"skipped","statusMessage":"XFAIL\n\nselenium.common.exceptions.TimeoutException: Message: Can't find element by locator ('xpath', '//button[@data-test-active-link=\"Similar phrases\"]')\nStacktrace:\n#0 0x555c5ec9161a <unknown>\n#1 0x555c5e70e20b <unknown>\n#2 0x555c5e75f90f <unknown>\n#3 0x555c5e75fb51 <unknown>\n#4 0x555c5e7add84 <unknown>\n#5 0x555c5e7ab20e <unknown>\n#6 0x555c5e752232 <unknown>\n#7 0x555c5e752ee1 <unknown>\n#8 0x555c5ec5a3f9 <unknown>\n#9 0x555c5ec5d34d <unknown>\n#10 0x555c5ec43122 <unknown>\n#11 0x555c5ec5df2b <unknown>\n#12 0x555c5ec29c30 <unknown>\n#13 0x555c5ec7ed78 <unknown>\n#14 0x555c5ec7ef4c <unknown>\n#15 0x555c5ec90973 <unknown>\n#16 0x7fcff629caa4 <unknown>\n#17 0x7fcff6329c6c <unknown>","statusTrace":"self = <tests.test_speech_exercises_en.TestCardsEN object at 0x7f8ee17211f0>\ndriver = <selenium.webdriver.chrome.webdriver.WebDriver (session=\"51da350a397f21b8096446146b27ccf7\")>\nspecialist_user_authorized = None\n\n    @pytest.mark.xfail\n    @allure.suite(\"Speech exercises EN.\")\n    @allure.title('Select a random card from \"Similar phrases\" group and compare UI vs BACKEND data')\n    def test_random_cards_in_similar_phrases_en(self, driver, specialist_user_authorized):\n        page = SpeechExercisesPage(driver)\n>       page.select_group(SpeechExercisesPageLocators.SIMILAR_PHRASES_EN)\n\ntests/test_speech_exercises_en.py:57: \n_ _ _ _ _ _ _ _ _ _ _ _ _ _ _ _ _ _ _ _ _ _ _ _ _ _ _ _ _ _ _ _ _ _ _ _ _ _ _ _ \npages/speech_exercises_page_en.py:18: in select_group\n    text_of_the_button = self.element_is_present_and_clickable(selector_for_sub_group)\npages/base_page.py:40: in element_is_present_and_clickable\n    return (Wait(self.driver, self.timeout).until(\n_ _ _ _ _ _ _ _ _ _ _ _ _ _ _ _ _ _ _ _ _ _ _ _ _ _ _ _ _ _ _ _ _ _ _ _ _ _ _ _ \n\nself = <selenium.webdriver.support.wait.WebDriverWait (session=\"51da350a397f21b8096446146b27ccf7\")>\nmethod = <function visibility_of_element_located.<locals>._predicate at 0x7f8ee164a020>\nmessage = 'Can\\'t find element by locator (\\'xpath\\', \\'//button[@data-test-active-link=\"Similar phrases\"]\\')'\n\n    def until(self, method, message: str = \"\"):\n        \"\"\"Calls the method provided with the driver as an argument until the \\\n        return value does not evaluate to ``False``.\n    \n        :param method: callable(WebDriver)\n        :param message: optional message for :exc:`TimeoutException`\n        :returns: the result of the last call to `method`\n        :raises: :exc:`selenium.common.exceptions.TimeoutException` if timeout occurs\n        \"\"\"\n        screen = None\n        stacktrace = None\n    \n        end_time = time.monotonic() + self._timeout\n        while True:\n            try:\n                value = method(self._driver)\n                if value:\n                    return value\n            except self._ignored_exceptions as exc:\n                screen = getattr(exc, \"screen\", None)\n                stacktrace = getattr(exc, \"stacktrace\", None)\n            time.sleep(self._poll)\n            if time.monotonic() > end_time:\n                break\n>       raise TimeoutException(message, screen, stacktrace)\nE       selenium.common.exceptions.TimeoutException: Message: Can't find element by locator ('xpath', '//button[@data-test-active-link=\"Similar phrases\"]')\nE       Stacktrace:\nE       #0 0x555c5ec9161a <unknown>\nE       #1 0x555c5e70e20b <unknown>\nE       #2 0x555c5e75f90f <unknown>\nE       #3 0x555c5e75fb51 <unknown>\nE       #4 0x555c5e7add84 <unknown>\nE       #5 0x555c5e7ab20e <unknown>\nE       #6 0x555c5e752232 <unknown>\nE       #7 0x555c5e752ee1 <unknown>\nE       #8 0x555c5ec5a3f9 <unknown>\nE       #9 0x555c5ec5d34d <unknown>\nE       #10 0x555c5ec43122 <unknown>\nE       #11 0x555c5ec5df2b <unknown>\nE       #12 0x555c5ec29c30 <unknown>\nE       #13 0x555c5ec7ed78 <unknown>\nE       #14 0x555c5ec7ef4c <unknown>\nE       #15 0x555c5ec90973 <unknown>\nE       #16 0x7fcff629caa4 <unknown>\nE       #17 0x7fcff6329c6c <unknown>\n\n/opt/hostedtoolcache/Python/3.12.12/x64/lib/python3.12/site-packages/selenium/webdriver/support/wait.py:95: TimeoutException","steps":[{"name":"select_group","time":{"start":1768195578204,"stop":1768195588560,"duration":10356},"status":"broken","statusMessage":"selenium.common.exceptions.TimeoutException: Message: Can't find element by locator ('xpath', '//button[@data-test-active-link=\"Similar phrases\"]')\nStacktrace:\n#0 0x555c5ec9161a <unknown>\n#1 0x555c5e70e20b <unknown>\n#2 0x555c5e75f90f <unknown>\n#3 0x555c5e75fb51 <unknown>\n#4 0x555c5e7add84 <unknown>\n#5 0x555c5e7ab20e <unknown>\n#6 0x555c5e752232 <unknown>\n#7 0x555c5e752ee1 <unknown>\n#8 0x555c5ec5a3f9 <unknown>\n#9 0x555c5ec5d34d <unknown>\n#10 0x555c5ec43122 <unknown>\n#11 0x555c5ec5df2b <unknown>\n#12 0x555c5ec29c30 <unknown>\n#13 0x555c5ec7ed78 <unknown>\n#14 0x555c5ec7ef4c <unknown>\n#15 0x555c5ec90973 <unknown>\n#16 0x7fcff629caa4 <unknown>\n#17 0x7fcff6329c6c <unknown>\n\n","statusTrace":"  File \"/opt/hostedtoolcache/Python/3.12.12/x64/lib/python3.12/site-packages/allure_commons/_allure.py\", line 192, in impl\n    return func(*a, **kw)\n           ^^^^^^^^^^^^^^\n  File \"/home/runner/work/auto-tests-python/auto-tests-python/pages/speech_exercises_page_en.py\", line 18, in select_group\n    text_of_the_button = self.element_is_present_and_clickable(selector_for_sub_group)\n                         ^^^^^^^^^^^^^^^^^^^^^^^^^^^^^^^^^^^^^^^^^^^^^^^^^^^^^^^^^^^^^\n  File \"/home/runner/work/auto-tests-python/auto-tests-python/pages/base_page.py\", line 40, in element_is_present_and_clickable\n    return (Wait(self.driver, self.timeout).until(\n            ^^^^^^^^^^^^^^^^^^^^^^^^^^^^^^^^^^^^^^\n  File \"/opt/hostedtoolcache/Python/3.12.12/x64/lib/python3.12/site-packages/selenium/webdriver/support/wait.py\", line 95, in until\n    raise TimeoutException(message, screen, stacktrace)\n","steps":[{"name":"Select Russian language. Click \"EN\" button.","time":{"start":1768195578204,"stop":1768195578283,"duration":79},"status":"passed","steps":[],"attachments":[],"parameters":[],"stepsCount":0,"shouldDisplayMessage":false,"attachmentsCount":0,"hasContent":false,"attachmentStep":false},{"name":"Click button \"SPEECH EXERCISES\".","time":{"start":1768195578283,"stop":1768195578361,"duration":78},"status":"passed","steps":[],"attachments":[],"parameters":[],"stepsCount":0,"shouldDisplayMessage":false,"attachmentsCount":0,"hasContent":false,"attachmentStep":false}],"attachments":[],"parameters":[{"name":"selector_for_sub_group","value":"('xpath', '//button[@data-test-active-link=\"Similar phrases\"]')"}],"stepsCount":2,"shouldDisplayMessage":true,"attachmentsCount":0,"hasContent":true,"attachmentStep":false}],"attachments":[],"parameters":[],"stepsCount":3,"shouldDisplayMessage":true,"attachmentsCount":0,"hasContent":true,"attachmentStep":false},"afterStages":[{"name":"driver::0","time":{"start":1768195588570,"stop":1768195588639,"duration":69},"status":"passed","steps":[],"attachments":[],"parameters":[],"stepsCount":0,"shouldDisplayMessage":false,"attachmentsCount":0,"hasContent":false,"attachmentStep":false}],"labels":[{"name":"epic","value":"Speech exercises."},{"name":"suite","value":"Speech exercises EN."},{"name":"tag","value":"@pytest.mark.xfail"},{"name":"parentSuite","value":"tests"},{"name":"subSuite","value":"TestCardsEN"},{"name":"host","value":"runnervmi13qx"},{"name":"thread","value":"2613-MainThread"},{"name":"framework","value":"pytest"},{"name":"language","value":"cpython3"},{"name":"package","value":"tests.test_speech_exercises_en"},{"name":"resultFormat","value":"allure2"}],"parameters":[],"links":[],"hidden":false,"retry":false,"extra":{"severity":"normal","retries":[],"categories":[],"history":{"statistic":{"failed":0,"broken":0,"skipped":7,"passed":0,"unknown":0,"total":7},"items":[{"uid":"a9fe0cc3156105a3","reportUrl":"https://Brain-up.github.io/auto-tests-python/799/#testresult/a9fe0cc3156105a3","status":"skipped","statusDetails":"XFAIL\n\nselenium.common.exceptions.TimeoutException: Message: Can't find element by locator ('xpath', '//button[@data-test-active-link=\"Similar phrases\"]')\nStacktrace:\n#0 0x55d2e02fb61a <unknown>\n#1 0x55d2dfd7820b <unknown>\n#2 0x55d2dfdc990f <unknown>\n#3 0x55d2dfdc9b51 <unknown>\n#4 0x55d2dfe17d84 <unknown>\n#5 0x55d2dfe1520e <unknown>\n#6 0x55d2dfdbc232 <unknown>\n#7 0x55d2dfdbcee1 <unknown>\n#8 0x55d2e02c43f9 <unknown>\n#9 0x55d2e02c734d <unknown>\n#10 0x55d2e02ad122 <unknown>\n#11 0x55d2e02c7f2b <unknown>\n#12 0x55d2e0293c30 <unknown>\n#13 0x55d2e02e8d78 <unknown>\n#14 0x55d2e02e8f4c <unknown>\n#15 0x55d2e02fa973 <unknown>\n#16 0x7ff4c1c9caa4 <unknown>\n#17 0x7ff4c1d29c6c <unknown>","time":{"start":1768045837602,"stop":1768045847997,"duration":10395}},{"uid":"58ec2a79497fa578","reportUrl":"https://Brain-up.github.io/auto-tests-python/798/#testresult/58ec2a79497fa578","status":"skipped","statusDetails":"XFAIL\n\nselenium.common.exceptions.TimeoutException: Message: Can't find element by locator ('xpath', '//button[@data-test-active-link=\"Similar phrases\"]')\nStacktrace:\n#0 0x561c0532c61a <unknown>\n#1 0x561c04da920b <unknown>\n#2 0x561c04dfa90f <unknown>\n#3 0x561c04dfab51 <unknown>\n#4 0x561c04e48d84 <unknown>\n#5 0x561c04e4620e <unknown>\n#6 0x561c04ded232 <unknown>\n#7 0x561c04dedee1 <unknown>\n#8 0x561c052f53f9 <unknown>\n#9 0x561c052f834d <unknown>\n#10 0x561c052de122 <unknown>\n#11 0x561c052f8f2b <unknown>\n#12 0x561c052c4c30 <unknown>\n#13 0x561c05319d78 <unknown>\n#14 0x561c05319f4c <unknown>\n#15 0x561c0532b973 <unknown>\n#16 0x7f54a4e9caa4 <unknown>\n#17 0x7f54a4f29c6c <unknown>","time":{"start":1767952522809,"stop":1767952533196,"duration":10387}},{"uid":"511368c60be5eb70","reportUrl":"https://Brain-up.github.io/auto-tests-python/797/#testresult/511368c60be5eb70","status":"skipped","statusDetails":"XFAIL\n\nselenium.common.exceptions.TimeoutException: Message: Can't find element by locator ('xpath', '//button[@data-test-active-link=\"Similar phrases\"]')\nStacktrace:\n#0 0x564832c0119a <unknown>\n#1 0x56483267ec4b <unknown>\n#2 0x5648326d0318 <unknown>\n#3 0x5648326d0551 <unknown>\n#4 0x56483271e764 <unknown>\n#5 0x56483271bbee <unknown>\n#6 0x5648326c2c42 <unknown>\n#7 0x5648326c38f1 <unknown>\n#8 0x564832bc9f39 <unknown>\n#9 0x564832bcce7d <unknown>\n#10 0x564832bb2c81 <unknown>\n#11 0x564832bcda5b <unknown>\n#12 0x564832b99a50 <unknown>\n#13 0x564832beeaa8 <unknown>\n#14 0x564832beec79 <unknown>\n#15 0x564832c004f3 <unknown>\n#16 0x7f22f9e9caa4 <unknown>\n#17 0x7f22f9f29c6c <unknown>","time":{"start":1767868014309,"stop":1767868024651,"duration":10342}},{"uid":"a4130aeca91dc074","reportUrl":"https://Brain-up.github.io/auto-tests-python/796/#testresult/a4130aeca91dc074","status":"skipped","statusDetails":"XFAIL\n\nselenium.common.exceptions.TimeoutException: Message: Can't find element by locator ('xpath', '//button[@data-test-active-link=\"Similar phrases\"]')\nStacktrace:\n#0 0x5566301ea19a <unknown>\n#1 0x55662fc67c4b <unknown>\n#2 0x55662fcb9318 <unknown>\n#3 0x55662fcb9551 <unknown>\n#4 0x55662fd07764 <unknown>\n#5 0x55662fd04bee <unknown>\n#6 0x55662fcabc42 <unknown>\n#7 0x55662fcac8f1 <unknown>\n#8 0x5566301b2f39 <unknown>\n#9 0x5566301b5e7d <unknown>\n#10 0x55663019bc81 <unknown>\n#11 0x5566301b6a5b <unknown>\n#12 0x556630182a50 <unknown>\n#13 0x5566301d7aa8 <unknown>\n#14 0x5566301d7c79 <unknown>\n#15 0x5566301e94f3 <unknown>\n#16 0x7ff03b69caa4 <unknown>\n#17 0x7ff03b729c6c <unknown>","time":{"start":1767792677080,"stop":1767792687536,"duration":10456}},{"uid":"5957a29d444fdf99","reportUrl":"https://Brain-up.github.io/auto-tests-python/795/#testresult/5957a29d444fdf99","status":"skipped","statusDetails":"XFAIL\n\nselenium.common.exceptions.TimeoutException: Message: Can't find element by locator ('xpath', '//button[@data-test-active-link=\"Similar phrases\"]')\nStacktrace:\n#0 0x55c8806a919a <unknown>\n#1 0x55c880126c4b <unknown>\n#2 0x55c880178318 <unknown>\n#3 0x55c880178551 <unknown>\n#4 0x55c8801c6764 <unknown>\n#5 0x55c8801c3bee <unknown>\n#6 0x55c88016ac42 <unknown>\n#7 0x55c88016b8f1 <unknown>\n#8 0x55c880671f39 <unknown>\n#9 0x55c880674e7d <unknown>\n#10 0x55c88065ac81 <unknown>\n#11 0x55c880675a5b <unknown>\n#12 0x55c880641a50 <unknown>\n#13 0x55c880696aa8 <unknown>\n#14 0x55c880696c79 <unknown>\n#15 0x55c8806a84f3 <unknown>\n#16 0x7f251e29caa4 <unknown>\n#17 0x7f251e329c6c <unknown>","time":{"start":1767707383221,"stop":1767707393596,"duration":10375}},{"uid":"a008e75f4e141fcf","reportUrl":"https://Brain-up.github.io/auto-tests-python/794/#testresult/a008e75f4e141fcf","status":"skipped","statusDetails":"XFAIL\n\nselenium.common.exceptions.TimeoutException: Message: Can't find element by locator ('xpath', '//button[@data-test-active-link=\"Similar phrases\"]')\nStacktrace:\n#0 0x5575aaeef19a <unknown>\n#1 0x5575aa96cc4b <unknown>\n#2 0x5575aa9be318 <unknown>\n#3 0x5575aa9be551 <unknown>\n#4 0x5575aaa0c764 <unknown>\n#5 0x5575aaa09bee <unknown>\n#6 0x5575aa9b0c42 <unknown>\n#7 0x5575aa9b18f1 <unknown>\n#8 0x5575aaeb7f39 <unknown>\n#9 0x5575aaebae7d <unknown>\n#10 0x5575aaea0c81 <unknown>\n#11 0x5575aaebba5b <unknown>\n#12 0x5575aae87a50 <unknown>\n#13 0x5575aaedcaa8 <unknown>\n#14 0x5575aaedcc79 <unknown>\n#15 0x5575aaeee4f3 <unknown>\n#16 0x7fad4ba9caa4 <unknown>\n#17 0x7fad4bb29c6c <unknown>","time":{"start":1767702518301,"stop":1767702528641,"duration":10340}}]},"tags":["@pytest.mark.xfail"]},"source":"82c5191a6db0c02e.json","parameterValues":[]}