{"uid":"4fe596fa0c231e6","name":"Solutions to a random task in the \"Слова Королёвой\" .","fullName":"tests.test_speech_exercises_ru.TestCardsRU#test_solve_koroleva_cards_ru","historyId":"c9fe4fbd9394e2fb5a6898be66ba433b","time":{"start":1767707507219,"stop":1767707517561,"duration":10342},"status":"skipped","statusMessage":"XFAIL\n\nselenium.common.exceptions.TimeoutException: Message: Can't find element by locator ('xpath', '//a[text()=\"Упражнения\"]')\nStacktrace:\n#0 0x55d35173519a <unknown>\n#1 0x55d3511b2c4b <unknown>\n#2 0x55d351204318 <unknown>\n#3 0x55d351204551 <unknown>\n#4 0x55d351252764 <unknown>\n#5 0x55d35124fbee <unknown>\n#6 0x55d3511f6c42 <unknown>\n#7 0x55d3511f78f1 <unknown>\n#8 0x55d3516fdf39 <unknown>\n#9 0x55d351700e7d <unknown>\n#10 0x55d3516e6c81 <unknown>\n#11 0x55d351701a5b <unknown>\n#12 0x55d3516cda50 <unknown>\n#13 0x55d351722aa8 <unknown>\n#14 0x55d351722c79 <unknown>\n#15 0x55d3517344f3 <unknown>\n#16 0x7f03fbe9caa4 <unknown>\n#17 0x7f03fbf29c6c <unknown>","statusTrace":"self = <tests.test_speech_exercises_ru.TestCardsRU object at 0x7fe24b1432f0>\ndriver = <selenium.webdriver.chrome.webdriver.WebDriver (session=\"7737a1f403c663804b18b58e60781743\")>\ndefault_user_authorized = None\n\n    @pytest.mark.xfail\n    @allure.suite(\"Речевые упражнения.\")\n    @allure.title('Solutions to a random task in the \"Слова Королёвой\" .')\n    def test_solve_koroleva_cards_ru(self, driver, default_user_authorized):\n        page = SpeechExercisesPageRU(driver)\n>       page.click_button_exercises()\n\ntests/test_speech_exercises_ru.py:144: \n_ _ _ _ _ _ _ _ _ _ _ _ _ _ _ _ _ _ _ _ _ _ _ _ _ _ _ _ _ _ _ _ _ _ _ _ _ _ _ _ \npages/speech_exercises_page_ru.py:199: in click_button_exercises\n    button = self.element_is_present_and_clickable(self.locators.AuthorizedUserHomePageLocators.BUTTON_EXERCISES_RU)\npages/base_page.py:40: in element_is_present_and_clickable\n    return (Wait(self.driver, self.timeout).until(\n_ _ _ _ _ _ _ _ _ _ _ _ _ _ _ _ _ _ _ _ _ _ _ _ _ _ _ _ _ _ _ _ _ _ _ _ _ _ _ _ \n\nself = <selenium.webdriver.support.wait.WebDriverWait (session=\"7737a1f403c663804b18b58e60781743\")>\nmethod = <function visibility_of_element_located.<locals>._predicate at 0x7fe24b0d5d00>\nmessage = 'Can\\'t find element by locator (\\'xpath\\', \\'//a[text()=\"Упражнения\"]\\')'\n\n    def until(self, method, message: str = \"\"):\n        \"\"\"Calls the method provided with the driver as an argument until the \\\n        return value does not evaluate to ``False``.\n    \n        :param method: callable(WebDriver)\n        :param message: optional message for :exc:`TimeoutException`\n        :returns: the result of the last call to `method`\n        :raises: :exc:`selenium.common.exceptions.TimeoutException` if timeout occurs\n        \"\"\"\n        screen = None\n        stacktrace = None\n    \n        end_time = time.monotonic() + self._timeout\n        while True:\n            try:\n                value = method(self._driver)\n                if value:\n                    return value\n            except self._ignored_exceptions as exc:\n                screen = getattr(exc, \"screen\", None)\n                stacktrace = getattr(exc, \"stacktrace\", None)\n            time.sleep(self._poll)\n            if time.monotonic() > end_time:\n                break\n>       raise TimeoutException(message, screen, stacktrace)\nE       selenium.common.exceptions.TimeoutException: Message: Can't find element by locator ('xpath', '//a[text()=\"Упражнения\"]')\nE       Stacktrace:\nE       #0 0x55d35173519a <unknown>\nE       #1 0x55d3511b2c4b <unknown>\nE       #2 0x55d351204318 <unknown>\nE       #3 0x55d351204551 <unknown>\nE       #4 0x55d351252764 <unknown>\nE       #5 0x55d35124fbee <unknown>\nE       #6 0x55d3511f6c42 <unknown>\nE       #7 0x55d3511f78f1 <unknown>\nE       #8 0x55d3516fdf39 <unknown>\nE       #9 0x55d351700e7d <unknown>\nE       #10 0x55d3516e6c81 <unknown>\nE       #11 0x55d351701a5b <unknown>\nE       #12 0x55d3516cda50 <unknown>\nE       #13 0x55d351722aa8 <unknown>\nE       #14 0x55d351722c79 <unknown>\nE       #15 0x55d3517344f3 <unknown>\nE       #16 0x7f03fbe9caa4 <unknown>\nE       #17 0x7f03fbf29c6c <unknown>\n\n/opt/hostedtoolcache/Python/3.12.12/x64/lib/python3.12/site-packages/selenium/webdriver/support/wait.py:95: TimeoutException","flaky":false,"newFailed":false,"newBroken":false,"newPassed":false,"retriesCount":0,"retriesStatusChange":false,"beforeStages":[{"name":"clear_allure_results_folder","time":{"start":1767706319374,"stop":1767706319374,"duration":0},"status":"passed","steps":[],"attachments":[],"parameters":[],"stepsCount":0,"shouldDisplayMessage":false,"attachmentsCount":0,"hasContent":false,"attachmentStep":false},{"name":"driver","time":{"start":1767707501336,"stop":1767707502106,"duration":770},"status":"passed","steps":[],"attachments":[],"parameters":[],"stepsCount":0,"shouldDisplayMessage":false,"attachmentsCount":0,"hasContent":false,"attachmentStep":false},{"name":"main_page_open","time":{"start":1767707502106,"stop":1767707504785,"duration":2679},"status":"passed","steps":[{"name":"Open page: https://www.brainup.site/","time":{"start":1767707502106,"stop":1767707504785,"duration":2679},"status":"passed","steps":[],"attachments":[],"parameters":[{"name":"driver","value":"<selenium.webdriver.chrome.webdriver.WebDriver (session=\"7737a1f403c663804b18b58e60781743\")>"}],"stepsCount":0,"shouldDisplayMessage":false,"attachmentsCount":0,"hasContent":true,"attachmentStep":false}],"attachments":[],"parameters":[],"stepsCount":1,"shouldDisplayMessage":false,"attachmentsCount":0,"hasContent":true,"attachmentStep":false},{"name":"default_user_authorized","time":{"start":1767707504785,"stop":1767707507219,"duration":2434},"status":"passed","steps":[{"name":"DEFAULT user authorized","time":{"start":1767707504785,"stop":1767707507219,"duration":2434},"status":"passed","steps":[{"name":"Check url is present: https://www.brainup.site/groups","time":{"start":1767707505168,"stop":1767707507195,"duration":2027},"status":"passed","steps":[],"attachments":[],"parameters":[],"stepsCount":0,"shouldDisplayMessage":false,"attachmentsCount":0,"hasContent":false,"attachmentStep":false},{"name":"Loader checking","time":{"start":1767707507195,"stop":1767707507219,"duration":24},"status":"passed","steps":[],"attachments":[],"parameters":[],"stepsCount":0,"shouldDisplayMessage":false,"attachmentsCount":0,"hasContent":false,"attachmentStep":false}],"attachments":[],"parameters":[{"name":"driver","value":"<selenium.webdriver.chrome.webdriver.WebDriver (session=\"7737a1f403c663804b18b58e60781743\")>"},{"name":"main_page_open","value":"None"}],"stepsCount":2,"shouldDisplayMessage":false,"attachmentsCount":0,"hasContent":true,"attachmentStep":false}],"attachments":[],"parameters":[],"stepsCount":3,"shouldDisplayMessage":false,"attachmentsCount":0,"hasContent":true,"attachmentStep":false}],"testStage":{"status":"skipped","statusMessage":"XFAIL\n\nselenium.common.exceptions.TimeoutException: Message: Can't find element by locator ('xpath', '//a[text()=\"Упражнения\"]')\nStacktrace:\n#0 0x55d35173519a <unknown>\n#1 0x55d3511b2c4b <unknown>\n#2 0x55d351204318 <unknown>\n#3 0x55d351204551 <unknown>\n#4 0x55d351252764 <unknown>\n#5 0x55d35124fbee <unknown>\n#6 0x55d3511f6c42 <unknown>\n#7 0x55d3511f78f1 <unknown>\n#8 0x55d3516fdf39 <unknown>\n#9 0x55d351700e7d <unknown>\n#10 0x55d3516e6c81 <unknown>\n#11 0x55d351701a5b <unknown>\n#12 0x55d3516cda50 <unknown>\n#13 0x55d351722aa8 <unknown>\n#14 0x55d351722c79 <unknown>\n#15 0x55d3517344f3 <unknown>\n#16 0x7f03fbe9caa4 <unknown>\n#17 0x7f03fbf29c6c <unknown>","statusTrace":"self = <tests.test_speech_exercises_ru.TestCardsRU object at 0x7fe24b1432f0>\ndriver = <selenium.webdriver.chrome.webdriver.WebDriver (session=\"7737a1f403c663804b18b58e60781743\")>\ndefault_user_authorized = None\n\n    @pytest.mark.xfail\n    @allure.suite(\"Речевые упражнения.\")\n    @allure.title('Solutions to a random task in the \"Слова Королёвой\" .')\n    def test_solve_koroleva_cards_ru(self, driver, default_user_authorized):\n        page = SpeechExercisesPageRU(driver)\n>       page.click_button_exercises()\n\ntests/test_speech_exercises_ru.py:144: \n_ _ _ _ _ _ _ _ _ _ _ _ _ _ _ _ _ _ _ _ _ _ _ _ _ _ _ _ _ _ _ _ _ _ _ _ _ _ _ _ \npages/speech_exercises_page_ru.py:199: in click_button_exercises\n    button = self.element_is_present_and_clickable(self.locators.AuthorizedUserHomePageLocators.BUTTON_EXERCISES_RU)\npages/base_page.py:40: in element_is_present_and_clickable\n    return (Wait(self.driver, self.timeout).until(\n_ _ _ _ _ _ _ _ _ _ _ _ _ _ _ _ _ _ _ _ _ _ _ _ _ _ _ _ _ _ _ _ _ _ _ _ _ _ _ _ \n\nself = <selenium.webdriver.support.wait.WebDriverWait (session=\"7737a1f403c663804b18b58e60781743\")>\nmethod = <function visibility_of_element_located.<locals>._predicate at 0x7fe24b0d5d00>\nmessage = 'Can\\'t find element by locator (\\'xpath\\', \\'//a[text()=\"Упражнения\"]\\')'\n\n    def until(self, method, message: str = \"\"):\n        \"\"\"Calls the method provided with the driver as an argument until the \\\n        return value does not evaluate to ``False``.\n    \n        :param method: callable(WebDriver)\n        :param message: optional message for :exc:`TimeoutException`\n        :returns: the result of the last call to `method`\n        :raises: :exc:`selenium.common.exceptions.TimeoutException` if timeout occurs\n        \"\"\"\n        screen = None\n        stacktrace = None\n    \n        end_time = time.monotonic() + self._timeout\n        while True:\n            try:\n                value = method(self._driver)\n                if value:\n                    return value\n            except self._ignored_exceptions as exc:\n                screen = getattr(exc, \"screen\", None)\n                stacktrace = getattr(exc, \"stacktrace\", None)\n            time.sleep(self._poll)\n            if time.monotonic() > end_time:\n                break\n>       raise TimeoutException(message, screen, stacktrace)\nE       selenium.common.exceptions.TimeoutException: Message: Can't find element by locator ('xpath', '//a[text()=\"Упражнения\"]')\nE       Stacktrace:\nE       #0 0x55d35173519a <unknown>\nE       #1 0x55d3511b2c4b <unknown>\nE       #2 0x55d351204318 <unknown>\nE       #3 0x55d351204551 <unknown>\nE       #4 0x55d351252764 <unknown>\nE       #5 0x55d35124fbee <unknown>\nE       #6 0x55d3511f6c42 <unknown>\nE       #7 0x55d3511f78f1 <unknown>\nE       #8 0x55d3516fdf39 <unknown>\nE       #9 0x55d351700e7d <unknown>\nE       #10 0x55d3516e6c81 <unknown>\nE       #11 0x55d351701a5b <unknown>\nE       #12 0x55d3516cda50 <unknown>\nE       #13 0x55d351722aa8 <unknown>\nE       #14 0x55d351722c79 <unknown>\nE       #15 0x55d3517344f3 <unknown>\nE       #16 0x7f03fbe9caa4 <unknown>\nE       #17 0x7f03fbf29c6c <unknown>\n\n/opt/hostedtoolcache/Python/3.12.12/x64/lib/python3.12/site-packages/selenium/webdriver/support/wait.py:95: TimeoutException","steps":[{"name":"Click button \"Упражнения\".","time":{"start":1767707507219,"stop":1767707517560,"duration":10341},"status":"broken","statusMessage":"selenium.common.exceptions.TimeoutException: Message: Can't find element by locator ('xpath', '//a[text()=\"Упражнения\"]')\nStacktrace:\n#0 0x55d35173519a <unknown>\n#1 0x55d3511b2c4b <unknown>\n#2 0x55d351204318 <unknown>\n#3 0x55d351204551 <unknown>\n#4 0x55d351252764 <unknown>\n#5 0x55d35124fbee <unknown>\n#6 0x55d3511f6c42 <unknown>\n#7 0x55d3511f78f1 <unknown>\n#8 0x55d3516fdf39 <unknown>\n#9 0x55d351700e7d <unknown>\n#10 0x55d3516e6c81 <unknown>\n#11 0x55d351701a5b <unknown>\n#12 0x55d3516cda50 <unknown>\n#13 0x55d351722aa8 <unknown>\n#14 0x55d351722c79 <unknown>\n#15 0x55d3517344f3 <unknown>\n#16 0x7f03fbe9caa4 <unknown>\n#17 0x7f03fbf29c6c <unknown>\n\n","statusTrace":"  File \"/opt/hostedtoolcache/Python/3.12.12/x64/lib/python3.12/site-packages/allure_commons/_allure.py\", line 192, in impl\n    return func(*a, **kw)\n           ^^^^^^^^^^^^^^\n  File \"/home/runner/work/auto-tests-python/auto-tests-python/pages/speech_exercises_page_ru.py\", line 199, in click_button_exercises\n    button = self.element_is_present_and_clickable(self.locators.AuthorizedUserHomePageLocators.BUTTON_EXERCISES_RU)\n             ^^^^^^^^^^^^^^^^^^^^^^^^^^^^^^^^^^^^^^^^^^^^^^^^^^^^^^^^^^^^^^^^^^^^^^^^^^^^^^^^^^^^^^^^^^^^^^^^^^^^^^^\n  File \"/home/runner/work/auto-tests-python/auto-tests-python/pages/base_page.py\", line 40, in element_is_present_and_clickable\n    return (Wait(self.driver, self.timeout).until(\n            ^^^^^^^^^^^^^^^^^^^^^^^^^^^^^^^^^^^^^^\n  File \"/opt/hostedtoolcache/Python/3.12.12/x64/lib/python3.12/site-packages/selenium/webdriver/support/wait.py\", line 95, in until\n    raise TimeoutException(message, screen, stacktrace)\n","steps":[{"name":"Click button \"RU\".","time":{"start":1767707507219,"stop":1767707507291,"duration":72},"status":"passed","steps":[],"attachments":[],"parameters":[],"stepsCount":0,"shouldDisplayMessage":false,"attachmentsCount":0,"hasContent":false,"attachmentStep":false}],"attachments":[],"parameters":[],"stepsCount":1,"shouldDisplayMessage":true,"attachmentsCount":0,"hasContent":true,"attachmentStep":false}],"attachments":[],"parameters":[],"stepsCount":2,"shouldDisplayMessage":true,"attachmentsCount":0,"hasContent":true,"attachmentStep":false},"afterStages":[{"name":"driver::0","time":{"start":1767707517575,"stop":1767707517648,"duration":73},"status":"passed","steps":[],"attachments":[],"parameters":[],"stepsCount":0,"shouldDisplayMessage":false,"attachmentsCount":0,"hasContent":false,"attachmentStep":false}],"labels":[{"name":"suite","value":"Речевые упражнения."},{"name":"epic","value":"Speech exercises."},{"name":"tag","value":"@pytest.mark.xfail"},{"name":"parentSuite","value":"tests"},{"name":"subSuite","value":"TestCardsRU"},{"name":"host","value":"runnervmh13bl"},{"name":"thread","value":"2618-MainThread"},{"name":"framework","value":"pytest"},{"name":"language","value":"cpython3"},{"name":"package","value":"tests.test_speech_exercises_ru"},{"name":"resultFormat","value":"allure2"}],"parameters":[],"links":[],"hidden":false,"retry":false,"extra":{"severity":"normal","retries":[],"categories":[],"history":{"statistic":{"failed":0,"broken":0,"skipped":2,"passed":0,"unknown":0,"total":2},"items":[{"uid":"987336057da8db40","reportUrl":"https://Brain-up.github.io/auto-tests-python/794/#testresult/987336057da8db40","status":"skipped","statusDetails":"XFAIL\n\nselenium.common.exceptions.TimeoutException: Message: Can't find element by locator ('xpath', '//a[text()=\"Упражнения\"]')\nStacktrace:\n#0 0x55e5e394319a <unknown>\n#1 0x55e5e33c0c4b <unknown>\n#2 0x55e5e3412318 <unknown>\n#3 0x55e5e3412551 <unknown>\n#4 0x55e5e3460764 <unknown>\n#5 0x55e5e345dbee <unknown>\n#6 0x55e5e3404c42 <unknown>\n#7 0x55e5e34058f1 <unknown>\n#8 0x55e5e390bf39 <unknown>\n#9 0x55e5e390ee7d <unknown>\n#10 0x55e5e38f4c81 <unknown>\n#11 0x55e5e390fa5b <unknown>\n#12 0x55e5e38dba50 <unknown>\n#13 0x55e5e3930aa8 <unknown>\n#14 0x55e5e3930c79 <unknown>\n#15 0x55e5e39424f3 <unknown>\n#16 0x7fedecc9caa4 <unknown>\n#17 0x7fedecd29c6c <unknown>","time":{"start":1767702650811,"stop":1767702661122,"duration":10311}}]},"tags":["@pytest.mark.xfail"]},"source":"4fe596fa0c231e6.json","parameterValues":[]}