{"uid":"5957a29d444fdf99","name":"Select a random card from \"Similar phrases\" group and compare UI vs BACKEND data","fullName":"tests.test_speech_exercises_en.TestCardsEN#test_random_cards_in_similar_phrases_en","historyId":"106afe14e1824ad4b55b346a52794d4b","time":{"start":1767707383221,"stop":1767707393596,"duration":10375},"status":"skipped","statusMessage":"XFAIL\n\nselenium.common.exceptions.TimeoutException: Message: Can't find element by locator ('xpath', '//button[@data-test-active-link=\"Similar phrases\"]')\nStacktrace:\n#0 0x55c8806a919a <unknown>\n#1 0x55c880126c4b <unknown>\n#2 0x55c880178318 <unknown>\n#3 0x55c880178551 <unknown>\n#4 0x55c8801c6764 <unknown>\n#5 0x55c8801c3bee <unknown>\n#6 0x55c88016ac42 <unknown>\n#7 0x55c88016b8f1 <unknown>\n#8 0x55c880671f39 <unknown>\n#9 0x55c880674e7d <unknown>\n#10 0x55c88065ac81 <unknown>\n#11 0x55c880675a5b <unknown>\n#12 0x55c880641a50 <unknown>\n#13 0x55c880696aa8 <unknown>\n#14 0x55c880696c79 <unknown>\n#15 0x55c8806a84f3 <unknown>\n#16 0x7f251e29caa4 <unknown>\n#17 0x7f251e329c6c <unknown>","statusTrace":"self = <tests.test_speech_exercises_en.TestCardsEN object at 0x7fe24b140b60>\ndriver = <selenium.webdriver.chrome.webdriver.WebDriver (session=\"a531a9c91f233c32a90117ee593cd026\")>\nspecialist_user_authorized = None\n\n    @pytest.mark.xfail\n    @allure.suite(\"Speech exercises EN.\")\n    @allure.title('Select a random card from \"Similar phrases\" group and compare UI vs BACKEND data')\n    def test_random_cards_in_similar_phrases_en(self, driver, specialist_user_authorized):\n        page = SpeechExercisesPage(driver)\n>       page.select_group(SpeechExercisesPageLocators.SIMILAR_PHRASES_EN)\n\ntests/test_speech_exercises_en.py:57: \n_ _ _ _ _ _ _ _ _ _ _ _ _ _ _ _ _ _ _ _ _ _ _ _ _ _ _ _ _ _ _ _ _ _ _ _ _ _ _ _ \npages/speech_exercises_page_en.py:18: in select_group\n    text_of_the_button = self.element_is_present_and_clickable(selector_for_sub_group)\npages/base_page.py:40: in element_is_present_and_clickable\n    return (Wait(self.driver, self.timeout).until(\n_ _ _ _ _ _ _ _ _ _ _ _ _ _ _ _ _ _ _ _ _ _ _ _ _ _ _ _ _ _ _ _ _ _ _ _ _ _ _ _ \n\nself = <selenium.webdriver.support.wait.WebDriverWait (session=\"a531a9c91f233c32a90117ee593cd026\")>\nmethod = <function visibility_of_element_located.<locals>._predicate at 0x7fe24b0d40e0>\nmessage = 'Can\\'t find element by locator (\\'xpath\\', \\'//button[@data-test-active-link=\"Similar phrases\"]\\')'\n\n    def until(self, method, message: str = \"\"):\n        \"\"\"Calls the method provided with the driver as an argument until the \\\n        return value does not evaluate to ``False``.\n    \n        :param method: callable(WebDriver)\n        :param message: optional message for :exc:`TimeoutException`\n        :returns: the result of the last call to `method`\n        :raises: :exc:`selenium.common.exceptions.TimeoutException` if timeout occurs\n        \"\"\"\n        screen = None\n        stacktrace = None\n    \n        end_time = time.monotonic() + self._timeout\n        while True:\n            try:\n                value = method(self._driver)\n                if value:\n                    return value\n            except self._ignored_exceptions as exc:\n                screen = getattr(exc, \"screen\", None)\n                stacktrace = getattr(exc, \"stacktrace\", None)\n            time.sleep(self._poll)\n            if time.monotonic() > end_time:\n                break\n>       raise TimeoutException(message, screen, stacktrace)\nE       selenium.common.exceptions.TimeoutException: Message: Can't find element by locator ('xpath', '//button[@data-test-active-link=\"Similar phrases\"]')\nE       Stacktrace:\nE       #0 0x55c8806a919a <unknown>\nE       #1 0x55c880126c4b <unknown>\nE       #2 0x55c880178318 <unknown>\nE       #3 0x55c880178551 <unknown>\nE       #4 0x55c8801c6764 <unknown>\nE       #5 0x55c8801c3bee <unknown>\nE       #6 0x55c88016ac42 <unknown>\nE       #7 0x55c88016b8f1 <unknown>\nE       #8 0x55c880671f39 <unknown>\nE       #9 0x55c880674e7d <unknown>\nE       #10 0x55c88065ac81 <unknown>\nE       #11 0x55c880675a5b <unknown>\nE       #12 0x55c880641a50 <unknown>\nE       #13 0x55c880696aa8 <unknown>\nE       #14 0x55c880696c79 <unknown>\nE       #15 0x55c8806a84f3 <unknown>\nE       #16 0x7f251e29caa4 <unknown>\nE       #17 0x7f251e329c6c <unknown>\n\n/opt/hostedtoolcache/Python/3.12.12/x64/lib/python3.12/site-packages/selenium/webdriver/support/wait.py:95: TimeoutException","flaky":false,"newFailed":false,"newBroken":false,"newPassed":false,"retriesCount":0,"retriesStatusChange":false,"beforeStages":[{"name":"clear_allure_results_folder","time":{"start":1767706319374,"stop":1767706319374,"duration":0},"status":"passed","steps":[],"attachments":[],"parameters":[],"stepsCount":0,"shouldDisplayMessage":false,"attachmentsCount":0,"hasContent":false,"attachmentStep":false},{"name":"driver","time":{"start":1767707377590,"stop":1767707378364,"duration":774},"status":"passed","steps":[],"attachments":[],"parameters":[],"stepsCount":0,"shouldDisplayMessage":false,"attachmentsCount":0,"hasContent":false,"attachmentStep":false},{"name":"main_page_open","time":{"start":1767707378364,"stop":1767707380767,"duration":2403},"status":"passed","steps":[{"name":"Open page: https://www.brainup.site/","time":{"start":1767707378364,"stop":1767707380767,"duration":2403},"status":"passed","steps":[],"attachments":[],"parameters":[{"name":"driver","value":"<selenium.webdriver.chrome.webdriver.WebDriver (session=\"a531a9c91f233c32a90117ee593cd026\")>"}],"stepsCount":0,"shouldDisplayMessage":false,"attachmentsCount":0,"hasContent":true,"attachmentStep":false}],"attachments":[],"parameters":[],"stepsCount":1,"shouldDisplayMessage":false,"attachmentsCount":0,"hasContent":true,"attachmentStep":false},{"name":"specialist_user_authorized","time":{"start":1767707380768,"stop":1767707383220,"duration":2452},"status":"passed","steps":[{"name":"USER specialist authorized","time":{"start":1767707380768,"stop":1767707383220,"duration":2452},"status":"passed","steps":[{"name":"Check url is present: https://www.brainup.site/groups","time":{"start":1767707381176,"stop":1767707383196,"duration":2020},"status":"passed","steps":[],"attachments":[],"parameters":[],"stepsCount":0,"shouldDisplayMessage":false,"attachmentsCount":0,"hasContent":false,"attachmentStep":false},{"name":"Loader checking","time":{"start":1767707383196,"stop":1767707383220,"duration":24},"status":"passed","steps":[],"attachments":[],"parameters":[],"stepsCount":0,"shouldDisplayMessage":false,"attachmentsCount":0,"hasContent":false,"attachmentStep":false}],"attachments":[],"parameters":[{"name":"driver","value":"<selenium.webdriver.chrome.webdriver.WebDriver (session=\"a531a9c91f233c32a90117ee593cd026\")>"},{"name":"main_page_open","value":"None"}],"stepsCount":2,"shouldDisplayMessage":false,"attachmentsCount":0,"hasContent":true,"attachmentStep":false}],"attachments":[],"parameters":[],"stepsCount":3,"shouldDisplayMessage":false,"attachmentsCount":0,"hasContent":true,"attachmentStep":false}],"testStage":{"status":"skipped","statusMessage":"XFAIL\n\nselenium.common.exceptions.TimeoutException: Message: Can't find element by locator ('xpath', '//button[@data-test-active-link=\"Similar phrases\"]')\nStacktrace:\n#0 0x55c8806a919a <unknown>\n#1 0x55c880126c4b <unknown>\n#2 0x55c880178318 <unknown>\n#3 0x55c880178551 <unknown>\n#4 0x55c8801c6764 <unknown>\n#5 0x55c8801c3bee <unknown>\n#6 0x55c88016ac42 <unknown>\n#7 0x55c88016b8f1 <unknown>\n#8 0x55c880671f39 <unknown>\n#9 0x55c880674e7d <unknown>\n#10 0x55c88065ac81 <unknown>\n#11 0x55c880675a5b <unknown>\n#12 0x55c880641a50 <unknown>\n#13 0x55c880696aa8 <unknown>\n#14 0x55c880696c79 <unknown>\n#15 0x55c8806a84f3 <unknown>\n#16 0x7f251e29caa4 <unknown>\n#17 0x7f251e329c6c <unknown>","statusTrace":"self = <tests.test_speech_exercises_en.TestCardsEN object at 0x7fe24b140b60>\ndriver = <selenium.webdriver.chrome.webdriver.WebDriver (session=\"a531a9c91f233c32a90117ee593cd026\")>\nspecialist_user_authorized = None\n\n    @pytest.mark.xfail\n    @allure.suite(\"Speech exercises EN.\")\n    @allure.title('Select a random card from \"Similar phrases\" group and compare UI vs BACKEND data')\n    def test_random_cards_in_similar_phrases_en(self, driver, specialist_user_authorized):\n        page = SpeechExercisesPage(driver)\n>       page.select_group(SpeechExercisesPageLocators.SIMILAR_PHRASES_EN)\n\ntests/test_speech_exercises_en.py:57: \n_ _ _ _ _ _ _ _ _ _ _ _ _ _ _ _ _ _ _ _ _ _ _ _ _ _ _ _ _ _ _ _ _ _ _ _ _ _ _ _ \npages/speech_exercises_page_en.py:18: in select_group\n    text_of_the_button = self.element_is_present_and_clickable(selector_for_sub_group)\npages/base_page.py:40: in element_is_present_and_clickable\n    return (Wait(self.driver, self.timeout).until(\n_ _ _ _ _ _ _ _ _ _ _ _ _ _ _ _ _ _ _ _ _ _ _ _ _ _ _ _ _ _ _ _ _ _ _ _ _ _ _ _ \n\nself = <selenium.webdriver.support.wait.WebDriverWait (session=\"a531a9c91f233c32a90117ee593cd026\")>\nmethod = <function visibility_of_element_located.<locals>._predicate at 0x7fe24b0d40e0>\nmessage = 'Can\\'t find element by locator (\\'xpath\\', \\'//button[@data-test-active-link=\"Similar phrases\"]\\')'\n\n    def until(self, method, message: str = \"\"):\n        \"\"\"Calls the method provided with the driver as an argument until the \\\n        return value does not evaluate to ``False``.\n    \n        :param method: callable(WebDriver)\n        :param message: optional message for :exc:`TimeoutException`\n        :returns: the result of the last call to `method`\n        :raises: :exc:`selenium.common.exceptions.TimeoutException` if timeout occurs\n        \"\"\"\n        screen = None\n        stacktrace = None\n    \n        end_time = time.monotonic() + self._timeout\n        while True:\n            try:\n                value = method(self._driver)\n                if value:\n                    return value\n            except self._ignored_exceptions as exc:\n                screen = getattr(exc, \"screen\", None)\n                stacktrace = getattr(exc, \"stacktrace\", None)\n            time.sleep(self._poll)\n            if time.monotonic() > end_time:\n                break\n>       raise TimeoutException(message, screen, stacktrace)\nE       selenium.common.exceptions.TimeoutException: Message: Can't find element by locator ('xpath', '//button[@data-test-active-link=\"Similar phrases\"]')\nE       Stacktrace:\nE       #0 0x55c8806a919a <unknown>\nE       #1 0x55c880126c4b <unknown>\nE       #2 0x55c880178318 <unknown>\nE       #3 0x55c880178551 <unknown>\nE       #4 0x55c8801c6764 <unknown>\nE       #5 0x55c8801c3bee <unknown>\nE       #6 0x55c88016ac42 <unknown>\nE       #7 0x55c88016b8f1 <unknown>\nE       #8 0x55c880671f39 <unknown>\nE       #9 0x55c880674e7d <unknown>\nE       #10 0x55c88065ac81 <unknown>\nE       #11 0x55c880675a5b <unknown>\nE       #12 0x55c880641a50 <unknown>\nE       #13 0x55c880696aa8 <unknown>\nE       #14 0x55c880696c79 <unknown>\nE       #15 0x55c8806a84f3 <unknown>\nE       #16 0x7f251e29caa4 <unknown>\nE       #17 0x7f251e329c6c <unknown>\n\n/opt/hostedtoolcache/Python/3.12.12/x64/lib/python3.12/site-packages/selenium/webdriver/support/wait.py:95: TimeoutException","steps":[{"name":"select_group","time":{"start":1767707383221,"stop":1767707393596,"duration":10375},"status":"broken","statusMessage":"selenium.common.exceptions.TimeoutException: Message: Can't find element by locator ('xpath', '//button[@data-test-active-link=\"Similar phrases\"]')\nStacktrace:\n#0 0x55c8806a919a <unknown>\n#1 0x55c880126c4b <unknown>\n#2 0x55c880178318 <unknown>\n#3 0x55c880178551 <unknown>\n#4 0x55c8801c6764 <unknown>\n#5 0x55c8801c3bee <unknown>\n#6 0x55c88016ac42 <unknown>\n#7 0x55c88016b8f1 <unknown>\n#8 0x55c880671f39 <unknown>\n#9 0x55c880674e7d <unknown>\n#10 0x55c88065ac81 <unknown>\n#11 0x55c880675a5b <unknown>\n#12 0x55c880641a50 <unknown>\n#13 0x55c880696aa8 <unknown>\n#14 0x55c880696c79 <unknown>\n#15 0x55c8806a84f3 <unknown>\n#16 0x7f251e29caa4 <unknown>\n#17 0x7f251e329c6c <unknown>\n\n","statusTrace":"  File \"/opt/hostedtoolcache/Python/3.12.12/x64/lib/python3.12/site-packages/allure_commons/_allure.py\", line 192, in impl\n    return func(*a, **kw)\n           ^^^^^^^^^^^^^^\n  File \"/home/runner/work/auto-tests-python/auto-tests-python/pages/speech_exercises_page_en.py\", line 18, in select_group\n    text_of_the_button = self.element_is_present_and_clickable(selector_for_sub_group)\n                         ^^^^^^^^^^^^^^^^^^^^^^^^^^^^^^^^^^^^^^^^^^^^^^^^^^^^^^^^^^^^^\n  File \"/home/runner/work/auto-tests-python/auto-tests-python/pages/base_page.py\", line 40, in element_is_present_and_clickable\n    return (Wait(self.driver, self.timeout).until(\n            ^^^^^^^^^^^^^^^^^^^^^^^^^^^^^^^^^^^^^^\n  File \"/opt/hostedtoolcache/Python/3.12.12/x64/lib/python3.12/site-packages/selenium/webdriver/support/wait.py\", line 95, in until\n    raise TimeoutException(message, screen, stacktrace)\n","steps":[{"name":"Select Russian language. Click \"EN\" button.","time":{"start":1767707383221,"stop":1767707383304,"duration":83},"status":"passed","steps":[],"attachments":[],"parameters":[],"stepsCount":0,"shouldDisplayMessage":false,"attachmentsCount":0,"hasContent":false,"attachmentStep":false},{"name":"Click button \"SPEECH EXERCISES\".","time":{"start":1767707383304,"stop":1767707383393,"duration":89},"status":"passed","steps":[],"attachments":[],"parameters":[],"stepsCount":0,"shouldDisplayMessage":false,"attachmentsCount":0,"hasContent":false,"attachmentStep":false}],"attachments":[],"parameters":[{"name":"selector_for_sub_group","value":"('xpath', '//button[@data-test-active-link=\"Similar phrases\"]')"}],"stepsCount":2,"shouldDisplayMessage":true,"attachmentsCount":0,"hasContent":true,"attachmentStep":false}],"attachments":[],"parameters":[],"stepsCount":3,"shouldDisplayMessage":true,"attachmentsCount":0,"hasContent":true,"attachmentStep":false},"afterStages":[{"name":"driver::0","time":{"start":1767707393607,"stop":1767707393676,"duration":69},"status":"passed","steps":[],"attachments":[],"parameters":[],"stepsCount":0,"shouldDisplayMessage":false,"attachmentsCount":0,"hasContent":false,"attachmentStep":false}],"labels":[{"name":"epic","value":"Speech exercises."},{"name":"suite","value":"Speech exercises EN."},{"name":"tag","value":"@pytest.mark.xfail"},{"name":"parentSuite","value":"tests"},{"name":"subSuite","value":"TestCardsEN"},{"name":"host","value":"runnervmh13bl"},{"name":"thread","value":"2618-MainThread"},{"name":"framework","value":"pytest"},{"name":"language","value":"cpython3"},{"name":"package","value":"tests.test_speech_exercises_en"},{"name":"resultFormat","value":"allure2"}],"parameters":[],"links":[],"hidden":false,"retry":false,"extra":{"severity":"normal","retries":[],"categories":[],"history":{"statistic":{"failed":0,"broken":0,"skipped":2,"passed":0,"unknown":0,"total":2},"items":[{"uid":"a008e75f4e141fcf","reportUrl":"https://Brain-up.github.io/auto-tests-python/794/#testresult/a008e75f4e141fcf","status":"skipped","statusDetails":"XFAIL\n\nselenium.common.exceptions.TimeoutException: Message: Can't find element by locator ('xpath', '//button[@data-test-active-link=\"Similar phrases\"]')\nStacktrace:\n#0 0x5575aaeef19a <unknown>\n#1 0x5575aa96cc4b <unknown>\n#2 0x5575aa9be318 <unknown>\n#3 0x5575aa9be551 <unknown>\n#4 0x5575aaa0c764 <unknown>\n#5 0x5575aaa09bee <unknown>\n#6 0x5575aa9b0c42 <unknown>\n#7 0x5575aa9b18f1 <unknown>\n#8 0x5575aaeb7f39 <unknown>\n#9 0x5575aaebae7d <unknown>\n#10 0x5575aaea0c81 <unknown>\n#11 0x5575aaebba5b <unknown>\n#12 0x5575aae87a50 <unknown>\n#13 0x5575aaedcaa8 <unknown>\n#14 0x5575aaedcc79 <unknown>\n#15 0x5575aaeee4f3 <unknown>\n#16 0x7fad4ba9caa4 <unknown>\n#17 0x7fad4bb29c6c <unknown>","time":{"start":1767702518301,"stop":1767702528641,"duration":10340}}]},"tags":["@pytest.mark.xfail"]},"source":"5957a29d444fdf99.json","parameterValues":[]}