{"uid":"7ef3a7d0b5816f40","name":"Select random card from \"Word\" group and compare UI vs BACKEND data","fullName":"tests.test_speech_exercises_en.TestCardsEN#test_random_word_cards_en","historyId":"84999af5e98c6318908a9abbfe6fc3a3","time":{"start":1767707350929,"stop":1767707361320,"duration":10391},"status":"skipped","statusMessage":"XFAIL\n\nselenium.common.exceptions.TimeoutException: Message: Can't find element by locator ('xpath', '//button[@data-test-active-link=\"Words\"]')\nStacktrace:\n#0 0x563d112de19a <unknown>\n#1 0x563d10d5bc4b <unknown>\n#2 0x563d10dad318 <unknown>\n#3 0x563d10dad551 <unknown>\n#4 0x563d10dfb764 <unknown>\n#5 0x563d10df8bee <unknown>\n#6 0x563d10d9fc42 <unknown>\n#7 0x563d10da08f1 <unknown>\n#8 0x563d112a6f39 <unknown>\n#9 0x563d112a9e7d <unknown>\n#10 0x563d1128fc81 <unknown>\n#11 0x563d112aaa5b <unknown>\n#12 0x563d11276a50 <unknown>\n#13 0x563d112cbaa8 <unknown>\n#14 0x563d112cbc79 <unknown>\n#15 0x563d112dd4f3 <unknown>\n#16 0x7f358289caa4 <unknown>\n#17 0x7f3582929c6c <unknown>","statusTrace":"self = <tests.test_speech_exercises_en.TestCardsEN object at 0x7fe24b140770>\ndriver = <selenium.webdriver.chrome.webdriver.WebDriver (session=\"7910336d8b9a1f9099a53485cd04992e\")>\nspecialist_user_authorized = None\n\n    @pytest.mark.xfail\n    @allure.suite(\"Speech exercises EN.\")\n    @allure.title('Select random card from \"Word\" group and compare UI vs BACKEND data')\n    def test_random_word_cards_en(self, driver, specialist_user_authorized):\n        page = SpeechExercisesPage(driver)\n>       page.select_group(SpeechExercisesPageLocators.WORDS_BUTTON_EN)\n\ntests/test_speech_exercises_en.py:16: \n_ _ _ _ _ _ _ _ _ _ _ _ _ _ _ _ _ _ _ _ _ _ _ _ _ _ _ _ _ _ _ _ _ _ _ _ _ _ _ _ \npages/speech_exercises_page_en.py:18: in select_group\n    text_of_the_button = self.element_is_present_and_clickable(selector_for_sub_group)\npages/base_page.py:40: in element_is_present_and_clickable\n    return (Wait(self.driver, self.timeout).until(\n_ _ _ _ _ _ _ _ _ _ _ _ _ _ _ _ _ _ _ _ _ _ _ _ _ _ _ _ _ _ _ _ _ _ _ _ _ _ _ _ \n\nself = <selenium.webdriver.support.wait.WebDriverWait (session=\"7910336d8b9a1f9099a53485cd04992e\")>\nmethod = <function visibility_of_element_located.<locals>._predicate at 0x7fe24b0fea20>\nmessage = 'Can\\'t find element by locator (\\'xpath\\', \\'//button[@data-test-active-link=\"Words\"]\\')'\n\n    def until(self, method, message: str = \"\"):\n        \"\"\"Calls the method provided with the driver as an argument until the \\\n        return value does not evaluate to ``False``.\n    \n        :param method: callable(WebDriver)\n        :param message: optional message for :exc:`TimeoutException`\n        :returns: the result of the last call to `method`\n        :raises: :exc:`selenium.common.exceptions.TimeoutException` if timeout occurs\n        \"\"\"\n        screen = None\n        stacktrace = None\n    \n        end_time = time.monotonic() + self._timeout\n        while True:\n            try:\n                value = method(self._driver)\n                if value:\n                    return value\n            except self._ignored_exceptions as exc:\n                screen = getattr(exc, \"screen\", None)\n                stacktrace = getattr(exc, \"stacktrace\", None)\n            time.sleep(self._poll)\n            if time.monotonic() > end_time:\n                break\n>       raise TimeoutException(message, screen, stacktrace)\nE       selenium.common.exceptions.TimeoutException: Message: Can't find element by locator ('xpath', '//button[@data-test-active-link=\"Words\"]')\nE       Stacktrace:\nE       #0 0x563d112de19a <unknown>\nE       #1 0x563d10d5bc4b <unknown>\nE       #2 0x563d10dad318 <unknown>\nE       #3 0x563d10dad551 <unknown>\nE       #4 0x563d10dfb764 <unknown>\nE       #5 0x563d10df8bee <unknown>\nE       #6 0x563d10d9fc42 <unknown>\nE       #7 0x563d10da08f1 <unknown>\nE       #8 0x563d112a6f39 <unknown>\nE       #9 0x563d112a9e7d <unknown>\nE       #10 0x563d1128fc81 <unknown>\nE       #11 0x563d112aaa5b <unknown>\nE       #12 0x563d11276a50 <unknown>\nE       #13 0x563d112cbaa8 <unknown>\nE       #14 0x563d112cbc79 <unknown>\nE       #15 0x563d112dd4f3 <unknown>\nE       #16 0x7f358289caa4 <unknown>\nE       #17 0x7f3582929c6c <unknown>\n\n/opt/hostedtoolcache/Python/3.12.12/x64/lib/python3.12/site-packages/selenium/webdriver/support/wait.py:95: TimeoutException","flaky":false,"newFailed":false,"newBroken":false,"newPassed":false,"retriesCount":0,"retriesStatusChange":false,"beforeStages":[{"name":"clear_allure_results_folder","time":{"start":1767706319374,"stop":1767706319374,"duration":0},"status":"passed","steps":[],"attachments":[],"parameters":[],"stepsCount":0,"shouldDisplayMessage":false,"attachmentsCount":0,"hasContent":false,"attachmentStep":false},{"name":"driver","time":{"start":1767707345208,"stop":1767707345995,"duration":787},"status":"passed","steps":[],"attachments":[],"parameters":[],"stepsCount":0,"shouldDisplayMessage":false,"attachmentsCount":0,"hasContent":false,"attachmentStep":false},{"name":"main_page_open","time":{"start":1767707345996,"stop":1767707348476,"duration":2480},"status":"passed","steps":[{"name":"Open page: https://www.brainup.site/","time":{"start":1767707345996,"stop":1767707348476,"duration":2480},"status":"passed","steps":[],"attachments":[],"parameters":[{"name":"driver","value":"<selenium.webdriver.chrome.webdriver.WebDriver (session=\"7910336d8b9a1f9099a53485cd04992e\")>"}],"stepsCount":0,"shouldDisplayMessage":false,"attachmentsCount":0,"hasContent":true,"attachmentStep":false}],"attachments":[],"parameters":[],"stepsCount":1,"shouldDisplayMessage":false,"attachmentsCount":0,"hasContent":true,"attachmentStep":false},{"name":"specialist_user_authorized","time":{"start":1767707348476,"stop":1767707350929,"duration":2453},"status":"passed","steps":[{"name":"USER specialist authorized","time":{"start":1767707348476,"stop":1767707350929,"duration":2453},"status":"passed","steps":[{"name":"Check url is present: https://www.brainup.site/groups","time":{"start":1767707348882,"stop":1767707350904,"duration":2022},"status":"passed","steps":[],"attachments":[],"parameters":[],"stepsCount":0,"shouldDisplayMessage":false,"attachmentsCount":0,"hasContent":false,"attachmentStep":false},{"name":"Loader checking","time":{"start":1767707350904,"stop":1767707350929,"duration":25},"status":"passed","steps":[],"attachments":[],"parameters":[],"stepsCount":0,"shouldDisplayMessage":false,"attachmentsCount":0,"hasContent":false,"attachmentStep":false}],"attachments":[],"parameters":[{"name":"driver","value":"<selenium.webdriver.chrome.webdriver.WebDriver (session=\"7910336d8b9a1f9099a53485cd04992e\")>"},{"name":"main_page_open","value":"None"}],"stepsCount":2,"shouldDisplayMessage":false,"attachmentsCount":0,"hasContent":true,"attachmentStep":false}],"attachments":[],"parameters":[],"stepsCount":3,"shouldDisplayMessage":false,"attachmentsCount":0,"hasContent":true,"attachmentStep":false}],"testStage":{"status":"skipped","statusMessage":"XFAIL\n\nselenium.common.exceptions.TimeoutException: Message: Can't find element by locator ('xpath', '//button[@data-test-active-link=\"Words\"]')\nStacktrace:\n#0 0x563d112de19a <unknown>\n#1 0x563d10d5bc4b <unknown>\n#2 0x563d10dad318 <unknown>\n#3 0x563d10dad551 <unknown>\n#4 0x563d10dfb764 <unknown>\n#5 0x563d10df8bee <unknown>\n#6 0x563d10d9fc42 <unknown>\n#7 0x563d10da08f1 <unknown>\n#8 0x563d112a6f39 <unknown>\n#9 0x563d112a9e7d <unknown>\n#10 0x563d1128fc81 <unknown>\n#11 0x563d112aaa5b <unknown>\n#12 0x563d11276a50 <unknown>\n#13 0x563d112cbaa8 <unknown>\n#14 0x563d112cbc79 <unknown>\n#15 0x563d112dd4f3 <unknown>\n#16 0x7f358289caa4 <unknown>\n#17 0x7f3582929c6c <unknown>","statusTrace":"self = <tests.test_speech_exercises_en.TestCardsEN object at 0x7fe24b140770>\ndriver = <selenium.webdriver.chrome.webdriver.WebDriver (session=\"7910336d8b9a1f9099a53485cd04992e\")>\nspecialist_user_authorized = None\n\n    @pytest.mark.xfail\n    @allure.suite(\"Speech exercises EN.\")\n    @allure.title('Select random card from \"Word\" group and compare UI vs BACKEND data')\n    def test_random_word_cards_en(self, driver, specialist_user_authorized):\n        page = SpeechExercisesPage(driver)\n>       page.select_group(SpeechExercisesPageLocators.WORDS_BUTTON_EN)\n\ntests/test_speech_exercises_en.py:16: \n_ _ _ _ _ _ _ _ _ _ _ _ _ _ _ _ _ _ _ _ _ _ _ _ _ _ _ _ _ _ _ _ _ _ _ _ _ _ _ _ \npages/speech_exercises_page_en.py:18: in select_group\n    text_of_the_button = self.element_is_present_and_clickable(selector_for_sub_group)\npages/base_page.py:40: in element_is_present_and_clickable\n    return (Wait(self.driver, self.timeout).until(\n_ _ _ _ _ _ _ _ _ _ _ _ _ _ _ _ _ _ _ _ _ _ _ _ _ _ _ _ _ _ _ _ _ _ _ _ _ _ _ _ \n\nself = <selenium.webdriver.support.wait.WebDriverWait (session=\"7910336d8b9a1f9099a53485cd04992e\")>\nmethod = <function visibility_of_element_located.<locals>._predicate at 0x7fe24b0fea20>\nmessage = 'Can\\'t find element by locator (\\'xpath\\', \\'//button[@data-test-active-link=\"Words\"]\\')'\n\n    def until(self, method, message: str = \"\"):\n        \"\"\"Calls the method provided with the driver as an argument until the \\\n        return value does not evaluate to ``False``.\n    \n        :param method: callable(WebDriver)\n        :param message: optional message for :exc:`TimeoutException`\n        :returns: the result of the last call to `method`\n        :raises: :exc:`selenium.common.exceptions.TimeoutException` if timeout occurs\n        \"\"\"\n        screen = None\n        stacktrace = None\n    \n        end_time = time.monotonic() + self._timeout\n        while True:\n            try:\n                value = method(self._driver)\n                if value:\n                    return value\n            except self._ignored_exceptions as exc:\n                screen = getattr(exc, \"screen\", None)\n                stacktrace = getattr(exc, \"stacktrace\", None)\n            time.sleep(self._poll)\n            if time.monotonic() > end_time:\n                break\n>       raise TimeoutException(message, screen, stacktrace)\nE       selenium.common.exceptions.TimeoutException: Message: Can't find element by locator ('xpath', '//button[@data-test-active-link=\"Words\"]')\nE       Stacktrace:\nE       #0 0x563d112de19a <unknown>\nE       #1 0x563d10d5bc4b <unknown>\nE       #2 0x563d10dad318 <unknown>\nE       #3 0x563d10dad551 <unknown>\nE       #4 0x563d10dfb764 <unknown>\nE       #5 0x563d10df8bee <unknown>\nE       #6 0x563d10d9fc42 <unknown>\nE       #7 0x563d10da08f1 <unknown>\nE       #8 0x563d112a6f39 <unknown>\nE       #9 0x563d112a9e7d <unknown>\nE       #10 0x563d1128fc81 <unknown>\nE       #11 0x563d112aaa5b <unknown>\nE       #12 0x563d11276a50 <unknown>\nE       #13 0x563d112cbaa8 <unknown>\nE       #14 0x563d112cbc79 <unknown>\nE       #15 0x563d112dd4f3 <unknown>\nE       #16 0x7f358289caa4 <unknown>\nE       #17 0x7f3582929c6c <unknown>\n\n/opt/hostedtoolcache/Python/3.12.12/x64/lib/python3.12/site-packages/selenium/webdriver/support/wait.py:95: TimeoutException","steps":[{"name":"select_group","time":{"start":1767707350929,"stop":1767707361320,"duration":10391},"status":"broken","statusMessage":"selenium.common.exceptions.TimeoutException: Message: Can't find element by locator ('xpath', '//button[@data-test-active-link=\"Words\"]')\nStacktrace:\n#0 0x563d112de19a <unknown>\n#1 0x563d10d5bc4b <unknown>\n#2 0x563d10dad318 <unknown>\n#3 0x563d10dad551 <unknown>\n#4 0x563d10dfb764 <unknown>\n#5 0x563d10df8bee <unknown>\n#6 0x563d10d9fc42 <unknown>\n#7 0x563d10da08f1 <unknown>\n#8 0x563d112a6f39 <unknown>\n#9 0x563d112a9e7d <unknown>\n#10 0x563d1128fc81 <unknown>\n#11 0x563d112aaa5b <unknown>\n#12 0x563d11276a50 <unknown>\n#13 0x563d112cbaa8 <unknown>\n#14 0x563d112cbc79 <unknown>\n#15 0x563d112dd4f3 <unknown>\n#16 0x7f358289caa4 <unknown>\n#17 0x7f3582929c6c <unknown>\n\n","statusTrace":"  File \"/opt/hostedtoolcache/Python/3.12.12/x64/lib/python3.12/site-packages/allure_commons/_allure.py\", line 192, in impl\n    return func(*a, **kw)\n           ^^^^^^^^^^^^^^\n  File \"/home/runner/work/auto-tests-python/auto-tests-python/pages/speech_exercises_page_en.py\", line 18, in select_group\n    text_of_the_button = self.element_is_present_and_clickable(selector_for_sub_group)\n                         ^^^^^^^^^^^^^^^^^^^^^^^^^^^^^^^^^^^^^^^^^^^^^^^^^^^^^^^^^^^^^\n  File \"/home/runner/work/auto-tests-python/auto-tests-python/pages/base_page.py\", line 40, in element_is_present_and_clickable\n    return (Wait(self.driver, self.timeout).until(\n            ^^^^^^^^^^^^^^^^^^^^^^^^^^^^^^^^^^^^^^\n  File \"/opt/hostedtoolcache/Python/3.12.12/x64/lib/python3.12/site-packages/selenium/webdriver/support/wait.py\", line 95, in until\n    raise TimeoutException(message, screen, stacktrace)\n","steps":[{"name":"Select Russian language. Click \"EN\" button.","time":{"start":1767707350929,"stop":1767707351021,"duration":92},"status":"passed","steps":[],"attachments":[],"parameters":[],"stepsCount":0,"shouldDisplayMessage":false,"attachmentsCount":0,"hasContent":false,"attachmentStep":false},{"name":"Click button \"SPEECH EXERCISES\".","time":{"start":1767707351021,"stop":1767707351108,"duration":87},"status":"passed","steps":[],"attachments":[],"parameters":[],"stepsCount":0,"shouldDisplayMessage":false,"attachmentsCount":0,"hasContent":false,"attachmentStep":false}],"attachments":[],"parameters":[{"name":"selector_for_sub_group","value":"('xpath', '//button[@data-test-active-link=\"Words\"]')"}],"stepsCount":2,"shouldDisplayMessage":true,"attachmentsCount":0,"hasContent":true,"attachmentStep":false}],"attachments":[],"parameters":[],"stepsCount":3,"shouldDisplayMessage":true,"attachmentsCount":0,"hasContent":true,"attachmentStep":false},"afterStages":[{"name":"driver::0","time":{"start":1767707361358,"stop":1767707361431,"duration":73},"status":"passed","steps":[],"attachments":[],"parameters":[],"stepsCount":0,"shouldDisplayMessage":false,"attachmentsCount":0,"hasContent":false,"attachmentStep":false}],"labels":[{"name":"epic","value":"Speech exercises."},{"name":"suite","value":"Speech exercises EN."},{"name":"tag","value":"@pytest.mark.xfail"},{"name":"parentSuite","value":"tests"},{"name":"subSuite","value":"TestCardsEN"},{"name":"host","value":"runnervmh13bl"},{"name":"thread","value":"2618-MainThread"},{"name":"framework","value":"pytest"},{"name":"language","value":"cpython3"},{"name":"package","value":"tests.test_speech_exercises_en"},{"name":"resultFormat","value":"allure2"}],"parameters":[],"links":[],"hidden":false,"retry":false,"extra":{"severity":"normal","retries":[],"categories":[],"history":{"statistic":{"failed":0,"broken":0,"skipped":2,"passed":0,"unknown":0,"total":2},"items":[{"uid":"417def3223303ec3","reportUrl":"https://Brain-up.github.io/auto-tests-python/794/#testresult/417def3223303ec3","status":"skipped","statusDetails":"XFAIL\n\nselenium.common.exceptions.TimeoutException: Message: Url: https://www.brainup.site/groups/4/series/9/exercise/2391 has not been changed!!!","time":{"start":1767702479754,"stop":1767702493582,"duration":13828}}]},"tags":["@pytest.mark.xfail"]},"source":"7ef3a7d0b5816f40.json","parameterValues":[]}