{"uid":"3a8875ee8b7a5a48","name":"Solutions to a random task in the \"Слова\" group and comparison of statics.","fullName":"tests.test_speech_exercises_ru.TestCardsRU#test_solve_word_cards_with_statistic_ru","historyId":"0fb6881b2015244903bd7785af7503a6","time":{"start":1762337991813,"stop":1762338002180,"duration":10367},"status":"skipped","statusMessage":"XFAIL\n\nselenium.common.exceptions.TimeoutException: Message: Can't find element by locator ('xpath', '//div[@class=\"__51e19\"]')\nStacktrace:\n#0 0x55662f23caea <unknown>\n#1 0x55662ec88cdb <unknown>\n#2 0x55662ecdb6c4 <unknown>\n#3 0x55662ecdb901 <unknown>\n#4 0x55662ed2a8b4 <unknown>\n#5 0x55662ed27c87 <unknown>\n#6 0x55662eccdaca <unknown>\n#7 0x55662ecce7d1 <unknown>\n#8 0x55662f203ab9 <unknown>\n#9 0x55662f206a8c <unknown>\n#10 0x55662f1ecd49 <unknown>\n#11 0x55662f207685 <unknown>\n#12 0x55662f1d46c3 <unknown>\n#13 0x55662f2297d8 <unknown>\n#14 0x55662f2299b3 <unknown>\n#15 0x55662f23ba83 <unknown>\n#16 0x7f428529caa4 <unknown>\n#17 0x7f4285329c6c <unknown>","statusTrace":"self = <tests.test_speech_exercises_ru.TestCardsRU object at 0x7f21a281a5a0>\ndriver = <selenium.webdriver.chrome.webdriver.WebDriver (session=\"59d381915333adfa272fbd0587bf25f1\")>\ndefault_user_authorized = None\n\n    @pytest.mark.xfail\n    @allure.suite(\"Речевые упражнения.\")\n    @allure.title('Solutions to a random task in the \"Слова\" group and comparison of statics.')\n    def test_solve_word_cards_with_statistic_ru(self, driver, default_user_authorized):\n        page = SpeechExercisesPageRU(driver)\n        page.click_button_ru()\n>       table = page.get_statistic_data()\n\ntests/test_speech_exercises_ru.py:165: \n_ _ _ _ _ _ _ _ _ _ _ _ _ _ _ _ _ _ _ _ _ _ _ _ _ _ _ _ _ _ _ _ _ _ _ _ _ _ _ _ \npages/speech_exercises_page_ru.py:174: in get_statistic_data\n    table = self.element_is_present(self.locators.AuthorizedUserHomePageLocators.STATISTIC_TABLE)\npages/base_page.py:32: in element_is_present\n    return Wait(self.driver, self.timeout).until(\n_ _ _ _ _ _ _ _ _ _ _ _ _ _ _ _ _ _ _ _ _ _ _ _ _ _ _ _ _ _ _ _ _ _ _ _ _ _ _ _ \n\nself = <selenium.webdriver.support.wait.WebDriverWait (session=\"59d381915333adfa272fbd0587bf25f1\")>\nmethod = <function presence_of_element_located.<locals>._predicate at 0x7f21a276d760>\nmessage = 'Can\\'t find element by locator (\\'xpath\\', \\'//div[@class=\"__51e19\"]\\')'\n\n    def until(self, method, message: str = \"\"):\n        \"\"\"Calls the method provided with the driver as an argument until the \\\n        return value does not evaluate to ``False``.\n    \n        :param method: callable(WebDriver)\n        :param message: optional message for :exc:`TimeoutException`\n        :returns: the result of the last call to `method`\n        :raises: :exc:`selenium.common.exceptions.TimeoutException` if timeout occurs\n        \"\"\"\n        screen = None\n        stacktrace = None\n    \n        end_time = time.monotonic() + self._timeout\n        while True:\n            try:\n                value = method(self._driver)\n                if value:\n                    return value\n            except self._ignored_exceptions as exc:\n                screen = getattr(exc, \"screen\", None)\n                stacktrace = getattr(exc, \"stacktrace\", None)\n            time.sleep(self._poll)\n            if time.monotonic() > end_time:\n                break\n>       raise TimeoutException(message, screen, stacktrace)\nE       selenium.common.exceptions.TimeoutException: Message: Can't find element by locator ('xpath', '//div[@class=\"__51e19\"]')\nE       Stacktrace:\nE       #0 0x55662f23caea <unknown>\nE       #1 0x55662ec88cdb <unknown>\nE       #2 0x55662ecdb6c4 <unknown>\nE       #3 0x55662ecdb901 <unknown>\nE       #4 0x55662ed2a8b4 <unknown>\nE       #5 0x55662ed27c87 <unknown>\nE       #6 0x55662eccdaca <unknown>\nE       #7 0x55662ecce7d1 <unknown>\nE       #8 0x55662f203ab9 <unknown>\nE       #9 0x55662f206a8c <unknown>\nE       #10 0x55662f1ecd49 <unknown>\nE       #11 0x55662f207685 <unknown>\nE       #12 0x55662f1d46c3 <unknown>\nE       #13 0x55662f2297d8 <unknown>\nE       #14 0x55662f2299b3 <unknown>\nE       #15 0x55662f23ba83 <unknown>\nE       #16 0x7f428529caa4 <unknown>\nE       #17 0x7f4285329c6c <unknown>\n\n/opt/hostedtoolcache/Python/3.12.12/x64/lib/python3.12/site-packages/selenium/webdriver/support/wait.py:95: TimeoutException","flaky":false,"newFailed":false,"newBroken":false,"newPassed":false,"retriesCount":0,"retriesStatusChange":false,"beforeStages":[{"name":"clear_allure_results_folder","time":{"start":1762336409485,"stop":1762336409485,"duration":0},"status":"passed","steps":[],"attachments":[],"parameters":[],"stepsCount":0,"shouldDisplayMessage":false,"attachmentsCount":0,"hasContent":false,"attachmentStep":false},{"name":"driver","time":{"start":1762337984226,"stop":1762337985004,"duration":778},"status":"passed","steps":[],"attachments":[],"parameters":[],"stepsCount":0,"shouldDisplayMessage":false,"attachmentsCount":0,"hasContent":false,"attachmentStep":false},{"name":"main_page_open","time":{"start":1762337985004,"stop":1762337989342,"duration":4338},"status":"passed","steps":[{"name":"Open page: https://www.brainup.site/","time":{"start":1762337985004,"stop":1762337989342,"duration":4338},"status":"passed","steps":[],"attachments":[],"parameters":[{"name":"driver","value":"<selenium.webdriver.chrome.webdriver.WebDriver (session=\"59d381915333adfa272fbd0587bf25f1\")>"}],"stepsCount":0,"shouldDisplayMessage":false,"attachmentsCount":0,"hasContent":true,"attachmentStep":false}],"attachments":[],"parameters":[],"stepsCount":1,"shouldDisplayMessage":false,"attachmentsCount":0,"hasContent":true,"attachmentStep":false},{"name":"default_user_authorized","time":{"start":1762337989342,"stop":1762337991812,"duration":2470},"status":"passed","steps":[{"name":"DEFAULT user authorized","time":{"start":1762337989342,"stop":1762337991812,"duration":2470},"status":"passed","steps":[{"name":"Check url is present: https://www.brainup.site/groups","time":{"start":1762337989768,"stop":1762337991788,"duration":2020},"status":"passed","steps":[],"attachments":[],"parameters":[],"stepsCount":0,"shouldDisplayMessage":false,"attachmentsCount":0,"hasContent":false,"attachmentStep":false},{"name":"Loader checking","time":{"start":1762337991788,"stop":1762337991812,"duration":24},"status":"passed","steps":[],"attachments":[],"parameters":[],"stepsCount":0,"shouldDisplayMessage":false,"attachmentsCount":0,"hasContent":false,"attachmentStep":false}],"attachments":[],"parameters":[{"name":"driver","value":"<selenium.webdriver.chrome.webdriver.WebDriver (session=\"59d381915333adfa272fbd0587bf25f1\")>"},{"name":"main_page_open","value":"None"}],"stepsCount":2,"shouldDisplayMessage":false,"attachmentsCount":0,"hasContent":true,"attachmentStep":false}],"attachments":[],"parameters":[],"stepsCount":3,"shouldDisplayMessage":false,"attachmentsCount":0,"hasContent":true,"attachmentStep":false}],"testStage":{"status":"skipped","statusMessage":"XFAIL\n\nselenium.common.exceptions.TimeoutException: Message: Can't find element by locator ('xpath', '//div[@class=\"__51e19\"]')\nStacktrace:\n#0 0x55662f23caea <unknown>\n#1 0x55662ec88cdb <unknown>\n#2 0x55662ecdb6c4 <unknown>\n#3 0x55662ecdb901 <unknown>\n#4 0x55662ed2a8b4 <unknown>\n#5 0x55662ed27c87 <unknown>\n#6 0x55662eccdaca <unknown>\n#7 0x55662ecce7d1 <unknown>\n#8 0x55662f203ab9 <unknown>\n#9 0x55662f206a8c <unknown>\n#10 0x55662f1ecd49 <unknown>\n#11 0x55662f207685 <unknown>\n#12 0x55662f1d46c3 <unknown>\n#13 0x55662f2297d8 <unknown>\n#14 0x55662f2299b3 <unknown>\n#15 0x55662f23ba83 <unknown>\n#16 0x7f428529caa4 <unknown>\n#17 0x7f4285329c6c <unknown>","statusTrace":"self = <tests.test_speech_exercises_ru.TestCardsRU object at 0x7f21a281a5a0>\ndriver = <selenium.webdriver.chrome.webdriver.WebDriver (session=\"59d381915333adfa272fbd0587bf25f1\")>\ndefault_user_authorized = None\n\n    @pytest.mark.xfail\n    @allure.suite(\"Речевые упражнения.\")\n    @allure.title('Solutions to a random task in the \"Слова\" group and comparison of statics.')\n    def test_solve_word_cards_with_statistic_ru(self, driver, default_user_authorized):\n        page = SpeechExercisesPageRU(driver)\n        page.click_button_ru()\n>       table = page.get_statistic_data()\n\ntests/test_speech_exercises_ru.py:165: \n_ _ _ _ _ _ _ _ _ _ _ _ _ _ _ _ _ _ _ _ _ _ _ _ _ _ _ _ _ _ _ _ _ _ _ _ _ _ _ _ \npages/speech_exercises_page_ru.py:174: in get_statistic_data\n    table = self.element_is_present(self.locators.AuthorizedUserHomePageLocators.STATISTIC_TABLE)\npages/base_page.py:32: in element_is_present\n    return Wait(self.driver, self.timeout).until(\n_ _ _ _ _ _ _ _ _ _ _ _ _ _ _ _ _ _ _ _ _ _ _ _ _ _ _ _ _ _ _ _ _ _ _ _ _ _ _ _ \n\nself = <selenium.webdriver.support.wait.WebDriverWait (session=\"59d381915333adfa272fbd0587bf25f1\")>\nmethod = <function presence_of_element_located.<locals>._predicate at 0x7f21a276d760>\nmessage = 'Can\\'t find element by locator (\\'xpath\\', \\'//div[@class=\"__51e19\"]\\')'\n\n    def until(self, method, message: str = \"\"):\n        \"\"\"Calls the method provided with the driver as an argument until the \\\n        return value does not evaluate to ``False``.\n    \n        :param method: callable(WebDriver)\n        :param message: optional message for :exc:`TimeoutException`\n        :returns: the result of the last call to `method`\n        :raises: :exc:`selenium.common.exceptions.TimeoutException` if timeout occurs\n        \"\"\"\n        screen = None\n        stacktrace = None\n    \n        end_time = time.monotonic() + self._timeout\n        while True:\n            try:\n                value = method(self._driver)\n                if value:\n                    return value\n            except self._ignored_exceptions as exc:\n                screen = getattr(exc, \"screen\", None)\n                stacktrace = getattr(exc, \"stacktrace\", None)\n            time.sleep(self._poll)\n            if time.monotonic() > end_time:\n                break\n>       raise TimeoutException(message, screen, stacktrace)\nE       selenium.common.exceptions.TimeoutException: Message: Can't find element by locator ('xpath', '//div[@class=\"__51e19\"]')\nE       Stacktrace:\nE       #0 0x55662f23caea <unknown>\nE       #1 0x55662ec88cdb <unknown>\nE       #2 0x55662ecdb6c4 <unknown>\nE       #3 0x55662ecdb901 <unknown>\nE       #4 0x55662ed2a8b4 <unknown>\nE       #5 0x55662ed27c87 <unknown>\nE       #6 0x55662eccdaca <unknown>\nE       #7 0x55662ecce7d1 <unknown>\nE       #8 0x55662f203ab9 <unknown>\nE       #9 0x55662f206a8c <unknown>\nE       #10 0x55662f1ecd49 <unknown>\nE       #11 0x55662f207685 <unknown>\nE       #12 0x55662f1d46c3 <unknown>\nE       #13 0x55662f2297d8 <unknown>\nE       #14 0x55662f2299b3 <unknown>\nE       #15 0x55662f23ba83 <unknown>\nE       #16 0x7f428529caa4 <unknown>\nE       #17 0x7f4285329c6c <unknown>\n\n/opt/hostedtoolcache/Python/3.12.12/x64/lib/python3.12/site-packages/selenium/webdriver/support/wait.py:95: TimeoutException","steps":[{"name":"click_button RU","time":{"start":1762337991813,"stop":1762337991892,"duration":79},"status":"passed","steps":[{"name":"Click button \"RU\".","time":{"start":1762337991813,"stop":1762337991891,"duration":78},"status":"passed","steps":[],"attachments":[],"parameters":[],"stepsCount":0,"shouldDisplayMessage":false,"attachmentsCount":0,"hasContent":false,"attachmentStep":false}],"attachments":[],"parameters":[],"stepsCount":1,"shouldDisplayMessage":false,"attachmentsCount":0,"hasContent":true,"attachmentStep":false},{"name":"get_statistic_data","time":{"start":1762337991892,"stop":1762338002180,"duration":10288},"status":"broken","statusMessage":"selenium.common.exceptions.TimeoutException: Message: Can't find element by locator ('xpath', '//div[@class=\"__51e19\"]')\nStacktrace:\n#0 0x55662f23caea <unknown>\n#1 0x55662ec88cdb <unknown>\n#2 0x55662ecdb6c4 <unknown>\n#3 0x55662ecdb901 <unknown>\n#4 0x55662ed2a8b4 <unknown>\n#5 0x55662ed27c87 <unknown>\n#6 0x55662eccdaca <unknown>\n#7 0x55662ecce7d1 <unknown>\n#8 0x55662f203ab9 <unknown>\n#9 0x55662f206a8c <unknown>\n#10 0x55662f1ecd49 <unknown>\n#11 0x55662f207685 <unknown>\n#12 0x55662f1d46c3 <unknown>\n#13 0x55662f2297d8 <unknown>\n#14 0x55662f2299b3 <unknown>\n#15 0x55662f23ba83 <unknown>\n#16 0x7f428529caa4 <unknown>\n#17 0x7f4285329c6c <unknown>\n\n","statusTrace":"  File \"/opt/hostedtoolcache/Python/3.12.12/x64/lib/python3.12/site-packages/allure_commons/_allure.py\", line 192, in impl\n    return func(*a, **kw)\n           ^^^^^^^^^^^^^^\n  File \"/home/runner/work/auto-tests-python/auto-tests-python/pages/speech_exercises_page_ru.py\", line 174, in get_statistic_data\n    table = self.element_is_present(self.locators.AuthorizedUserHomePageLocators.STATISTIC_TABLE)\n            ^^^^^^^^^^^^^^^^^^^^^^^^^^^^^^^^^^^^^^^^^^^^^^^^^^^^^^^^^^^^^^^^^^^^^^^^^^^^^^^^^^^^^\n  File \"/home/runner/work/auto-tests-python/auto-tests-python/pages/base_page.py\", line 32, in element_is_present\n    return Wait(self.driver, self.timeout).until(\n           ^^^^^^^^^^^^^^^^^^^^^^^^^^^^^^^^^^^^^^\n  File \"/opt/hostedtoolcache/Python/3.12.12/x64/lib/python3.12/site-packages/selenium/webdriver/support/wait.py\", line 95, in until\n    raise TimeoutException(message, screen, stacktrace)\n","steps":[{"name":"Click button \"Статистика\"\".","time":{"start":1762337991892,"stop":1762337991970,"duration":78},"status":"passed","steps":[],"attachments":[],"parameters":[],"stepsCount":0,"shouldDisplayMessage":false,"attachmentsCount":0,"hasContent":false,"attachmentStep":false},{"name":"Check statistic table is present and scroll to table","time":{"start":1762337991970,"stop":1762338002179,"duration":10209},"status":"broken","statusMessage":"selenium.common.exceptions.TimeoutException: Message: Can't find element by locator ('xpath', '//div[@class=\"__51e19\"]')\nStacktrace:\n#0 0x55662f23caea <unknown>\n#1 0x55662ec88cdb <unknown>\n#2 0x55662ecdb6c4 <unknown>\n#3 0x55662ecdb901 <unknown>\n#4 0x55662ed2a8b4 <unknown>\n#5 0x55662ed27c87 <unknown>\n#6 0x55662eccdaca <unknown>\n#7 0x55662ecce7d1 <unknown>\n#8 0x55662f203ab9 <unknown>\n#9 0x55662f206a8c <unknown>\n#10 0x55662f1ecd49 <unknown>\n#11 0x55662f207685 <unknown>\n#12 0x55662f1d46c3 <unknown>\n#13 0x55662f2297d8 <unknown>\n#14 0x55662f2299b3 <unknown>\n#15 0x55662f23ba83 <unknown>\n#16 0x7f428529caa4 <unknown>\n#17 0x7f4285329c6c <unknown>\n\n","statusTrace":"  File \"/home/runner/work/auto-tests-python/auto-tests-python/pages/speech_exercises_page_ru.py\", line 174, in get_statistic_data\n    table = self.element_is_present(self.locators.AuthorizedUserHomePageLocators.STATISTIC_TABLE)\n            ^^^^^^^^^^^^^^^^^^^^^^^^^^^^^^^^^^^^^^^^^^^^^^^^^^^^^^^^^^^^^^^^^^^^^^^^^^^^^^^^^^^^^\n  File \"/home/runner/work/auto-tests-python/auto-tests-python/pages/base_page.py\", line 32, in element_is_present\n    return Wait(self.driver, self.timeout).until(\n           ^^^^^^^^^^^^^^^^^^^^^^^^^^^^^^^^^^^^^^\n  File \"/opt/hostedtoolcache/Python/3.12.12/x64/lib/python3.12/site-packages/selenium/webdriver/support/wait.py\", line 95, in until\n    raise TimeoutException(message, screen, stacktrace)\n","steps":[],"attachments":[],"parameters":[],"stepsCount":0,"shouldDisplayMessage":true,"attachmentsCount":0,"hasContent":true,"attachmentStep":false}],"attachments":[],"parameters":[],"stepsCount":2,"shouldDisplayMessage":false,"attachmentsCount":0,"hasContent":true,"attachmentStep":false}],"attachments":[],"parameters":[],"stepsCount":5,"shouldDisplayMessage":true,"attachmentsCount":0,"hasContent":true,"attachmentStep":false},"afterStages":[{"name":"driver::0","time":{"start":1762338002195,"stop":1762338002264,"duration":69},"status":"passed","steps":[],"attachments":[],"parameters":[],"stepsCount":0,"shouldDisplayMessage":false,"attachmentsCount":0,"hasContent":false,"attachmentStep":false}],"labels":[{"name":"epic","value":"Speech exercises."},{"name":"suite","value":"Речевые упражнения."},{"name":"tag","value":"@pytest.mark.xfail"},{"name":"parentSuite","value":"tests"},{"name":"subSuite","value":"TestCardsRU"},{"name":"host","value":"runnervmf2e7y"},{"name":"thread","value":"2570-MainThread"},{"name":"framework","value":"pytest"},{"name":"language","value":"cpython3"},{"name":"package","value":"tests.test_speech_exercises_ru"},{"name":"resultFormat","value":"allure2"}],"parameters":[],"links":[],"hidden":false,"retry":false,"extra":{"severity":"normal","retries":[],"categories":[],"history":{"statistic":{"failed":0,"broken":0,"skipped":3,"passed":0,"unknown":0,"total":3},"items":[{"uid":"c90ba82984e0aa4d","reportUrl":"https://Brain-up.github.io/auto-tests-python/2/#testresult/c90ba82984e0aa4d","status":"skipped","statusDetails":"XFAIL\n\nselenium.common.exceptions.TimeoutException: Message: Can't find element by locator ('xpath', '//div[@class=\"__51e19\"]')\nStacktrace:\n#0 0x55e3799c5aea <unknown>\n#1 0x55e379411cdb <unknown>\n#2 0x55e3794646c4 <unknown>\n#3 0x55e379464901 <unknown>\n#4 0x55e3794b38b4 <unknown>\n#5 0x55e3794b0c87 <unknown>\n#6 0x55e379456aca <unknown>\n#7 0x55e3794577d1 <unknown>\n#8 0x55e37998cab9 <unknown>\n#9 0x55e37998fa8c <unknown>\n#10 0x55e379975d49 <unknown>\n#11 0x55e379990685 <unknown>\n#12 0x55e37995d6c3 <unknown>\n#13 0x55e3799b27d8 <unknown>\n#14 0x55e3799b29b3 <unknown>\n#15 0x55e3799c4a83 <unknown>\n#16 0x7efd26e9caa4 <unknown>\n#17 0x7efd26f29c6c <unknown>","time":{"start":1762337980577,"stop":1762337990924,"duration":10347}},{"uid":"75803a4d0ba8a8b7","reportUrl":"https://Brain-up.github.io/auto-tests-python/736/#testresult/75803a4d0ba8a8b7","status":"skipped","statusDetails":"XFAIL\n\nselenium.common.exceptions.TimeoutException: Message: Can't find element by locator ('xpath', '//div[@class=\"__51e19\"]')\nStacktrace:\n#0 0x55887f0e9aea <unknown>\n#1 0x55887eb35cdb <unknown>\n#2 0x55887eb886c4 <unknown>\n#3 0x55887eb88901 <unknown>\n#4 0x55887ebd78b4 <unknown>\n#5 0x55887ebd4c87 <unknown>\n#6 0x55887eb7aaca <unknown>\n#7 0x55887eb7b7d1 <unknown>\n#8 0x55887f0b0ab9 <unknown>\n#9 0x55887f0b3a8c <unknown>\n#10 0x55887f099d49 <unknown>\n#11 0x55887f0b4685 <unknown>\n#12 0x55887f0816c3 <unknown>\n#13 0x55887f0d67d8 <unknown>\n#14 0x55887f0d69b3 <unknown>\n#15 0x55887f0e8a83 <unknown>\n#16 0x7f283e29caa4 <unknown>\n#17 0x7f283e329c6c <unknown>","time":{"start":1762337273732,"stop":1762337284064,"duration":10332}}]},"tags":["@pytest.mark.xfail"]},"source":"3a8875ee8b7a5a48.json","parameterValues":[]}