{"uid":"8a508bc1c00b1d46","name":"Solutions to a random task in the \"Слова Королёвой\" .","fullName":"tests.test_speech_exercises_ru.TestCardsRU#test_solve_koroleva_cards_ru","historyId":"c9fe4fbd9394e2fb5a6898be66ba433b","time":{"start":1762337973814,"stop":1762337984140,"duration":10326},"status":"skipped","statusMessage":"XFAIL\n\nselenium.common.exceptions.TimeoutException: Message: Can't find element by locator ('xpath', '//a[text()=\"Упражнения\"]')\nStacktrace:\n#0 0x55f7f8ed3aea <unknown>\n#1 0x55f7f891fcdb <unknown>\n#2 0x55f7f89726c4 <unknown>\n#3 0x55f7f8972901 <unknown>\n#4 0x55f7f89c18b4 <unknown>\n#5 0x55f7f89bec87 <unknown>\n#6 0x55f7f8964aca <unknown>\n#7 0x55f7f89657d1 <unknown>\n#8 0x55f7f8e9aab9 <unknown>\n#9 0x55f7f8e9da8c <unknown>\n#10 0x55f7f8e83d49 <unknown>\n#11 0x55f7f8e9e685 <unknown>\n#12 0x55f7f8e6b6c3 <unknown>\n#13 0x55f7f8ec07d8 <unknown>\n#14 0x55f7f8ec09b3 <unknown>\n#15 0x55f7f8ed2a83 <unknown>\n#16 0x7f564309caa4 <unknown>\n#17 0x7f5643129c6c <unknown>","statusTrace":"self = <tests.test_speech_exercises_ru.TestCardsRU object at 0x7f21a281a3f0>\ndriver = <selenium.webdriver.chrome.webdriver.WebDriver (session=\"61f09b9a85f523511883fd85403d106b\")>\ndefault_user_authorized = None\n\n    @pytest.mark.xfail\n    @allure.suite(\"Речевые упражнения.\")\n    @allure.title('Solutions to a random task in the \"Слова Королёвой\" .')\n    def test_solve_koroleva_cards_ru(self, driver, default_user_authorized):\n        page = SpeechExercisesPageRU(driver)\n>       page.click_button_exercises()\n\ntests/test_speech_exercises_ru.py:144: \n_ _ _ _ _ _ _ _ _ _ _ _ _ _ _ _ _ _ _ _ _ _ _ _ _ _ _ _ _ _ _ _ _ _ _ _ _ _ _ _ \npages/speech_exercises_page_ru.py:199: in click_button_exercises\n    button = self.element_is_present_and_clickable(self.locators.AuthorizedUserHomePageLocators.BUTTON_EXERCISES_RU)\npages/base_page.py:40: in element_is_present_and_clickable\n    return (Wait(self.driver, self.timeout).until(\n_ _ _ _ _ _ _ _ _ _ _ _ _ _ _ _ _ _ _ _ _ _ _ _ _ _ _ _ _ _ _ _ _ _ _ _ _ _ _ _ \n\nself = <selenium.webdriver.support.wait.WebDriverWait (session=\"61f09b9a85f523511883fd85403d106b\")>\nmethod = <function visibility_of_element_located.<locals>._predicate at 0x7f21a276c860>\nmessage = 'Can\\'t find element by locator (\\'xpath\\', \\'//a[text()=\"Упражнения\"]\\')'\n\n    def until(self, method, message: str = \"\"):\n        \"\"\"Calls the method provided with the driver as an argument until the \\\n        return value does not evaluate to ``False``.\n    \n        :param method: callable(WebDriver)\n        :param message: optional message for :exc:`TimeoutException`\n        :returns: the result of the last call to `method`\n        :raises: :exc:`selenium.common.exceptions.TimeoutException` if timeout occurs\n        \"\"\"\n        screen = None\n        stacktrace = None\n    \n        end_time = time.monotonic() + self._timeout\n        while True:\n            try:\n                value = method(self._driver)\n                if value:\n                    return value\n            except self._ignored_exceptions as exc:\n                screen = getattr(exc, \"screen\", None)\n                stacktrace = getattr(exc, \"stacktrace\", None)\n            time.sleep(self._poll)\n            if time.monotonic() > end_time:\n                break\n>       raise TimeoutException(message, screen, stacktrace)\nE       selenium.common.exceptions.TimeoutException: Message: Can't find element by locator ('xpath', '//a[text()=\"Упражнения\"]')\nE       Stacktrace:\nE       #0 0x55f7f8ed3aea <unknown>\nE       #1 0x55f7f891fcdb <unknown>\nE       #2 0x55f7f89726c4 <unknown>\nE       #3 0x55f7f8972901 <unknown>\nE       #4 0x55f7f89c18b4 <unknown>\nE       #5 0x55f7f89bec87 <unknown>\nE       #6 0x55f7f8964aca <unknown>\nE       #7 0x55f7f89657d1 <unknown>\nE       #8 0x55f7f8e9aab9 <unknown>\nE       #9 0x55f7f8e9da8c <unknown>\nE       #10 0x55f7f8e83d49 <unknown>\nE       #11 0x55f7f8e9e685 <unknown>\nE       #12 0x55f7f8e6b6c3 <unknown>\nE       #13 0x55f7f8ec07d8 <unknown>\nE       #14 0x55f7f8ec09b3 <unknown>\nE       #15 0x55f7f8ed2a83 <unknown>\nE       #16 0x7f564309caa4 <unknown>\nE       #17 0x7f5643129c6c <unknown>\n\n/opt/hostedtoolcache/Python/3.12.12/x64/lib/python3.12/site-packages/selenium/webdriver/support/wait.py:95: TimeoutException","flaky":false,"newFailed":false,"newBroken":false,"newPassed":false,"retriesCount":0,"retriesStatusChange":false,"beforeStages":[{"name":"clear_allure_results_folder","time":{"start":1762336409485,"stop":1762336409485,"duration":0},"status":"passed","steps":[],"attachments":[],"parameters":[],"stepsCount":0,"shouldDisplayMessage":false,"attachmentsCount":0,"hasContent":false,"attachmentStep":false},{"name":"driver","time":{"start":1762337967138,"stop":1762337967907,"duration":769},"status":"passed","steps":[],"attachments":[],"parameters":[],"stepsCount":0,"shouldDisplayMessage":false,"attachmentsCount":0,"hasContent":false,"attachmentStep":false},{"name":"main_page_open","time":{"start":1762337967907,"stop":1762337971370,"duration":3463},"status":"passed","steps":[{"name":"Open page: https://www.brainup.site/","time":{"start":1762337967908,"stop":1762337971370,"duration":3462},"status":"passed","steps":[],"attachments":[],"parameters":[{"name":"driver","value":"<selenium.webdriver.chrome.webdriver.WebDriver (session=\"61f09b9a85f523511883fd85403d106b\")>"}],"stepsCount":0,"shouldDisplayMessage":false,"attachmentsCount":0,"hasContent":true,"attachmentStep":false}],"attachments":[],"parameters":[],"stepsCount":1,"shouldDisplayMessage":false,"attachmentsCount":0,"hasContent":true,"attachmentStep":false},{"name":"default_user_authorized","time":{"start":1762337971370,"stop":1762337973813,"duration":2443},"status":"passed","steps":[{"name":"DEFAULT user authorized","time":{"start":1762337971370,"stop":1762337973813,"duration":2443},"status":"passed","steps":[{"name":"Check url is present: https://www.brainup.site/groups","time":{"start":1762337971771,"stop":1762337973790,"duration":2019},"status":"passed","steps":[],"attachments":[],"parameters":[],"stepsCount":0,"shouldDisplayMessage":false,"attachmentsCount":0,"hasContent":false,"attachmentStep":false},{"name":"Loader checking","time":{"start":1762337973790,"stop":1762337973813,"duration":23},"status":"passed","steps":[],"attachments":[],"parameters":[],"stepsCount":0,"shouldDisplayMessage":false,"attachmentsCount":0,"hasContent":false,"attachmentStep":false}],"attachments":[],"parameters":[{"name":"driver","value":"<selenium.webdriver.chrome.webdriver.WebDriver (session=\"61f09b9a85f523511883fd85403d106b\")>"},{"name":"main_page_open","value":"None"}],"stepsCount":2,"shouldDisplayMessage":false,"attachmentsCount":0,"hasContent":true,"attachmentStep":false}],"attachments":[],"parameters":[],"stepsCount":3,"shouldDisplayMessage":false,"attachmentsCount":0,"hasContent":true,"attachmentStep":false}],"testStage":{"status":"skipped","statusMessage":"XFAIL\n\nselenium.common.exceptions.TimeoutException: Message: Can't find element by locator ('xpath', '//a[text()=\"Упражнения\"]')\nStacktrace:\n#0 0x55f7f8ed3aea <unknown>\n#1 0x55f7f891fcdb <unknown>\n#2 0x55f7f89726c4 <unknown>\n#3 0x55f7f8972901 <unknown>\n#4 0x55f7f89c18b4 <unknown>\n#5 0x55f7f89bec87 <unknown>\n#6 0x55f7f8964aca <unknown>\n#7 0x55f7f89657d1 <unknown>\n#8 0x55f7f8e9aab9 <unknown>\n#9 0x55f7f8e9da8c <unknown>\n#10 0x55f7f8e83d49 <unknown>\n#11 0x55f7f8e9e685 <unknown>\n#12 0x55f7f8e6b6c3 <unknown>\n#13 0x55f7f8ec07d8 <unknown>\n#14 0x55f7f8ec09b3 <unknown>\n#15 0x55f7f8ed2a83 <unknown>\n#16 0x7f564309caa4 <unknown>\n#17 0x7f5643129c6c <unknown>","statusTrace":"self = <tests.test_speech_exercises_ru.TestCardsRU object at 0x7f21a281a3f0>\ndriver = <selenium.webdriver.chrome.webdriver.WebDriver (session=\"61f09b9a85f523511883fd85403d106b\")>\ndefault_user_authorized = None\n\n    @pytest.mark.xfail\n    @allure.suite(\"Речевые упражнения.\")\n    @allure.title('Solutions to a random task in the \"Слова Королёвой\" .')\n    def test_solve_koroleva_cards_ru(self, driver, default_user_authorized):\n        page = SpeechExercisesPageRU(driver)\n>       page.click_button_exercises()\n\ntests/test_speech_exercises_ru.py:144: \n_ _ _ _ _ _ _ _ _ _ _ _ _ _ _ _ _ _ _ _ _ _ _ _ _ _ _ _ _ _ _ _ _ _ _ _ _ _ _ _ \npages/speech_exercises_page_ru.py:199: in click_button_exercises\n    button = self.element_is_present_and_clickable(self.locators.AuthorizedUserHomePageLocators.BUTTON_EXERCISES_RU)\npages/base_page.py:40: in element_is_present_and_clickable\n    return (Wait(self.driver, self.timeout).until(\n_ _ _ _ _ _ _ _ _ _ _ _ _ _ _ _ _ _ _ _ _ _ _ _ _ _ _ _ _ _ _ _ _ _ _ _ _ _ _ _ \n\nself = <selenium.webdriver.support.wait.WebDriverWait (session=\"61f09b9a85f523511883fd85403d106b\")>\nmethod = <function visibility_of_element_located.<locals>._predicate at 0x7f21a276c860>\nmessage = 'Can\\'t find element by locator (\\'xpath\\', \\'//a[text()=\"Упражнения\"]\\')'\n\n    def until(self, method, message: str = \"\"):\n        \"\"\"Calls the method provided with the driver as an argument until the \\\n        return value does not evaluate to ``False``.\n    \n        :param method: callable(WebDriver)\n        :param message: optional message for :exc:`TimeoutException`\n        :returns: the result of the last call to `method`\n        :raises: :exc:`selenium.common.exceptions.TimeoutException` if timeout occurs\n        \"\"\"\n        screen = None\n        stacktrace = None\n    \n        end_time = time.monotonic() + self._timeout\n        while True:\n            try:\n                value = method(self._driver)\n                if value:\n                    return value\n            except self._ignored_exceptions as exc:\n                screen = getattr(exc, \"screen\", None)\n                stacktrace = getattr(exc, \"stacktrace\", None)\n            time.sleep(self._poll)\n            if time.monotonic() > end_time:\n                break\n>       raise TimeoutException(message, screen, stacktrace)\nE       selenium.common.exceptions.TimeoutException: Message: Can't find element by locator ('xpath', '//a[text()=\"Упражнения\"]')\nE       Stacktrace:\nE       #0 0x55f7f8ed3aea <unknown>\nE       #1 0x55f7f891fcdb <unknown>\nE       #2 0x55f7f89726c4 <unknown>\nE       #3 0x55f7f8972901 <unknown>\nE       #4 0x55f7f89c18b4 <unknown>\nE       #5 0x55f7f89bec87 <unknown>\nE       #6 0x55f7f8964aca <unknown>\nE       #7 0x55f7f89657d1 <unknown>\nE       #8 0x55f7f8e9aab9 <unknown>\nE       #9 0x55f7f8e9da8c <unknown>\nE       #10 0x55f7f8e83d49 <unknown>\nE       #11 0x55f7f8e9e685 <unknown>\nE       #12 0x55f7f8e6b6c3 <unknown>\nE       #13 0x55f7f8ec07d8 <unknown>\nE       #14 0x55f7f8ec09b3 <unknown>\nE       #15 0x55f7f8ed2a83 <unknown>\nE       #16 0x7f564309caa4 <unknown>\nE       #17 0x7f5643129c6c <unknown>\n\n/opt/hostedtoolcache/Python/3.12.12/x64/lib/python3.12/site-packages/selenium/webdriver/support/wait.py:95: TimeoutException","steps":[{"name":"Click button \"Упражнения\".","time":{"start":1762337973814,"stop":1762337984140,"duration":10326},"status":"broken","statusMessage":"selenium.common.exceptions.TimeoutException: Message: Can't find element by locator ('xpath', '//a[text()=\"Упражнения\"]')\nStacktrace:\n#0 0x55f7f8ed3aea <unknown>\n#1 0x55f7f891fcdb <unknown>\n#2 0x55f7f89726c4 <unknown>\n#3 0x55f7f8972901 <unknown>\n#4 0x55f7f89c18b4 <unknown>\n#5 0x55f7f89bec87 <unknown>\n#6 0x55f7f8964aca <unknown>\n#7 0x55f7f89657d1 <unknown>\n#8 0x55f7f8e9aab9 <unknown>\n#9 0x55f7f8e9da8c <unknown>\n#10 0x55f7f8e83d49 <unknown>\n#11 0x55f7f8e9e685 <unknown>\n#12 0x55f7f8e6b6c3 <unknown>\n#13 0x55f7f8ec07d8 <unknown>\n#14 0x55f7f8ec09b3 <unknown>\n#15 0x55f7f8ed2a83 <unknown>\n#16 0x7f564309caa4 <unknown>\n#17 0x7f5643129c6c <unknown>\n\n","statusTrace":"  File \"/opt/hostedtoolcache/Python/3.12.12/x64/lib/python3.12/site-packages/allure_commons/_allure.py\", line 192, in impl\n    return func(*a, **kw)\n           ^^^^^^^^^^^^^^\n  File \"/home/runner/work/auto-tests-python/auto-tests-python/pages/speech_exercises_page_ru.py\", line 199, in click_button_exercises\n    button = self.element_is_present_and_clickable(self.locators.AuthorizedUserHomePageLocators.BUTTON_EXERCISES_RU)\n             ^^^^^^^^^^^^^^^^^^^^^^^^^^^^^^^^^^^^^^^^^^^^^^^^^^^^^^^^^^^^^^^^^^^^^^^^^^^^^^^^^^^^^^^^^^^^^^^^^^^^^^^\n  File \"/home/runner/work/auto-tests-python/auto-tests-python/pages/base_page.py\", line 40, in element_is_present_and_clickable\n    return (Wait(self.driver, self.timeout).until(\n            ^^^^^^^^^^^^^^^^^^^^^^^^^^^^^^^^^^^^^^\n  File \"/opt/hostedtoolcache/Python/3.12.12/x64/lib/python3.12/site-packages/selenium/webdriver/support/wait.py\", line 95, in until\n    raise TimeoutException(message, screen, stacktrace)\n","steps":[{"name":"Click button \"RU\".","time":{"start":1762337973814,"stop":1762337973886,"duration":72},"status":"passed","steps":[],"attachments":[],"parameters":[],"stepsCount":0,"shouldDisplayMessage":false,"attachmentsCount":0,"hasContent":false,"attachmentStep":false}],"attachments":[],"parameters":[],"stepsCount":1,"shouldDisplayMessage":true,"attachmentsCount":0,"hasContent":true,"attachmentStep":false}],"attachments":[],"parameters":[],"stepsCount":2,"shouldDisplayMessage":true,"attachmentsCount":0,"hasContent":true,"attachmentStep":false},"afterStages":[{"name":"driver::0","time":{"start":1762337984155,"stop":1762337984224,"duration":69},"status":"passed","steps":[],"attachments":[],"parameters":[],"stepsCount":0,"shouldDisplayMessage":false,"attachmentsCount":0,"hasContent":false,"attachmentStep":false}],"labels":[{"name":"epic","value":"Speech exercises."},{"name":"suite","value":"Речевые упражнения."},{"name":"tag","value":"@pytest.mark.xfail"},{"name":"parentSuite","value":"tests"},{"name":"subSuite","value":"TestCardsRU"},{"name":"host","value":"runnervmf2e7y"},{"name":"thread","value":"2570-MainThread"},{"name":"framework","value":"pytest"},{"name":"language","value":"cpython3"},{"name":"package","value":"tests.test_speech_exercises_ru"},{"name":"resultFormat","value":"allure2"}],"parameters":[],"links":[],"hidden":false,"retry":false,"extra":{"severity":"normal","retries":[],"categories":[],"history":{"statistic":{"failed":0,"broken":0,"skipped":3,"passed":0,"unknown":0,"total":3},"items":[{"uid":"d82daefa08dbd511","reportUrl":"https://Brain-up.github.io/auto-tests-python/2/#testresult/d82daefa08dbd511","status":"skipped","statusDetails":"XFAIL\n\nselenium.common.exceptions.TimeoutException: Message: Can't find element by locator ('xpath', '//a[text()=\"Упражнения\"]')\nStacktrace:\n#0 0x55d4f05adaea <unknown>\n#1 0x55d4efff9cdb <unknown>\n#2 0x55d4f004c6c4 <unknown>\n#3 0x55d4f004c901 <unknown>\n#4 0x55d4f009b8b4 <unknown>\n#5 0x55d4f0098c87 <unknown>\n#6 0x55d4f003eaca <unknown>\n#7 0x55d4f003f7d1 <unknown>\n#8 0x55d4f0574ab9 <unknown>\n#9 0x55d4f0577a8c <unknown>\n#10 0x55d4f055dd49 <unknown>\n#11 0x55d4f0578685 <unknown>\n#12 0x55d4f05456c3 <unknown>\n#13 0x55d4f059a7d8 <unknown>\n#14 0x55d4f059a9b3 <unknown>\n#15 0x55d4f05aca83 <unknown>\n#16 0x7fef20a9caa4 <unknown>\n#17 0x7fef20b29c6c <unknown>","time":{"start":1762337963980,"stop":1762337974293,"duration":10313}},{"uid":"c409ebd302fbabc6","reportUrl":"https://Brain-up.github.io/auto-tests-python/736/#testresult/c409ebd302fbabc6","status":"skipped","statusDetails":"XFAIL\n\nselenium.common.exceptions.TimeoutException: Message: Can't find element by locator ('xpath', '//a[text()=\"Упражнения\"]')\nStacktrace:\n#0 0x55be0fdc6aea <unknown>\n#1 0x55be0f812cdb <unknown>\n#2 0x55be0f8656c4 <unknown>\n#3 0x55be0f865901 <unknown>\n#4 0x55be0f8b48b4 <unknown>\n#5 0x55be0f8b1c87 <unknown>\n#6 0x55be0f857aca <unknown>\n#7 0x55be0f8587d1 <unknown>\n#8 0x55be0fd8dab9 <unknown>\n#9 0x55be0fd90a8c <unknown>\n#10 0x55be0fd76d49 <unknown>\n#11 0x55be0fd91685 <unknown>\n#12 0x55be0fd5e6c3 <unknown>\n#13 0x55be0fdb37d8 <unknown>\n#14 0x55be0fdb39b3 <unknown>\n#15 0x55be0fdc5a83 <unknown>\n#16 0x7fe32dc9caa4 <unknown>\n#17 0x7fe32dd29c6c <unknown>","time":{"start":1762337257598,"stop":1762337267912,"duration":10314}}]},"tags":["@pytest.mark.xfail"]},"source":"8a508bc1c00b1d46.json","parameterValues":[]}