{"uid":"dc4289f57e672578","name":"Solutions to a random task in the \"Слова\" .","fullName":"tests.test_speech_exercises_ru.TestCardsRU#test_solve_word_cards_ru","historyId":"97a1dfc93de55b98f3507f18d0af26f8","time":{"start":1762337956730,"stop":1762337967052,"duration":10322},"status":"skipped","statusMessage":"XFAIL\n\nselenium.common.exceptions.TimeoutException: Message: Can't find element by locator ('xpath', '//a[text()=\"Упражнения\"]')\nStacktrace:\n#0 0x5629fc33baea <unknown>\n#1 0x5629fbd87cdb <unknown>\n#2 0x5629fbdda6c4 <unknown>\n#3 0x5629fbdda901 <unknown>\n#4 0x5629fbe298b4 <unknown>\n#5 0x5629fbe26c87 <unknown>\n#6 0x5629fbdccaca <unknown>\n#7 0x5629fbdcd7d1 <unknown>\n#8 0x5629fc302ab9 <unknown>\n#9 0x5629fc305a8c <unknown>\n#10 0x5629fc2ebd49 <unknown>\n#11 0x5629fc306685 <unknown>\n#12 0x5629fc2d36c3 <unknown>\n#13 0x5629fc3287d8 <unknown>\n#14 0x5629fc3289b3 <unknown>\n#15 0x5629fc33aa83 <unknown>\n#16 0x7fe2ca29caa4 <unknown>\n#17 0x7fe2ca329c6c <unknown>","statusTrace":"self = <tests.test_speech_exercises_ru.TestCardsRU object at 0x7f21a281a030>\ndriver = <selenium.webdriver.chrome.webdriver.WebDriver (session=\"a84051ade3f2b35c57bc63811e6efc04\")>\ndefault_user_authorized = None\n\n    @pytest.mark.xfail\n    @allure.suite(\"Речевые упражнения.\")\n    @allure.title('Solutions to a random task in the \"Слова\" .')\n    def test_solve_word_cards_ru(self, driver, default_user_authorized):\n        page = SpeechExercisesPageRU(driver)\n>       page.click_button_exercises()\n\ntests/test_speech_exercises_ru.py:124: \n_ _ _ _ _ _ _ _ _ _ _ _ _ _ _ _ _ _ _ _ _ _ _ _ _ _ _ _ _ _ _ _ _ _ _ _ _ _ _ _ \npages/speech_exercises_page_ru.py:199: in click_button_exercises\n    button = self.element_is_present_and_clickable(self.locators.AuthorizedUserHomePageLocators.BUTTON_EXERCISES_RU)\npages/base_page.py:40: in element_is_present_and_clickable\n    return (Wait(self.driver, self.timeout).until(\n_ _ _ _ _ _ _ _ _ _ _ _ _ _ _ _ _ _ _ _ _ _ _ _ _ _ _ _ _ _ _ _ _ _ _ _ _ _ _ _ \n\nself = <selenium.webdriver.support.wait.WebDriverWait (session=\"a84051ade3f2b35c57bc63811e6efc04\")>\nmethod = <function visibility_of_element_located.<locals>._predicate at 0x7f21a284e160>\nmessage = 'Can\\'t find element by locator (\\'xpath\\', \\'//a[text()=\"Упражнения\"]\\')'\n\n    def until(self, method, message: str = \"\"):\n        \"\"\"Calls the method provided with the driver as an argument until the \\\n        return value does not evaluate to ``False``.\n    \n        :param method: callable(WebDriver)\n        :param message: optional message for :exc:`TimeoutException`\n        :returns: the result of the last call to `method`\n        :raises: :exc:`selenium.common.exceptions.TimeoutException` if timeout occurs\n        \"\"\"\n        screen = None\n        stacktrace = None\n    \n        end_time = time.monotonic() + self._timeout\n        while True:\n            try:\n                value = method(self._driver)\n                if value:\n                    return value\n            except self._ignored_exceptions as exc:\n                screen = getattr(exc, \"screen\", None)\n                stacktrace = getattr(exc, \"stacktrace\", None)\n            time.sleep(self._poll)\n            if time.monotonic() > end_time:\n                break\n>       raise TimeoutException(message, screen, stacktrace)\nE       selenium.common.exceptions.TimeoutException: Message: Can't find element by locator ('xpath', '//a[text()=\"Упражнения\"]')\nE       Stacktrace:\nE       #0 0x5629fc33baea <unknown>\nE       #1 0x5629fbd87cdb <unknown>\nE       #2 0x5629fbdda6c4 <unknown>\nE       #3 0x5629fbdda901 <unknown>\nE       #4 0x5629fbe298b4 <unknown>\nE       #5 0x5629fbe26c87 <unknown>\nE       #6 0x5629fbdccaca <unknown>\nE       #7 0x5629fbdcd7d1 <unknown>\nE       #8 0x5629fc302ab9 <unknown>\nE       #9 0x5629fc305a8c <unknown>\nE       #10 0x5629fc2ebd49 <unknown>\nE       #11 0x5629fc306685 <unknown>\nE       #12 0x5629fc2d36c3 <unknown>\nE       #13 0x5629fc3287d8 <unknown>\nE       #14 0x5629fc3289b3 <unknown>\nE       #15 0x5629fc33aa83 <unknown>\nE       #16 0x7fe2ca29caa4 <unknown>\nE       #17 0x7fe2ca329c6c <unknown>\n\n/opt/hostedtoolcache/Python/3.12.12/x64/lib/python3.12/site-packages/selenium/webdriver/support/wait.py:95: TimeoutException","flaky":false,"newFailed":false,"newBroken":false,"newPassed":false,"retriesCount":0,"retriesStatusChange":false,"beforeStages":[{"name":"clear_allure_results_folder","time":{"start":1762336409485,"stop":1762336409485,"duration":0},"status":"passed","steps":[],"attachments":[],"parameters":[],"stepsCount":0,"shouldDisplayMessage":false,"attachmentsCount":0,"hasContent":false,"attachmentStep":false},{"name":"driver","time":{"start":1762337950163,"stop":1762337950941,"duration":778},"status":"passed","steps":[],"attachments":[],"parameters":[],"stepsCount":0,"shouldDisplayMessage":false,"attachmentsCount":0,"hasContent":false,"attachmentStep":false},{"name":"main_page_open","time":{"start":1762337950941,"stop":1762337954279,"duration":3338},"status":"passed","steps":[{"name":"Open page: https://www.brainup.site/","time":{"start":1762337950941,"stop":1762337954279,"duration":3338},"status":"passed","steps":[],"attachments":[],"parameters":[{"name":"driver","value":"<selenium.webdriver.chrome.webdriver.WebDriver (session=\"a84051ade3f2b35c57bc63811e6efc04\")>"}],"stepsCount":0,"shouldDisplayMessage":false,"attachmentsCount":0,"hasContent":true,"attachmentStep":false}],"attachments":[],"parameters":[],"stepsCount":1,"shouldDisplayMessage":false,"attachmentsCount":0,"hasContent":true,"attachmentStep":false},{"name":"default_user_authorized","time":{"start":1762337954279,"stop":1762337956730,"duration":2451},"status":"passed","steps":[{"name":"DEFAULT user authorized","time":{"start":1762337954280,"stop":1762337956730,"duration":2450},"status":"passed","steps":[{"name":"Check url is present: https://www.brainup.site/groups","time":{"start":1762337954686,"stop":1762337956706,"duration":2020},"status":"passed","steps":[],"attachments":[],"parameters":[],"stepsCount":0,"shouldDisplayMessage":false,"attachmentsCount":0,"hasContent":false,"attachmentStep":false},{"name":"Loader checking","time":{"start":1762337956706,"stop":1762337956730,"duration":24},"status":"passed","steps":[],"attachments":[],"parameters":[],"stepsCount":0,"shouldDisplayMessage":false,"attachmentsCount":0,"hasContent":false,"attachmentStep":false}],"attachments":[],"parameters":[{"name":"driver","value":"<selenium.webdriver.chrome.webdriver.WebDriver (session=\"a84051ade3f2b35c57bc63811e6efc04\")>"},{"name":"main_page_open","value":"None"}],"stepsCount":2,"shouldDisplayMessage":false,"attachmentsCount":0,"hasContent":true,"attachmentStep":false}],"attachments":[],"parameters":[],"stepsCount":3,"shouldDisplayMessage":false,"attachmentsCount":0,"hasContent":true,"attachmentStep":false}],"testStage":{"status":"skipped","statusMessage":"XFAIL\n\nselenium.common.exceptions.TimeoutException: Message: Can't find element by locator ('xpath', '//a[text()=\"Упражнения\"]')\nStacktrace:\n#0 0x5629fc33baea <unknown>\n#1 0x5629fbd87cdb <unknown>\n#2 0x5629fbdda6c4 <unknown>\n#3 0x5629fbdda901 <unknown>\n#4 0x5629fbe298b4 <unknown>\n#5 0x5629fbe26c87 <unknown>\n#6 0x5629fbdccaca <unknown>\n#7 0x5629fbdcd7d1 <unknown>\n#8 0x5629fc302ab9 <unknown>\n#9 0x5629fc305a8c <unknown>\n#10 0x5629fc2ebd49 <unknown>\n#11 0x5629fc306685 <unknown>\n#12 0x5629fc2d36c3 <unknown>\n#13 0x5629fc3287d8 <unknown>\n#14 0x5629fc3289b3 <unknown>\n#15 0x5629fc33aa83 <unknown>\n#16 0x7fe2ca29caa4 <unknown>\n#17 0x7fe2ca329c6c <unknown>","statusTrace":"self = <tests.test_speech_exercises_ru.TestCardsRU object at 0x7f21a281a030>\ndriver = <selenium.webdriver.chrome.webdriver.WebDriver (session=\"a84051ade3f2b35c57bc63811e6efc04\")>\ndefault_user_authorized = None\n\n    @pytest.mark.xfail\n    @allure.suite(\"Речевые упражнения.\")\n    @allure.title('Solutions to a random task in the \"Слова\" .')\n    def test_solve_word_cards_ru(self, driver, default_user_authorized):\n        page = SpeechExercisesPageRU(driver)\n>       page.click_button_exercises()\n\ntests/test_speech_exercises_ru.py:124: \n_ _ _ _ _ _ _ _ _ _ _ _ _ _ _ _ _ _ _ _ _ _ _ _ _ _ _ _ _ _ _ _ _ _ _ _ _ _ _ _ \npages/speech_exercises_page_ru.py:199: in click_button_exercises\n    button = self.element_is_present_and_clickable(self.locators.AuthorizedUserHomePageLocators.BUTTON_EXERCISES_RU)\npages/base_page.py:40: in element_is_present_and_clickable\n    return (Wait(self.driver, self.timeout).until(\n_ _ _ _ _ _ _ _ _ _ _ _ _ _ _ _ _ _ _ _ _ _ _ _ _ _ _ _ _ _ _ _ _ _ _ _ _ _ _ _ \n\nself = <selenium.webdriver.support.wait.WebDriverWait (session=\"a84051ade3f2b35c57bc63811e6efc04\")>\nmethod = <function visibility_of_element_located.<locals>._predicate at 0x7f21a284e160>\nmessage = 'Can\\'t find element by locator (\\'xpath\\', \\'//a[text()=\"Упражнения\"]\\')'\n\n    def until(self, method, message: str = \"\"):\n        \"\"\"Calls the method provided with the driver as an argument until the \\\n        return value does not evaluate to ``False``.\n    \n        :param method: callable(WebDriver)\n        :param message: optional message for :exc:`TimeoutException`\n        :returns: the result of the last call to `method`\n        :raises: :exc:`selenium.common.exceptions.TimeoutException` if timeout occurs\n        \"\"\"\n        screen = None\n        stacktrace = None\n    \n        end_time = time.monotonic() + self._timeout\n        while True:\n            try:\n                value = method(self._driver)\n                if value:\n                    return value\n            except self._ignored_exceptions as exc:\n                screen = getattr(exc, \"screen\", None)\n                stacktrace = getattr(exc, \"stacktrace\", None)\n            time.sleep(self._poll)\n            if time.monotonic() > end_time:\n                break\n>       raise TimeoutException(message, screen, stacktrace)\nE       selenium.common.exceptions.TimeoutException: Message: Can't find element by locator ('xpath', '//a[text()=\"Упражнения\"]')\nE       Stacktrace:\nE       #0 0x5629fc33baea <unknown>\nE       #1 0x5629fbd87cdb <unknown>\nE       #2 0x5629fbdda6c4 <unknown>\nE       #3 0x5629fbdda901 <unknown>\nE       #4 0x5629fbe298b4 <unknown>\nE       #5 0x5629fbe26c87 <unknown>\nE       #6 0x5629fbdccaca <unknown>\nE       #7 0x5629fbdcd7d1 <unknown>\nE       #8 0x5629fc302ab9 <unknown>\nE       #9 0x5629fc305a8c <unknown>\nE       #10 0x5629fc2ebd49 <unknown>\nE       #11 0x5629fc306685 <unknown>\nE       #12 0x5629fc2d36c3 <unknown>\nE       #13 0x5629fc3287d8 <unknown>\nE       #14 0x5629fc3289b3 <unknown>\nE       #15 0x5629fc33aa83 <unknown>\nE       #16 0x7fe2ca29caa4 <unknown>\nE       #17 0x7fe2ca329c6c <unknown>\n\n/opt/hostedtoolcache/Python/3.12.12/x64/lib/python3.12/site-packages/selenium/webdriver/support/wait.py:95: TimeoutException","steps":[{"name":"Click button \"Упражнения\".","time":{"start":1762337956730,"stop":1762337967051,"duration":10321},"status":"broken","statusMessage":"selenium.common.exceptions.TimeoutException: Message: Can't find element by locator ('xpath', '//a[text()=\"Упражнения\"]')\nStacktrace:\n#0 0x5629fc33baea <unknown>\n#1 0x5629fbd87cdb <unknown>\n#2 0x5629fbdda6c4 <unknown>\n#3 0x5629fbdda901 <unknown>\n#4 0x5629fbe298b4 <unknown>\n#5 0x5629fbe26c87 <unknown>\n#6 0x5629fbdccaca <unknown>\n#7 0x5629fbdcd7d1 <unknown>\n#8 0x5629fc302ab9 <unknown>\n#9 0x5629fc305a8c <unknown>\n#10 0x5629fc2ebd49 <unknown>\n#11 0x5629fc306685 <unknown>\n#12 0x5629fc2d36c3 <unknown>\n#13 0x5629fc3287d8 <unknown>\n#14 0x5629fc3289b3 <unknown>\n#15 0x5629fc33aa83 <unknown>\n#16 0x7fe2ca29caa4 <unknown>\n#17 0x7fe2ca329c6c <unknown>\n\n","statusTrace":"  File \"/opt/hostedtoolcache/Python/3.12.12/x64/lib/python3.12/site-packages/allure_commons/_allure.py\", line 192, in impl\n    return func(*a, **kw)\n           ^^^^^^^^^^^^^^\n  File \"/home/runner/work/auto-tests-python/auto-tests-python/pages/speech_exercises_page_ru.py\", line 199, in click_button_exercises\n    button = self.element_is_present_and_clickable(self.locators.AuthorizedUserHomePageLocators.BUTTON_EXERCISES_RU)\n             ^^^^^^^^^^^^^^^^^^^^^^^^^^^^^^^^^^^^^^^^^^^^^^^^^^^^^^^^^^^^^^^^^^^^^^^^^^^^^^^^^^^^^^^^^^^^^^^^^^^^^^^\n  File \"/home/runner/work/auto-tests-python/auto-tests-python/pages/base_page.py\", line 40, in element_is_present_and_clickable\n    return (Wait(self.driver, self.timeout).until(\n            ^^^^^^^^^^^^^^^^^^^^^^^^^^^^^^^^^^^^^^\n  File \"/opt/hostedtoolcache/Python/3.12.12/x64/lib/python3.12/site-packages/selenium/webdriver/support/wait.py\", line 95, in until\n    raise TimeoutException(message, screen, stacktrace)\n","steps":[{"name":"Click button \"RU\".","time":{"start":1762337956731,"stop":1762337956805,"duration":74},"status":"passed","steps":[],"attachments":[],"parameters":[],"stepsCount":0,"shouldDisplayMessage":false,"attachmentsCount":0,"hasContent":false,"attachmentStep":false}],"attachments":[],"parameters":[],"stepsCount":1,"shouldDisplayMessage":true,"attachmentsCount":0,"hasContent":true,"attachmentStep":false}],"attachments":[],"parameters":[],"stepsCount":2,"shouldDisplayMessage":true,"attachmentsCount":0,"hasContent":true,"attachmentStep":false},"afterStages":[{"name":"driver::0","time":{"start":1762337967068,"stop":1762337967137,"duration":69},"status":"passed","steps":[],"attachments":[],"parameters":[],"stepsCount":0,"shouldDisplayMessage":false,"attachmentsCount":0,"hasContent":false,"attachmentStep":false}],"labels":[{"name":"epic","value":"Speech exercises."},{"name":"suite","value":"Речевые упражнения."},{"name":"tag","value":"@pytest.mark.xfail"},{"name":"parentSuite","value":"tests"},{"name":"subSuite","value":"TestCardsRU"},{"name":"host","value":"runnervmf2e7y"},{"name":"thread","value":"2570-MainThread"},{"name":"framework","value":"pytest"},{"name":"language","value":"cpython3"},{"name":"package","value":"tests.test_speech_exercises_ru"},{"name":"resultFormat","value":"allure2"}],"parameters":[],"links":[],"hidden":false,"retry":false,"extra":{"severity":"normal","retries":[],"categories":[],"history":{"statistic":{"failed":0,"broken":0,"skipped":3,"passed":0,"unknown":0,"total":3},"items":[{"uid":"a619dd7da12d687e","reportUrl":"https://Brain-up.github.io/auto-tests-python/2/#testresult/a619dd7da12d687e","status":"skipped","statusDetails":"XFAIL\n\nselenium.common.exceptions.TimeoutException: Message: Can't find element by locator ('xpath', '//a[text()=\"Упражнения\"]')\nStacktrace:\n#0 0x564b7654faea <unknown>\n#1 0x564b75f9bcdb <unknown>\n#2 0x564b75fee6c4 <unknown>\n#3 0x564b75fee901 <unknown>\n#4 0x564b7603d8b4 <unknown>\n#5 0x564b7603ac87 <unknown>\n#6 0x564b75fe0aca <unknown>\n#7 0x564b75fe17d1 <unknown>\n#8 0x564b76516ab9 <unknown>\n#9 0x564b76519a8c <unknown>\n#10 0x564b764ffd49 <unknown>\n#11 0x564b7651a685 <unknown>\n#12 0x564b764e76c3 <unknown>\n#13 0x564b7653c7d8 <unknown>\n#14 0x564b7653c9b3 <unknown>\n#15 0x564b7654ea83 <unknown>\n#16 0x7fba90a9caa4 <unknown>\n#17 0x7fba90b29c6c <unknown>","time":{"start":1762337946616,"stop":1762337956931,"duration":10315}},{"uid":"ae2ef36de4f9f10d","reportUrl":"https://Brain-up.github.io/auto-tests-python/736/#testresult/ae2ef36de4f9f10d","status":"skipped","statusDetails":"XFAIL\n\nselenium.common.exceptions.TimeoutException: Message: Can't find element by locator ('xpath', '//a[text()=\"Упражнения\"]')\nStacktrace:\n#0 0x55757b75eaea <unknown>\n#1 0x55757b1aacdb <unknown>\n#2 0x55757b1fd6c4 <unknown>\n#3 0x55757b1fd901 <unknown>\n#4 0x55757b24c8b4 <unknown>\n#5 0x55757b249c87 <unknown>\n#6 0x55757b1efaca <unknown>\n#7 0x55757b1f07d1 <unknown>\n#8 0x55757b725ab9 <unknown>\n#9 0x55757b728a8c <unknown>\n#10 0x55757b70ed49 <unknown>\n#11 0x55757b729685 <unknown>\n#12 0x55757b6f66c3 <unknown>\n#13 0x55757b74b7d8 <unknown>\n#14 0x55757b74b9b3 <unknown>\n#15 0x55757b75da83 <unknown>\n#16 0x7f9da489caa4 <unknown>\n#17 0x7f9da4929c6c <unknown>","time":{"start":1762337240733,"stop":1762337251061,"duration":10328}}]},"tags":["@pytest.mark.xfail"]},"source":"dc4289f57e672578.json","parameterValues":[]}