{"uid":"6b74cdd2e6612914","name":"Verify values of the text in card descriptions","fullName":"tests.contributors_page_test.TestContributorsPageText#test_cnp_02_04_verify_text_of_card_descriptions","historyId":"5d4e7ac22a6f34d3c7b45f7b2c907a8b","time":{"start":1768646694137,"stop":1768646694137,"duration":0},"status":"broken","statusMessage":"selenium.common.exceptions.TimeoutException: Message: Can't find element by locator ('tag name', 'h2')\nStacktrace:\n#0 0x558818be540a <unknown>\n#1 0x55881861976b <unknown>\n#2 0x55881866ae88 <unknown>\n#3 0x55881866b0c1 <unknown>\n#4 0x5588186b92c4 <unknown>\n#5 0x5588186b6760 <unknown>\n#6 0x55881865d7b2 <unknown>\n#7 0x55881865e461 <unknown>\n#8 0x558818baddf9 <unknown>\n#9 0x558818bb0d5d <unknown>\n#10 0x558818b96b41 <unknown>\n#11 0x558818bb193b <unknown>\n#12 0x558818b7d870 <unknown>\n#13 0x558818bd2828 <unknown>\n#14 0x558818bd29fc <unknown>\n#15 0x558818be4763 <unknown>\n#16 0x7f490d29caa4 <unknown>\n#17 0x7f490d329c6c <unknown>","statusTrace":"driver = <selenium.webdriver.chrome.webdriver.WebDriver (session=\"4d10d43eb47bd860481778b0ad5e4d5c\")>\n\n    @pytest.fixture()\n    @allure.step(f'Open page: {MainPageLinks.URL_CONTRIBUTORS_PAGE}')\n    def contributors_page_open(driver):\n        driver.get(MainPageLinks.URL_CONTRIBUTORS_PAGE)\n        page = ContributorsPage(driver)\n>       page.element_is_present(ContributorsPageLocators.PAGE_TITLE)\n\ntests/conftest.py:40: \n_ _ _ _ _ _ _ _ _ _ _ _ _ _ _ _ _ _ _ _ _ _ _ _ _ _ _ _ _ _ _ _ _ _ _ _ _ _ _ _ \npages/base_page.py:32: in element_is_present\n    return Wait(self.driver, self.timeout).until(\n_ _ _ _ _ _ _ _ _ _ _ _ _ _ _ _ _ _ _ _ _ _ _ _ _ _ _ _ _ _ _ _ _ _ _ _ _ _ _ _ \n\nself = <selenium.webdriver.support.wait.WebDriverWait (session=\"4d10d43eb47bd860481778b0ad5e4d5c\")>\nmethod = <function presence_of_element_located.<locals>._predicate at 0x7f0d4d0a05e0>\nmessage = \"Can't find element by locator ('tag name', 'h2')\"\n\n    def until(self, method, message: str = \"\"):\n        \"\"\"Calls the method provided with the driver as an argument until the \\\n        return value does not evaluate to ``False``.\n    \n        :param method: callable(WebDriver)\n        :param message: optional message for :exc:`TimeoutException`\n        :returns: the result of the last call to `method`\n        :raises: :exc:`selenium.common.exceptions.TimeoutException` if timeout occurs\n        \"\"\"\n        screen = None\n        stacktrace = None\n    \n        end_time = time.monotonic() + self._timeout\n        while True:\n            try:\n                value = method(self._driver)\n                if value:\n                    return value\n            except self._ignored_exceptions as exc:\n                screen = getattr(exc, \"screen\", None)\n                stacktrace = getattr(exc, \"stacktrace\", None)\n            time.sleep(self._poll)\n            if time.monotonic() > end_time:\n                break\n>       raise TimeoutException(message, screen, stacktrace)\nE       selenium.common.exceptions.TimeoutException: Message: Can't find element by locator ('tag name', 'h2')\nE       Stacktrace:\nE       #0 0x558818be540a <unknown>\nE       #1 0x55881861976b <unknown>\nE       #2 0x55881866ae88 <unknown>\nE       #3 0x55881866b0c1 <unknown>\nE       #4 0x5588186b92c4 <unknown>\nE       #5 0x5588186b6760 <unknown>\nE       #6 0x55881865d7b2 <unknown>\nE       #7 0x55881865e461 <unknown>\nE       #8 0x558818baddf9 <unknown>\nE       #9 0x558818bb0d5d <unknown>\nE       #10 0x558818b96b41 <unknown>\nE       #11 0x558818bb193b <unknown>\nE       #12 0x558818b7d870 <unknown>\nE       #13 0x558818bd2828 <unknown>\nE       #14 0x558818bd29fc <unknown>\nE       #15 0x558818be4763 <unknown>\nE       #16 0x7f490d29caa4 <unknown>\nE       #17 0x7f490d329c6c <unknown>\n\n/opt/hostedtoolcache/Python/3.12.12/x64/lib/python3.12/site-packages/selenium/webdriver/support/wait.py:95: TimeoutException","flaky":false,"newFailed":false,"newBroken":true,"newPassed":false,"retriesCount":0,"retriesStatusChange":false,"beforeStages":[{"name":"clear_allure_results_folder","time":{"start":1768646578294,"stop":1768646578294,"duration":0},"status":"passed","steps":[],"attachments":[],"parameters":[],"stepsCount":0,"shouldDisplayMessage":false,"attachmentsCount":0,"hasContent":false,"attachmentStep":false},{"name":"driver","time":{"start":1768646694137,"stop":1768646694885,"duration":748},"status":"passed","steps":[],"attachments":[],"parameters":[],"stepsCount":0,"shouldDisplayMessage":false,"attachmentsCount":0,"hasContent":false,"attachmentStep":false},{"name":"contributors_page_open","time":{"start":1768646694885,"stop":1768646707468,"duration":12583},"status":"broken","statusMessage":"selenium.common.exceptions.TimeoutException: Message: Can't find element by locator ('tag name', 'h2')\nStacktrace:\n#0 0x558818be540a <unknown>\n#1 0x55881861976b <unknown>\n#2 0x55881866ae88 <unknown>\n#3 0x55881866b0c1 <unknown>\n#4 0x5588186b92c4 <unknown>\n#5 0x5588186b6760 <unknown>\n#6 0x55881865d7b2 <unknown>\n#7 0x55881865e461 <unknown>\n#8 0x558818baddf9 <unknown>\n#9 0x558818bb0d5d <unknown>\n#10 0x558818b96b41 <unknown>\n#11 0x558818bb193b <unknown>\n#12 0x558818b7d870 <unknown>\n#13 0x558818bd2828 <unknown>\n#14 0x558818bd29fc <unknown>\n#15 0x558818be4763 <unknown>\n#16 0x7f490d29caa4 <unknown>\n#17 0x7f490d329c6c <unknown>\n\n","statusTrace":"  File \"/opt/hostedtoolcache/Python/3.12.12/x64/lib/python3.12/site-packages/pluggy/_callers.py\", line 38, in run_old_style_hookwrapper\n    res = yield\n          ^^^^^\n  File \"/opt/hostedtoolcache/Python/3.12.12/x64/lib/python3.12/site-packages/pluggy/_callers.py\", line 139, in _multicall\n    teardown.throw(exception)\n  File \"/opt/hostedtoolcache/Python/3.12.12/x64/lib/python3.12/site-packages/pluggy/_callers.py\", line 53, in run_old_style_hookwrapper\n    return result.get_result()\n           ^^^^^^^^^^^^^^^^^^^\n  File \"/opt/hostedtoolcache/Python/3.12.12/x64/lib/python3.12/site-packages/pluggy/_result.py\", line 103, in get_result\n    raise exc.with_traceback(tb)\n  File \"/opt/hostedtoolcache/Python/3.12.12/x64/lib/python3.12/site-packages/pluggy/_callers.py\", line 38, in run_old_style_hookwrapper\n    res = yield\n          ^^^^^\n  File \"/opt/hostedtoolcache/Python/3.12.12/x64/lib/python3.12/site-packages/pluggy/_callers.py\", line 121, in _multicall\n    res = hook_impl.function(*args)\n          ^^^^^^^^^^^^^^^^^^^^^^^^^\n  File \"/opt/hostedtoolcache/Python/3.12.12/x64/lib/python3.12/site-packages/_pytest/fixtures.py\", line 1123, in pytest_fixture_setup\n    result = call_fixture_func(fixturefunc, request, kwargs)\n             ^^^^^^^^^^^^^^^^^^^^^^^^^^^^^^^^^^^^^^^^^^^^^^^\n  File \"/opt/hostedtoolcache/Python/3.12.12/x64/lib/python3.12/site-packages/_pytest/fixtures.py\", line 902, in call_fixture_func\n    fixture_result = fixturefunc(**kwargs)\n                     ^^^^^^^^^^^^^^^^^^^^^\n  File \"/opt/hostedtoolcache/Python/3.12.12/x64/lib/python3.12/site-packages/allure_commons/_allure.py\", line 192, in impl\n    return func(*a, **kw)\n           ^^^^^^^^^^^^^^\n  File \"/home/runner/work/auto-tests-python/auto-tests-python/tests/conftest.py\", line 40, in contributors_page_open\n    page.element_is_present(ContributorsPageLocators.PAGE_TITLE)\n  File \"/home/runner/work/auto-tests-python/auto-tests-python/pages/base_page.py\", line 32, in element_is_present\n    return Wait(self.driver, self.timeout).until(\n           ^^^^^^^^^^^^^^^^^^^^^^^^^^^^^^^^^^^^^^\n  File \"/opt/hostedtoolcache/Python/3.12.12/x64/lib/python3.12/site-packages/selenium/webdriver/support/wait.py\", line 95, in until\n    raise TimeoutException(message, screen, stacktrace)\n","steps":[{"name":"Open page: https://www.brainup.site/contributors","time":{"start":1768646694886,"stop":1768646707467,"duration":12581},"status":"broken","statusMessage":"selenium.common.exceptions.TimeoutException: Message: Can't find element by locator ('tag name', 'h2')\nStacktrace:\n#0 0x558818be540a <unknown>\n#1 0x55881861976b <unknown>\n#2 0x55881866ae88 <unknown>\n#3 0x55881866b0c1 <unknown>\n#4 0x5588186b92c4 <unknown>\n#5 0x5588186b6760 <unknown>\n#6 0x55881865d7b2 <unknown>\n#7 0x55881865e461 <unknown>\n#8 0x558818baddf9 <unknown>\n#9 0x558818bb0d5d <unknown>\n#10 0x558818b96b41 <unknown>\n#11 0x558818bb193b <unknown>\n#12 0x558818b7d870 <unknown>\n#13 0x558818bd2828 <unknown>\n#14 0x558818bd29fc <unknown>\n#15 0x558818be4763 <unknown>\n#16 0x7f490d29caa4 <unknown>\n#17 0x7f490d329c6c <unknown>\n\n","statusTrace":"  File \"/opt/hostedtoolcache/Python/3.12.12/x64/lib/python3.12/site-packages/allure_commons/_allure.py\", line 192, in impl\n    return func(*a, **kw)\n           ^^^^^^^^^^^^^^\n  File \"/home/runner/work/auto-tests-python/auto-tests-python/tests/conftest.py\", line 40, in contributors_page_open\n    page.element_is_present(ContributorsPageLocators.PAGE_TITLE)\n  File \"/home/runner/work/auto-tests-python/auto-tests-python/pages/base_page.py\", line 32, in element_is_present\n    return Wait(self.driver, self.timeout).until(\n           ^^^^^^^^^^^^^^^^^^^^^^^^^^^^^^^^^^^^^^\n  File \"/opt/hostedtoolcache/Python/3.12.12/x64/lib/python3.12/site-packages/selenium/webdriver/support/wait.py\", line 95, in until\n    raise TimeoutException(message, screen, stacktrace)\n","steps":[],"attachments":[],"parameters":[{"name":"driver","value":"<selenium.webdriver.chrome.webdriver.WebDriver (session=\"4d10d43eb47bd860481778b0ad5e4d5c\")>"}],"stepsCount":0,"shouldDisplayMessage":true,"attachmentsCount":0,"hasContent":true,"attachmentStep":false}],"attachments":[],"parameters":[],"stepsCount":1,"shouldDisplayMessage":false,"attachmentsCount":0,"hasContent":true,"attachmentStep":false}],"afterStages":[{"name":"driver::0","time":{"start":1768646707481,"stop":1768646707549,"duration":68},"status":"passed","steps":[],"attachments":[],"parameters":[],"stepsCount":0,"shouldDisplayMessage":false,"attachmentsCount":0,"hasContent":false,"attachmentStep":false}],"labels":[{"name":"epic","value":"The Contributors Page"},{"name":"parentSuite","value":"tests"},{"name":"suite","value":"contributors_page_test"},{"name":"subSuite","value":"TestContributorsPage"},{"name":"host","value":"runnervmmtnos"},{"name":"thread","value":"2591-MainThread"},{"name":"framework","value":"pytest"},{"name":"language","value":"cpython3"},{"name":"package","value":"tests.contributors_page_test"},{"name":"resultFormat","value":"allure2"}],"parameters":[],"links":[],"hidden":false,"retry":false,"extra":{"severity":"normal","retries":[],"categories":[{"name":"Test defects","matchedStatuses":[],"flaky":false}],"history":{"statistic":{"failed":0,"broken":1,"skipped":0,"passed":11,"unknown":0,"total":12},"items":[{"uid":"5beefe7d2423cb60","reportUrl":"https://Brain-up.github.io/auto-tests-python/804/#testresult/5beefe7d2423cb60","status":"passed","time":{"start":1768557752183,"stop":1768557753030,"duration":847}},{"uid":"b95bdcf520e8a9ed","reportUrl":"https://Brain-up.github.io/auto-tests-python/803/#testresult/b95bdcf520e8a9ed","status":"passed","time":{"start":1768470851694,"stop":1768470852520,"duration":826}},{"uid":"62fe7ced7b62f7b5","reportUrl":"https://Brain-up.github.io/auto-tests-python/802/#testresult/62fe7ced7b62f7b5","status":"passed","time":{"start":1768396152268,"stop":1768396153202,"duration":934}},{"uid":"c42f2945d031c90a","reportUrl":"https://Brain-up.github.io/auto-tests-python/801/#testresult/c42f2945d031c90a","status":"passed","time":{"start":1768297648099,"stop":1768297648892,"duration":793}},{"uid":"b3afd798d04d3f8f","reportUrl":"https://Brain-up.github.io/auto-tests-python/800/#testresult/b3afd798d04d3f8f","status":"passed","time":{"start":1768194526816,"stop":1768194527627,"duration":811}},{"uid":"2d3f6be5a2dfee39","reportUrl":"https://Brain-up.github.io/auto-tests-python/799/#testresult/2d3f6be5a2dfee39","status":"passed","time":{"start":1768044787465,"stop":1768044788276,"duration":811}},{"uid":"2e273b34af2d4e69","reportUrl":"https://Brain-up.github.io/auto-tests-python/798/#testresult/2e273b34af2d4e69","status":"passed","time":{"start":1767951362056,"stop":1767951362882,"duration":826}},{"uid":"a534e7a1a8c45536","reportUrl":"https://Brain-up.github.io/auto-tests-python/797/#testresult/a534e7a1a8c45536","status":"passed","time":{"start":1767867032967,"stop":1767867033760,"duration":793}},{"uid":"697e6a5ba8191108","reportUrl":"https://Brain-up.github.io/auto-tests-python/796/#testresult/697e6a5ba8191108","status":"passed","time":{"start":1767791592627,"stop":1767791593422,"duration":795}},{"uid":"f1ae551fe8eb69d8","reportUrl":"https://Brain-up.github.io/auto-tests-python/795/#testresult/f1ae551fe8eb69d8","status":"passed","time":{"start":1767706398071,"stop":1767706398982,"duration":911}},{"uid":"dadf649f0cdf9d3a","reportUrl":"https://Brain-up.github.io/auto-tests-python/794/#testresult/dadf649f0cdf9d3a","status":"passed","time":{"start":1767701336314,"stop":1767701337127,"duration":813}}]},"tags":[]},"source":"6b74cdd2e6612914.json","parameterValues":[]}