{"uid":"bbb9e1d9aeeff46e","name":"Verify values of title and subtitles with tags h2, h3 on the page","fullName":"tests.contributors_page_test.TestContributorsPageText#test_cnp_02_02_verify_page_title_and_subtitles","historyId":"84af456adb1f6f6f877680b286563844","time":{"start":1768646667138,"stop":1768646667138,"duration":0},"status":"broken","statusMessage":"selenium.common.exceptions.TimeoutException: Message: Can't find element by locator ('tag name', 'h2')\nStacktrace:\n#0 0x5556c02d440a <unknown>\n#1 0x5556bfd0876b <unknown>\n#2 0x5556bfd59e88 <unknown>\n#3 0x5556bfd5a0c1 <unknown>\n#4 0x5556bfda82c4 <unknown>\n#5 0x5556bfda5760 <unknown>\n#6 0x5556bfd4c7b2 <unknown>\n#7 0x5556bfd4d461 <unknown>\n#8 0x5556c029cdf9 <unknown>\n#9 0x5556c029fd5d <unknown>\n#10 0x5556c0285b41 <unknown>\n#11 0x5556c02a093b <unknown>\n#12 0x5556c026c870 <unknown>\n#13 0x5556c02c1828 <unknown>\n#14 0x5556c02c19fc <unknown>\n#15 0x5556c02d3763 <unknown>\n#16 0x7f48f529caa4 <unknown>\n#17 0x7f48f5329c6c <unknown>","statusTrace":"driver = <selenium.webdriver.chrome.webdriver.WebDriver (session=\"2b7b3681692e41e06438922fa2c8fbe7\")>\n\n    @pytest.fixture()\n    @allure.step(f'Open page: {MainPageLinks.URL_CONTRIBUTORS_PAGE}')\n    def contributors_page_open(driver):\n        driver.get(MainPageLinks.URL_CONTRIBUTORS_PAGE)\n        page = ContributorsPage(driver)\n>       page.element_is_present(ContributorsPageLocators.PAGE_TITLE)\n\ntests/conftest.py:40: \n_ _ _ _ _ _ _ _ _ _ _ _ _ _ _ _ _ _ _ _ _ _ _ _ _ _ _ _ _ _ _ _ _ _ _ _ _ _ _ _ \npages/base_page.py:32: in element_is_present\n    return Wait(self.driver, self.timeout).until(\n_ _ _ _ _ _ _ _ _ _ _ _ _ _ _ _ _ _ _ _ _ _ _ _ _ _ _ _ _ _ _ _ _ _ _ _ _ _ _ _ \n\nself = <selenium.webdriver.support.wait.WebDriverWait (session=\"2b7b3681692e41e06438922fa2c8fbe7\")>\nmethod = <function presence_of_element_located.<locals>._predicate at 0x7f0d4d227c40>\nmessage = \"Can't find element by locator ('tag name', 'h2')\"\n\n    def until(self, method, message: str = \"\"):\n        \"\"\"Calls the method provided with the driver as an argument until the \\\n        return value does not evaluate to ``False``.\n    \n        :param method: callable(WebDriver)\n        :param message: optional message for :exc:`TimeoutException`\n        :returns: the result of the last call to `method`\n        :raises: :exc:`selenium.common.exceptions.TimeoutException` if timeout occurs\n        \"\"\"\n        screen = None\n        stacktrace = None\n    \n        end_time = time.monotonic() + self._timeout\n        while True:\n            try:\n                value = method(self._driver)\n                if value:\n                    return value\n            except self._ignored_exceptions as exc:\n                screen = getattr(exc, \"screen\", None)\n                stacktrace = getattr(exc, \"stacktrace\", None)\n            time.sleep(self._poll)\n            if time.monotonic() > end_time:\n                break\n>       raise TimeoutException(message, screen, stacktrace)\nE       selenium.common.exceptions.TimeoutException: Message: Can't find element by locator ('tag name', 'h2')\nE       Stacktrace:\nE       #0 0x5556c02d440a <unknown>\nE       #1 0x5556bfd0876b <unknown>\nE       #2 0x5556bfd59e88 <unknown>\nE       #3 0x5556bfd5a0c1 <unknown>\nE       #4 0x5556bfda82c4 <unknown>\nE       #5 0x5556bfda5760 <unknown>\nE       #6 0x5556bfd4c7b2 <unknown>\nE       #7 0x5556bfd4d461 <unknown>\nE       #8 0x5556c029cdf9 <unknown>\nE       #9 0x5556c029fd5d <unknown>\nE       #10 0x5556c0285b41 <unknown>\nE       #11 0x5556c02a093b <unknown>\nE       #12 0x5556c026c870 <unknown>\nE       #13 0x5556c02c1828 <unknown>\nE       #14 0x5556c02c19fc <unknown>\nE       #15 0x5556c02d3763 <unknown>\nE       #16 0x7f48f529caa4 <unknown>\nE       #17 0x7f48f5329c6c <unknown>\n\n/opt/hostedtoolcache/Python/3.12.12/x64/lib/python3.12/site-packages/selenium/webdriver/support/wait.py:95: TimeoutException","flaky":false,"newFailed":false,"newBroken":true,"newPassed":false,"retriesCount":0,"retriesStatusChange":false,"beforeStages":[{"name":"clear_allure_results_folder","time":{"start":1768646578294,"stop":1768646578294,"duration":0},"status":"passed","steps":[],"attachments":[],"parameters":[],"stepsCount":0,"shouldDisplayMessage":false,"attachmentsCount":0,"hasContent":false,"attachmentStep":false},{"name":"driver","time":{"start":1768646667139,"stop":1768646667897,"duration":758},"status":"passed","steps":[],"attachments":[],"parameters":[],"stepsCount":0,"shouldDisplayMessage":false,"attachmentsCount":0,"hasContent":false,"attachmentStep":false},{"name":"contributors_page_open","time":{"start":1768646667897,"stop":1768646680557,"duration":12660},"status":"broken","statusMessage":"selenium.common.exceptions.TimeoutException: Message: Can't find element by locator ('tag name', 'h2')\nStacktrace:\n#0 0x5556c02d440a <unknown>\n#1 0x5556bfd0876b <unknown>\n#2 0x5556bfd59e88 <unknown>\n#3 0x5556bfd5a0c1 <unknown>\n#4 0x5556bfda82c4 <unknown>\n#5 0x5556bfda5760 <unknown>\n#6 0x5556bfd4c7b2 <unknown>\n#7 0x5556bfd4d461 <unknown>\n#8 0x5556c029cdf9 <unknown>\n#9 0x5556c029fd5d <unknown>\n#10 0x5556c0285b41 <unknown>\n#11 0x5556c02a093b <unknown>\n#12 0x5556c026c870 <unknown>\n#13 0x5556c02c1828 <unknown>\n#14 0x5556c02c19fc <unknown>\n#15 0x5556c02d3763 <unknown>\n#16 0x7f48f529caa4 <unknown>\n#17 0x7f48f5329c6c <unknown>\n\n","statusTrace":"  File \"/opt/hostedtoolcache/Python/3.12.12/x64/lib/python3.12/site-packages/pluggy/_callers.py\", line 38, in run_old_style_hookwrapper\n    res = yield\n          ^^^^^\n  File \"/opt/hostedtoolcache/Python/3.12.12/x64/lib/python3.12/site-packages/pluggy/_callers.py\", line 139, in _multicall\n    teardown.throw(exception)\n  File \"/opt/hostedtoolcache/Python/3.12.12/x64/lib/python3.12/site-packages/pluggy/_callers.py\", line 53, in run_old_style_hookwrapper\n    return result.get_result()\n           ^^^^^^^^^^^^^^^^^^^\n  File \"/opt/hostedtoolcache/Python/3.12.12/x64/lib/python3.12/site-packages/pluggy/_result.py\", line 103, in get_result\n    raise exc.with_traceback(tb)\n  File \"/opt/hostedtoolcache/Python/3.12.12/x64/lib/python3.12/site-packages/pluggy/_callers.py\", line 38, in run_old_style_hookwrapper\n    res = yield\n          ^^^^^\n  File \"/opt/hostedtoolcache/Python/3.12.12/x64/lib/python3.12/site-packages/pluggy/_callers.py\", line 121, in _multicall\n    res = hook_impl.function(*args)\n          ^^^^^^^^^^^^^^^^^^^^^^^^^\n  File \"/opt/hostedtoolcache/Python/3.12.12/x64/lib/python3.12/site-packages/_pytest/fixtures.py\", line 1123, in pytest_fixture_setup\n    result = call_fixture_func(fixturefunc, request, kwargs)\n             ^^^^^^^^^^^^^^^^^^^^^^^^^^^^^^^^^^^^^^^^^^^^^^^\n  File \"/opt/hostedtoolcache/Python/3.12.12/x64/lib/python3.12/site-packages/_pytest/fixtures.py\", line 902, in call_fixture_func\n    fixture_result = fixturefunc(**kwargs)\n                     ^^^^^^^^^^^^^^^^^^^^^\n  File \"/opt/hostedtoolcache/Python/3.12.12/x64/lib/python3.12/site-packages/allure_commons/_allure.py\", line 192, in impl\n    return func(*a, **kw)\n           ^^^^^^^^^^^^^^\n  File \"/home/runner/work/auto-tests-python/auto-tests-python/tests/conftest.py\", line 40, in contributors_page_open\n    page.element_is_present(ContributorsPageLocators.PAGE_TITLE)\n  File \"/home/runner/work/auto-tests-python/auto-tests-python/pages/base_page.py\", line 32, in element_is_present\n    return Wait(self.driver, self.timeout).until(\n           ^^^^^^^^^^^^^^^^^^^^^^^^^^^^^^^^^^^^^^\n  File \"/opt/hostedtoolcache/Python/3.12.12/x64/lib/python3.12/site-packages/selenium/webdriver/support/wait.py\", line 95, in until\n    raise TimeoutException(message, screen, stacktrace)\n","steps":[{"name":"Open page: https://www.brainup.site/contributors","time":{"start":1768646667897,"stop":1768646680557,"duration":12660},"status":"broken","statusMessage":"selenium.common.exceptions.TimeoutException: Message: Can't find element by locator ('tag name', 'h2')\nStacktrace:\n#0 0x5556c02d440a <unknown>\n#1 0x5556bfd0876b <unknown>\n#2 0x5556bfd59e88 <unknown>\n#3 0x5556bfd5a0c1 <unknown>\n#4 0x5556bfda82c4 <unknown>\n#5 0x5556bfda5760 <unknown>\n#6 0x5556bfd4c7b2 <unknown>\n#7 0x5556bfd4d461 <unknown>\n#8 0x5556c029cdf9 <unknown>\n#9 0x5556c029fd5d <unknown>\n#10 0x5556c0285b41 <unknown>\n#11 0x5556c02a093b <unknown>\n#12 0x5556c026c870 <unknown>\n#13 0x5556c02c1828 <unknown>\n#14 0x5556c02c19fc <unknown>\n#15 0x5556c02d3763 <unknown>\n#16 0x7f48f529caa4 <unknown>\n#17 0x7f48f5329c6c <unknown>\n\n","statusTrace":"  File \"/opt/hostedtoolcache/Python/3.12.12/x64/lib/python3.12/site-packages/allure_commons/_allure.py\", line 192, in impl\n    return func(*a, **kw)\n           ^^^^^^^^^^^^^^\n  File \"/home/runner/work/auto-tests-python/auto-tests-python/tests/conftest.py\", line 40, in contributors_page_open\n    page.element_is_present(ContributorsPageLocators.PAGE_TITLE)\n  File \"/home/runner/work/auto-tests-python/auto-tests-python/pages/base_page.py\", line 32, in element_is_present\n    return Wait(self.driver, self.timeout).until(\n           ^^^^^^^^^^^^^^^^^^^^^^^^^^^^^^^^^^^^^^\n  File \"/opt/hostedtoolcache/Python/3.12.12/x64/lib/python3.12/site-packages/selenium/webdriver/support/wait.py\", line 95, in until\n    raise TimeoutException(message, screen, stacktrace)\n","steps":[],"attachments":[],"parameters":[{"name":"driver","value":"<selenium.webdriver.chrome.webdriver.WebDriver (session=\"2b7b3681692e41e06438922fa2c8fbe7\")>"}],"stepsCount":0,"shouldDisplayMessage":true,"attachmentsCount":0,"hasContent":true,"attachmentStep":false}],"attachments":[],"parameters":[],"stepsCount":1,"shouldDisplayMessage":false,"attachmentsCount":0,"hasContent":true,"attachmentStep":false}],"afterStages":[{"name":"driver::0","time":{"start":1768646680570,"stop":1768646680642,"duration":72},"status":"passed","steps":[],"attachments":[],"parameters":[],"stepsCount":0,"shouldDisplayMessage":false,"attachmentsCount":0,"hasContent":false,"attachmentStep":false}],"labels":[{"name":"epic","value":"The Contributors Page"},{"name":"parentSuite","value":"tests"},{"name":"suite","value":"contributors_page_test"},{"name":"subSuite","value":"TestContributorsPage"},{"name":"host","value":"runnervmmtnos"},{"name":"thread","value":"2591-MainThread"},{"name":"framework","value":"pytest"},{"name":"language","value":"cpython3"},{"name":"package","value":"tests.contributors_page_test"},{"name":"resultFormat","value":"allure2"}],"parameters":[],"links":[],"hidden":false,"retry":false,"extra":{"severity":"normal","retries":[],"categories":[{"name":"Test defects","matchedStatuses":[],"flaky":false}],"history":{"statistic":{"failed":0,"broken":1,"skipped":0,"passed":11,"unknown":0,"total":12},"items":[{"uid":"faef7220df2030bc","reportUrl":"https://Brain-up.github.io/auto-tests-python/804/#testresult/faef7220df2030bc","status":"passed","time":{"start":1768557745536,"stop":1768557745579,"duration":43}},{"uid":"92a1bc2e79238fed","reportUrl":"https://Brain-up.github.io/auto-tests-python/803/#testresult/92a1bc2e79238fed","status":"passed","time":{"start":1768470845200,"stop":1768470845241,"duration":41}},{"uid":"55f4a5b00e474db8","reportUrl":"https://Brain-up.github.io/auto-tests-python/802/#testresult/55f4a5b00e474db8","status":"passed","time":{"start":1768396145113,"stop":1768396145159,"duration":46}},{"uid":"cad0f77ff3c3c1f9","reportUrl":"https://Brain-up.github.io/auto-tests-python/801/#testresult/cad0f77ff3c3c1f9","status":"passed","time":{"start":1768297639807,"stop":1768297639846,"duration":39}},{"uid":"eec4eb3a3e6c79cd","reportUrl":"https://Brain-up.github.io/auto-tests-python/800/#testresult/eec4eb3a3e6c79cd","status":"passed","time":{"start":1768194519862,"stop":1768194519912,"duration":50}},{"uid":"f9d09a4d9f450329","reportUrl":"https://Brain-up.github.io/auto-tests-python/799/#testresult/f9d09a4d9f450329","status":"passed","time":{"start":1768044780547,"stop":1768044780587,"duration":40}},{"uid":"8034fc33476550b","reportUrl":"https://Brain-up.github.io/auto-tests-python/798/#testresult/8034fc33476550b","status":"passed","time":{"start":1767951353532,"stop":1767951353573,"duration":41}},{"uid":"24738f8a2d866352","reportUrl":"https://Brain-up.github.io/auto-tests-python/797/#testresult/24738f8a2d866352","status":"passed","time":{"start":1767867026283,"stop":1767867026321,"duration":38}},{"uid":"76ce8c39a33bc847","reportUrl":"https://Brain-up.github.io/auto-tests-python/796/#testresult/76ce8c39a33bc847","status":"passed","time":{"start":1767791585090,"stop":1767791585130,"duration":40}},{"uid":"2a3edc70fa2407e","reportUrl":"https://Brain-up.github.io/auto-tests-python/795/#testresult/2a3edc70fa2407e","status":"passed","time":{"start":1767706391220,"stop":1767706391263,"duration":43}},{"uid":"dcae6ee7149c2773","reportUrl":"https://Brain-up.github.io/auto-tests-python/794/#testresult/dcae6ee7149c2773","status":"passed","time":{"start":1767701328180,"stop":1767701328230,"duration":50}}]},"tags":[]},"source":"bbb9e1d9aeeff46e.json","parameterValues":[]}