{"uid":"ddb4fc18c63403ec","name":"Verify value of the title of the tab","fullName":"tests.contributors_page_test.TestContributorsPageText#test_cnp_02_01_verify_tab_title","historyId":"4645df0b4dcf02e2e0de7317f6971701","time":{"start":1768646653619,"stop":1768646653619,"duration":0},"status":"broken","statusMessage":"selenium.common.exceptions.TimeoutException: Message: Can't find element by locator ('tag name', 'h2')\nStacktrace:\n#0 0x557b6e08840a <unknown>\n#1 0x557b6dabc76b <unknown>\n#2 0x557b6db0de88 <unknown>\n#3 0x557b6db0e0c1 <unknown>\n#4 0x557b6db5c2c4 <unknown>\n#5 0x557b6db59760 <unknown>\n#6 0x557b6db007b2 <unknown>\n#7 0x557b6db01461 <unknown>\n#8 0x557b6e050df9 <unknown>\n#9 0x557b6e053d5d <unknown>\n#10 0x557b6e039b41 <unknown>\n#11 0x557b6e05493b <unknown>\n#12 0x557b6e020870 <unknown>\n#13 0x557b6e075828 <unknown>\n#14 0x557b6e0759fc <unknown>\n#15 0x557b6e087763 <unknown>\n#16 0x7f676689caa4 <unknown>\n#17 0x7f6766929c6c <unknown>","statusTrace":"driver = <selenium.webdriver.chrome.webdriver.WebDriver (session=\"727a6c6b59a26a87d7e526da89cbb3f7\")>\n\n    @pytest.fixture()\n    @allure.step(f'Open page: {MainPageLinks.URL_CONTRIBUTORS_PAGE}')\n    def contributors_page_open(driver):\n        driver.get(MainPageLinks.URL_CONTRIBUTORS_PAGE)\n        page = ContributorsPage(driver)\n>       page.element_is_present(ContributorsPageLocators.PAGE_TITLE)\n\ntests/conftest.py:40: \n_ _ _ _ _ _ _ _ _ _ _ _ _ _ _ _ _ _ _ _ _ _ _ _ _ _ _ _ _ _ _ _ _ _ _ _ _ _ _ _ \npages/base_page.py:32: in element_is_present\n    return Wait(self.driver, self.timeout).until(\n_ _ _ _ _ _ _ _ _ _ _ _ _ _ _ _ _ _ _ _ _ _ _ _ _ _ _ _ _ _ _ _ _ _ _ _ _ _ _ _ \n\nself = <selenium.webdriver.support.wait.WebDriverWait (session=\"727a6c6b59a26a87d7e526da89cbb3f7\")>\nmethod = <function presence_of_element_located.<locals>._predicate at 0x7f0d4d253c40>\nmessage = \"Can't find element by locator ('tag name', 'h2')\"\n\n    def until(self, method, message: str = \"\"):\n        \"\"\"Calls the method provided with the driver as an argument until the \\\n        return value does not evaluate to ``False``.\n    \n        :param method: callable(WebDriver)\n        :param message: optional message for :exc:`TimeoutException`\n        :returns: the result of the last call to `method`\n        :raises: :exc:`selenium.common.exceptions.TimeoutException` if timeout occurs\n        \"\"\"\n        screen = None\n        stacktrace = None\n    \n        end_time = time.monotonic() + self._timeout\n        while True:\n            try:\n                value = method(self._driver)\n                if value:\n                    return value\n            except self._ignored_exceptions as exc:\n                screen = getattr(exc, \"screen\", None)\n                stacktrace = getattr(exc, \"stacktrace\", None)\n            time.sleep(self._poll)\n            if time.monotonic() > end_time:\n                break\n>       raise TimeoutException(message, screen, stacktrace)\nE       selenium.common.exceptions.TimeoutException: Message: Can't find element by locator ('tag name', 'h2')\nE       Stacktrace:\nE       #0 0x557b6e08840a <unknown>\nE       #1 0x557b6dabc76b <unknown>\nE       #2 0x557b6db0de88 <unknown>\nE       #3 0x557b6db0e0c1 <unknown>\nE       #4 0x557b6db5c2c4 <unknown>\nE       #5 0x557b6db59760 <unknown>\nE       #6 0x557b6db007b2 <unknown>\nE       #7 0x557b6db01461 <unknown>\nE       #8 0x557b6e050df9 <unknown>\nE       #9 0x557b6e053d5d <unknown>\nE       #10 0x557b6e039b41 <unknown>\nE       #11 0x557b6e05493b <unknown>\nE       #12 0x557b6e020870 <unknown>\nE       #13 0x557b6e075828 <unknown>\nE       #14 0x557b6e0759fc <unknown>\nE       #15 0x557b6e087763 <unknown>\nE       #16 0x7f676689caa4 <unknown>\nE       #17 0x7f6766929c6c <unknown>\n\n/opt/hostedtoolcache/Python/3.12.12/x64/lib/python3.12/site-packages/selenium/webdriver/support/wait.py:95: TimeoutException","flaky":false,"newFailed":false,"newBroken":true,"newPassed":false,"retriesCount":0,"retriesStatusChange":false,"beforeStages":[{"name":"clear_allure_results_folder","time":{"start":1768646578294,"stop":1768646578294,"duration":0},"status":"passed","steps":[],"attachments":[],"parameters":[],"stepsCount":0,"shouldDisplayMessage":false,"attachmentsCount":0,"hasContent":false,"attachmentStep":false},{"name":"driver","time":{"start":1768646653619,"stop":1768646654370,"duration":751},"status":"passed","steps":[],"attachments":[],"parameters":[],"stepsCount":0,"shouldDisplayMessage":false,"attachmentsCount":0,"hasContent":false,"attachmentStep":false},{"name":"contributors_page_open","time":{"start":1768646654370,"stop":1768646667028,"duration":12658},"status":"broken","statusMessage":"selenium.common.exceptions.TimeoutException: Message: Can't find element by locator ('tag name', 'h2')\nStacktrace:\n#0 0x557b6e08840a <unknown>\n#1 0x557b6dabc76b <unknown>\n#2 0x557b6db0de88 <unknown>\n#3 0x557b6db0e0c1 <unknown>\n#4 0x557b6db5c2c4 <unknown>\n#5 0x557b6db59760 <unknown>\n#6 0x557b6db007b2 <unknown>\n#7 0x557b6db01461 <unknown>\n#8 0x557b6e050df9 <unknown>\n#9 0x557b6e053d5d <unknown>\n#10 0x557b6e039b41 <unknown>\n#11 0x557b6e05493b <unknown>\n#12 0x557b6e020870 <unknown>\n#13 0x557b6e075828 <unknown>\n#14 0x557b6e0759fc <unknown>\n#15 0x557b6e087763 <unknown>\n#16 0x7f676689caa4 <unknown>\n#17 0x7f6766929c6c <unknown>\n\n","statusTrace":"  File \"/opt/hostedtoolcache/Python/3.12.12/x64/lib/python3.12/site-packages/pluggy/_callers.py\", line 38, in run_old_style_hookwrapper\n    res = yield\n          ^^^^^\n  File \"/opt/hostedtoolcache/Python/3.12.12/x64/lib/python3.12/site-packages/pluggy/_callers.py\", line 139, in _multicall\n    teardown.throw(exception)\n  File \"/opt/hostedtoolcache/Python/3.12.12/x64/lib/python3.12/site-packages/pluggy/_callers.py\", line 53, in run_old_style_hookwrapper\n    return result.get_result()\n           ^^^^^^^^^^^^^^^^^^^\n  File \"/opt/hostedtoolcache/Python/3.12.12/x64/lib/python3.12/site-packages/pluggy/_result.py\", line 103, in get_result\n    raise exc.with_traceback(tb)\n  File \"/opt/hostedtoolcache/Python/3.12.12/x64/lib/python3.12/site-packages/pluggy/_callers.py\", line 38, in run_old_style_hookwrapper\n    res = yield\n          ^^^^^\n  File \"/opt/hostedtoolcache/Python/3.12.12/x64/lib/python3.12/site-packages/pluggy/_callers.py\", line 121, in _multicall\n    res = hook_impl.function(*args)\n          ^^^^^^^^^^^^^^^^^^^^^^^^^\n  File \"/opt/hostedtoolcache/Python/3.12.12/x64/lib/python3.12/site-packages/_pytest/fixtures.py\", line 1123, in pytest_fixture_setup\n    result = call_fixture_func(fixturefunc, request, kwargs)\n             ^^^^^^^^^^^^^^^^^^^^^^^^^^^^^^^^^^^^^^^^^^^^^^^\n  File \"/opt/hostedtoolcache/Python/3.12.12/x64/lib/python3.12/site-packages/_pytest/fixtures.py\", line 902, in call_fixture_func\n    fixture_result = fixturefunc(**kwargs)\n                     ^^^^^^^^^^^^^^^^^^^^^\n  File \"/opt/hostedtoolcache/Python/3.12.12/x64/lib/python3.12/site-packages/allure_commons/_allure.py\", line 192, in impl\n    return func(*a, **kw)\n           ^^^^^^^^^^^^^^\n  File \"/home/runner/work/auto-tests-python/auto-tests-python/tests/conftest.py\", line 40, in contributors_page_open\n    page.element_is_present(ContributorsPageLocators.PAGE_TITLE)\n  File \"/home/runner/work/auto-tests-python/auto-tests-python/pages/base_page.py\", line 32, in element_is_present\n    return Wait(self.driver, self.timeout).until(\n           ^^^^^^^^^^^^^^^^^^^^^^^^^^^^^^^^^^^^^^\n  File \"/opt/hostedtoolcache/Python/3.12.12/x64/lib/python3.12/site-packages/selenium/webdriver/support/wait.py\", line 95, in until\n    raise TimeoutException(message, screen, stacktrace)\n","steps":[{"name":"Open page: https://www.brainup.site/contributors","time":{"start":1768646654370,"stop":1768646667027,"duration":12657},"status":"broken","statusMessage":"selenium.common.exceptions.TimeoutException: Message: Can't find element by locator ('tag name', 'h2')\nStacktrace:\n#0 0x557b6e08840a <unknown>\n#1 0x557b6dabc76b <unknown>\n#2 0x557b6db0de88 <unknown>\n#3 0x557b6db0e0c1 <unknown>\n#4 0x557b6db5c2c4 <unknown>\n#5 0x557b6db59760 <unknown>\n#6 0x557b6db007b2 <unknown>\n#7 0x557b6db01461 <unknown>\n#8 0x557b6e050df9 <unknown>\n#9 0x557b6e053d5d <unknown>\n#10 0x557b6e039b41 <unknown>\n#11 0x557b6e05493b <unknown>\n#12 0x557b6e020870 <unknown>\n#13 0x557b6e075828 <unknown>\n#14 0x557b6e0759fc <unknown>\n#15 0x557b6e087763 <unknown>\n#16 0x7f676689caa4 <unknown>\n#17 0x7f6766929c6c <unknown>\n\n","statusTrace":"  File \"/opt/hostedtoolcache/Python/3.12.12/x64/lib/python3.12/site-packages/allure_commons/_allure.py\", line 192, in impl\n    return func(*a, **kw)\n           ^^^^^^^^^^^^^^\n  File \"/home/runner/work/auto-tests-python/auto-tests-python/tests/conftest.py\", line 40, in contributors_page_open\n    page.element_is_present(ContributorsPageLocators.PAGE_TITLE)\n  File \"/home/runner/work/auto-tests-python/auto-tests-python/pages/base_page.py\", line 32, in element_is_present\n    return Wait(self.driver, self.timeout).until(\n           ^^^^^^^^^^^^^^^^^^^^^^^^^^^^^^^^^^^^^^\n  File \"/opt/hostedtoolcache/Python/3.12.12/x64/lib/python3.12/site-packages/selenium/webdriver/support/wait.py\", line 95, in until\n    raise TimeoutException(message, screen, stacktrace)\n","steps":[],"attachments":[],"parameters":[{"name":"driver","value":"<selenium.webdriver.chrome.webdriver.WebDriver (session=\"727a6c6b59a26a87d7e526da89cbb3f7\")>"}],"stepsCount":0,"shouldDisplayMessage":true,"attachmentsCount":0,"hasContent":true,"attachmentStep":false}],"attachments":[],"parameters":[],"stepsCount":1,"shouldDisplayMessage":false,"attachmentsCount":0,"hasContent":true,"attachmentStep":false}],"afterStages":[{"name":"driver::0","time":{"start":1768646667070,"stop":1768646667137,"duration":67},"status":"passed","steps":[],"attachments":[],"parameters":[],"stepsCount":0,"shouldDisplayMessage":false,"attachmentsCount":0,"hasContent":false,"attachmentStep":false}],"labels":[{"name":"epic","value":"The Contributors Page"},{"name":"parentSuite","value":"tests"},{"name":"suite","value":"contributors_page_test"},{"name":"subSuite","value":"TestContributorsPage"},{"name":"host","value":"runnervmmtnos"},{"name":"thread","value":"2591-MainThread"},{"name":"framework","value":"pytest"},{"name":"language","value":"cpython3"},{"name":"package","value":"tests.contributors_page_test"},{"name":"resultFormat","value":"allure2"}],"parameters":[],"links":[],"hidden":false,"retry":false,"extra":{"severity":"normal","retries":[],"categories":[{"name":"Test defects","matchedStatuses":[],"flaky":false}],"history":{"statistic":{"failed":0,"broken":1,"skipped":0,"passed":11,"unknown":0,"total":12},"items":[{"uid":"f902ed00911508c9","reportUrl":"https://Brain-up.github.io/auto-tests-python/804/#testresult/f902ed00911508c9","status":"passed","time":{"start":1768557742248,"stop":1768557742260,"duration":12}},{"uid":"5bd9d6ff17c891e0","reportUrl":"https://Brain-up.github.io/auto-tests-python/803/#testresult/5bd9d6ff17c891e0","status":"passed","time":{"start":1768470841954,"stop":1768470841966,"duration":12}},{"uid":"4ebc32bae11953cd","reportUrl":"https://Brain-up.github.io/auto-tests-python/802/#testresult/4ebc32bae11953cd","status":"passed","time":{"start":1768396141513,"stop":1768396141526,"duration":13}},{"uid":"fb7c962549a1f208","reportUrl":"https://Brain-up.github.io/auto-tests-python/801/#testresult/fb7c962549a1f208","status":"passed","time":{"start":1768297635749,"stop":1768297635759,"duration":10}},{"uid":"63a2d11a555fd9c5","reportUrl":"https://Brain-up.github.io/auto-tests-python/800/#testresult/63a2d11a555fd9c5","status":"passed","time":{"start":1768194516378,"stop":1768194516389,"duration":11}},{"uid":"84786d7ced34d85a","reportUrl":"https://Brain-up.github.io/auto-tests-python/799/#testresult/84786d7ced34d85a","status":"passed","time":{"start":1768044777078,"stop":1768044777100,"duration":22}},{"uid":"3f57847c0cc3d2fc","reportUrl":"https://Brain-up.github.io/auto-tests-python/798/#testresult/3f57847c0cc3d2fc","status":"passed","time":{"start":1767951349150,"stop":1767951349163,"duration":13}},{"uid":"b1c8258678c664c0","reportUrl":"https://Brain-up.github.io/auto-tests-python/797/#testresult/b1c8258678c664c0","status":"passed","time":{"start":1767867022481,"stop":1767867022502,"duration":21}},{"uid":"1dadf83a58d6df80","reportUrl":"https://Brain-up.github.io/auto-tests-python/796/#testresult/1dadf83a58d6df80","status":"passed","time":{"start":1767791581077,"stop":1767791581099,"duration":22}},{"uid":"b1da387fb1eb61b0","reportUrl":"https://Brain-up.github.io/auto-tests-python/795/#testresult/b1da387fb1eb61b0","status":"passed","time":{"start":1767706387898,"stop":1767706387909,"duration":11}},{"uid":"b5896438e4a40776","reportUrl":"https://Brain-up.github.io/auto-tests-python/794/#testresult/b5896438e4a40776","status":"passed","time":{"start":1767701324015,"stop":1767701324033,"duration":18}}]},"tags":[]},"source":"ddb4fc18c63403ec.json","parameterValues":[]}