{"uid":"e52288a7e57b32","name":"Verify content of the text on the page","fullName":"tests.contributors_page_test.TestContributorsPageText#test_cnp_02_03_verify_page_text","historyId":"fb3765b3b9cbccc8d3b872d250e108b4","time":{"start":1768646680643,"stop":1768646680643,"duration":0},"status":"broken","statusMessage":"selenium.common.exceptions.TimeoutException: Message: Can't find element by locator ('tag name', 'h2')\nStacktrace:\n#0 0x557946f8e40a <unknown>\n#1 0x5579469c276b <unknown>\n#2 0x557946a13e88 <unknown>\n#3 0x557946a140c1 <unknown>\n#4 0x557946a622c4 <unknown>\n#5 0x557946a5f760 <unknown>\n#6 0x557946a067b2 <unknown>\n#7 0x557946a07461 <unknown>\n#8 0x557946f56df9 <unknown>\n#9 0x557946f59d5d <unknown>\n#10 0x557946f3fb41 <unknown>\n#11 0x557946f5a93b <unknown>\n#12 0x557946f26870 <unknown>\n#13 0x557946f7b828 <unknown>\n#14 0x557946f7b9fc <unknown>\n#15 0x557946f8d763 <unknown>\n#16 0x7f82c6c9caa4 <unknown>\n#17 0x7f82c6d29c6c <unknown>","statusTrace":"driver = <selenium.webdriver.chrome.webdriver.WebDriver (session=\"32a98d2166bb07813721af51d6a44fd8\")>\n\n    @pytest.fixture()\n    @allure.step(f'Open page: {MainPageLinks.URL_CONTRIBUTORS_PAGE}')\n    def contributors_page_open(driver):\n        driver.get(MainPageLinks.URL_CONTRIBUTORS_PAGE)\n        page = ContributorsPage(driver)\n>       page.element_is_present(ContributorsPageLocators.PAGE_TITLE)\n\ntests/conftest.py:40: \n_ _ _ _ _ _ _ _ _ _ _ _ _ _ _ _ _ _ _ _ _ _ _ _ _ _ _ _ _ _ _ _ _ _ _ _ _ _ _ _ \npages/base_page.py:32: in element_is_present\n    return Wait(self.driver, self.timeout).until(\n_ _ _ _ _ _ _ _ _ _ _ _ _ _ _ _ _ _ _ _ _ _ _ _ _ _ _ _ _ _ _ _ _ _ _ _ _ _ _ _ \n\nself = <selenium.webdriver.support.wait.WebDriverWait (session=\"32a98d2166bb07813721af51d6a44fd8\")>\nmethod = <function presence_of_element_located.<locals>._predicate at 0x7f0d4d0a02c0>\nmessage = \"Can't find element by locator ('tag name', 'h2')\"\n\n    def until(self, method, message: str = \"\"):\n        \"\"\"Calls the method provided with the driver as an argument until the \\\n        return value does not evaluate to ``False``.\n    \n        :param method: callable(WebDriver)\n        :param message: optional message for :exc:`TimeoutException`\n        :returns: the result of the last call to `method`\n        :raises: :exc:`selenium.common.exceptions.TimeoutException` if timeout occurs\n        \"\"\"\n        screen = None\n        stacktrace = None\n    \n        end_time = time.monotonic() + self._timeout\n        while True:\n            try:\n                value = method(self._driver)\n                if value:\n                    return value\n            except self._ignored_exceptions as exc:\n                screen = getattr(exc, \"screen\", None)\n                stacktrace = getattr(exc, \"stacktrace\", None)\n            time.sleep(self._poll)\n            if time.monotonic() > end_time:\n                break\n>       raise TimeoutException(message, screen, stacktrace)\nE       selenium.common.exceptions.TimeoutException: Message: Can't find element by locator ('tag name', 'h2')\nE       Stacktrace:\nE       #0 0x557946f8e40a <unknown>\nE       #1 0x5579469c276b <unknown>\nE       #2 0x557946a13e88 <unknown>\nE       #3 0x557946a140c1 <unknown>\nE       #4 0x557946a622c4 <unknown>\nE       #5 0x557946a5f760 <unknown>\nE       #6 0x557946a067b2 <unknown>\nE       #7 0x557946a07461 <unknown>\nE       #8 0x557946f56df9 <unknown>\nE       #9 0x557946f59d5d <unknown>\nE       #10 0x557946f3fb41 <unknown>\nE       #11 0x557946f5a93b <unknown>\nE       #12 0x557946f26870 <unknown>\nE       #13 0x557946f7b828 <unknown>\nE       #14 0x557946f7b9fc <unknown>\nE       #15 0x557946f8d763 <unknown>\nE       #16 0x7f82c6c9caa4 <unknown>\nE       #17 0x7f82c6d29c6c <unknown>\n\n/opt/hostedtoolcache/Python/3.12.12/x64/lib/python3.12/site-packages/selenium/webdriver/support/wait.py:95: TimeoutException","flaky":false,"newFailed":false,"newBroken":true,"newPassed":false,"retriesCount":0,"retriesStatusChange":false,"beforeStages":[{"name":"clear_allure_results_folder","time":{"start":1768646578294,"stop":1768646578294,"duration":0},"status":"passed","steps":[],"attachments":[],"parameters":[],"stepsCount":0,"shouldDisplayMessage":false,"attachmentsCount":0,"hasContent":false,"attachmentStep":false},{"name":"driver","time":{"start":1768646680644,"stop":1768646681398,"duration":754},"status":"passed","steps":[],"attachments":[],"parameters":[],"stepsCount":0,"shouldDisplayMessage":false,"attachmentsCount":0,"hasContent":false,"attachmentStep":false},{"name":"contributors_page_open","time":{"start":1768646681398,"stop":1768646694055,"duration":12657},"status":"broken","statusMessage":"selenium.common.exceptions.TimeoutException: Message: Can't find element by locator ('tag name', 'h2')\nStacktrace:\n#0 0x557946f8e40a <unknown>\n#1 0x5579469c276b <unknown>\n#2 0x557946a13e88 <unknown>\n#3 0x557946a140c1 <unknown>\n#4 0x557946a622c4 <unknown>\n#5 0x557946a5f760 <unknown>\n#6 0x557946a067b2 <unknown>\n#7 0x557946a07461 <unknown>\n#8 0x557946f56df9 <unknown>\n#9 0x557946f59d5d <unknown>\n#10 0x557946f3fb41 <unknown>\n#11 0x557946f5a93b <unknown>\n#12 0x557946f26870 <unknown>\n#13 0x557946f7b828 <unknown>\n#14 0x557946f7b9fc <unknown>\n#15 0x557946f8d763 <unknown>\n#16 0x7f82c6c9caa4 <unknown>\n#17 0x7f82c6d29c6c <unknown>\n\n","statusTrace":"  File \"/opt/hostedtoolcache/Python/3.12.12/x64/lib/python3.12/site-packages/pluggy/_callers.py\", line 38, in run_old_style_hookwrapper\n    res = yield\n          ^^^^^\n  File \"/opt/hostedtoolcache/Python/3.12.12/x64/lib/python3.12/site-packages/pluggy/_callers.py\", line 139, in _multicall\n    teardown.throw(exception)\n  File \"/opt/hostedtoolcache/Python/3.12.12/x64/lib/python3.12/site-packages/pluggy/_callers.py\", line 53, in run_old_style_hookwrapper\n    return result.get_result()\n           ^^^^^^^^^^^^^^^^^^^\n  File \"/opt/hostedtoolcache/Python/3.12.12/x64/lib/python3.12/site-packages/pluggy/_result.py\", line 103, in get_result\n    raise exc.with_traceback(tb)\n  File \"/opt/hostedtoolcache/Python/3.12.12/x64/lib/python3.12/site-packages/pluggy/_callers.py\", line 38, in run_old_style_hookwrapper\n    res = yield\n          ^^^^^\n  File \"/opt/hostedtoolcache/Python/3.12.12/x64/lib/python3.12/site-packages/pluggy/_callers.py\", line 121, in _multicall\n    res = hook_impl.function(*args)\n          ^^^^^^^^^^^^^^^^^^^^^^^^^\n  File \"/opt/hostedtoolcache/Python/3.12.12/x64/lib/python3.12/site-packages/_pytest/fixtures.py\", line 1123, in pytest_fixture_setup\n    result = call_fixture_func(fixturefunc, request, kwargs)\n             ^^^^^^^^^^^^^^^^^^^^^^^^^^^^^^^^^^^^^^^^^^^^^^^\n  File \"/opt/hostedtoolcache/Python/3.12.12/x64/lib/python3.12/site-packages/_pytest/fixtures.py\", line 902, in call_fixture_func\n    fixture_result = fixturefunc(**kwargs)\n                     ^^^^^^^^^^^^^^^^^^^^^\n  File \"/opt/hostedtoolcache/Python/3.12.12/x64/lib/python3.12/site-packages/allure_commons/_allure.py\", line 192, in impl\n    return func(*a, **kw)\n           ^^^^^^^^^^^^^^\n  File \"/home/runner/work/auto-tests-python/auto-tests-python/tests/conftest.py\", line 40, in contributors_page_open\n    page.element_is_present(ContributorsPageLocators.PAGE_TITLE)\n  File \"/home/runner/work/auto-tests-python/auto-tests-python/pages/base_page.py\", line 32, in element_is_present\n    return Wait(self.driver, self.timeout).until(\n           ^^^^^^^^^^^^^^^^^^^^^^^^^^^^^^^^^^^^^^\n  File \"/opt/hostedtoolcache/Python/3.12.12/x64/lib/python3.12/site-packages/selenium/webdriver/support/wait.py\", line 95, in until\n    raise TimeoutException(message, screen, stacktrace)\n","steps":[{"name":"Open page: https://www.brainup.site/contributors","time":{"start":1768646681398,"stop":1768646694054,"duration":12656},"status":"broken","statusMessage":"selenium.common.exceptions.TimeoutException: Message: Can't find element by locator ('tag name', 'h2')\nStacktrace:\n#0 0x557946f8e40a <unknown>\n#1 0x5579469c276b <unknown>\n#2 0x557946a13e88 <unknown>\n#3 0x557946a140c1 <unknown>\n#4 0x557946a622c4 <unknown>\n#5 0x557946a5f760 <unknown>\n#6 0x557946a067b2 <unknown>\n#7 0x557946a07461 <unknown>\n#8 0x557946f56df9 <unknown>\n#9 0x557946f59d5d <unknown>\n#10 0x557946f3fb41 <unknown>\n#11 0x557946f5a93b <unknown>\n#12 0x557946f26870 <unknown>\n#13 0x557946f7b828 <unknown>\n#14 0x557946f7b9fc <unknown>\n#15 0x557946f8d763 <unknown>\n#16 0x7f82c6c9caa4 <unknown>\n#17 0x7f82c6d29c6c <unknown>\n\n","statusTrace":"  File \"/opt/hostedtoolcache/Python/3.12.12/x64/lib/python3.12/site-packages/allure_commons/_allure.py\", line 192, in impl\n    return func(*a, **kw)\n           ^^^^^^^^^^^^^^\n  File \"/home/runner/work/auto-tests-python/auto-tests-python/tests/conftest.py\", line 40, in contributors_page_open\n    page.element_is_present(ContributorsPageLocators.PAGE_TITLE)\n  File \"/home/runner/work/auto-tests-python/auto-tests-python/pages/base_page.py\", line 32, in element_is_present\n    return Wait(self.driver, self.timeout).until(\n           ^^^^^^^^^^^^^^^^^^^^^^^^^^^^^^^^^^^^^^\n  File \"/opt/hostedtoolcache/Python/3.12.12/x64/lib/python3.12/site-packages/selenium/webdriver/support/wait.py\", line 95, in until\n    raise TimeoutException(message, screen, stacktrace)\n","steps":[],"attachments":[],"parameters":[{"name":"driver","value":"<selenium.webdriver.chrome.webdriver.WebDriver (session=\"32a98d2166bb07813721af51d6a44fd8\")>"}],"stepsCount":0,"shouldDisplayMessage":true,"attachmentsCount":0,"hasContent":true,"attachmentStep":false}],"attachments":[],"parameters":[],"stepsCount":1,"shouldDisplayMessage":false,"attachmentsCount":0,"hasContent":true,"attachmentStep":false}],"afterStages":[{"name":"driver::0","time":{"start":1768646694068,"stop":1768646694136,"duration":68},"status":"passed","steps":[],"attachments":[],"parameters":[],"stepsCount":0,"shouldDisplayMessage":false,"attachmentsCount":0,"hasContent":false,"attachmentStep":false}],"labels":[{"name":"epic","value":"The Contributors Page"},{"name":"parentSuite","value":"tests"},{"name":"suite","value":"contributors_page_test"},{"name":"subSuite","value":"TestContributorsPage"},{"name":"host","value":"runnervmmtnos"},{"name":"thread","value":"2591-MainThread"},{"name":"framework","value":"pytest"},{"name":"language","value":"cpython3"},{"name":"package","value":"tests.contributors_page_test"},{"name":"resultFormat","value":"allure2"}],"parameters":[],"links":[],"hidden":false,"retry":false,"extra":{"severity":"normal","retries":[],"categories":[{"name":"Test defects","matchedStatuses":[],"flaky":false}],"history":{"statistic":{"failed":0,"broken":1,"skipped":0,"passed":11,"unknown":0,"total":12},"items":[{"uid":"2394f9b236e1a431","reportUrl":"https://Brain-up.github.io/auto-tests-python/804/#testresult/2394f9b236e1a431","status":"passed","time":{"start":1768557748867,"stop":1768557748885,"duration":18}},{"uid":"c3b376827b0c273b","reportUrl":"https://Brain-up.github.io/auto-tests-python/803/#testresult/c3b376827b0c273b","status":"passed","time":{"start":1768470848441,"stop":1768470848459,"duration":18}},{"uid":"6a8b32c13db9cdbe","reportUrl":"https://Brain-up.github.io/auto-tests-python/802/#testresult/6a8b32c13db9cdbe","status":"passed","time":{"start":1768396148711,"stop":1768396148731,"duration":20}},{"uid":"b4a8f7a395da84ed","reportUrl":"https://Brain-up.github.io/auto-tests-python/801/#testresult/b4a8f7a395da84ed","status":"passed","time":{"start":1768297643934,"stop":1768297643951,"duration":17}},{"uid":"713b521a089aa14","reportUrl":"https://Brain-up.github.io/auto-tests-python/800/#testresult/713b521a089aa14","status":"passed","time":{"start":1768194523353,"stop":1768194523372,"duration":19}},{"uid":"4e7ba9012680c413","reportUrl":"https://Brain-up.github.io/auto-tests-python/799/#testresult/4e7ba9012680c413","status":"passed","time":{"start":1768044784008,"stop":1768044784027,"duration":19}},{"uid":"7939b56a9e4bc3af","reportUrl":"https://Brain-up.github.io/auto-tests-python/798/#testresult/7939b56a9e4bc3af","status":"passed","time":{"start":1767951357984,"stop":1767951358001,"duration":17}},{"uid":"51f4ca1d7a591757","reportUrl":"https://Brain-up.github.io/auto-tests-python/797/#testresult/51f4ca1d7a591757","status":"passed","time":{"start":1767867029600,"stop":1767867029618,"duration":18}},{"uid":"9550f07a197fa6b6","reportUrl":"https://Brain-up.github.io/auto-tests-python/796/#testresult/9550f07a197fa6b6","status":"passed","time":{"start":1767791588949,"stop":1767791588967,"duration":18}},{"uid":"7be2f482571c4d68","reportUrl":"https://Brain-up.github.io/auto-tests-python/795/#testresult/7be2f482571c4d68","status":"passed","time":{"start":1767706394735,"stop":1767706394763,"duration":28}},{"uid":"d6878db6da0ac8a7","reportUrl":"https://Brain-up.github.io/auto-tests-python/794/#testresult/d6878db6da0ac8a7","status":"passed","time":{"start":1767701332260,"stop":1767701332283,"duration":23}}]},"tags":[]},"source":"e52288a7e57b32.json","parameterValues":[]}