{
  "uid" : "8bec9bb4c0f65b5b",
  "name" : "Select a random card from \"Similar phrases\" group and compare UI vs BACKEND data",
  "fullName" : "tests.test_speech_exercises_en.TestCardsEN#test_random_cards_in_similar_phrases_en",
  "historyId" : "106afe14e1824ad4b55b346a52794d4b",
  "time" : {
    "start" : 1762074387088,
    "stop" : 1762074397440,
    "duration" : 10352
  },
  "status" : "skipped",
  "statusMessage" : "XFAIL\n\nselenium.common.exceptions.TimeoutException: Message: Can't find element by locator ('xpath', '//button[@data-test-active-link=\"Similar phrases\"]')\nStacktrace:\n#0 0x56479ff8baea <unknown>\n#1 0x56479f9d7cdb <unknown>\n#2 0x56479fa2a6c4 <unknown>\n#3 0x56479fa2a901 <unknown>\n#4 0x56479fa798b4 <unknown>\n#5 0x56479fa76c87 <unknown>\n#6 0x56479fa1caca <unknown>\n#7 0x56479fa1d7d1 <unknown>\n#8 0x56479ff52ab9 <unknown>\n#9 0x56479ff55a8c <unknown>\n#10 0x56479ff3bd49 <unknown>\n#11 0x56479ff56685 <unknown>\n#12 0x56479ff236c3 <unknown>\n#13 0x56479ff787d8 <unknown>\n#14 0x56479ff789b3 <unknown>\n#15 0x56479ff8aa83 <unknown>\n#16 0x7f1fec09caa4 <unknown>\n#17 0x7f1fec129c6c <unknown>",
  "statusTrace" : "self = <tests.test_speech_exercises_en.TestCardsEN object at 0x7fca71a1b830>\ndriver = <selenium.webdriver.chrome.webdriver.WebDriver (session=\"8c4653c0f0555392a45059870b08c557\")>\nspecialist_user_authorized = None\n\n    @pytest.mark.xfail\n    @allure.suite(\"Speech exercises EN.\")\n    @allure.title('Select a random card from \"Similar phrases\" group and compare UI vs BACKEND data')\n    def test_random_cards_in_similar_phrases_en(self, driver, specialist_user_authorized):\n        page = SpeechExercisesPage(driver)\n>       page.select_group(SpeechExercisesPageLocators.SIMILAR_PHRASES_EN)\n\ntests/test_speech_exercises_en.py:57: \n_ _ _ _ _ _ _ _ _ _ _ _ _ _ _ _ _ _ _ _ _ _ _ _ _ _ _ _ _ _ _ _ _ _ _ _ _ _ _ _ \npages/speech_exercises_page_en.py:18: in select_group\n    text_of_the_button = self.element_is_present_and_clickable(selector_for_sub_group)\npages/base_page.py:40: in element_is_present_and_clickable\n    return (Wait(self.driver, self.timeout).until(\n_ _ _ _ _ _ _ _ _ _ _ _ _ _ _ _ _ _ _ _ _ _ _ _ _ _ _ _ _ _ _ _ _ _ _ _ _ _ _ _ \n\nself = <selenium.webdriver.support.wait.WebDriverWait (session=\"8c4653c0f0555392a45059870b08c557\")>\nmethod = <function visibility_of_element_located.<locals>._predicate at 0x7fca718a2700>\nmessage = 'Can\\'t find element by locator (\\'xpath\\', \\'//button[@data-test-active-link=\"Similar phrases\"]\\')'\n\n    def until(self, method, message: str = \"\"):\n        \"\"\"Calls the method provided with the driver as an argument until the \\\n        return value does not evaluate to ``False``.\n    \n        :param method: callable(WebDriver)\n        :param message: optional message for :exc:`TimeoutException`\n        :returns: the result of the last call to `method`\n        :raises: :exc:`selenium.common.exceptions.TimeoutException` if timeout occurs\n        \"\"\"\n        screen = None\n        stacktrace = None\n    \n        end_time = time.monotonic() + self._timeout\n        while True:\n            try:\n                value = method(self._driver)\n                if value:\n                    return value\n            except self._ignored_exceptions as exc:\n                screen = getattr(exc, \"screen\", None)\n                stacktrace = getattr(exc, \"stacktrace\", None)\n            time.sleep(self._poll)\n            if time.monotonic() > end_time:\n                break\n>       raise TimeoutException(message, screen, stacktrace)\nE       selenium.common.exceptions.TimeoutException: Message: Can't find element by locator ('xpath', '//button[@data-test-active-link=\"Similar phrases\"]')\nE       Stacktrace:\nE       #0 0x56479ff8baea <unknown>\nE       #1 0x56479f9d7cdb <unknown>\nE       #2 0x56479fa2a6c4 <unknown>\nE       #3 0x56479fa2a901 <unknown>\nE       #4 0x56479fa798b4 <unknown>\nE       #5 0x56479fa76c87 <unknown>\nE       #6 0x56479fa1caca <unknown>\nE       #7 0x56479fa1d7d1 <unknown>\nE       #8 0x56479ff52ab9 <unknown>\nE       #9 0x56479ff55a8c <unknown>\nE       #10 0x56479ff3bd49 <unknown>\nE       #11 0x56479ff56685 <unknown>\nE       #12 0x56479ff236c3 <unknown>\nE       #13 0x56479ff787d8 <unknown>\nE       #14 0x56479ff789b3 <unknown>\nE       #15 0x56479ff8aa83 <unknown>\nE       #16 0x7f1fec09caa4 <unknown>\nE       #17 0x7f1fec129c6c <unknown>\n\n/opt/hostedtoolcache/Python/3.12.12/x64/lib/python3.12/site-packages/selenium/webdriver/support/wait.py:95: TimeoutException",
  "flaky" : false,
  "newFailed" : false,
  "beforeStages" : [ {
    "name" : "clear_allure_results_folder",
    "time" : {
      "start" : 1762073267341,
      "stop" : 1762073267341,
      "duration" : 0
    },
    "status" : "passed",
    "steps" : [ ],
    "attachments" : [ ],
    "parameters" : [ ],
    "stepsCount" : 0,
    "attachmentsCount" : 0,
    "shouldDisplayMessage" : false,
    "hasContent" : false
  }, {
    "name" : "main_page_open",
    "time" : {
      "start" : 1762074381267,
      "stop" : 1762074384636,
      "duration" : 3369
    },
    "status" : "passed",
    "steps" : [ {
      "name" : "Open page: https://www.brainup.site/",
      "time" : {
        "start" : 1762074381267,
        "stop" : 1762074384636,
        "duration" : 3369
      },
      "status" : "passed",
      "steps" : [ ],
      "attachments" : [ ],
      "parameters" : [ {
        "name" : "driver",
        "value" : "<selenium.webdriver.chrome.webdriver.WebDriver (session=\"8c4653c0f0555392a45059870b08c557\")>"
      } ],
      "stepsCount" : 0,
      "attachmentsCount" : 0,
      "shouldDisplayMessage" : false,
      "hasContent" : true
    } ],
    "attachments" : [ ],
    "parameters" : [ ],
    "stepsCount" : 1,
    "attachmentsCount" : 0,
    "shouldDisplayMessage" : false,
    "hasContent" : true
  }, {
    "name" : "driver",
    "time" : {
      "start" : 1762074380519,
      "stop" : 1762074381267,
      "duration" : 748
    },
    "status" : "passed",
    "steps" : [ ],
    "attachments" : [ ],
    "parameters" : [ ],
    "stepsCount" : 0,
    "attachmentsCount" : 0,
    "shouldDisplayMessage" : false,
    "hasContent" : false
  }, {
    "name" : "specialist_user_authorized",
    "time" : {
      "start" : 1762074384636,
      "stop" : 1762074387088,
      "duration" : 2452
    },
    "status" : "passed",
    "steps" : [ {
      "name" : "USER specialist authorized",
      "time" : {
        "start" : 1762074384636,
        "stop" : 1762074387088,
        "duration" : 2452
      },
      "status" : "passed",
      "steps" : [ {
        "name" : "Check url is present: https://www.brainup.site/groups",
        "time" : {
          "start" : 1762074385043,
          "stop" : 1762074387062,
          "duration" : 2019
        },
        "status" : "passed",
        "steps" : [ ],
        "attachments" : [ ],
        "parameters" : [ ],
        "stepsCount" : 0,
        "attachmentsCount" : 0,
        "shouldDisplayMessage" : false,
        "hasContent" : false
      }, {
        "name" : "Loader checking",
        "time" : {
          "start" : 1762074387062,
          "stop" : 1762074387088,
          "duration" : 26
        },
        "status" : "passed",
        "steps" : [ ],
        "attachments" : [ ],
        "parameters" : [ ],
        "stepsCount" : 0,
        "attachmentsCount" : 0,
        "shouldDisplayMessage" : false,
        "hasContent" : false
      } ],
      "attachments" : [ ],
      "parameters" : [ {
        "name" : "driver",
        "value" : "<selenium.webdriver.chrome.webdriver.WebDriver (session=\"8c4653c0f0555392a45059870b08c557\")>"
      }, {
        "name" : "main_page_open",
        "value" : "None"
      } ],
      "stepsCount" : 2,
      "attachmentsCount" : 0,
      "shouldDisplayMessage" : false,
      "hasContent" : true
    } ],
    "attachments" : [ ],
    "parameters" : [ ],
    "stepsCount" : 3,
    "attachmentsCount" : 0,
    "shouldDisplayMessage" : false,
    "hasContent" : true
  } ],
  "testStage" : {
    "status" : "skipped",
    "statusMessage" : "XFAIL\n\nselenium.common.exceptions.TimeoutException: Message: Can't find element by locator ('xpath', '//button[@data-test-active-link=\"Similar phrases\"]')\nStacktrace:\n#0 0x56479ff8baea <unknown>\n#1 0x56479f9d7cdb <unknown>\n#2 0x56479fa2a6c4 <unknown>\n#3 0x56479fa2a901 <unknown>\n#4 0x56479fa798b4 <unknown>\n#5 0x56479fa76c87 <unknown>\n#6 0x56479fa1caca <unknown>\n#7 0x56479fa1d7d1 <unknown>\n#8 0x56479ff52ab9 <unknown>\n#9 0x56479ff55a8c <unknown>\n#10 0x56479ff3bd49 <unknown>\n#11 0x56479ff56685 <unknown>\n#12 0x56479ff236c3 <unknown>\n#13 0x56479ff787d8 <unknown>\n#14 0x56479ff789b3 <unknown>\n#15 0x56479ff8aa83 <unknown>\n#16 0x7f1fec09caa4 <unknown>\n#17 0x7f1fec129c6c <unknown>",
    "statusTrace" : "self = <tests.test_speech_exercises_en.TestCardsEN object at 0x7fca71a1b830>\ndriver = <selenium.webdriver.chrome.webdriver.WebDriver (session=\"8c4653c0f0555392a45059870b08c557\")>\nspecialist_user_authorized = None\n\n    @pytest.mark.xfail\n    @allure.suite(\"Speech exercises EN.\")\n    @allure.title('Select a random card from \"Similar phrases\" group and compare UI vs BACKEND data')\n    def test_random_cards_in_similar_phrases_en(self, driver, specialist_user_authorized):\n        page = SpeechExercisesPage(driver)\n>       page.select_group(SpeechExercisesPageLocators.SIMILAR_PHRASES_EN)\n\ntests/test_speech_exercises_en.py:57: \n_ _ _ _ _ _ _ _ _ _ _ _ _ _ _ _ _ _ _ _ _ _ _ _ _ _ _ _ _ _ _ _ _ _ _ _ _ _ _ _ \npages/speech_exercises_page_en.py:18: in select_group\n    text_of_the_button = self.element_is_present_and_clickable(selector_for_sub_group)\npages/base_page.py:40: in element_is_present_and_clickable\n    return (Wait(self.driver, self.timeout).until(\n_ _ _ _ _ _ _ _ _ _ _ _ _ _ _ _ _ _ _ _ _ _ _ _ _ _ _ _ _ _ _ _ _ _ _ _ _ _ _ _ \n\nself = <selenium.webdriver.support.wait.WebDriverWait (session=\"8c4653c0f0555392a45059870b08c557\")>\nmethod = <function visibility_of_element_located.<locals>._predicate at 0x7fca718a2700>\nmessage = 'Can\\'t find element by locator (\\'xpath\\', \\'//button[@data-test-active-link=\"Similar phrases\"]\\')'\n\n    def until(self, method, message: str = \"\"):\n        \"\"\"Calls the method provided with the driver as an argument until the \\\n        return value does not evaluate to ``False``.\n    \n        :param method: callable(WebDriver)\n        :param message: optional message for :exc:`TimeoutException`\n        :returns: the result of the last call to `method`\n        :raises: :exc:`selenium.common.exceptions.TimeoutException` if timeout occurs\n        \"\"\"\n        screen = None\n        stacktrace = None\n    \n        end_time = time.monotonic() + self._timeout\n        while True:\n            try:\n                value = method(self._driver)\n                if value:\n                    return value\n            except self._ignored_exceptions as exc:\n                screen = getattr(exc, \"screen\", None)\n                stacktrace = getattr(exc, \"stacktrace\", None)\n            time.sleep(self._poll)\n            if time.monotonic() > end_time:\n                break\n>       raise TimeoutException(message, screen, stacktrace)\nE       selenium.common.exceptions.TimeoutException: Message: Can't find element by locator ('xpath', '//button[@data-test-active-link=\"Similar phrases\"]')\nE       Stacktrace:\nE       #0 0x56479ff8baea <unknown>\nE       #1 0x56479f9d7cdb <unknown>\nE       #2 0x56479fa2a6c4 <unknown>\nE       #3 0x56479fa2a901 <unknown>\nE       #4 0x56479fa798b4 <unknown>\nE       #5 0x56479fa76c87 <unknown>\nE       #6 0x56479fa1caca <unknown>\nE       #7 0x56479fa1d7d1 <unknown>\nE       #8 0x56479ff52ab9 <unknown>\nE       #9 0x56479ff55a8c <unknown>\nE       #10 0x56479ff3bd49 <unknown>\nE       #11 0x56479ff56685 <unknown>\nE       #12 0x56479ff236c3 <unknown>\nE       #13 0x56479ff787d8 <unknown>\nE       #14 0x56479ff789b3 <unknown>\nE       #15 0x56479ff8aa83 <unknown>\nE       #16 0x7f1fec09caa4 <unknown>\nE       #17 0x7f1fec129c6c <unknown>\n\n/opt/hostedtoolcache/Python/3.12.12/x64/lib/python3.12/site-packages/selenium/webdriver/support/wait.py:95: TimeoutException",
    "steps" : [ {
      "name" : "select_group",
      "time" : {
        "start" : 1762074387088,
        "stop" : 1762074397440,
        "duration" : 10352
      },
      "status" : "broken",
      "statusMessage" : "selenium.common.exceptions.TimeoutException: Message: Can't find element by locator ('xpath', '//button[@data-test-active-link=\"Similar phrases\"]')\nStacktrace:\n#0 0x56479ff8baea <unknown>\n#1 0x56479f9d7cdb <unknown>\n#2 0x56479fa2a6c4 <unknown>\n#3 0x56479fa2a901 <unknown>\n#4 0x56479fa798b4 <unknown>\n#5 0x56479fa76c87 <unknown>\n#6 0x56479fa1caca <unknown>\n#7 0x56479fa1d7d1 <unknown>\n#8 0x56479ff52ab9 <unknown>\n#9 0x56479ff55a8c <unknown>\n#10 0x56479ff3bd49 <unknown>\n#11 0x56479ff56685 <unknown>\n#12 0x56479ff236c3 <unknown>\n#13 0x56479ff787d8 <unknown>\n#14 0x56479ff789b3 <unknown>\n#15 0x56479ff8aa83 <unknown>\n#16 0x7f1fec09caa4 <unknown>\n#17 0x7f1fec129c6c <unknown>\n\n",
      "statusTrace" : "  File \"/opt/hostedtoolcache/Python/3.12.12/x64/lib/python3.12/site-packages/allure_commons/_allure.py\", line 192, in impl\n    return func(*a, **kw)\n           ^^^^^^^^^^^^^^\n  File \"/home/runner/work/auto-tests-python/auto-tests-python/pages/speech_exercises_page_en.py\", line 18, in select_group\n    text_of_the_button = self.element_is_present_and_clickable(selector_for_sub_group)\n                         ^^^^^^^^^^^^^^^^^^^^^^^^^^^^^^^^^^^^^^^^^^^^^^^^^^^^^^^^^^^^^\n  File \"/home/runner/work/auto-tests-python/auto-tests-python/pages/base_page.py\", line 40, in element_is_present_and_clickable\n    return (Wait(self.driver, self.timeout).until(\n            ^^^^^^^^^^^^^^^^^^^^^^^^^^^^^^^^^^^^^^\n  File \"/opt/hostedtoolcache/Python/3.12.12/x64/lib/python3.12/site-packages/selenium/webdriver/support/wait.py\", line 95, in until\n    raise TimeoutException(message, screen, stacktrace)\n",
      "steps" : [ {
        "name" : "Select Russian language. Click \"EN\" button.",
        "time" : {
          "start" : 1762074387088,
          "stop" : 1762074387164,
          "duration" : 76
        },
        "status" : "passed",
        "steps" : [ ],
        "attachments" : [ ],
        "parameters" : [ ],
        "stepsCount" : 0,
        "attachmentsCount" : 0,
        "shouldDisplayMessage" : false,
        "hasContent" : false
      }, {
        "name" : "Click button \"SPEECH EXERCISES\".",
        "time" : {
          "start" : 1762074387164,
          "stop" : 1762074387243,
          "duration" : 79
        },
        "status" : "passed",
        "steps" : [ ],
        "attachments" : [ ],
        "parameters" : [ ],
        "stepsCount" : 0,
        "attachmentsCount" : 0,
        "shouldDisplayMessage" : false,
        "hasContent" : false
      } ],
      "attachments" : [ ],
      "parameters" : [ {
        "name" : "selector_for_sub_group",
        "value" : "('xpath', '//button[@data-test-active-link=\"Similar phrases\"]')"
      } ],
      "stepsCount" : 2,
      "attachmentsCount" : 0,
      "shouldDisplayMessage" : true,
      "hasContent" : true
    } ],
    "attachments" : [ ],
    "parameters" : [ ],
    "stepsCount" : 3,
    "attachmentsCount" : 0,
    "shouldDisplayMessage" : true,
    "hasContent" : true
  },
  "afterStages" : [ {
    "name" : "driver::0",
    "time" : {
      "start" : 1762074397451,
      "stop" : 1762074397524,
      "duration" : 73
    },
    "status" : "passed",
    "steps" : [ ],
    "attachments" : [ ],
    "parameters" : [ ],
    "stepsCount" : 0,
    "attachmentsCount" : 0,
    "shouldDisplayMessage" : false,
    "hasContent" : false
  } ],
  "labels" : [ {
    "name" : "epic",
    "value" : "Speech exercises."
  }, {
    "name" : "suite",
    "value" : "Speech exercises EN."
  }, {
    "name" : "tag",
    "value" : "@pytest.mark.xfail"
  }, {
    "name" : "parentSuite",
    "value" : "tests"
  }, {
    "name" : "subSuite",
    "value" : "TestCardsEN"
  }, {
    "name" : "host",
    "value" : "runnervmf2e7y"
  }, {
    "name" : "thread",
    "value" : "2546-MainThread"
  }, {
    "name" : "framework",
    "value" : "pytest"
  }, {
    "name" : "language",
    "value" : "cpython3"
  }, {
    "name" : "package",
    "value" : "tests.test_speech_exercises_en"
  }, {
    "name" : "resultFormat",
    "value" : "allure2"
  } ],
  "parameters" : [ ],
  "links" : [ ],
  "hidden" : false,
  "retry" : false,
  "extra" : {
    "severity" : "normal",
    "retries" : [ ],
    "categories" : [ ],
    "history" : {
      "statistic" : {
        "failed" : 0,
        "broken" : 0,
        "skipped" : 360,
        "passed" : 4,
        "unknown" : 0,
        "total" : 364
      },
      "items" : [ {
        "uid" : "cdae657eac79aa2a",
        "reportUrl" : "https://Brain-up.github.io/auto-tests-python/730//#testresult/cdae657eac79aa2a",
        "status" : "skipped",
        "statusDetails" : "XFAIL\n\nselenium.common.exceptions.TimeoutException: Message: Can't find element by locator ('xpath', '//button[@data-test-active-link=\"Similar phrases\"]')\nStacktrace:\n#0 0x5567fff25aea <unknown>\n#1 0x5567ff971cdb <unknown>\n#2 0x5567ff9c46c4 <unknown>\n#3 0x5567ff9c4901 <unknown>\n#4 0x5567ffa138b4 <unknown>\n#5 0x5567ffa10c87 <unknown>\n#6 0x5567ff9b6aca <unknown>\n#7 0x5567ff9b77d1 <unknown>\n#8 0x5567ffeecab9 <unknown>\n#9 0x5567ffeefa8c <unknown>\n#10 0x5567ffed5d49 <unknown>\n#11 0x5567ffef0685 <unknown>\n#12 0x5567ffebd6c3 <unknown>\n#13 0x5567fff127d8 <unknown>\n#14 0x5567fff129b3 <unknown>\n#15 0x5567fff24a83 <unknown>\n#16 0x7f620729caa4 <unknown>\n#17 0x7f6207329c6c <unknown>",
        "time" : {
          "start" : 1761992780011,
          "stop" : 1761992790354,
          "duration" : 10343
        }
      }, {
        "uid" : "c2c8c2ea97f87a28",
        "reportUrl" : "https://Brain-up.github.io/auto-tests-python/729//#testresult/c2c8c2ea97f87a28",
        "status" : "skipped",
        "statusDetails" : "XFAIL\n\nselenium.common.exceptions.TimeoutException: Message: Can't find element by locator ('xpath', '//button[@data-test-active-link=\"Similar phrases\"]')\nStacktrace:\n#0 0x5638f4d1cfba <unknown>\n#1 0x5638f47a16d0 <unknown>\n#2 0x5638f47f32aa <unknown>\n#3 0x5638f47f3541 <unknown>\n#4 0x5638f48416c4 <unknown>\n#5 0x5638f4818e5d <unknown>\n#6 0x5638f483eb54 <unknown>\n#7 0x5638f4818c03 <unknown>\n#8 0x5638f47e57a8 <unknown>\n#9 0x5638f47e6421 <unknown>\n#10 0x5638f4ce1b28 <unknown>\n#11 0x5638f4ce587f <unknown>\n#12 0x5638f4cc9c49 <unknown>\n#13 0x5638f4ce6405 <unknown>\n#14 0x5638f4caf4ff <unknown>\n#15 0x5638f4d0a258 <unknown>\n#16 0x5638f4d0a432 <unknown>\n#17 0x5638f4d1bfa3 <unknown>\n#18 0x7fe29249caa4 <unknown>\n#19 0x7fe292529c6c <unknown>",
        "time" : {
          "start" : 1761907555714,
          "stop" : 1761907566075,
          "duration" : 10361
        }
      }, {
        "uid" : "b187367bf61ccd33",
        "reportUrl" : "https://Brain-up.github.io/auto-tests-python/728//#testresult/b187367bf61ccd33",
        "status" : "skipped",
        "statusDetails" : "XFAIL\n\nselenium.common.exceptions.TimeoutException: Message: Can't find element by locator ('xpath', '//button[@data-test-active-link=\"Similar phrases\"]')\nStacktrace:\n#0 0x564e82993fba <unknown>\n#1 0x564e824186d0 <unknown>\n#2 0x564e8246a2aa <unknown>\n#3 0x564e8246a541 <unknown>\n#4 0x564e824b86c4 <unknown>\n#5 0x564e8248fe5d <unknown>\n#6 0x564e824b5b54 <unknown>\n#7 0x564e8248fc03 <unknown>\n#8 0x564e8245c7a8 <unknown>\n#9 0x564e8245d421 <unknown>\n#10 0x564e82958b28 <unknown>\n#11 0x564e8295c87f <unknown>\n#12 0x564e82940c49 <unknown>\n#13 0x564e8295d405 <unknown>\n#14 0x564e829264ff <unknown>\n#15 0x564e82981258 <unknown>\n#16 0x564e82981432 <unknown>\n#17 0x564e82992fa3 <unknown>\n#18 0x7f598a69caa4 <unknown>\n#19 0x7f598a729c6c <unknown>",
        "time" : {
          "start" : 1761816917091,
          "stop" : 1761816927437,
          "duration" : 10346
        }
      }, {
        "uid" : "bc471cccba734825",
        "reportUrl" : "https://Brain-up.github.io/auto-tests-python/727//#testresult/bc471cccba734825",
        "status" : "skipped",
        "statusDetails" : "XFAIL\n\nselenium.common.exceptions.TimeoutException: Message: Can't find element by locator ('xpath', '//button[@data-test-active-link=\"Similar phrases\"]')\nStacktrace:\n#0 0x55c5db25ffba <unknown>\n#1 0x55c5dace46d0 <unknown>\n#2 0x55c5dad362aa <unknown>\n#3 0x55c5dad36541 <unknown>\n#4 0x55c5dad846c4 <unknown>\n#5 0x55c5dad5be5d <unknown>\n#6 0x55c5dad81b54 <unknown>\n#7 0x55c5dad5bc03 <unknown>\n#8 0x55c5dad287a8 <unknown>\n#9 0x55c5dad29421 <unknown>\n#10 0x55c5db224b28 <unknown>\n#11 0x55c5db22887f <unknown>\n#12 0x55c5db20cc49 <unknown>\n#13 0x55c5db229405 <unknown>\n#14 0x55c5db1f24ff <unknown>\n#15 0x55c5db24d258 <unknown>\n#16 0x55c5db24d432 <unknown>\n#17 0x55c5db25efa3 <unknown>\n#18 0x7f3faee9caa4 <unknown>\n#19 0x7f3faef29c6c <unknown>",
        "time" : {
          "start" : 1761731184818,
          "stop" : 1761731195160,
          "duration" : 10342
        }
      }, {
        "uid" : "6ad4eb3fd5bf533a",
        "reportUrl" : "https://Brain-up.github.io/auto-tests-python/726//#testresult/6ad4eb3fd5bf533a",
        "status" : "passed",
        "statusDetails" : "XPASS",
        "time" : {
          "start" : 1761650283856,
          "stop" : 1761650295220,
          "duration" : 11364
        }
      }, {
        "uid" : "9fd36584a1499c2d",
        "reportUrl" : "https://Brain-up.github.io/auto-tests-python/725//#testresult/9fd36584a1499c2d",
        "status" : "skipped",
        "statusDetails" : "XFAIL\n\nselenium.common.exceptions.TimeoutException: Message: Can't find element by locator ('xpath', '//button[@data-test-active-link=\"Similar phrases\"]')\nStacktrace:\n#0 0x56367a6d5fba <unknown>\n#1 0x56367a15a6d0 <unknown>\n#2 0x56367a1ac2aa <unknown>\n#3 0x56367a1ac541 <unknown>\n#4 0x56367a1fa6c4 <unknown>\n#5 0x56367a1d1e5d <unknown>\n#6 0x56367a1f7b54 <unknown>\n#7 0x56367a1d1c03 <unknown>\n#8 0x56367a19e7a8 <unknown>\n#9 0x56367a19f421 <unknown>\n#10 0x56367a69ab28 <unknown>\n#11 0x56367a69e87f <unknown>\n#12 0x56367a682c49 <unknown>\n#13 0x56367a69f405 <unknown>\n#14 0x56367a6684ff <unknown>\n#15 0x56367a6c3258 <unknown>\n#16 0x56367a6c3432 <unknown>\n#17 0x56367a6d4fa3 <unknown>\n#18 0x7fa5d989caa4 <unknown>\n#19 0x7fa5d9929c6c <unknown>",
        "time" : {
          "start" : 1761585378101,
          "stop" : 1761585388392,
          "duration" : 10291
        }
      }, {
        "uid" : "9126d0d7023ca886",
        "reportUrl" : "https://Brain-up.github.io/auto-tests-python/724//#testresult/9126d0d7023ca886",
        "status" : "skipped",
        "statusDetails" : "XFAIL\n\nselenium.common.exceptions.TimeoutException: Message: Can't find element by locator ('xpath', '//button[@data-test-active-link=\"Similar phrases\"]')\nStacktrace:\n#0 0x55c729a39fba <unknown>\n#1 0x55c7294be6d0 <unknown>\n#2 0x55c7295102aa <unknown>\n#3 0x55c729510541 <unknown>\n#4 0x55c72955e6c4 <unknown>\n#5 0x55c729535e5d <unknown>\n#6 0x55c72955bb54 <unknown>\n#7 0x55c729535c03 <unknown>\n#8 0x55c7295027a8 <unknown>\n#9 0x55c729503421 <unknown>\n#10 0x55c7299feb28 <unknown>\n#11 0x55c729a0287f <unknown>\n#12 0x55c7299e6c49 <unknown>\n#13 0x55c729a03405 <unknown>\n#14 0x55c7299cc4ff <unknown>\n#15 0x55c729a27258 <unknown>\n#16 0x55c729a27432 <unknown>\n#17 0x55c729a38fa3 <unknown>\n#18 0x7f0b16e9caa4 <unknown>\n#19 0x7f0b16f29c6c <unknown>",
        "time" : {
          "start" : 1761478668295,
          "stop" : 1761478678628,
          "duration" : 10333
        }
      }, {
        "uid" : "aa2cad794e1d1515",
        "reportUrl" : "https://Brain-up.github.io/auto-tests-python/723//#testresult/aa2cad794e1d1515",
        "status" : "skipped",
        "statusDetails" : "XFAIL\n\nselenium.common.exceptions.TimeoutException: Message: Can't find element by locator ('xpath', '//button[@data-test-active-link=\"Similar phrases\"]')\nStacktrace:\n#0 0x564bf81f1fba <unknown>\n#1 0x564bf7c766d0 <unknown>\n#2 0x564bf7cc82aa <unknown>\n#3 0x564bf7cc8541 <unknown>\n#4 0x564bf7d166c4 <unknown>\n#5 0x564bf7cede5d <unknown>\n#6 0x564bf7d13b54 <unknown>\n#7 0x564bf7cedc03 <unknown>\n#8 0x564bf7cba7a8 <unknown>\n#9 0x564bf7cbb421 <unknown>\n#10 0x564bf81b6b28 <unknown>\n#11 0x564bf81ba87f <unknown>\n#12 0x564bf819ec49 <unknown>\n#13 0x564bf81bb405 <unknown>\n#14 0x564bf81844ff <unknown>\n#15 0x564bf81df258 <unknown>\n#16 0x564bf81df432 <unknown>\n#17 0x564bf81f0fa3 <unknown>\n#18 0x7f947e69caa4 <unknown>\n#19 0x7f947e729c6c <unknown>",
        "time" : {
          "start" : 1761344423597,
          "stop" : 1761344433925,
          "duration" : 10328
        }
      }, {
        "uid" : "6c572ab290a88b96",
        "reportUrl" : "https://Brain-up.github.io/auto-tests-python/722//#testresult/6c572ab290a88b96",
        "status" : "skipped",
        "statusDetails" : "XFAIL\n\nselenium.common.exceptions.TimeoutException: Message: Can't find element by locator ('xpath', '//button[@data-test-active-link=\"Similar phrases\"]')\nStacktrace:\n#0 0x5617f68cafba <unknown>\n#1 0x5617f634f6d0 <unknown>\n#2 0x5617f63a12aa <unknown>\n#3 0x5617f63a1541 <unknown>\n#4 0x5617f63ef6c4 <unknown>\n#5 0x5617f63c6e5d <unknown>\n#6 0x5617f63ecb54 <unknown>\n#7 0x5617f63c6c03 <unknown>\n#8 0x5617f63937a8 <unknown>\n#9 0x5617f6394421 <unknown>\n#10 0x5617f688fb28 <unknown>\n#11 0x5617f689387f <unknown>\n#12 0x5617f6877c49 <unknown>\n#13 0x5617f6894405 <unknown>\n#14 0x5617f685d4ff <unknown>\n#15 0x5617f68b8258 <unknown>\n#16 0x5617f68b8432 <unknown>\n#17 0x5617f68c9fa3 <unknown>\n#18 0x7f76c369caa4 <unknown>\n#19 0x7f76c3729c6c <unknown>",
        "time" : {
          "start" : 1761339247396,
          "stop" : 1761339257742,
          "duration" : 10346
        }
      }, {
        "uid" : "8e7a6fafa410e5ff",
        "reportUrl" : "https://Brain-up.github.io/auto-tests-python/721//#testresult/8e7a6fafa410e5ff",
        "status" : "skipped",
        "statusDetails" : "XFAIL\n\nselenium.common.exceptions.TimeoutException: Message: Can't find element by locator ('xpath', '//button[@data-test-active-link=\"Similar phrases\"]')\nStacktrace:\n#0 0x563bfa153fba <unknown>\n#1 0x563bf9bd86d0 <unknown>\n#2 0x563bf9c2a2aa <unknown>\n#3 0x563bf9c2a541 <unknown>\n#4 0x563bf9c786c4 <unknown>\n#5 0x563bf9c4fe5d <unknown>\n#6 0x563bf9c75b54 <unknown>\n#7 0x563bf9c4fc03 <unknown>\n#8 0x563bf9c1c7a8 <unknown>\n#9 0x563bf9c1d421 <unknown>\n#10 0x563bfa118b28 <unknown>\n#11 0x563bfa11c87f <unknown>\n#12 0x563bfa100c49 <unknown>\n#13 0x563bfa11d405 <unknown>\n#14 0x563bfa0e64ff <unknown>\n#15 0x563bfa141258 <unknown>\n#16 0x563bfa141432 <unknown>\n#17 0x563bfa152fa3 <unknown>\n#18 0x7fb24bc9caa4 <unknown>\n#19 0x7fb24bd29c6c <unknown>",
        "time" : {
          "start" : 1761206458978,
          "stop" : 1761206469295,
          "duration" : 10317
        }
      }, {
        "uid" : "b905d600b5c383d6",
        "reportUrl" : "https://Brain-up.github.io/auto-tests-python/720//#testresult/b905d600b5c383d6",
        "status" : "skipped",
        "statusDetails" : "XFAIL\n\nselenium.common.exceptions.TimeoutException: Message: Can't find element by locator ('xpath', '//button[@data-test-active-link=\"Similar phrases\"]')\nStacktrace:\n#0 0x56504411ffba <unknown>\n#1 0x565043ba46d0 <unknown>\n#2 0x565043bf62aa <unknown>\n#3 0x565043bf6541 <unknown>\n#4 0x565043c446c4 <unknown>\n#5 0x565043c1be5d <unknown>\n#6 0x565043c41b54 <unknown>\n#7 0x565043c1bc03 <unknown>\n#8 0x565043be87a8 <unknown>\n#9 0x565043be9421 <unknown>\n#10 0x5650440e4b28 <unknown>\n#11 0x5650440e887f <unknown>\n#12 0x5650440ccc49 <unknown>\n#13 0x5650440e9405 <unknown>\n#14 0x5650440b24ff <unknown>\n#15 0x56504410d258 <unknown>\n#16 0x56504410d432 <unknown>\n#17 0x56504411efa3 <unknown>\n#18 0x7fb627a9caa4 <unknown>\n#19 0x7fb627b29c6c <unknown>",
        "time" : {
          "start" : 1761131471752,
          "stop" : 1761131482197,
          "duration" : 10445
        }
      }, {
        "uid" : "fa3483bf8f6003",
        "reportUrl" : "https://Brain-up.github.io/auto-tests-python/719//#testresult/fa3483bf8f6003",
        "status" : "skipped",
        "statusDetails" : "XFAIL\n\nselenium.common.exceptions.TimeoutException: Message: Can't find element by locator ('xpath', '//button[@data-test-active-link=\"Similar phrases\"]')\nStacktrace:\n#0 0x55f32ff6ffba <unknown>\n#1 0x55f32f9f46d0 <unknown>\n#2 0x55f32fa462aa <unknown>\n#3 0x55f32fa46541 <unknown>\n#4 0x55f32fa946c4 <unknown>\n#5 0x55f32fa6be5d <unknown>\n#6 0x55f32fa91b54 <unknown>\n#7 0x55f32fa6bc03 <unknown>\n#8 0x55f32fa387a8 <unknown>\n#9 0x55f32fa39421 <unknown>\n#10 0x55f32ff34b28 <unknown>\n#11 0x55f32ff3887f <unknown>\n#12 0x55f32ff1cc49 <unknown>\n#13 0x55f32ff39405 <unknown>\n#14 0x55f32ff024ff <unknown>\n#15 0x55f32ff5d258 <unknown>\n#16 0x55f32ff5d432 <unknown>\n#17 0x55f32ff6efa3 <unknown>\n#18 0x7f569269caa4 <unknown>\n#19 0x7f5692729c6c <unknown>",
        "time" : {
          "start" : 1761040044222,
          "stop" : 1761040054563,
          "duration" : 10341
        }
      }, {
        "uid" : "7556cd29d85b7b24",
        "reportUrl" : "https://Brain-up.github.io/auto-tests-python/718//#testresult/7556cd29d85b7b24",
        "status" : "skipped",
        "statusDetails" : "XFAIL\n\nselenium.common.exceptions.TimeoutException: Message: Can't find element by locator ('xpath', '//button[@data-test-active-link=\"Similar phrases\"]')\nStacktrace:\n#0 0x55eeef56c67a <unknown>\n#1 0x55eeeefeb566 <unknown>\n#2 0x55eeef03d68d <unknown>\n#3 0x55eeef03d921 <unknown>\n#4 0x55eeef08be94 <unknown>\n#5 0x55eeef06365d <unknown>\n#6 0x55eeef089328 <unknown>\n#7 0x55eeef063403 <unknown>\n#8 0x55eeef02fb02 <unknown>\n#9 0x55eeef0307c1 <unknown>\n#10 0x55eeef530448 <unknown>\n#11 0x55eeef5342af <unknown>\n#12 0x55eeef5178d9 <unknown>\n#13 0x55eeef534e55 <unknown>\n#14 0x55eeef4fd13f <unknown>\n#15 0x55eeef5594b8 <unknown>\n#16 0x55eeef559693 <unknown>\n#17 0x55eeef56b613 <unknown>\n#18 0x7f34c509caa4 <unknown>\n#19 0x7f34c5129c6c <unknown>",
        "time" : {
          "start" : 1760956739810,
          "stop" : 1760956750166,
          "duration" : 10356
        }
      }, {
        "uid" : "30a9ebcee6743ac4",
        "reportUrl" : "https://Brain-up.github.io/auto-tests-python/717//#testresult/30a9ebcee6743ac4",
        "status" : "skipped",
        "statusDetails" : "XFAIL\n\nselenium.common.exceptions.TimeoutException: Message: Can't find element by locator ('xpath', '//button[@data-test-active-link=\"Similar phrases\"]')\nStacktrace:\n#0 0x55d1685af67a <unknown>\n#1 0x55d16802e566 <unknown>\n#2 0x55d16808068d <unknown>\n#3 0x55d168080921 <unknown>\n#4 0x55d1680cee94 <unknown>\n#5 0x55d1680a665d <unknown>\n#6 0x55d1680cc328 <unknown>\n#7 0x55d1680a6403 <unknown>\n#8 0x55d168072b02 <unknown>\n#9 0x55d1680737c1 <unknown>\n#10 0x55d168573448 <unknown>\n#11 0x55d1685772af <unknown>\n#12 0x55d16855a8d9 <unknown>\n#13 0x55d168577e55 <unknown>\n#14 0x55d16854013f <unknown>\n#15 0x55d16859c4b8 <unknown>\n#16 0x55d16859c693 <unknown>\n#17 0x55d1685ae613 <unknown>\n#18 0x7ff7e8a9caa4 <unknown>\n#19 0x7ff7e8b29c6c <unknown>",
        "time" : {
          "start" : 1760876822047,
          "stop" : 1760876832403,
          "duration" : 10356
        }
      }, {
        "uid" : "ca744b348dc31c68",
        "reportUrl" : "https://Brain-up.github.io/auto-tests-python/716//#testresult/ca744b348dc31c68",
        "status" : "skipped",
        "statusDetails" : "XFAIL\n\nselenium.common.exceptions.TimeoutException: Message: Can't find element by locator ('xpath', '//button[@data-test-active-link=\"Similar phrases\"]')\nStacktrace:\n#0 0x55d29608a67a <unknown>\n#1 0x55d295b09566 <unknown>\n#2 0x55d295b5b68d <unknown>\n#3 0x55d295b5b921 <unknown>\n#4 0x55d295ba9e94 <unknown>\n#5 0x55d295b8165d <unknown>\n#6 0x55d295ba7328 <unknown>\n#7 0x55d295b81403 <unknown>\n#8 0x55d295b4db02 <unknown>\n#9 0x55d295b4e7c1 <unknown>\n#10 0x55d29604e448 <unknown>\n#11 0x55d2960522af <unknown>\n#12 0x55d2960358d9 <unknown>\n#13 0x55d296052e55 <unknown>\n#14 0x55d29601b13f <unknown>\n#15 0x55d2960774b8 <unknown>\n#16 0x55d296077693 <unknown>\n#17 0x55d296089613 <unknown>\n#18 0x7fdaa949caa4 <unknown>\n#19 0x7fdaa9529c6c <unknown>",
        "time" : {
          "start" : 1760786222447,
          "stop" : 1760786232827,
          "duration" : 10380
        }
      }, {
        "uid" : "191cb730d0142bb9",
        "reportUrl" : "https://Brain-up.github.io/auto-tests-python/715//#testresult/191cb730d0142bb9",
        "status" : "skipped",
        "statusDetails" : "XFAIL\n\nselenium.common.exceptions.TimeoutException: Message: Can't find element by locator ('xpath', '//button[@data-test-active-link=\"Similar phrases\"]')\nStacktrace:\n#0 0x55bdde152fba <unknown>\n#1 0x55bdddbd76d0 <unknown>\n#2 0x55bdddc292aa <unknown>\n#3 0x55bdddc29541 <unknown>\n#4 0x55bdddc776c4 <unknown>\n#5 0x55bdddc4ee5d <unknown>\n#6 0x55bdddc74b54 <unknown>\n#7 0x55bdddc4ec03 <unknown>\n#8 0x55bdddc1b7a8 <unknown>\n#9 0x55bdddc1c421 <unknown>\n#10 0x55bdde117b28 <unknown>\n#11 0x55bdde11b87f <unknown>\n#12 0x55bdde0ffc49 <unknown>\n#13 0x55bdde11c405 <unknown>\n#14 0x55bdde0e54ff <unknown>\n#15 0x55bdde140258 <unknown>\n#16 0x55bdde140432 <unknown>\n#17 0x55bdde151fa3 <unknown>\n#18 0x7fd5c089caa4 <unknown>\n#19 0x7fd5c0929c6c <unknown>",
        "time" : {
          "start" : 1760651941972,
          "stop" : 1760651952302,
          "duration" : 10330
        }
      }, {
        "uid" : "63a94e975b2580c2",
        "reportUrl" : "https://Brain-up.github.io/auto-tests-python/714//#testresult/63a94e975b2580c2",
        "status" : "skipped",
        "statusDetails" : "XFAIL\n\nselenium.common.exceptions.TimeoutException: Message: Can't find element by locator ('xpath', '//button[@data-test-active-link=\"Similar phrases\"]')\nStacktrace:\n#0 0x564b6020a67a <unknown>\n#1 0x564b5fc89566 <unknown>\n#2 0x564b5fcdb68d <unknown>\n#3 0x564b5fcdb921 <unknown>\n#4 0x564b5fd29e94 <unknown>\n#5 0x564b5fd0165d <unknown>\n#6 0x564b5fd27328 <unknown>\n#7 0x564b5fd01403 <unknown>\n#8 0x564b5fccdb02 <unknown>\n#9 0x564b5fcce7c1 <unknown>\n#10 0x564b601ce448 <unknown>\n#11 0x564b601d22af <unknown>\n#12 0x564b601b58d9 <unknown>\n#13 0x564b601d2e55 <unknown>\n#14 0x564b6019b13f <unknown>\n#15 0x564b601f74b8 <unknown>\n#16 0x564b601f7693 <unknown>\n#17 0x564b60209613 <unknown>\n#18 0x7f880ec9caa4 <unknown>\n#19 0x7f880ed29c6c <unknown>",
        "time" : {
          "start" : 1760647395677,
          "stop" : 1760647406053,
          "duration" : 10376
        }
      }, {
        "uid" : "7f37b92a5890a7d6",
        "reportUrl" : "https://Brain-up.github.io/auto-tests-python/713//#testresult/7f37b92a5890a7d6",
        "status" : "skipped",
        "statusDetails" : "XFAIL\n\nselenium.common.exceptions.TimeoutException: Message: Can't find element by locator ('xpath', '//button[@data-test-active-link=\"Similar phrases\"]')\nStacktrace:\n#0 0x563593231fba <unknown>\n#1 0x563592cb66d0 <unknown>\n#2 0x563592d082aa <unknown>\n#3 0x563592d08541 <unknown>\n#4 0x563592d566c4 <unknown>\n#5 0x563592d2de5d <unknown>\n#6 0x563592d53b54 <unknown>\n#7 0x563592d2dc03 <unknown>\n#8 0x563592cfa7a8 <unknown>\n#9 0x563592cfb421 <unknown>\n#10 0x5635931f6b28 <unknown>\n#11 0x5635931fa87f <unknown>\n#12 0x5635931dec49 <unknown>\n#13 0x5635931fb405 <unknown>\n#14 0x5635931c44ff <unknown>\n#15 0x56359321f258 <unknown>\n#16 0x56359321f432 <unknown>\n#17 0x563593230fa3 <unknown>\n#18 0x7f3ea969caa4 <unknown>\n#19 0x7f3ea9729c6c <unknown>",
        "time" : {
          "start" : 1760525463192,
          "stop" : 1760525473544,
          "duration" : 10352
        }
      }, {
        "uid" : "7a9f8a5f6d62e87c",
        "reportUrl" : "https://Brain-up.github.io/auto-tests-python/712//#testresult/7a9f8a5f6d62e87c",
        "status" : "skipped",
        "statusDetails" : "XFAIL\n\nselenium.common.exceptions.TimeoutException: Message: Can't find element by locator ('xpath', '//button[@data-test-active-link=\"Similar phrases\"]')\nStacktrace:\n#0 0x55dd61520fba <unknown>\n#1 0x55dd60fa56d0 <unknown>\n#2 0x55dd60ff72aa <unknown>\n#3 0x55dd60ff7541 <unknown>\n#4 0x55dd610456c4 <unknown>\n#5 0x55dd6101ce5d <unknown>\n#6 0x55dd61042b54 <unknown>\n#7 0x55dd6101cc03 <unknown>\n#8 0x55dd60fe97a8 <unknown>\n#9 0x55dd60fea421 <unknown>\n#10 0x55dd614e5b28 <unknown>\n#11 0x55dd614e987f <unknown>\n#12 0x55dd614cdc49 <unknown>\n#13 0x55dd614ea405 <unknown>\n#14 0x55dd614b34ff <unknown>\n#15 0x55dd6150e258 <unknown>\n#16 0x55dd6150e432 <unknown>\n#17 0x55dd6151ffa3 <unknown>\n#18 0x7fac3809caa4 <unknown>\n#19 0x7fac38129c6c <unknown>",
        "time" : {
          "start" : 1760437504066,
          "stop" : 1760437514429,
          "duration" : 10363
        }
      }, {
        "uid" : "e395ece6036c512a",
        "reportUrl" : "https://Brain-up.github.io/auto-tests-python/711//#testresult/e395ece6036c512a",
        "status" : "skipped",
        "statusDetails" : "XFAIL\n\nselenium.common.exceptions.TimeoutException: Message: Can't find element by locator ('xpath', '//button[@data-test-active-link=\"Similar phrases\"]')\nStacktrace:\n#0 0x5565006f1fba <unknown>\n#1 0x5565001766d0 <unknown>\n#2 0x5565001c82aa <unknown>\n#3 0x5565001c8541 <unknown>\n#4 0x5565002166c4 <unknown>\n#5 0x5565001ede5d <unknown>\n#6 0x556500213b54 <unknown>\n#7 0x5565001edc03 <unknown>\n#8 0x5565001ba7a8 <unknown>\n#9 0x5565001bb421 <unknown>\n#10 0x5565006b6b28 <unknown>\n#11 0x5565006ba87f <unknown>\n#12 0x55650069ec49 <unknown>\n#13 0x5565006bb405 <unknown>\n#14 0x5565006844ff <unknown>\n#15 0x5565006df258 <unknown>\n#16 0x5565006df432 <unknown>\n#17 0x5565006f0fa3 <unknown>\n#18 0x7fa16a29caa4 <unknown>\n#19 0x7fa16a329c6c <unknown>",
        "time" : {
          "start" : 1760305214134,
          "stop" : 1760305224498,
          "duration" : 10364
        }
      } ]
    },
    "tags" : [ "@pytest.mark.xfail" ]
  },
  "source" : "8bec9bb4c0f65b5b.json",
  "parameterValues" : [ ]
}