{"uid":"4389c831564a976a","name":"Solutions to a random task in the \"Слова Королёвой\" .","fullName":"tests.test_speech_exercises_ru.TestCardsRU#test_solve_koroleva_cards_ru","historyId":"c9fe4fbd9394e2fb5a6898be66ba433b","time":{"start":1764258273278,"stop":1764258283587,"duration":10309},"status":"skipped","statusMessage":"XFAIL\n\nselenium.common.exceptions.TimeoutException: Message: Can't find element by locator ('xpath', '//a[text()=\"Упражнения\"]')\nStacktrace:\n#0 0x55c0109fd32a <unknown>\n#1 0x55c010449e4b <unknown>\n#2 0x55c01049c82b <unknown>\n#3 0x55c01049ca61 <unknown>\n#4 0x55c0104eba44 <unknown>\n#5 0x55c0104e8df7 <unknown>\n#6 0x55c01048ec1a <unknown>\n#7 0x55c01048f921 <unknown>\n#8 0x55c0109c4239 <unknown>\n#9 0x55c0109c71e8 <unknown>\n#10 0x55c0109ad4c9 <unknown>\n#11 0x55c0109c7db5 <unknown>\n#12 0x55c010994e93 <unknown>\n#13 0x55c0109ea098 <unknown>\n#14 0x55c0109ea273 <unknown>\n#15 0x55c0109fc2c3 <unknown>\n#16 0x7fb38889caa4 <unknown>\n#17 0x7fb388929c6c <unknown>","statusTrace":"self = <tests.test_speech_exercises_ru.TestCardsRU object at 0x7f08a7f65c40>\ndriver = <selenium.webdriver.chrome.webdriver.WebDriver (session=\"4682a4afd266e8cbc8e42a95ac789e0c\")>\ndefault_user_authorized = None\n\n    @pytest.mark.xfail\n    @allure.suite(\"Речевые упражнения.\")\n    @allure.title('Solutions to a random task in the \"Слова Королёвой\" .')\n    def test_solve_koroleva_cards_ru(self, driver, default_user_authorized):\n        page = SpeechExercisesPageRU(driver)\n>       page.click_button_exercises()\n\ntests/test_speech_exercises_ru.py:144: \n_ _ _ _ _ _ _ _ _ _ _ _ _ _ _ _ _ _ _ _ _ _ _ _ _ _ _ _ _ _ _ _ _ _ _ _ _ _ _ _ \npages/speech_exercises_page_ru.py:199: in click_button_exercises\n    button = self.element_is_present_and_clickable(self.locators.AuthorizedUserHomePageLocators.BUTTON_EXERCISES_RU)\npages/base_page.py:40: in element_is_present_and_clickable\n    return (Wait(self.driver, self.timeout).until(\n_ _ _ _ _ _ _ _ _ _ _ _ _ _ _ _ _ _ _ _ _ _ _ _ _ _ _ _ _ _ _ _ _ _ _ _ _ _ _ _ \n\nself = <selenium.webdriver.support.wait.WebDriverWait (session=\"4682a4afd266e8cbc8e42a95ac789e0c\")>\nmethod = <function visibility_of_element_located.<locals>._predicate at 0x7f08a7ecf380>\nmessage = 'Can\\'t find element by locator (\\'xpath\\', \\'//a[text()=\"Упражнения\"]\\')'\n\n    def until(self, method, message: str = \"\"):\n        \"\"\"Calls the method provided with the driver as an argument until the \\\n        return value does not evaluate to ``False``.\n    \n        :param method: callable(WebDriver)\n        :param message: optional message for :exc:`TimeoutException`\n        :returns: the result of the last call to `method`\n        :raises: :exc:`selenium.common.exceptions.TimeoutException` if timeout occurs\n        \"\"\"\n        screen = None\n        stacktrace = None\n    \n        end_time = time.monotonic() + self._timeout\n        while True:\n            try:\n                value = method(self._driver)\n                if value:\n                    return value\n            except self._ignored_exceptions as exc:\n                screen = getattr(exc, \"screen\", None)\n                stacktrace = getattr(exc, \"stacktrace\", None)\n            time.sleep(self._poll)\n            if time.monotonic() > end_time:\n                break\n>       raise TimeoutException(message, screen, stacktrace)\nE       selenium.common.exceptions.TimeoutException: Message: Can't find element by locator ('xpath', '//a[text()=\"Упражнения\"]')\nE       Stacktrace:\nE       #0 0x55c0109fd32a <unknown>\nE       #1 0x55c010449e4b <unknown>\nE       #2 0x55c01049c82b <unknown>\nE       #3 0x55c01049ca61 <unknown>\nE       #4 0x55c0104eba44 <unknown>\nE       #5 0x55c0104e8df7 <unknown>\nE       #6 0x55c01048ec1a <unknown>\nE       #7 0x55c01048f921 <unknown>\nE       #8 0x55c0109c4239 <unknown>\nE       #9 0x55c0109c71e8 <unknown>\nE       #10 0x55c0109ad4c9 <unknown>\nE       #11 0x55c0109c7db5 <unknown>\nE       #12 0x55c010994e93 <unknown>\nE       #13 0x55c0109ea098 <unknown>\nE       #14 0x55c0109ea273 <unknown>\nE       #15 0x55c0109fc2c3 <unknown>\nE       #16 0x7fb38889caa4 <unknown>\nE       #17 0x7fb388929c6c <unknown>\n\n/opt/hostedtoolcache/Python/3.12.12/x64/lib/python3.12/site-packages/selenium/webdriver/support/wait.py:95: TimeoutException","flaky":false,"newFailed":false,"newBroken":false,"newPassed":false,"retriesCount":0,"retriesStatusChange":false,"beforeStages":[{"name":"clear_allure_results_folder","time":{"start":1764257059416,"stop":1764257059416,"duration":0},"status":"passed","steps":[],"attachments":[],"parameters":[],"stepsCount":0,"shouldDisplayMessage":false,"attachmentsCount":0,"hasContent":false,"attachmentStep":false},{"name":"driver","time":{"start":1764258267564,"stop":1764258268328,"duration":764},"status":"passed","steps":[],"attachments":[],"parameters":[],"stepsCount":0,"shouldDisplayMessage":false,"attachmentsCount":0,"hasContent":false,"attachmentStep":false},{"name":"main_page_open","time":{"start":1764258268328,"stop":1764258270871,"duration":2543},"status":"passed","steps":[{"name":"Open page: https://www.brainup.site/","time":{"start":1764258268328,"stop":1764258270871,"duration":2543},"status":"passed","steps":[],"attachments":[],"parameters":[{"name":"driver","value":"<selenium.webdriver.chrome.webdriver.WebDriver (session=\"4682a4afd266e8cbc8e42a95ac789e0c\")>"}],"stepsCount":0,"shouldDisplayMessage":false,"attachmentsCount":0,"hasContent":true,"attachmentStep":false}],"attachments":[],"parameters":[],"stepsCount":1,"shouldDisplayMessage":false,"attachmentsCount":0,"hasContent":true,"attachmentStep":false},{"name":"default_user_authorized","time":{"start":1764258270871,"stop":1764258273277,"duration":2406},"status":"passed","steps":[{"name":"DEFAULT user authorized","time":{"start":1764258270872,"stop":1764258273277,"duration":2405},"status":"passed","steps":[{"name":"Check url is present: https://www.brainup.site/groups","time":{"start":1764258271236,"stop":1764258273254,"duration":2018},"status":"passed","steps":[],"attachments":[],"parameters":[],"stepsCount":0,"shouldDisplayMessage":false,"attachmentsCount":0,"hasContent":false,"attachmentStep":false},{"name":"Loader checking","time":{"start":1764258273254,"stop":1764258273277,"duration":23},"status":"passed","steps":[],"attachments":[],"parameters":[],"stepsCount":0,"shouldDisplayMessage":false,"attachmentsCount":0,"hasContent":false,"attachmentStep":false}],"attachments":[],"parameters":[{"name":"driver","value":"<selenium.webdriver.chrome.webdriver.WebDriver (session=\"4682a4afd266e8cbc8e42a95ac789e0c\")>"},{"name":"main_page_open","value":"None"}],"stepsCount":2,"shouldDisplayMessage":false,"attachmentsCount":0,"hasContent":true,"attachmentStep":false}],"attachments":[],"parameters":[],"stepsCount":3,"shouldDisplayMessage":false,"attachmentsCount":0,"hasContent":true,"attachmentStep":false}],"testStage":{"status":"skipped","statusMessage":"XFAIL\n\nselenium.common.exceptions.TimeoutException: Message: Can't find element by locator ('xpath', '//a[text()=\"Упражнения\"]')\nStacktrace:\n#0 0x55c0109fd32a <unknown>\n#1 0x55c010449e4b <unknown>\n#2 0x55c01049c82b <unknown>\n#3 0x55c01049ca61 <unknown>\n#4 0x55c0104eba44 <unknown>\n#5 0x55c0104e8df7 <unknown>\n#6 0x55c01048ec1a <unknown>\n#7 0x55c01048f921 <unknown>\n#8 0x55c0109c4239 <unknown>\n#9 0x55c0109c71e8 <unknown>\n#10 0x55c0109ad4c9 <unknown>\n#11 0x55c0109c7db5 <unknown>\n#12 0x55c010994e93 <unknown>\n#13 0x55c0109ea098 <unknown>\n#14 0x55c0109ea273 <unknown>\n#15 0x55c0109fc2c3 <unknown>\n#16 0x7fb38889caa4 <unknown>\n#17 0x7fb388929c6c <unknown>","statusTrace":"self = <tests.test_speech_exercises_ru.TestCardsRU object at 0x7f08a7f65c40>\ndriver = <selenium.webdriver.chrome.webdriver.WebDriver (session=\"4682a4afd266e8cbc8e42a95ac789e0c\")>\ndefault_user_authorized = None\n\n    @pytest.mark.xfail\n    @allure.suite(\"Речевые упражнения.\")\n    @allure.title('Solutions to a random task in the \"Слова Королёвой\" .')\n    def test_solve_koroleva_cards_ru(self, driver, default_user_authorized):\n        page = SpeechExercisesPageRU(driver)\n>       page.click_button_exercises()\n\ntests/test_speech_exercises_ru.py:144: \n_ _ _ _ _ _ _ _ _ _ _ _ _ _ _ _ _ _ _ _ _ _ _ _ _ _ _ _ _ _ _ _ _ _ _ _ _ _ _ _ \npages/speech_exercises_page_ru.py:199: in click_button_exercises\n    button = self.element_is_present_and_clickable(self.locators.AuthorizedUserHomePageLocators.BUTTON_EXERCISES_RU)\npages/base_page.py:40: in element_is_present_and_clickable\n    return (Wait(self.driver, self.timeout).until(\n_ _ _ _ _ _ _ _ _ _ _ _ _ _ _ _ _ _ _ _ _ _ _ _ _ _ _ _ _ _ _ _ _ _ _ _ _ _ _ _ \n\nself = <selenium.webdriver.support.wait.WebDriverWait (session=\"4682a4afd266e8cbc8e42a95ac789e0c\")>\nmethod = <function visibility_of_element_located.<locals>._predicate at 0x7f08a7ecf380>\nmessage = 'Can\\'t find element by locator (\\'xpath\\', \\'//a[text()=\"Упражнения\"]\\')'\n\n    def until(self, method, message: str = \"\"):\n        \"\"\"Calls the method provided with the driver as an argument until the \\\n        return value does not evaluate to ``False``.\n    \n        :param method: callable(WebDriver)\n        :param message: optional message for :exc:`TimeoutException`\n        :returns: the result of the last call to `method`\n        :raises: :exc:`selenium.common.exceptions.TimeoutException` if timeout occurs\n        \"\"\"\n        screen = None\n        stacktrace = None\n    \n        end_time = time.monotonic() + self._timeout\n        while True:\n            try:\n                value = method(self._driver)\n                if value:\n                    return value\n            except self._ignored_exceptions as exc:\n                screen = getattr(exc, \"screen\", None)\n                stacktrace = getattr(exc, \"stacktrace\", None)\n            time.sleep(self._poll)\n            if time.monotonic() > end_time:\n                break\n>       raise TimeoutException(message, screen, stacktrace)\nE       selenium.common.exceptions.TimeoutException: Message: Can't find element by locator ('xpath', '//a[text()=\"Упражнения\"]')\nE       Stacktrace:\nE       #0 0x55c0109fd32a <unknown>\nE       #1 0x55c010449e4b <unknown>\nE       #2 0x55c01049c82b <unknown>\nE       #3 0x55c01049ca61 <unknown>\nE       #4 0x55c0104eba44 <unknown>\nE       #5 0x55c0104e8df7 <unknown>\nE       #6 0x55c01048ec1a <unknown>\nE       #7 0x55c01048f921 <unknown>\nE       #8 0x55c0109c4239 <unknown>\nE       #9 0x55c0109c71e8 <unknown>\nE       #10 0x55c0109ad4c9 <unknown>\nE       #11 0x55c0109c7db5 <unknown>\nE       #12 0x55c010994e93 <unknown>\nE       #13 0x55c0109ea098 <unknown>\nE       #14 0x55c0109ea273 <unknown>\nE       #15 0x55c0109fc2c3 <unknown>\nE       #16 0x7fb38889caa4 <unknown>\nE       #17 0x7fb388929c6c <unknown>\n\n/opt/hostedtoolcache/Python/3.12.12/x64/lib/python3.12/site-packages/selenium/webdriver/support/wait.py:95: TimeoutException","steps":[{"name":"Click button \"Упражнения\".","time":{"start":1764258273278,"stop":1764258283587,"duration":10309},"status":"broken","statusMessage":"selenium.common.exceptions.TimeoutException: Message: Can't find element by locator ('xpath', '//a[text()=\"Упражнения\"]')\nStacktrace:\n#0 0x55c0109fd32a <unknown>\n#1 0x55c010449e4b <unknown>\n#2 0x55c01049c82b <unknown>\n#3 0x55c01049ca61 <unknown>\n#4 0x55c0104eba44 <unknown>\n#5 0x55c0104e8df7 <unknown>\n#6 0x55c01048ec1a <unknown>\n#7 0x55c01048f921 <unknown>\n#8 0x55c0109c4239 <unknown>\n#9 0x55c0109c71e8 <unknown>\n#10 0x55c0109ad4c9 <unknown>\n#11 0x55c0109c7db5 <unknown>\n#12 0x55c010994e93 <unknown>\n#13 0x55c0109ea098 <unknown>\n#14 0x55c0109ea273 <unknown>\n#15 0x55c0109fc2c3 <unknown>\n#16 0x7fb38889caa4 <unknown>\n#17 0x7fb388929c6c <unknown>\n\n","statusTrace":"  File \"/opt/hostedtoolcache/Python/3.12.12/x64/lib/python3.12/site-packages/allure_commons/_allure.py\", line 192, in impl\n    return func(*a, **kw)\n           ^^^^^^^^^^^^^^\n  File \"/home/runner/work/auto-tests-python/auto-tests-python/pages/speech_exercises_page_ru.py\", line 199, in click_button_exercises\n    button = self.element_is_present_and_clickable(self.locators.AuthorizedUserHomePageLocators.BUTTON_EXERCISES_RU)\n             ^^^^^^^^^^^^^^^^^^^^^^^^^^^^^^^^^^^^^^^^^^^^^^^^^^^^^^^^^^^^^^^^^^^^^^^^^^^^^^^^^^^^^^^^^^^^^^^^^^^^^^^\n  File \"/home/runner/work/auto-tests-python/auto-tests-python/pages/base_page.py\", line 40, in element_is_present_and_clickable\n    return (Wait(self.driver, self.timeout).until(\n            ^^^^^^^^^^^^^^^^^^^^^^^^^^^^^^^^^^^^^^\n  File \"/opt/hostedtoolcache/Python/3.12.12/x64/lib/python3.12/site-packages/selenium/webdriver/support/wait.py\", line 95, in until\n    raise TimeoutException(message, screen, stacktrace)\n","steps":[{"name":"Click button \"RU\".","time":{"start":1764258273278,"stop":1764258273348,"duration":70},"status":"passed","steps":[],"attachments":[],"parameters":[],"stepsCount":0,"shouldDisplayMessage":false,"attachmentsCount":0,"hasContent":false,"attachmentStep":false}],"attachments":[],"parameters":[],"stepsCount":1,"shouldDisplayMessage":true,"attachmentsCount":0,"hasContent":true,"attachmentStep":false}],"attachments":[],"parameters":[],"stepsCount":2,"shouldDisplayMessage":true,"attachmentsCount":0,"hasContent":true,"attachmentStep":false},"afterStages":[{"name":"driver::0","time":{"start":1764258283601,"stop":1764258283670,"duration":69},"status":"passed","steps":[],"attachments":[],"parameters":[],"stepsCount":0,"shouldDisplayMessage":false,"attachmentsCount":0,"hasContent":false,"attachmentStep":false}],"labels":[{"name":"suite","value":"Речевые упражнения."},{"name":"epic","value":"Speech exercises."},{"name":"tag","value":"@pytest.mark.xfail"},{"name":"parentSuite","value":"tests"},{"name":"subSuite","value":"TestCardsRU"},{"name":"host","value":"runnervmg1sw1"},{"name":"thread","value":"2575-MainThread"},{"name":"framework","value":"pytest"},{"name":"language","value":"cpython3"},{"name":"package","value":"tests.test_speech_exercises_ru"},{"name":"resultFormat","value":"allure2"}],"parameters":[],"links":[],"hidden":false,"retry":false,"extra":{"severity":"normal","retries":[],"categories":[],"history":{"statistic":{"failed":0,"broken":0,"skipped":21,"passed":5,"unknown":0,"total":26},"items":[{"uid":"2069ea536ecfdbad","reportUrl":"https://Brain-up.github.io/auto-tests-python/759/#testresult/2069ea536ecfdbad","status":"passed","statusDetails":"XPASS","time":{"start":1764069882063,"stop":1764069906427,"duration":24364}},{"uid":"ce576d6eb598fe7c","reportUrl":"https://Brain-up.github.io/auto-tests-python/758/#testresult/ce576d6eb598fe7c","status":"skipped","statusDetails":"XFAIL\n\nselenium.common.exceptions.TimeoutException: Message: Can't find element by locator ('xpath', '//a[text()=\"Упражнения\"]')\nStacktrace:\n#0 0x558843b7b32a <unknown>\n#1 0x5588435c7e4b <unknown>\n#2 0x55884361a82b <unknown>\n#3 0x55884361aa61 <unknown>\n#4 0x558843669a44 <unknown>\n#5 0x558843666df7 <unknown>\n#6 0x55884360cc1a <unknown>\n#7 0x55884360d921 <unknown>\n#8 0x558843b42239 <unknown>\n#9 0x558843b451e8 <unknown>\n#10 0x558843b2b4c9 <unknown>\n#11 0x558843b45db5 <unknown>\n#12 0x558843b12e93 <unknown>\n#13 0x558843b68098 <unknown>\n#14 0x558843b68273 <unknown>\n#15 0x558843b7a2c3 <unknown>\n#16 0x7f09fee9caa4 <unknown>\n#17 0x7f09fef29c6c <unknown>","time":{"start":1764011714733,"stop":1764011725138,"duration":10405}},{"uid":"e97feb92909950ff","reportUrl":"https://Brain-up.github.io/auto-tests-python/757/#testresult/e97feb92909950ff","status":"skipped","statusDetails":"XFAIL\n\nselenium.common.exceptions.TimeoutException: Message: Can't find element by locator ('xpath', '//a[text()=\"Упражнения\"]')\nStacktrace:\n#0 0x5620f8b6632a <unknown>\n#1 0x5620f85b2e4b <unknown>\n#2 0x5620f860582b <unknown>\n#3 0x5620f8605a61 <unknown>\n#4 0x5620f8654a44 <unknown>\n#5 0x5620f8651df7 <unknown>\n#6 0x5620f85f7c1a <unknown>\n#7 0x5620f85f8921 <unknown>\n#8 0x5620f8b2d239 <unknown>\n#9 0x5620f8b301e8 <unknown>\n#10 0x5620f8b164c9 <unknown>\n#11 0x5620f8b30db5 <unknown>\n#12 0x5620f8afde93 <unknown>\n#13 0x5620f8b53098 <unknown>\n#14 0x5620f8b53273 <unknown>\n#15 0x5620f8b652c3 <unknown>\n#16 0x7f6a25e9caa4 <unknown>\n#17 0x7f6a25f29c6c <unknown>","time":{"start":1763904289254,"stop":1763904299499,"duration":10245}},{"uid":"65b1c40adbba1aa0","reportUrl":"https://Brain-up.github.io/auto-tests-python/756/#testresult/65b1c40adbba1aa0","status":"skipped","statusDetails":"XFAIL\n\nselenium.common.exceptions.TimeoutException: Message: Can't find element by locator ('xpath', '//a[text()=\"Упражнения\"]')\nStacktrace:\n#0 0x555603fdc32a <unknown>\n#1 0x555603a28e4b <unknown>\n#2 0x555603a7b82b <unknown>\n#3 0x555603a7ba61 <unknown>\n#4 0x555603acaa44 <unknown>\n#5 0x555603ac7df7 <unknown>\n#6 0x555603a6dc1a <unknown>\n#7 0x555603a6e921 <unknown>\n#8 0x555603fa3239 <unknown>\n#9 0x555603fa61e8 <unknown>\n#10 0x555603f8c4c9 <unknown>\n#11 0x555603fa6db5 <unknown>\n#12 0x555603f73e93 <unknown>\n#13 0x555603fc9098 <unknown>\n#14 0x555603fc9273 <unknown>\n#15 0x555603fdb2c3 <unknown>\n#16 0x7fd17529caa4 <unknown>\n#17 0x7fd175329c6c <unknown>","time":{"start":1763826146694,"stop":1763826157008,"duration":10314}},{"uid":"9ae8da521b4a07f1","reportUrl":"https://Brain-up.github.io/auto-tests-python/755/#testresult/9ae8da521b4a07f1","status":"skipped","statusDetails":"XFAIL\n\nselenium.common.exceptions.TimeoutException: Message: Can't find element by locator ('xpath', '//a[text()=\"Упражнения\"]')\nStacktrace:\n#0 0x560e9fdb432a <unknown>\n#1 0x560e9f800e4b <unknown>\n#2 0x560e9f85382b <unknown>\n#3 0x560e9f853a61 <unknown>\n#4 0x560e9f8a2a44 <unknown>\n#5 0x560e9f89fdf7 <unknown>\n#6 0x560e9f845c1a <unknown>\n#7 0x560e9f846921 <unknown>\n#8 0x560e9fd7b239 <unknown>\n#9 0x560e9fd7e1e8 <unknown>\n#10 0x560e9fd644c9 <unknown>\n#11 0x560e9fd7edb5 <unknown>\n#12 0x560e9fd4be93 <unknown>\n#13 0x560e9fda1098 <unknown>\n#14 0x560e9fda1273 <unknown>\n#15 0x560e9fdb32c3 <unknown>\n#16 0x7f99cee9caa4 <unknown>\n#17 0x7f99cef29c6c <unknown>","time":{"start":1763700822295,"stop":1763700832620,"duration":10325}},{"uid":"2454e07953c0cbe5","reportUrl":"https://Brain-up.github.io/auto-tests-python/754/#testresult/2454e07953c0cbe5","status":"skipped","statusDetails":"XFAIL\n\nselenium.common.exceptions.TimeoutException: Message: Can't find element by locator ('xpath', '//a[text()=\"Упражнения\"]')\nStacktrace:\n#0 0x564fd4ad432a <unknown>\n#1 0x564fd4520e4b <unknown>\n#2 0x564fd457382b <unknown>\n#3 0x564fd4573a61 <unknown>\n#4 0x564fd45c2a44 <unknown>\n#5 0x564fd45bfdf7 <unknown>\n#6 0x564fd4565c1a <unknown>\n#7 0x564fd4566921 <unknown>\n#8 0x564fd4a9b239 <unknown>\n#9 0x564fd4a9e1e8 <unknown>\n#10 0x564fd4a844c9 <unknown>\n#11 0x564fd4a9edb5 <unknown>\n#12 0x564fd4a6be93 <unknown>\n#13 0x564fd4ac1098 <unknown>\n#14 0x564fd4ac1273 <unknown>\n#15 0x564fd4ad32c3 <unknown>\n#16 0x7f09cb29caa4 <unknown>\n#17 0x7f09cb329c6c <unknown>","time":{"start":1763644215893,"stop":1763644226217,"duration":10324}},{"uid":"959a1031ccf5cec7","reportUrl":"https://Brain-up.github.io/auto-tests-python/753/#testresult/959a1031ccf5cec7","status":"passed","statusDetails":"XPASS","time":{"start":1763553446310,"stop":1763553493288,"duration":46978}},{"uid":"ed74f003d3cb84b0","reportUrl":"https://Brain-up.github.io/auto-tests-python/752/#testresult/ed74f003d3cb84b0","status":"skipped","statusDetails":"XFAIL\n\nselenium.common.exceptions.TimeoutException: Message: Can't find element by locator ('xpath', '//a[text()=\"Упражнения\"]')\nStacktrace:\n#0 0x564079f4332a <unknown>\n#1 0x56407998fe4b <unknown>\n#2 0x5640799e282b <unknown>\n#3 0x5640799e2a61 <unknown>\n#4 0x564079a31a44 <unknown>\n#5 0x564079a2edf7 <unknown>\n#6 0x5640799d4c1a <unknown>\n#7 0x5640799d5921 <unknown>\n#8 0x564079f0a239 <unknown>\n#9 0x564079f0d1e8 <unknown>\n#10 0x564079ef34c9 <unknown>\n#11 0x564079f0ddb5 <unknown>\n#12 0x564079edae93 <unknown>\n#13 0x564079f30098 <unknown>\n#14 0x564079f30273 <unknown>\n#15 0x564079f422c3 <unknown>\n#16 0x7f41db49caa4 <unknown>\n#17 0x7f41db529c6c <unknown>","time":{"start":1763463992865,"stop":1763464003175,"duration":10310}},{"uid":"dc57ced54c17fb0e","reportUrl":"https://Brain-up.github.io/auto-tests-python/751/#testresult/dc57ced54c17fb0e","status":"passed","statusDetails":"XPASS","time":{"start":1763379939865,"stop":1763380164975,"duration":225110}},{"uid":"6b0a28ab040e3d6","reportUrl":"https://Brain-up.github.io/auto-tests-python/750/#testresult/6b0a28ab040e3d6","status":"skipped","statusDetails":"XFAIL\n\nselenium.common.exceptions.TimeoutException: Message: Can't find element by locator ('xpath', '//a[text()=\"Упражнения\"]')\nStacktrace:\n#0 0x5627c2db532a <unknown>\n#1 0x5627c2801e4b <unknown>\n#2 0x5627c285482b <unknown>\n#3 0x5627c2854a61 <unknown>\n#4 0x5627c28a3a44 <unknown>\n#5 0x5627c28a0df7 <unknown>\n#6 0x5627c2846c1a <unknown>\n#7 0x5627c2847921 <unknown>\n#8 0x5627c2d7c239 <unknown>\n#9 0x5627c2d7f1e8 <unknown>\n#10 0x5627c2d654c9 <unknown>\n#11 0x5627c2d7fdb5 <unknown>\n#12 0x5627c2d4ce93 <unknown>\n#13 0x5627c2da2098 <unknown>\n#14 0x5627c2da2273 <unknown>\n#15 0x5627c2db42c3 <unknown>\n#16 0x7f1a2389caa4 <unknown>\n#17 0x7f1a23929c6c <unknown>","time":{"start":1763296233713,"stop":1763296244099,"duration":10386}},{"uid":"9526a2e674eda09e","reportUrl":"https://Brain-up.github.io/auto-tests-python/749/#testresult/9526a2e674eda09e","status":"skipped","statusDetails":"XFAIL\n\nselenium.common.exceptions.TimeoutException: Message: Can't find element by locator ('xpath', '//a[text()=\"Упражнения\"]')\nStacktrace:\n#0 0x55bb6298c32a <unknown>\n#1 0x55bb623d8e4b <unknown>\n#2 0x55bb6242b82b <unknown>\n#3 0x55bb6242ba61 <unknown>\n#4 0x55bb6247aa44 <unknown>\n#5 0x55bb62477df7 <unknown>\n#6 0x55bb6241dc1a <unknown>\n#7 0x55bb6241e921 <unknown>\n#8 0x55bb62953239 <unknown>\n#9 0x55bb629561e8 <unknown>\n#10 0x55bb6293c4c9 <unknown>\n#11 0x55bb62956db5 <unknown>\n#12 0x55bb62923e93 <unknown>\n#13 0x55bb62979098 <unknown>\n#14 0x55bb62979273 <unknown>\n#15 0x55bb6298b2c3 <unknown>\n#16 0x7fb42e69caa4 <unknown>\n#17 0x7fb42e729c6c <unknown>","time":{"start":1763199873408,"stop":1763199883716,"duration":10308}},{"uid":"b2252bf331209a09","reportUrl":"https://Brain-up.github.io/auto-tests-python/748/#testresult/b2252bf331209a09","status":"passed","statusDetails":"XPASS","time":{"start":1763121135370,"stop":1763121157152,"duration":21782}},{"uid":"d86e999355f58c10","reportUrl":"https://Brain-up.github.io/auto-tests-python/747/#testresult/d86e999355f58c10","status":"skipped","statusDetails":"XFAIL\n\nselenium.common.exceptions.TimeoutException: Message: Can't find element by locator ('xpath', '//a[text()=\"Упражнения\"]')\nStacktrace:\n#0 0x561110ec0aea <unknown>\n#1 0x56111090ccdb <unknown>\n#2 0x56111095f6c4 <unknown>\n#3 0x56111095f901 <unknown>\n#4 0x5611109ae8b4 <unknown>\n#5 0x5611109abc87 <unknown>\n#6 0x561110951aca <unknown>\n#7 0x5611109527d1 <unknown>\n#8 0x561110e87ab9 <unknown>\n#9 0x561110e8aa8c <unknown>\n#10 0x561110e70d49 <unknown>\n#11 0x561110e8b685 <unknown>\n#12 0x561110e586c3 <unknown>\n#13 0x561110ead7d8 <unknown>\n#14 0x561110ead9b3 <unknown>\n#15 0x561110ebfa83 <unknown>\n#16 0x7f2c4769caa4 <unknown>\n#17 0x7f2c47729c6c <unknown>","time":{"start":1763039494090,"stop":1763039504396,"duration":10306}},{"uid":"faf7499547993840","reportUrl":"https://Brain-up.github.io/auto-tests-python/746/#testresult/faf7499547993840","status":"skipped","statusDetails":"XFAIL\n\nselenium.common.exceptions.TimeoutException: Message: Can't find element by locator ('xpath', '//a[text()=\"Упражнения\"]')\nStacktrace:\n#0 0x5570d999faea <unknown>\n#1 0x5570d93ebcdb <unknown>\n#2 0x5570d943e6c4 <unknown>\n#3 0x5570d943e901 <unknown>\n#4 0x5570d948d8b4 <unknown>\n#5 0x5570d948ac87 <unknown>\n#6 0x5570d9430aca <unknown>\n#7 0x5570d94317d1 <unknown>\n#8 0x5570d9966ab9 <unknown>\n#9 0x5570d9969a8c <unknown>\n#10 0x5570d994fd49 <unknown>\n#11 0x5570d996a685 <unknown>\n#12 0x5570d99376c3 <unknown>\n#13 0x5570d998c7d8 <unknown>\n#14 0x5570d998c9b3 <unknown>\n#15 0x5570d999ea83 <unknown>\n#16 0x7fc12e69caa4 <unknown>\n#17 0x7fc12e729c6c <unknown>","time":{"start":1762956354409,"stop":1762956364716,"duration":10307}},{"uid":"65be23405c8a06e7","reportUrl":"https://Brain-up.github.io/auto-tests-python/745/#testresult/65be23405c8a06e7","status":"skipped","statusDetails":"XFAIL\n\nselenium.common.exceptions.TimeoutException: Message: Can't find element by locator ('xpath', '//a[text()=\"Упражнения\"]')\nStacktrace:\n#0 0x55fa3414caea <unknown>\n#1 0x55fa33b98cdb <unknown>\n#2 0x55fa33beb6c4 <unknown>\n#3 0x55fa33beb901 <unknown>\n#4 0x55fa33c3a8b4 <unknown>\n#5 0x55fa33c37c87 <unknown>\n#6 0x55fa33bddaca <unknown>\n#7 0x55fa33bde7d1 <unknown>\n#8 0x55fa34113ab9 <unknown>\n#9 0x55fa34116a8c <unknown>\n#10 0x55fa340fcd49 <unknown>\n#11 0x55fa34117685 <unknown>\n#12 0x55fa340e46c3 <unknown>\n#13 0x55fa341397d8 <unknown>\n#14 0x55fa341399b3 <unknown>\n#15 0x55fa3414ba83 <unknown>\n#16 0x7f044989caa4 <unknown>\n#17 0x7f0449929c6c <unknown>","time":{"start":1762852073332,"stop":1762852083669,"duration":10337}},{"uid":"381c2f99dd9db859","reportUrl":"https://Brain-up.github.io/auto-tests-python/744/#testresult/381c2f99dd9db859","status":"skipped","statusDetails":"XFAIL\n\nselenium.common.exceptions.TimeoutException: Message: Can't find element by locator ('xpath', '//a[text()=\"Упражнения\"]')\nStacktrace:\n#0 0x55d5ca550aea <unknown>\n#1 0x55d5c9f9ccdb <unknown>\n#2 0x55d5c9fef6c4 <unknown>\n#3 0x55d5c9fef901 <unknown>\n#4 0x55d5ca03e8b4 <unknown>\n#5 0x55d5ca03bc87 <unknown>\n#6 0x55d5c9fe1aca <unknown>\n#7 0x55d5c9fe27d1 <unknown>\n#8 0x55d5ca517ab9 <unknown>\n#9 0x55d5ca51aa8c <unknown>\n#10 0x55d5ca500d49 <unknown>\n#11 0x55d5ca51b685 <unknown>\n#12 0x55d5ca4e86c3 <unknown>\n#13 0x55d5ca53d7d8 <unknown>\n#14 0x55d5ca53d9b3 <unknown>\n#15 0x55d5ca54fa83 <unknown>\n#16 0x7f1dece9caa4 <unknown>\n#17 0x7f1decf29c6c <unknown>","time":{"start":1762772762738,"stop":1762772773054,"duration":10316}},{"uid":"3da3eea3c242e005","reportUrl":"https://Brain-up.github.io/auto-tests-python/743/#testresult/3da3eea3c242e005","status":"skipped","statusDetails":"XFAIL\n\nselenium.common.exceptions.TimeoutException: Message: Can't find element by locator ('xpath', '//a[text()=\"Упражнения\"]')\nStacktrace:\n#0 0x562db7b95aea <unknown>\n#1 0x562db75e1cdb <unknown>\n#2 0x562db76346c4 <unknown>\n#3 0x562db7634901 <unknown>\n#4 0x562db76838b4 <unknown>\n#5 0x562db7680c87 <unknown>\n#6 0x562db7626aca <unknown>\n#7 0x562db76277d1 <unknown>\n#8 0x562db7b5cab9 <unknown>\n#9 0x562db7b5fa8c <unknown>\n#10 0x562db7b45d49 <unknown>\n#11 0x562db7b60685 <unknown>\n#12 0x562db7b2d6c3 <unknown>\n#13 0x562db7b827d8 <unknown>\n#14 0x562db7b829b3 <unknown>\n#15 0x562db7b94a83 <unknown>\n#16 0x7f814ba9caa4 <unknown>\n#17 0x7f814bb29c6c <unknown>","time":{"start":1762680471266,"stop":1762680481571,"duration":10305}},{"uid":"d43332f9ee7eefdc","reportUrl":"https://Brain-up.github.io/auto-tests-python/742/#testresult/d43332f9ee7eefdc","status":"skipped","statusDetails":"XFAIL\n\nselenium.common.exceptions.TimeoutException: Message: Can't find element by locator ('xpath', '//a[text()=\"Упражнения\"]')\nStacktrace:\n#0 0x561238e39aea <unknown>\n#1 0x561238885cdb <unknown>\n#2 0x5612388d86c4 <unknown>\n#3 0x5612388d8901 <unknown>\n#4 0x5612389278b4 <unknown>\n#5 0x561238924c87 <unknown>\n#6 0x5612388caaca <unknown>\n#7 0x5612388cb7d1 <unknown>\n#8 0x561238e00ab9 <unknown>\n#9 0x561238e03a8c <unknown>\n#10 0x561238de9d49 <unknown>\n#11 0x561238e04685 <unknown>\n#12 0x561238dd16c3 <unknown>\n#13 0x561238e267d8 <unknown>\n#14 0x561238e269b3 <unknown>\n#15 0x561238e38a83 <unknown>\n#16 0x7f7f7da9caa4 <unknown>\n#17 0x7f7f7db29c6c <unknown>","time":{"start":1762597282616,"stop":1762597292932,"duration":10316}},{"uid":"2a860f9cc12c2d3e","reportUrl":"https://Brain-up.github.io/auto-tests-python/741/#testresult/2a860f9cc12c2d3e","status":"skipped","statusDetails":"XFAIL\n\nselenium.common.exceptions.TimeoutException: Message: Can't find element by locator ('xpath', '//a[text()=\"Упражнения\"]')\nStacktrace:\n#0 0x55abc3e0faea <unknown>\n#1 0x55abc385bcdb <unknown>\n#2 0x55abc38ae6c4 <unknown>\n#3 0x55abc38ae901 <unknown>\n#4 0x55abc38fd8b4 <unknown>\n#5 0x55abc38fac87 <unknown>\n#6 0x55abc38a0aca <unknown>\n#7 0x55abc38a17d1 <unknown>\n#8 0x55abc3dd6ab9 <unknown>\n#9 0x55abc3dd9a8c <unknown>\n#10 0x55abc3dbfd49 <unknown>\n#11 0x55abc3dda685 <unknown>\n#12 0x55abc3da76c3 <unknown>\n#13 0x55abc3dfc7d8 <unknown>\n#14 0x55abc3dfc9b3 <unknown>\n#15 0x55abc3e0ea83 <unknown>\n#16 0x7f697ec9caa4 <unknown>\n#17 0x7f697ed29c6c <unknown>","time":{"start":1762513395976,"stop":1762513406367,"duration":10391}},{"uid":"1796c3628a8d76db","reportUrl":"https://Brain-up.github.io/auto-tests-python/740/#testresult/1796c3628a8d76db","status":"skipped","statusDetails":"XFAIL\n\nselenium.common.exceptions.TimeoutException: Message: Can't find element by locator ('xpath', '//a[text()=\"Упражнения\"]')\nStacktrace:\n#0 0x56273ac90aea <unknown>\n#1 0x56273a6dccdb <unknown>\n#2 0x56273a72f6c4 <unknown>\n#3 0x56273a72f901 <unknown>\n#4 0x56273a77e8b4 <unknown>\n#5 0x56273a77bc87 <unknown>\n#6 0x56273a721aca <unknown>\n#7 0x56273a7227d1 <unknown>\n#8 0x56273ac57ab9 <unknown>\n#9 0x56273ac5aa8c <unknown>\n#10 0x56273ac40d49 <unknown>\n#11 0x56273ac5b685 <unknown>\n#12 0x56273ac286c3 <unknown>\n#13 0x56273ac7d7d8 <unknown>\n#14 0x56273ac7d9b3 <unknown>\n#15 0x56273ac8fa83 <unknown>\n#16 0x7f4a1e09caa4 <unknown>\n#17 0x7f4a1e129c6c <unknown>","time":{"start":1762426703122,"stop":1762426713439,"duration":10317}}]},"tags":["@pytest.mark.xfail"]},"source":"4389c831564a976a.json","parameterValues":[]}