{"uid":"7e493163383f50f2","name":"Check progres-bar and buttons.","fullName":"tests.test_speech_exercises_en.TestCardsEN#test_progress_bar_is_present_en","historyId":"efb827312bdd34b296637645e49b0897","time":{"start":1764760162292,"stop":1764760172723,"duration":10431},"status":"skipped","statusMessage":"XFAIL\n\nselenium.common.exceptions.TimeoutException: Message: Can't find element by locator ('xpath', '//button[@data-test-active-link=\"Words\"]')\nStacktrace:\n#0 0x55f5184354ca <unknown>\n#1 0x55f517e83e4b <unknown>\n#2 0x55f517ed6814 <unknown>\n#3 0x55f517ed6a51 <unknown>\n#4 0x55f517f25a44 <unknown>\n#5 0x55f517f22df7 <unknown>\n#6 0x55f517ec8c2a <unknown>\n#7 0x55f517ec9931 <unknown>\n#8 0x55f5183fbcf9 <unknown>\n#9 0x55f5183fecdc <unknown>\n#10 0x55f5183e4f79 <unknown>\n#11 0x55f5183ff8b5 <unknown>\n#12 0x55f5183cc9c3 <unknown>\n#13 0x55f518422228 <unknown>\n#14 0x55f518422403 <unknown>\n#15 0x55f518434463 <unknown>\n#16 0x7f22f1e9caa4 <unknown>\n#17 0x7f22f1f29c6c <unknown>","statusTrace":"self = <tests.test_speech_exercises_en.TestCardsEN object at 0x7f7570aaf1d0>\ndriver = <selenium.webdriver.chrome.webdriver.WebDriver (session=\"6663d764117829bce9ed479ba9c48da5\")>\nspecialist_user_authorized = None\n\n    @pytest.mark.xfail\n    @allure.suite(\"Speech exercises EN.\")\n    @allure.title('Check progres-bar and buttons.')\n    def test_progress_bar_is_present_en(self, driver, specialist_user_authorized):\n        page = SpeechExercisesPage(driver)\n>       page.select_group(SpeechExercisesPageLocators.WORDS_BUTTON_EN)\n\ntests/test_speech_exercises_en.py:34: \n_ _ _ _ _ _ _ _ _ _ _ _ _ _ _ _ _ _ _ _ _ _ _ _ _ _ _ _ _ _ _ _ _ _ _ _ _ _ _ _ \npages/speech_exercises_page_en.py:18: in select_group\n    text_of_the_button = self.element_is_present_and_clickable(selector_for_sub_group)\npages/base_page.py:40: in element_is_present_and_clickable\n    return (Wait(self.driver, self.timeout).until(\n_ _ _ _ _ _ _ _ _ _ _ _ _ _ _ _ _ _ _ _ _ _ _ _ _ _ _ _ _ _ _ _ _ _ _ _ _ _ _ _ \n\nself = <selenium.webdriver.support.wait.WebDriverWait (session=\"6663d764117829bce9ed479ba9c48da5\")>\nmethod = <function visibility_of_element_located.<locals>._predicate at 0x7f7570a17560>\nmessage = 'Can\\'t find element by locator (\\'xpath\\', \\'//button[@data-test-active-link=\"Words\"]\\')'\n\n    def until(self, method, message: str = \"\"):\n        \"\"\"Calls the method provided with the driver as an argument until the \\\n        return value does not evaluate to ``False``.\n    \n        :param method: callable(WebDriver)\n        :param message: optional message for :exc:`TimeoutException`\n        :returns: the result of the last call to `method`\n        :raises: :exc:`selenium.common.exceptions.TimeoutException` if timeout occurs\n        \"\"\"\n        screen = None\n        stacktrace = None\n    \n        end_time = time.monotonic() + self._timeout\n        while True:\n            try:\n                value = method(self._driver)\n                if value:\n                    return value\n            except self._ignored_exceptions as exc:\n                screen = getattr(exc, \"screen\", None)\n                stacktrace = getattr(exc, \"stacktrace\", None)\n            time.sleep(self._poll)\n            if time.monotonic() > end_time:\n                break\n>       raise TimeoutException(message, screen, stacktrace)\nE       selenium.common.exceptions.TimeoutException: Message: Can't find element by locator ('xpath', '//button[@data-test-active-link=\"Words\"]')\nE       Stacktrace:\nE       #0 0x55f5184354ca <unknown>\nE       #1 0x55f517e83e4b <unknown>\nE       #2 0x55f517ed6814 <unknown>\nE       #3 0x55f517ed6a51 <unknown>\nE       #4 0x55f517f25a44 <unknown>\nE       #5 0x55f517f22df7 <unknown>\nE       #6 0x55f517ec8c2a <unknown>\nE       #7 0x55f517ec9931 <unknown>\nE       #8 0x55f5183fbcf9 <unknown>\nE       #9 0x55f5183fecdc <unknown>\nE       #10 0x55f5183e4f79 <unknown>\nE       #11 0x55f5183ff8b5 <unknown>\nE       #12 0x55f5183cc9c3 <unknown>\nE       #13 0x55f518422228 <unknown>\nE       #14 0x55f518422403 <unknown>\nE       #15 0x55f518434463 <unknown>\nE       #16 0x7f22f1e9caa4 <unknown>\nE       #17 0x7f22f1f29c6c <unknown>\n\n/opt/hostedtoolcache/Python/3.12.12/x64/lib/python3.12/site-packages/selenium/webdriver/support/wait.py:95: TimeoutException","flaky":false,"newFailed":false,"newBroken":false,"newPassed":false,"retriesCount":0,"retriesStatusChange":false,"beforeStages":[{"name":"clear_allure_results_folder","time":{"start":1764759058388,"stop":1764759058388,"duration":0},"status":"passed","steps":[],"attachments":[],"parameters":[],"stepsCount":0,"shouldDisplayMessage":false,"attachmentsCount":0,"hasContent":false,"attachmentStep":false},{"name":"driver","time":{"start":1764760156754,"stop":1764760157510,"duration":756},"status":"passed","steps":[],"attachments":[],"parameters":[],"stepsCount":0,"shouldDisplayMessage":false,"attachmentsCount":0,"hasContent":false,"attachmentStep":false},{"name":"main_page_open","time":{"start":1764760157510,"stop":1764760159876,"duration":2366},"status":"passed","steps":[{"name":"Open page: https://www.brainup.site/","time":{"start":1764760157510,"stop":1764760159876,"duration":2366},"status":"passed","steps":[],"attachments":[],"parameters":[{"name":"driver","value":"<selenium.webdriver.chrome.webdriver.WebDriver (session=\"6663d764117829bce9ed479ba9c48da5\")>"}],"stepsCount":0,"shouldDisplayMessage":false,"attachmentsCount":0,"hasContent":true,"attachmentStep":false}],"attachments":[],"parameters":[],"stepsCount":1,"shouldDisplayMessage":false,"attachmentsCount":0,"hasContent":true,"attachmentStep":false},{"name":"specialist_user_authorized","time":{"start":1764760159876,"stop":1764760162291,"duration":2415},"status":"passed","steps":[{"name":"USER specialist authorized","time":{"start":1764760159876,"stop":1764760162291,"duration":2415},"status":"passed","steps":[{"name":"Check url is present: https://www.brainup.site/groups","time":{"start":1764760160251,"stop":1764760162269,"duration":2018},"status":"passed","steps":[],"attachments":[],"parameters":[],"stepsCount":0,"shouldDisplayMessage":false,"attachmentsCount":0,"hasContent":false,"attachmentStep":false},{"name":"Loader checking","time":{"start":1764760162269,"stop":1764760162291,"duration":22},"status":"passed","steps":[],"attachments":[],"parameters":[],"stepsCount":0,"shouldDisplayMessage":false,"attachmentsCount":0,"hasContent":false,"attachmentStep":false}],"attachments":[],"parameters":[{"name":"driver","value":"<selenium.webdriver.chrome.webdriver.WebDriver (session=\"6663d764117829bce9ed479ba9c48da5\")>"},{"name":"main_page_open","value":"None"}],"stepsCount":2,"shouldDisplayMessage":false,"attachmentsCount":0,"hasContent":true,"attachmentStep":false}],"attachments":[],"parameters":[],"stepsCount":3,"shouldDisplayMessage":false,"attachmentsCount":0,"hasContent":true,"attachmentStep":false}],"testStage":{"status":"skipped","statusMessage":"XFAIL\n\nselenium.common.exceptions.TimeoutException: Message: Can't find element by locator ('xpath', '//button[@data-test-active-link=\"Words\"]')\nStacktrace:\n#0 0x55f5184354ca <unknown>\n#1 0x55f517e83e4b <unknown>\n#2 0x55f517ed6814 <unknown>\n#3 0x55f517ed6a51 <unknown>\n#4 0x55f517f25a44 <unknown>\n#5 0x55f517f22df7 <unknown>\n#6 0x55f517ec8c2a <unknown>\n#7 0x55f517ec9931 <unknown>\n#8 0x55f5183fbcf9 <unknown>\n#9 0x55f5183fecdc <unknown>\n#10 0x55f5183e4f79 <unknown>\n#11 0x55f5183ff8b5 <unknown>\n#12 0x55f5183cc9c3 <unknown>\n#13 0x55f518422228 <unknown>\n#14 0x55f518422403 <unknown>\n#15 0x55f518434463 <unknown>\n#16 0x7f22f1e9caa4 <unknown>\n#17 0x7f22f1f29c6c <unknown>","statusTrace":"self = <tests.test_speech_exercises_en.TestCardsEN object at 0x7f7570aaf1d0>\ndriver = <selenium.webdriver.chrome.webdriver.WebDriver (session=\"6663d764117829bce9ed479ba9c48da5\")>\nspecialist_user_authorized = None\n\n    @pytest.mark.xfail\n    @allure.suite(\"Speech exercises EN.\")\n    @allure.title('Check progres-bar and buttons.')\n    def test_progress_bar_is_present_en(self, driver, specialist_user_authorized):\n        page = SpeechExercisesPage(driver)\n>       page.select_group(SpeechExercisesPageLocators.WORDS_BUTTON_EN)\n\ntests/test_speech_exercises_en.py:34: \n_ _ _ _ _ _ _ _ _ _ _ _ _ _ _ _ _ _ _ _ _ _ _ _ _ _ _ _ _ _ _ _ _ _ _ _ _ _ _ _ \npages/speech_exercises_page_en.py:18: in select_group\n    text_of_the_button = self.element_is_present_and_clickable(selector_for_sub_group)\npages/base_page.py:40: in element_is_present_and_clickable\n    return (Wait(self.driver, self.timeout).until(\n_ _ _ _ _ _ _ _ _ _ _ _ _ _ _ _ _ _ _ _ _ _ _ _ _ _ _ _ _ _ _ _ _ _ _ _ _ _ _ _ \n\nself = <selenium.webdriver.support.wait.WebDriverWait (session=\"6663d764117829bce9ed479ba9c48da5\")>\nmethod = <function visibility_of_element_located.<locals>._predicate at 0x7f7570a17560>\nmessage = 'Can\\'t find element by locator (\\'xpath\\', \\'//button[@data-test-active-link=\"Words\"]\\')'\n\n    def until(self, method, message: str = \"\"):\n        \"\"\"Calls the method provided with the driver as an argument until the \\\n        return value does not evaluate to ``False``.\n    \n        :param method: callable(WebDriver)\n        :param message: optional message for :exc:`TimeoutException`\n        :returns: the result of the last call to `method`\n        :raises: :exc:`selenium.common.exceptions.TimeoutException` if timeout occurs\n        \"\"\"\n        screen = None\n        stacktrace = None\n    \n        end_time = time.monotonic() + self._timeout\n        while True:\n            try:\n                value = method(self._driver)\n                if value:\n                    return value\n            except self._ignored_exceptions as exc:\n                screen = getattr(exc, \"screen\", None)\n                stacktrace = getattr(exc, \"stacktrace\", None)\n            time.sleep(self._poll)\n            if time.monotonic() > end_time:\n                break\n>       raise TimeoutException(message, screen, stacktrace)\nE       selenium.common.exceptions.TimeoutException: Message: Can't find element by locator ('xpath', '//button[@data-test-active-link=\"Words\"]')\nE       Stacktrace:\nE       #0 0x55f5184354ca <unknown>\nE       #1 0x55f517e83e4b <unknown>\nE       #2 0x55f517ed6814 <unknown>\nE       #3 0x55f517ed6a51 <unknown>\nE       #4 0x55f517f25a44 <unknown>\nE       #5 0x55f517f22df7 <unknown>\nE       #6 0x55f517ec8c2a <unknown>\nE       #7 0x55f517ec9931 <unknown>\nE       #8 0x55f5183fbcf9 <unknown>\nE       #9 0x55f5183fecdc <unknown>\nE       #10 0x55f5183e4f79 <unknown>\nE       #11 0x55f5183ff8b5 <unknown>\nE       #12 0x55f5183cc9c3 <unknown>\nE       #13 0x55f518422228 <unknown>\nE       #14 0x55f518422403 <unknown>\nE       #15 0x55f518434463 <unknown>\nE       #16 0x7f22f1e9caa4 <unknown>\nE       #17 0x7f22f1f29c6c <unknown>\n\n/opt/hostedtoolcache/Python/3.12.12/x64/lib/python3.12/site-packages/selenium/webdriver/support/wait.py:95: TimeoutException","steps":[{"name":"select_group","time":{"start":1764760162292,"stop":1764760172722,"duration":10430},"status":"broken","statusMessage":"selenium.common.exceptions.TimeoutException: Message: Can't find element by locator ('xpath', '//button[@data-test-active-link=\"Words\"]')\nStacktrace:\n#0 0x55f5184354ca <unknown>\n#1 0x55f517e83e4b <unknown>\n#2 0x55f517ed6814 <unknown>\n#3 0x55f517ed6a51 <unknown>\n#4 0x55f517f25a44 <unknown>\n#5 0x55f517f22df7 <unknown>\n#6 0x55f517ec8c2a <unknown>\n#7 0x55f517ec9931 <unknown>\n#8 0x55f5183fbcf9 <unknown>\n#9 0x55f5183fecdc <unknown>\n#10 0x55f5183e4f79 <unknown>\n#11 0x55f5183ff8b5 <unknown>\n#12 0x55f5183cc9c3 <unknown>\n#13 0x55f518422228 <unknown>\n#14 0x55f518422403 <unknown>\n#15 0x55f518434463 <unknown>\n#16 0x7f22f1e9caa4 <unknown>\n#17 0x7f22f1f29c6c <unknown>\n\n","statusTrace":"  File \"/opt/hostedtoolcache/Python/3.12.12/x64/lib/python3.12/site-packages/allure_commons/_allure.py\", line 192, in impl\n    return func(*a, **kw)\n           ^^^^^^^^^^^^^^\n  File \"/home/runner/work/auto-tests-python/auto-tests-python/pages/speech_exercises_page_en.py\", line 18, in select_group\n    text_of_the_button = self.element_is_present_and_clickable(selector_for_sub_group)\n                         ^^^^^^^^^^^^^^^^^^^^^^^^^^^^^^^^^^^^^^^^^^^^^^^^^^^^^^^^^^^^^\n  File \"/home/runner/work/auto-tests-python/auto-tests-python/pages/base_page.py\", line 40, in element_is_present_and_clickable\n    return (Wait(self.driver, self.timeout).until(\n            ^^^^^^^^^^^^^^^^^^^^^^^^^^^^^^^^^^^^^^\n  File \"/opt/hostedtoolcache/Python/3.12.12/x64/lib/python3.12/site-packages/selenium/webdriver/support/wait.py\", line 95, in until\n    raise TimeoutException(message, screen, stacktrace)\n","steps":[{"name":"Select Russian language. Click \"EN\" button.","time":{"start":1764760162292,"stop":1764760162370,"duration":78},"status":"passed","steps":[],"attachments":[],"parameters":[],"stepsCount":0,"shouldDisplayMessage":false,"attachmentsCount":0,"hasContent":false,"attachmentStep":false},{"name":"Click button \"SPEECH EXERCISES\".","time":{"start":1764760162370,"stop":1764760162445,"duration":75},"status":"passed","steps":[],"attachments":[],"parameters":[],"stepsCount":0,"shouldDisplayMessage":false,"attachmentsCount":0,"hasContent":false,"attachmentStep":false}],"attachments":[],"parameters":[{"name":"selector_for_sub_group","value":"('xpath', '//button[@data-test-active-link=\"Words\"]')"}],"stepsCount":2,"shouldDisplayMessage":true,"attachmentsCount":0,"hasContent":true,"attachmentStep":false}],"attachments":[],"parameters":[],"stepsCount":3,"shouldDisplayMessage":true,"attachmentsCount":0,"hasContent":true,"attachmentStep":false},"afterStages":[{"name":"driver::0","time":{"start":1764760172733,"stop":1764760172806,"duration":73},"status":"passed","steps":[],"attachments":[],"parameters":[],"stepsCount":0,"shouldDisplayMessage":false,"attachmentsCount":0,"hasContent":false,"attachmentStep":false}],"labels":[{"name":"epic","value":"Speech exercises."},{"name":"suite","value":"Speech exercises EN."},{"name":"tag","value":"@pytest.mark.xfail"},{"name":"parentSuite","value":"tests"},{"name":"subSuite","value":"TestCardsEN"},{"name":"host","value":"runnervmoqczp"},{"name":"thread","value":"3231-MainThread"},{"name":"framework","value":"pytest"},{"name":"language","value":"cpython3"},{"name":"package","value":"tests.test_speech_exercises_en"},{"name":"resultFormat","value":"allure2"}],"parameters":[],"links":[],"hidden":false,"retry":false,"extra":{"severity":"normal","retries":[],"categories":[],"history":{"statistic":{"failed":0,"broken":0,"skipped":32,"passed":0,"unknown":0,"total":32},"items":[{"uid":"fd3c7bac1adb8f19","reportUrl":"https://Brain-up.github.io/auto-tests-python/765/#testresult/fd3c7bac1adb8f19","status":"skipped","statusDetails":"XFAIL\n\nselenium.common.exceptions.TimeoutException: Message: Can't find element by locator ('xpath', '//button[@data-test-active-link=\"Words\"]')\nStacktrace:\n#0 0x5613d3d3832a <unknown>\n#1 0x5613d3784e4b <unknown>\n#2 0x5613d37d782b <unknown>\n#3 0x5613d37d7a61 <unknown>\n#4 0x5613d3826a44 <unknown>\n#5 0x5613d3823df7 <unknown>\n#6 0x5613d37c9c1a <unknown>\n#7 0x5613d37ca921 <unknown>\n#8 0x5613d3cff239 <unknown>\n#9 0x5613d3d021e8 <unknown>\n#10 0x5613d3ce84c9 <unknown>\n#11 0x5613d3d02db5 <unknown>\n#12 0x5613d3ccfe93 <unknown>\n#13 0x5613d3d25098 <unknown>\n#14 0x5613d3d25273 <unknown>\n#15 0x5613d3d372c3 <unknown>\n#16 0x7f5fca29caa4 <unknown>\n#17 0x7f5fca329c6c <unknown>","time":{"start":1764674639008,"stop":1764674649404,"duration":10396}},{"uid":"cb8e6c0507dce8f8","reportUrl":"https://Brain-up.github.io/auto-tests-python/764/#testresult/cb8e6c0507dce8f8","status":"skipped","statusDetails":"XFAIL\n\nselenium.common.exceptions.TimeoutException: Message: Can't find element by locator ('xpath', '//button[@data-test-active-link=\"Words\"]')\nStacktrace:\n#0 0x5585960df32a <unknown>\n#1 0x558595b2be4b <unknown>\n#2 0x558595b7e82b <unknown>\n#3 0x558595b7ea61 <unknown>\n#4 0x558595bcda44 <unknown>\n#5 0x558595bcadf7 <unknown>\n#6 0x558595b70c1a <unknown>\n#7 0x558595b71921 <unknown>\n#8 0x5585960a6239 <unknown>\n#9 0x5585960a91e8 <unknown>\n#10 0x55859608f4c9 <unknown>\n#11 0x5585960a9db5 <unknown>\n#12 0x558596076e93 <unknown>\n#13 0x5585960cc098 <unknown>\n#14 0x5585960cc273 <unknown>\n#15 0x5585960de2c3 <unknown>\n#16 0x7fd88b49caa4 <unknown>\n#17 0x7fd88b529c6c <unknown>","time":{"start":1764588487525,"stop":1764588497933,"duration":10408}},{"uid":"f1cf37e9010d193c","reportUrl":"https://Brain-up.github.io/auto-tests-python/763/#testresult/f1cf37e9010d193c","status":"skipped","statusDetails":"XFAIL\n\nselenium.common.exceptions.TimeoutException: Message: Can't find element by locator ('xpath', '//button[@data-test-active-link=\"Words\"]')\nStacktrace:\n#0 0x556f19b8132a <unknown>\n#1 0x556f195cde4b <unknown>\n#2 0x556f1962082b <unknown>\n#3 0x556f19620a61 <unknown>\n#4 0x556f1966fa44 <unknown>\n#5 0x556f1966cdf7 <unknown>\n#6 0x556f19612c1a <unknown>\n#7 0x556f19613921 <unknown>\n#8 0x556f19b48239 <unknown>\n#9 0x556f19b4b1e8 <unknown>\n#10 0x556f19b314c9 <unknown>\n#11 0x556f19b4bdb5 <unknown>\n#12 0x556f19b18e93 <unknown>\n#13 0x556f19b6e098 <unknown>\n#14 0x556f19b6e273 <unknown>\n#15 0x556f19b802c3 <unknown>\n#16 0x7f1318a9caa4 <unknown>\n#17 0x7f1318b29c6c <unknown>","time":{"start":1764490141776,"stop":1764490152135,"duration":10359}},{"uid":"7724d4a6f46dab76","reportUrl":"https://Brain-up.github.io/auto-tests-python/762/#testresult/7724d4a6f46dab76","status":"skipped","statusDetails":"XFAIL\n\nselenium.common.exceptions.TimeoutException: Message: Can't find element by locator ('xpath', '//button[@data-test-active-link=\"Words\"]')\nStacktrace:\n#0 0x564eae9a832a <unknown>\n#1 0x564eae3f4e4b <unknown>\n#2 0x564eae44782b <unknown>\n#3 0x564eae447a61 <unknown>\n#4 0x564eae496a44 <unknown>\n#5 0x564eae493df7 <unknown>\n#6 0x564eae439c1a <unknown>\n#7 0x564eae43a921 <unknown>\n#8 0x564eae96f239 <unknown>\n#9 0x564eae9721e8 <unknown>\n#10 0x564eae9584c9 <unknown>\n#11 0x564eae972db5 <unknown>\n#12 0x564eae93fe93 <unknown>\n#13 0x564eae995098 <unknown>\n#14 0x564eae995273 <unknown>\n#15 0x564eae9a72c3 <unknown>\n#16 0x7fd86209caa4 <unknown>\n#17 0x7fd862129c6c <unknown>","time":{"start":1764422843947,"stop":1764422854421,"duration":10474}},{"uid":"5e4c0f8697b68dfc","reportUrl":"https://Brain-up.github.io/auto-tests-python/761/#testresult/5e4c0f8697b68dfc","status":"skipped","statusDetails":"XFAIL\n\nselenium.common.exceptions.TimeoutException: Message: Can't find element by locator ('xpath', '//button[@data-test-active-link=\"Words\"]')\nStacktrace:\n#0 0x564e258bf32a <unknown>\n#1 0x564e2530be4b <unknown>\n#2 0x564e2535e82b <unknown>\n#3 0x564e2535ea61 <unknown>\n#4 0x564e253ada44 <unknown>\n#5 0x564e253aadf7 <unknown>\n#6 0x564e25350c1a <unknown>\n#7 0x564e25351921 <unknown>\n#8 0x564e25886239 <unknown>\n#9 0x564e258891e8 <unknown>\n#10 0x564e2586f4c9 <unknown>\n#11 0x564e25889db5 <unknown>\n#12 0x564e25856e93 <unknown>\n#13 0x564e258ac098 <unknown>\n#14 0x564e258ac273 <unknown>\n#15 0x564e258be2c3 <unknown>\n#16 0x7fd63ee9caa4 <unknown>\n#17 0x7fd63ef29c6c <unknown>","time":{"start":1764329309630,"stop":1764329320092,"duration":10462}},{"uid":"e0e289119c570deb","reportUrl":"https://Brain-up.github.io/auto-tests-python/760/#testresult/e0e289119c570deb","status":"skipped","statusDetails":"XFAIL\n\nselenium.common.exceptions.TimeoutException: Message: Can't find element by locator ('xpath', '//button[@data-test-active-link=\"Words\"]')\nStacktrace:\n#0 0x55856ef4732a <unknown>\n#1 0x55856e993e4b <unknown>\n#2 0x55856e9e682b <unknown>\n#3 0x55856e9e6a61 <unknown>\n#4 0x55856ea35a44 <unknown>\n#5 0x55856ea32df7 <unknown>\n#6 0x55856e9d8c1a <unknown>\n#7 0x55856e9d9921 <unknown>\n#8 0x55856ef0e239 <unknown>\n#9 0x55856ef111e8 <unknown>\n#10 0x55856eef74c9 <unknown>\n#11 0x55856ef11db5 <unknown>\n#12 0x55856eedee93 <unknown>\n#13 0x55856ef34098 <unknown>\n#14 0x55856ef34273 <unknown>\n#15 0x55856ef462c3 <unknown>\n#16 0x7fb4cee9caa4 <unknown>\n#17 0x7fb4cef29c6c <unknown>","time":{"start":1764258130068,"stop":1764258140455,"duration":10387}},{"uid":"6fd83c76da64962d","reportUrl":"https://Brain-up.github.io/auto-tests-python/759/#testresult/6fd83c76da64962d","status":"skipped","statusDetails":"XFAIL\n\nselenium.common.exceptions.TimeoutException: Message: Can't find element by locator ('xpath', '//button[@data-test-active-link=\"Words\"]')\nStacktrace:\n#0 0x56366f45132a <unknown>\n#1 0x56366ee9de4b <unknown>\n#2 0x56366eef082b <unknown>\n#3 0x56366eef0a61 <unknown>\n#4 0x56366ef3fa44 <unknown>\n#5 0x56366ef3cdf7 <unknown>\n#6 0x56366eee2c1a <unknown>\n#7 0x56366eee3921 <unknown>\n#8 0x56366f418239 <unknown>\n#9 0x56366f41b1e8 <unknown>\n#10 0x56366f4014c9 <unknown>\n#11 0x56366f41bdb5 <unknown>\n#12 0x56366f3e8e93 <unknown>\n#13 0x56366f43e098 <unknown>\n#14 0x56366f43e273 <unknown>\n#15 0x56366f4502c3 <unknown>\n#16 0x7ff1c129caa4 <unknown>\n#17 0x7ff1c1329c6c <unknown>","time":{"start":1764069726321,"stop":1764069736665,"duration":10344}},{"uid":"51f254ed212adae2","reportUrl":"https://Brain-up.github.io/auto-tests-python/758/#testresult/51f254ed212adae2","status":"skipped","statusDetails":"XFAIL\n\nselenium.common.exceptions.TimeoutException: Message: Can't find element by locator ('xpath', '//button[@data-test-active-link=\"Words\"]')\nStacktrace:\n#0 0x562e0dd2a32a <unknown>\n#1 0x562e0d776e4b <unknown>\n#2 0x562e0d7c982b <unknown>\n#3 0x562e0d7c9a61 <unknown>\n#4 0x562e0d818a44 <unknown>\n#5 0x562e0d815df7 <unknown>\n#6 0x562e0d7bbc1a <unknown>\n#7 0x562e0d7bc921 <unknown>\n#8 0x562e0dcf1239 <unknown>\n#9 0x562e0dcf41e8 <unknown>\n#10 0x562e0dcda4c9 <unknown>\n#11 0x562e0dcf4db5 <unknown>\n#12 0x562e0dcc1e93 <unknown>\n#13 0x562e0dd17098 <unknown>\n#14 0x562e0dd17273 <unknown>\n#15 0x562e0dd292c3 <unknown>\n#16 0x7f5a55a9caa4 <unknown>\n#17 0x7f5a55b29c6c <unknown>","time":{"start":1764011573254,"stop":1764011583728,"duration":10474}},{"uid":"f1ec0110b45938a1","reportUrl":"https://Brain-up.github.io/auto-tests-python/757/#testresult/f1ec0110b45938a1","status":"skipped","statusDetails":"XFAIL\n\nselenium.common.exceptions.TimeoutException: Message: Can't find element by locator ('xpath', '//button[@data-test-active-link=\"Words\"]')\nStacktrace:\n#0 0x561d6240032a <unknown>\n#1 0x561d61e4ce4b <unknown>\n#2 0x561d61e9f82b <unknown>\n#3 0x561d61e9fa61 <unknown>\n#4 0x561d61eeea44 <unknown>\n#5 0x561d61eebdf7 <unknown>\n#6 0x561d61e91c1a <unknown>\n#7 0x561d61e92921 <unknown>\n#8 0x561d623c7239 <unknown>\n#9 0x561d623ca1e8 <unknown>\n#10 0x561d623b04c9 <unknown>\n#11 0x561d623cadb5 <unknown>\n#12 0x561d62397e93 <unknown>\n#13 0x561d623ed098 <unknown>\n#14 0x561d623ed273 <unknown>\n#15 0x561d623ff2c3 <unknown>\n#16 0x7f19bd69caa4 <unknown>\n#17 0x7f19bd729c6c <unknown>","time":{"start":1763904134879,"stop":1763904145173,"duration":10294}},{"uid":"6e78b21cdf853f6","reportUrl":"https://Brain-up.github.io/auto-tests-python/756/#testresult/6e78b21cdf853f6","status":"skipped","statusDetails":"XFAIL\n\nselenium.common.exceptions.TimeoutException: Message: Can't find element by locator ('xpath', '//button[@data-test-active-link=\"Words\"]')\nStacktrace:\n#0 0x55f65d1f832a <unknown>\n#1 0x55f65cc44e4b <unknown>\n#2 0x55f65cc9782b <unknown>\n#3 0x55f65cc97a61 <unknown>\n#4 0x55f65cce6a44 <unknown>\n#5 0x55f65cce3df7 <unknown>\n#6 0x55f65cc89c1a <unknown>\n#7 0x55f65cc8a921 <unknown>\n#8 0x55f65d1bf239 <unknown>\n#9 0x55f65d1c21e8 <unknown>\n#10 0x55f65d1a84c9 <unknown>\n#11 0x55f65d1c2db5 <unknown>\n#12 0x55f65d18fe93 <unknown>\n#13 0x55f65d1e5098 <unknown>\n#14 0x55f65d1e5273 <unknown>\n#15 0x55f65d1f72c3 <unknown>\n#16 0x7f1d9709caa4 <unknown>\n#17 0x7f1d97129c6c <unknown>","time":{"start":1763826003890,"stop":1763826014331,"duration":10441}},{"uid":"764c63a51f260c30","reportUrl":"https://Brain-up.github.io/auto-tests-python/755/#testresult/764c63a51f260c30","status":"skipped","statusDetails":"XFAIL\n\nselenium.common.exceptions.TimeoutException: Message: Can't find element by locator ('xpath', '//button[@data-test-active-link=\"Words\"]')\nStacktrace:\n#0 0x55ba07d8132a <unknown>\n#1 0x55ba077cde4b <unknown>\n#2 0x55ba0782082b <unknown>\n#3 0x55ba07820a61 <unknown>\n#4 0x55ba0786fa44 <unknown>\n#5 0x55ba0786cdf7 <unknown>\n#6 0x55ba07812c1a <unknown>\n#7 0x55ba07813921 <unknown>\n#8 0x55ba07d48239 <unknown>\n#9 0x55ba07d4b1e8 <unknown>\n#10 0x55ba07d314c9 <unknown>\n#11 0x55ba07d4bdb5 <unknown>\n#12 0x55ba07d18e93 <unknown>\n#13 0x55ba07d6e098 <unknown>\n#14 0x55ba07d6e273 <unknown>\n#15 0x55ba07d802c3 <unknown>\n#16 0x7f0e07c9caa4 <unknown>\n#17 0x7f0e07d29c6c <unknown>","time":{"start":1763700662707,"stop":1763700673076,"duration":10369}},{"uid":"12db783a34ff4b1a","reportUrl":"https://Brain-up.github.io/auto-tests-python/754/#testresult/12db783a34ff4b1a","status":"skipped","statusDetails":"XFAIL\n\nselenium.common.exceptions.TimeoutException: Message: Can't find element by locator ('xpath', '//button[@data-test-active-link=\"Words\"]')\nStacktrace:\n#0 0x562d2607c32a <unknown>\n#1 0x562d25ac8e4b <unknown>\n#2 0x562d25b1b82b <unknown>\n#3 0x562d25b1ba61 <unknown>\n#4 0x562d25b6aa44 <unknown>\n#5 0x562d25b67df7 <unknown>\n#6 0x562d25b0dc1a <unknown>\n#7 0x562d25b0e921 <unknown>\n#8 0x562d26043239 <unknown>\n#9 0x562d260461e8 <unknown>\n#10 0x562d2602c4c9 <unknown>\n#11 0x562d26046db5 <unknown>\n#12 0x562d26013e93 <unknown>\n#13 0x562d26069098 <unknown>\n#14 0x562d26069273 <unknown>\n#15 0x562d2607b2c3 <unknown>\n#16 0x7feaf769caa4 <unknown>\n#17 0x7feaf7729c6c <unknown>","time":{"start":1763644038804,"stop":1763644049164,"duration":10360}},{"uid":"2d21523be0a4dcec","reportUrl":"https://Brain-up.github.io/auto-tests-python/753/#testresult/2d21523be0a4dcec","status":"skipped","statusDetails":"XFAIL\n\nselenium.common.exceptions.TimeoutException: Message: Can't find element by locator ('xpath', '//button[@data-test-active-link=\"Words\"]')\nStacktrace:\n#0 0x560ba5a6e32a <unknown>\n#1 0x560ba54bae4b <unknown>\n#2 0x560ba550d82b <unknown>\n#3 0x560ba550da61 <unknown>\n#4 0x560ba555ca44 <unknown>\n#5 0x560ba5559df7 <unknown>\n#6 0x560ba54ffc1a <unknown>\n#7 0x560ba5500921 <unknown>\n#8 0x560ba5a35239 <unknown>\n#9 0x560ba5a381e8 <unknown>\n#10 0x560ba5a1e4c9 <unknown>\n#11 0x560ba5a38db5 <unknown>\n#12 0x560ba5a05e93 <unknown>\n#13 0x560ba5a5b098 <unknown>\n#14 0x560ba5a5b273 <unknown>\n#15 0x560ba5a6d2c3 <unknown>\n#16 0x7f2c48e9caa4 <unknown>\n#17 0x7f2c48f29c6c <unknown>","time":{"start":1763553286775,"stop":1763553297153,"duration":10378}},{"uid":"2c4f330b6d5186a9","reportUrl":"https://Brain-up.github.io/auto-tests-python/752/#testresult/2c4f330b6d5186a9","status":"skipped","statusDetails":"XFAIL\n\nselenium.common.exceptions.TimeoutException: Message: Can't find element by locator ('xpath', '//button[@data-test-active-link=\"Words\"]')\nStacktrace:\n#0 0x55b6d2e4332a <unknown>\n#1 0x55b6d288fe4b <unknown>\n#2 0x55b6d28e282b <unknown>\n#3 0x55b6d28e2a61 <unknown>\n#4 0x55b6d2931a44 <unknown>\n#5 0x55b6d292edf7 <unknown>\n#6 0x55b6d28d4c1a <unknown>\n#7 0x55b6d28d5921 <unknown>\n#8 0x55b6d2e0a239 <unknown>\n#9 0x55b6d2e0d1e8 <unknown>\n#10 0x55b6d2df34c9 <unknown>\n#11 0x55b6d2e0ddb5 <unknown>\n#12 0x55b6d2ddae93 <unknown>\n#13 0x55b6d2e30098 <unknown>\n#14 0x55b6d2e30273 <unknown>\n#15 0x55b6d2e422c3 <unknown>\n#16 0x7f298a49caa4 <unknown>\n#17 0x7f298a529c6c <unknown>","time":{"start":1763463852794,"stop":1763463863196,"duration":10402}},{"uid":"7ecf08356dd04b0d","reportUrl":"https://Brain-up.github.io/auto-tests-python/751/#testresult/7ecf08356dd04b0d","status":"skipped","statusDetails":"XFAIL\n\nselenium.common.exceptions.TimeoutException: Message: Can't find element by locator ('xpath', '//button[@data-test-active-link=\"Words\"]')\nStacktrace:\n#0 0x55801d90332a <unknown>\n#1 0x55801d34fe4b <unknown>\n#2 0x55801d3a282b <unknown>\n#3 0x55801d3a2a61 <unknown>\n#4 0x55801d3f1a44 <unknown>\n#5 0x55801d3eedf7 <unknown>\n#6 0x55801d394c1a <unknown>\n#7 0x55801d395921 <unknown>\n#8 0x55801d8ca239 <unknown>\n#9 0x55801d8cd1e8 <unknown>\n#10 0x55801d8b34c9 <unknown>\n#11 0x55801d8cddb5 <unknown>\n#12 0x55801d89ae93 <unknown>\n#13 0x55801d8f0098 <unknown>\n#14 0x55801d8f0273 <unknown>\n#15 0x55801d9022c3 <unknown>\n#16 0x7fc463e9caa4 <unknown>\n#17 0x7fc463f29c6c <unknown>","time":{"start":1763379762354,"stop":1763379772762,"duration":10408}},{"uid":"c7f5237c37602128","reportUrl":"https://Brain-up.github.io/auto-tests-python/750/#testresult/c7f5237c37602128","status":"skipped","statusDetails":"XFAIL\n\nselenium.common.exceptions.TimeoutException: Message: Can't find element by locator ('xpath', '//button[@data-test-active-link=\"Words\"]')\nStacktrace:\n#0 0x55733015d32a <unknown>\n#1 0x55732fba9e4b <unknown>\n#2 0x55732fbfc82b <unknown>\n#3 0x55732fbfca61 <unknown>\n#4 0x55732fc4ba44 <unknown>\n#5 0x55732fc48df7 <unknown>\n#6 0x55732fbeec1a <unknown>\n#7 0x55732fbef921 <unknown>\n#8 0x557330124239 <unknown>\n#9 0x5573301271e8 <unknown>\n#10 0x55733010d4c9 <unknown>\n#11 0x557330127db5 <unknown>\n#12 0x5573300f4e93 <unknown>\n#13 0x55733014a098 <unknown>\n#14 0x55733014a273 <unknown>\n#15 0x55733015c2c3 <unknown>\n#16 0x7fedc6a9caa4 <unknown>\n#17 0x7fedc6b29c6c <unknown>","time":{"start":1763296092834,"stop":1763296103265,"duration":10431}},{"uid":"6626a94b2ca8a38d","reportUrl":"https://Brain-up.github.io/auto-tests-python/749/#testresult/6626a94b2ca8a38d","status":"skipped","statusDetails":"XFAIL\n\nselenium.common.exceptions.TimeoutException: Message: Can't find element by locator ('xpath', '//button[@data-test-active-link=\"Words\"]')\nStacktrace:\n#0 0x55846d57132a <unknown>\n#1 0x55846cfbde4b <unknown>\n#2 0x55846d01082b <unknown>\n#3 0x55846d010a61 <unknown>\n#4 0x55846d05fa44 <unknown>\n#5 0x55846d05cdf7 <unknown>\n#6 0x55846d002c1a <unknown>\n#7 0x55846d003921 <unknown>\n#8 0x55846d538239 <unknown>\n#9 0x55846d53b1e8 <unknown>\n#10 0x55846d5214c9 <unknown>\n#11 0x55846d53bdb5 <unknown>\n#12 0x55846d508e93 <unknown>\n#13 0x55846d55e098 <unknown>\n#14 0x55846d55e273 <unknown>\n#15 0x55846d5702c3 <unknown>\n#16 0x7fa96d49caa4 <unknown>\n#17 0x7fa96d529c6c <unknown>","time":{"start":1763199713470,"stop":1763199723833,"duration":10363}},{"uid":"e6714043b5b618fb","reportUrl":"https://Brain-up.github.io/auto-tests-python/748/#testresult/e6714043b5b618fb","status":"skipped","statusDetails":"XFAIL\n\nselenium.common.exceptions.TimeoutException: Message: Can't find element by locator ('xpath', '//button[@data-test-active-link=\"Words\"]')\nStacktrace:\n#0 0x5608f943baea <unknown>\n#1 0x5608f8e87cdb <unknown>\n#2 0x5608f8eda6c4 <unknown>\n#3 0x5608f8eda901 <unknown>\n#4 0x5608f8f298b4 <unknown>\n#5 0x5608f8f26c87 <unknown>\n#6 0x5608f8eccaca <unknown>\n#7 0x5608f8ecd7d1 <unknown>\n#8 0x5608f9402ab9 <unknown>\n#9 0x5608f9405a8c <unknown>\n#10 0x5608f93ebd49 <unknown>\n#11 0x5608f9406685 <unknown>\n#12 0x5608f93d36c3 <unknown>\n#13 0x5608f94287d8 <unknown>\n#14 0x5608f94289b3 <unknown>\n#15 0x5608f943aa83 <unknown>\n#16 0x7f4f1689caa4 <unknown>\n#17 0x7f4f16929c6c <unknown>","time":{"start":1763120991443,"stop":1763121001885,"duration":10442}},{"uid":"7ed063bd1753c3ed","reportUrl":"https://Brain-up.github.io/auto-tests-python/747/#testresult/7ed063bd1753c3ed","status":"skipped","statusDetails":"XFAIL\n\nselenium.common.exceptions.TimeoutException: Message: Can't find element by locator ('xpath', '//button[@data-test-active-link=\"Words\"]')\nStacktrace:\n#0 0x55b0c2451aea <unknown>\n#1 0x55b0c1e9dcdb <unknown>\n#2 0x55b0c1ef06c4 <unknown>\n#3 0x55b0c1ef0901 <unknown>\n#4 0x55b0c1f3f8b4 <unknown>\n#5 0x55b0c1f3cc87 <unknown>\n#6 0x55b0c1ee2aca <unknown>\n#7 0x55b0c1ee37d1 <unknown>\n#8 0x55b0c2418ab9 <unknown>\n#9 0x55b0c241ba8c <unknown>\n#10 0x55b0c2401d49 <unknown>\n#11 0x55b0c241c685 <unknown>\n#12 0x55b0c23e96c3 <unknown>\n#13 0x55b0c243e7d8 <unknown>\n#14 0x55b0c243e9b3 <unknown>\n#15 0x55b0c2450a83 <unknown>\n#16 0x7f1ac089caa4 <unknown>\n#17 0x7f1ac0929c6c <unknown>","time":{"start":1763039335041,"stop":1763039345380,"duration":10339}},{"uid":"edb2d6a8a138df19","reportUrl":"https://Brain-up.github.io/auto-tests-python/746/#testresult/edb2d6a8a138df19","status":"skipped","statusDetails":"XFAIL\n\nselenium.common.exceptions.TimeoutException: Message: Can't find element by locator ('xpath', '//button[@data-test-active-link=\"Words\"]')\nStacktrace:\n#0 0x55eaf1130aea <unknown>\n#1 0x55eaf0b7ccdb <unknown>\n#2 0x55eaf0bcf6c4 <unknown>\n#3 0x55eaf0bcf901 <unknown>\n#4 0x55eaf0c1e8b4 <unknown>\n#5 0x55eaf0c1bc87 <unknown>\n#6 0x55eaf0bc1aca <unknown>\n#7 0x55eaf0bc27d1 <unknown>\n#8 0x55eaf10f7ab9 <unknown>\n#9 0x55eaf10faa8c <unknown>\n#10 0x55eaf10e0d49 <unknown>\n#11 0x55eaf10fb685 <unknown>\n#12 0x55eaf10c86c3 <unknown>\n#13 0x55eaf111d7d8 <unknown>\n#14 0x55eaf111d9b3 <unknown>\n#15 0x55eaf112fa83 <unknown>\n#16 0x7f2a1789caa4 <unknown>\n#17 0x7f2a17929c6c <unknown>","time":{"start":1762956206379,"stop":1762956216728,"duration":10349}}]},"tags":["@pytest.mark.xfail"]},"source":"7e493163383f50f2.json","parameterValues":[]}