{"uid":"9302cdcaa542b43a","name":"Check statistic table.","fullName":"tests.test_speech_exercises_ru.TestCardsRU#test_get_statistic_data","historyId":"15df626f86a935fbcd917f7ea4002a26","time":{"start":1764760340683,"stop":1764760350948,"duration":10265},"status":"skipped","statusMessage":"XFAIL\n\nselenium.common.exceptions.TimeoutException: Message: Can't find element by locator ('xpath', '//div[@class=\"__51e19\"]')\nStacktrace:\n#0 0x559a377204ca <unknown>\n#1 0x559a3716ee4b <unknown>\n#2 0x559a371c1814 <unknown>\n#3 0x559a371c1a51 <unknown>\n#4 0x559a37210a44 <unknown>\n#5 0x559a3720ddf7 <unknown>\n#6 0x559a371b3c2a <unknown>\n#7 0x559a371b4931 <unknown>\n#8 0x559a376e6cf9 <unknown>\n#9 0x559a376e9cdc <unknown>\n#10 0x559a376cff79 <unknown>\n#11 0x559a376ea8b5 <unknown>\n#12 0x559a376b79c3 <unknown>\n#13 0x559a3770d228 <unknown>\n#14 0x559a3770d403 <unknown>\n#15 0x559a3771f463 <unknown>\n#16 0x7f545609caa4 <unknown>\n#17 0x7f5456129c6c <unknown>","statusTrace":"self = <tests.test_speech_exercises_ru.TestCardsRU object at 0x7f7570b06a50>\ndriver = <selenium.webdriver.chrome.webdriver.WebDriver (session=\"0efd57e74f02db5dc4474bf742dace3d\")>\ndefault_user_authorized = None\n\n    @pytest.mark.xfail\n    @allure.suite('Statistic.')\n    @allure.title('Check statistic table.')\n    def test_get_statistic_data(self, driver, default_user_authorized):\n        page = SpeechExercisesPageRU(driver)\n>       table = page.get_statistic_data()\n\ntests/test_speech_exercises_ru.py:192: \n_ _ _ _ _ _ _ _ _ _ _ _ _ _ _ _ _ _ _ _ _ _ _ _ _ _ _ _ _ _ _ _ _ _ _ _ _ _ _ _ \npages/speech_exercises_page_ru.py:174: in get_statistic_data\n    table = self.element_is_present(self.locators.AuthorizedUserHomePageLocators.STATISTIC_TABLE)\npages/base_page.py:32: in element_is_present\n    return Wait(self.driver, self.timeout).until(\n_ _ _ _ _ _ _ _ _ _ _ _ _ _ _ _ _ _ _ _ _ _ _ _ _ _ _ _ _ _ _ _ _ _ _ _ _ _ _ _ \n\nself = <selenium.webdriver.support.wait.WebDriverWait (session=\"0efd57e74f02db5dc4474bf742dace3d\")>\nmethod = <function presence_of_element_located.<locals>._predicate at 0x7f7570a29e40>\nmessage = 'Can\\'t find element by locator (\\'xpath\\', \\'//div[@class=\"__51e19\"]\\')'\n\n    def until(self, method, message: str = \"\"):\n        \"\"\"Calls the method provided with the driver as an argument until the \\\n        return value does not evaluate to ``False``.\n    \n        :param method: callable(WebDriver)\n        :param message: optional message for :exc:`TimeoutException`\n        :returns: the result of the last call to `method`\n        :raises: :exc:`selenium.common.exceptions.TimeoutException` if timeout occurs\n        \"\"\"\n        screen = None\n        stacktrace = None\n    \n        end_time = time.monotonic() + self._timeout\n        while True:\n            try:\n                value = method(self._driver)\n                if value:\n                    return value\n            except self._ignored_exceptions as exc:\n                screen = getattr(exc, \"screen\", None)\n                stacktrace = getattr(exc, \"stacktrace\", None)\n            time.sleep(self._poll)\n            if time.monotonic() > end_time:\n                break\n>       raise TimeoutException(message, screen, stacktrace)\nE       selenium.common.exceptions.TimeoutException: Message: Can't find element by locator ('xpath', '//div[@class=\"__51e19\"]')\nE       Stacktrace:\nE       #0 0x559a377204ca <unknown>\nE       #1 0x559a3716ee4b <unknown>\nE       #2 0x559a371c1814 <unknown>\nE       #3 0x559a371c1a51 <unknown>\nE       #4 0x559a37210a44 <unknown>\nE       #5 0x559a3720ddf7 <unknown>\nE       #6 0x559a371b3c2a <unknown>\nE       #7 0x559a371b4931 <unknown>\nE       #8 0x559a376e6cf9 <unknown>\nE       #9 0x559a376e9cdc <unknown>\nE       #10 0x559a376cff79 <unknown>\nE       #11 0x559a376ea8b5 <unknown>\nE       #12 0x559a376b79c3 <unknown>\nE       #13 0x559a3770d228 <unknown>\nE       #14 0x559a3770d403 <unknown>\nE       #15 0x559a3771f463 <unknown>\nE       #16 0x7f545609caa4 <unknown>\nE       #17 0x7f5456129c6c <unknown>\n\n/opt/hostedtoolcache/Python/3.12.12/x64/lib/python3.12/site-packages/selenium/webdriver/support/wait.py:95: TimeoutException","flaky":false,"newFailed":false,"newBroken":false,"newPassed":false,"retriesCount":0,"retriesStatusChange":false,"beforeStages":[{"name":"clear_allure_results_folder","time":{"start":1764759058388,"stop":1764759058388,"duration":0},"status":"passed","steps":[],"attachments":[],"parameters":[],"stepsCount":0,"shouldDisplayMessage":false,"attachmentsCount":0,"hasContent":false,"attachmentStep":false},{"name":"driver","time":{"start":1764760335168,"stop":1764760335922,"duration":754},"status":"passed","steps":[],"attachments":[],"parameters":[],"stepsCount":0,"shouldDisplayMessage":false,"attachmentsCount":0,"hasContent":false,"attachmentStep":false},{"name":"main_page_open","time":{"start":1764760335922,"stop":1764760338278,"duration":2356},"status":"passed","steps":[{"name":"Open page: https://www.brainup.site/","time":{"start":1764760335922,"stop":1764760338278,"duration":2356},"status":"passed","steps":[],"attachments":[],"parameters":[{"name":"driver","value":"<selenium.webdriver.chrome.webdriver.WebDriver (session=\"0efd57e74f02db5dc4474bf742dace3d\")>"}],"stepsCount":0,"shouldDisplayMessage":false,"attachmentsCount":0,"hasContent":true,"attachmentStep":false}],"attachments":[],"parameters":[],"stepsCount":1,"shouldDisplayMessage":false,"attachmentsCount":0,"hasContent":true,"attachmentStep":false},{"name":"default_user_authorized","time":{"start":1764760338278,"stop":1764760340683,"duration":2405},"status":"passed","steps":[{"name":"DEFAULT user authorized","time":{"start":1764760338278,"stop":1764760340683,"duration":2405},"status":"passed","steps":[{"name":"Check url is present: https://www.brainup.site/groups","time":{"start":1764760338642,"stop":1764760340660,"duration":2018},"status":"passed","steps":[],"attachments":[],"parameters":[],"stepsCount":0,"shouldDisplayMessage":false,"attachmentsCount":0,"hasContent":false,"attachmentStep":false},{"name":"Loader checking","time":{"start":1764760340661,"stop":1764760340683,"duration":22},"status":"passed","steps":[],"attachments":[],"parameters":[],"stepsCount":0,"shouldDisplayMessage":false,"attachmentsCount":0,"hasContent":false,"attachmentStep":false}],"attachments":[],"parameters":[{"name":"driver","value":"<selenium.webdriver.chrome.webdriver.WebDriver (session=\"0efd57e74f02db5dc4474bf742dace3d\")>"},{"name":"main_page_open","value":"None"}],"stepsCount":2,"shouldDisplayMessage":false,"attachmentsCount":0,"hasContent":true,"attachmentStep":false}],"attachments":[],"parameters":[],"stepsCount":3,"shouldDisplayMessage":false,"attachmentsCount":0,"hasContent":true,"attachmentStep":false}],"testStage":{"status":"skipped","statusMessage":"XFAIL\n\nselenium.common.exceptions.TimeoutException: Message: Can't find element by locator ('xpath', '//div[@class=\"__51e19\"]')\nStacktrace:\n#0 0x559a377204ca <unknown>\n#1 0x559a3716ee4b <unknown>\n#2 0x559a371c1814 <unknown>\n#3 0x559a371c1a51 <unknown>\n#4 0x559a37210a44 <unknown>\n#5 0x559a3720ddf7 <unknown>\n#6 0x559a371b3c2a <unknown>\n#7 0x559a371b4931 <unknown>\n#8 0x559a376e6cf9 <unknown>\n#9 0x559a376e9cdc <unknown>\n#10 0x559a376cff79 <unknown>\n#11 0x559a376ea8b5 <unknown>\n#12 0x559a376b79c3 <unknown>\n#13 0x559a3770d228 <unknown>\n#14 0x559a3770d403 <unknown>\n#15 0x559a3771f463 <unknown>\n#16 0x7f545609caa4 <unknown>\n#17 0x7f5456129c6c <unknown>","statusTrace":"self = <tests.test_speech_exercises_ru.TestCardsRU object at 0x7f7570b06a50>\ndriver = <selenium.webdriver.chrome.webdriver.WebDriver (session=\"0efd57e74f02db5dc4474bf742dace3d\")>\ndefault_user_authorized = None\n\n    @pytest.mark.xfail\n    @allure.suite('Statistic.')\n    @allure.title('Check statistic table.')\n    def test_get_statistic_data(self, driver, default_user_authorized):\n        page = SpeechExercisesPageRU(driver)\n>       table = page.get_statistic_data()\n\ntests/test_speech_exercises_ru.py:192: \n_ _ _ _ _ _ _ _ _ _ _ _ _ _ _ _ _ _ _ _ _ _ _ _ _ _ _ _ _ _ _ _ _ _ _ _ _ _ _ _ \npages/speech_exercises_page_ru.py:174: in get_statistic_data\n    table = self.element_is_present(self.locators.AuthorizedUserHomePageLocators.STATISTIC_TABLE)\npages/base_page.py:32: in element_is_present\n    return Wait(self.driver, self.timeout).until(\n_ _ _ _ _ _ _ _ _ _ _ _ _ _ _ _ _ _ _ _ _ _ _ _ _ _ _ _ _ _ _ _ _ _ _ _ _ _ _ _ \n\nself = <selenium.webdriver.support.wait.WebDriverWait (session=\"0efd57e74f02db5dc4474bf742dace3d\")>\nmethod = <function presence_of_element_located.<locals>._predicate at 0x7f7570a29e40>\nmessage = 'Can\\'t find element by locator (\\'xpath\\', \\'//div[@class=\"__51e19\"]\\')'\n\n    def until(self, method, message: str = \"\"):\n        \"\"\"Calls the method provided with the driver as an argument until the \\\n        return value does not evaluate to ``False``.\n    \n        :param method: callable(WebDriver)\n        :param message: optional message for :exc:`TimeoutException`\n        :returns: the result of the last call to `method`\n        :raises: :exc:`selenium.common.exceptions.TimeoutException` if timeout occurs\n        \"\"\"\n        screen = None\n        stacktrace = None\n    \n        end_time = time.monotonic() + self._timeout\n        while True:\n            try:\n                value = method(self._driver)\n                if value:\n                    return value\n            except self._ignored_exceptions as exc:\n                screen = getattr(exc, \"screen\", None)\n                stacktrace = getattr(exc, \"stacktrace\", None)\n            time.sleep(self._poll)\n            if time.monotonic() > end_time:\n                break\n>       raise TimeoutException(message, screen, stacktrace)\nE       selenium.common.exceptions.TimeoutException: Message: Can't find element by locator ('xpath', '//div[@class=\"__51e19\"]')\nE       Stacktrace:\nE       #0 0x559a377204ca <unknown>\nE       #1 0x559a3716ee4b <unknown>\nE       #2 0x559a371c1814 <unknown>\nE       #3 0x559a371c1a51 <unknown>\nE       #4 0x559a37210a44 <unknown>\nE       #5 0x559a3720ddf7 <unknown>\nE       #6 0x559a371b3c2a <unknown>\nE       #7 0x559a371b4931 <unknown>\nE       #8 0x559a376e6cf9 <unknown>\nE       #9 0x559a376e9cdc <unknown>\nE       #10 0x559a376cff79 <unknown>\nE       #11 0x559a376ea8b5 <unknown>\nE       #12 0x559a376b79c3 <unknown>\nE       #13 0x559a3770d228 <unknown>\nE       #14 0x559a3770d403 <unknown>\nE       #15 0x559a3771f463 <unknown>\nE       #16 0x7f545609caa4 <unknown>\nE       #17 0x7f5456129c6c <unknown>\n\n/opt/hostedtoolcache/Python/3.12.12/x64/lib/python3.12/site-packages/selenium/webdriver/support/wait.py:95: TimeoutException","steps":[{"name":"get_statistic_data","time":{"start":1764760340684,"stop":1764760350948,"duration":10264},"status":"broken","statusMessage":"selenium.common.exceptions.TimeoutException: Message: Can't find element by locator ('xpath', '//div[@class=\"__51e19\"]')\nStacktrace:\n#0 0x559a377204ca <unknown>\n#1 0x559a3716ee4b <unknown>\n#2 0x559a371c1814 <unknown>\n#3 0x559a371c1a51 <unknown>\n#4 0x559a37210a44 <unknown>\n#5 0x559a3720ddf7 <unknown>\n#6 0x559a371b3c2a <unknown>\n#7 0x559a371b4931 <unknown>\n#8 0x559a376e6cf9 <unknown>\n#9 0x559a376e9cdc <unknown>\n#10 0x559a376cff79 <unknown>\n#11 0x559a376ea8b5 <unknown>\n#12 0x559a376b79c3 <unknown>\n#13 0x559a3770d228 <unknown>\n#14 0x559a3770d403 <unknown>\n#15 0x559a3771f463 <unknown>\n#16 0x7f545609caa4 <unknown>\n#17 0x7f5456129c6c <unknown>\n\n","statusTrace":"  File \"/opt/hostedtoolcache/Python/3.12.12/x64/lib/python3.12/site-packages/allure_commons/_allure.py\", line 192, in impl\n    return func(*a, **kw)\n           ^^^^^^^^^^^^^^\n  File \"/home/runner/work/auto-tests-python/auto-tests-python/pages/speech_exercises_page_ru.py\", line 174, in get_statistic_data\n    table = self.element_is_present(self.locators.AuthorizedUserHomePageLocators.STATISTIC_TABLE)\n            ^^^^^^^^^^^^^^^^^^^^^^^^^^^^^^^^^^^^^^^^^^^^^^^^^^^^^^^^^^^^^^^^^^^^^^^^^^^^^^^^^^^^^\n  File \"/home/runner/work/auto-tests-python/auto-tests-python/pages/base_page.py\", line 32, in element_is_present\n    return Wait(self.driver, self.timeout).until(\n           ^^^^^^^^^^^^^^^^^^^^^^^^^^^^^^^^^^^^^^\n  File \"/opt/hostedtoolcache/Python/3.12.12/x64/lib/python3.12/site-packages/selenium/webdriver/support/wait.py\", line 95, in until\n    raise TimeoutException(message, screen, stacktrace)\n","steps":[{"name":"Click button \"Статистика\"\".","time":{"start":1764760340684,"stop":1764760340753,"duration":69},"status":"passed","steps":[],"attachments":[],"parameters":[],"stepsCount":0,"shouldDisplayMessage":false,"attachmentsCount":0,"hasContent":false,"attachmentStep":false},{"name":"Check statistic table is present and scroll to table","time":{"start":1764760340753,"stop":1764760350947,"duration":10194},"status":"broken","statusMessage":"selenium.common.exceptions.TimeoutException: Message: Can't find element by locator ('xpath', '//div[@class=\"__51e19\"]')\nStacktrace:\n#0 0x559a377204ca <unknown>\n#1 0x559a3716ee4b <unknown>\n#2 0x559a371c1814 <unknown>\n#3 0x559a371c1a51 <unknown>\n#4 0x559a37210a44 <unknown>\n#5 0x559a3720ddf7 <unknown>\n#6 0x559a371b3c2a <unknown>\n#7 0x559a371b4931 <unknown>\n#8 0x559a376e6cf9 <unknown>\n#9 0x559a376e9cdc <unknown>\n#10 0x559a376cff79 <unknown>\n#11 0x559a376ea8b5 <unknown>\n#12 0x559a376b79c3 <unknown>\n#13 0x559a3770d228 <unknown>\n#14 0x559a3770d403 <unknown>\n#15 0x559a3771f463 <unknown>\n#16 0x7f545609caa4 <unknown>\n#17 0x7f5456129c6c <unknown>\n\n","statusTrace":"  File \"/home/runner/work/auto-tests-python/auto-tests-python/pages/speech_exercises_page_ru.py\", line 174, in get_statistic_data\n    table = self.element_is_present(self.locators.AuthorizedUserHomePageLocators.STATISTIC_TABLE)\n            ^^^^^^^^^^^^^^^^^^^^^^^^^^^^^^^^^^^^^^^^^^^^^^^^^^^^^^^^^^^^^^^^^^^^^^^^^^^^^^^^^^^^^\n  File \"/home/runner/work/auto-tests-python/auto-tests-python/pages/base_page.py\", line 32, in element_is_present\n    return Wait(self.driver, self.timeout).until(\n           ^^^^^^^^^^^^^^^^^^^^^^^^^^^^^^^^^^^^^^\n  File \"/opt/hostedtoolcache/Python/3.12.12/x64/lib/python3.12/site-packages/selenium/webdriver/support/wait.py\", line 95, in until\n    raise TimeoutException(message, screen, stacktrace)\n","steps":[],"attachments":[],"parameters":[],"stepsCount":0,"shouldDisplayMessage":true,"attachmentsCount":0,"hasContent":true,"attachmentStep":false}],"attachments":[],"parameters":[],"stepsCount":2,"shouldDisplayMessage":false,"attachmentsCount":0,"hasContent":true,"attachmentStep":false}],"attachments":[],"parameters":[],"stepsCount":3,"shouldDisplayMessage":true,"attachmentsCount":0,"hasContent":true,"attachmentStep":false},"afterStages":[{"name":"driver::0","time":{"start":1764760350962,"stop":1764760351031,"duration":69},"status":"passed","steps":[],"attachments":[],"parameters":[],"stepsCount":0,"shouldDisplayMessage":false,"attachmentsCount":0,"hasContent":false,"attachmentStep":false}],"labels":[{"name":"epic","value":"Speech exercises."},{"name":"suite","value":"Statistic."},{"name":"tag","value":"@pytest.mark.xfail"},{"name":"parentSuite","value":"tests"},{"name":"subSuite","value":"TestCardsRU"},{"name":"host","value":"runnervmoqczp"},{"name":"thread","value":"3231-MainThread"},{"name":"framework","value":"pytest"},{"name":"language","value":"cpython3"},{"name":"package","value":"tests.test_speech_exercises_ru"},{"name":"resultFormat","value":"allure2"}],"parameters":[],"links":[],"hidden":false,"retry":false,"extra":{"severity":"normal","retries":[],"categories":[],"history":{"statistic":{"failed":0,"broken":0,"skipped":28,"passed":4,"unknown":0,"total":32},"items":[{"uid":"5c1d9512730a6baa","reportUrl":"https://Brain-up.github.io/auto-tests-python/765/#testresult/5c1d9512730a6baa","status":"skipped","statusDetails":"XFAIL\n\nselenium.common.exceptions.TimeoutException: Message: Can't find element by locator ('xpath', '//div[@class=\"__51e19\"]')\nStacktrace:\n#0 0x563e0198432a <unknown>\n#1 0x563e013d0e4b <unknown>\n#2 0x563e0142382b <unknown>\n#3 0x563e01423a61 <unknown>\n#4 0x563e01472a44 <unknown>\n#5 0x563e0146fdf7 <unknown>\n#6 0x563e01415c1a <unknown>\n#7 0x563e01416921 <unknown>\n#8 0x563e0194b239 <unknown>\n#9 0x563e0194e1e8 <unknown>\n#10 0x563e019344c9 <unknown>\n#11 0x563e0194edb5 <unknown>\n#12 0x563e0191be93 <unknown>\n#13 0x563e01971098 <unknown>\n#14 0x563e01971273 <unknown>\n#15 0x563e019832c3 <unknown>\n#16 0x7f8b2d69caa4 <unknown>\n#17 0x7f8b2d729c6c <unknown>","time":{"start":1764674812290,"stop":1764674822615,"duration":10325}},{"uid":"1a8b2ef165bf3c8f","reportUrl":"https://Brain-up.github.io/auto-tests-python/764/#testresult/1a8b2ef165bf3c8f","status":"skipped","statusDetails":"XFAIL\n\nselenium.common.exceptions.TimeoutException: Message: Can't find element by locator ('xpath', '//div[@class=\"__51e19\"]')\nStacktrace:\n#0 0x55676b2dc32a <unknown>\n#1 0x55676ad28e4b <unknown>\n#2 0x55676ad7b82b <unknown>\n#3 0x55676ad7ba61 <unknown>\n#4 0x55676adcaa44 <unknown>\n#5 0x55676adc7df7 <unknown>\n#6 0x55676ad6dc1a <unknown>\n#7 0x55676ad6e921 <unknown>\n#8 0x55676b2a3239 <unknown>\n#9 0x55676b2a61e8 <unknown>\n#10 0x55676b28c4c9 <unknown>\n#11 0x55676b2a6db5 <unknown>\n#12 0x55676b273e93 <unknown>\n#13 0x55676b2c9098 <unknown>\n#14 0x55676b2c9273 <unknown>\n#15 0x55676b2db2c3 <unknown>\n#16 0x7fb37bc9caa4 <unknown>\n#17 0x7fb37bd29c6c <unknown>","time":{"start":1764588678511,"stop":1764588688771,"duration":10260}},{"uid":"ea87dd4b8f33a431","reportUrl":"https://Brain-up.github.io/auto-tests-python/763/#testresult/ea87dd4b8f33a431","status":"skipped","statusDetails":"XFAIL\n\nselenium.common.exceptions.TimeoutException: Message: Can't find element by locator ('xpath', '//div[@class=\"__51e19\"]')\nStacktrace:\n#0 0x556e06ab232a <unknown>\n#1 0x556e064fee4b <unknown>\n#2 0x556e0655182b <unknown>\n#3 0x556e06551a61 <unknown>\n#4 0x556e065a0a44 <unknown>\n#5 0x556e0659ddf7 <unknown>\n#6 0x556e06543c1a <unknown>\n#7 0x556e06544921 <unknown>\n#8 0x556e06a79239 <unknown>\n#9 0x556e06a7c1e8 <unknown>\n#10 0x556e06a624c9 <unknown>\n#11 0x556e06a7cdb5 <unknown>\n#12 0x556e06a49e93 <unknown>\n#13 0x556e06a9f098 <unknown>\n#14 0x556e06a9f273 <unknown>\n#15 0x556e06ab12c3 <unknown>\n#16 0x7fd15fa9caa4 <unknown>\n#17 0x7fd15fb29c6c <unknown>","time":{"start":1764490315262,"stop":1764490325532,"duration":10270}},{"uid":"9e84eaf8279d818f","reportUrl":"https://Brain-up.github.io/auto-tests-python/762/#testresult/9e84eaf8279d818f","status":"skipped","statusDetails":"XFAIL\n\nselenium.common.exceptions.TimeoutException: Message: Can't find element by locator ('xpath', '//div[@class=\"__51e19\"]')\nStacktrace:\n#0 0x555f7c9f632a <unknown>\n#1 0x555f7c442e4b <unknown>\n#2 0x555f7c49582b <unknown>\n#3 0x555f7c495a61 <unknown>\n#4 0x555f7c4e4a44 <unknown>\n#5 0x555f7c4e1df7 <unknown>\n#6 0x555f7c487c1a <unknown>\n#7 0x555f7c488921 <unknown>\n#8 0x555f7c9bd239 <unknown>\n#9 0x555f7c9c01e8 <unknown>\n#10 0x555f7c9a64c9 <unknown>\n#11 0x555f7c9c0db5 <unknown>\n#12 0x555f7c98de93 <unknown>\n#13 0x555f7c9e3098 <unknown>\n#14 0x555f7c9e3273 <unknown>\n#15 0x555f7c9f52c3 <unknown>\n#16 0x7f066849caa4 <unknown>\n#17 0x7f0668529c6c <unknown>","time":{"start":1764423019050,"stop":1764423029403,"duration":10353}},{"uid":"6101b4094bdbc3b6","reportUrl":"https://Brain-up.github.io/auto-tests-python/761/#testresult/6101b4094bdbc3b6","status":"skipped","statusDetails":"XFAIL\n\nselenium.common.exceptions.StaleElementReferenceException: Message: stale element reference: stale element not found in the current frame\n  (Session info: chrome=142.0.7444.162); For documentation on this error, please visit: https://www.selenium.dev/documentation/webdriver/troubleshooting/errors#stale-element-reference-exception\nStacktrace:\n#0 0x5600bd11232a <unknown>\n#1 0x5600bcb5ee4b <unknown>\n#2 0x5600bcb65d06 <unknown>\n#3 0x5600bcb68483 <unknown>\n#4 0x5600bcb68553 <unknown>\n#5 0x5600bcbabd7d <unknown>\n#6 0x5600bcba54d7 <unknown>\n#7 0x5600bcbfddf7 <unknown>\n#8 0x5600bcba3c1a <unknown>\n#9 0x5600bcba4921 <unknown>\n#10 0x5600bd0d9239 <unknown>\n#11 0x5600bd0dc1e8 <unknown>\n#12 0x5600bd0c24c9 <unknown>\n#13 0x5600bd0dcdb5 <unknown>\n#14 0x5600bd0a9e93 <unknown>\n#15 0x5600bd0ff098 <unknown>\n#16 0x5600bd0ff273 <unknown>\n#17 0x5600bd1112c3 <unknown>\n#18 0x7ff75ca9caa4 <unknown>\n#19 0x7ff75cb29c6c <unknown>","time":{"start":1764329600536,"stop":1764329602404,"duration":1868}},{"uid":"477a734b9acbdf0","reportUrl":"https://Brain-up.github.io/auto-tests-python/760/#testresult/477a734b9acbdf0","status":"skipped","statusDetails":"XFAIL\n\nselenium.common.exceptions.TimeoutException: Message: Can't find element by locator ('xpath', '//div[@class=\"__51e19\"]')\nStacktrace:\n#0 0x564af1ea932a <unknown>\n#1 0x564af18f5e4b <unknown>\n#2 0x564af194882b <unknown>\n#3 0x564af1948a61 <unknown>\n#4 0x564af1997a44 <unknown>\n#5 0x564af1994df7 <unknown>\n#6 0x564af193ac1a <unknown>\n#7 0x564af193b921 <unknown>\n#8 0x564af1e70239 <unknown>\n#9 0x564af1e731e8 <unknown>\n#10 0x564af1e594c9 <unknown>\n#11 0x564af1e73db5 <unknown>\n#12 0x564af1e40e93 <unknown>\n#13 0x564af1e96098 <unknown>\n#14 0x564af1e96273 <unknown>\n#15 0x564af1ea82c3 <unknown>\n#16 0x7f9b5909caa4 <unknown>\n#17 0x7f9b59129c6c <unknown>","time":{"start":1764258305429,"stop":1764258315675,"duration":10246}},{"uid":"f2aab12793a3de20","reportUrl":"https://Brain-up.github.io/auto-tests-python/759/#testresult/f2aab12793a3de20","status":"passed","statusDetails":"XPASS","time":{"start":1764069927176,"stop":1764069928573,"duration":1397}},{"uid":"9f0ad2a019311d13","reportUrl":"https://Brain-up.github.io/auto-tests-python/758/#testresult/9f0ad2a019311d13","status":"skipped","statusDetails":"XFAIL\n\nselenium.common.exceptions.TimeoutException: Message: Can't find element by locator ('xpath', '//div[@class=\"__51e19\"]')\nStacktrace:\n#0 0x55b22d14a32a <unknown>\n#1 0x55b22cb96e4b <unknown>\n#2 0x55b22cbe982b <unknown>\n#3 0x55b22cbe9a61 <unknown>\n#4 0x55b22cc38a44 <unknown>\n#5 0x55b22cc35df7 <unknown>\n#6 0x55b22cbdbc1a <unknown>\n#7 0x55b22cbdc921 <unknown>\n#8 0x55b22d111239 <unknown>\n#9 0x55b22d1141e8 <unknown>\n#10 0x55b22d0fa4c9 <unknown>\n#11 0x55b22d114db5 <unknown>\n#12 0x55b22d0e1e93 <unknown>\n#13 0x55b22d137098 <unknown>\n#14 0x55b22d137273 <unknown>\n#15 0x55b22d1492c3 <unknown>\n#16 0x7fa8cf89caa4 <unknown>\n#17 0x7fa8cf929c6c <unknown>","time":{"start":1764011747488,"stop":1764011757812,"duration":10324}},{"uid":"b6e544b80c68d621","reportUrl":"https://Brain-up.github.io/auto-tests-python/757/#testresult/b6e544b80c68d621","status":"skipped","statusDetails":"XFAIL\n\nselenium.common.exceptions.TimeoutException: Message: Can't find element by locator ('xpath', '//div[@class=\"__51e19\"]')\nStacktrace:\n#0 0x55c60d84a32a <unknown>\n#1 0x55c60d296e4b <unknown>\n#2 0x55c60d2e982b <unknown>\n#3 0x55c60d2e9a61 <unknown>\n#4 0x55c60d338a44 <unknown>\n#5 0x55c60d335df7 <unknown>\n#6 0x55c60d2dbc1a <unknown>\n#7 0x55c60d2dc921 <unknown>\n#8 0x55c60d811239 <unknown>\n#9 0x55c60d8141e8 <unknown>\n#10 0x55c60d7fa4c9 <unknown>\n#11 0x55c60d814db5 <unknown>\n#12 0x55c60d7e1e93 <unknown>\n#13 0x55c60d837098 <unknown>\n#14 0x55c60d837273 <unknown>\n#15 0x55c60d8492c3 <unknown>\n#16 0x7f645ae9caa4 <unknown>\n#17 0x7f645af29c6c <unknown>","time":{"start":1763904323472,"stop":1763904333687,"duration":10215}},{"uid":"71a5f2761e8dc628","reportUrl":"https://Brain-up.github.io/auto-tests-python/756/#testresult/71a5f2761e8dc628","status":"skipped","statusDetails":"XFAIL\n\nselenium.common.exceptions.TimeoutException: Message: Can't find element by locator ('xpath', '//div[@class=\"__51e19\"]')\nStacktrace:\n#0 0x556195fa632a <unknown>\n#1 0x5561959f2e4b <unknown>\n#2 0x556195a4582b <unknown>\n#3 0x556195a45a61 <unknown>\n#4 0x556195a94a44 <unknown>\n#5 0x556195a91df7 <unknown>\n#6 0x556195a37c1a <unknown>\n#7 0x556195a38921 <unknown>\n#8 0x556195f6d239 <unknown>\n#9 0x556195f701e8 <unknown>\n#10 0x556195f564c9 <unknown>\n#11 0x556195f70db5 <unknown>\n#12 0x556195f3de93 <unknown>\n#13 0x556195f93098 <unknown>\n#14 0x556195f93273 <unknown>\n#15 0x556195fa52c3 <unknown>\n#16 0x7f9640c9caa4 <unknown>\n#17 0x7f9640d29c6c <unknown>","time":{"start":1763826178845,"stop":1763826189203,"duration":10358}},{"uid":"63f980922112d17d","reportUrl":"https://Brain-up.github.io/auto-tests-python/755/#testresult/63f980922112d17d","status":"skipped","statusDetails":"XFAIL\n\nselenium.common.exceptions.TimeoutException: Message: Can't find element by locator ('xpath', '//div[@class=\"__51e19\"]')\nStacktrace:\n#0 0x563d7075732a <unknown>\n#1 0x563d701a3e4b <unknown>\n#2 0x563d701f682b <unknown>\n#3 0x563d701f6a61 <unknown>\n#4 0x563d70245a44 <unknown>\n#5 0x563d70242df7 <unknown>\n#6 0x563d701e8c1a <unknown>\n#7 0x563d701e9921 <unknown>\n#8 0x563d7071e239 <unknown>\n#9 0x563d707211e8 <unknown>\n#10 0x563d707074c9 <unknown>\n#11 0x563d70721db5 <unknown>\n#12 0x563d706eee93 <unknown>\n#13 0x563d70744098 <unknown>\n#14 0x563d70744273 <unknown>\n#15 0x563d707562c3 <unknown>\n#16 0x7fdb2129caa4 <unknown>\n#17 0x7fdb21329c6c <unknown>","time":{"start":1763700857508,"stop":1763700867782,"duration":10274}},{"uid":"576fd1ee2cc473","reportUrl":"https://Brain-up.github.io/auto-tests-python/754/#testresult/576fd1ee2cc473","status":"skipped","statusDetails":"XFAIL\n\nselenium.common.exceptions.TimeoutException: Message: Can't find element by locator ('xpath', '//div[@class=\"__51e19\"]')\nStacktrace:\n#0 0x56235a0d532a <unknown>\n#1 0x562359b21e4b <unknown>\n#2 0x562359b7482b <unknown>\n#3 0x562359b74a61 <unknown>\n#4 0x562359bc3a44 <unknown>\n#5 0x562359bc0df7 <unknown>\n#6 0x562359b66c1a <unknown>\n#7 0x562359b67921 <unknown>\n#8 0x56235a09c239 <unknown>\n#9 0x56235a09f1e8 <unknown>\n#10 0x56235a0854c9 <unknown>\n#11 0x56235a09fdb5 <unknown>\n#12 0x56235a06ce93 <unknown>\n#13 0x56235a0c2098 <unknown>\n#14 0x56235a0c2273 <unknown>\n#15 0x56235a0d42c3 <unknown>\n#16 0x7faff069caa4 <unknown>\n#17 0x7faff0729c6c <unknown>","time":{"start":1763644248423,"stop":1763644258689,"duration":10266}},{"uid":"c0bad1592f9a760d","reportUrl":"https://Brain-up.github.io/auto-tests-python/753/#testresult/c0bad1592f9a760d","status":"skipped","statusDetails":"XFAIL\n\nselenium.common.exceptions.TimeoutException: Message: Can't find element by locator ('xpath', '//div[@class=\"__51e19\"]')\nStacktrace:\n#0 0x55892bf4432a <unknown>\n#1 0x55892b990e4b <unknown>\n#2 0x55892b9e382b <unknown>\n#3 0x55892b9e3a61 <unknown>\n#4 0x55892ba32a44 <unknown>\n#5 0x55892ba2fdf7 <unknown>\n#6 0x55892b9d5c1a <unknown>\n#7 0x55892b9d6921 <unknown>\n#8 0x55892bf0b239 <unknown>\n#9 0x55892bf0e1e8 <unknown>\n#10 0x55892bef44c9 <unknown>\n#11 0x55892bf0edb5 <unknown>\n#12 0x55892bedbe93 <unknown>\n#13 0x55892bf31098 <unknown>\n#14 0x55892bf31273 <unknown>\n#15 0x55892bf432c3 <unknown>\n#16 0x7ff1c789caa4 <unknown>\n#17 0x7ff1c7929c6c <unknown>","time":{"start":1763553514751,"stop":1763553525058,"duration":10307}},{"uid":"49933fba54a369ea","reportUrl":"https://Brain-up.github.io/auto-tests-python/752/#testresult/49933fba54a369ea","status":"skipped","statusDetails":"XFAIL\n\nselenium.common.exceptions.TimeoutException: Message: Can't find element by locator ('xpath', '//div[@class=\"__51e19\"]')\nStacktrace:\n#0 0x555980ce732a <unknown>\n#1 0x555980733e4b <unknown>\n#2 0x55598078682b <unknown>\n#3 0x555980786a61 <unknown>\n#4 0x5559807d5a44 <unknown>\n#5 0x5559807d2df7 <unknown>\n#6 0x555980778c1a <unknown>\n#7 0x555980779921 <unknown>\n#8 0x555980cae239 <unknown>\n#9 0x555980cb11e8 <unknown>\n#10 0x555980c974c9 <unknown>\n#11 0x555980cb1db5 <unknown>\n#12 0x555980c7ee93 <unknown>\n#13 0x555980cd4098 <unknown>\n#14 0x555980cd4273 <unknown>\n#15 0x555980ce62c3 <unknown>\n#16 0x7f616449caa4 <unknown>\n#17 0x7f6164529c6c <unknown>","time":{"start":1763464025481,"stop":1763464035762,"duration":10281}},{"uid":"fe64722e3608bd8d","reportUrl":"https://Brain-up.github.io/auto-tests-python/751/#testresult/fe64722e3608bd8d","status":"passed","statusDetails":"XPASS","time":{"start":1763380182645,"stop":1763380184018,"duration":1373}},{"uid":"8a4e8266ca38b4d","reportUrl":"https://Brain-up.github.io/auto-tests-python/750/#testresult/8a4e8266ca38b4d","status":"skipped","statusDetails":"XFAIL\n\nselenium.common.exceptions.TimeoutException: Message: Can't find element by locator ('xpath', '//div[@class=\"__51e19\"]')\nStacktrace:\n#0 0x56038260532a <unknown>\n#1 0x560382051e4b <unknown>\n#2 0x5603820a482b <unknown>\n#3 0x5603820a4a61 <unknown>\n#4 0x5603820f3a44 <unknown>\n#5 0x5603820f0df7 <unknown>\n#6 0x560382096c1a <unknown>\n#7 0x560382097921 <unknown>\n#8 0x5603825cc239 <unknown>\n#9 0x5603825cf1e8 <unknown>\n#10 0x5603825b54c9 <unknown>\n#11 0x5603825cfdb5 <unknown>\n#12 0x56038259ce93 <unknown>\n#13 0x5603825f2098 <unknown>\n#14 0x5603825f2273 <unknown>\n#15 0x5603826042c3 <unknown>\n#16 0x7f6017e9caa4 <unknown>\n#17 0x7f6017f29c6c <unknown>","time":{"start":1763296265954,"stop":1763296276211,"duration":10257}},{"uid":"5a8ea4cad0b4898f","reportUrl":"https://Brain-up.github.io/auto-tests-python/749/#testresult/5a8ea4cad0b4898f","status":"skipped","statusDetails":"XFAIL\n\nselenium.common.exceptions.TimeoutException: Message: Can't find element by locator ('xpath', '//div[@class=\"__51e19\"]')\nStacktrace:\n#0 0x56374a20732a <unknown>\n#1 0x563749c53e4b <unknown>\n#2 0x563749ca682b <unknown>\n#3 0x563749ca6a61 <unknown>\n#4 0x563749cf5a44 <unknown>\n#5 0x563749cf2df7 <unknown>\n#6 0x563749c98c1a <unknown>\n#7 0x563749c99921 <unknown>\n#8 0x56374a1ce239 <unknown>\n#9 0x56374a1d11e8 <unknown>\n#10 0x56374a1b74c9 <unknown>\n#11 0x56374a1d1db5 <unknown>\n#12 0x56374a19ee93 <unknown>\n#13 0x56374a1f4098 <unknown>\n#14 0x56374a1f4273 <unknown>\n#15 0x56374a2062c3 <unknown>\n#16 0x7fe018c9caa4 <unknown>\n#17 0x7fe018d29c6c <unknown>","time":{"start":1763199908616,"stop":1763199918882,"duration":10266}},{"uid":"86aa2f1993f9a1e1","reportUrl":"https://Brain-up.github.io/auto-tests-python/748/#testresult/86aa2f1993f9a1e1","status":"passed","statusDetails":"XPASS","time":{"start":1763121174625,"stop":1763121176971,"duration":2346}},{"uid":"b32b496def8d326b","reportUrl":"https://Brain-up.github.io/auto-tests-python/747/#testresult/b32b496def8d326b","status":"skipped","statusDetails":"XFAIL\n\nselenium.common.exceptions.TimeoutException: Message: Can't find element by locator ('xpath', '//div[@class=\"__51e19\"]')\nStacktrace:\n#0 0x55e785601aea <unknown>\n#1 0x55e78504dcdb <unknown>\n#2 0x55e7850a06c4 <unknown>\n#3 0x55e7850a0901 <unknown>\n#4 0x55e7850ef8b4 <unknown>\n#5 0x55e7850ecc87 <unknown>\n#6 0x55e785092aca <unknown>\n#7 0x55e7850937d1 <unknown>\n#8 0x55e7855c8ab9 <unknown>\n#9 0x55e7855cba8c <unknown>\n#10 0x55e7855b1d49 <unknown>\n#11 0x55e7855cc685 <unknown>\n#12 0x55e7855996c3 <unknown>\n#13 0x55e7855ee7d8 <unknown>\n#14 0x55e7855ee9b3 <unknown>\n#15 0x55e785600a83 <unknown>\n#16 0x7f4af9e9caa4 <unknown>\n#17 0x7f4af9f29c6c <unknown>","time":{"start":1763039529420,"stop":1763039539698,"duration":10278}},{"uid":"2c1b66a61b9732eb","reportUrl":"https://Brain-up.github.io/auto-tests-python/746/#testresult/2c1b66a61b9732eb","status":"skipped","statusDetails":"XFAIL\n\nselenium.common.exceptions.TimeoutException: Message: Can't find element by locator ('xpath', '//div[@class=\"__51e19\"]')\nStacktrace:\n#0 0x55d3b13ebaea <unknown>\n#1 0x55d3b0e37cdb <unknown>\n#2 0x55d3b0e8a6c4 <unknown>\n#3 0x55d3b0e8a901 <unknown>\n#4 0x55d3b0ed98b4 <unknown>\n#5 0x55d3b0ed6c87 <unknown>\n#6 0x55d3b0e7caca <unknown>\n#7 0x55d3b0e7d7d1 <unknown>\n#8 0x55d3b13b2ab9 <unknown>\n#9 0x55d3b13b5a8c <unknown>\n#10 0x55d3b139bd49 <unknown>\n#11 0x55d3b13b6685 <unknown>\n#12 0x55d3b13836c3 <unknown>\n#13 0x55d3b13d87d8 <unknown>\n#14 0x55d3b13d89b3 <unknown>\n#15 0x55d3b13eaa83 <unknown>\n#16 0x7fe47f49caa4 <unknown>\n#17 0x7fe47f529c6c <unknown>","time":{"start":1762956387507,"stop":1762956397774,"duration":10267}}]},"tags":["@pytest.mark.xfail"]},"source":"9302cdcaa542b43a.json","parameterValues":[]}