{"uid":"bbf06da7de192a26","name":"Verify sizes of images in contributor cards in grids","fullName":"tests.contributors_page_test.TestContributorCardImages#test_cnp_04_02_verify_images_sizes_in_cards","historyId":"77bc5d9c5052de5e9564db64c06c3e71","time":{"start":1768820016856,"stop":1768820016856,"duration":0},"status":"broken","statusMessage":"selenium.common.exceptions.TimeoutException: Message: Can't find element by locator ('tag name', 'h2')\nStacktrace:\n#0 0x55820ac8a40a <unknown>\n#1 0x55820a6be76b <unknown>\n#2 0x55820a70fe88 <unknown>\n#3 0x55820a7100c1 <unknown>\n#4 0x55820a75e2c4 <unknown>\n#5 0x55820a75b760 <unknown>\n#6 0x55820a7027b2 <unknown>\n#7 0x55820a703461 <unknown>\n#8 0x55820ac52df9 <unknown>\n#9 0x55820ac55d5d <unknown>\n#10 0x55820ac3bb41 <unknown>\n#11 0x55820ac5693b <unknown>\n#12 0x55820ac22870 <unknown>\n#13 0x55820ac77828 <unknown>\n#14 0x55820ac779fc <unknown>\n#15 0x55820ac89763 <unknown>\n#16 0x7f96fec9caa4 <unknown>\n#17 0x7f96fed29c6c <unknown>","statusTrace":"driver = <selenium.webdriver.chrome.webdriver.WebDriver (session=\"1d1c87c9918a95f2df47aff090e60a33\")>\n\n    @pytest.fixture()\n    @allure.step(f'Open page: {MainPageLinks.URL_CONTRIBUTORS_PAGE}')\n    def contributors_page_open(driver):\n        driver.get(MainPageLinks.URL_CONTRIBUTORS_PAGE)\n        page = ContributorsPage(driver)\n>       page.element_is_present(ContributorsPageLocators.PAGE_TITLE)\n\ntests/conftest.py:40: \n_ _ _ _ _ _ _ _ _ _ _ _ _ _ _ _ _ _ _ _ _ _ _ _ _ _ _ _ _ _ _ _ _ _ _ _ _ _ _ _ \npages/base_page.py:32: in element_is_present\n    return Wait(self.driver, self.timeout).until(\n_ _ _ _ _ _ _ _ _ _ _ _ _ _ _ _ _ _ _ _ _ _ _ _ _ _ _ _ _ _ _ _ _ _ _ _ _ _ _ _ \n\nself = <selenium.webdriver.support.wait.WebDriverWait (session=\"1d1c87c9918a95f2df47aff090e60a33\")>\nmethod = <function presence_of_element_located.<locals>._predicate at 0x7f1e601cde40>\nmessage = \"Can't find element by locator ('tag name', 'h2')\"\n\n    def until(self, method, message: str = \"\"):\n        \"\"\"Calls the method provided with the driver as an argument until the \\\n        return value does not evaluate to ``False``.\n    \n        :param method: callable(WebDriver)\n        :param message: optional message for :exc:`TimeoutException`\n        :returns: the result of the last call to `method`\n        :raises: :exc:`selenium.common.exceptions.TimeoutException` if timeout occurs\n        \"\"\"\n        screen = None\n        stacktrace = None\n    \n        end_time = time.monotonic() + self._timeout\n        while True:\n            try:\n                value = method(self._driver)\n                if value:\n                    return value\n            except self._ignored_exceptions as exc:\n                screen = getattr(exc, \"screen\", None)\n                stacktrace = getattr(exc, \"stacktrace\", None)\n            time.sleep(self._poll)\n            if time.monotonic() > end_time:\n                break\n>       raise TimeoutException(message, screen, stacktrace)\nE       selenium.common.exceptions.TimeoutException: Message: Can't find element by locator ('tag name', 'h2')\nE       Stacktrace:\nE       #0 0x55820ac8a40a <unknown>\nE       #1 0x55820a6be76b <unknown>\nE       #2 0x55820a70fe88 <unknown>\nE       #3 0x55820a7100c1 <unknown>\nE       #4 0x55820a75e2c4 <unknown>\nE       #5 0x55820a75b760 <unknown>\nE       #6 0x55820a7027b2 <unknown>\nE       #7 0x55820a703461 <unknown>\nE       #8 0x55820ac52df9 <unknown>\nE       #9 0x55820ac55d5d <unknown>\nE       #10 0x55820ac3bb41 <unknown>\nE       #11 0x55820ac5693b <unknown>\nE       #12 0x55820ac22870 <unknown>\nE       #13 0x55820ac77828 <unknown>\nE       #14 0x55820ac779fc <unknown>\nE       #15 0x55820ac89763 <unknown>\nE       #16 0x7f96fec9caa4 <unknown>\nE       #17 0x7f96fed29c6c <unknown>\n\n/opt/hostedtoolcache/Python/3.12.12/x64/lib/python3.12/site-packages/selenium/webdriver/support/wait.py:95: TimeoutException","flaky":false,"newFailed":false,"newBroken":true,"newPassed":false,"retriesCount":0,"retriesStatusChange":false,"beforeStages":[{"name":"clear_allure_results_folder","time":{"start":1768819897152,"stop":1768819897152,"duration":0},"status":"passed","steps":[],"attachments":[],"parameters":[],"stepsCount":0,"shouldDisplayMessage":false,"attachmentsCount":0,"hasContent":false,"attachmentStep":false},{"name":"driver","time":{"start":1768820016856,"stop":1768820017617,"duration":761},"status":"passed","steps":[],"attachments":[],"parameters":[],"stepsCount":0,"shouldDisplayMessage":false,"attachmentsCount":0,"hasContent":false,"attachmentStep":false},{"name":"contributors_page_open","time":{"start":1768820017617,"stop":1768820030218,"duration":12601},"status":"broken","statusMessage":"selenium.common.exceptions.TimeoutException: Message: Can't find element by locator ('tag name', 'h2')\nStacktrace:\n#0 0x55820ac8a40a <unknown>\n#1 0x55820a6be76b <unknown>\n#2 0x55820a70fe88 <unknown>\n#3 0x55820a7100c1 <unknown>\n#4 0x55820a75e2c4 <unknown>\n#5 0x55820a75b760 <unknown>\n#6 0x55820a7027b2 <unknown>\n#7 0x55820a703461 <unknown>\n#8 0x55820ac52df9 <unknown>\n#9 0x55820ac55d5d <unknown>\n#10 0x55820ac3bb41 <unknown>\n#11 0x55820ac5693b <unknown>\n#12 0x55820ac22870 <unknown>\n#13 0x55820ac77828 <unknown>\n#14 0x55820ac779fc <unknown>\n#15 0x55820ac89763 <unknown>\n#16 0x7f96fec9caa4 <unknown>\n#17 0x7f96fed29c6c <unknown>\n\n","statusTrace":"  File \"/opt/hostedtoolcache/Python/3.12.12/x64/lib/python3.12/site-packages/pluggy/_callers.py\", line 38, in run_old_style_hookwrapper\n    res = yield\n          ^^^^^\n  File \"/opt/hostedtoolcache/Python/3.12.12/x64/lib/python3.12/site-packages/pluggy/_callers.py\", line 139, in _multicall\n    teardown.throw(exception)\n  File \"/opt/hostedtoolcache/Python/3.12.12/x64/lib/python3.12/site-packages/pluggy/_callers.py\", line 53, in run_old_style_hookwrapper\n    return result.get_result()\n           ^^^^^^^^^^^^^^^^^^^\n  File \"/opt/hostedtoolcache/Python/3.12.12/x64/lib/python3.12/site-packages/pluggy/_result.py\", line 103, in get_result\n    raise exc.with_traceback(tb)\n  File \"/opt/hostedtoolcache/Python/3.12.12/x64/lib/python3.12/site-packages/pluggy/_callers.py\", line 38, in run_old_style_hookwrapper\n    res = yield\n          ^^^^^\n  File \"/opt/hostedtoolcache/Python/3.12.12/x64/lib/python3.12/site-packages/pluggy/_callers.py\", line 121, in _multicall\n    res = hook_impl.function(*args)\n          ^^^^^^^^^^^^^^^^^^^^^^^^^\n  File \"/opt/hostedtoolcache/Python/3.12.12/x64/lib/python3.12/site-packages/_pytest/fixtures.py\", line 1123, in pytest_fixture_setup\n    result = call_fixture_func(fixturefunc, request, kwargs)\n             ^^^^^^^^^^^^^^^^^^^^^^^^^^^^^^^^^^^^^^^^^^^^^^^\n  File \"/opt/hostedtoolcache/Python/3.12.12/x64/lib/python3.12/site-packages/_pytest/fixtures.py\", line 902, in call_fixture_func\n    fixture_result = fixturefunc(**kwargs)\n                     ^^^^^^^^^^^^^^^^^^^^^\n  File \"/opt/hostedtoolcache/Python/3.12.12/x64/lib/python3.12/site-packages/allure_commons/_allure.py\", line 192, in impl\n    return func(*a, **kw)\n           ^^^^^^^^^^^^^^\n  File \"/home/runner/work/auto-tests-python/auto-tests-python/tests/conftest.py\", line 40, in contributors_page_open\n    page.element_is_present(ContributorsPageLocators.PAGE_TITLE)\n  File \"/home/runner/work/auto-tests-python/auto-tests-python/pages/base_page.py\", line 32, in element_is_present\n    return Wait(self.driver, self.timeout).until(\n           ^^^^^^^^^^^^^^^^^^^^^^^^^^^^^^^^^^^^^^\n  File \"/opt/hostedtoolcache/Python/3.12.12/x64/lib/python3.12/site-packages/selenium/webdriver/support/wait.py\", line 95, in until\n    raise TimeoutException(message, screen, stacktrace)\n","steps":[{"name":"Open page: https://www.brainup.site/contributors","time":{"start":1768820017618,"stop":1768820030218,"duration":12600},"status":"broken","statusMessage":"selenium.common.exceptions.TimeoutException: Message: Can't find element by locator ('tag name', 'h2')\nStacktrace:\n#0 0x55820ac8a40a <unknown>\n#1 0x55820a6be76b <unknown>\n#2 0x55820a70fe88 <unknown>\n#3 0x55820a7100c1 <unknown>\n#4 0x55820a75e2c4 <unknown>\n#5 0x55820a75b760 <unknown>\n#6 0x55820a7027b2 <unknown>\n#7 0x55820a703461 <unknown>\n#8 0x55820ac52df9 <unknown>\n#9 0x55820ac55d5d <unknown>\n#10 0x55820ac3bb41 <unknown>\n#11 0x55820ac5693b <unknown>\n#12 0x55820ac22870 <unknown>\n#13 0x55820ac77828 <unknown>\n#14 0x55820ac779fc <unknown>\n#15 0x55820ac89763 <unknown>\n#16 0x7f96fec9caa4 <unknown>\n#17 0x7f96fed29c6c <unknown>\n\n","statusTrace":"  File \"/opt/hostedtoolcache/Python/3.12.12/x64/lib/python3.12/site-packages/allure_commons/_allure.py\", line 192, in impl\n    return func(*a, **kw)\n           ^^^^^^^^^^^^^^\n  File \"/home/runner/work/auto-tests-python/auto-tests-python/tests/conftest.py\", line 40, in contributors_page_open\n    page.element_is_present(ContributorsPageLocators.PAGE_TITLE)\n  File \"/home/runner/work/auto-tests-python/auto-tests-python/pages/base_page.py\", line 32, in element_is_present\n    return Wait(self.driver, self.timeout).until(\n           ^^^^^^^^^^^^^^^^^^^^^^^^^^^^^^^^^^^^^^\n  File \"/opt/hostedtoolcache/Python/3.12.12/x64/lib/python3.12/site-packages/selenium/webdriver/support/wait.py\", line 95, in until\n    raise TimeoutException(message, screen, stacktrace)\n","steps":[],"attachments":[],"parameters":[{"name":"driver","value":"<selenium.webdriver.chrome.webdriver.WebDriver (session=\"1d1c87c9918a95f2df47aff090e60a33\")>"}],"stepsCount":0,"shouldDisplayMessage":true,"attachmentsCount":0,"hasContent":true,"attachmentStep":false}],"attachments":[],"parameters":[],"stepsCount":1,"shouldDisplayMessage":false,"attachmentsCount":0,"hasContent":true,"attachmentStep":false}],"afterStages":[{"name":"driver::0","time":{"start":1768820030259,"stop":1768820030324,"duration":65},"status":"passed","steps":[],"attachments":[],"parameters":[],"stepsCount":0,"shouldDisplayMessage":false,"attachmentsCount":0,"hasContent":false,"attachmentStep":false}],"labels":[{"name":"epic","value":"The Contributors Page"},{"name":"parentSuite","value":"tests"},{"name":"suite","value":"contributors_page_test"},{"name":"subSuite","value":"TestContributorsPage"},{"name":"host","value":"runnervmmtnos"},{"name":"thread","value":"2649-MainThread"},{"name":"framework","value":"pytest"},{"name":"language","value":"cpython3"},{"name":"package","value":"tests.contributors_page_test"},{"name":"resultFormat","value":"allure2"}],"parameters":[],"links":[],"hidden":false,"retry":false,"extra":{"severity":"normal","retries":[],"categories":[{"name":"Test defects","matchedStatuses":[],"flaky":false}],"history":{"statistic":{"failed":0,"broken":1,"skipped":0,"passed":13,"unknown":0,"total":14},"items":[{"uid":"9870a379182f50d0","reportUrl":"https://Brain-up.github.io/auto-tests-python/806/#testresult/9870a379182f50d0","status":"passed","time":{"start":1768736270370,"stop":1768736271616,"duration":1246}},{"uid":"d00dd0e3738a4b80","reportUrl":"https://Brain-up.github.io/auto-tests-python/805/#testresult/d00dd0e3738a4b80","status":"passed","time":{"start":1768646728202,"stop":1768646729409,"duration":1207}},{"uid":"4a1ec60f2831be59","reportUrl":"https://Brain-up.github.io/auto-tests-python/804/#testresult/4a1ec60f2831be59","status":"passed","time":{"start":1768557772219,"stop":1768557773505,"duration":1286}},{"uid":"46a2c4b91bce9e11","reportUrl":"https://Brain-up.github.io/auto-tests-python/803/#testresult/46a2c4b91bce9e11","status":"passed","time":{"start":1768470871932,"stop":1768470873157,"duration":1225}},{"uid":"eb00629e18df12f9","reportUrl":"https://Brain-up.github.io/auto-tests-python/802/#testresult/eb00629e18df12f9","status":"passed","time":{"start":1768396173690,"stop":1768396175059,"duration":1369}},{"uid":"5622768d760dd928","reportUrl":"https://Brain-up.github.io/auto-tests-python/801/#testresult/5622768d760dd928","status":"passed","time":{"start":1768297672124,"stop":1768297673313,"duration":1189}},{"uid":"6ab205a8399b33df","reportUrl":"https://Brain-up.github.io/auto-tests-python/800/#testresult/6ab205a8399b33df","status":"passed","time":{"start":1768194547878,"stop":1768194549103,"duration":1225}},{"uid":"205a2067e49615fb","reportUrl":"https://Brain-up.github.io/auto-tests-python/799/#testresult/205a2067e49615fb","status":"passed","time":{"start":1768044808410,"stop":1768044809661,"duration":1251}},{"uid":"ecbae02641c831e1","reportUrl":"https://Brain-up.github.io/auto-tests-python/798/#testresult/ecbae02641c831e1","status":"passed","time":{"start":1767951386641,"stop":1767951387907,"duration":1266}},{"uid":"ccde84b485563ccf","reportUrl":"https://Brain-up.github.io/auto-tests-python/797/#testresult/ccde84b485563ccf","status":"passed","time":{"start":1767867053265,"stop":1767867054452,"duration":1187}},{"uid":"205ca1abbd85a9e1","reportUrl":"https://Brain-up.github.io/auto-tests-python/796/#testresult/205ca1abbd85a9e1","status":"passed","time":{"start":1767791615749,"stop":1767791616940,"duration":1191}},{"uid":"92949b9c6ee16e5f","reportUrl":"https://Brain-up.github.io/auto-tests-python/795/#testresult/92949b9c6ee16e5f","status":"passed","time":{"start":1767706418264,"stop":1767706419558,"duration":1294}},{"uid":"2fd0df4827a1ae53","reportUrl":"https://Brain-up.github.io/auto-tests-python/794/#testresult/2fd0df4827a1ae53","status":"passed","time":{"start":1767701360766,"stop":1767701362020,"duration":1254}}]},"tags":[]},"source":"bbf06da7de192a26.json","parameterValues":[]}