{"uid":"dc9d1503dd47d626","name":"Verify redirection to specialists page not authorized user.","fullName":"tests.description_page_test.TestDescriptionPage#test_dp_05_verify_redirection_to_specialists_page","historyId":"2bb438cf0156f1b8aed1660bcc15d225","time":{"start":1768820050363,"stop":1768820070677,"duration":20314},"status":"broken","statusMessage":"selenium.common.exceptions.TimeoutException: Message: Can't find element by locator https://www.brainup.site/specialists","statusTrace":"self = <pages.description_page.DescriptionPage object at 0x7f1e601439b0>\nurl = 'https://www.brainup.site/specialists'\n\n    def check_expected_link(self, url):\n        with allure.step(f'Check url is present: {url}'):\n            try:\n>               return Wait(self.driver, self.timeout).until(\n                    EC.url_to_be(url), message=f\"Can't find element by locator {url}\")\n\npages/base_page.py:80: \n_ _ _ _ _ _ _ _ _ _ _ _ _ _ _ _ _ _ _ _ _ _ _ _ _ _ _ _ _ _ _ _ _ _ _ _ _ _ _ _ \n\nself = <selenium.webdriver.support.wait.WebDriverWait (session=\"44379b45a4ace795fa8d4299a39e6ce3\")>\nmethod = <function url_to_be.<locals>._predicate at 0x7f1e60538900>\nmessage = \"Can't find element by locator https://www.brainup.site/specialists\"\n\n    def until(self, method, message: str = \"\"):\n        \"\"\"Calls the method provided with the driver as an argument until the \\\n        return value does not evaluate to ``False``.\n    \n        :param method: callable(WebDriver)\n        :param message: optional message for :exc:`TimeoutException`\n        :returns: the result of the last call to `method`\n        :raises: :exc:`selenium.common.exceptions.TimeoutException` if timeout occurs\n        \"\"\"\n        screen = None\n        stacktrace = None\n    \n        end_time = time.monotonic() + self._timeout\n        while True:\n            try:\n                value = method(self._driver)\n                if value:\n                    return value\n            except self._ignored_exceptions as exc:\n                screen = getattr(exc, \"screen\", None)\n                stacktrace = getattr(exc, \"stacktrace\", None)\n            time.sleep(self._poll)\n            if time.monotonic() > end_time:\n                break\n>       raise TimeoutException(message, screen, stacktrace)\nE       selenium.common.exceptions.TimeoutException: Message: Can't find element by locator https://www.brainup.site/specialists\n\n/opt/hostedtoolcache/Python/3.12.12/x64/lib/python3.12/site-packages/selenium/webdriver/support/wait.py:95: TimeoutException\n\nDuring handling of the above exception, another exception occurred:\n\nself = <tests.description_page_test.TestDescriptionPage object at 0x7f1e60571a90>\ndriver = <selenium.webdriver.chrome.webdriver.WebDriver (session=\"44379b45a4ace795fa8d4299a39e6ce3\")>\nmain_page_open = None\n\n    @allure.title(\"Verify redirection to specialists page not authorized user.\")\n    def test_dp_05_verify_redirection_to_specialists_page(self, driver, main_page_open):\n        page = DescriptionPage(driver)\n>       specialists_page_url = page.transition_specialists_page()\n\ntests/description_page_test.py:36: \n_ _ _ _ _ _ _ _ _ _ _ _ _ _ _ _ _ _ _ _ _ _ _ _ _ _ _ _ _ _ _ _ _ _ _ _ _ _ _ _ \npages/description_page.py:43: in transition_specialists_page\n    self.check_expected_link(MainPageLinks.URL_SPECIALISTS_PAGE)\npages/base_page.py:84: in check_expected_link\n    return Wait(self.driver, self.timeout).until(\n_ _ _ _ _ _ _ _ _ _ _ _ _ _ _ _ _ _ _ _ _ _ _ _ _ _ _ _ _ _ _ _ _ _ _ _ _ _ _ _ \n\nself = <selenium.webdriver.support.wait.WebDriverWait (session=\"44379b45a4ace795fa8d4299a39e6ce3\")>\nmethod = <function url_to_be.<locals>._predicate at 0x7f1e600fc680>\nmessage = \"Can't find element by locator https://www.brainup.site/specialists\"\n\n    def until(self, method, message: str = \"\"):\n        \"\"\"Calls the method provided with the driver as an argument until the \\\n        return value does not evaluate to ``False``.\n    \n        :param method: callable(WebDriver)\n        :param message: optional message for :exc:`TimeoutException`\n        :returns: the result of the last call to `method`\n        :raises: :exc:`selenium.common.exceptions.TimeoutException` if timeout occurs\n        \"\"\"\n        screen = None\n        stacktrace = None\n    \n        end_time = time.monotonic() + self._timeout\n        while True:\n            try:\n                value = method(self._driver)\n                if value:\n                    return value\n            except self._ignored_exceptions as exc:\n                screen = getattr(exc, \"screen\", None)\n                stacktrace = getattr(exc, \"stacktrace\", None)\n            time.sleep(self._poll)\n            if time.monotonic() > end_time:\n                break\n>       raise TimeoutException(message, screen, stacktrace)\nE       selenium.common.exceptions.TimeoutException: Message: Can't find element by locator https://www.brainup.site/specialists\n\n/opt/hostedtoolcache/Python/3.12.12/x64/lib/python3.12/site-packages/selenium/webdriver/support/wait.py:95: TimeoutException","flaky":false,"newFailed":false,"newBroken":true,"newPassed":false,"retriesCount":0,"retriesStatusChange":false,"beforeStages":[{"name":"clear_allure_results_folder","time":{"start":1768819897152,"stop":1768819897152,"duration":0},"status":"passed","steps":[],"attachments":[],"parameters":[],"stepsCount":0,"shouldDisplayMessage":false,"attachmentsCount":0,"hasContent":false,"attachmentStep":false},{"name":"driver","time":{"start":1768820047165,"stop":1768820047929,"duration":764},"status":"passed","steps":[],"attachments":[],"parameters":[],"stepsCount":0,"shouldDisplayMessage":false,"attachmentsCount":0,"hasContent":false,"attachmentStep":false},{"name":"main_page_open","time":{"start":1768820047929,"stop":1768820050363,"duration":2434},"status":"passed","steps":[{"name":"Open page: https://www.brainup.site/","time":{"start":1768820047930,"stop":1768820050363,"duration":2433},"status":"passed","steps":[],"attachments":[],"parameters":[{"name":"driver","value":"<selenium.webdriver.chrome.webdriver.WebDriver (session=\"44379b45a4ace795fa8d4299a39e6ce3\")>"}],"stepsCount":0,"shouldDisplayMessage":false,"attachmentsCount":0,"hasContent":true,"attachmentStep":false}],"attachments":[],"parameters":[],"stepsCount":1,"shouldDisplayMessage":false,"attachmentsCount":0,"hasContent":true,"attachmentStep":false}],"testStage":{"status":"broken","statusMessage":"selenium.common.exceptions.TimeoutException: Message: Can't find element by locator https://www.brainup.site/specialists","statusTrace":"self = <pages.description_page.DescriptionPage object at 0x7f1e601439b0>\nurl = 'https://www.brainup.site/specialists'\n\n    def check_expected_link(self, url):\n        with allure.step(f'Check url is present: {url}'):\n            try:\n>               return Wait(self.driver, self.timeout).until(\n                    EC.url_to_be(url), message=f\"Can't find element by locator {url}\")\n\npages/base_page.py:80: \n_ _ _ _ _ _ _ _ _ _ _ _ _ _ _ _ _ _ _ _ _ _ _ _ _ _ _ _ _ _ _ _ _ _ _ _ _ _ _ _ \n\nself = <selenium.webdriver.support.wait.WebDriverWait (session=\"44379b45a4ace795fa8d4299a39e6ce3\")>\nmethod = <function url_to_be.<locals>._predicate at 0x7f1e60538900>\nmessage = \"Can't find element by locator https://www.brainup.site/specialists\"\n\n    def until(self, method, message: str = \"\"):\n        \"\"\"Calls the method provided with the driver as an argument until the \\\n        return value does not evaluate to ``False``.\n    \n        :param method: callable(WebDriver)\n        :param message: optional message for :exc:`TimeoutException`\n        :returns: the result of the last call to `method`\n        :raises: :exc:`selenium.common.exceptions.TimeoutException` if timeout occurs\n        \"\"\"\n        screen = None\n        stacktrace = None\n    \n        end_time = time.monotonic() + self._timeout\n        while True:\n            try:\n                value = method(self._driver)\n                if value:\n                    return value\n            except self._ignored_exceptions as exc:\n                screen = getattr(exc, \"screen\", None)\n                stacktrace = getattr(exc, \"stacktrace\", None)\n            time.sleep(self._poll)\n            if time.monotonic() > end_time:\n                break\n>       raise TimeoutException(message, screen, stacktrace)\nE       selenium.common.exceptions.TimeoutException: Message: Can't find element by locator https://www.brainup.site/specialists\n\n/opt/hostedtoolcache/Python/3.12.12/x64/lib/python3.12/site-packages/selenium/webdriver/support/wait.py:95: TimeoutException\n\nDuring handling of the above exception, another exception occurred:\n\nself = <tests.description_page_test.TestDescriptionPage object at 0x7f1e60571a90>\ndriver = <selenium.webdriver.chrome.webdriver.WebDriver (session=\"44379b45a4ace795fa8d4299a39e6ce3\")>\nmain_page_open = None\n\n    @allure.title(\"Verify redirection to specialists page not authorized user.\")\n    def test_dp_05_verify_redirection_to_specialists_page(self, driver, main_page_open):\n        page = DescriptionPage(driver)\n>       specialists_page_url = page.transition_specialists_page()\n\ntests/description_page_test.py:36: \n_ _ _ _ _ _ _ _ _ _ _ _ _ _ _ _ _ _ _ _ _ _ _ _ _ _ _ _ _ _ _ _ _ _ _ _ _ _ _ _ \npages/description_page.py:43: in transition_specialists_page\n    self.check_expected_link(MainPageLinks.URL_SPECIALISTS_PAGE)\npages/base_page.py:84: in check_expected_link\n    return Wait(self.driver, self.timeout).until(\n_ _ _ _ _ _ _ _ _ _ _ _ _ _ _ _ _ _ _ _ _ _ _ _ _ _ _ _ _ _ _ _ _ _ _ _ _ _ _ _ \n\nself = <selenium.webdriver.support.wait.WebDriverWait (session=\"44379b45a4ace795fa8d4299a39e6ce3\")>\nmethod = <function url_to_be.<locals>._predicate at 0x7f1e600fc680>\nmessage = \"Can't find element by locator https://www.brainup.site/specialists\"\n\n    def until(self, method, message: str = \"\"):\n        \"\"\"Calls the method provided with the driver as an argument until the \\\n        return value does not evaluate to ``False``.\n    \n        :param method: callable(WebDriver)\n        :param message: optional message for :exc:`TimeoutException`\n        :returns: the result of the last call to `method`\n        :raises: :exc:`selenium.common.exceptions.TimeoutException` if timeout occurs\n        \"\"\"\n        screen = None\n        stacktrace = None\n    \n        end_time = time.monotonic() + self._timeout\n        while True:\n            try:\n                value = method(self._driver)\n                if value:\n                    return value\n            except self._ignored_exceptions as exc:\n                screen = getattr(exc, \"screen\", None)\n                stacktrace = getattr(exc, \"stacktrace\", None)\n            time.sleep(self._poll)\n            if time.monotonic() > end_time:\n                break\n>       raise TimeoutException(message, screen, stacktrace)\nE       selenium.common.exceptions.TimeoutException: Message: Can't find element by locator https://www.brainup.site/specialists\n\n/opt/hostedtoolcache/Python/3.12.12/x64/lib/python3.12/site-packages/selenium/webdriver/support/wait.py:95: TimeoutException","steps":[{"name":"Open specialists page","time":{"start":1768820050363,"stop":1768820070676,"duration":20313},"status":"broken","statusMessage":"selenium.common.exceptions.TimeoutException: Message: Can't find element by locator https://www.brainup.site/specialists\n\n","statusTrace":"  File \"/opt/hostedtoolcache/Python/3.12.12/x64/lib/python3.12/site-packages/allure_commons/_allure.py\", line 192, in impl\n    return func(*a, **kw)\n           ^^^^^^^^^^^^^^\n  File \"/home/runner/work/auto-tests-python/auto-tests-python/pages/description_page.py\", line 43, in transition_specialists_page\n    self.check_expected_link(MainPageLinks.URL_SPECIALISTS_PAGE)\n  File \"/home/runner/work/auto-tests-python/auto-tests-python/pages/base_page.py\", line 84, in check_expected_link\n    return Wait(self.driver, self.timeout).until(\n           ^^^^^^^^^^^^^^^^^^^^^^^^^^^^^^^^^^^^^^\n  File \"/opt/hostedtoolcache/Python/3.12.12/x64/lib/python3.12/site-packages/selenium/webdriver/support/wait.py\", line 95, in until\n    raise TimeoutException(message, screen, stacktrace)\n","steps":[{"name":"Check url is present: https://www.brainup.site/specialists","time":{"start":1768820050536,"stop":1768820070676,"duration":20140},"status":"broken","statusMessage":"selenium.common.exceptions.TimeoutException: Message: Can't find element by locator https://www.brainup.site/specialists\n\n","statusTrace":"  File \"/home/runner/work/auto-tests-python/auto-tests-python/pages/base_page.py\", line 84, in check_expected_link\n    return Wait(self.driver, self.timeout).until(\n           ^^^^^^^^^^^^^^^^^^^^^^^^^^^^^^^^^^^^^^\n  File \"/opt/hostedtoolcache/Python/3.12.12/x64/lib/python3.12/site-packages/selenium/webdriver/support/wait.py\", line 95, in until\n    raise TimeoutException(message, screen, stacktrace)\n","steps":[],"attachments":[],"parameters":[],"stepsCount":0,"shouldDisplayMessage":true,"attachmentsCount":0,"hasContent":true,"attachmentStep":false}],"attachments":[],"parameters":[],"stepsCount":1,"shouldDisplayMessage":false,"attachmentsCount":0,"hasContent":true,"attachmentStep":false}],"attachments":[{"uid":"4107e99551d97385","name":"Screenshot 2026-01-19 10:54:30.767200","source":"4107e99551d97385.png","type":"image/png","size":127221}],"parameters":[],"stepsCount":2,"shouldDisplayMessage":true,"attachmentsCount":1,"hasContent":true,"attachmentStep":false},"afterStages":[{"name":"driver::0","time":{"start":1768820070768,"stop":1768820070833,"duration":65},"status":"passed","steps":[],"attachments":[],"parameters":[],"stepsCount":0,"shouldDisplayMessage":false,"attachmentsCount":0,"hasContent":false,"attachmentStep":false}],"labels":[{"name":"epic","value":"Description Page."},{"name":"parentSuite","value":"tests"},{"name":"suite","value":"description_page_test"},{"name":"subSuite","value":"TestDescriptionPage"},{"name":"host","value":"runnervmmtnos"},{"name":"thread","value":"2649-MainThread"},{"name":"framework","value":"pytest"},{"name":"language","value":"cpython3"},{"name":"package","value":"tests.description_page_test"},{"name":"resultFormat","value":"allure2"}],"parameters":[],"links":[],"hidden":false,"retry":false,"extra":{"severity":"normal","retries":[],"categories":[{"name":"Test defects","matchedStatuses":[],"flaky":false}],"history":{"statistic":{"failed":0,"broken":1,"skipped":0,"passed":13,"unknown":0,"total":14},"items":[{"uid":"a36c8c4e092b66e8","reportUrl":"https://Brain-up.github.io/auto-tests-python/806/#testresult/a36c8c4e092b66e8","status":"passed","time":{"start":1768736293500,"stop":1768736294185,"duration":685}},{"uid":"204e23d6bde68dec","reportUrl":"https://Brain-up.github.io/auto-tests-python/805/#testresult/204e23d6bde68dec","status":"passed","time":{"start":1768646748908,"stop":1768646749588,"duration":680}},{"uid":"6ee0c5f58aa23269","reportUrl":"https://Brain-up.github.io/auto-tests-python/804/#testresult/6ee0c5f58aa23269","status":"passed","time":{"start":1768557794115,"stop":1768557794806,"duration":691}},{"uid":"332abc72780fa34d","reportUrl":"https://Brain-up.github.io/auto-tests-python/803/#testresult/332abc72780fa34d","status":"passed","time":{"start":1768470893644,"stop":1768470894331,"duration":687}},{"uid":"1d673670de68f957","reportUrl":"https://Brain-up.github.io/auto-tests-python/802/#testresult/1d673670de68f957","status":"passed","time":{"start":1768396197167,"stop":1768396197865,"duration":698}},{"uid":"739c6074f510c562","reportUrl":"https://Brain-up.github.io/auto-tests-python/801/#testresult/739c6074f510c562","status":"passed","time":{"start":1768297699580,"stop":1768297700256,"duration":676}},{"uid":"838f78718a579628","reportUrl":"https://Brain-up.github.io/auto-tests-python/800/#testresult/838f78718a579628","status":"passed","time":{"start":1768194571380,"stop":1768194572064,"duration":684}},{"uid":"d18390def8226e4e","reportUrl":"https://Brain-up.github.io/auto-tests-python/799/#testresult/d18390def8226e4e","status":"passed","time":{"start":1768044832041,"stop":1768044832725,"duration":684}},{"uid":"ac62d7cc2730d857","reportUrl":"https://Brain-up.github.io/auto-tests-python/798/#testresult/ac62d7cc2730d857","status":"passed","time":{"start":1767951416206,"stop":1767951416895,"duration":689}},{"uid":"64a31206f8f4289c","reportUrl":"https://Brain-up.github.io/auto-tests-python/797/#testresult/64a31206f8f4289c","status":"passed","time":{"start":1767867075374,"stop":1767867076058,"duration":684}},{"uid":"8945bc8886b755ae","reportUrl":"https://Brain-up.github.io/auto-tests-python/796/#testresult/8945bc8886b755ae","status":"passed","time":{"start":1767791640217,"stop":1767791640897,"duration":680}},{"uid":"81ae89cf0a2b20d7","reportUrl":"https://Brain-up.github.io/auto-tests-python/795/#testresult/81ae89cf0a2b20d7","status":"passed","time":{"start":1767706440331,"stop":1767706441022,"duration":691}},{"uid":"28719bc3ac379e3e","reportUrl":"https://Brain-up.github.io/auto-tests-python/794/#testresult/28719bc3ac379e3e","status":"passed","time":{"start":1767701389229,"stop":1767701389908,"duration":679}}]},"tags":[]},"source":"dc9d1503dd47d626.json","parameterValues":[]}