{"uid":"64217e427ee20115","name":"Solutions to a random task in the \"Слова\" .","fullName":"tests.test_speech_exercises_ru.TestCardsRU#test_solve_word_cards_ru","historyId":"97a1dfc93de55b98f3507f18d0af26f8","time":{"start":1767868122688,"stop":1767868133001,"duration":10313},"status":"skipped","statusMessage":"XFAIL\n\nselenium.common.exceptions.TimeoutException: Message: Can't find element by locator ('xpath', '//a[text()=\"Упражнения\"]')\nStacktrace:\n#0 0x56326676619a <unknown>\n#1 0x5632661e3c4b <unknown>\n#2 0x563266235318 <unknown>\n#3 0x563266235551 <unknown>\n#4 0x563266283764 <unknown>\n#5 0x563266280bee <unknown>\n#6 0x563266227c42 <unknown>\n#7 0x5632662288f1 <unknown>\n#8 0x56326672ef39 <unknown>\n#9 0x563266731e7d <unknown>\n#10 0x563266717c81 <unknown>\n#11 0x563266732a5b <unknown>\n#12 0x5632666fea50 <unknown>\n#13 0x563266753aa8 <unknown>\n#14 0x563266753c79 <unknown>\n#15 0x5632667654f3 <unknown>\n#16 0x7f8cc809caa4 <unknown>\n#17 0x7f8cc8129c6c <unknown>","statusTrace":"self = <tests.test_speech_exercises_ru.TestCardsRU object at 0x7fab1886fa70>\ndriver = <selenium.webdriver.chrome.webdriver.WebDriver (session=\"1a57b28de68122ee5ca00243d4077c35\")>\ndefault_user_authorized = None\n\n    @pytest.mark.xfail\n    @allure.suite(\"Речевые упражнения.\")\n    @allure.title('Solutions to a random task in the \"Слова\" .')\n    def test_solve_word_cards_ru(self, driver, default_user_authorized):\n        page = SpeechExercisesPageRU(driver)\n>       page.click_button_exercises()\n\ntests/test_speech_exercises_ru.py:124: \n_ _ _ _ _ _ _ _ _ _ _ _ _ _ _ _ _ _ _ _ _ _ _ _ _ _ _ _ _ _ _ _ _ _ _ _ _ _ _ _ \npages/speech_exercises_page_ru.py:199: in click_button_exercises\n    button = self.element_is_present_and_clickable(self.locators.AuthorizedUserHomePageLocators.BUTTON_EXERCISES_RU)\npages/base_page.py:40: in element_is_present_and_clickable\n    return (Wait(self.driver, self.timeout).until(\n_ _ _ _ _ _ _ _ _ _ _ _ _ _ _ _ _ _ _ _ _ _ _ _ _ _ _ _ _ _ _ _ _ _ _ _ _ _ _ _ \n\nself = <selenium.webdriver.support.wait.WebDriverWait (session=\"1a57b28de68122ee5ca00243d4077c35\")>\nmethod = <function visibility_of_element_located.<locals>._predicate at 0x7fab1873b560>\nmessage = 'Can\\'t find element by locator (\\'xpath\\', \\'//a[text()=\"Упражнения\"]\\')'\n\n    def until(self, method, message: str = \"\"):\n        \"\"\"Calls the method provided with the driver as an argument until the \\\n        return value does not evaluate to ``False``.\n    \n        :param method: callable(WebDriver)\n        :param message: optional message for :exc:`TimeoutException`\n        :returns: the result of the last call to `method`\n        :raises: :exc:`selenium.common.exceptions.TimeoutException` if timeout occurs\n        \"\"\"\n        screen = None\n        stacktrace = None\n    \n        end_time = time.monotonic() + self._timeout\n        while True:\n            try:\n                value = method(self._driver)\n                if value:\n                    return value\n            except self._ignored_exceptions as exc:\n                screen = getattr(exc, \"screen\", None)\n                stacktrace = getattr(exc, \"stacktrace\", None)\n            time.sleep(self._poll)\n            if time.monotonic() > end_time:\n                break\n>       raise TimeoutException(message, screen, stacktrace)\nE       selenium.common.exceptions.TimeoutException: Message: Can't find element by locator ('xpath', '//a[text()=\"Упражнения\"]')\nE       Stacktrace:\nE       #0 0x56326676619a <unknown>\nE       #1 0x5632661e3c4b <unknown>\nE       #2 0x563266235318 <unknown>\nE       #3 0x563266235551 <unknown>\nE       #4 0x563266283764 <unknown>\nE       #5 0x563266280bee <unknown>\nE       #6 0x563266227c42 <unknown>\nE       #7 0x5632662288f1 <unknown>\nE       #8 0x56326672ef39 <unknown>\nE       #9 0x563266731e7d <unknown>\nE       #10 0x563266717c81 <unknown>\nE       #11 0x563266732a5b <unknown>\nE       #12 0x5632666fea50 <unknown>\nE       #13 0x563266753aa8 <unknown>\nE       #14 0x563266753c79 <unknown>\nE       #15 0x5632667654f3 <unknown>\nE       #16 0x7f8cc809caa4 <unknown>\nE       #17 0x7f8cc8129c6c <unknown>\n\n/opt/hostedtoolcache/Python/3.12.12/x64/lib/python3.12/site-packages/selenium/webdriver/support/wait.py:95: TimeoutException","flaky":false,"newFailed":false,"newBroken":false,"newPassed":false,"retriesCount":0,"retriesStatusChange":false,"beforeStages":[{"name":"clear_allure_results_folder","time":{"start":1767866944296,"stop":1767866944296,"duration":0},"status":"passed","steps":[],"attachments":[],"parameters":[],"stepsCount":0,"shouldDisplayMessage":false,"attachmentsCount":0,"hasContent":false,"attachmentStep":false},{"name":"driver","time":{"start":1767868117075,"stop":1767868117835,"duration":760},"status":"passed","steps":[],"attachments":[],"parameters":[],"stepsCount":0,"shouldDisplayMessage":false,"attachmentsCount":0,"hasContent":false,"attachmentStep":false},{"name":"main_page_open","time":{"start":1767868117836,"stop":1767868120285,"duration":2449},"status":"passed","steps":[{"name":"Open page: https://www.brainup.site/","time":{"start":1767868117836,"stop":1767868120285,"duration":2449},"status":"passed","steps":[],"attachments":[],"parameters":[{"name":"driver","value":"<selenium.webdriver.chrome.webdriver.WebDriver (session=\"1a57b28de68122ee5ca00243d4077c35\")>"}],"stepsCount":0,"shouldDisplayMessage":false,"attachmentsCount":0,"hasContent":true,"attachmentStep":false}],"attachments":[],"parameters":[],"stepsCount":1,"shouldDisplayMessage":false,"attachmentsCount":0,"hasContent":true,"attachmentStep":false},{"name":"default_user_authorized","time":{"start":1767868120285,"stop":1767868122688,"duration":2403},"status":"passed","steps":[{"name":"DEFAULT user authorized","time":{"start":1767868120285,"stop":1767868122688,"duration":2403},"status":"passed","steps":[{"name":"Check url is present: https://www.brainup.site/groups","time":{"start":1767868120642,"stop":1767868122665,"duration":2023},"status":"passed","steps":[],"attachments":[],"parameters":[],"stepsCount":0,"shouldDisplayMessage":false,"attachmentsCount":0,"hasContent":false,"attachmentStep":false},{"name":"Loader checking","time":{"start":1767868122665,"stop":1767868122688,"duration":23},"status":"passed","steps":[],"attachments":[],"parameters":[],"stepsCount":0,"shouldDisplayMessage":false,"attachmentsCount":0,"hasContent":false,"attachmentStep":false}],"attachments":[],"parameters":[{"name":"driver","value":"<selenium.webdriver.chrome.webdriver.WebDriver (session=\"1a57b28de68122ee5ca00243d4077c35\")>"},{"name":"main_page_open","value":"None"}],"stepsCount":2,"shouldDisplayMessage":false,"attachmentsCount":0,"hasContent":true,"attachmentStep":false}],"attachments":[],"parameters":[],"stepsCount":3,"shouldDisplayMessage":false,"attachmentsCount":0,"hasContent":true,"attachmentStep":false}],"testStage":{"status":"skipped","statusMessage":"XFAIL\n\nselenium.common.exceptions.TimeoutException: Message: Can't find element by locator ('xpath', '//a[text()=\"Упражнения\"]')\nStacktrace:\n#0 0x56326676619a <unknown>\n#1 0x5632661e3c4b <unknown>\n#2 0x563266235318 <unknown>\n#3 0x563266235551 <unknown>\n#4 0x563266283764 <unknown>\n#5 0x563266280bee <unknown>\n#6 0x563266227c42 <unknown>\n#7 0x5632662288f1 <unknown>\n#8 0x56326672ef39 <unknown>\n#9 0x563266731e7d <unknown>\n#10 0x563266717c81 <unknown>\n#11 0x563266732a5b <unknown>\n#12 0x5632666fea50 <unknown>\n#13 0x563266753aa8 <unknown>\n#14 0x563266753c79 <unknown>\n#15 0x5632667654f3 <unknown>\n#16 0x7f8cc809caa4 <unknown>\n#17 0x7f8cc8129c6c <unknown>","statusTrace":"self = <tests.test_speech_exercises_ru.TestCardsRU object at 0x7fab1886fa70>\ndriver = <selenium.webdriver.chrome.webdriver.WebDriver (session=\"1a57b28de68122ee5ca00243d4077c35\")>\ndefault_user_authorized = None\n\n    @pytest.mark.xfail\n    @allure.suite(\"Речевые упражнения.\")\n    @allure.title('Solutions to a random task in the \"Слова\" .')\n    def test_solve_word_cards_ru(self, driver, default_user_authorized):\n        page = SpeechExercisesPageRU(driver)\n>       page.click_button_exercises()\n\ntests/test_speech_exercises_ru.py:124: \n_ _ _ _ _ _ _ _ _ _ _ _ _ _ _ _ _ _ _ _ _ _ _ _ _ _ _ _ _ _ _ _ _ _ _ _ _ _ _ _ \npages/speech_exercises_page_ru.py:199: in click_button_exercises\n    button = self.element_is_present_and_clickable(self.locators.AuthorizedUserHomePageLocators.BUTTON_EXERCISES_RU)\npages/base_page.py:40: in element_is_present_and_clickable\n    return (Wait(self.driver, self.timeout).until(\n_ _ _ _ _ _ _ _ _ _ _ _ _ _ _ _ _ _ _ _ _ _ _ _ _ _ _ _ _ _ _ _ _ _ _ _ _ _ _ _ \n\nself = <selenium.webdriver.support.wait.WebDriverWait (session=\"1a57b28de68122ee5ca00243d4077c35\")>\nmethod = <function visibility_of_element_located.<locals>._predicate at 0x7fab1873b560>\nmessage = 'Can\\'t find element by locator (\\'xpath\\', \\'//a[text()=\"Упражнения\"]\\')'\n\n    def until(self, method, message: str = \"\"):\n        \"\"\"Calls the method provided with the driver as an argument until the \\\n        return value does not evaluate to ``False``.\n    \n        :param method: callable(WebDriver)\n        :param message: optional message for :exc:`TimeoutException`\n        :returns: the result of the last call to `method`\n        :raises: :exc:`selenium.common.exceptions.TimeoutException` if timeout occurs\n        \"\"\"\n        screen = None\n        stacktrace = None\n    \n        end_time = time.monotonic() + self._timeout\n        while True:\n            try:\n                value = method(self._driver)\n                if value:\n                    return value\n            except self._ignored_exceptions as exc:\n                screen = getattr(exc, \"screen\", None)\n                stacktrace = getattr(exc, \"stacktrace\", None)\n            time.sleep(self._poll)\n            if time.monotonic() > end_time:\n                break\n>       raise TimeoutException(message, screen, stacktrace)\nE       selenium.common.exceptions.TimeoutException: Message: Can't find element by locator ('xpath', '//a[text()=\"Упражнения\"]')\nE       Stacktrace:\nE       #0 0x56326676619a <unknown>\nE       #1 0x5632661e3c4b <unknown>\nE       #2 0x563266235318 <unknown>\nE       #3 0x563266235551 <unknown>\nE       #4 0x563266283764 <unknown>\nE       #5 0x563266280bee <unknown>\nE       #6 0x563266227c42 <unknown>\nE       #7 0x5632662288f1 <unknown>\nE       #8 0x56326672ef39 <unknown>\nE       #9 0x563266731e7d <unknown>\nE       #10 0x563266717c81 <unknown>\nE       #11 0x563266732a5b <unknown>\nE       #12 0x5632666fea50 <unknown>\nE       #13 0x563266753aa8 <unknown>\nE       #14 0x563266753c79 <unknown>\nE       #15 0x5632667654f3 <unknown>\nE       #16 0x7f8cc809caa4 <unknown>\nE       #17 0x7f8cc8129c6c <unknown>\n\n/opt/hostedtoolcache/Python/3.12.12/x64/lib/python3.12/site-packages/selenium/webdriver/support/wait.py:95: TimeoutException","steps":[{"name":"Click button \"Упражнения\".","time":{"start":1767868122688,"stop":1767868133000,"duration":10312},"status":"broken","statusMessage":"selenium.common.exceptions.TimeoutException: Message: Can't find element by locator ('xpath', '//a[text()=\"Упражнения\"]')\nStacktrace:\n#0 0x56326676619a <unknown>\n#1 0x5632661e3c4b <unknown>\n#2 0x563266235318 <unknown>\n#3 0x563266235551 <unknown>\n#4 0x563266283764 <unknown>\n#5 0x563266280bee <unknown>\n#6 0x563266227c42 <unknown>\n#7 0x5632662288f1 <unknown>\n#8 0x56326672ef39 <unknown>\n#9 0x563266731e7d <unknown>\n#10 0x563266717c81 <unknown>\n#11 0x563266732a5b <unknown>\n#12 0x5632666fea50 <unknown>\n#13 0x563266753aa8 <unknown>\n#14 0x563266753c79 <unknown>\n#15 0x5632667654f3 <unknown>\n#16 0x7f8cc809caa4 <unknown>\n#17 0x7f8cc8129c6c <unknown>\n\n","statusTrace":"  File \"/opt/hostedtoolcache/Python/3.12.12/x64/lib/python3.12/site-packages/allure_commons/_allure.py\", line 192, in impl\n    return func(*a, **kw)\n           ^^^^^^^^^^^^^^\n  File \"/home/runner/work/auto-tests-python/auto-tests-python/pages/speech_exercises_page_ru.py\", line 199, in click_button_exercises\n    button = self.element_is_present_and_clickable(self.locators.AuthorizedUserHomePageLocators.BUTTON_EXERCISES_RU)\n             ^^^^^^^^^^^^^^^^^^^^^^^^^^^^^^^^^^^^^^^^^^^^^^^^^^^^^^^^^^^^^^^^^^^^^^^^^^^^^^^^^^^^^^^^^^^^^^^^^^^^^^^\n  File \"/home/runner/work/auto-tests-python/auto-tests-python/pages/base_page.py\", line 40, in element_is_present_and_clickable\n    return (Wait(self.driver, self.timeout).until(\n            ^^^^^^^^^^^^^^^^^^^^^^^^^^^^^^^^^^^^^^\n  File \"/opt/hostedtoolcache/Python/3.12.12/x64/lib/python3.12/site-packages/selenium/webdriver/support/wait.py\", line 95, in until\n    raise TimeoutException(message, screen, stacktrace)\n","steps":[{"name":"Click button \"RU\".","time":{"start":1767868122688,"stop":1767868122757,"duration":69},"status":"passed","steps":[],"attachments":[],"parameters":[],"stepsCount":0,"shouldDisplayMessage":false,"attachmentsCount":0,"hasContent":false,"attachmentStep":false}],"attachments":[],"parameters":[],"stepsCount":1,"shouldDisplayMessage":true,"attachmentsCount":0,"hasContent":true,"attachmentStep":false}],"attachments":[],"parameters":[],"stepsCount":2,"shouldDisplayMessage":true,"attachmentsCount":0,"hasContent":true,"attachmentStep":false},"afterStages":[{"name":"driver::0","time":{"start":1767868133015,"stop":1767868133084,"duration":69},"status":"passed","steps":[],"attachments":[],"parameters":[],"stepsCount":0,"shouldDisplayMessage":false,"attachmentsCount":0,"hasContent":false,"attachmentStep":false}],"labels":[{"name":"suite","value":"Речевые упражнения."},{"name":"epic","value":"Speech exercises."},{"name":"tag","value":"@pytest.mark.xfail"},{"name":"parentSuite","value":"tests"},{"name":"subSuite","value":"TestCardsRU"},{"name":"host","value":"runnervmh13bl"},{"name":"thread","value":"2713-MainThread"},{"name":"framework","value":"pytest"},{"name":"language","value":"cpython3"},{"name":"package","value":"tests.test_speech_exercises_ru"},{"name":"resultFormat","value":"allure2"}],"parameters":[],"links":[],"hidden":false,"retry":false,"extra":{"severity":"normal","retries":[],"categories":[],"history":{"statistic":{"failed":0,"broken":0,"skipped":3,"passed":1,"unknown":0,"total":4},"items":[{"uid":"48db57acab88cfdb","reportUrl":"https://Brain-up.github.io/auto-tests-python/796/#testresult/48db57acab88cfdb","status":"passed","statusDetails":"XPASS","time":{"start":1767792790089,"stop":1767792838494,"duration":48405}},{"uid":"9a5ae50e6d9ddb34","reportUrl":"https://Brain-up.github.io/auto-tests-python/795/#testresult/9a5ae50e6d9ddb34","status":"skipped","statusDetails":"XFAIL\n\nselenium.common.exceptions.TimeoutException: Message: Can't find element by locator ('xpath', '//a[text()=\"Упражнения\"]')\nStacktrace:\n#0 0x562233bdf19a <unknown>\n#1 0x56223365cc4b <unknown>\n#2 0x5622336ae318 <unknown>\n#3 0x5622336ae551 <unknown>\n#4 0x5622336fc764 <unknown>\n#5 0x5622336f9bee <unknown>\n#6 0x5622336a0c42 <unknown>\n#7 0x5622336a18f1 <unknown>\n#8 0x562233ba7f39 <unknown>\n#9 0x562233baae7d <unknown>\n#10 0x562233b90c81 <unknown>\n#11 0x562233baba5b <unknown>\n#12 0x562233b77a50 <unknown>\n#13 0x562233bccaa8 <unknown>\n#14 0x562233bccc79 <unknown>\n#15 0x562233bde4f3 <unknown>\n#16 0x7fc4be49caa4 <unknown>\n#17 0x7fc4be529c6c <unknown>","time":{"start":1767707490868,"stop":1767707501251,"duration":10383}},{"uid":"67f671f7e4e5d625","reportUrl":"https://Brain-up.github.io/auto-tests-python/794/#testresult/67f671f7e4e5d625","status":"skipped","statusDetails":"XFAIL\n\nselenium.common.exceptions.TimeoutException: Message: Can't find element by locator ('xpath', '//a[text()=\"Упражнения\"]')\nStacktrace:\n#0 0x55fc6a90719a <unknown>\n#1 0x55fc6a384c4b <unknown>\n#2 0x55fc6a3d6318 <unknown>\n#3 0x55fc6a3d6551 <unknown>\n#4 0x55fc6a424764 <unknown>\n#5 0x55fc6a421bee <unknown>\n#6 0x55fc6a3c8c42 <unknown>\n#7 0x55fc6a3c98f1 <unknown>\n#8 0x55fc6a8cff39 <unknown>\n#9 0x55fc6a8d2e7d <unknown>\n#10 0x55fc6a8b8c81 <unknown>\n#11 0x55fc6a8d3a5b <unknown>\n#12 0x55fc6a89fa50 <unknown>\n#13 0x55fc6a8f4aa8 <unknown>\n#14 0x55fc6a8f4c79 <unknown>\n#15 0x55fc6a9064f3 <unknown>\n#16 0x7f2225c9caa4 <unknown>\n#17 0x7f2225d29c6c <unknown>","time":{"start":1767702633704,"stop":1767702644088,"duration":10384}}]},"tags":["@pytest.mark.xfail"]},"source":"64217e427ee20115.json","parameterValues":[]}