{"uid":"a790e54c27b5e80d","name":"Select random card from \"Word\" group and compare UI vs BACKEND data","fullName":"tests.test_speech_exercises_en.TestCardsEN#test_random_word_cards_en","historyId":"84999af5e98c6318908a9abbfe6fc3a3","time":{"start":1767867982209,"stop":1767867992556,"duration":10347},"status":"skipped","statusMessage":"XFAIL\n\nselenium.common.exceptions.TimeoutException: Message: Can't find element by locator ('xpath', '//button[@data-test-active-link=\"Words\"]')\nStacktrace:\n#0 0x559342bc719a <unknown>\n#1 0x559342644c4b <unknown>\n#2 0x559342696318 <unknown>\n#3 0x559342696551 <unknown>\n#4 0x5593426e4764 <unknown>\n#5 0x5593426e1bee <unknown>\n#6 0x559342688c42 <unknown>\n#7 0x5593426898f1 <unknown>\n#8 0x559342b8ff39 <unknown>\n#9 0x559342b92e7d <unknown>\n#10 0x559342b78c81 <unknown>\n#11 0x559342b93a5b <unknown>\n#12 0x559342b5fa50 <unknown>\n#13 0x559342bb4aa8 <unknown>\n#14 0x559342bb4c79 <unknown>\n#15 0x559342bc64f3 <unknown>\n#16 0x7f500e09caa4 <unknown>\n#17 0x7f500e129c6c <unknown>","statusTrace":"self = <tests.test_speech_exercises_en.TestCardsEN object at 0x7fab1886c980>\ndriver = <selenium.webdriver.chrome.webdriver.WebDriver (session=\"896a304c785dce504c214790040fbf38\")>\nspecialist_user_authorized = None\n\n    @pytest.mark.xfail\n    @allure.suite(\"Speech exercises EN.\")\n    @allure.title('Select random card from \"Word\" group and compare UI vs BACKEND data')\n    def test_random_word_cards_en(self, driver, specialist_user_authorized):\n        page = SpeechExercisesPage(driver)\n>       page.select_group(SpeechExercisesPageLocators.WORDS_BUTTON_EN)\n\ntests/test_speech_exercises_en.py:16: \n_ _ _ _ _ _ _ _ _ _ _ _ _ _ _ _ _ _ _ _ _ _ _ _ _ _ _ _ _ _ _ _ _ _ _ _ _ _ _ _ \npages/speech_exercises_page_en.py:18: in select_group\n    text_of_the_button = self.element_is_present_and_clickable(selector_for_sub_group)\npages/base_page.py:40: in element_is_present_and_clickable\n    return (Wait(self.driver, self.timeout).until(\n_ _ _ _ _ _ _ _ _ _ _ _ _ _ _ _ _ _ _ _ _ _ _ _ _ _ _ _ _ _ _ _ _ _ _ _ _ _ _ _ \n\nself = <selenium.webdriver.support.wait.WebDriverWait (session=\"896a304c785dce504c214790040fbf38\")>\nmethod = <function visibility_of_element_located.<locals>._predicate at 0x7fab186be8e0>\nmessage = 'Can\\'t find element by locator (\\'xpath\\', \\'//button[@data-test-active-link=\"Words\"]\\')'\n\n    def until(self, method, message: str = \"\"):\n        \"\"\"Calls the method provided with the driver as an argument until the \\\n        return value does not evaluate to ``False``.\n    \n        :param method: callable(WebDriver)\n        :param message: optional message for :exc:`TimeoutException`\n        :returns: the result of the last call to `method`\n        :raises: :exc:`selenium.common.exceptions.TimeoutException` if timeout occurs\n        \"\"\"\n        screen = None\n        stacktrace = None\n    \n        end_time = time.monotonic() + self._timeout\n        while True:\n            try:\n                value = method(self._driver)\n                if value:\n                    return value\n            except self._ignored_exceptions as exc:\n                screen = getattr(exc, \"screen\", None)\n                stacktrace = getattr(exc, \"stacktrace\", None)\n            time.sleep(self._poll)\n            if time.monotonic() > end_time:\n                break\n>       raise TimeoutException(message, screen, stacktrace)\nE       selenium.common.exceptions.TimeoutException: Message: Can't find element by locator ('xpath', '//button[@data-test-active-link=\"Words\"]')\nE       Stacktrace:\nE       #0 0x559342bc719a <unknown>\nE       #1 0x559342644c4b <unknown>\nE       #2 0x559342696318 <unknown>\nE       #3 0x559342696551 <unknown>\nE       #4 0x5593426e4764 <unknown>\nE       #5 0x5593426e1bee <unknown>\nE       #6 0x559342688c42 <unknown>\nE       #7 0x5593426898f1 <unknown>\nE       #8 0x559342b8ff39 <unknown>\nE       #9 0x559342b92e7d <unknown>\nE       #10 0x559342b78c81 <unknown>\nE       #11 0x559342b93a5b <unknown>\nE       #12 0x559342b5fa50 <unknown>\nE       #13 0x559342bb4aa8 <unknown>\nE       #14 0x559342bb4c79 <unknown>\nE       #15 0x559342bc64f3 <unknown>\nE       #16 0x7f500e09caa4 <unknown>\nE       #17 0x7f500e129c6c <unknown>\n\n/opt/hostedtoolcache/Python/3.12.12/x64/lib/python3.12/site-packages/selenium/webdriver/support/wait.py:95: TimeoutException","flaky":false,"newFailed":false,"newBroken":false,"newPassed":false,"retriesCount":0,"retriesStatusChange":false,"beforeStages":[{"name":"clear_allure_results_folder","time":{"start":1767866944296,"stop":1767866944296,"duration":0},"status":"passed","steps":[],"attachments":[],"parameters":[],"stepsCount":0,"shouldDisplayMessage":false,"attachmentsCount":0,"hasContent":false,"attachmentStep":false},{"name":"driver","time":{"start":1767867976468,"stop":1767867977229,"duration":761},"status":"passed","steps":[],"attachments":[],"parameters":[],"stepsCount":0,"shouldDisplayMessage":false,"attachmentsCount":0,"hasContent":false,"attachmentStep":false},{"name":"main_page_open","time":{"start":1767867977229,"stop":1767867979795,"duration":2566},"status":"passed","steps":[{"name":"Open page: https://www.brainup.site/","time":{"start":1767867977230,"stop":1767867979795,"duration":2565},"status":"passed","steps":[],"attachments":[],"parameters":[{"name":"driver","value":"<selenium.webdriver.chrome.webdriver.WebDriver (session=\"896a304c785dce504c214790040fbf38\")>"}],"stepsCount":0,"shouldDisplayMessage":false,"attachmentsCount":0,"hasContent":true,"attachmentStep":false}],"attachments":[],"parameters":[],"stepsCount":1,"shouldDisplayMessage":false,"attachmentsCount":0,"hasContent":true,"attachmentStep":false},{"name":"specialist_user_authorized","time":{"start":1767867979795,"stop":1767867982209,"duration":2414},"status":"passed","steps":[{"name":"USER specialist authorized","time":{"start":1767867979795,"stop":1767867982209,"duration":2414},"status":"passed","steps":[{"name":"Check url is present: https://www.brainup.site/groups","time":{"start":1767867980167,"stop":1767867982187,"duration":2020},"status":"passed","steps":[],"attachments":[],"parameters":[],"stepsCount":0,"shouldDisplayMessage":false,"attachmentsCount":0,"hasContent":false,"attachmentStep":false},{"name":"Loader checking","time":{"start":1767867982187,"stop":1767867982209,"duration":22},"status":"passed","steps":[],"attachments":[],"parameters":[],"stepsCount":0,"shouldDisplayMessage":false,"attachmentsCount":0,"hasContent":false,"attachmentStep":false}],"attachments":[],"parameters":[{"name":"driver","value":"<selenium.webdriver.chrome.webdriver.WebDriver (session=\"896a304c785dce504c214790040fbf38\")>"},{"name":"main_page_open","value":"None"}],"stepsCount":2,"shouldDisplayMessage":false,"attachmentsCount":0,"hasContent":true,"attachmentStep":false}],"attachments":[],"parameters":[],"stepsCount":3,"shouldDisplayMessage":false,"attachmentsCount":0,"hasContent":true,"attachmentStep":false}],"testStage":{"status":"skipped","statusMessage":"XFAIL\n\nselenium.common.exceptions.TimeoutException: Message: Can't find element by locator ('xpath', '//button[@data-test-active-link=\"Words\"]')\nStacktrace:\n#0 0x559342bc719a <unknown>\n#1 0x559342644c4b <unknown>\n#2 0x559342696318 <unknown>\n#3 0x559342696551 <unknown>\n#4 0x5593426e4764 <unknown>\n#5 0x5593426e1bee <unknown>\n#6 0x559342688c42 <unknown>\n#7 0x5593426898f1 <unknown>\n#8 0x559342b8ff39 <unknown>\n#9 0x559342b92e7d <unknown>\n#10 0x559342b78c81 <unknown>\n#11 0x559342b93a5b <unknown>\n#12 0x559342b5fa50 <unknown>\n#13 0x559342bb4aa8 <unknown>\n#14 0x559342bb4c79 <unknown>\n#15 0x559342bc64f3 <unknown>\n#16 0x7f500e09caa4 <unknown>\n#17 0x7f500e129c6c <unknown>","statusTrace":"self = <tests.test_speech_exercises_en.TestCardsEN object at 0x7fab1886c980>\ndriver = <selenium.webdriver.chrome.webdriver.WebDriver (session=\"896a304c785dce504c214790040fbf38\")>\nspecialist_user_authorized = None\n\n    @pytest.mark.xfail\n    @allure.suite(\"Speech exercises EN.\")\n    @allure.title('Select random card from \"Word\" group and compare UI vs BACKEND data')\n    def test_random_word_cards_en(self, driver, specialist_user_authorized):\n        page = SpeechExercisesPage(driver)\n>       page.select_group(SpeechExercisesPageLocators.WORDS_BUTTON_EN)\n\ntests/test_speech_exercises_en.py:16: \n_ _ _ _ _ _ _ _ _ _ _ _ _ _ _ _ _ _ _ _ _ _ _ _ _ _ _ _ _ _ _ _ _ _ _ _ _ _ _ _ \npages/speech_exercises_page_en.py:18: in select_group\n    text_of_the_button = self.element_is_present_and_clickable(selector_for_sub_group)\npages/base_page.py:40: in element_is_present_and_clickable\n    return (Wait(self.driver, self.timeout).until(\n_ _ _ _ _ _ _ _ _ _ _ _ _ _ _ _ _ _ _ _ _ _ _ _ _ _ _ _ _ _ _ _ _ _ _ _ _ _ _ _ \n\nself = <selenium.webdriver.support.wait.WebDriverWait (session=\"896a304c785dce504c214790040fbf38\")>\nmethod = <function visibility_of_element_located.<locals>._predicate at 0x7fab186be8e0>\nmessage = 'Can\\'t find element by locator (\\'xpath\\', \\'//button[@data-test-active-link=\"Words\"]\\')'\n\n    def until(self, method, message: str = \"\"):\n        \"\"\"Calls the method provided with the driver as an argument until the \\\n        return value does not evaluate to ``False``.\n    \n        :param method: callable(WebDriver)\n        :param message: optional message for :exc:`TimeoutException`\n        :returns: the result of the last call to `method`\n        :raises: :exc:`selenium.common.exceptions.TimeoutException` if timeout occurs\n        \"\"\"\n        screen = None\n        stacktrace = None\n    \n        end_time = time.monotonic() + self._timeout\n        while True:\n            try:\n                value = method(self._driver)\n                if value:\n                    return value\n            except self._ignored_exceptions as exc:\n                screen = getattr(exc, \"screen\", None)\n                stacktrace = getattr(exc, \"stacktrace\", None)\n            time.sleep(self._poll)\n            if time.monotonic() > end_time:\n                break\n>       raise TimeoutException(message, screen, stacktrace)\nE       selenium.common.exceptions.TimeoutException: Message: Can't find element by locator ('xpath', '//button[@data-test-active-link=\"Words\"]')\nE       Stacktrace:\nE       #0 0x559342bc719a <unknown>\nE       #1 0x559342644c4b <unknown>\nE       #2 0x559342696318 <unknown>\nE       #3 0x559342696551 <unknown>\nE       #4 0x5593426e4764 <unknown>\nE       #5 0x5593426e1bee <unknown>\nE       #6 0x559342688c42 <unknown>\nE       #7 0x5593426898f1 <unknown>\nE       #8 0x559342b8ff39 <unknown>\nE       #9 0x559342b92e7d <unknown>\nE       #10 0x559342b78c81 <unknown>\nE       #11 0x559342b93a5b <unknown>\nE       #12 0x559342b5fa50 <unknown>\nE       #13 0x559342bb4aa8 <unknown>\nE       #14 0x559342bb4c79 <unknown>\nE       #15 0x559342bc64f3 <unknown>\nE       #16 0x7f500e09caa4 <unknown>\nE       #17 0x7f500e129c6c <unknown>\n\n/opt/hostedtoolcache/Python/3.12.12/x64/lib/python3.12/site-packages/selenium/webdriver/support/wait.py:95: TimeoutException","steps":[{"name":"select_group","time":{"start":1767867982210,"stop":1767867992556,"duration":10346},"status":"broken","statusMessage":"selenium.common.exceptions.TimeoutException: Message: Can't find element by locator ('xpath', '//button[@data-test-active-link=\"Words\"]')\nStacktrace:\n#0 0x559342bc719a <unknown>\n#1 0x559342644c4b <unknown>\n#2 0x559342696318 <unknown>\n#3 0x559342696551 <unknown>\n#4 0x5593426e4764 <unknown>\n#5 0x5593426e1bee <unknown>\n#6 0x559342688c42 <unknown>\n#7 0x5593426898f1 <unknown>\n#8 0x559342b8ff39 <unknown>\n#9 0x559342b92e7d <unknown>\n#10 0x559342b78c81 <unknown>\n#11 0x559342b93a5b <unknown>\n#12 0x559342b5fa50 <unknown>\n#13 0x559342bb4aa8 <unknown>\n#14 0x559342bb4c79 <unknown>\n#15 0x559342bc64f3 <unknown>\n#16 0x7f500e09caa4 <unknown>\n#17 0x7f500e129c6c <unknown>\n\n","statusTrace":"  File \"/opt/hostedtoolcache/Python/3.12.12/x64/lib/python3.12/site-packages/allure_commons/_allure.py\", line 192, in impl\n    return func(*a, **kw)\n           ^^^^^^^^^^^^^^\n  File \"/home/runner/work/auto-tests-python/auto-tests-python/pages/speech_exercises_page_en.py\", line 18, in select_group\n    text_of_the_button = self.element_is_present_and_clickable(selector_for_sub_group)\n                         ^^^^^^^^^^^^^^^^^^^^^^^^^^^^^^^^^^^^^^^^^^^^^^^^^^^^^^^^^^^^^\n  File \"/home/runner/work/auto-tests-python/auto-tests-python/pages/base_page.py\", line 40, in element_is_present_and_clickable\n    return (Wait(self.driver, self.timeout).until(\n            ^^^^^^^^^^^^^^^^^^^^^^^^^^^^^^^^^^^^^^\n  File \"/opt/hostedtoolcache/Python/3.12.12/x64/lib/python3.12/site-packages/selenium/webdriver/support/wait.py\", line 95, in until\n    raise TimeoutException(message, screen, stacktrace)\n","steps":[{"name":"Select Russian language. Click \"EN\" button.","time":{"start":1767867982210,"stop":1767867982286,"duration":76},"status":"passed","steps":[],"attachments":[],"parameters":[],"stepsCount":0,"shouldDisplayMessage":false,"attachmentsCount":0,"hasContent":false,"attachmentStep":false},{"name":"Click button \"SPEECH EXERCISES\".","time":{"start":1767867982286,"stop":1767867982359,"duration":73},"status":"passed","steps":[],"attachments":[],"parameters":[],"stepsCount":0,"shouldDisplayMessage":false,"attachmentsCount":0,"hasContent":false,"attachmentStep":false}],"attachments":[],"parameters":[{"name":"selector_for_sub_group","value":"('xpath', '//button[@data-test-active-link=\"Words\"]')"}],"stepsCount":2,"shouldDisplayMessage":true,"attachmentsCount":0,"hasContent":true,"attachmentStep":false}],"attachments":[],"parameters":[],"stepsCount":3,"shouldDisplayMessage":true,"attachmentsCount":0,"hasContent":true,"attachmentStep":false},"afterStages":[{"name":"driver::0","time":{"start":1767867992594,"stop":1767867992666,"duration":72},"status":"passed","steps":[],"attachments":[],"parameters":[],"stepsCount":0,"shouldDisplayMessage":false,"attachmentsCount":0,"hasContent":false,"attachmentStep":false}],"labels":[{"name":"suite","value":"Speech exercises EN."},{"name":"epic","value":"Speech exercises."},{"name":"tag","value":"@pytest.mark.xfail"},{"name":"parentSuite","value":"tests"},{"name":"subSuite","value":"TestCardsEN"},{"name":"host","value":"runnervmh13bl"},{"name":"thread","value":"2713-MainThread"},{"name":"framework","value":"pytest"},{"name":"language","value":"cpython3"},{"name":"package","value":"tests.test_speech_exercises_en"},{"name":"resultFormat","value":"allure2"}],"parameters":[],"links":[],"hidden":false,"retry":false,"extra":{"severity":"normal","retries":[],"categories":[],"history":{"statistic":{"failed":0,"broken":0,"skipped":4,"passed":0,"unknown":0,"total":4},"items":[{"uid":"d3144f0a5139abbb","reportUrl":"https://Brain-up.github.io/auto-tests-python/796/#testresult/d3144f0a5139abbb","status":"skipped","statusDetails":"XFAIL\n\nselenium.common.exceptions.TimeoutException: Message: Can't find element by locator ('xpath', '//button[@data-test-active-link=\"Words\"]')\nStacktrace:\n#0 0x5581c6faf19a <unknown>\n#1 0x5581c6a2cc4b <unknown>\n#2 0x5581c6a7e318 <unknown>\n#3 0x5581c6a7e551 <unknown>\n#4 0x5581c6acc764 <unknown>\n#5 0x5581c6ac9bee <unknown>\n#6 0x5581c6a70c42 <unknown>\n#7 0x5581c6a718f1 <unknown>\n#8 0x5581c6f77f39 <unknown>\n#9 0x5581c6f7ae7d <unknown>\n#10 0x5581c6f60c81 <unknown>\n#11 0x5581c6f7ba5b <unknown>\n#12 0x5581c6f47a50 <unknown>\n#13 0x5581c6f9caa8 <unknown>\n#14 0x5581c6f9cc79 <unknown>\n#15 0x5581c6fae4f3 <unknown>\n#16 0x7fe79529caa4 <unknown>\n#17 0x7fe795329c6c <unknown>","time":{"start":1767792643529,"stop":1767792653874,"duration":10345}},{"uid":"7ef3a7d0b5816f40","reportUrl":"https://Brain-up.github.io/auto-tests-python/795/#testresult/7ef3a7d0b5816f40","status":"skipped","statusDetails":"XFAIL\n\nselenium.common.exceptions.TimeoutException: Message: Can't find element by locator ('xpath', '//button[@data-test-active-link=\"Words\"]')\nStacktrace:\n#0 0x563d112de19a <unknown>\n#1 0x563d10d5bc4b <unknown>\n#2 0x563d10dad318 <unknown>\n#3 0x563d10dad551 <unknown>\n#4 0x563d10dfb764 <unknown>\n#5 0x563d10df8bee <unknown>\n#6 0x563d10d9fc42 <unknown>\n#7 0x563d10da08f1 <unknown>\n#8 0x563d112a6f39 <unknown>\n#9 0x563d112a9e7d <unknown>\n#10 0x563d1128fc81 <unknown>\n#11 0x563d112aaa5b <unknown>\n#12 0x563d11276a50 <unknown>\n#13 0x563d112cbaa8 <unknown>\n#14 0x563d112cbc79 <unknown>\n#15 0x563d112dd4f3 <unknown>\n#16 0x7f358289caa4 <unknown>\n#17 0x7f3582929c6c <unknown>","time":{"start":1767707350929,"stop":1767707361320,"duration":10391}},{"uid":"417def3223303ec3","reportUrl":"https://Brain-up.github.io/auto-tests-python/794/#testresult/417def3223303ec3","status":"skipped","statusDetails":"XFAIL\n\nselenium.common.exceptions.TimeoutException: Message: Url: https://www.brainup.site/groups/4/series/9/exercise/2391 has not been changed!!!","time":{"start":1767702479754,"stop":1767702493582,"duration":13828}}]},"tags":["@pytest.mark.xfail"]},"source":"a790e54c27b5e80d.json","parameterValues":[]}