{"uid":"f1340a94bdf2d54d","name":"Select random card from \"Word\" group and compare UI vs BACKEND data","fullName":"tests.test_speech_exercises_en.TestCardsEN#test_random_word_cards_en","historyId":"84999af5e98c6318908a9abbfe6fc3a3","time":{"start":1765131810767,"stop":1765131821118,"duration":10351},"status":"skipped","statusMessage":"XFAIL\n\nselenium.common.exceptions.TimeoutException: Message: Can't find element by locator ('xpath', '//button[@data-test-active-link=\"Words\"]')\nStacktrace:\n#0 0x559f1d9224ca <unknown>\n#1 0x559f1d370e4b <unknown>\n#2 0x559f1d3c3814 <unknown>\n#3 0x559f1d3c3a51 <unknown>\n#4 0x559f1d412a44 <unknown>\n#5 0x559f1d40fdf7 <unknown>\n#6 0x559f1d3b5c2a <unknown>\n#7 0x559f1d3b6931 <unknown>\n#8 0x559f1d8e8cf9 <unknown>\n#9 0x559f1d8ebcdc <unknown>\n#10 0x559f1d8d1f79 <unknown>\n#11 0x559f1d8ec8b5 <unknown>\n#12 0x559f1d8b99c3 <unknown>\n#13 0x559f1d90f228 <unknown>\n#14 0x559f1d90f403 <unknown>\n#15 0x559f1d921463 <unknown>\n#16 0x7f5dbcc9caa4 <unknown>\n#17 0x7f5dbcd29c6c <unknown>","statusTrace":"self = <tests.test_speech_exercises_en.TestCardsEN object at 0x7f9a5ea31550>\ndriver = <selenium.webdriver.chrome.webdriver.WebDriver (session=\"d7c11e8552a6c1d2144032bd12b71f7a\")>\nspecialist_user_authorized = None\n\n    @pytest.mark.xfail\n    @allure.suite(\"Speech exercises EN.\")\n    @allure.title('Select random card from \"Word\" group and compare UI vs BACKEND data')\n    def test_random_word_cards_en(self, driver, specialist_user_authorized):\n        page = SpeechExercisesPage(driver)\n>       page.select_group(SpeechExercisesPageLocators.WORDS_BUTTON_EN)\n\ntests/test_speech_exercises_en.py:16: \n_ _ _ _ _ _ _ _ _ _ _ _ _ _ _ _ _ _ _ _ _ _ _ _ _ _ _ _ _ _ _ _ _ _ _ _ _ _ _ _ \npages/speech_exercises_page_en.py:18: in select_group\n    text_of_the_button = self.element_is_present_and_clickable(selector_for_sub_group)\npages/base_page.py:40: in element_is_present_and_clickable\n    return (Wait(self.driver, self.timeout).until(\n_ _ _ _ _ _ _ _ _ _ _ _ _ _ _ _ _ _ _ _ _ _ _ _ _ _ _ _ _ _ _ _ _ _ _ _ _ _ _ _ \n\nself = <selenium.webdriver.support.wait.WebDriverWait (session=\"d7c11e8552a6c1d2144032bd12b71f7a\")>\nmethod = <function visibility_of_element_located.<locals>._predicate at 0x7f9a5e9091c0>\nmessage = 'Can\\'t find element by locator (\\'xpath\\', \\'//button[@data-test-active-link=\"Words\"]\\')'\n\n    def until(self, method, message: str = \"\"):\n        \"\"\"Calls the method provided with the driver as an argument until the \\\n        return value does not evaluate to ``False``.\n    \n        :param method: callable(WebDriver)\n        :param message: optional message for :exc:`TimeoutException`\n        :returns: the result of the last call to `method`\n        :raises: :exc:`selenium.common.exceptions.TimeoutException` if timeout occurs\n        \"\"\"\n        screen = None\n        stacktrace = None\n    \n        end_time = time.monotonic() + self._timeout\n        while True:\n            try:\n                value = method(self._driver)\n                if value:\n                    return value\n            except self._ignored_exceptions as exc:\n                screen = getattr(exc, \"screen\", None)\n                stacktrace = getattr(exc, \"stacktrace\", None)\n            time.sleep(self._poll)\n            if time.monotonic() > end_time:\n                break\n>       raise TimeoutException(message, screen, stacktrace)\nE       selenium.common.exceptions.TimeoutException: Message: Can't find element by locator ('xpath', '//button[@data-test-active-link=\"Words\"]')\nE       Stacktrace:\nE       #0 0x559f1d9224ca <unknown>\nE       #1 0x559f1d370e4b <unknown>\nE       #2 0x559f1d3c3814 <unknown>\nE       #3 0x559f1d3c3a51 <unknown>\nE       #4 0x559f1d412a44 <unknown>\nE       #5 0x559f1d40fdf7 <unknown>\nE       #6 0x559f1d3b5c2a <unknown>\nE       #7 0x559f1d3b6931 <unknown>\nE       #8 0x559f1d8e8cf9 <unknown>\nE       #9 0x559f1d8ebcdc <unknown>\nE       #10 0x559f1d8d1f79 <unknown>\nE       #11 0x559f1d8ec8b5 <unknown>\nE       #12 0x559f1d8b99c3 <unknown>\nE       #13 0x559f1d90f228 <unknown>\nE       #14 0x559f1d90f403 <unknown>\nE       #15 0x559f1d921463 <unknown>\nE       #16 0x7f5dbcc9caa4 <unknown>\nE       #17 0x7f5dbcd29c6c <unknown>\n\n/opt/hostedtoolcache/Python/3.12.12/x64/lib/python3.12/site-packages/selenium/webdriver/support/wait.py:95: TimeoutException","flaky":false,"newFailed":false,"newBroken":false,"newPassed":false,"retriesCount":0,"retriesStatusChange":false,"beforeStages":[{"name":"clear_allure_results_folder","time":{"start":1765130522008,"stop":1765130522008,"duration":0},"status":"passed","steps":[],"attachments":[],"parameters":[],"stepsCount":0,"shouldDisplayMessage":false,"attachmentsCount":0,"hasContent":false,"attachmentStep":false},{"name":"driver","time":{"start":1765131803664,"stop":1765131804416,"duration":752},"status":"passed","steps":[],"attachments":[],"parameters":[],"stepsCount":0,"shouldDisplayMessage":false,"attachmentsCount":0,"hasContent":false,"attachmentStep":false},{"name":"main_page_open","time":{"start":1765131804417,"stop":1765131807849,"duration":3432},"status":"passed","steps":[{"name":"Open page: https://www.brainup.site/","time":{"start":1765131804417,"stop":1765131807849,"duration":3432},"status":"passed","steps":[],"attachments":[],"parameters":[{"name":"driver","value":"<selenium.webdriver.chrome.webdriver.WebDriver (session=\"d7c11e8552a6c1d2144032bd12b71f7a\")>"}],"stepsCount":0,"shouldDisplayMessage":false,"attachmentsCount":0,"hasContent":true,"attachmentStep":false}],"attachments":[],"parameters":[],"stepsCount":1,"shouldDisplayMessage":false,"attachmentsCount":0,"hasContent":true,"attachmentStep":false},{"name":"specialist_user_authorized","time":{"start":1765131807849,"stop":1765131810767,"duration":2918},"status":"passed","steps":[{"name":"USER specialist authorized","time":{"start":1765131807849,"stop":1765131810767,"duration":2918},"status":"passed","steps":[{"name":"Check url is present: https://www.brainup.site/groups","time":{"start":1765131808222,"stop":1765131810743,"duration":2521},"status":"passed","steps":[],"attachments":[],"parameters":[],"stepsCount":0,"shouldDisplayMessage":false,"attachmentsCount":0,"hasContent":false,"attachmentStep":false},{"name":"Loader checking","time":{"start":1765131810744,"stop":1765131810767,"duration":23},"status":"passed","steps":[],"attachments":[],"parameters":[],"stepsCount":0,"shouldDisplayMessage":false,"attachmentsCount":0,"hasContent":false,"attachmentStep":false}],"attachments":[],"parameters":[{"name":"driver","value":"<selenium.webdriver.chrome.webdriver.WebDriver (session=\"d7c11e8552a6c1d2144032bd12b71f7a\")>"},{"name":"main_page_open","value":"None"}],"stepsCount":2,"shouldDisplayMessage":false,"attachmentsCount":0,"hasContent":true,"attachmentStep":false}],"attachments":[],"parameters":[],"stepsCount":3,"shouldDisplayMessage":false,"attachmentsCount":0,"hasContent":true,"attachmentStep":false}],"testStage":{"status":"skipped","statusMessage":"XFAIL\n\nselenium.common.exceptions.TimeoutException: Message: Can't find element by locator ('xpath', '//button[@data-test-active-link=\"Words\"]')\nStacktrace:\n#0 0x559f1d9224ca <unknown>\n#1 0x559f1d370e4b <unknown>\n#2 0x559f1d3c3814 <unknown>\n#3 0x559f1d3c3a51 <unknown>\n#4 0x559f1d412a44 <unknown>\n#5 0x559f1d40fdf7 <unknown>\n#6 0x559f1d3b5c2a <unknown>\n#7 0x559f1d3b6931 <unknown>\n#8 0x559f1d8e8cf9 <unknown>\n#9 0x559f1d8ebcdc <unknown>\n#10 0x559f1d8d1f79 <unknown>\n#11 0x559f1d8ec8b5 <unknown>\n#12 0x559f1d8b99c3 <unknown>\n#13 0x559f1d90f228 <unknown>\n#14 0x559f1d90f403 <unknown>\n#15 0x559f1d921463 <unknown>\n#16 0x7f5dbcc9caa4 <unknown>\n#17 0x7f5dbcd29c6c <unknown>","statusTrace":"self = <tests.test_speech_exercises_en.TestCardsEN object at 0x7f9a5ea31550>\ndriver = <selenium.webdriver.chrome.webdriver.WebDriver (session=\"d7c11e8552a6c1d2144032bd12b71f7a\")>\nspecialist_user_authorized = None\n\n    @pytest.mark.xfail\n    @allure.suite(\"Speech exercises EN.\")\n    @allure.title('Select random card from \"Word\" group and compare UI vs BACKEND data')\n    def test_random_word_cards_en(self, driver, specialist_user_authorized):\n        page = SpeechExercisesPage(driver)\n>       page.select_group(SpeechExercisesPageLocators.WORDS_BUTTON_EN)\n\ntests/test_speech_exercises_en.py:16: \n_ _ _ _ _ _ _ _ _ _ _ _ _ _ _ _ _ _ _ _ _ _ _ _ _ _ _ _ _ _ _ _ _ _ _ _ _ _ _ _ \npages/speech_exercises_page_en.py:18: in select_group\n    text_of_the_button = self.element_is_present_and_clickable(selector_for_sub_group)\npages/base_page.py:40: in element_is_present_and_clickable\n    return (Wait(self.driver, self.timeout).until(\n_ _ _ _ _ _ _ _ _ _ _ _ _ _ _ _ _ _ _ _ _ _ _ _ _ _ _ _ _ _ _ _ _ _ _ _ _ _ _ _ \n\nself = <selenium.webdriver.support.wait.WebDriverWait (session=\"d7c11e8552a6c1d2144032bd12b71f7a\")>\nmethod = <function visibility_of_element_located.<locals>._predicate at 0x7f9a5e9091c0>\nmessage = 'Can\\'t find element by locator (\\'xpath\\', \\'//button[@data-test-active-link=\"Words\"]\\')'\n\n    def until(self, method, message: str = \"\"):\n        \"\"\"Calls the method provided with the driver as an argument until the \\\n        return value does not evaluate to ``False``.\n    \n        :param method: callable(WebDriver)\n        :param message: optional message for :exc:`TimeoutException`\n        :returns: the result of the last call to `method`\n        :raises: :exc:`selenium.common.exceptions.TimeoutException` if timeout occurs\n        \"\"\"\n        screen = None\n        stacktrace = None\n    \n        end_time = time.monotonic() + self._timeout\n        while True:\n            try:\n                value = method(self._driver)\n                if value:\n                    return value\n            except self._ignored_exceptions as exc:\n                screen = getattr(exc, \"screen\", None)\n                stacktrace = getattr(exc, \"stacktrace\", None)\n            time.sleep(self._poll)\n            if time.monotonic() > end_time:\n                break\n>       raise TimeoutException(message, screen, stacktrace)\nE       selenium.common.exceptions.TimeoutException: Message: Can't find element by locator ('xpath', '//button[@data-test-active-link=\"Words\"]')\nE       Stacktrace:\nE       #0 0x559f1d9224ca <unknown>\nE       #1 0x559f1d370e4b <unknown>\nE       #2 0x559f1d3c3814 <unknown>\nE       #3 0x559f1d3c3a51 <unknown>\nE       #4 0x559f1d412a44 <unknown>\nE       #5 0x559f1d40fdf7 <unknown>\nE       #6 0x559f1d3b5c2a <unknown>\nE       #7 0x559f1d3b6931 <unknown>\nE       #8 0x559f1d8e8cf9 <unknown>\nE       #9 0x559f1d8ebcdc <unknown>\nE       #10 0x559f1d8d1f79 <unknown>\nE       #11 0x559f1d8ec8b5 <unknown>\nE       #12 0x559f1d8b99c3 <unknown>\nE       #13 0x559f1d90f228 <unknown>\nE       #14 0x559f1d90f403 <unknown>\nE       #15 0x559f1d921463 <unknown>\nE       #16 0x7f5dbcc9caa4 <unknown>\nE       #17 0x7f5dbcd29c6c <unknown>\n\n/opt/hostedtoolcache/Python/3.12.12/x64/lib/python3.12/site-packages/selenium/webdriver/support/wait.py:95: TimeoutException","steps":[{"name":"select_group","time":{"start":1765131810768,"stop":1765131821117,"duration":10349},"status":"broken","statusMessage":"selenium.common.exceptions.TimeoutException: Message: Can't find element by locator ('xpath', '//button[@data-test-active-link=\"Words\"]')\nStacktrace:\n#0 0x559f1d9224ca <unknown>\n#1 0x559f1d370e4b <unknown>\n#2 0x559f1d3c3814 <unknown>\n#3 0x559f1d3c3a51 <unknown>\n#4 0x559f1d412a44 <unknown>\n#5 0x559f1d40fdf7 <unknown>\n#6 0x559f1d3b5c2a <unknown>\n#7 0x559f1d3b6931 <unknown>\n#8 0x559f1d8e8cf9 <unknown>\n#9 0x559f1d8ebcdc <unknown>\n#10 0x559f1d8d1f79 <unknown>\n#11 0x559f1d8ec8b5 <unknown>\n#12 0x559f1d8b99c3 <unknown>\n#13 0x559f1d90f228 <unknown>\n#14 0x559f1d90f403 <unknown>\n#15 0x559f1d921463 <unknown>\n#16 0x7f5dbcc9caa4 <unknown>\n#17 0x7f5dbcd29c6c <unknown>\n\n","statusTrace":"  File \"/opt/hostedtoolcache/Python/3.12.12/x64/lib/python3.12/site-packages/allure_commons/_allure.py\", line 192, in impl\n    return func(*a, **kw)\n           ^^^^^^^^^^^^^^\n  File \"/home/runner/work/auto-tests-python/auto-tests-python/pages/speech_exercises_page_en.py\", line 18, in select_group\n    text_of_the_button = self.element_is_present_and_clickable(selector_for_sub_group)\n                         ^^^^^^^^^^^^^^^^^^^^^^^^^^^^^^^^^^^^^^^^^^^^^^^^^^^^^^^^^^^^^\n  File \"/home/runner/work/auto-tests-python/auto-tests-python/pages/base_page.py\", line 40, in element_is_present_and_clickable\n    return (Wait(self.driver, self.timeout).until(\n            ^^^^^^^^^^^^^^^^^^^^^^^^^^^^^^^^^^^^^^\n  File \"/opt/hostedtoolcache/Python/3.12.12/x64/lib/python3.12/site-packages/selenium/webdriver/support/wait.py\", line 95, in until\n    raise TimeoutException(message, screen, stacktrace)\n","steps":[{"name":"Select Russian language. Click \"EN\" button.","time":{"start":1765131810768,"stop":1765131810844,"duration":76},"status":"passed","steps":[],"attachments":[],"parameters":[],"stepsCount":0,"shouldDisplayMessage":false,"attachmentsCount":0,"hasContent":false,"attachmentStep":false},{"name":"Click button \"SPEECH EXERCISES\".","time":{"start":1765131810844,"stop":1765131810918,"duration":74},"status":"passed","steps":[],"attachments":[],"parameters":[],"stepsCount":0,"shouldDisplayMessage":false,"attachmentsCount":0,"hasContent":false,"attachmentStep":false}],"attachments":[],"parameters":[{"name":"selector_for_sub_group","value":"('xpath', '//button[@data-test-active-link=\"Words\"]')"}],"stepsCount":2,"shouldDisplayMessage":true,"attachmentsCount":0,"hasContent":true,"attachmentStep":false}],"attachments":[],"parameters":[],"stepsCount":3,"shouldDisplayMessage":true,"attachmentsCount":0,"hasContent":true,"attachmentStep":false},"afterStages":[{"name":"driver::0","time":{"start":1765131821155,"stop":1765131821225,"duration":70},"status":"passed","steps":[],"attachments":[],"parameters":[],"stepsCount":0,"shouldDisplayMessage":false,"attachmentsCount":0,"hasContent":false,"attachmentStep":false}],"labels":[{"name":"suite","value":"Speech exercises EN."},{"name":"epic","value":"Speech exercises."},{"name":"tag","value":"@pytest.mark.xfail"},{"name":"parentSuite","value":"tests"},{"name":"subSuite","value":"TestCardsEN"},{"name":"host","value":"runnervmoqczp"},{"name":"thread","value":"2597-MainThread"},{"name":"framework","value":"pytest"},{"name":"language","value":"cpython3"},{"name":"package","value":"tests.test_speech_exercises_en"},{"name":"resultFormat","value":"allure2"}],"parameters":[],"links":[],"hidden":false,"retry":false,"extra":{"severity":"normal","retries":[],"categories":[],"history":{"statistic":{"failed":0,"broken":0,"skipped":34,"passed":1,"unknown":0,"total":35},"items":[{"uid":"56d15d6c486441c9","reportUrl":"https://Brain-up.github.io/auto-tests-python/768/#testresult/56d15d6c486441c9","status":"skipped","statusDetails":"XFAIL\n\nselenium.common.exceptions.TimeoutException: Message: Can't find element by locator ('xpath', '//button[@data-test-active-link=\"Words\"]')\nStacktrace:\n#0 0x55787005b4ca <unknown>\n#1 0x55786faa9e4b <unknown>\n#2 0x55786fafc814 <unknown>\n#3 0x55786fafca51 <unknown>\n#4 0x55786fb4ba44 <unknown>\n#5 0x55786fb48df7 <unknown>\n#6 0x55786faeec2a <unknown>\n#7 0x55786faef931 <unknown>\n#8 0x557870021cf9 <unknown>\n#9 0x557870024cdc <unknown>\n#10 0x55787000af79 <unknown>\n#11 0x5578700258b5 <unknown>\n#12 0x55786fff29c3 <unknown>\n#13 0x557870048228 <unknown>\n#14 0x557870048403 <unknown>\n#15 0x55787005a463 <unknown>\n#16 0x7f455169caa4 <unknown>\n#17 0x7f4551729c6c <unknown>","time":{"start":1765023413836,"stop":1765023424185,"duration":10349}},{"uid":"2f4bfa5643aab40","reportUrl":"https://Brain-up.github.io/auto-tests-python/767/#testresult/2f4bfa5643aab40","status":"skipped","statusDetails":"XFAIL\n\nselenium.common.exceptions.TimeoutException: Message: Can't find element by locator ('xpath', '//button[@data-test-active-link=\"Words\"]')\nStacktrace:\n#0 0x55c52f9e94ca <unknown>\n#1 0x55c52f437e4b <unknown>\n#2 0x55c52f48a814 <unknown>\n#3 0x55c52f48aa51 <unknown>\n#4 0x55c52f4d9a44 <unknown>\n#5 0x55c52f4d6df7 <unknown>\n#6 0x55c52f47cc2a <unknown>\n#7 0x55c52f47d931 <unknown>\n#8 0x55c52f9afcf9 <unknown>\n#9 0x55c52f9b2cdc <unknown>\n#10 0x55c52f998f79 <unknown>\n#11 0x55c52f9b38b5 <unknown>\n#12 0x55c52f9809c3 <unknown>\n#13 0x55c52f9d6228 <unknown>\n#14 0x55c52f9d6403 <unknown>\n#15 0x55c52f9e8463 <unknown>\n#16 0x7f1a21e9caa4 <unknown>\n#17 0x7f1a21f29c6c <unknown>","time":{"start":1764842610067,"stop":1764842620413,"duration":10346}},{"uid":"5ace9f61717980ca","reportUrl":"https://Brain-up.github.io/auto-tests-python/766/#testresult/5ace9f61717980ca","status":"skipped","statusDetails":"XFAIL\n\nselenium.common.exceptions.TimeoutException: Message: Can't find element by locator ('xpath', '//button[@data-test-active-link=\"Words\"]')\nStacktrace:\n#0 0x5598a62954ca <unknown>\n#1 0x5598a5ce3e4b <unknown>\n#2 0x5598a5d36814 <unknown>\n#3 0x5598a5d36a51 <unknown>\n#4 0x5598a5d85a44 <unknown>\n#5 0x5598a5d82df7 <unknown>\n#6 0x5598a5d28c2a <unknown>\n#7 0x5598a5d29931 <unknown>\n#8 0x5598a625bcf9 <unknown>\n#9 0x5598a625ecdc <unknown>\n#10 0x5598a6244f79 <unknown>\n#11 0x5598a625f8b5 <unknown>\n#12 0x5598a622c9c3 <unknown>\n#13 0x5598a6282228 <unknown>\n#14 0x5598a6282403 <unknown>\n#15 0x5598a6294463 <unknown>\n#16 0x7f13aa69caa4 <unknown>\n#17 0x7f13aa729c6c <unknown>","time":{"start":1764760146321,"stop":1764760156672,"duration":10351}},{"uid":"4874a81d9475f9f1","reportUrl":"https://Brain-up.github.io/auto-tests-python/765/#testresult/4874a81d9475f9f1","status":"skipped","statusDetails":"XFAIL\n\nselenium.common.exceptions.TimeoutException: Message: Can't find element by locator ('xpath', '//button[@data-test-active-link=\"Words\"]')\nStacktrace:\n#0 0x5610c921932a <unknown>\n#1 0x5610c8c65e4b <unknown>\n#2 0x5610c8cb882b <unknown>\n#3 0x5610c8cb8a61 <unknown>\n#4 0x5610c8d07a44 <unknown>\n#5 0x5610c8d04df7 <unknown>\n#6 0x5610c8caac1a <unknown>\n#7 0x5610c8cab921 <unknown>\n#8 0x5610c91e0239 <unknown>\n#9 0x5610c91e31e8 <unknown>\n#10 0x5610c91c94c9 <unknown>\n#11 0x5610c91e3db5 <unknown>\n#12 0x5610c91b0e93 <unknown>\n#13 0x5610c9206098 <unknown>\n#14 0x5610c9206273 <unknown>\n#15 0x5610c92182c3 <unknown>\n#16 0x7f65d189caa4 <unknown>\n#17 0x7f65d1929c6c <unknown>","time":{"start":1764674622950,"stop":1764674633297,"duration":10347}},{"uid":"68d3792d46d903b","reportUrl":"https://Brain-up.github.io/auto-tests-python/764/#testresult/68d3792d46d903b","status":"skipped","statusDetails":"XFAIL\n\nselenium.common.exceptions.TimeoutException: Message: Can't find element by locator ('xpath', '//button[@data-test-active-link=\"Words\"]')\nStacktrace:\n#0 0x55614735b32a <unknown>\n#1 0x556146da7e4b <unknown>\n#2 0x556146dfa82b <unknown>\n#3 0x556146dfaa61 <unknown>\n#4 0x556146e49a44 <unknown>\n#5 0x556146e46df7 <unknown>\n#6 0x556146decc1a <unknown>\n#7 0x556146ded921 <unknown>\n#8 0x556147322239 <unknown>\n#9 0x5561473251e8 <unknown>\n#10 0x55614730b4c9 <unknown>\n#11 0x556147325db5 <unknown>\n#12 0x5561472f2e93 <unknown>\n#13 0x556147348098 <unknown>\n#14 0x556147348273 <unknown>\n#15 0x55614735a2c3 <unknown>\n#16 0x7fd101c9caa4 <unknown>\n#17 0x7fd101d29c6c <unknown>","time":{"start":1764588470207,"stop":1764588480526,"duration":10319}},{"uid":"cfefbc73ca0ab99d","reportUrl":"https://Brain-up.github.io/auto-tests-python/763/#testresult/cfefbc73ca0ab99d","status":"skipped","statusDetails":"XFAIL\n\nselenium.common.exceptions.TimeoutException: Message: Can't find element by locator ('xpath', '//button[@data-test-active-link=\"Words\"]')\nStacktrace:\n#0 0x5638be7db32a <unknown>\n#1 0x5638be227e4b <unknown>\n#2 0x5638be27a82b <unknown>\n#3 0x5638be27aa61 <unknown>\n#4 0x5638be2c9a44 <unknown>\n#5 0x5638be2c6df7 <unknown>\n#6 0x5638be26cc1a <unknown>\n#7 0x5638be26d921 <unknown>\n#8 0x5638be7a2239 <unknown>\n#9 0x5638be7a51e8 <unknown>\n#10 0x5638be78b4c9 <unknown>\n#11 0x5638be7a5db5 <unknown>\n#12 0x5638be772e93 <unknown>\n#13 0x5638be7c8098 <unknown>\n#14 0x5638be7c8273 <unknown>\n#15 0x5638be7da2c3 <unknown>\n#16 0x7f265809caa4 <unknown>\n#17 0x7f2658129c6c <unknown>","time":{"start":1764490125724,"stop":1764490136082,"duration":10358}},{"uid":"c81e4b1cd20d5826","reportUrl":"https://Brain-up.github.io/auto-tests-python/762/#testresult/c81e4b1cd20d5826","status":"skipped","statusDetails":"XFAIL\n\nselenium.common.exceptions.TimeoutException: Message: Can't find element by locator ('xpath', '//button[@data-test-active-link=\"Words\"]')\nStacktrace:\n#0 0x56518bc2932a <unknown>\n#1 0x56518b675e4b <unknown>\n#2 0x56518b6c882b <unknown>\n#3 0x56518b6c8a61 <unknown>\n#4 0x56518b717a44 <unknown>\n#5 0x56518b714df7 <unknown>\n#6 0x56518b6bac1a <unknown>\n#7 0x56518b6bb921 <unknown>\n#8 0x56518bbf0239 <unknown>\n#9 0x56518bbf31e8 <unknown>\n#10 0x56518bbd94c9 <unknown>\n#11 0x56518bbf3db5 <unknown>\n#12 0x56518bbc0e93 <unknown>\n#13 0x56518bc16098 <unknown>\n#14 0x56518bc16273 <unknown>\n#15 0x56518bc282c3 <unknown>\n#16 0x7fd38849caa4 <unknown>\n#17 0x7fd388529c6c <unknown>","time":{"start":1764422827774,"stop":1764422838175,"duration":10401}},{"uid":"765157f803f09427","reportUrl":"https://Brain-up.github.io/auto-tests-python/761/#testresult/765157f803f09427","status":"skipped","statusDetails":"XFAIL\n\nselenium.common.exceptions.TimeoutException: Message: Can't find element by locator ('xpath', '//button[@data-test-active-link=\"Words\"]')\nStacktrace:\n#0 0x563163e1c32a <unknown>\n#1 0x563163868e4b <unknown>\n#2 0x5631638bb82b <unknown>\n#3 0x5631638bba61 <unknown>\n#4 0x56316390aa44 <unknown>\n#5 0x563163907df7 <unknown>\n#6 0x5631638adc1a <unknown>\n#7 0x5631638ae921 <unknown>\n#8 0x563163de3239 <unknown>\n#9 0x563163de61e8 <unknown>\n#10 0x563163dcc4c9 <unknown>\n#11 0x563163de6db5 <unknown>\n#12 0x563163db3e93 <unknown>\n#13 0x563163e09098 <unknown>\n#14 0x563163e09273 <unknown>\n#15 0x563163e1b2c3 <unknown>\n#16 0x7f112569caa4 <unknown>\n#17 0x7f1125729c6c <unknown>","time":{"start":1764329293282,"stop":1764329303642,"duration":10360}},{"uid":"3648f4d0c8f8f55","reportUrl":"https://Brain-up.github.io/auto-tests-python/760/#testresult/3648f4d0c8f8f55","status":"skipped","statusDetails":"XFAIL\n\nselenium.common.exceptions.TimeoutException: Message: Can't find element by locator ('xpath', '//button[@data-test-active-link=\"Words\"]')\nStacktrace:\n#0 0x5596b94c932a <unknown>\n#1 0x5596b8f15e4b <unknown>\n#2 0x5596b8f6882b <unknown>\n#3 0x5596b8f68a61 <unknown>\n#4 0x5596b8fb7a44 <unknown>\n#5 0x5596b8fb4df7 <unknown>\n#6 0x5596b8f5ac1a <unknown>\n#7 0x5596b8f5b921 <unknown>\n#8 0x5596b9490239 <unknown>\n#9 0x5596b94931e8 <unknown>\n#10 0x5596b94794c9 <unknown>\n#11 0x5596b9493db5 <unknown>\n#12 0x5596b9460e93 <unknown>\n#13 0x5596b94b6098 <unknown>\n#14 0x5596b94b6273 <unknown>\n#15 0x5596b94c82c3 <unknown>\n#16 0x7f4b5ea9caa4 <unknown>\n#17 0x7f4b5eb29c6c <unknown>","time":{"start":1764258114019,"stop":1764258124357,"duration":10338}},{"uid":"e89485dbb19cc497","reportUrl":"https://Brain-up.github.io/auto-tests-python/759/#testresult/e89485dbb19cc497","status":"skipped","statusDetails":"XFAIL\n\nselenium.common.exceptions.TimeoutException: Message: Can't find element by locator ('xpath', '//button[@data-test-active-link=\"Words\"]')\nStacktrace:\n#0 0x55cbfcb8132a <unknown>\n#1 0x55cbfc5cde4b <unknown>\n#2 0x55cbfc62082b <unknown>\n#3 0x55cbfc620a61 <unknown>\n#4 0x55cbfc66fa44 <unknown>\n#5 0x55cbfc66cdf7 <unknown>\n#6 0x55cbfc612c1a <unknown>\n#7 0x55cbfc613921 <unknown>\n#8 0x55cbfcb48239 <unknown>\n#9 0x55cbfcb4b1e8 <unknown>\n#10 0x55cbfcb314c9 <unknown>\n#11 0x55cbfcb4bdb5 <unknown>\n#12 0x55cbfcb18e93 <unknown>\n#13 0x55cbfcb6e098 <unknown>\n#14 0x55cbfcb6e273 <unknown>\n#15 0x55cbfcb802c3 <unknown>\n#16 0x7f42f0a9caa4 <unknown>\n#17 0x7f42f0b29c6c <unknown>","time":{"start":1764069707927,"stop":1764069718351,"duration":10424}},{"uid":"c30593f00fdeb5fd","reportUrl":"https://Brain-up.github.io/auto-tests-python/758/#testresult/c30593f00fdeb5fd","status":"skipped","statusDetails":"XFAIL\n\nselenium.common.exceptions.TimeoutException: Message: Can't find element by locator ('xpath', '//button[@data-test-active-link=\"Words\"]')\nStacktrace:\n#0 0x563db2b2832a <unknown>\n#1 0x563db2574e4b <unknown>\n#2 0x563db25c782b <unknown>\n#3 0x563db25c7a61 <unknown>\n#4 0x563db2616a44 <unknown>\n#5 0x563db2613df7 <unknown>\n#6 0x563db25b9c1a <unknown>\n#7 0x563db25ba921 <unknown>\n#8 0x563db2aef239 <unknown>\n#9 0x563db2af21e8 <unknown>\n#10 0x563db2ad84c9 <unknown>\n#11 0x563db2af2db5 <unknown>\n#12 0x563db2abfe93 <unknown>\n#13 0x563db2b15098 <unknown>\n#14 0x563db2b15273 <unknown>\n#15 0x563db2b272c3 <unknown>\n#16 0x7f38fd89caa4 <unknown>\n#17 0x7f38fd929c6c <unknown>","time":{"start":1764011557297,"stop":1764011567651,"duration":10354}},{"uid":"26a8c2f575469b4","reportUrl":"https://Brain-up.github.io/auto-tests-python/757/#testresult/26a8c2f575469b4","status":"passed","statusDetails":"XPASS","time":{"start":1763904119026,"stop":1763904127856,"duration":8830}},{"uid":"3acc05e842523d6e","reportUrl":"https://Brain-up.github.io/auto-tests-python/756/#testresult/3acc05e842523d6e","status":"skipped","statusDetails":"XFAIL\n\nselenium.common.exceptions.TimeoutException: Message: Can't find element by locator ('xpath', '//button[@data-test-active-link=\"Words\"]')\nStacktrace:\n#0 0x56463c63b32a <unknown>\n#1 0x56463c087e4b <unknown>\n#2 0x56463c0da82b <unknown>\n#3 0x56463c0daa61 <unknown>\n#4 0x56463c129a44 <unknown>\n#5 0x56463c126df7 <unknown>\n#6 0x56463c0ccc1a <unknown>\n#7 0x56463c0cd921 <unknown>\n#8 0x56463c602239 <unknown>\n#9 0x56463c6051e8 <unknown>\n#10 0x56463c5eb4c9 <unknown>\n#11 0x56463c605db5 <unknown>\n#12 0x56463c5d2e93 <unknown>\n#13 0x56463c628098 <unknown>\n#14 0x56463c628273 <unknown>\n#15 0x56463c63a2c3 <unknown>\n#16 0x7f849949caa4 <unknown>\n#17 0x7f8499529c6c <unknown>","time":{"start":1763825987810,"stop":1763825998168,"duration":10358}},{"uid":"ef5e9a699c09338f","reportUrl":"https://Brain-up.github.io/auto-tests-python/755/#testresult/ef5e9a699c09338f","status":"skipped","statusDetails":"XFAIL\n\nselenium.common.exceptions.TimeoutException: Message: Can't find element by locator ('xpath', '//button[@data-test-active-link=\"Words\"]')\nStacktrace:\n#0 0x564988f0732a <unknown>\n#1 0x564988953e4b <unknown>\n#2 0x5649889a682b <unknown>\n#3 0x5649889a6a61 <unknown>\n#4 0x5649889f5a44 <unknown>\n#5 0x5649889f2df7 <unknown>\n#6 0x564988998c1a <unknown>\n#7 0x564988999921 <unknown>\n#8 0x564988ece239 <unknown>\n#9 0x564988ed11e8 <unknown>\n#10 0x564988eb74c9 <unknown>\n#11 0x564988ed1db5 <unknown>\n#12 0x564988e9ee93 <unknown>\n#13 0x564988ef4098 <unknown>\n#14 0x564988ef4273 <unknown>\n#15 0x564988f062c3 <unknown>\n#16 0x7fb2dea9caa4 <unknown>\n#17 0x7fb2deb29c6c <unknown>","time":{"start":1763700644924,"stop":1763700655285,"duration":10361}},{"uid":"24ffc0f34a039c78","reportUrl":"https://Brain-up.github.io/auto-tests-python/754/#testresult/24ffc0f34a039c78","status":"skipped","statusDetails":"XFAIL\n\nselenium.common.exceptions.TimeoutException: Message: Can't find element by locator ('xpath', '//button[@data-test-active-link=\"Words\"]')\nStacktrace:\n#0 0x561af224232a <unknown>\n#1 0x561af1c8ee4b <unknown>\n#2 0x561af1ce182b <unknown>\n#3 0x561af1ce1a61 <unknown>\n#4 0x561af1d30a44 <unknown>\n#5 0x561af1d2ddf7 <unknown>\n#6 0x561af1cd3c1a <unknown>\n#7 0x561af1cd4921 <unknown>\n#8 0x561af2209239 <unknown>\n#9 0x561af220c1e8 <unknown>\n#10 0x561af21f24c9 <unknown>\n#11 0x561af220cdb5 <unknown>\n#12 0x561af21d9e93 <unknown>\n#13 0x561af222f098 <unknown>\n#14 0x561af222f273 <unknown>\n#15 0x561af22412c3 <unknown>\n#16 0x7f245449caa4 <unknown>\n#17 0x7f2454529c6c <unknown>","time":{"start":1763644022457,"stop":1763644032885,"duration":10428}},{"uid":"e07d7409559e27e","reportUrl":"https://Brain-up.github.io/auto-tests-python/753/#testresult/e07d7409559e27e","status":"skipped","statusDetails":"XFAIL\n\nselenium.common.exceptions.TimeoutException: Message: Can't find element by locator ('xpath', '//button[@data-test-active-link=\"Words\"]')\nStacktrace:\n#0 0x559d459a032a <unknown>\n#1 0x559d453ece4b <unknown>\n#2 0x559d4543f82b <unknown>\n#3 0x559d4543fa61 <unknown>\n#4 0x559d4548ea44 <unknown>\n#5 0x559d4548bdf7 <unknown>\n#6 0x559d45431c1a <unknown>\n#7 0x559d45432921 <unknown>\n#8 0x559d45967239 <unknown>\n#9 0x559d4596a1e8 <unknown>\n#10 0x559d459504c9 <unknown>\n#11 0x559d4596adb5 <unknown>\n#12 0x559d45937e93 <unknown>\n#13 0x559d4598d098 <unknown>\n#14 0x559d4598d273 <unknown>\n#15 0x559d4599f2c3 <unknown>\n#16 0x7f9c8c29caa4 <unknown>\n#17 0x7f9c8c329c6c <unknown>","time":{"start":1763553270757,"stop":1763553281117,"duration":10360}},{"uid":"86f267b9ce4fab32","reportUrl":"https://Brain-up.github.io/auto-tests-python/752/#testresult/86f267b9ce4fab32","status":"skipped","statusDetails":"XFAIL\n\nselenium.common.exceptions.TimeoutException: Message: Can't find element by locator ('xpath', '//button[@data-test-active-link=\"Words\"]')\nStacktrace:\n#0 0x55d46e33f32a <unknown>\n#1 0x55d46dd8be4b <unknown>\n#2 0x55d46ddde82b <unknown>\n#3 0x55d46dddea61 <unknown>\n#4 0x55d46de2da44 <unknown>\n#5 0x55d46de2adf7 <unknown>\n#6 0x55d46ddd0c1a <unknown>\n#7 0x55d46ddd1921 <unknown>\n#8 0x55d46e306239 <unknown>\n#9 0x55d46e3091e8 <unknown>\n#10 0x55d46e2ef4c9 <unknown>\n#11 0x55d46e309db5 <unknown>\n#12 0x55d46e2d6e93 <unknown>\n#13 0x55d46e32c098 <unknown>\n#14 0x55d46e32c273 <unknown>\n#15 0x55d46e33e2c3 <unknown>\n#16 0x7f811089caa4 <unknown>\n#17 0x7f8110929c6c <unknown>","time":{"start":1763463836792,"stop":1763463847145,"duration":10353}},{"uid":"d93c4e1a221fc8d3","reportUrl":"https://Brain-up.github.io/auto-tests-python/751/#testresult/d93c4e1a221fc8d3","status":"skipped","statusDetails":"XFAIL\n\nselenium.common.exceptions.TimeoutException: Message: Can't find element by locator ('xpath', '//button[@data-test-active-link=\"Words\"]')\nStacktrace:\n#0 0x55d585e4232a <unknown>\n#1 0x55d58588ee4b <unknown>\n#2 0x55d5858e182b <unknown>\n#3 0x55d5858e1a61 <unknown>\n#4 0x55d585930a44 <unknown>\n#5 0x55d58592ddf7 <unknown>\n#6 0x55d5858d3c1a <unknown>\n#7 0x55d5858d4921 <unknown>\n#8 0x55d585e09239 <unknown>\n#9 0x55d585e0c1e8 <unknown>\n#10 0x55d585df24c9 <unknown>\n#11 0x55d585e0cdb5 <unknown>\n#12 0x55d585dd9e93 <unknown>\n#13 0x55d585e2f098 <unknown>\n#14 0x55d585e2f273 <unknown>\n#15 0x55d585e412c3 <unknown>\n#16 0x7f697a49caa4 <unknown>\n#17 0x7f697a529c6c <unknown>","time":{"start":1763379746321,"stop":1763379756668,"duration":10347}},{"uid":"b03705d42b880d05","reportUrl":"https://Brain-up.github.io/auto-tests-python/750/#testresult/b03705d42b880d05","status":"skipped","statusDetails":"XFAIL\n\nselenium.common.exceptions.TimeoutException: Message: Can't find element by locator ('xpath', '//button[@data-test-active-link=\"Words\"]')\nStacktrace:\n#0 0x55e410a6b32a <unknown>\n#1 0x55e4104b7e4b <unknown>\n#2 0x55e41050a82b <unknown>\n#3 0x55e41050aa61 <unknown>\n#4 0x55e410559a44 <unknown>\n#5 0x55e410556df7 <unknown>\n#6 0x55e4104fcc1a <unknown>\n#7 0x55e4104fd921 <unknown>\n#8 0x55e410a32239 <unknown>\n#9 0x55e410a351e8 <unknown>\n#10 0x55e410a1b4c9 <unknown>\n#11 0x55e410a35db5 <unknown>\n#12 0x55e410a02e93 <unknown>\n#13 0x55e410a58098 <unknown>\n#14 0x55e410a58273 <unknown>\n#15 0x55e410a6a2c3 <unknown>\n#16 0x7fa5d1a9caa4 <unknown>\n#17 0x7fa5d1b29c6c <unknown>","time":{"start":1763296076800,"stop":1763296087148,"duration":10348}},{"uid":"3d905ab1eaaa22ed","reportUrl":"https://Brain-up.github.io/auto-tests-python/749/#testresult/3d905ab1eaaa22ed","status":"skipped","statusDetails":"XFAIL\n\nselenium.common.exceptions.TimeoutException: Message: Can't find element by locator ('xpath', '//button[@data-test-active-link=\"Words\"]')\nStacktrace:\n#0 0x55e81d61d32a <unknown>\n#1 0x55e81d069e4b <unknown>\n#2 0x55e81d0bc82b <unknown>\n#3 0x55e81d0bca61 <unknown>\n#4 0x55e81d10ba44 <unknown>\n#5 0x55e81d108df7 <unknown>\n#6 0x55e81d0aec1a <unknown>\n#7 0x55e81d0af921 <unknown>\n#8 0x55e81d5e4239 <unknown>\n#9 0x55e81d5e71e8 <unknown>\n#10 0x55e81d5cd4c9 <unknown>\n#11 0x55e81d5e7db5 <unknown>\n#12 0x55e81d5b4e93 <unknown>\n#13 0x55e81d60a098 <unknown>\n#14 0x55e81d60a273 <unknown>\n#15 0x55e81d61c2c3 <unknown>\n#16 0x7f95e929caa4 <unknown>\n#17 0x7f95e9329c6c <unknown>","time":{"start":1763199695807,"stop":1763199706164,"duration":10357}}]},"tags":["@pytest.mark.xfail"]},"source":"f1340a94bdf2d54d.json","parameterValues":[]}