{"uid":"33bc966d53bb2366","name":"Verify presence, visibility of lists on the page","fullName":"tests.exercises_ru_similar_phrases_page_test.TestExRuSimPhrPageStructure#test_ersp_01_03_verify_page_structural_elements","historyId":"6a1af4293f100e07769db3b636cc787e","time":{"start":1765428232041,"stop":1765428232041,"duration":0},"status":"broken","statusMessage":"selenium.common.exceptions.TimeoutException: Message: Can't find element by locator https://www.brainup.site/groups","statusTrace":"self = <pages.base_page.BasePage object at 0x7fe18ec23d40>\nurl = 'https://www.brainup.site/groups'\n\n    def check_expected_link(self, url):\n        with allure.step(f'Check url is present: {url}'):\n            try:\n>               return Wait(self.driver, self.timeout).until(\n                    EC.url_to_be(url), message=f\"Can't find element by locator {url}\")\n\npages/base_page.py:80: \n_ _ _ _ _ _ _ _ _ _ _ _ _ _ _ _ _ _ _ _ _ _ _ _ _ _ _ _ _ _ _ _ _ _ _ _ _ _ _ _ \n\nself = <selenium.webdriver.support.wait.WebDriverWait (session=\"82c9d7f0b43db89185947f3abdb63b36\")>\nmethod = <function url_to_be.<locals>._predicate at 0x7fe18ebc4720>\nmessage = \"Can't find element by locator https://www.brainup.site/groups\"\n\n    def until(self, method, message: str = \"\"):\n        \"\"\"Calls the method provided with the driver as an argument until the \\\n        return value does not evaluate to ``False``.\n    \n        :param method: callable(WebDriver)\n        :param message: optional message for :exc:`TimeoutException`\n        :returns: the result of the last call to `method`\n        :raises: :exc:`selenium.common.exceptions.TimeoutException` if timeout occurs\n        \"\"\"\n        screen = None\n        stacktrace = None\n    \n        end_time = time.monotonic() + self._timeout\n        while True:\n            try:\n                value = method(self._driver)\n                if value:\n                    return value\n            except self._ignored_exceptions as exc:\n                screen = getattr(exc, \"screen\", None)\n                stacktrace = getattr(exc, \"stacktrace\", None)\n            time.sleep(self._poll)\n            if time.monotonic() > end_time:\n                break\n>       raise TimeoutException(message, screen, stacktrace)\nE       selenium.common.exceptions.TimeoutException: Message: Can't find element by locator https://www.brainup.site/groups\n\n/opt/hostedtoolcache/Python/3.12.12/x64/lib/python3.12/site-packages/selenium/webdriver/support/wait.py:95: TimeoutException\n\nDuring handling of the above exception, another exception occurred:\n\ndriver = <selenium.webdriver.chrome.webdriver.WebDriver (session=\"82c9d7f0b43db89185947f3abdb63b36\")>\nmain_page_open = None\n\n    @pytest.fixture()\n    @allure.step('Auto test user authorized')\n    def auto_test_user_authorized(driver, main_page_open):\n        page = BasePage(driver)\n        page.element_is_present_and_clickable(MainPageLocators.LOGIN_BUTTON).click()\n        page.element_is_visible(LoginPageLocators.INPUT_LOGIN).send_keys(os.environ[\"LOGIN\"])\n        page.element_is_visible(LoginPageLocators.INPUT_PASSWORD).send_keys(os.environ[\"PASSWORD\"])\n        page.element_is_present_and_clickable(LoginPageLocators.SIGN_IN_BUTTON).click()\n>       page.check_expected_link(MainPageLinks.URL_GROUPS_PAGE)\n\ntests/conftest.py:178: \n_ _ _ _ _ _ _ _ _ _ _ _ _ _ _ _ _ _ _ _ _ _ _ _ _ _ _ _ _ _ _ _ _ _ _ _ _ _ _ _ \npages/base_page.py:84: in check_expected_link\n    return Wait(self.driver, self.timeout).until(\n_ _ _ _ _ _ _ _ _ _ _ _ _ _ _ _ _ _ _ _ _ _ _ _ _ _ _ _ _ _ _ _ _ _ _ _ _ _ _ _ \n\nself = <selenium.webdriver.support.wait.WebDriverWait (session=\"82c9d7f0b43db89185947f3abdb63b36\")>\nmethod = <function url_to_be.<locals>._predicate at 0x7fe18eaa8400>\nmessage = \"Can't find element by locator https://www.brainup.site/groups\"\n\n    def until(self, method, message: str = \"\"):\n        \"\"\"Calls the method provided with the driver as an argument until the \\\n        return value does not evaluate to ``False``.\n    \n        :param method: callable(WebDriver)\n        :param message: optional message for :exc:`TimeoutException`\n        :returns: the result of the last call to `method`\n        :raises: :exc:`selenium.common.exceptions.TimeoutException` if timeout occurs\n        \"\"\"\n        screen = None\n        stacktrace = None\n    \n        end_time = time.monotonic() + self._timeout\n        while True:\n            try:\n                value = method(self._driver)\n                if value:\n                    return value\n            except self._ignored_exceptions as exc:\n                screen = getattr(exc, \"screen\", None)\n                stacktrace = getattr(exc, \"stacktrace\", None)\n            time.sleep(self._poll)\n            if time.monotonic() > end_time:\n                break\n>       raise TimeoutException(message, screen, stacktrace)\nE       selenium.common.exceptions.TimeoutException: Message: Can't find element by locator https://www.brainup.site/groups\n\n/opt/hostedtoolcache/Python/3.12.12/x64/lib/python3.12/site-packages/selenium/webdriver/support/wait.py:95: TimeoutException","flaky":false,"newFailed":false,"newBroken":true,"newPassed":false,"retriesCount":0,"retriesStatusChange":false,"beforeStages":[{"name":"clear_allure_results_folder","time":{"start":1765428063126,"stop":1765428063126,"duration":0},"status":"passed","steps":[],"attachments":[],"parameters":[],"stepsCount":0,"shouldDisplayMessage":false,"attachmentsCount":0,"hasContent":false,"attachmentStep":false},{"name":"driver","time":{"start":1765428232041,"stop":1765428232795,"duration":754},"status":"passed","steps":[],"attachments":[],"parameters":[],"stepsCount":0,"shouldDisplayMessage":false,"attachmentsCount":0,"hasContent":false,"attachmentStep":false},{"name":"main_page_open","time":{"start":1765428232795,"stop":1765428235455,"duration":2660},"status":"passed","steps":[{"name":"Open page: https://www.brainup.site/","time":{"start":1765428232795,"stop":1765428235455,"duration":2660},"status":"passed","steps":[],"attachments":[],"parameters":[{"name":"driver","value":"<selenium.webdriver.chrome.webdriver.WebDriver (session=\"82c9d7f0b43db89185947f3abdb63b36\")>"}],"stepsCount":0,"shouldDisplayMessage":false,"attachmentsCount":0,"hasContent":true,"attachmentStep":false}],"attachments":[],"parameters":[],"stepsCount":1,"shouldDisplayMessage":false,"attachmentsCount":0,"hasContent":true,"attachmentStep":false},{"name":"auto_test_user_authorized","time":{"start":1765428235455,"stop":1765428255961,"duration":20506},"status":"broken","statusMessage":"selenium.common.exceptions.TimeoutException: Message: Can't find element by locator https://www.brainup.site/groups\n\n","statusTrace":"  File \"/opt/hostedtoolcache/Python/3.12.12/x64/lib/python3.12/site-packages/pluggy/_callers.py\", line 38, in run_old_style_hookwrapper\n    res = yield\n          ^^^^^\n  File \"/opt/hostedtoolcache/Python/3.12.12/x64/lib/python3.12/site-packages/pluggy/_callers.py\", line 139, in _multicall\n    teardown.throw(exception)\n  File \"/opt/hostedtoolcache/Python/3.12.12/x64/lib/python3.12/site-packages/pluggy/_callers.py\", line 53, in run_old_style_hookwrapper\n    return result.get_result()\n           ^^^^^^^^^^^^^^^^^^^\n  File \"/opt/hostedtoolcache/Python/3.12.12/x64/lib/python3.12/site-packages/pluggy/_result.py\", line 103, in get_result\n    raise exc.with_traceback(tb)\n  File \"/opt/hostedtoolcache/Python/3.12.12/x64/lib/python3.12/site-packages/pluggy/_callers.py\", line 38, in run_old_style_hookwrapper\n    res = yield\n          ^^^^^\n  File \"/opt/hostedtoolcache/Python/3.12.12/x64/lib/python3.12/site-packages/pluggy/_callers.py\", line 121, in _multicall\n    res = hook_impl.function(*args)\n          ^^^^^^^^^^^^^^^^^^^^^^^^^\n  File \"/opt/hostedtoolcache/Python/3.12.12/x64/lib/python3.12/site-packages/_pytest/fixtures.py\", line 1123, in pytest_fixture_setup\n    result = call_fixture_func(fixturefunc, request, kwargs)\n             ^^^^^^^^^^^^^^^^^^^^^^^^^^^^^^^^^^^^^^^^^^^^^^^\n  File \"/opt/hostedtoolcache/Python/3.12.12/x64/lib/python3.12/site-packages/_pytest/fixtures.py\", line 902, in call_fixture_func\n    fixture_result = fixturefunc(**kwargs)\n                     ^^^^^^^^^^^^^^^^^^^^^\n  File \"/opt/hostedtoolcache/Python/3.12.12/x64/lib/python3.12/site-packages/allure_commons/_allure.py\", line 192, in impl\n    return func(*a, **kw)\n           ^^^^^^^^^^^^^^\n  File \"/home/runner/work/auto-tests-python/auto-tests-python/tests/conftest.py\", line 178, in auto_test_user_authorized\n    page.check_expected_link(MainPageLinks.URL_GROUPS_PAGE)\n  File \"/home/runner/work/auto-tests-python/auto-tests-python/pages/base_page.py\", line 84, in check_expected_link\n    return Wait(self.driver, self.timeout).until(\n           ^^^^^^^^^^^^^^^^^^^^^^^^^^^^^^^^^^^^^^\n  File \"/opt/hostedtoolcache/Python/3.12.12/x64/lib/python3.12/site-packages/selenium/webdriver/support/wait.py\", line 95, in until\n    raise TimeoutException(message, screen, stacktrace)\n","steps":[{"name":"Auto test user authorized","time":{"start":1765428235456,"stop":1765428255961,"duration":20505},"status":"broken","statusMessage":"selenium.common.exceptions.TimeoutException: Message: Can't find element by locator https://www.brainup.site/groups\n\n","statusTrace":"  File \"/opt/hostedtoolcache/Python/3.12.12/x64/lib/python3.12/site-packages/allure_commons/_allure.py\", line 192, in impl\n    return func(*a, **kw)\n           ^^^^^^^^^^^^^^\n  File \"/home/runner/work/auto-tests-python/auto-tests-python/tests/conftest.py\", line 178, in auto_test_user_authorized\n    page.check_expected_link(MainPageLinks.URL_GROUPS_PAGE)\n  File \"/home/runner/work/auto-tests-python/auto-tests-python/pages/base_page.py\", line 84, in check_expected_link\n    return Wait(self.driver, self.timeout).until(\n           ^^^^^^^^^^^^^^^^^^^^^^^^^^^^^^^^^^^^^^\n  File \"/opt/hostedtoolcache/Python/3.12.12/x64/lib/python3.12/site-packages/selenium/webdriver/support/wait.py\", line 95, in until\n    raise TimeoutException(message, screen, stacktrace)\n","steps":[{"name":"Check url is present: https://www.brainup.site/groups","time":{"start":1765428235823,"stop":1765428255960,"duration":20137},"status":"broken","statusMessage":"selenium.common.exceptions.TimeoutException: Message: Can't find element by locator https://www.brainup.site/groups\n\n","statusTrace":"  File \"/home/runner/work/auto-tests-python/auto-tests-python/pages/base_page.py\", line 84, in check_expected_link\n    return Wait(self.driver, self.timeout).until(\n           ^^^^^^^^^^^^^^^^^^^^^^^^^^^^^^^^^^^^^^\n  File \"/opt/hostedtoolcache/Python/3.12.12/x64/lib/python3.12/site-packages/selenium/webdriver/support/wait.py\", line 95, in until\n    raise TimeoutException(message, screen, stacktrace)\n","steps":[],"attachments":[],"parameters":[],"stepsCount":0,"shouldDisplayMessage":true,"attachmentsCount":0,"hasContent":true,"attachmentStep":false}],"attachments":[],"parameters":[{"name":"driver","value":"<selenium.webdriver.chrome.webdriver.WebDriver (session=\"82c9d7f0b43db89185947f3abdb63b36\")>"},{"name":"main_page_open","value":"None"}],"stepsCount":1,"shouldDisplayMessage":false,"attachmentsCount":0,"hasContent":true,"attachmentStep":false}],"attachments":[],"parameters":[],"stepsCount":2,"shouldDisplayMessage":false,"attachmentsCount":0,"hasContent":true,"attachmentStep":false}],"afterStages":[{"name":"driver::0","time":{"start":1765428255979,"stop":1765428256044,"duration":65},"status":"passed","steps":[],"attachments":[],"parameters":[],"stepsCount":0,"shouldDisplayMessage":false,"attachmentsCount":0,"hasContent":false,"attachmentStep":false}],"labels":[{"name":"epic","value":"The Exercises 'Similar phrases' Page on the 'ru' local"},{"name":"parentSuite","value":"tests"},{"name":"suite","value":"exercises_ru_similar_phrases_page_test"},{"name":"subSuite","value":"TestExercisesRuSimilarPhrasesPage"},{"name":"host","value":"runnervm6qbrg"},{"name":"thread","value":"2586-MainThread"},{"name":"framework","value":"pytest"},{"name":"language","value":"cpython3"},{"name":"package","value":"tests.exercises_ru_similar_phrases_page_test"},{"name":"resultFormat","value":"allure2"}],"parameters":[],"links":[],"hidden":false,"retry":false,"extra":{"severity":"normal","retries":[],"categories":[{"name":"Test defects","matchedStatuses":[],"flaky":false}],"history":{"statistic":{"failed":0,"broken":1,"skipped":0,"passed":35,"unknown":0,"total":36},"items":[{"uid":"58165ab7c1f37fc3","reportUrl":"https://Brain-up.github.io/auto-tests-python/769/#testresult/58165ab7c1f37fc3","status":"passed","time":{"start":1765130743196,"stop":1765130743364,"duration":168}},{"uid":"bab4b2dd5e2cd5e6","reportUrl":"https://Brain-up.github.io/auto-tests-python/768/#testresult/bab4b2dd5e2cd5e6","status":"passed","time":{"start":1765022334691,"stop":1765022334859,"duration":168}},{"uid":"bdc9503b761f670a","reportUrl":"https://Brain-up.github.io/auto-tests-python/767/#testresult/bdc9503b761f670a","status":"passed","time":{"start":1764841709675,"stop":1764841709850,"duration":175}},{"uid":"2b846430acb0ea81","reportUrl":"https://Brain-up.github.io/auto-tests-python/766/#testresult/2b846430acb0ea81","status":"passed","time":{"start":1764759269061,"stop":1764759269227,"duration":166}},{"uid":"f4590b2a1ef4186f","reportUrl":"https://Brain-up.github.io/auto-tests-python/765/#testresult/f4590b2a1ef4186f","status":"passed","time":{"start":1764673733966,"stop":1764673734137,"duration":171}},{"uid":"f8b3c612c618c78b","reportUrl":"https://Brain-up.github.io/auto-tests-python/764/#testresult/f8b3c612c618c78b","status":"passed","time":{"start":1764587417361,"stop":1764587417551,"duration":190}},{"uid":"c668503ce744562b","reportUrl":"https://Brain-up.github.io/auto-tests-python/763/#testresult/c668503ce744562b","status":"passed","time":{"start":1764489269792,"stop":1764489269948,"duration":156}},{"uid":"75f0ead0e206c1c5","reportUrl":"https://Brain-up.github.io/auto-tests-python/762/#testresult/75f0ead0e206c1c5","status":"passed","time":{"start":1764421929128,"stop":1764421929310,"duration":182}},{"uid":"7f466145754f41c3","reportUrl":"https://Brain-up.github.io/auto-tests-python/761/#testresult/7f466145754f41c3","status":"passed","time":{"start":1764328391731,"stop":1764328391898,"duration":167}},{"uid":"cbe86e2969a2188c","reportUrl":"https://Brain-up.github.io/auto-tests-python/760/#testresult/cbe86e2969a2188c","status":"passed","time":{"start":1764257233818,"stop":1764257233991,"duration":173}},{"uid":"54852fe57a6f46b8","reportUrl":"https://Brain-up.github.io/auto-tests-python/759/#testresult/54852fe57a6f46b8","status":"passed","time":{"start":1764068677665,"stop":1764068677831,"duration":166}},{"uid":"d70bb4b676b2c9bc","reportUrl":"https://Brain-up.github.io/auto-tests-python/758/#testresult/d70bb4b676b2c9bc","status":"passed","time":{"start":1764010700991,"stop":1764010701151,"duration":160}},{"uid":"9d497b4019fc06ea","reportUrl":"https://Brain-up.github.io/auto-tests-python/757/#testresult/9d497b4019fc06ea","status":"passed","time":{"start":1763903104543,"stop":1763903104687,"duration":144}},{"uid":"f12cfaf4cba9df67","reportUrl":"https://Brain-up.github.io/auto-tests-python/756/#testresult/f12cfaf4cba9df67","status":"passed","time":{"start":1763825110455,"stop":1763825110613,"duration":158}},{"uid":"d2e59c986344e237","reportUrl":"https://Brain-up.github.io/auto-tests-python/755/#testresult/d2e59c986344e237","status":"passed","time":{"start":1763699573883,"stop":1763699574040,"duration":157}},{"uid":"1790ab7d409e71a8","reportUrl":"https://Brain-up.github.io/auto-tests-python/754/#testresult/1790ab7d409e71a8","status":"passed","time":{"start":1763643088553,"stop":1763643088713,"duration":160}},{"uid":"214193f632446fd4","reportUrl":"https://Brain-up.github.io/auto-tests-python/753/#testresult/214193f632446fd4","status":"passed","time":{"start":1763552416277,"stop":1763552416433,"duration":156}},{"uid":"a37f3b912a696cfd","reportUrl":"https://Brain-up.github.io/auto-tests-python/752/#testresult/a37f3b912a696cfd","status":"passed","time":{"start":1763462960589,"stop":1763462960745,"duration":156}},{"uid":"4010b2456495a807","reportUrl":"https://Brain-up.github.io/auto-tests-python/751/#testresult/4010b2456495a807","status":"passed","time":{"start":1763378843833,"stop":1763378843984,"duration":151}},{"uid":"ab65ce7ffe5e900d","reportUrl":"https://Brain-up.github.io/auto-tests-python/750/#testresult/ab65ce7ffe5e900d","status":"passed","time":{"start":1763295190621,"stop":1763295190774,"duration":153}}]},"tags":[]},"source":"33bc966d53bb2366.json","parameterValues":[]}