{"uid":"f74b48c1734b3b89","name":"Check progres-bar and buttons.","fullName":"tests.test_speech_exercises_en.TestCardsEN#test_progress_bar_is_present_en","historyId":"efb827312bdd34b296637645e49b0897","time":{"start":1766575484933,"stop":1766575495275,"duration":10342},"status":"skipped","statusMessage":"XFAIL\n\nselenium.common.exceptions.TimeoutException: Message: Can't find element by locator ('xpath', '//button[@data-test-active-link=\"Words\"]')\nStacktrace:\n#0 0x563b01a7b19a <unknown>\n#1 0x563b014f8c4b <unknown>\n#2 0x563b0154a318 <unknown>\n#3 0x563b0154a551 <unknown>\n#4 0x563b01598764 <unknown>\n#5 0x563b01595bee <unknown>\n#6 0x563b0153cc42 <unknown>\n#7 0x563b0153d8f1 <unknown>\n#8 0x563b01a43f39 <unknown>\n#9 0x563b01a46e7d <unknown>\n#10 0x563b01a2cc81 <unknown>\n#11 0x563b01a47a5b <unknown>\n#12 0x563b01a13a50 <unknown>\n#13 0x563b01a68aa8 <unknown>\n#14 0x563b01a68c79 <unknown>\n#15 0x563b01a7a4f3 <unknown>\n#16 0x7f106389caa4 <unknown>\n#17 0x7f1063929c6c <unknown>","statusTrace":"self = <tests.test_speech_exercises_en.TestCardsEN object at 0x7f0da6fefdd0>\ndriver = <selenium.webdriver.chrome.webdriver.WebDriver (session=\"7da35f08c9b9f421e35a3ef5151d626e\")>\nspecialist_user_authorized = None\n\n    @pytest.mark.xfail\n    @allure.suite(\"Speech exercises EN.\")\n    @allure.title('Check progres-bar and buttons.')\n    def test_progress_bar_is_present_en(self, driver, specialist_user_authorized):\n        page = SpeechExercisesPage(driver)\n>       page.select_group(SpeechExercisesPageLocators.WORDS_BUTTON_EN)\n\ntests/test_speech_exercises_en.py:34: \n_ _ _ _ _ _ _ _ _ _ _ _ _ _ _ _ _ _ _ _ _ _ _ _ _ _ _ _ _ _ _ _ _ _ _ _ _ _ _ _ \npages/speech_exercises_page_en.py:18: in select_group\n    text_of_the_button = self.element_is_present_and_clickable(selector_for_sub_group)\npages/base_page.py:40: in element_is_present_and_clickable\n    return (Wait(self.driver, self.timeout).until(\n_ _ _ _ _ _ _ _ _ _ _ _ _ _ _ _ _ _ _ _ _ _ _ _ _ _ _ _ _ _ _ _ _ _ _ _ _ _ _ _ \n\nself = <selenium.webdriver.support.wait.WebDriverWait (session=\"7da35f08c9b9f421e35a3ef5151d626e\")>\nmethod = <function visibility_of_element_located.<locals>._predicate at 0x7f0da6f00360>\nmessage = 'Can\\'t find element by locator (\\'xpath\\', \\'//button[@data-test-active-link=\"Words\"]\\')'\n\n    def until(self, method, message: str = \"\"):\n        \"\"\"Calls the method provided with the driver as an argument until the \\\n        return value does not evaluate to ``False``.\n    \n        :param method: callable(WebDriver)\n        :param message: optional message for :exc:`TimeoutException`\n        :returns: the result of the last call to `method`\n        :raises: :exc:`selenium.common.exceptions.TimeoutException` if timeout occurs\n        \"\"\"\n        screen = None\n        stacktrace = None\n    \n        end_time = time.monotonic() + self._timeout\n        while True:\n            try:\n                value = method(self._driver)\n                if value:\n                    return value\n            except self._ignored_exceptions as exc:\n                screen = getattr(exc, \"screen\", None)\n                stacktrace = getattr(exc, \"stacktrace\", None)\n            time.sleep(self._poll)\n            if time.monotonic() > end_time:\n                break\n>       raise TimeoutException(message, screen, stacktrace)\nE       selenium.common.exceptions.TimeoutException: Message: Can't find element by locator ('xpath', '//button[@data-test-active-link=\"Words\"]')\nE       Stacktrace:\nE       #0 0x563b01a7b19a <unknown>\nE       #1 0x563b014f8c4b <unknown>\nE       #2 0x563b0154a318 <unknown>\nE       #3 0x563b0154a551 <unknown>\nE       #4 0x563b01598764 <unknown>\nE       #5 0x563b01595bee <unknown>\nE       #6 0x563b0153cc42 <unknown>\nE       #7 0x563b0153d8f1 <unknown>\nE       #8 0x563b01a43f39 <unknown>\nE       #9 0x563b01a46e7d <unknown>\nE       #10 0x563b01a2cc81 <unknown>\nE       #11 0x563b01a47a5b <unknown>\nE       #12 0x563b01a13a50 <unknown>\nE       #13 0x563b01a68aa8 <unknown>\nE       #14 0x563b01a68c79 <unknown>\nE       #15 0x563b01a7a4f3 <unknown>\nE       #16 0x7f106389caa4 <unknown>\nE       #17 0x7f1063929c6c <unknown>\n\n/opt/hostedtoolcache/Python/3.12.12/x64/lib/python3.12/site-packages/selenium/webdriver/support/wait.py:95: TimeoutException","flaky":false,"newFailed":false,"newBroken":false,"newPassed":false,"retriesCount":0,"retriesStatusChange":false,"beforeStages":[{"name":"clear_allure_results_folder","time":{"start":1766574193988,"stop":1766574193988,"duration":0},"status":"passed","steps":[],"attachments":[],"parameters":[],"stepsCount":0,"shouldDisplayMessage":false,"attachmentsCount":0,"hasContent":false,"attachmentStep":false},{"name":"driver","time":{"start":1766575478237,"stop":1766575478993,"duration":756},"status":"passed","steps":[],"attachments":[],"parameters":[],"stepsCount":0,"shouldDisplayMessage":false,"attachmentsCount":0,"hasContent":false,"attachmentStep":false},{"name":"main_page_open","time":{"start":1766575478993,"stop":1766575482520,"duration":3527},"status":"passed","steps":[{"name":"Open page: https://www.brainup.site/","time":{"start":1766575478993,"stop":1766575482520,"duration":3527},"status":"passed","steps":[],"attachments":[],"parameters":[{"name":"driver","value":"<selenium.webdriver.chrome.webdriver.WebDriver (session=\"7da35f08c9b9f421e35a3ef5151d626e\")>"}],"stepsCount":0,"shouldDisplayMessage":false,"attachmentsCount":0,"hasContent":true,"attachmentStep":false}],"attachments":[],"parameters":[],"stepsCount":1,"shouldDisplayMessage":false,"attachmentsCount":0,"hasContent":true,"attachmentStep":false},{"name":"specialist_user_authorized","time":{"start":1766575482520,"stop":1766575484933,"duration":2413},"status":"passed","steps":[{"name":"USER specialist authorized","time":{"start":1766575482521,"stop":1766575484933,"duration":2412},"status":"passed","steps":[{"name":"Check url is present: https://www.brainup.site/groups","time":{"start":1766575482893,"stop":1766575484911,"duration":2018},"status":"passed","steps":[],"attachments":[],"parameters":[],"stepsCount":0,"shouldDisplayMessage":false,"attachmentsCount":0,"hasContent":false,"attachmentStep":false},{"name":"Loader checking","time":{"start":1766575484911,"stop":1766575484933,"duration":22},"status":"passed","steps":[],"attachments":[],"parameters":[],"stepsCount":0,"shouldDisplayMessage":false,"attachmentsCount":0,"hasContent":false,"attachmentStep":false}],"attachments":[],"parameters":[{"name":"driver","value":"<selenium.webdriver.chrome.webdriver.WebDriver (session=\"7da35f08c9b9f421e35a3ef5151d626e\")>"},{"name":"main_page_open","value":"None"}],"stepsCount":2,"shouldDisplayMessage":false,"attachmentsCount":0,"hasContent":true,"attachmentStep":false}],"attachments":[],"parameters":[],"stepsCount":3,"shouldDisplayMessage":false,"attachmentsCount":0,"hasContent":true,"attachmentStep":false}],"testStage":{"status":"skipped","statusMessage":"XFAIL\n\nselenium.common.exceptions.TimeoutException: Message: Can't find element by locator ('xpath', '//button[@data-test-active-link=\"Words\"]')\nStacktrace:\n#0 0x563b01a7b19a <unknown>\n#1 0x563b014f8c4b <unknown>\n#2 0x563b0154a318 <unknown>\n#3 0x563b0154a551 <unknown>\n#4 0x563b01598764 <unknown>\n#5 0x563b01595bee <unknown>\n#6 0x563b0153cc42 <unknown>\n#7 0x563b0153d8f1 <unknown>\n#8 0x563b01a43f39 <unknown>\n#9 0x563b01a46e7d <unknown>\n#10 0x563b01a2cc81 <unknown>\n#11 0x563b01a47a5b <unknown>\n#12 0x563b01a13a50 <unknown>\n#13 0x563b01a68aa8 <unknown>\n#14 0x563b01a68c79 <unknown>\n#15 0x563b01a7a4f3 <unknown>\n#16 0x7f106389caa4 <unknown>\n#17 0x7f1063929c6c <unknown>","statusTrace":"self = <tests.test_speech_exercises_en.TestCardsEN object at 0x7f0da6fefdd0>\ndriver = <selenium.webdriver.chrome.webdriver.WebDriver (session=\"7da35f08c9b9f421e35a3ef5151d626e\")>\nspecialist_user_authorized = None\n\n    @pytest.mark.xfail\n    @allure.suite(\"Speech exercises EN.\")\n    @allure.title('Check progres-bar and buttons.')\n    def test_progress_bar_is_present_en(self, driver, specialist_user_authorized):\n        page = SpeechExercisesPage(driver)\n>       page.select_group(SpeechExercisesPageLocators.WORDS_BUTTON_EN)\n\ntests/test_speech_exercises_en.py:34: \n_ _ _ _ _ _ _ _ _ _ _ _ _ _ _ _ _ _ _ _ _ _ _ _ _ _ _ _ _ _ _ _ _ _ _ _ _ _ _ _ \npages/speech_exercises_page_en.py:18: in select_group\n    text_of_the_button = self.element_is_present_and_clickable(selector_for_sub_group)\npages/base_page.py:40: in element_is_present_and_clickable\n    return (Wait(self.driver, self.timeout).until(\n_ _ _ _ _ _ _ _ _ _ _ _ _ _ _ _ _ _ _ _ _ _ _ _ _ _ _ _ _ _ _ _ _ _ _ _ _ _ _ _ \n\nself = <selenium.webdriver.support.wait.WebDriverWait (session=\"7da35f08c9b9f421e35a3ef5151d626e\")>\nmethod = <function visibility_of_element_located.<locals>._predicate at 0x7f0da6f00360>\nmessage = 'Can\\'t find element by locator (\\'xpath\\', \\'//button[@data-test-active-link=\"Words\"]\\')'\n\n    def until(self, method, message: str = \"\"):\n        \"\"\"Calls the method provided with the driver as an argument until the \\\n        return value does not evaluate to ``False``.\n    \n        :param method: callable(WebDriver)\n        :param message: optional message for :exc:`TimeoutException`\n        :returns: the result of the last call to `method`\n        :raises: :exc:`selenium.common.exceptions.TimeoutException` if timeout occurs\n        \"\"\"\n        screen = None\n        stacktrace = None\n    \n        end_time = time.monotonic() + self._timeout\n        while True:\n            try:\n                value = method(self._driver)\n                if value:\n                    return value\n            except self._ignored_exceptions as exc:\n                screen = getattr(exc, \"screen\", None)\n                stacktrace = getattr(exc, \"stacktrace\", None)\n            time.sleep(self._poll)\n            if time.monotonic() > end_time:\n                break\n>       raise TimeoutException(message, screen, stacktrace)\nE       selenium.common.exceptions.TimeoutException: Message: Can't find element by locator ('xpath', '//button[@data-test-active-link=\"Words\"]')\nE       Stacktrace:\nE       #0 0x563b01a7b19a <unknown>\nE       #1 0x563b014f8c4b <unknown>\nE       #2 0x563b0154a318 <unknown>\nE       #3 0x563b0154a551 <unknown>\nE       #4 0x563b01598764 <unknown>\nE       #5 0x563b01595bee <unknown>\nE       #6 0x563b0153cc42 <unknown>\nE       #7 0x563b0153d8f1 <unknown>\nE       #8 0x563b01a43f39 <unknown>\nE       #9 0x563b01a46e7d <unknown>\nE       #10 0x563b01a2cc81 <unknown>\nE       #11 0x563b01a47a5b <unknown>\nE       #12 0x563b01a13a50 <unknown>\nE       #13 0x563b01a68aa8 <unknown>\nE       #14 0x563b01a68c79 <unknown>\nE       #15 0x563b01a7a4f3 <unknown>\nE       #16 0x7f106389caa4 <unknown>\nE       #17 0x7f1063929c6c <unknown>\n\n/opt/hostedtoolcache/Python/3.12.12/x64/lib/python3.12/site-packages/selenium/webdriver/support/wait.py:95: TimeoutException","steps":[{"name":"select_group","time":{"start":1766575484933,"stop":1766575495275,"duration":10342},"status":"broken","statusMessage":"selenium.common.exceptions.TimeoutException: Message: Can't find element by locator ('xpath', '//button[@data-test-active-link=\"Words\"]')\nStacktrace:\n#0 0x563b01a7b19a <unknown>\n#1 0x563b014f8c4b <unknown>\n#2 0x563b0154a318 <unknown>\n#3 0x563b0154a551 <unknown>\n#4 0x563b01598764 <unknown>\n#5 0x563b01595bee <unknown>\n#6 0x563b0153cc42 <unknown>\n#7 0x563b0153d8f1 <unknown>\n#8 0x563b01a43f39 <unknown>\n#9 0x563b01a46e7d <unknown>\n#10 0x563b01a2cc81 <unknown>\n#11 0x563b01a47a5b <unknown>\n#12 0x563b01a13a50 <unknown>\n#13 0x563b01a68aa8 <unknown>\n#14 0x563b01a68c79 <unknown>\n#15 0x563b01a7a4f3 <unknown>\n#16 0x7f106389caa4 <unknown>\n#17 0x7f1063929c6c <unknown>\n\n","statusTrace":"  File \"/opt/hostedtoolcache/Python/3.12.12/x64/lib/python3.12/site-packages/allure_commons/_allure.py\", line 192, in impl\n    return func(*a, **kw)\n           ^^^^^^^^^^^^^^\n  File \"/home/runner/work/auto-tests-python/auto-tests-python/pages/speech_exercises_page_en.py\", line 18, in select_group\n    text_of_the_button = self.element_is_present_and_clickable(selector_for_sub_group)\n                         ^^^^^^^^^^^^^^^^^^^^^^^^^^^^^^^^^^^^^^^^^^^^^^^^^^^^^^^^^^^^^\n  File \"/home/runner/work/auto-tests-python/auto-tests-python/pages/base_page.py\", line 40, in element_is_present_and_clickable\n    return (Wait(self.driver, self.timeout).until(\n            ^^^^^^^^^^^^^^^^^^^^^^^^^^^^^^^^^^^^^^\n  File \"/opt/hostedtoolcache/Python/3.12.12/x64/lib/python3.12/site-packages/selenium/webdriver/support/wait.py\", line 95, in until\n    raise TimeoutException(message, screen, stacktrace)\n","steps":[{"name":"Select Russian language. Click \"EN\" button.","time":{"start":1766575484934,"stop":1766575485008,"duration":74},"status":"passed","steps":[],"attachments":[],"parameters":[],"stepsCount":0,"shouldDisplayMessage":false,"attachmentsCount":0,"hasContent":false,"attachmentStep":false},{"name":"Click button \"SPEECH EXERCISES\".","time":{"start":1766575485008,"stop":1766575485083,"duration":75},"status":"passed","steps":[],"attachments":[],"parameters":[],"stepsCount":0,"shouldDisplayMessage":false,"attachmentsCount":0,"hasContent":false,"attachmentStep":false}],"attachments":[],"parameters":[{"name":"selector_for_sub_group","value":"('xpath', '//button[@data-test-active-link=\"Words\"]')"}],"stepsCount":2,"shouldDisplayMessage":true,"attachmentsCount":0,"hasContent":true,"attachmentStep":false}],"attachments":[],"parameters":[],"stepsCount":3,"shouldDisplayMessage":true,"attachmentsCount":0,"hasContent":true,"attachmentStep":false},"afterStages":[{"name":"driver::0","time":{"start":1766575495285,"stop":1766575495354,"duration":69},"status":"passed","steps":[],"attachments":[],"parameters":[],"stepsCount":0,"shouldDisplayMessage":false,"attachmentsCount":0,"hasContent":false,"attachmentStep":false}],"labels":[{"name":"suite","value":"Speech exercises EN."},{"name":"epic","value":"Speech exercises."},{"name":"tag","value":"@pytest.mark.xfail"},{"name":"parentSuite","value":"tests"},{"name":"subSuite","value":"TestCardsEN"},{"name":"host","value":"runnervmh13bl"},{"name":"thread","value":"2650-MainThread"},{"name":"framework","value":"pytest"},{"name":"language","value":"cpython3"},{"name":"package","value":"tests.test_speech_exercises_en"},{"name":"resultFormat","value":"allure2"}],"parameters":[],"links":[],"hidden":false,"retry":false,"extra":{"severity":"normal","retries":[],"categories":[],"history":{"statistic":{"failed":0,"broken":0,"skipped":49,"passed":0,"unknown":0,"total":49},"items":[{"uid":"fd91d89792100d46","reportUrl":"https://Brain-up.github.io/auto-tests-python/782/#testresult/fd91d89792100d46","status":"skipped","statusDetails":"XFAIL\n\nselenium.common.exceptions.TimeoutException: Message: Can't find element by locator ('xpath', '//button[@data-test-active-link=\"Words\"]')\nStacktrace:\n#0 0x556c9033519a <unknown>\n#1 0x556c8fdb2c4b <unknown>\n#2 0x556c8fe04318 <unknown>\n#3 0x556c8fe04551 <unknown>\n#4 0x556c8fe52764 <unknown>\n#5 0x556c8fe4fbee <unknown>\n#6 0x556c8fdf6c42 <unknown>\n#7 0x556c8fdf78f1 <unknown>\n#8 0x556c902fdf39 <unknown>\n#9 0x556c90300e7d <unknown>\n#10 0x556c902e6c81 <unknown>\n#11 0x556c90301a5b <unknown>\n#12 0x556c902cda50 <unknown>\n#13 0x556c90322aa8 <unknown>\n#14 0x556c90322c79 <unknown>\n#15 0x556c903344f3 <unknown>\n#16 0x7fde66c9caa4 <unknown>\n#17 0x7fde66d29c6c <unknown>","time":{"start":1766475752183,"stop":1766475762479,"duration":10296}},{"uid":"d74dd3bdfb0bf08c","reportUrl":"https://Brain-up.github.io/auto-tests-python/781/#testresult/d74dd3bdfb0bf08c","status":"skipped","statusDetails":"XFAIL\n\nselenium.common.exceptions.TimeoutException: Message: Can't find element by locator ('xpath', '//button[@data-test-active-link=\"Words\"]')\nStacktrace:\n#0 0x5611805e619a <unknown>\n#1 0x561180063c4b <unknown>\n#2 0x5611800b5318 <unknown>\n#3 0x5611800b5551 <unknown>\n#4 0x561180103764 <unknown>\n#5 0x561180100bee <unknown>\n#6 0x5611800a7c42 <unknown>\n#7 0x5611800a88f1 <unknown>\n#8 0x5611805aef39 <unknown>\n#9 0x5611805b1e7d <unknown>\n#10 0x561180597c81 <unknown>\n#11 0x5611805b2a5b <unknown>\n#12 0x56118057ea50 <unknown>\n#13 0x5611805d3aa8 <unknown>\n#14 0x5611805d3c79 <unknown>\n#15 0x5611805e54f3 <unknown>\n#16 0x7f11e649caa4 <unknown>\n#17 0x7f11e6529c6c <unknown>","time":{"start":1766401592614,"stop":1766401602975,"duration":10361}},{"uid":"c9edd23cc28954e3","reportUrl":"https://Brain-up.github.io/auto-tests-python/780/#testresult/c9edd23cc28954e3","status":"skipped","statusDetails":"XFAIL\n\nselenium.common.exceptions.TimeoutException: Message: Can't find element by locator ('xpath', '//button[@data-test-active-link=\"Words\"]')\nStacktrace:\n#0 0x559d3e1e419a <unknown>\n#1 0x559d3dc61c4b <unknown>\n#2 0x559d3dcb3318 <unknown>\n#3 0x559d3dcb3551 <unknown>\n#4 0x559d3dd01764 <unknown>\n#5 0x559d3dcfebee <unknown>\n#6 0x559d3dca5c42 <unknown>\n#7 0x559d3dca68f1 <unknown>\n#8 0x559d3e1acf39 <unknown>\n#9 0x559d3e1afe7d <unknown>\n#10 0x559d3e195c81 <unknown>\n#11 0x559d3e1b0a5b <unknown>\n#12 0x559d3e17ca50 <unknown>\n#13 0x559d3e1d1aa8 <unknown>\n#14 0x559d3e1d1c79 <unknown>\n#15 0x559d3e1e34f3 <unknown>\n#16 0x7f104e49caa4 <unknown>\n#17 0x7f104e529c6c <unknown>","time":{"start":1766324278824,"stop":1766324289160,"duration":10336}},{"uid":"c7ee0bcd22c4500","reportUrl":"https://Brain-up.github.io/auto-tests-python/779/#testresult/c7ee0bcd22c4500","status":"skipped","statusDetails":"XFAIL\n\nselenium.common.exceptions.TimeoutException: Message: Can't find element by locator ('xpath', '//button[@data-test-active-link=\"Words\"]')\nStacktrace:\n#0 0x5598ab5ce19a <unknown>\n#1 0x5598ab04bc4b <unknown>\n#2 0x5598ab09d318 <unknown>\n#3 0x5598ab09d551 <unknown>\n#4 0x5598ab0eb764 <unknown>\n#5 0x5598ab0e8bee <unknown>\n#6 0x5598ab08fc42 <unknown>\n#7 0x5598ab0908f1 <unknown>\n#8 0x5598ab596f39 <unknown>\n#9 0x5598ab599e7d <unknown>\n#10 0x5598ab57fc81 <unknown>\n#11 0x5598ab59aa5b <unknown>\n#12 0x5598ab566a50 <unknown>\n#13 0x5598ab5bbaa8 <unknown>\n#14 0x5598ab5bbc79 <unknown>\n#15 0x5598ab5cd4f3 <unknown>\n#16 0x7fc0ac49caa4 <unknown>\n#17 0x7fc0ac529c6c <unknown>","time":{"start":1766229992052,"stop":1766230002402,"duration":10350}},{"uid":"7d644db2e2538492","reportUrl":"https://Brain-up.github.io/auto-tests-python/778/#testresult/7d644db2e2538492","status":"skipped","statusDetails":"XFAIL\n\nselenium.common.exceptions.TimeoutException: Message: Can't find element by locator ('xpath', '//button[@data-test-active-link=\"Words\"]')\nStacktrace:\n#0 0x5556abdb219a <unknown>\n#1 0x5556ab82fc4b <unknown>\n#2 0x5556ab881318 <unknown>\n#3 0x5556ab881551 <unknown>\n#4 0x5556ab8cf764 <unknown>\n#5 0x5556ab8ccbee <unknown>\n#6 0x5556ab873c42 <unknown>\n#7 0x5556ab8748f1 <unknown>\n#8 0x5556abd7af39 <unknown>\n#9 0x5556abd7de7d <unknown>\n#10 0x5556abd63c81 <unknown>\n#11 0x5556abd7ea5b <unknown>\n#12 0x5556abd4aa50 <unknown>\n#13 0x5556abd9faa8 <unknown>\n#14 0x5556abd9fc79 <unknown>\n#15 0x5556abdb14f3 <unknown>\n#16 0x7ff99f09caa4 <unknown>\n#17 0x7ff99f129c6c <unknown>","time":{"start":1766133659248,"stop":1766133669600,"duration":10352}},{"uid":"6526ec5e21562256","reportUrl":"https://Brain-up.github.io/auto-tests-python/777/#testresult/6526ec5e21562256","status":"skipped","statusDetails":"XFAIL\n\nselenium.common.exceptions.TimeoutException: Message: Can't find element by locator ('xpath', '//button[@data-test-active-link=\"Words\"]')\nStacktrace:\n#0 0x555b33e8e19a <unknown>\n#1 0x555b3390bc4b <unknown>\n#2 0x555b3395d318 <unknown>\n#3 0x555b3395d551 <unknown>\n#4 0x555b339ab764 <unknown>\n#5 0x555b339a8bee <unknown>\n#6 0x555b3394fc42 <unknown>\n#7 0x555b339508f1 <unknown>\n#8 0x555b33e56f39 <unknown>\n#9 0x555b33e59e7d <unknown>\n#10 0x555b33e3fc81 <unknown>\n#11 0x555b33e5aa5b <unknown>\n#12 0x555b33e26a50 <unknown>\n#13 0x555b33e7baa8 <unknown>\n#14 0x555b33e7bc79 <unknown>\n#15 0x555b33e8d4f3 <unknown>\n#16 0x7f7f2cc9caa4 <unknown>\n#17 0x7f7f2cd29c6c <unknown>","time":{"start":1766052349030,"stop":1766052359411,"duration":10381}},{"uid":"55f6eb5874854644","reportUrl":"https://Brain-up.github.io/auto-tests-python/776/#testresult/55f6eb5874854644","status":"skipped","statusDetails":"XFAIL\n\nselenium.common.exceptions.TimeoutException: Message: Can't find element by locator ('xpath', '//button[@data-test-active-link=\"Words\"]')\nStacktrace:\n#0 0x562bb2bda16a <unknown>\n#1 0x562bb2657c4b <unknown>\n#2 0x562bb26a9318 <unknown>\n#3 0x562bb26a9551 <unknown>\n#4 0x562bb26f7764 <unknown>\n#5 0x562bb26f4bee <unknown>\n#6 0x562bb269bc42 <unknown>\n#7 0x562bb269c8f1 <unknown>\n#8 0x562bb2ba2f09 <unknown>\n#9 0x562bb2ba5e4d <unknown>\n#10 0x562bb2b8bc51 <unknown>\n#11 0x562bb2ba6a2b <unknown>\n#12 0x562bb2b72a20 <unknown>\n#13 0x562bb2bc7a78 <unknown>\n#14 0x562bb2bc7c49 <unknown>\n#15 0x562bb2bd94c3 <unknown>\n#16 0x7f483049caa4 <unknown>\n#17 0x7f4830529c6c <unknown>","time":{"start":1765970225997,"stop":1765970236381,"duration":10384}},{"uid":"4594570e6a203d3a","reportUrl":"https://Brain-up.github.io/auto-tests-python/775/#testresult/4594570e6a203d3a","status":"skipped","statusDetails":"XFAIL\n\nselenium.common.exceptions.TimeoutException: Message: Can't find element by locator ('xpath', '//button[@data-test-active-link=\"Words\"]')\nStacktrace:\n#0 0x55a6bb50816a <unknown>\n#1 0x55a6baf85c4b <unknown>\n#2 0x55a6bafd7318 <unknown>\n#3 0x55a6bafd7551 <unknown>\n#4 0x55a6bb025764 <unknown>\n#5 0x55a6bb022bee <unknown>\n#6 0x55a6bafc9c42 <unknown>\n#7 0x55a6bafca8f1 <unknown>\n#8 0x55a6bb4d0f09 <unknown>\n#9 0x55a6bb4d3e4d <unknown>\n#10 0x55a6bb4b9c51 <unknown>\n#11 0x55a6bb4d4a2b <unknown>\n#12 0x55a6bb4a0a20 <unknown>\n#13 0x55a6bb4f5a78 <unknown>\n#14 0x55a6bb4f5c49 <unknown>\n#15 0x55a6bb5074c3 <unknown>\n#16 0x7f484049caa4 <unknown>\n#17 0x7f4840529c6c <unknown>","time":{"start":1765883435422,"stop":1765883445779,"duration":10357}},{"uid":"45616f9d91903d21","reportUrl":"https://Brain-up.github.io/auto-tests-python/774/#testresult/45616f9d91903d21","status":"skipped","statusDetails":"XFAIL\n\nselenium.common.exceptions.TimeoutException: Message: Can't find element by locator ('xpath', '//button[@data-test-active-link=\"Words\"]')\nStacktrace:\n#0 0x564149a7f16a <unknown>\n#1 0x5641494fcc4b <unknown>\n#2 0x56414954e318 <unknown>\n#3 0x56414954e551 <unknown>\n#4 0x56414959c764 <unknown>\n#5 0x564149599bee <unknown>\n#6 0x564149540c42 <unknown>\n#7 0x5641495418f1 <unknown>\n#8 0x564149a47f09 <unknown>\n#9 0x564149a4ae4d <unknown>\n#10 0x564149a30c51 <unknown>\n#11 0x564149a4ba2b <unknown>\n#12 0x564149a17a20 <unknown>\n#13 0x564149a6ca78 <unknown>\n#14 0x564149a6cc49 <unknown>\n#15 0x564149a7e4c3 <unknown>\n#16 0x7ff81129caa4 <unknown>\n#17 0x7ff811329c6c <unknown>","time":{"start":1765800285728,"stop":1765800296028,"duration":10300}},{"uid":"7e4139337024b05f","reportUrl":"https://Brain-up.github.io/auto-tests-python/773/#testresult/7e4139337024b05f","status":"skipped","statusDetails":"XFAIL\n\nselenium.common.exceptions.TimeoutException: Message: Can't find element by locator ('xpath', '//button[@data-test-active-link=\"Words\"]')\nStacktrace:\n#0 0x55cf8789216a <unknown>\n#1 0x55cf8730fc4b <unknown>\n#2 0x55cf87361318 <unknown>\n#3 0x55cf87361551 <unknown>\n#4 0x55cf873af764 <unknown>\n#5 0x55cf873acbee <unknown>\n#6 0x55cf87353c42 <unknown>\n#7 0x55cf873548f1 <unknown>\n#8 0x55cf8785af09 <unknown>\n#9 0x55cf8785de4d <unknown>\n#10 0x55cf87843c51 <unknown>\n#11 0x55cf8785ea2b <unknown>\n#12 0x55cf8782aa20 <unknown>\n#13 0x55cf8787fa78 <unknown>\n#14 0x55cf8787fc49 <unknown>\n#15 0x55cf878914c3 <unknown>\n#16 0x7f046d69caa4 <unknown>\n#17 0x7f046d729c6c <unknown>","time":{"start":1765737333249,"stop":1765737343604,"duration":10355}},{"uid":"d66e1e8af8b5d813","reportUrl":"https://Brain-up.github.io/auto-tests-python/772/#testresult/d66e1e8af8b5d813","status":"skipped","statusDetails":"XFAIL\n\nselenium.common.exceptions.TimeoutException: Message: Can't find element by locator ('xpath', '//button[@data-test-active-link=\"Words\"]')\nStacktrace:\n#0 0x55d89ae7216a <unknown>\n#1 0x55d89a8efc4b <unknown>\n#2 0x55d89a941318 <unknown>\n#3 0x55d89a941551 <unknown>\n#4 0x55d89a98f764 <unknown>\n#5 0x55d89a98cbee <unknown>\n#6 0x55d89a933c42 <unknown>\n#7 0x55d89a9348f1 <unknown>\n#8 0x55d89ae3af09 <unknown>\n#9 0x55d89ae3de4d <unknown>\n#10 0x55d89ae23c51 <unknown>\n#11 0x55d89ae3ea2b <unknown>\n#12 0x55d89ae0aa20 <unknown>\n#13 0x55d89ae5fa78 <unknown>\n#14 0x55d89ae5fc49 <unknown>\n#15 0x55d89ae714c3 <unknown>\n#16 0x7fc7a8a9caa4 <unknown>\n#17 0x7fc7a8b29c6c <unknown>","time":{"start":1765626870432,"stop":1765626880789,"duration":10357}},{"uid":"5eee26059ebbcfde","reportUrl":"https://Brain-up.github.io/auto-tests-python/771/#testresult/5eee26059ebbcfde","status":"skipped","statusDetails":"XFAIL\n\nselenium.common.exceptions.TimeoutException: Message: Can't find element by locator ('xpath', '//button[@data-test-active-link=\"Words\"]')\nStacktrace:\n#0 0x55673be0216a <unknown>\n#1 0x55673b87fc4b <unknown>\n#2 0x55673b8d1318 <unknown>\n#3 0x55673b8d1551 <unknown>\n#4 0x55673b91f764 <unknown>\n#5 0x55673b91cbee <unknown>\n#6 0x55673b8c3c42 <unknown>\n#7 0x55673b8c48f1 <unknown>\n#8 0x55673bdcaf09 <unknown>\n#9 0x55673bdcde4d <unknown>\n#10 0x55673bdb3c51 <unknown>\n#11 0x55673bdcea2b <unknown>\n#12 0x55673bd9aa20 <unknown>\n#13 0x55673bdefa78 <unknown>\n#14 0x55673bdefc49 <unknown>\n#15 0x55673be014c3 <unknown>\n#16 0x7fa02549caa4 <unknown>\n#17 0x7fa025529c6c <unknown>","time":{"start":1765530031926,"stop":1765530042284,"duration":10358}},{"uid":"c0d6253b9f24d77e","reportUrl":"https://Brain-up.github.io/auto-tests-python/770/#testresult/c0d6253b9f24d77e","status":"skipped","statusDetails":"XFAIL\n\nselenium.common.exceptions.TimeoutException: Message: Can't find element by locator ('xpath', '//button[@data-test-active-link=\"Words\"]')\nStacktrace:\n#0 0x557f662a216a <unknown>\n#1 0x557f65d1fc4b <unknown>\n#2 0x557f65d71318 <unknown>\n#3 0x557f65d71551 <unknown>\n#4 0x557f65dbf764 <unknown>\n#5 0x557f65dbcbee <unknown>\n#6 0x557f65d63c42 <unknown>\n#7 0x557f65d648f1 <unknown>\n#8 0x557f6626af09 <unknown>\n#9 0x557f6626de4d <unknown>\n#10 0x557f66253c51 <unknown>\n#11 0x557f6626ea2b <unknown>\n#12 0x557f6623aa20 <unknown>\n#13 0x557f6628fa78 <unknown>\n#14 0x557f6628fc49 <unknown>\n#15 0x557f662a14c3 <unknown>\n#16 0x7f006e29caa4 <unknown>\n#17 0x7f006e329c6c <unknown>","time":{"start":1765429153851,"stop":1765429164195,"duration":10344}},{"uid":"f7afadf0ebaa0fb4","reportUrl":"https://Brain-up.github.io/auto-tests-python/769/#testresult/f7afadf0ebaa0fb4","status":"skipped","statusDetails":"XFAIL\n\nselenium.common.exceptions.TimeoutException: Message: Can't find element by locator ('xpath', '//button[@data-test-active-link=\"Words\"]')\nStacktrace:\n#0 0x561dcc34f4ca <unknown>\n#1 0x561dcbd9de4b <unknown>\n#2 0x561dcbdf0814 <unknown>\n#3 0x561dcbdf0a51 <unknown>\n#4 0x561dcbe3fa44 <unknown>\n#5 0x561dcbe3cdf7 <unknown>\n#6 0x561dcbde2c2a <unknown>\n#7 0x561dcbde3931 <unknown>\n#8 0x561dcc315cf9 <unknown>\n#9 0x561dcc318cdc <unknown>\n#10 0x561dcc2fef79 <unknown>\n#11 0x561dcc3198b5 <unknown>\n#12 0x561dcc2e69c3 <unknown>\n#13 0x561dcc33c228 <unknown>\n#14 0x561dcc33c403 <unknown>\n#15 0x561dcc34e463 <unknown>\n#16 0x7f6c1e89caa4 <unknown>\n#17 0x7f6c1e929c6c <unknown>","time":{"start":1765131828626,"stop":1765131838965,"duration":10339}},{"uid":"e747684d3c3e4ea0","reportUrl":"https://Brain-up.github.io/auto-tests-python/768/#testresult/e747684d3c3e4ea0","status":"skipped","statusDetails":"XFAIL\n\nselenium.common.exceptions.TimeoutException: Message: Can't find element by locator ('xpath', '//button[@data-test-active-link=\"Words\"]')\nStacktrace:\n#0 0x55ec66fe34ca <unknown>\n#1 0x55ec66a31e4b <unknown>\n#2 0x55ec66a84814 <unknown>\n#3 0x55ec66a84a51 <unknown>\n#4 0x55ec66ad3a44 <unknown>\n#5 0x55ec66ad0df7 <unknown>\n#6 0x55ec66a76c2a <unknown>\n#7 0x55ec66a77931 <unknown>\n#8 0x55ec66fa9cf9 <unknown>\n#9 0x55ec66faccdc <unknown>\n#10 0x55ec66f92f79 <unknown>\n#11 0x55ec66fad8b5 <unknown>\n#12 0x55ec66f7a9c3 <unknown>\n#13 0x55ec66fd0228 <unknown>\n#14 0x55ec66fd0403 <unknown>\n#15 0x55ec66fe2463 <unknown>\n#16 0x7f245e49caa4 <unknown>\n#17 0x7f245e529c6c <unknown>","time":{"start":1765023431362,"stop":1765023441706,"duration":10344}},{"uid":"3e1df60dda90b32f","reportUrl":"https://Brain-up.github.io/auto-tests-python/767/#testresult/3e1df60dda90b32f","status":"skipped","statusDetails":"XFAIL\n\nselenium.common.exceptions.TimeoutException: Message: Can't find element by locator ('xpath', '//button[@data-test-active-link=\"Words\"]')\nStacktrace:\n#0 0x56249349a4ca <unknown>\n#1 0x562492ee8e4b <unknown>\n#2 0x562492f3b814 <unknown>\n#3 0x562492f3ba51 <unknown>\n#4 0x562492f8aa44 <unknown>\n#5 0x562492f87df7 <unknown>\n#6 0x562492f2dc2a <unknown>\n#7 0x562492f2e931 <unknown>\n#8 0x562493460cf9 <unknown>\n#9 0x562493463cdc <unknown>\n#10 0x562493449f79 <unknown>\n#11 0x5624934648b5 <unknown>\n#12 0x5624934319c3 <unknown>\n#13 0x562493487228 <unknown>\n#14 0x562493487403 <unknown>\n#15 0x562493499463 <unknown>\n#16 0x7f99ec69caa4 <unknown>\n#17 0x7f99ec729c6c <unknown>","time":{"start":1764842626342,"stop":1764842636772,"duration":10430}},{"uid":"7e493163383f50f2","reportUrl":"https://Brain-up.github.io/auto-tests-python/766/#testresult/7e493163383f50f2","status":"skipped","statusDetails":"XFAIL\n\nselenium.common.exceptions.TimeoutException: Message: Can't find element by locator ('xpath', '//button[@data-test-active-link=\"Words\"]')\nStacktrace:\n#0 0x55f5184354ca <unknown>\n#1 0x55f517e83e4b <unknown>\n#2 0x55f517ed6814 <unknown>\n#3 0x55f517ed6a51 <unknown>\n#4 0x55f517f25a44 <unknown>\n#5 0x55f517f22df7 <unknown>\n#6 0x55f517ec8c2a <unknown>\n#7 0x55f517ec9931 <unknown>\n#8 0x55f5183fbcf9 <unknown>\n#9 0x55f5183fecdc <unknown>\n#10 0x55f5183e4f79 <unknown>\n#11 0x55f5183ff8b5 <unknown>\n#12 0x55f5183cc9c3 <unknown>\n#13 0x55f518422228 <unknown>\n#14 0x55f518422403 <unknown>\n#15 0x55f518434463 <unknown>\n#16 0x7f22f1e9caa4 <unknown>\n#17 0x7f22f1f29c6c <unknown>","time":{"start":1764760162292,"stop":1764760172723,"duration":10431}},{"uid":"fd3c7bac1adb8f19","reportUrl":"https://Brain-up.github.io/auto-tests-python/765/#testresult/fd3c7bac1adb8f19","status":"skipped","statusDetails":"XFAIL\n\nselenium.common.exceptions.TimeoutException: Message: Can't find element by locator ('xpath', '//button[@data-test-active-link=\"Words\"]')\nStacktrace:\n#0 0x5613d3d3832a <unknown>\n#1 0x5613d3784e4b <unknown>\n#2 0x5613d37d782b <unknown>\n#3 0x5613d37d7a61 <unknown>\n#4 0x5613d3826a44 <unknown>\n#5 0x5613d3823df7 <unknown>\n#6 0x5613d37c9c1a <unknown>\n#7 0x5613d37ca921 <unknown>\n#8 0x5613d3cff239 <unknown>\n#9 0x5613d3d021e8 <unknown>\n#10 0x5613d3ce84c9 <unknown>\n#11 0x5613d3d02db5 <unknown>\n#12 0x5613d3ccfe93 <unknown>\n#13 0x5613d3d25098 <unknown>\n#14 0x5613d3d25273 <unknown>\n#15 0x5613d3d372c3 <unknown>\n#16 0x7f5fca29caa4 <unknown>\n#17 0x7f5fca329c6c <unknown>","time":{"start":1764674639008,"stop":1764674649404,"duration":10396}},{"uid":"cb8e6c0507dce8f8","reportUrl":"https://Brain-up.github.io/auto-tests-python/764/#testresult/cb8e6c0507dce8f8","status":"skipped","statusDetails":"XFAIL\n\nselenium.common.exceptions.TimeoutException: Message: Can't find element by locator ('xpath', '//button[@data-test-active-link=\"Words\"]')\nStacktrace:\n#0 0x5585960df32a <unknown>\n#1 0x558595b2be4b <unknown>\n#2 0x558595b7e82b <unknown>\n#3 0x558595b7ea61 <unknown>\n#4 0x558595bcda44 <unknown>\n#5 0x558595bcadf7 <unknown>\n#6 0x558595b70c1a <unknown>\n#7 0x558595b71921 <unknown>\n#8 0x5585960a6239 <unknown>\n#9 0x5585960a91e8 <unknown>\n#10 0x55859608f4c9 <unknown>\n#11 0x5585960a9db5 <unknown>\n#12 0x558596076e93 <unknown>\n#13 0x5585960cc098 <unknown>\n#14 0x5585960cc273 <unknown>\n#15 0x5585960de2c3 <unknown>\n#16 0x7fd88b49caa4 <unknown>\n#17 0x7fd88b529c6c <unknown>","time":{"start":1764588487525,"stop":1764588497933,"duration":10408}},{"uid":"f1cf37e9010d193c","reportUrl":"https://Brain-up.github.io/auto-tests-python/763/#testresult/f1cf37e9010d193c","status":"skipped","statusDetails":"XFAIL\n\nselenium.common.exceptions.TimeoutException: Message: Can't find element by locator ('xpath', '//button[@data-test-active-link=\"Words\"]')\nStacktrace:\n#0 0x556f19b8132a <unknown>\n#1 0x556f195cde4b <unknown>\n#2 0x556f1962082b <unknown>\n#3 0x556f19620a61 <unknown>\n#4 0x556f1966fa44 <unknown>\n#5 0x556f1966cdf7 <unknown>\n#6 0x556f19612c1a <unknown>\n#7 0x556f19613921 <unknown>\n#8 0x556f19b48239 <unknown>\n#9 0x556f19b4b1e8 <unknown>\n#10 0x556f19b314c9 <unknown>\n#11 0x556f19b4bdb5 <unknown>\n#12 0x556f19b18e93 <unknown>\n#13 0x556f19b6e098 <unknown>\n#14 0x556f19b6e273 <unknown>\n#15 0x556f19b802c3 <unknown>\n#16 0x7f1318a9caa4 <unknown>\n#17 0x7f1318b29c6c <unknown>","time":{"start":1764490141776,"stop":1764490152135,"duration":10359}}]},"tags":["@pytest.mark.xfail"]},"source":"f74b48c1734b3b89.json","parameterValues":[]}