{"uid":"d75feaf285c12845","name":"Check statistic table.","fullName":"tests.test_speech_exercises_ru.TestCardsRU#test_get_statistic_data","historyId":"15df626f86a935fbcd917f7ea4002a26","time":{"start":1766052537933,"stop":1766052548209,"duration":10276},"status":"skipped","statusMessage":"XFAIL\n\nselenium.common.exceptions.TimeoutException: Message: Can't find element by locator ('xpath', '//div[@class=\"__51e19\"]')\nStacktrace:\n#0 0x55bd3c4e019a <unknown>\n#1 0x55bd3bf5dc4b <unknown>\n#2 0x55bd3bfaf318 <unknown>\n#3 0x55bd3bfaf551 <unknown>\n#4 0x55bd3bffd764 <unknown>\n#5 0x55bd3bffabee <unknown>\n#6 0x55bd3bfa1c42 <unknown>\n#7 0x55bd3bfa28f1 <unknown>\n#8 0x55bd3c4a8f39 <unknown>\n#9 0x55bd3c4abe7d <unknown>\n#10 0x55bd3c491c81 <unknown>\n#11 0x55bd3c4aca5b <unknown>\n#12 0x55bd3c478a50 <unknown>\n#13 0x55bd3c4cdaa8 <unknown>\n#14 0x55bd3c4cdc79 <unknown>\n#15 0x55bd3c4df4f3 <unknown>\n#16 0x7f76b909caa4 <unknown>\n#17 0x7f76b9129c6c <unknown>","statusTrace":"self = <tests.test_speech_exercises_ru.TestCardsRU object at 0x7fa0a9dbf6e0>\ndriver = <selenium.webdriver.chrome.webdriver.WebDriver (session=\"7d630f54e9941f2f4129aef21c3d94a5\")>\ndefault_user_authorized = None\n\n    @pytest.mark.xfail\n    @allure.suite('Statistic.')\n    @allure.title('Check statistic table.')\n    def test_get_statistic_data(self, driver, default_user_authorized):\n        page = SpeechExercisesPageRU(driver)\n>       table = page.get_statistic_data()\n\ntests/test_speech_exercises_ru.py:192: \n_ _ _ _ _ _ _ _ _ _ _ _ _ _ _ _ _ _ _ _ _ _ _ _ _ _ _ _ _ _ _ _ _ _ _ _ _ _ _ _ \npages/speech_exercises_page_ru.py:174: in get_statistic_data\n    table = self.element_is_present(self.locators.AuthorizedUserHomePageLocators.STATISTIC_TABLE)\npages/base_page.py:32: in element_is_present\n    return Wait(self.driver, self.timeout).until(\n_ _ _ _ _ _ _ _ _ _ _ _ _ _ _ _ _ _ _ _ _ _ _ _ _ _ _ _ _ _ _ _ _ _ _ _ _ _ _ _ \n\nself = <selenium.webdriver.support.wait.WebDriverWait (session=\"7d630f54e9941f2f4129aef21c3d94a5\")>\nmethod = <function presence_of_element_located.<locals>._predicate at 0x7fa0a9c64f40>\nmessage = 'Can\\'t find element by locator (\\'xpath\\', \\'//div[@class=\"__51e19\"]\\')'\n\n    def until(self, method, message: str = \"\"):\n        \"\"\"Calls the method provided with the driver as an argument until the \\\n        return value does not evaluate to ``False``.\n    \n        :param method: callable(WebDriver)\n        :param message: optional message for :exc:`TimeoutException`\n        :returns: the result of the last call to `method`\n        :raises: :exc:`selenium.common.exceptions.TimeoutException` if timeout occurs\n        \"\"\"\n        screen = None\n        stacktrace = None\n    \n        end_time = time.monotonic() + self._timeout\n        while True:\n            try:\n                value = method(self._driver)\n                if value:\n                    return value\n            except self._ignored_exceptions as exc:\n                screen = getattr(exc, \"screen\", None)\n                stacktrace = getattr(exc, \"stacktrace\", None)\n            time.sleep(self._poll)\n            if time.monotonic() > end_time:\n                break\n>       raise TimeoutException(message, screen, stacktrace)\nE       selenium.common.exceptions.TimeoutException: Message: Can't find element by locator ('xpath', '//div[@class=\"__51e19\"]')\nE       Stacktrace:\nE       #0 0x55bd3c4e019a <unknown>\nE       #1 0x55bd3bf5dc4b <unknown>\nE       #2 0x55bd3bfaf318 <unknown>\nE       #3 0x55bd3bfaf551 <unknown>\nE       #4 0x55bd3bffd764 <unknown>\nE       #5 0x55bd3bffabee <unknown>\nE       #6 0x55bd3bfa1c42 <unknown>\nE       #7 0x55bd3bfa28f1 <unknown>\nE       #8 0x55bd3c4a8f39 <unknown>\nE       #9 0x55bd3c4abe7d <unknown>\nE       #10 0x55bd3c491c81 <unknown>\nE       #11 0x55bd3c4aca5b <unknown>\nE       #12 0x55bd3c478a50 <unknown>\nE       #13 0x55bd3c4cdaa8 <unknown>\nE       #14 0x55bd3c4cdc79 <unknown>\nE       #15 0x55bd3c4df4f3 <unknown>\nE       #16 0x7f76b909caa4 <unknown>\nE       #17 0x7f76b9129c6c <unknown>\n\n/opt/hostedtoolcache/Python/3.12.12/x64/lib/python3.12/site-packages/selenium/webdriver/support/wait.py:95: TimeoutException","flaky":false,"newFailed":false,"newBroken":false,"newPassed":false,"retriesCount":0,"retriesStatusChange":false,"beforeStages":[{"name":"clear_allure_results_folder","time":{"start":1766051052312,"stop":1766051052313,"duration":1},"status":"passed","steps":[],"attachments":[],"parameters":[],"stepsCount":0,"shouldDisplayMessage":false,"attachmentsCount":0,"hasContent":false,"attachmentStep":false},{"name":"driver","time":{"start":1766052530701,"stop":1766052531473,"duration":772},"status":"passed","steps":[],"attachments":[],"parameters":[],"stepsCount":0,"shouldDisplayMessage":false,"attachmentsCount":0,"hasContent":false,"attachmentStep":false},{"name":"main_page_open","time":{"start":1766052531473,"stop":1766052535020,"duration":3547},"status":"passed","steps":[{"name":"Open page: https://www.brainup.site/","time":{"start":1766052531473,"stop":1766052535020,"duration":3547},"status":"passed","steps":[],"attachments":[],"parameters":[{"name":"driver","value":"<selenium.webdriver.chrome.webdriver.WebDriver (session=\"7d630f54e9941f2f4129aef21c3d94a5\")>"}],"stepsCount":0,"shouldDisplayMessage":false,"attachmentsCount":0,"hasContent":true,"attachmentStep":false}],"attachments":[],"parameters":[],"stepsCount":1,"shouldDisplayMessage":false,"attachmentsCount":0,"hasContent":true,"attachmentStep":false},{"name":"default_user_authorized","time":{"start":1766052535020,"stop":1766052537933,"duration":2913},"status":"passed","steps":[{"name":"DEFAULT user authorized","time":{"start":1766052535020,"stop":1766052537933,"duration":2913},"status":"passed","steps":[{"name":"Check url is present: https://www.brainup.site/groups","time":{"start":1766052535387,"stop":1766052537910,"duration":2523},"status":"passed","steps":[],"attachments":[],"parameters":[],"stepsCount":0,"shouldDisplayMessage":false,"attachmentsCount":0,"hasContent":false,"attachmentStep":false},{"name":"Loader checking","time":{"start":1766052537910,"stop":1766052537933,"duration":23},"status":"passed","steps":[],"attachments":[],"parameters":[],"stepsCount":0,"shouldDisplayMessage":false,"attachmentsCount":0,"hasContent":false,"attachmentStep":false}],"attachments":[],"parameters":[{"name":"driver","value":"<selenium.webdriver.chrome.webdriver.WebDriver (session=\"7d630f54e9941f2f4129aef21c3d94a5\")>"},{"name":"main_page_open","value":"None"}],"stepsCount":2,"shouldDisplayMessage":false,"attachmentsCount":0,"hasContent":true,"attachmentStep":false}],"attachments":[],"parameters":[],"stepsCount":3,"shouldDisplayMessage":false,"attachmentsCount":0,"hasContent":true,"attachmentStep":false}],"testStage":{"status":"skipped","statusMessage":"XFAIL\n\nselenium.common.exceptions.TimeoutException: Message: Can't find element by locator ('xpath', '//div[@class=\"__51e19\"]')\nStacktrace:\n#0 0x55bd3c4e019a <unknown>\n#1 0x55bd3bf5dc4b <unknown>\n#2 0x55bd3bfaf318 <unknown>\n#3 0x55bd3bfaf551 <unknown>\n#4 0x55bd3bffd764 <unknown>\n#5 0x55bd3bffabee <unknown>\n#6 0x55bd3bfa1c42 <unknown>\n#7 0x55bd3bfa28f1 <unknown>\n#8 0x55bd3c4a8f39 <unknown>\n#9 0x55bd3c4abe7d <unknown>\n#10 0x55bd3c491c81 <unknown>\n#11 0x55bd3c4aca5b <unknown>\n#12 0x55bd3c478a50 <unknown>\n#13 0x55bd3c4cdaa8 <unknown>\n#14 0x55bd3c4cdc79 <unknown>\n#15 0x55bd3c4df4f3 <unknown>\n#16 0x7f76b909caa4 <unknown>\n#17 0x7f76b9129c6c <unknown>","statusTrace":"self = <tests.test_speech_exercises_ru.TestCardsRU object at 0x7fa0a9dbf6e0>\ndriver = <selenium.webdriver.chrome.webdriver.WebDriver (session=\"7d630f54e9941f2f4129aef21c3d94a5\")>\ndefault_user_authorized = None\n\n    @pytest.mark.xfail\n    @allure.suite('Statistic.')\n    @allure.title('Check statistic table.')\n    def test_get_statistic_data(self, driver, default_user_authorized):\n        page = SpeechExercisesPageRU(driver)\n>       table = page.get_statistic_data()\n\ntests/test_speech_exercises_ru.py:192: \n_ _ _ _ _ _ _ _ _ _ _ _ _ _ _ _ _ _ _ _ _ _ _ _ _ _ _ _ _ _ _ _ _ _ _ _ _ _ _ _ \npages/speech_exercises_page_ru.py:174: in get_statistic_data\n    table = self.element_is_present(self.locators.AuthorizedUserHomePageLocators.STATISTIC_TABLE)\npages/base_page.py:32: in element_is_present\n    return Wait(self.driver, self.timeout).until(\n_ _ _ _ _ _ _ _ _ _ _ _ _ _ _ _ _ _ _ _ _ _ _ _ _ _ _ _ _ _ _ _ _ _ _ _ _ _ _ _ \n\nself = <selenium.webdriver.support.wait.WebDriverWait (session=\"7d630f54e9941f2f4129aef21c3d94a5\")>\nmethod = <function presence_of_element_located.<locals>._predicate at 0x7fa0a9c64f40>\nmessage = 'Can\\'t find element by locator (\\'xpath\\', \\'//div[@class=\"__51e19\"]\\')'\n\n    def until(self, method, message: str = \"\"):\n        \"\"\"Calls the method provided with the driver as an argument until the \\\n        return value does not evaluate to ``False``.\n    \n        :param method: callable(WebDriver)\n        :param message: optional message for :exc:`TimeoutException`\n        :returns: the result of the last call to `method`\n        :raises: :exc:`selenium.common.exceptions.TimeoutException` if timeout occurs\n        \"\"\"\n        screen = None\n        stacktrace = None\n    \n        end_time = time.monotonic() + self._timeout\n        while True:\n            try:\n                value = method(self._driver)\n                if value:\n                    return value\n            except self._ignored_exceptions as exc:\n                screen = getattr(exc, \"screen\", None)\n                stacktrace = getattr(exc, \"stacktrace\", None)\n            time.sleep(self._poll)\n            if time.monotonic() > end_time:\n                break\n>       raise TimeoutException(message, screen, stacktrace)\nE       selenium.common.exceptions.TimeoutException: Message: Can't find element by locator ('xpath', '//div[@class=\"__51e19\"]')\nE       Stacktrace:\nE       #0 0x55bd3c4e019a <unknown>\nE       #1 0x55bd3bf5dc4b <unknown>\nE       #2 0x55bd3bfaf318 <unknown>\nE       #3 0x55bd3bfaf551 <unknown>\nE       #4 0x55bd3bffd764 <unknown>\nE       #5 0x55bd3bffabee <unknown>\nE       #6 0x55bd3bfa1c42 <unknown>\nE       #7 0x55bd3bfa28f1 <unknown>\nE       #8 0x55bd3c4a8f39 <unknown>\nE       #9 0x55bd3c4abe7d <unknown>\nE       #10 0x55bd3c491c81 <unknown>\nE       #11 0x55bd3c4aca5b <unknown>\nE       #12 0x55bd3c478a50 <unknown>\nE       #13 0x55bd3c4cdaa8 <unknown>\nE       #14 0x55bd3c4cdc79 <unknown>\nE       #15 0x55bd3c4df4f3 <unknown>\nE       #16 0x7f76b909caa4 <unknown>\nE       #17 0x7f76b9129c6c <unknown>\n\n/opt/hostedtoolcache/Python/3.12.12/x64/lib/python3.12/site-packages/selenium/webdriver/support/wait.py:95: TimeoutException","steps":[{"name":"get_statistic_data","time":{"start":1766052537933,"stop":1766052548209,"duration":10276},"status":"broken","statusMessage":"selenium.common.exceptions.TimeoutException: Message: Can't find element by locator ('xpath', '//div[@class=\"__51e19\"]')\nStacktrace:\n#0 0x55bd3c4e019a <unknown>\n#1 0x55bd3bf5dc4b <unknown>\n#2 0x55bd3bfaf318 <unknown>\n#3 0x55bd3bfaf551 <unknown>\n#4 0x55bd3bffd764 <unknown>\n#5 0x55bd3bffabee <unknown>\n#6 0x55bd3bfa1c42 <unknown>\n#7 0x55bd3bfa28f1 <unknown>\n#8 0x55bd3c4a8f39 <unknown>\n#9 0x55bd3c4abe7d <unknown>\n#10 0x55bd3c491c81 <unknown>\n#11 0x55bd3c4aca5b <unknown>\n#12 0x55bd3c478a50 <unknown>\n#13 0x55bd3c4cdaa8 <unknown>\n#14 0x55bd3c4cdc79 <unknown>\n#15 0x55bd3c4df4f3 <unknown>\n#16 0x7f76b909caa4 <unknown>\n#17 0x7f76b9129c6c <unknown>\n\n","statusTrace":"  File \"/opt/hostedtoolcache/Python/3.12.12/x64/lib/python3.12/site-packages/allure_commons/_allure.py\", line 192, in impl\n    return func(*a, **kw)\n           ^^^^^^^^^^^^^^\n  File \"/home/runner/work/auto-tests-python/auto-tests-python/pages/speech_exercises_page_ru.py\", line 174, in get_statistic_data\n    table = self.element_is_present(self.locators.AuthorizedUserHomePageLocators.STATISTIC_TABLE)\n            ^^^^^^^^^^^^^^^^^^^^^^^^^^^^^^^^^^^^^^^^^^^^^^^^^^^^^^^^^^^^^^^^^^^^^^^^^^^^^^^^^^^^^\n  File \"/home/runner/work/auto-tests-python/auto-tests-python/pages/base_page.py\", line 32, in element_is_present\n    return Wait(self.driver, self.timeout).until(\n           ^^^^^^^^^^^^^^^^^^^^^^^^^^^^^^^^^^^^^^\n  File \"/opt/hostedtoolcache/Python/3.12.12/x64/lib/python3.12/site-packages/selenium/webdriver/support/wait.py\", line 95, in until\n    raise TimeoutException(message, screen, stacktrace)\n","steps":[{"name":"Click button \"Статистика\"\".","time":{"start":1766052537934,"stop":1766052538002,"duration":68},"status":"passed","steps":[],"attachments":[],"parameters":[],"stepsCount":0,"shouldDisplayMessage":false,"attachmentsCount":0,"hasContent":false,"attachmentStep":false},{"name":"Check statistic table is present and scroll to table","time":{"start":1766052538002,"stop":1766052548208,"duration":10206},"status":"broken","statusMessage":"selenium.common.exceptions.TimeoutException: Message: Can't find element by locator ('xpath', '//div[@class=\"__51e19\"]')\nStacktrace:\n#0 0x55bd3c4e019a <unknown>\n#1 0x55bd3bf5dc4b <unknown>\n#2 0x55bd3bfaf318 <unknown>\n#3 0x55bd3bfaf551 <unknown>\n#4 0x55bd3bffd764 <unknown>\n#5 0x55bd3bffabee <unknown>\n#6 0x55bd3bfa1c42 <unknown>\n#7 0x55bd3bfa28f1 <unknown>\n#8 0x55bd3c4a8f39 <unknown>\n#9 0x55bd3c4abe7d <unknown>\n#10 0x55bd3c491c81 <unknown>\n#11 0x55bd3c4aca5b <unknown>\n#12 0x55bd3c478a50 <unknown>\n#13 0x55bd3c4cdaa8 <unknown>\n#14 0x55bd3c4cdc79 <unknown>\n#15 0x55bd3c4df4f3 <unknown>\n#16 0x7f76b909caa4 <unknown>\n#17 0x7f76b9129c6c <unknown>\n\n","statusTrace":"  File \"/home/runner/work/auto-tests-python/auto-tests-python/pages/speech_exercises_page_ru.py\", line 174, in get_statistic_data\n    table = self.element_is_present(self.locators.AuthorizedUserHomePageLocators.STATISTIC_TABLE)\n            ^^^^^^^^^^^^^^^^^^^^^^^^^^^^^^^^^^^^^^^^^^^^^^^^^^^^^^^^^^^^^^^^^^^^^^^^^^^^^^^^^^^^^\n  File \"/home/runner/work/auto-tests-python/auto-tests-python/pages/base_page.py\", line 32, in element_is_present\n    return Wait(self.driver, self.timeout).until(\n           ^^^^^^^^^^^^^^^^^^^^^^^^^^^^^^^^^^^^^^\n  File \"/opt/hostedtoolcache/Python/3.12.12/x64/lib/python3.12/site-packages/selenium/webdriver/support/wait.py\", line 95, in until\n    raise TimeoutException(message, screen, stacktrace)\n","steps":[],"attachments":[],"parameters":[],"stepsCount":0,"shouldDisplayMessage":true,"attachmentsCount":0,"hasContent":true,"attachmentStep":false}],"attachments":[],"parameters":[],"stepsCount":2,"shouldDisplayMessage":false,"attachmentsCount":0,"hasContent":true,"attachmentStep":false}],"attachments":[],"parameters":[],"stepsCount":3,"shouldDisplayMessage":true,"attachmentsCount":0,"hasContent":true,"attachmentStep":false},"afterStages":[{"name":"driver::0","time":{"start":1766052548224,"stop":1766052548292,"duration":68},"status":"passed","steps":[],"attachments":[],"parameters":[],"stepsCount":0,"shouldDisplayMessage":false,"attachmentsCount":0,"hasContent":false,"attachmentStep":false}],"labels":[{"name":"epic","value":"Speech exercises."},{"name":"suite","value":"Statistic."},{"name":"tag","value":"@pytest.mark.xfail"},{"name":"parentSuite","value":"tests"},{"name":"subSuite","value":"TestCardsRU"},{"name":"host","value":"runnervmh13bl"},{"name":"thread","value":"2607-MainThread"},{"name":"framework","value":"pytest"},{"name":"language","value":"cpython3"},{"name":"package","value":"tests.test_speech_exercises_ru"},{"name":"resultFormat","value":"allure2"}],"parameters":[],"links":[],"hidden":false,"retry":false,"extra":{"severity":"normal","retries":[],"categories":[],"history":{"statistic":{"failed":0,"broken":0,"skipped":37,"passed":6,"unknown":0,"total":43},"items":[{"uid":"1fbe516ffd956897","reportUrl":"https://Brain-up.github.io/auto-tests-python/776/#testresult/1fbe516ffd956897","status":"skipped","statusDetails":"XFAIL\n\nselenium.common.exceptions.TimeoutException: Message: Can't find element by locator ('xpath', '//div[@class=\"__51e19\"]')\nStacktrace:\n#0 0x55f2cc2af16a <unknown>\n#1 0x55f2cbd2cc4b <unknown>\n#2 0x55f2cbd7e318 <unknown>\n#3 0x55f2cbd7e551 <unknown>\n#4 0x55f2cbdcc764 <unknown>\n#5 0x55f2cbdc9bee <unknown>\n#6 0x55f2cbd70c42 <unknown>\n#7 0x55f2cbd718f1 <unknown>\n#8 0x55f2cc277f09 <unknown>\n#9 0x55f2cc27ae4d <unknown>\n#10 0x55f2cc260c51 <unknown>\n#11 0x55f2cc27ba2b <unknown>\n#12 0x55f2cc247a20 <unknown>\n#13 0x55f2cc29ca78 <unknown>\n#14 0x55f2cc29cc49 <unknown>\n#15 0x55f2cc2ae4c3 <unknown>\n#16 0x7fefe769caa4 <unknown>\n#17 0x7fefe7729c6c <unknown>","time":{"start":1765970412589,"stop":1765970422873,"duration":10284}},{"uid":"28591f70dbf7106f","reportUrl":"https://Brain-up.github.io/auto-tests-python/775/#testresult/28591f70dbf7106f","status":"passed","statusDetails":"XPASS","time":{"start":1765883622282,"stop":1765883623667,"duration":1385}},{"uid":"472dd05f45c0ec00","reportUrl":"https://Brain-up.github.io/auto-tests-python/774/#testresult/472dd05f45c0ec00","status":"passed","statusDetails":"XPASS","time":{"start":1765800485884,"stop":1765800487183,"duration":1299}},{"uid":"a3f796bc0d3f5914","reportUrl":"https://Brain-up.github.io/auto-tests-python/773/#testresult/a3f796bc0d3f5914","status":"skipped","statusDetails":"XFAIL\n\nselenium.common.exceptions.TimeoutException: Message: Can't find element by locator ('xpath', '//div[@class=\"__51e19\"]')\nStacktrace:\n#0 0x556c55d3c16a <unknown>\n#1 0x556c557b9c4b <unknown>\n#2 0x556c5580b318 <unknown>\n#3 0x556c5580b551 <unknown>\n#4 0x556c55859764 <unknown>\n#5 0x556c55856bee <unknown>\n#6 0x556c557fdc42 <unknown>\n#7 0x556c557fe8f1 <unknown>\n#8 0x556c55d04f09 <unknown>\n#9 0x556c55d07e4d <unknown>\n#10 0x556c55cedc51 <unknown>\n#11 0x556c55d08a2b <unknown>\n#12 0x556c55cd4a20 <unknown>\n#13 0x556c55d29a78 <unknown>\n#14 0x556c55d29c49 <unknown>\n#15 0x556c55d3b4c3 <unknown>\n#16 0x7f5a92c9caa4 <unknown>\n#17 0x7f5a92d29c6c <unknown>","time":{"start":1765737508364,"stop":1765737518627,"duration":10263}},{"uid":"a7297402850599a1","reportUrl":"https://Brain-up.github.io/auto-tests-python/772/#testresult/a7297402850599a1","status":"skipped","statusDetails":"XFAIL\n\nselenium.common.exceptions.TimeoutException: Message: Can't find element by locator ('xpath', '//div[@class=\"__51e19\"]')\nStacktrace:\n#0 0x557b9264416a <unknown>\n#1 0x557b920c1c4b <unknown>\n#2 0x557b92113318 <unknown>\n#3 0x557b92113551 <unknown>\n#4 0x557b92161764 <unknown>\n#5 0x557b9215ebee <unknown>\n#6 0x557b92105c42 <unknown>\n#7 0x557b921068f1 <unknown>\n#8 0x557b9260cf09 <unknown>\n#9 0x557b9260fe4d <unknown>\n#10 0x557b925f5c51 <unknown>\n#11 0x557b92610a2b <unknown>\n#12 0x557b925dca20 <unknown>\n#13 0x557b92631a78 <unknown>\n#14 0x557b92631c49 <unknown>\n#15 0x557b926434c3 <unknown>\n#16 0x7f6956c9caa4 <unknown>\n#17 0x7f6956d29c6c <unknown>","time":{"start":1765627040030,"stop":1765627050296,"duration":10266}},{"uid":"2ccfd77d10875ec","reportUrl":"https://Brain-up.github.io/auto-tests-python/771/#testresult/2ccfd77d10875ec","status":"skipped","statusDetails":"XFAIL\n\nselenium.common.exceptions.TimeoutException: Message: Can't find element by locator ('xpath', '//div[@class=\"__51e19\"]')\nStacktrace:\n#0 0x55ae1b48c16a <unknown>\n#1 0x55ae1af09c4b <unknown>\n#2 0x55ae1af5b318 <unknown>\n#3 0x55ae1af5b551 <unknown>\n#4 0x55ae1afa9764 <unknown>\n#5 0x55ae1afa6bee <unknown>\n#6 0x55ae1af4dc42 <unknown>\n#7 0x55ae1af4e8f1 <unknown>\n#8 0x55ae1b454f09 <unknown>\n#9 0x55ae1b457e4d <unknown>\n#10 0x55ae1b43dc51 <unknown>\n#11 0x55ae1b458a2b <unknown>\n#12 0x55ae1b424a20 <unknown>\n#13 0x55ae1b479a78 <unknown>\n#14 0x55ae1b479c49 <unknown>\n#15 0x55ae1b48b4c3 <unknown>\n#16 0x7f3b5969caa4 <unknown>\n#17 0x7f3b59729c6c <unknown>","time":{"start":1765530206363,"stop":1765530216673,"duration":10310}},{"uid":"c051ce095e2a19fd","reportUrl":"https://Brain-up.github.io/auto-tests-python/770/#testresult/c051ce095e2a19fd","status":"skipped","statusDetails":"XFAIL\n\nselenium.common.exceptions.TimeoutException: Message: Can't find element by locator ('xpath', '//div[@class=\"__51e19\"]')\nStacktrace:\n#0 0x5628eb7fc16a <unknown>\n#1 0x5628eb279c4b <unknown>\n#2 0x5628eb2cb318 <unknown>\n#3 0x5628eb2cb551 <unknown>\n#4 0x5628eb319764 <unknown>\n#5 0x5628eb316bee <unknown>\n#6 0x5628eb2bdc42 <unknown>\n#7 0x5628eb2be8f1 <unknown>\n#8 0x5628eb7c4f09 <unknown>\n#9 0x5628eb7c7e4d <unknown>\n#10 0x5628eb7adc51 <unknown>\n#11 0x5628eb7c8a2b <unknown>\n#12 0x5628eb794a20 <unknown>\n#13 0x5628eb7e9a78 <unknown>\n#14 0x5628eb7e9c49 <unknown>\n#15 0x5628eb7fb4c3 <unknown>\n#16 0x7f5c9c89caa4 <unknown>\n#17 0x7f5c9c929c6c <unknown>","time":{"start":1765429324430,"stop":1765429334684,"duration":10254}},{"uid":"bb9fc8c01e6c209d","reportUrl":"https://Brain-up.github.io/auto-tests-python/769/#testresult/bb9fc8c01e6c209d","status":"skipped","statusDetails":"XFAIL\n\nselenium.common.exceptions.TimeoutException: Message: Can't find element by locator ('xpath', '//div[@class=\"__51e19\"]')\nStacktrace:\n#0 0x55d72e6bd4ca <unknown>\n#1 0x55d72e10be4b <unknown>\n#2 0x55d72e15e814 <unknown>\n#3 0x55d72e15ea51 <unknown>\n#4 0x55d72e1ada44 <unknown>\n#5 0x55d72e1aadf7 <unknown>\n#6 0x55d72e150c2a <unknown>\n#7 0x55d72e151931 <unknown>\n#8 0x55d72e683cf9 <unknown>\n#9 0x55d72e686cdc <unknown>\n#10 0x55d72e66cf79 <unknown>\n#11 0x55d72e6878b5 <unknown>\n#12 0x55d72e6549c3 <unknown>\n#13 0x55d72e6aa228 <unknown>\n#14 0x55d72e6aa403 <unknown>\n#15 0x55d72e6bc463 <unknown>\n#16 0x7f303469caa4 <unknown>\n#17 0x7f3034729c6c <unknown>","time":{"start":1765132021735,"stop":1765132031981,"duration":10246}},{"uid":"f3b9b64a8b984cd6","reportUrl":"https://Brain-up.github.io/auto-tests-python/768/#testresult/f3b9b64a8b984cd6","status":"skipped","statusDetails":"XFAIL\n\nselenium.common.exceptions.TimeoutException: Message: Can't find element by locator ('xpath', '//div[@class=\"__51e19\"]')\nStacktrace:\n#0 0x55cb931fc4ca <unknown>\n#1 0x55cb92c4ae4b <unknown>\n#2 0x55cb92c9d814 <unknown>\n#3 0x55cb92c9da51 <unknown>\n#4 0x55cb92ceca44 <unknown>\n#5 0x55cb92ce9df7 <unknown>\n#6 0x55cb92c8fc2a <unknown>\n#7 0x55cb92c90931 <unknown>\n#8 0x55cb931c2cf9 <unknown>\n#9 0x55cb931c5cdc <unknown>\n#10 0x55cb931abf79 <unknown>\n#11 0x55cb931c68b5 <unknown>\n#12 0x55cb931939c3 <unknown>\n#13 0x55cb931e9228 <unknown>\n#14 0x55cb931e9403 <unknown>\n#15 0x55cb931fb463 <unknown>\n#16 0x7f05fa89caa4 <unknown>\n#17 0x7f05fa929c6c <unknown>","time":{"start":1765023623793,"stop":1765023634050,"duration":10257}},{"uid":"626c96184d993c48","reportUrl":"https://Brain-up.github.io/auto-tests-python/767/#testresult/626c96184d993c48","status":"skipped","statusDetails":"XFAIL\n\nselenium.common.exceptions.TimeoutException: Message: Can't find element by locator ('xpath', '//div[@class=\"__51e19\"]')\nStacktrace:\n#0 0x558332a024ca <unknown>\n#1 0x558332450e4b <unknown>\n#2 0x5583324a3814 <unknown>\n#3 0x5583324a3a51 <unknown>\n#4 0x5583324f2a44 <unknown>\n#5 0x5583324efdf7 <unknown>\n#6 0x558332495c2a <unknown>\n#7 0x558332496931 <unknown>\n#8 0x5583329c8cf9 <unknown>\n#9 0x5583329cbcdc <unknown>\n#10 0x5583329b1f79 <unknown>\n#11 0x5583329cc8b5 <unknown>\n#12 0x5583329999c3 <unknown>\n#13 0x5583329ef228 <unknown>\n#14 0x5583329ef403 <unknown>\n#15 0x558332a01463 <unknown>\n#16 0x7f7ba729caa4 <unknown>\n#17 0x7f7ba7329c6c <unknown>","time":{"start":1764842803260,"stop":1764842813614,"duration":10354}},{"uid":"9302cdcaa542b43a","reportUrl":"https://Brain-up.github.io/auto-tests-python/766/#testresult/9302cdcaa542b43a","status":"skipped","statusDetails":"XFAIL\n\nselenium.common.exceptions.TimeoutException: Message: Can't find element by locator ('xpath', '//div[@class=\"__51e19\"]')\nStacktrace:\n#0 0x559a377204ca <unknown>\n#1 0x559a3716ee4b <unknown>\n#2 0x559a371c1814 <unknown>\n#3 0x559a371c1a51 <unknown>\n#4 0x559a37210a44 <unknown>\n#5 0x559a3720ddf7 <unknown>\n#6 0x559a371b3c2a <unknown>\n#7 0x559a371b4931 <unknown>\n#8 0x559a376e6cf9 <unknown>\n#9 0x559a376e9cdc <unknown>\n#10 0x559a376cff79 <unknown>\n#11 0x559a376ea8b5 <unknown>\n#12 0x559a376b79c3 <unknown>\n#13 0x559a3770d228 <unknown>\n#14 0x559a3770d403 <unknown>\n#15 0x559a3771f463 <unknown>\n#16 0x7f545609caa4 <unknown>\n#17 0x7f5456129c6c <unknown>","time":{"start":1764760340683,"stop":1764760350948,"duration":10265}},{"uid":"5c1d9512730a6baa","reportUrl":"https://Brain-up.github.io/auto-tests-python/765/#testresult/5c1d9512730a6baa","status":"skipped","statusDetails":"XFAIL\n\nselenium.common.exceptions.TimeoutException: Message: Can't find element by locator ('xpath', '//div[@class=\"__51e19\"]')\nStacktrace:\n#0 0x563e0198432a <unknown>\n#1 0x563e013d0e4b <unknown>\n#2 0x563e0142382b <unknown>\n#3 0x563e01423a61 <unknown>\n#4 0x563e01472a44 <unknown>\n#5 0x563e0146fdf7 <unknown>\n#6 0x563e01415c1a <unknown>\n#7 0x563e01416921 <unknown>\n#8 0x563e0194b239 <unknown>\n#9 0x563e0194e1e8 <unknown>\n#10 0x563e019344c9 <unknown>\n#11 0x563e0194edb5 <unknown>\n#12 0x563e0191be93 <unknown>\n#13 0x563e01971098 <unknown>\n#14 0x563e01971273 <unknown>\n#15 0x563e019832c3 <unknown>\n#16 0x7f8b2d69caa4 <unknown>\n#17 0x7f8b2d729c6c <unknown>","time":{"start":1764674812290,"stop":1764674822615,"duration":10325}},{"uid":"1a8b2ef165bf3c8f","reportUrl":"https://Brain-up.github.io/auto-tests-python/764/#testresult/1a8b2ef165bf3c8f","status":"skipped","statusDetails":"XFAIL\n\nselenium.common.exceptions.TimeoutException: Message: Can't find element by locator ('xpath', '//div[@class=\"__51e19\"]')\nStacktrace:\n#0 0x55676b2dc32a <unknown>\n#1 0x55676ad28e4b <unknown>\n#2 0x55676ad7b82b <unknown>\n#3 0x55676ad7ba61 <unknown>\n#4 0x55676adcaa44 <unknown>\n#5 0x55676adc7df7 <unknown>\n#6 0x55676ad6dc1a <unknown>\n#7 0x55676ad6e921 <unknown>\n#8 0x55676b2a3239 <unknown>\n#9 0x55676b2a61e8 <unknown>\n#10 0x55676b28c4c9 <unknown>\n#11 0x55676b2a6db5 <unknown>\n#12 0x55676b273e93 <unknown>\n#13 0x55676b2c9098 <unknown>\n#14 0x55676b2c9273 <unknown>\n#15 0x55676b2db2c3 <unknown>\n#16 0x7fb37bc9caa4 <unknown>\n#17 0x7fb37bd29c6c <unknown>","time":{"start":1764588678511,"stop":1764588688771,"duration":10260}},{"uid":"ea87dd4b8f33a431","reportUrl":"https://Brain-up.github.io/auto-tests-python/763/#testresult/ea87dd4b8f33a431","status":"skipped","statusDetails":"XFAIL\n\nselenium.common.exceptions.TimeoutException: Message: Can't find element by locator ('xpath', '//div[@class=\"__51e19\"]')\nStacktrace:\n#0 0x556e06ab232a <unknown>\n#1 0x556e064fee4b <unknown>\n#2 0x556e0655182b <unknown>\n#3 0x556e06551a61 <unknown>\n#4 0x556e065a0a44 <unknown>\n#5 0x556e0659ddf7 <unknown>\n#6 0x556e06543c1a <unknown>\n#7 0x556e06544921 <unknown>\n#8 0x556e06a79239 <unknown>\n#9 0x556e06a7c1e8 <unknown>\n#10 0x556e06a624c9 <unknown>\n#11 0x556e06a7cdb5 <unknown>\n#12 0x556e06a49e93 <unknown>\n#13 0x556e06a9f098 <unknown>\n#14 0x556e06a9f273 <unknown>\n#15 0x556e06ab12c3 <unknown>\n#16 0x7fd15fa9caa4 <unknown>\n#17 0x7fd15fb29c6c <unknown>","time":{"start":1764490315262,"stop":1764490325532,"duration":10270}},{"uid":"9e84eaf8279d818f","reportUrl":"https://Brain-up.github.io/auto-tests-python/762/#testresult/9e84eaf8279d818f","status":"skipped","statusDetails":"XFAIL\n\nselenium.common.exceptions.TimeoutException: Message: Can't find element by locator ('xpath', '//div[@class=\"__51e19\"]')\nStacktrace:\n#0 0x555f7c9f632a <unknown>\n#1 0x555f7c442e4b <unknown>\n#2 0x555f7c49582b <unknown>\n#3 0x555f7c495a61 <unknown>\n#4 0x555f7c4e4a44 <unknown>\n#5 0x555f7c4e1df7 <unknown>\n#6 0x555f7c487c1a <unknown>\n#7 0x555f7c488921 <unknown>\n#8 0x555f7c9bd239 <unknown>\n#9 0x555f7c9c01e8 <unknown>\n#10 0x555f7c9a64c9 <unknown>\n#11 0x555f7c9c0db5 <unknown>\n#12 0x555f7c98de93 <unknown>\n#13 0x555f7c9e3098 <unknown>\n#14 0x555f7c9e3273 <unknown>\n#15 0x555f7c9f52c3 <unknown>\n#16 0x7f066849caa4 <unknown>\n#17 0x7f0668529c6c <unknown>","time":{"start":1764423019050,"stop":1764423029403,"duration":10353}},{"uid":"6101b4094bdbc3b6","reportUrl":"https://Brain-up.github.io/auto-tests-python/761/#testresult/6101b4094bdbc3b6","status":"skipped","statusDetails":"XFAIL\n\nselenium.common.exceptions.StaleElementReferenceException: Message: stale element reference: stale element not found in the current frame\n  (Session info: chrome=142.0.7444.162); For documentation on this error, please visit: https://www.selenium.dev/documentation/webdriver/troubleshooting/errors#stale-element-reference-exception\nStacktrace:\n#0 0x5600bd11232a <unknown>\n#1 0x5600bcb5ee4b <unknown>\n#2 0x5600bcb65d06 <unknown>\n#3 0x5600bcb68483 <unknown>\n#4 0x5600bcb68553 <unknown>\n#5 0x5600bcbabd7d <unknown>\n#6 0x5600bcba54d7 <unknown>\n#7 0x5600bcbfddf7 <unknown>\n#8 0x5600bcba3c1a <unknown>\n#9 0x5600bcba4921 <unknown>\n#10 0x5600bd0d9239 <unknown>\n#11 0x5600bd0dc1e8 <unknown>\n#12 0x5600bd0c24c9 <unknown>\n#13 0x5600bd0dcdb5 <unknown>\n#14 0x5600bd0a9e93 <unknown>\n#15 0x5600bd0ff098 <unknown>\n#16 0x5600bd0ff273 <unknown>\n#17 0x5600bd1112c3 <unknown>\n#18 0x7ff75ca9caa4 <unknown>\n#19 0x7ff75cb29c6c <unknown>","time":{"start":1764329600536,"stop":1764329602404,"duration":1868}},{"uid":"477a734b9acbdf0","reportUrl":"https://Brain-up.github.io/auto-tests-python/760/#testresult/477a734b9acbdf0","status":"skipped","statusDetails":"XFAIL\n\nselenium.common.exceptions.TimeoutException: Message: Can't find element by locator ('xpath', '//div[@class=\"__51e19\"]')\nStacktrace:\n#0 0x564af1ea932a <unknown>\n#1 0x564af18f5e4b <unknown>\n#2 0x564af194882b <unknown>\n#3 0x564af1948a61 <unknown>\n#4 0x564af1997a44 <unknown>\n#5 0x564af1994df7 <unknown>\n#6 0x564af193ac1a <unknown>\n#7 0x564af193b921 <unknown>\n#8 0x564af1e70239 <unknown>\n#9 0x564af1e731e8 <unknown>\n#10 0x564af1e594c9 <unknown>\n#11 0x564af1e73db5 <unknown>\n#12 0x564af1e40e93 <unknown>\n#13 0x564af1e96098 <unknown>\n#14 0x564af1e96273 <unknown>\n#15 0x564af1ea82c3 <unknown>\n#16 0x7f9b5909caa4 <unknown>\n#17 0x7f9b59129c6c <unknown>","time":{"start":1764258305429,"stop":1764258315675,"duration":10246}},{"uid":"f2aab12793a3de20","reportUrl":"https://Brain-up.github.io/auto-tests-python/759/#testresult/f2aab12793a3de20","status":"passed","statusDetails":"XPASS","time":{"start":1764069927176,"stop":1764069928573,"duration":1397}},{"uid":"9f0ad2a019311d13","reportUrl":"https://Brain-up.github.io/auto-tests-python/758/#testresult/9f0ad2a019311d13","status":"skipped","statusDetails":"XFAIL\n\nselenium.common.exceptions.TimeoutException: Message: Can't find element by locator ('xpath', '//div[@class=\"__51e19\"]')\nStacktrace:\n#0 0x55b22d14a32a <unknown>\n#1 0x55b22cb96e4b <unknown>\n#2 0x55b22cbe982b <unknown>\n#3 0x55b22cbe9a61 <unknown>\n#4 0x55b22cc38a44 <unknown>\n#5 0x55b22cc35df7 <unknown>\n#6 0x55b22cbdbc1a <unknown>\n#7 0x55b22cbdc921 <unknown>\n#8 0x55b22d111239 <unknown>\n#9 0x55b22d1141e8 <unknown>\n#10 0x55b22d0fa4c9 <unknown>\n#11 0x55b22d114db5 <unknown>\n#12 0x55b22d0e1e93 <unknown>\n#13 0x55b22d137098 <unknown>\n#14 0x55b22d137273 <unknown>\n#15 0x55b22d1492c3 <unknown>\n#16 0x7fa8cf89caa4 <unknown>\n#17 0x7fa8cf929c6c <unknown>","time":{"start":1764011747488,"stop":1764011757812,"duration":10324}},{"uid":"b6e544b80c68d621","reportUrl":"https://Brain-up.github.io/auto-tests-python/757/#testresult/b6e544b80c68d621","status":"skipped","statusDetails":"XFAIL\n\nselenium.common.exceptions.TimeoutException: Message: Can't find element by locator ('xpath', '//div[@class=\"__51e19\"]')\nStacktrace:\n#0 0x55c60d84a32a <unknown>\n#1 0x55c60d296e4b <unknown>\n#2 0x55c60d2e982b <unknown>\n#3 0x55c60d2e9a61 <unknown>\n#4 0x55c60d338a44 <unknown>\n#5 0x55c60d335df7 <unknown>\n#6 0x55c60d2dbc1a <unknown>\n#7 0x55c60d2dc921 <unknown>\n#8 0x55c60d811239 <unknown>\n#9 0x55c60d8141e8 <unknown>\n#10 0x55c60d7fa4c9 <unknown>\n#11 0x55c60d814db5 <unknown>\n#12 0x55c60d7e1e93 <unknown>\n#13 0x55c60d837098 <unknown>\n#14 0x55c60d837273 <unknown>\n#15 0x55c60d8492c3 <unknown>\n#16 0x7f645ae9caa4 <unknown>\n#17 0x7f645af29c6c <unknown>","time":{"start":1763904323472,"stop":1763904333687,"duration":10215}}]},"tags":["@pytest.mark.xfail"]},"source":"d75feaf285c12845.json","parameterValues":[]}