{"uid":"e7064969e16d82de","name":"Solutions to a random task in the \"Слова Королёвой\" .","fullName":"tests.test_speech_exercises_ru.TestCardsRU#test_solve_koroleva_cards_ru","historyId":"c9fe4fbd9394e2fb5a6898be66ba433b","time":{"start":1766052503116,"stop":1766052513431,"duration":10315},"status":"skipped","statusMessage":"XFAIL\n\nselenium.common.exceptions.TimeoutException: Message: Can't find element by locator ('xpath', '//a[text()=\"Упражнения\"]')\nStacktrace:\n#0 0x558fcbc5b19a <unknown>\n#1 0x558fcb6d8c4b <unknown>\n#2 0x558fcb72a318 <unknown>\n#3 0x558fcb72a551 <unknown>\n#4 0x558fcb778764 <unknown>\n#5 0x558fcb775bee <unknown>\n#6 0x558fcb71cc42 <unknown>\n#7 0x558fcb71d8f1 <unknown>\n#8 0x558fcbc23f39 <unknown>\n#9 0x558fcbc26e7d <unknown>\n#10 0x558fcbc0cc81 <unknown>\n#11 0x558fcbc27a5b <unknown>\n#12 0x558fcbbf3a50 <unknown>\n#13 0x558fcbc48aa8 <unknown>\n#14 0x558fcbc48c79 <unknown>\n#15 0x558fcbc5a4f3 <unknown>\n#16 0x7f033569caa4 <unknown>\n#17 0x7f0335729c6c <unknown>","statusTrace":"self = <tests.test_speech_exercises_ru.TestCardsRU object at 0x7fa0a9dbf380>\ndriver = <selenium.webdriver.chrome.webdriver.WebDriver (session=\"4d1752c62c8f0c32dc651d9ab37d6f82\")>\ndefault_user_authorized = None\n\n    @pytest.mark.xfail\n    @allure.suite(\"Речевые упражнения.\")\n    @allure.title('Solutions to a random task in the \"Слова Королёвой\" .')\n    def test_solve_koroleva_cards_ru(self, driver, default_user_authorized):\n        page = SpeechExercisesPageRU(driver)\n>       page.click_button_exercises()\n\ntests/test_speech_exercises_ru.py:144: \n_ _ _ _ _ _ _ _ _ _ _ _ _ _ _ _ _ _ _ _ _ _ _ _ _ _ _ _ _ _ _ _ _ _ _ _ _ _ _ _ \npages/speech_exercises_page_ru.py:199: in click_button_exercises\n    button = self.element_is_present_and_clickable(self.locators.AuthorizedUserHomePageLocators.BUTTON_EXERCISES_RU)\npages/base_page.py:40: in element_is_present_and_clickable\n    return (Wait(self.driver, self.timeout).until(\n_ _ _ _ _ _ _ _ _ _ _ _ _ _ _ _ _ _ _ _ _ _ _ _ _ _ _ _ _ _ _ _ _ _ _ _ _ _ _ _ \n\nself = <selenium.webdriver.support.wait.WebDriverWait (session=\"4d1752c62c8f0c32dc651d9ab37d6f82\")>\nmethod = <function visibility_of_element_located.<locals>._predicate at 0x7fa0a9c651c0>\nmessage = 'Can\\'t find element by locator (\\'xpath\\', \\'//a[text()=\"Упражнения\"]\\')'\n\n    def until(self, method, message: str = \"\"):\n        \"\"\"Calls the method provided with the driver as an argument until the \\\n        return value does not evaluate to ``False``.\n    \n        :param method: callable(WebDriver)\n        :param message: optional message for :exc:`TimeoutException`\n        :returns: the result of the last call to `method`\n        :raises: :exc:`selenium.common.exceptions.TimeoutException` if timeout occurs\n        \"\"\"\n        screen = None\n        stacktrace = None\n    \n        end_time = time.monotonic() + self._timeout\n        while True:\n            try:\n                value = method(self._driver)\n                if value:\n                    return value\n            except self._ignored_exceptions as exc:\n                screen = getattr(exc, \"screen\", None)\n                stacktrace = getattr(exc, \"stacktrace\", None)\n            time.sleep(self._poll)\n            if time.monotonic() > end_time:\n                break\n>       raise TimeoutException(message, screen, stacktrace)\nE       selenium.common.exceptions.TimeoutException: Message: Can't find element by locator ('xpath', '//a[text()=\"Упражнения\"]')\nE       Stacktrace:\nE       #0 0x558fcbc5b19a <unknown>\nE       #1 0x558fcb6d8c4b <unknown>\nE       #2 0x558fcb72a318 <unknown>\nE       #3 0x558fcb72a551 <unknown>\nE       #4 0x558fcb778764 <unknown>\nE       #5 0x558fcb775bee <unknown>\nE       #6 0x558fcb71cc42 <unknown>\nE       #7 0x558fcb71d8f1 <unknown>\nE       #8 0x558fcbc23f39 <unknown>\nE       #9 0x558fcbc26e7d <unknown>\nE       #10 0x558fcbc0cc81 <unknown>\nE       #11 0x558fcbc27a5b <unknown>\nE       #12 0x558fcbbf3a50 <unknown>\nE       #13 0x558fcbc48aa8 <unknown>\nE       #14 0x558fcbc48c79 <unknown>\nE       #15 0x558fcbc5a4f3 <unknown>\nE       #16 0x7f033569caa4 <unknown>\nE       #17 0x7f0335729c6c <unknown>\n\n/opt/hostedtoolcache/Python/3.12.12/x64/lib/python3.12/site-packages/selenium/webdriver/support/wait.py:95: TimeoutException","flaky":false,"newFailed":false,"newBroken":false,"newPassed":false,"retriesCount":0,"retriesStatusChange":false,"beforeStages":[{"name":"clear_allure_results_folder","time":{"start":1766051052312,"stop":1766051052313,"duration":1},"status":"passed","steps":[],"attachments":[],"parameters":[],"stepsCount":0,"shouldDisplayMessage":false,"attachmentsCount":0,"hasContent":false,"attachmentStep":false},{"name":"driver","time":{"start":1766052496378,"stop":1766052497145,"duration":767},"status":"passed","steps":[],"attachments":[],"parameters":[],"stepsCount":0,"shouldDisplayMessage":false,"attachmentsCount":0,"hasContent":false,"attachmentStep":false},{"name":"main_page_open","time":{"start":1766052497145,"stop":1766052500705,"duration":3560},"status":"passed","steps":[{"name":"Open page: https://www.brainup.site/","time":{"start":1766052497146,"stop":1766052500705,"duration":3559},"status":"passed","steps":[],"attachments":[],"parameters":[{"name":"driver","value":"<selenium.webdriver.chrome.webdriver.WebDriver (session=\"4d1752c62c8f0c32dc651d9ab37d6f82\")>"}],"stepsCount":0,"shouldDisplayMessage":false,"attachmentsCount":0,"hasContent":true,"attachmentStep":false}],"attachments":[],"parameters":[],"stepsCount":1,"shouldDisplayMessage":false,"attachmentsCount":0,"hasContent":true,"attachmentStep":false},{"name":"default_user_authorized","time":{"start":1766052500705,"stop":1766052503116,"duration":2411},"status":"passed","steps":[{"name":"DEFAULT user authorized","time":{"start":1766052500705,"stop":1766052503116,"duration":2411},"status":"passed","steps":[{"name":"Check url is present: https://www.brainup.site/groups","time":{"start":1766052501072,"stop":1766052503093,"duration":2021},"status":"passed","steps":[],"attachments":[],"parameters":[],"stepsCount":0,"shouldDisplayMessage":false,"attachmentsCount":0,"hasContent":false,"attachmentStep":false},{"name":"Loader checking","time":{"start":1766052503093,"stop":1766052503116,"duration":23},"status":"passed","steps":[],"attachments":[],"parameters":[],"stepsCount":0,"shouldDisplayMessage":false,"attachmentsCount":0,"hasContent":false,"attachmentStep":false}],"attachments":[],"parameters":[{"name":"driver","value":"<selenium.webdriver.chrome.webdriver.WebDriver (session=\"4d1752c62c8f0c32dc651d9ab37d6f82\")>"},{"name":"main_page_open","value":"None"}],"stepsCount":2,"shouldDisplayMessage":false,"attachmentsCount":0,"hasContent":true,"attachmentStep":false}],"attachments":[],"parameters":[],"stepsCount":3,"shouldDisplayMessage":false,"attachmentsCount":0,"hasContent":true,"attachmentStep":false}],"testStage":{"status":"skipped","statusMessage":"XFAIL\n\nselenium.common.exceptions.TimeoutException: Message: Can't find element by locator ('xpath', '//a[text()=\"Упражнения\"]')\nStacktrace:\n#0 0x558fcbc5b19a <unknown>\n#1 0x558fcb6d8c4b <unknown>\n#2 0x558fcb72a318 <unknown>\n#3 0x558fcb72a551 <unknown>\n#4 0x558fcb778764 <unknown>\n#5 0x558fcb775bee <unknown>\n#6 0x558fcb71cc42 <unknown>\n#7 0x558fcb71d8f1 <unknown>\n#8 0x558fcbc23f39 <unknown>\n#9 0x558fcbc26e7d <unknown>\n#10 0x558fcbc0cc81 <unknown>\n#11 0x558fcbc27a5b <unknown>\n#12 0x558fcbbf3a50 <unknown>\n#13 0x558fcbc48aa8 <unknown>\n#14 0x558fcbc48c79 <unknown>\n#15 0x558fcbc5a4f3 <unknown>\n#16 0x7f033569caa4 <unknown>\n#17 0x7f0335729c6c <unknown>","statusTrace":"self = <tests.test_speech_exercises_ru.TestCardsRU object at 0x7fa0a9dbf380>\ndriver = <selenium.webdriver.chrome.webdriver.WebDriver (session=\"4d1752c62c8f0c32dc651d9ab37d6f82\")>\ndefault_user_authorized = None\n\n    @pytest.mark.xfail\n    @allure.suite(\"Речевые упражнения.\")\n    @allure.title('Solutions to a random task in the \"Слова Королёвой\" .')\n    def test_solve_koroleva_cards_ru(self, driver, default_user_authorized):\n        page = SpeechExercisesPageRU(driver)\n>       page.click_button_exercises()\n\ntests/test_speech_exercises_ru.py:144: \n_ _ _ _ _ _ _ _ _ _ _ _ _ _ _ _ _ _ _ _ _ _ _ _ _ _ _ _ _ _ _ _ _ _ _ _ _ _ _ _ \npages/speech_exercises_page_ru.py:199: in click_button_exercises\n    button = self.element_is_present_and_clickable(self.locators.AuthorizedUserHomePageLocators.BUTTON_EXERCISES_RU)\npages/base_page.py:40: in element_is_present_and_clickable\n    return (Wait(self.driver, self.timeout).until(\n_ _ _ _ _ _ _ _ _ _ _ _ _ _ _ _ _ _ _ _ _ _ _ _ _ _ _ _ _ _ _ _ _ _ _ _ _ _ _ _ \n\nself = <selenium.webdriver.support.wait.WebDriverWait (session=\"4d1752c62c8f0c32dc651d9ab37d6f82\")>\nmethod = <function visibility_of_element_located.<locals>._predicate at 0x7fa0a9c651c0>\nmessage = 'Can\\'t find element by locator (\\'xpath\\', \\'//a[text()=\"Упражнения\"]\\')'\n\n    def until(self, method, message: str = \"\"):\n        \"\"\"Calls the method provided with the driver as an argument until the \\\n        return value does not evaluate to ``False``.\n    \n        :param method: callable(WebDriver)\n        :param message: optional message for :exc:`TimeoutException`\n        :returns: the result of the last call to `method`\n        :raises: :exc:`selenium.common.exceptions.TimeoutException` if timeout occurs\n        \"\"\"\n        screen = None\n        stacktrace = None\n    \n        end_time = time.monotonic() + self._timeout\n        while True:\n            try:\n                value = method(self._driver)\n                if value:\n                    return value\n            except self._ignored_exceptions as exc:\n                screen = getattr(exc, \"screen\", None)\n                stacktrace = getattr(exc, \"stacktrace\", None)\n            time.sleep(self._poll)\n            if time.monotonic() > end_time:\n                break\n>       raise TimeoutException(message, screen, stacktrace)\nE       selenium.common.exceptions.TimeoutException: Message: Can't find element by locator ('xpath', '//a[text()=\"Упражнения\"]')\nE       Stacktrace:\nE       #0 0x558fcbc5b19a <unknown>\nE       #1 0x558fcb6d8c4b <unknown>\nE       #2 0x558fcb72a318 <unknown>\nE       #3 0x558fcb72a551 <unknown>\nE       #4 0x558fcb778764 <unknown>\nE       #5 0x558fcb775bee <unknown>\nE       #6 0x558fcb71cc42 <unknown>\nE       #7 0x558fcb71d8f1 <unknown>\nE       #8 0x558fcbc23f39 <unknown>\nE       #9 0x558fcbc26e7d <unknown>\nE       #10 0x558fcbc0cc81 <unknown>\nE       #11 0x558fcbc27a5b <unknown>\nE       #12 0x558fcbbf3a50 <unknown>\nE       #13 0x558fcbc48aa8 <unknown>\nE       #14 0x558fcbc48c79 <unknown>\nE       #15 0x558fcbc5a4f3 <unknown>\nE       #16 0x7f033569caa4 <unknown>\nE       #17 0x7f0335729c6c <unknown>\n\n/opt/hostedtoolcache/Python/3.12.12/x64/lib/python3.12/site-packages/selenium/webdriver/support/wait.py:95: TimeoutException","steps":[{"name":"Click button \"Упражнения\".","time":{"start":1766052503116,"stop":1766052513430,"duration":10314},"status":"broken","statusMessage":"selenium.common.exceptions.TimeoutException: Message: Can't find element by locator ('xpath', '//a[text()=\"Упражнения\"]')\nStacktrace:\n#0 0x558fcbc5b19a <unknown>\n#1 0x558fcb6d8c4b <unknown>\n#2 0x558fcb72a318 <unknown>\n#3 0x558fcb72a551 <unknown>\n#4 0x558fcb778764 <unknown>\n#5 0x558fcb775bee <unknown>\n#6 0x558fcb71cc42 <unknown>\n#7 0x558fcb71d8f1 <unknown>\n#8 0x558fcbc23f39 <unknown>\n#9 0x558fcbc26e7d <unknown>\n#10 0x558fcbc0cc81 <unknown>\n#11 0x558fcbc27a5b <unknown>\n#12 0x558fcbbf3a50 <unknown>\n#13 0x558fcbc48aa8 <unknown>\n#14 0x558fcbc48c79 <unknown>\n#15 0x558fcbc5a4f3 <unknown>\n#16 0x7f033569caa4 <unknown>\n#17 0x7f0335729c6c <unknown>\n\n","statusTrace":"  File \"/opt/hostedtoolcache/Python/3.12.12/x64/lib/python3.12/site-packages/allure_commons/_allure.py\", line 192, in impl\n    return func(*a, **kw)\n           ^^^^^^^^^^^^^^\n  File \"/home/runner/work/auto-tests-python/auto-tests-python/pages/speech_exercises_page_ru.py\", line 199, in click_button_exercises\n    button = self.element_is_present_and_clickable(self.locators.AuthorizedUserHomePageLocators.BUTTON_EXERCISES_RU)\n             ^^^^^^^^^^^^^^^^^^^^^^^^^^^^^^^^^^^^^^^^^^^^^^^^^^^^^^^^^^^^^^^^^^^^^^^^^^^^^^^^^^^^^^^^^^^^^^^^^^^^^^^\n  File \"/home/runner/work/auto-tests-python/auto-tests-python/pages/base_page.py\", line 40, in element_is_present_and_clickable\n    return (Wait(self.driver, self.timeout).until(\n            ^^^^^^^^^^^^^^^^^^^^^^^^^^^^^^^^^^^^^^\n  File \"/opt/hostedtoolcache/Python/3.12.12/x64/lib/python3.12/site-packages/selenium/webdriver/support/wait.py\", line 95, in until\n    raise TimeoutException(message, screen, stacktrace)\n","steps":[{"name":"Click button \"RU\".","time":{"start":1766052503116,"stop":1766052503188,"duration":72},"status":"passed","steps":[],"attachments":[],"parameters":[],"stepsCount":0,"shouldDisplayMessage":false,"attachmentsCount":0,"hasContent":false,"attachmentStep":false}],"attachments":[],"parameters":[],"stepsCount":1,"shouldDisplayMessage":true,"attachmentsCount":0,"hasContent":true,"attachmentStep":false}],"attachments":[],"parameters":[],"stepsCount":2,"shouldDisplayMessage":true,"attachmentsCount":0,"hasContent":true,"attachmentStep":false},"afterStages":[{"name":"driver::0","time":{"start":1766052513445,"stop":1766052513515,"duration":70},"status":"passed","steps":[],"attachments":[],"parameters":[],"stepsCount":0,"shouldDisplayMessage":false,"attachmentsCount":0,"hasContent":false,"attachmentStep":false}],"labels":[{"name":"epic","value":"Speech exercises."},{"name":"suite","value":"Речевые упражнения."},{"name":"tag","value":"@pytest.mark.xfail"},{"name":"parentSuite","value":"tests"},{"name":"subSuite","value":"TestCardsRU"},{"name":"host","value":"runnervmh13bl"},{"name":"thread","value":"2607-MainThread"},{"name":"framework","value":"pytest"},{"name":"language","value":"cpython3"},{"name":"package","value":"tests.test_speech_exercises_ru"},{"name":"resultFormat","value":"allure2"}],"parameters":[],"links":[],"hidden":false,"retry":false,"extra":{"severity":"normal","retries":[],"categories":[],"history":{"statistic":{"failed":0,"broken":0,"skipped":35,"passed":8,"unknown":0,"total":43},"items":[{"uid":"b9f13a63a7f9184d","reportUrl":"https://Brain-up.github.io/auto-tests-python/776/#testresult/b9f13a63a7f9184d","status":"skipped","statusDetails":"XFAIL\n\nselenium.common.exceptions.TimeoutException: Message: Can't find element by locator ('xpath', '//a[text()=\"Упражнения\"]')\nStacktrace:\n#0 0x5585b7d1616a <unknown>\n#1 0x5585b7793c4b <unknown>\n#2 0x5585b77e5318 <unknown>\n#3 0x5585b77e5551 <unknown>\n#4 0x5585b7833764 <unknown>\n#5 0x5585b7830bee <unknown>\n#6 0x5585b77d7c42 <unknown>\n#7 0x5585b77d88f1 <unknown>\n#8 0x5585b7cdef09 <unknown>\n#9 0x5585b7ce1e4d <unknown>\n#10 0x5585b7cc7c51 <unknown>\n#11 0x5585b7ce2a2b <unknown>\n#12 0x5585b7caea20 <unknown>\n#13 0x5585b7d03a78 <unknown>\n#14 0x5585b7d03c49 <unknown>\n#15 0x5585b7d154c3 <unknown>\n#16 0x7f92b469caa4 <unknown>\n#17 0x7f92b4729c6c <unknown>","time":{"start":1765970378027,"stop":1765970388340,"duration":10313}},{"uid":"d1221976ea214d50","reportUrl":"https://Brain-up.github.io/auto-tests-python/775/#testresult/d1221976ea214d50","status":"passed","statusDetails":"XPASS","time":{"start":1765883580998,"stop":1765883604591,"duration":23593}},{"uid":"9b65db250f0b7700","reportUrl":"https://Brain-up.github.io/auto-tests-python/774/#testresult/9b65db250f0b7700","status":"passed","statusDetails":"XPASS","time":{"start":1765800445210,"stop":1765800468511,"duration":23301}},{"uid":"e87c1a09016289fb","reportUrl":"https://Brain-up.github.io/auto-tests-python/773/#testresult/e87c1a09016289fb","status":"skipped","statusDetails":"XFAIL\n\nselenium.common.exceptions.TimeoutException: Message: Can't find element by locator ('xpath', '//a[text()=\"Упражнения\"]')\nStacktrace:\n#0 0x55e9ec4de16a <unknown>\n#1 0x55e9ebf5bc4b <unknown>\n#2 0x55e9ebfad318 <unknown>\n#3 0x55e9ebfad551 <unknown>\n#4 0x55e9ebffb764 <unknown>\n#5 0x55e9ebff8bee <unknown>\n#6 0x55e9ebf9fc42 <unknown>\n#7 0x55e9ebfa08f1 <unknown>\n#8 0x55e9ec4a6f09 <unknown>\n#9 0x55e9ec4a9e4d <unknown>\n#10 0x55e9ec48fc51 <unknown>\n#11 0x55e9ec4aaa2b <unknown>\n#12 0x55e9ec476a20 <unknown>\n#13 0x55e9ec4cba78 <unknown>\n#14 0x55e9ec4cbc49 <unknown>\n#15 0x55e9ec4dd4c3 <unknown>\n#16 0x7f19d029caa4 <unknown>\n#17 0x7f19d0329c6c <unknown>","time":{"start":1765737476002,"stop":1765737486344,"duration":10342}},{"uid":"dc6e1fede79c2fdb","reportUrl":"https://Brain-up.github.io/auto-tests-python/772/#testresult/dc6e1fede79c2fdb","status":"skipped","statusDetails":"XFAIL\n\nselenium.common.exceptions.TimeoutException: Message: Can't find element by locator ('xpath', '//a[text()=\"Упражнения\"]')\nStacktrace:\n#0 0x55b3110b516a <unknown>\n#1 0x55b310b32c4b <unknown>\n#2 0x55b310b84318 <unknown>\n#3 0x55b310b84551 <unknown>\n#4 0x55b310bd2764 <unknown>\n#5 0x55b310bcfbee <unknown>\n#6 0x55b310b76c42 <unknown>\n#7 0x55b310b778f1 <unknown>\n#8 0x55b31107df09 <unknown>\n#9 0x55b311080e4d <unknown>\n#10 0x55b311066c51 <unknown>\n#11 0x55b311081a2b <unknown>\n#12 0x55b31104da20 <unknown>\n#13 0x55b3110a2a78 <unknown>\n#14 0x55b3110a2c49 <unknown>\n#15 0x55b3110b44c3 <unknown>\n#16 0x7f075c69caa4 <unknown>\n#17 0x7f075c729c6c <unknown>","time":{"start":1765627007739,"stop":1765627018055,"duration":10316}},{"uid":"9146f83db4310574","reportUrl":"https://Brain-up.github.io/auto-tests-python/771/#testresult/9146f83db4310574","status":"skipped","statusDetails":"XFAIL\n\nselenium.common.exceptions.TimeoutException: Message: Can't find element by locator ('xpath', '//a[text()=\"Упражнения\"]')\nStacktrace:\n#0 0x5599ecb7416a <unknown>\n#1 0x5599ec5f1c4b <unknown>\n#2 0x5599ec643318 <unknown>\n#3 0x5599ec643551 <unknown>\n#4 0x5599ec691764 <unknown>\n#5 0x5599ec68ebee <unknown>\n#6 0x5599ec635c42 <unknown>\n#7 0x5599ec6368f1 <unknown>\n#8 0x5599ecb3cf09 <unknown>\n#9 0x5599ecb3fe4d <unknown>\n#10 0x5599ecb25c51 <unknown>\n#11 0x5599ecb40a2b <unknown>\n#12 0x5599ecb0ca20 <unknown>\n#13 0x5599ecb61a78 <unknown>\n#14 0x5599ecb61c49 <unknown>\n#15 0x5599ecb734c3 <unknown>\n#16 0x7f997909caa4 <unknown>\n#17 0x7f9979129c6c <unknown>","time":{"start":1765530173743,"stop":1765530184062,"duration":10319}},{"uid":"67ee9caa04639ad5","reportUrl":"https://Brain-up.github.io/auto-tests-python/770/#testresult/67ee9caa04639ad5","status":"skipped","statusDetails":"XFAIL\n\nselenium.common.exceptions.TimeoutException: Message: Can't find element by locator ('xpath', '//a[text()=\"Упражнения\"]')\nStacktrace:\n#0 0x55deeff0e16a <unknown>\n#1 0x55deef98bc4b <unknown>\n#2 0x55deef9dd318 <unknown>\n#3 0x55deef9dd551 <unknown>\n#4 0x55deefa2b764 <unknown>\n#5 0x55deefa28bee <unknown>\n#6 0x55deef9cfc42 <unknown>\n#7 0x55deef9d08f1 <unknown>\n#8 0x55deefed6f09 <unknown>\n#9 0x55deefed9e4d <unknown>\n#10 0x55deefebfc51 <unknown>\n#11 0x55deefedaa2b <unknown>\n#12 0x55deefea6a20 <unknown>\n#13 0x55deefefba78 <unknown>\n#14 0x55deefefbc49 <unknown>\n#15 0x55deeff0d4c3 <unknown>\n#16 0x7f4a7109caa4 <unknown>\n#17 0x7f4a71129c6c <unknown>","time":{"start":1765429292548,"stop":1765429302839,"duration":10291}},{"uid":"6ea9c388ec2dc1b4","reportUrl":"https://Brain-up.github.io/auto-tests-python/769/#testresult/6ea9c388ec2dc1b4","status":"skipped","statusDetails":"XFAIL\n\nselenium.common.exceptions.TimeoutException: Message: Can't find element by locator ('xpath', '//a[text()=\"Упражнения\"]')\nStacktrace:\n#0 0x55b830ad04ca <unknown>\n#1 0x55b83051ee4b <unknown>\n#2 0x55b830571814 <unknown>\n#3 0x55b830571a51 <unknown>\n#4 0x55b8305c0a44 <unknown>\n#5 0x55b8305bddf7 <unknown>\n#6 0x55b830563c2a <unknown>\n#7 0x55b830564931 <unknown>\n#8 0x55b830a96cf9 <unknown>\n#9 0x55b830a99cdc <unknown>\n#10 0x55b830a7ff79 <unknown>\n#11 0x55b830a9a8b5 <unknown>\n#12 0x55b830a679c3 <unknown>\n#13 0x55b830abd228 <unknown>\n#14 0x55b830abd403 <unknown>\n#15 0x55b830acf463 <unknown>\n#16 0x7f9682e9caa4 <unknown>\n#17 0x7f9682f29c6c <unknown>","time":{"start":1765131986800,"stop":1765131997094,"duration":10294}},{"uid":"c275abfea04ca4d8","reportUrl":"https://Brain-up.github.io/auto-tests-python/768/#testresult/c275abfea04ca4d8","status":"skipped","statusDetails":"XFAIL\n\nselenium.common.exceptions.TimeoutException: Message: Can't find element by locator ('xpath', '//a[text()=\"Упражнения\"]')\nStacktrace:\n#0 0x561a387f04ca <unknown>\n#1 0x561a3823ee4b <unknown>\n#2 0x561a38291814 <unknown>\n#3 0x561a38291a51 <unknown>\n#4 0x561a382e0a44 <unknown>\n#5 0x561a382dddf7 <unknown>\n#6 0x561a38283c2a <unknown>\n#7 0x561a38284931 <unknown>\n#8 0x561a387b6cf9 <unknown>\n#9 0x561a387b9cdc <unknown>\n#10 0x561a3879ff79 <unknown>\n#11 0x561a387ba8b5 <unknown>\n#12 0x561a387879c3 <unknown>\n#13 0x561a387dd228 <unknown>\n#14 0x561a387dd403 <unknown>\n#15 0x561a387ef463 <unknown>\n#16 0x7f159709caa4 <unknown>\n#17 0x7f1597129c6c <unknown>","time":{"start":1765023588413,"stop":1765023598719,"duration":10306}},{"uid":"3cf297af3f0a6a6d","reportUrl":"https://Brain-up.github.io/auto-tests-python/767/#testresult/3cf297af3f0a6a6d","status":"skipped","statusDetails":"XFAIL\n\nselenium.common.exceptions.TimeoutException: Message: Can't find element by locator ('xpath', '//a[text()=\"Упражнения\"]')\nStacktrace:\n#0 0x55e4c38354ca <unknown>\n#1 0x55e4c3283e4b <unknown>\n#2 0x55e4c32d6814 <unknown>\n#3 0x55e4c32d6a51 <unknown>\n#4 0x55e4c3325a44 <unknown>\n#5 0x55e4c3322df7 <unknown>\n#6 0x55e4c32c8c2a <unknown>\n#7 0x55e4c32c9931 <unknown>\n#8 0x55e4c37fbcf9 <unknown>\n#9 0x55e4c37fecdc <unknown>\n#10 0x55e4c37e4f79 <unknown>\n#11 0x55e4c37ff8b5 <unknown>\n#12 0x55e4c37cc9c3 <unknown>\n#13 0x55e4c3822228 <unknown>\n#14 0x55e4c3822403 <unknown>\n#15 0x55e4c3834463 <unknown>\n#16 0x7fa5a529caa4 <unknown>\n#17 0x7fa5a5329c6c <unknown>","time":{"start":1764842770739,"stop":1764842781118,"duration":10379}},{"uid":"e72bc7a3c8d53b1f","reportUrl":"https://Brain-up.github.io/auto-tests-python/766/#testresult/e72bc7a3c8d53b1f","status":"skipped","statusDetails":"XFAIL\n\nselenium.common.exceptions.TimeoutException: Message: Can't find element by locator ('xpath', '//a[text()=\"Упражнения\"]')\nStacktrace:\n#0 0x55ca89b084ca <unknown>\n#1 0x55ca89556e4b <unknown>\n#2 0x55ca895a9814 <unknown>\n#3 0x55ca895a9a51 <unknown>\n#4 0x55ca895f8a44 <unknown>\n#5 0x55ca895f5df7 <unknown>\n#6 0x55ca8959bc2a <unknown>\n#7 0x55ca8959c931 <unknown>\n#8 0x55ca89acecf9 <unknown>\n#9 0x55ca89ad1cdc <unknown>\n#10 0x55ca89ab7f79 <unknown>\n#11 0x55ca89ad28b5 <unknown>\n#12 0x55ca89a9f9c3 <unknown>\n#13 0x55ca89af5228 <unknown>\n#14 0x55ca89af5403 <unknown>\n#15 0x55ca89b07463 <unknown>\n#16 0x7fca4e89caa4 <unknown>\n#17 0x7fca4e929c6c <unknown>","time":{"start":1764760307108,"stop":1764760317415,"duration":10307}},{"uid":"3138686ccb14cd7f","reportUrl":"https://Brain-up.github.io/auto-tests-python/765/#testresult/3138686ccb14cd7f","status":"skipped","statusDetails":"XFAIL\n\nselenium.common.exceptions.TimeoutException: Message: Can't find element by locator ('xpath', '//a[text()=\"Упражнения\"]')\nStacktrace:\n#0 0x55b53cc1332a <unknown>\n#1 0x55b53c65fe4b <unknown>\n#2 0x55b53c6b282b <unknown>\n#3 0x55b53c6b2a61 <unknown>\n#4 0x55b53c701a44 <unknown>\n#5 0x55b53c6fedf7 <unknown>\n#6 0x55b53c6a4c1a <unknown>\n#7 0x55b53c6a5921 <unknown>\n#8 0x55b53cbda239 <unknown>\n#9 0x55b53cbdd1e8 <unknown>\n#10 0x55b53cbc34c9 <unknown>\n#11 0x55b53cbdddb5 <unknown>\n#12 0x55b53cbaae93 <unknown>\n#13 0x55b53cc00098 <unknown>\n#14 0x55b53cc00273 <unknown>\n#15 0x55b53cc122c3 <unknown>\n#16 0x7fd43a89caa4 <unknown>\n#17 0x7fd43a929c6c <unknown>","time":{"start":1764674779663,"stop":1764674790046,"duration":10383}},{"uid":"c2254ed183ae80f9","reportUrl":"https://Brain-up.github.io/auto-tests-python/764/#testresult/c2254ed183ae80f9","status":"skipped","statusDetails":"XFAIL\n\nselenium.common.exceptions.TimeoutException: Message: Can't find element by locator ('xpath', '//a[text()=\"Упражнения\"]')\nStacktrace:\n#0 0x56407cb6e32a <unknown>\n#1 0x56407c5bae4b <unknown>\n#2 0x56407c60d82b <unknown>\n#3 0x56407c60da61 <unknown>\n#4 0x56407c65ca44 <unknown>\n#5 0x56407c659df7 <unknown>\n#6 0x56407c5ffc1a <unknown>\n#7 0x56407c600921 <unknown>\n#8 0x56407cb35239 <unknown>\n#9 0x56407cb381e8 <unknown>\n#10 0x56407cb1e4c9 <unknown>\n#11 0x56407cb38db5 <unknown>\n#12 0x56407cb05e93 <unknown>\n#13 0x56407cb5b098 <unknown>\n#14 0x56407cb5b273 <unknown>\n#15 0x56407cb6d2c3 <unknown>\n#16 0x7f8fc389caa4 <unknown>\n#17 0x7f8fc3929c6c <unknown>","time":{"start":1764588643797,"stop":1764588654074,"duration":10277}},{"uid":"6f133d8d0d3907c3","reportUrl":"https://Brain-up.github.io/auto-tests-python/763/#testresult/6f133d8d0d3907c3","status":"skipped","statusDetails":"XFAIL\n\nselenium.common.exceptions.TimeoutException: Message: Can't find element by locator ('xpath', '//a[text()=\"Упражнения\"]')\nStacktrace:\n#0 0x55bf6d45032a <unknown>\n#1 0x55bf6ce9ce4b <unknown>\n#2 0x55bf6ceef82b <unknown>\n#3 0x55bf6ceefa61 <unknown>\n#4 0x55bf6cf3ea44 <unknown>\n#5 0x55bf6cf3bdf7 <unknown>\n#6 0x55bf6cee1c1a <unknown>\n#7 0x55bf6cee2921 <unknown>\n#8 0x55bf6d417239 <unknown>\n#9 0x55bf6d41a1e8 <unknown>\n#10 0x55bf6d4004c9 <unknown>\n#11 0x55bf6d41adb5 <unknown>\n#12 0x55bf6d3e7e93 <unknown>\n#13 0x55bf6d43d098 <unknown>\n#14 0x55bf6d43d273 <unknown>\n#15 0x55bf6d44f2c3 <unknown>\n#16 0x7f738189caa4 <unknown>\n#17 0x7f7381929c6c <unknown>","time":{"start":1764490283107,"stop":1764490293473,"duration":10366}},{"uid":"fddbcfe959254a61","reportUrl":"https://Brain-up.github.io/auto-tests-python/762/#testresult/fddbcfe959254a61","status":"skipped","statusDetails":"XFAIL\n\nselenium.common.exceptions.TimeoutException: Message: Can't find element by locator ('xpath', '//a[text()=\"Упражнения\"]')\nStacktrace:\n#0 0x56547a4b932a <unknown>\n#1 0x565479f05e4b <unknown>\n#2 0x565479f5882b <unknown>\n#3 0x565479f58a61 <unknown>\n#4 0x565479fa7a44 <unknown>\n#5 0x565479fa4df7 <unknown>\n#6 0x565479f4ac1a <unknown>\n#7 0x565479f4b921 <unknown>\n#8 0x56547a480239 <unknown>\n#9 0x56547a4831e8 <unknown>\n#10 0x56547a4694c9 <unknown>\n#11 0x56547a483db5 <unknown>\n#12 0x56547a450e93 <unknown>\n#13 0x56547a4a6098 <unknown>\n#14 0x56547a4a6273 <unknown>\n#15 0x56547a4b82c3 <unknown>\n#16 0x7f9c2089caa4 <unknown>\n#17 0x7f9c20929c6c <unknown>","time":{"start":1764422986953,"stop":1764422997302,"duration":10349}},{"uid":"5b195160d7a6b3b8","reportUrl":"https://Brain-up.github.io/auto-tests-python/761/#testresult/5b195160d7a6b3b8","status":"passed","statusDetails":"XPASS","time":{"start":1764329454616,"stop":1764329578002,"duration":123386}},{"uid":"4389c831564a976a","reportUrl":"https://Brain-up.github.io/auto-tests-python/760/#testresult/4389c831564a976a","status":"skipped","statusDetails":"XFAIL\n\nselenium.common.exceptions.TimeoutException: Message: Can't find element by locator ('xpath', '//a[text()=\"Упражнения\"]')\nStacktrace:\n#0 0x55c0109fd32a <unknown>\n#1 0x55c010449e4b <unknown>\n#2 0x55c01049c82b <unknown>\n#3 0x55c01049ca61 <unknown>\n#4 0x55c0104eba44 <unknown>\n#5 0x55c0104e8df7 <unknown>\n#6 0x55c01048ec1a <unknown>\n#7 0x55c01048f921 <unknown>\n#8 0x55c0109c4239 <unknown>\n#9 0x55c0109c71e8 <unknown>\n#10 0x55c0109ad4c9 <unknown>\n#11 0x55c0109c7db5 <unknown>\n#12 0x55c010994e93 <unknown>\n#13 0x55c0109ea098 <unknown>\n#14 0x55c0109ea273 <unknown>\n#15 0x55c0109fc2c3 <unknown>\n#16 0x7fb38889caa4 <unknown>\n#17 0x7fb388929c6c <unknown>","time":{"start":1764258273278,"stop":1764258283587,"duration":10309}},{"uid":"2069ea536ecfdbad","reportUrl":"https://Brain-up.github.io/auto-tests-python/759/#testresult/2069ea536ecfdbad","status":"passed","statusDetails":"XPASS","time":{"start":1764069882063,"stop":1764069906427,"duration":24364}},{"uid":"ce576d6eb598fe7c","reportUrl":"https://Brain-up.github.io/auto-tests-python/758/#testresult/ce576d6eb598fe7c","status":"skipped","statusDetails":"XFAIL\n\nselenium.common.exceptions.TimeoutException: Message: Can't find element by locator ('xpath', '//a[text()=\"Упражнения\"]')\nStacktrace:\n#0 0x558843b7b32a <unknown>\n#1 0x5588435c7e4b <unknown>\n#2 0x55884361a82b <unknown>\n#3 0x55884361aa61 <unknown>\n#4 0x558843669a44 <unknown>\n#5 0x558843666df7 <unknown>\n#6 0x55884360cc1a <unknown>\n#7 0x55884360d921 <unknown>\n#8 0x558843b42239 <unknown>\n#9 0x558843b451e8 <unknown>\n#10 0x558843b2b4c9 <unknown>\n#11 0x558843b45db5 <unknown>\n#12 0x558843b12e93 <unknown>\n#13 0x558843b68098 <unknown>\n#14 0x558843b68273 <unknown>\n#15 0x558843b7a2c3 <unknown>\n#16 0x7f09fee9caa4 <unknown>\n#17 0x7f09fef29c6c <unknown>","time":{"start":1764011714733,"stop":1764011725138,"duration":10405}},{"uid":"e97feb92909950ff","reportUrl":"https://Brain-up.github.io/auto-tests-python/757/#testresult/e97feb92909950ff","status":"skipped","statusDetails":"XFAIL\n\nselenium.common.exceptions.TimeoutException: Message: Can't find element by locator ('xpath', '//a[text()=\"Упражнения\"]')\nStacktrace:\n#0 0x5620f8b6632a <unknown>\n#1 0x5620f85b2e4b <unknown>\n#2 0x5620f860582b <unknown>\n#3 0x5620f8605a61 <unknown>\n#4 0x5620f8654a44 <unknown>\n#5 0x5620f8651df7 <unknown>\n#6 0x5620f85f7c1a <unknown>\n#7 0x5620f85f8921 <unknown>\n#8 0x5620f8b2d239 <unknown>\n#9 0x5620f8b301e8 <unknown>\n#10 0x5620f8b164c9 <unknown>\n#11 0x5620f8b30db5 <unknown>\n#12 0x5620f8afde93 <unknown>\n#13 0x5620f8b53098 <unknown>\n#14 0x5620f8b53273 <unknown>\n#15 0x5620f8b652c3 <unknown>\n#16 0x7f6a25e9caa4 <unknown>\n#17 0x7f6a25f29c6c <unknown>","time":{"start":1763904289254,"stop":1763904299499,"duration":10245}}]},"tags":["@pytest.mark.xfail"]},"source":"e7064969e16d82de.json","parameterValues":[]}