{"uid":"12662f30b96f813","name":"Solutions to a random task in the \"Слова\" .","fullName":"tests.test_speech_exercises_ru.TestCardsRU#test_solve_word_cards_ru","historyId":"97a1dfc93de55b98f3507f18d0af26f8","time":{"start":1763700804740,"stop":1763700815068,"duration":10328},"status":"skipped","statusMessage":"XFAIL\n\nselenium.common.exceptions.TimeoutException: Message: Can't find element by locator ('xpath', '//a[text()=\"Упражнения\"]')\nStacktrace:\n#0 0x558b485fe32a <unknown>\n#1 0x558b4804ae4b <unknown>\n#2 0x558b4809d82b <unknown>\n#3 0x558b4809da61 <unknown>\n#4 0x558b480eca44 <unknown>\n#5 0x558b480e9df7 <unknown>\n#6 0x558b4808fc1a <unknown>\n#7 0x558b48090921 <unknown>\n#8 0x558b485c5239 <unknown>\n#9 0x558b485c81e8 <unknown>\n#10 0x558b485ae4c9 <unknown>\n#11 0x558b485c8db5 <unknown>\n#12 0x558b48595e93 <unknown>\n#13 0x558b485eb098 <unknown>\n#14 0x558b485eb273 <unknown>\n#15 0x558b485fd2c3 <unknown>\n#16 0x7f3d2d69caa4 <unknown>\n#17 0x7f3d2d729c6c <unknown>","statusTrace":"self = <tests.test_speech_exercises_ru.TestCardsRU object at 0x7fa2a6799ac0>\ndriver = <selenium.webdriver.chrome.webdriver.WebDriver (session=\"9be67aaf317a680bec3485b6b2be992f\")>\ndefault_user_authorized = None\n\n    @pytest.mark.xfail\n    @allure.suite(\"Речевые упражнения.\")\n    @allure.title('Solutions to a random task in the \"Слова\" .')\n    def test_solve_word_cards_ru(self, driver, default_user_authorized):\n        page = SpeechExercisesPageRU(driver)\n>       page.click_button_exercises()\n\ntests/test_speech_exercises_ru.py:124: \n_ _ _ _ _ _ _ _ _ _ _ _ _ _ _ _ _ _ _ _ _ _ _ _ _ _ _ _ _ _ _ _ _ _ _ _ _ _ _ _ \npages/speech_exercises_page_ru.py:199: in click_button_exercises\n    button = self.element_is_present_and_clickable(self.locators.AuthorizedUserHomePageLocators.BUTTON_EXERCISES_RU)\npages/base_page.py:40: in element_is_present_and_clickable\n    return (Wait(self.driver, self.timeout).until(\n_ _ _ _ _ _ _ _ _ _ _ _ _ _ _ _ _ _ _ _ _ _ _ _ _ _ _ _ _ _ _ _ _ _ _ _ _ _ _ _ \n\nself = <selenium.webdriver.support.wait.WebDriverWait (session=\"9be67aaf317a680bec3485b6b2be992f\")>\nmethod = <function visibility_of_element_located.<locals>._predicate at 0x7fa2a663afc0>\nmessage = 'Can\\'t find element by locator (\\'xpath\\', \\'//a[text()=\"Упражнения\"]\\')'\n\n    def until(self, method, message: str = \"\"):\n        \"\"\"Calls the method provided with the driver as an argument until the \\\n        return value does not evaluate to ``False``.\n    \n        :param method: callable(WebDriver)\n        :param message: optional message for :exc:`TimeoutException`\n        :returns: the result of the last call to `method`\n        :raises: :exc:`selenium.common.exceptions.TimeoutException` if timeout occurs\n        \"\"\"\n        screen = None\n        stacktrace = None\n    \n        end_time = time.monotonic() + self._timeout\n        while True:\n            try:\n                value = method(self._driver)\n                if value:\n                    return value\n            except self._ignored_exceptions as exc:\n                screen = getattr(exc, \"screen\", None)\n                stacktrace = getattr(exc, \"stacktrace\", None)\n            time.sleep(self._poll)\n            if time.monotonic() > end_time:\n                break\n>       raise TimeoutException(message, screen, stacktrace)\nE       selenium.common.exceptions.TimeoutException: Message: Can't find element by locator ('xpath', '//a[text()=\"Упражнения\"]')\nE       Stacktrace:\nE       #0 0x558b485fe32a <unknown>\nE       #1 0x558b4804ae4b <unknown>\nE       #2 0x558b4809d82b <unknown>\nE       #3 0x558b4809da61 <unknown>\nE       #4 0x558b480eca44 <unknown>\nE       #5 0x558b480e9df7 <unknown>\nE       #6 0x558b4808fc1a <unknown>\nE       #7 0x558b48090921 <unknown>\nE       #8 0x558b485c5239 <unknown>\nE       #9 0x558b485c81e8 <unknown>\nE       #10 0x558b485ae4c9 <unknown>\nE       #11 0x558b485c8db5 <unknown>\nE       #12 0x558b48595e93 <unknown>\nE       #13 0x558b485eb098 <unknown>\nE       #14 0x558b485eb273 <unknown>\nE       #15 0x558b485fd2c3 <unknown>\nE       #16 0x7f3d2d69caa4 <unknown>\nE       #17 0x7f3d2d729c6c <unknown>\n\n/opt/hostedtoolcache/Python/3.12.12/x64/lib/python3.12/site-packages/selenium/webdriver/support/wait.py:95: TimeoutException","flaky":false,"newFailed":false,"newBroken":false,"newPassed":false,"retriesCount":0,"retriesStatusChange":false,"beforeStages":[{"name":"clear_allure_results_folder","time":{"start":1763699354416,"stop":1763699354416,"duration":0},"status":"passed","steps":[],"attachments":[],"parameters":[],"stepsCount":0,"shouldDisplayMessage":false,"attachmentsCount":0,"hasContent":false,"attachmentStep":false},{"name":"driver","time":{"start":1763700797103,"stop":1763700797857,"duration":754},"status":"passed","steps":[],"attachments":[],"parameters":[],"stepsCount":0,"shouldDisplayMessage":false,"attachmentsCount":0,"hasContent":false,"attachmentStep":false},{"name":"main_page_open","time":{"start":1763700797857,"stop":1763700801781,"duration":3924},"status":"passed","steps":[{"name":"Open page: https://www.brainup.site/","time":{"start":1763700797857,"stop":1763700801781,"duration":3924},"status":"passed","steps":[],"attachments":[],"parameters":[{"name":"driver","value":"<selenium.webdriver.chrome.webdriver.WebDriver (session=\"9be67aaf317a680bec3485b6b2be992f\")>"}],"stepsCount":0,"shouldDisplayMessage":false,"attachmentsCount":0,"hasContent":true,"attachmentStep":false}],"attachments":[],"parameters":[],"stepsCount":1,"shouldDisplayMessage":false,"attachmentsCount":0,"hasContent":true,"attachmentStep":false},{"name":"default_user_authorized","time":{"start":1763700801781,"stop":1763700804740,"duration":2959},"status":"passed","steps":[{"name":"DEFAULT user authorized","time":{"start":1763700801781,"stop":1763700804740,"duration":2959},"status":"passed","steps":[{"name":"Check url is present: https://www.brainup.site/groups","time":{"start":1763700802190,"stop":1763700804714,"duration":2524},"status":"passed","steps":[],"attachments":[],"parameters":[],"stepsCount":0,"shouldDisplayMessage":false,"attachmentsCount":0,"hasContent":false,"attachmentStep":false},{"name":"Loader checking","time":{"start":1763700804714,"stop":1763700804739,"duration":25},"status":"passed","steps":[],"attachments":[],"parameters":[],"stepsCount":0,"shouldDisplayMessage":false,"attachmentsCount":0,"hasContent":false,"attachmentStep":false}],"attachments":[],"parameters":[{"name":"driver","value":"<selenium.webdriver.chrome.webdriver.WebDriver (session=\"9be67aaf317a680bec3485b6b2be992f\")>"},{"name":"main_page_open","value":"None"}],"stepsCount":2,"shouldDisplayMessage":false,"attachmentsCount":0,"hasContent":true,"attachmentStep":false}],"attachments":[],"parameters":[],"stepsCount":3,"shouldDisplayMessage":false,"attachmentsCount":0,"hasContent":true,"attachmentStep":false}],"testStage":{"status":"skipped","statusMessage":"XFAIL\n\nselenium.common.exceptions.TimeoutException: Message: Can't find element by locator ('xpath', '//a[text()=\"Упражнения\"]')\nStacktrace:\n#0 0x558b485fe32a <unknown>\n#1 0x558b4804ae4b <unknown>\n#2 0x558b4809d82b <unknown>\n#3 0x558b4809da61 <unknown>\n#4 0x558b480eca44 <unknown>\n#5 0x558b480e9df7 <unknown>\n#6 0x558b4808fc1a <unknown>\n#7 0x558b48090921 <unknown>\n#8 0x558b485c5239 <unknown>\n#9 0x558b485c81e8 <unknown>\n#10 0x558b485ae4c9 <unknown>\n#11 0x558b485c8db5 <unknown>\n#12 0x558b48595e93 <unknown>\n#13 0x558b485eb098 <unknown>\n#14 0x558b485eb273 <unknown>\n#15 0x558b485fd2c3 <unknown>\n#16 0x7f3d2d69caa4 <unknown>\n#17 0x7f3d2d729c6c <unknown>","statusTrace":"self = <tests.test_speech_exercises_ru.TestCardsRU object at 0x7fa2a6799ac0>\ndriver = <selenium.webdriver.chrome.webdriver.WebDriver (session=\"9be67aaf317a680bec3485b6b2be992f\")>\ndefault_user_authorized = None\n\n    @pytest.mark.xfail\n    @allure.suite(\"Речевые упражнения.\")\n    @allure.title('Solutions to a random task in the \"Слова\" .')\n    def test_solve_word_cards_ru(self, driver, default_user_authorized):\n        page = SpeechExercisesPageRU(driver)\n>       page.click_button_exercises()\n\ntests/test_speech_exercises_ru.py:124: \n_ _ _ _ _ _ _ _ _ _ _ _ _ _ _ _ _ _ _ _ _ _ _ _ _ _ _ _ _ _ _ _ _ _ _ _ _ _ _ _ \npages/speech_exercises_page_ru.py:199: in click_button_exercises\n    button = self.element_is_present_and_clickable(self.locators.AuthorizedUserHomePageLocators.BUTTON_EXERCISES_RU)\npages/base_page.py:40: in element_is_present_and_clickable\n    return (Wait(self.driver, self.timeout).until(\n_ _ _ _ _ _ _ _ _ _ _ _ _ _ _ _ _ _ _ _ _ _ _ _ _ _ _ _ _ _ _ _ _ _ _ _ _ _ _ _ \n\nself = <selenium.webdriver.support.wait.WebDriverWait (session=\"9be67aaf317a680bec3485b6b2be992f\")>\nmethod = <function visibility_of_element_located.<locals>._predicate at 0x7fa2a663afc0>\nmessage = 'Can\\'t find element by locator (\\'xpath\\', \\'//a[text()=\"Упражнения\"]\\')'\n\n    def until(self, method, message: str = \"\"):\n        \"\"\"Calls the method provided with the driver as an argument until the \\\n        return value does not evaluate to ``False``.\n    \n        :param method: callable(WebDriver)\n        :param message: optional message for :exc:`TimeoutException`\n        :returns: the result of the last call to `method`\n        :raises: :exc:`selenium.common.exceptions.TimeoutException` if timeout occurs\n        \"\"\"\n        screen = None\n        stacktrace = None\n    \n        end_time = time.monotonic() + self._timeout\n        while True:\n            try:\n                value = method(self._driver)\n                if value:\n                    return value\n            except self._ignored_exceptions as exc:\n                screen = getattr(exc, \"screen\", None)\n                stacktrace = getattr(exc, \"stacktrace\", None)\n            time.sleep(self._poll)\n            if time.monotonic() > end_time:\n                break\n>       raise TimeoutException(message, screen, stacktrace)\nE       selenium.common.exceptions.TimeoutException: Message: Can't find element by locator ('xpath', '//a[text()=\"Упражнения\"]')\nE       Stacktrace:\nE       #0 0x558b485fe32a <unknown>\nE       #1 0x558b4804ae4b <unknown>\nE       #2 0x558b4809d82b <unknown>\nE       #3 0x558b4809da61 <unknown>\nE       #4 0x558b480eca44 <unknown>\nE       #5 0x558b480e9df7 <unknown>\nE       #6 0x558b4808fc1a <unknown>\nE       #7 0x558b48090921 <unknown>\nE       #8 0x558b485c5239 <unknown>\nE       #9 0x558b485c81e8 <unknown>\nE       #10 0x558b485ae4c9 <unknown>\nE       #11 0x558b485c8db5 <unknown>\nE       #12 0x558b48595e93 <unknown>\nE       #13 0x558b485eb098 <unknown>\nE       #14 0x558b485eb273 <unknown>\nE       #15 0x558b485fd2c3 <unknown>\nE       #16 0x7f3d2d69caa4 <unknown>\nE       #17 0x7f3d2d729c6c <unknown>\n\n/opt/hostedtoolcache/Python/3.12.12/x64/lib/python3.12/site-packages/selenium/webdriver/support/wait.py:95: TimeoutException","steps":[{"name":"Click button \"Упражнения\".","time":{"start":1763700804740,"stop":1763700815067,"duration":10327},"status":"broken","statusMessage":"selenium.common.exceptions.TimeoutException: Message: Can't find element by locator ('xpath', '//a[text()=\"Упражнения\"]')\nStacktrace:\n#0 0x558b485fe32a <unknown>\n#1 0x558b4804ae4b <unknown>\n#2 0x558b4809d82b <unknown>\n#3 0x558b4809da61 <unknown>\n#4 0x558b480eca44 <unknown>\n#5 0x558b480e9df7 <unknown>\n#6 0x558b4808fc1a <unknown>\n#7 0x558b48090921 <unknown>\n#8 0x558b485c5239 <unknown>\n#9 0x558b485c81e8 <unknown>\n#10 0x558b485ae4c9 <unknown>\n#11 0x558b485c8db5 <unknown>\n#12 0x558b48595e93 <unknown>\n#13 0x558b485eb098 <unknown>\n#14 0x558b485eb273 <unknown>\n#15 0x558b485fd2c3 <unknown>\n#16 0x7f3d2d69caa4 <unknown>\n#17 0x7f3d2d729c6c <unknown>\n\n","statusTrace":"  File \"/opt/hostedtoolcache/Python/3.12.12/x64/lib/python3.12/site-packages/allure_commons/_allure.py\", line 192, in impl\n    return func(*a, **kw)\n           ^^^^^^^^^^^^^^\n  File \"/home/runner/work/auto-tests-python/auto-tests-python/pages/speech_exercises_page_ru.py\", line 199, in click_button_exercises\n    button = self.element_is_present_and_clickable(self.locators.AuthorizedUserHomePageLocators.BUTTON_EXERCISES_RU)\n             ^^^^^^^^^^^^^^^^^^^^^^^^^^^^^^^^^^^^^^^^^^^^^^^^^^^^^^^^^^^^^^^^^^^^^^^^^^^^^^^^^^^^^^^^^^^^^^^^^^^^^^^\n  File \"/home/runner/work/auto-tests-python/auto-tests-python/pages/base_page.py\", line 40, in element_is_present_and_clickable\n    return (Wait(self.driver, self.timeout).until(\n            ^^^^^^^^^^^^^^^^^^^^^^^^^^^^^^^^^^^^^^\n  File \"/opt/hostedtoolcache/Python/3.12.12/x64/lib/python3.12/site-packages/selenium/webdriver/support/wait.py\", line 95, in until\n    raise TimeoutException(message, screen, stacktrace)\n","steps":[{"name":"Click button \"RU\".","time":{"start":1763700804740,"stop":1763700804817,"duration":77},"status":"passed","steps":[],"attachments":[],"parameters":[],"stepsCount":0,"shouldDisplayMessage":false,"attachmentsCount":0,"hasContent":false,"attachmentStep":false}],"attachments":[],"parameters":[],"stepsCount":1,"shouldDisplayMessage":true,"attachmentsCount":0,"hasContent":true,"attachmentStep":false}],"attachments":[],"parameters":[],"stepsCount":2,"shouldDisplayMessage":true,"attachmentsCount":0,"hasContent":true,"attachmentStep":false},"afterStages":[{"name":"driver::0","time":{"start":1763700815083,"stop":1763700815152,"duration":69},"status":"passed","steps":[],"attachments":[],"parameters":[],"stepsCount":0,"shouldDisplayMessage":false,"attachmentsCount":0,"hasContent":false,"attachmentStep":false}],"labels":[{"name":"suite","value":"Речевые упражнения."},{"name":"epic","value":"Speech exercises."},{"name":"tag","value":"@pytest.mark.xfail"},{"name":"parentSuite","value":"tests"},{"name":"subSuite","value":"TestCardsRU"},{"name":"host","value":"runnervmg1sw1"},{"name":"thread","value":"2565-MainThread"},{"name":"framework","value":"pytest"},{"name":"language","value":"cpython3"},{"name":"package","value":"tests.test_speech_exercises_ru"},{"name":"resultFormat","value":"allure2"}],"parameters":[],"links":[],"hidden":false,"retry":false,"extra":{"severity":"normal","retries":[],"categories":[],"history":{"statistic":{"failed":0,"broken":0,"skipped":18,"passed":3,"unknown":0,"total":21},"items":[{"uid":"a62157c8fe955eff","reportUrl":"https://Brain-up.github.io/auto-tests-python/754/#testresult/a62157c8fe955eff","status":"skipped","statusDetails":"XFAIL\n\nselenium.common.exceptions.TimeoutException: Message: Can't find element by locator ('xpath', '//a[text()=\"Упражнения\"]')\nStacktrace:\n#0 0x5621f003432a <unknown>\n#1 0x5621efa80e4b <unknown>\n#2 0x5621efad382b <unknown>\n#3 0x5621efad3a61 <unknown>\n#4 0x5621efb22a44 <unknown>\n#5 0x5621efb1fdf7 <unknown>\n#6 0x5621efac5c1a <unknown>\n#7 0x5621efac6921 <unknown>\n#8 0x5621efffb239 <unknown>\n#9 0x5621efffe1e8 <unknown>\n#10 0x5621effe44c9 <unknown>\n#11 0x5621efffedb5 <unknown>\n#12 0x5621effcbe93 <unknown>\n#13 0x5621f0021098 <unknown>\n#14 0x5621f0021273 <unknown>\n#15 0x5621f00332c3 <unknown>\n#16 0x7f09be09caa4 <unknown>\n#17 0x7f09be129c6c <unknown>","time":{"start":1763644199709,"stop":1763644210024,"duration":10315}},{"uid":"193f0bb874b82e5f","reportUrl":"https://Brain-up.github.io/auto-tests-python/753/#testresult/193f0bb874b82e5f","status":"passed","statusDetails":"XPASS","time":{"start":1763553411635,"stop":1763553439661,"duration":28026}},{"uid":"6517be3fc9ed255c","reportUrl":"https://Brain-up.github.io/auto-tests-python/752/#testresult/6517be3fc9ed255c","status":"skipped","statusDetails":"XFAIL\n\nselenium.common.exceptions.TimeoutException: Message: Can't find element by locator ('xpath', '//a[text()=\"Упражнения\"]')\nStacktrace:\n#0 0x563c8df0e32a <unknown>\n#1 0x563c8d95ae4b <unknown>\n#2 0x563c8d9ad82b <unknown>\n#3 0x563c8d9ada61 <unknown>\n#4 0x563c8d9fca44 <unknown>\n#5 0x563c8d9f9df7 <unknown>\n#6 0x563c8d99fc1a <unknown>\n#7 0x563c8d9a0921 <unknown>\n#8 0x563c8ded5239 <unknown>\n#9 0x563c8ded81e8 <unknown>\n#10 0x563c8debe4c9 <unknown>\n#11 0x563c8ded8db5 <unknown>\n#12 0x563c8dea5e93 <unknown>\n#13 0x563c8defb098 <unknown>\n#14 0x563c8defb273 <unknown>\n#15 0x563c8df0d2c3 <unknown>\n#16 0x7fd4f049caa4 <unknown>\n#17 0x7fd4f0529c6c <unknown>","time":{"start":1763463976837,"stop":1763463987139,"duration":10302}},{"uid":"b67c5e0d8ddee3e5","reportUrl":"https://Brain-up.github.io/auto-tests-python/751/#testresult/b67c5e0d8ddee3e5","status":"passed","statusDetails":"XPASS","time":{"start":1763379887811,"stop":1763379934195,"duration":46384}},{"uid":"2b2f76c15fff48f","reportUrl":"https://Brain-up.github.io/auto-tests-python/750/#testresult/2b2f76c15fff48f","status":"skipped","statusDetails":"XFAIL\n\nselenium.common.exceptions.TimeoutException: Message: Can't find element by locator ('xpath', '//a[text()=\"Упражнения\"]')\nStacktrace:\n#0 0x560be865a32a <unknown>\n#1 0x560be80a6e4b <unknown>\n#2 0x560be80f982b <unknown>\n#3 0x560be80f9a61 <unknown>\n#4 0x560be8148a44 <unknown>\n#5 0x560be8145df7 <unknown>\n#6 0x560be80ebc1a <unknown>\n#7 0x560be80ec921 <unknown>\n#8 0x560be8621239 <unknown>\n#9 0x560be86241e8 <unknown>\n#10 0x560be860a4c9 <unknown>\n#11 0x560be8624db5 <unknown>\n#12 0x560be85f1e93 <unknown>\n#13 0x560be8647098 <unknown>\n#14 0x560be8647273 <unknown>\n#15 0x560be86592c3 <unknown>\n#16 0x7fdb4029caa4 <unknown>\n#17 0x7fdb40329c6c <unknown>","time":{"start":1763296217573,"stop":1763296227877,"duration":10304}},{"uid":"301927be9bea9d3b","reportUrl":"https://Brain-up.github.io/auto-tests-python/749/#testresult/301927be9bea9d3b","status":"skipped","statusDetails":"XFAIL\n\nselenium.common.exceptions.TimeoutException: Message: Can't find element by locator ('xpath', '//a[text()=\"Упражнения\"]')\nStacktrace:\n#0 0x559ea828c32a <unknown>\n#1 0x559ea7cd8e4b <unknown>\n#2 0x559ea7d2b82b <unknown>\n#3 0x559ea7d2ba61 <unknown>\n#4 0x559ea7d7aa44 <unknown>\n#5 0x559ea7d77df7 <unknown>\n#6 0x559ea7d1dc1a <unknown>\n#7 0x559ea7d1e921 <unknown>\n#8 0x559ea8253239 <unknown>\n#9 0x559ea82561e8 <unknown>\n#10 0x559ea823c4c9 <unknown>\n#11 0x559ea8256db5 <unknown>\n#12 0x559ea8223e93 <unknown>\n#13 0x559ea8279098 <unknown>\n#14 0x559ea8279273 <unknown>\n#15 0x559ea828b2c3 <unknown>\n#16 0x7fc2b3c9caa4 <unknown>\n#17 0x7fc2b3d29c6c <unknown>","time":{"start":1763199855891,"stop":1763199866195,"duration":10304}},{"uid":"f6603980f869bca2","reportUrl":"https://Brain-up.github.io/auto-tests-python/748/#testresult/f6603980f869bca2","status":"skipped","statusDetails":"XFAIL\n\nselenium.common.exceptions.TimeoutException: Message: Can't find element by locator ('xpath', '//a[text()=\"Упражнения\"]')\nStacktrace:\n#0 0x5592cb92aaea <unknown>\n#1 0x5592cb376cdb <unknown>\n#2 0x5592cb3c96c4 <unknown>\n#3 0x5592cb3c9901 <unknown>\n#4 0x5592cb4188b4 <unknown>\n#5 0x5592cb415c87 <unknown>\n#6 0x5592cb3bbaca <unknown>\n#7 0x5592cb3bc7d1 <unknown>\n#8 0x5592cb8f1ab9 <unknown>\n#9 0x5592cb8f4a8c <unknown>\n#10 0x5592cb8dad49 <unknown>\n#11 0x5592cb8f5685 <unknown>\n#12 0x5592cb8c26c3 <unknown>\n#13 0x5592cb9177d8 <unknown>\n#14 0x5592cb9179b3 <unknown>\n#15 0x5592cb929a83 <unknown>\n#16 0x7f5dd509caa4 <unknown>\n#17 0x7f5dd5129c6c <unknown>","time":{"start":1763121118709,"stop":1763121129022,"duration":10313}},{"uid":"cc3a31d23099c46d","reportUrl":"https://Brain-up.github.io/auto-tests-python/747/#testresult/cc3a31d23099c46d","status":"skipped","statusDetails":"XFAIL\n\nselenium.common.exceptions.TimeoutException: Message: Can't find element by locator ('xpath', '//a[text()=\"Упражнения\"]')\nStacktrace:\n#0 0x560cbd93aaea <unknown>\n#1 0x560cbd386cdb <unknown>\n#2 0x560cbd3d96c4 <unknown>\n#3 0x560cbd3d9901 <unknown>\n#4 0x560cbd4288b4 <unknown>\n#5 0x560cbd425c87 <unknown>\n#6 0x560cbd3cbaca <unknown>\n#7 0x560cbd3cc7d1 <unknown>\n#8 0x560cbd901ab9 <unknown>\n#9 0x560cbd904a8c <unknown>\n#10 0x560cbd8ead49 <unknown>\n#11 0x560cbd905685 <unknown>\n#12 0x560cbd8d26c3 <unknown>\n#13 0x560cbd9277d8 <unknown>\n#14 0x560cbd9279b3 <unknown>\n#15 0x560cbd939a83 <unknown>\n#16 0x7fa40d09caa4 <unknown>\n#17 0x7fa40d129c6c <unknown>","time":{"start":1763039476421,"stop":1763039486727,"duration":10306}},{"uid":"7f457cedb7e02b0","reportUrl":"https://Brain-up.github.io/auto-tests-python/746/#testresult/7f457cedb7e02b0","status":"skipped","statusDetails":"XFAIL\n\nselenium.common.exceptions.TimeoutException: Message: Can't find element by locator ('xpath', '//a[text()=\"Упражнения\"]')\nStacktrace:\n#0 0x55ac48e24aea <unknown>\n#1 0x55ac48870cdb <unknown>\n#2 0x55ac488c36c4 <unknown>\n#3 0x55ac488c3901 <unknown>\n#4 0x55ac489128b4 <unknown>\n#5 0x55ac4890fc87 <unknown>\n#6 0x55ac488b5aca <unknown>\n#7 0x55ac488b67d1 <unknown>\n#8 0x55ac48debab9 <unknown>\n#9 0x55ac48deea8c <unknown>\n#10 0x55ac48dd4d49 <unknown>\n#11 0x55ac48def685 <unknown>\n#12 0x55ac48dbc6c3 <unknown>\n#13 0x55ac48e117d8 <unknown>\n#14 0x55ac48e119b3 <unknown>\n#15 0x55ac48e23a83 <unknown>\n#16 0x7fb170a9caa4 <unknown>\n#17 0x7fb170b29c6c <unknown>","time":{"start":1762956337540,"stop":1762956347852,"duration":10312}},{"uid":"144bccda6b68586a","reportUrl":"https://Brain-up.github.io/auto-tests-python/745/#testresult/144bccda6b68586a","status":"skipped","statusDetails":"XFAIL\n\nselenium.common.exceptions.TimeoutException: Message: Can't find element by locator ('xpath', '//a[text()=\"Упражнения\"]')\nStacktrace:\n#0 0x555b179beaea <unknown>\n#1 0x555b1740acdb <unknown>\n#2 0x555b1745d6c4 <unknown>\n#3 0x555b1745d901 <unknown>\n#4 0x555b174ac8b4 <unknown>\n#5 0x555b174a9c87 <unknown>\n#6 0x555b1744faca <unknown>\n#7 0x555b174507d1 <unknown>\n#8 0x555b17985ab9 <unknown>\n#9 0x555b17988a8c <unknown>\n#10 0x555b1796ed49 <unknown>\n#11 0x555b17989685 <unknown>\n#12 0x555b179566c3 <unknown>\n#13 0x555b179ab7d8 <unknown>\n#14 0x555b179ab9b3 <unknown>\n#15 0x555b179bda83 <unknown>\n#16 0x7fcbe8a9caa4 <unknown>\n#17 0x7fcbe8b29c6c <unknown>","time":{"start":1762852056023,"stop":1762852066370,"duration":10347}},{"uid":"a1b42a074a35a186","reportUrl":"https://Brain-up.github.io/auto-tests-python/744/#testresult/a1b42a074a35a186","status":"skipped","statusDetails":"XFAIL\n\nselenium.common.exceptions.TimeoutException: Message: Can't find element by locator ('xpath', '//a[text()=\"Упражнения\"]')\nStacktrace:\n#0 0x55f4c6190aea <unknown>\n#1 0x55f4c5bdccdb <unknown>\n#2 0x55f4c5c2f6c4 <unknown>\n#3 0x55f4c5c2f901 <unknown>\n#4 0x55f4c5c7e8b4 <unknown>\n#5 0x55f4c5c7bc87 <unknown>\n#6 0x55f4c5c21aca <unknown>\n#7 0x55f4c5c227d1 <unknown>\n#8 0x55f4c6157ab9 <unknown>\n#9 0x55f4c615aa8c <unknown>\n#10 0x55f4c6140d49 <unknown>\n#11 0x55f4c615b685 <unknown>\n#12 0x55f4c61286c3 <unknown>\n#13 0x55f4c617d7d8 <unknown>\n#14 0x55f4c617d9b3 <unknown>\n#15 0x55f4c618fa83 <unknown>\n#16 0x7f5370a9caa4 <unknown>\n#17 0x7f5370b29c6c <unknown>","time":{"start":1762772746156,"stop":1762772756471,"duration":10315}},{"uid":"df1d975901bb72c7","reportUrl":"https://Brain-up.github.io/auto-tests-python/743/#testresult/df1d975901bb72c7","status":"skipped","statusDetails":"XFAIL\n\nselenium.common.exceptions.TimeoutException: Message: Can't find element by locator ('xpath', '//a[text()=\"Упражнения\"]')\nStacktrace:\n#0 0x56269fbaaaea <unknown>\n#1 0x56269f5f6cdb <unknown>\n#2 0x56269f6496c4 <unknown>\n#3 0x56269f649901 <unknown>\n#4 0x56269f6988b4 <unknown>\n#5 0x56269f695c87 <unknown>\n#6 0x56269f63baca <unknown>\n#7 0x56269f63c7d1 <unknown>\n#8 0x56269fb71ab9 <unknown>\n#9 0x56269fb74a8c <unknown>\n#10 0x56269fb5ad49 <unknown>\n#11 0x56269fb75685 <unknown>\n#12 0x56269fb426c3 <unknown>\n#13 0x56269fb977d8 <unknown>\n#14 0x56269fb979b3 <unknown>\n#15 0x56269fba9a83 <unknown>\n#16 0x7fc09549caa4 <unknown>\n#17 0x7fc095529c6c <unknown>","time":{"start":1762680454791,"stop":1762680465100,"duration":10309}},{"uid":"d8a28019f0e16702","reportUrl":"https://Brain-up.github.io/auto-tests-python/742/#testresult/d8a28019f0e16702","status":"skipped","statusDetails":"XFAIL\n\nselenium.common.exceptions.TimeoutException: Message: Can't find element by locator ('xpath', '//a[text()=\"Упражнения\"]')\nStacktrace:\n#0 0x557f4862baea <unknown>\n#1 0x557f48077cdb <unknown>\n#2 0x557f480ca6c4 <unknown>\n#3 0x557f480ca901 <unknown>\n#4 0x557f481198b4 <unknown>\n#5 0x557f48116c87 <unknown>\n#6 0x557f480bcaca <unknown>\n#7 0x557f480bd7d1 <unknown>\n#8 0x557f485f2ab9 <unknown>\n#9 0x557f485f5a8c <unknown>\n#10 0x557f485dbd49 <unknown>\n#11 0x557f485f6685 <unknown>\n#12 0x557f485c36c3 <unknown>\n#13 0x557f486187d8 <unknown>\n#14 0x557f486189b3 <unknown>\n#15 0x557f4862aa83 <unknown>\n#16 0x7f34dea9caa4 <unknown>\n#17 0x7f34deb29c6c <unknown>","time":{"start":1762597264603,"stop":1762597274981,"duration":10378}},{"uid":"d4b98d83c50b799b","reportUrl":"https://Brain-up.github.io/auto-tests-python/741/#testresult/d4b98d83c50b799b","status":"skipped","statusDetails":"XFAIL\n\nselenium.common.exceptions.TimeoutException: Message: Can't find element by locator ('xpath', '//a[text()=\"Упражнения\"]')\nStacktrace:\n#0 0x5596578d0aea <unknown>\n#1 0x55965731ccdb <unknown>\n#2 0x55965736f6c4 <unknown>\n#3 0x55965736f901 <unknown>\n#4 0x5596573be8b4 <unknown>\n#5 0x5596573bbc87 <unknown>\n#6 0x559657361aca <unknown>\n#7 0x5596573627d1 <unknown>\n#8 0x559657897ab9 <unknown>\n#9 0x55965789aa8c <unknown>\n#10 0x559657880d49 <unknown>\n#11 0x55965789b685 <unknown>\n#12 0x5596578686c3 <unknown>\n#13 0x5596578bd7d8 <unknown>\n#14 0x5596578bd9b3 <unknown>\n#15 0x5596578cfa83 <unknown>\n#16 0x7f164809caa4 <unknown>\n#17 0x7f1648129c6c <unknown>","time":{"start":1762513378299,"stop":1762513388715,"duration":10416}},{"uid":"85ce3085af75bd9e","reportUrl":"https://Brain-up.github.io/auto-tests-python/740/#testresult/85ce3085af75bd9e","status":"skipped","statusDetails":"XFAIL\n\nselenium.common.exceptions.TimeoutException: Message: Can't find element by locator ('xpath', '//a[text()=\"Упражнения\"]')\nStacktrace:\n#0 0x5641ef0eaaea <unknown>\n#1 0x5641eeb36cdb <unknown>\n#2 0x5641eeb896c4 <unknown>\n#3 0x5641eeb89901 <unknown>\n#4 0x5641eebd88b4 <unknown>\n#5 0x5641eebd5c87 <unknown>\n#6 0x5641eeb7baca <unknown>\n#7 0x5641eeb7c7d1 <unknown>\n#8 0x5641ef0b1ab9 <unknown>\n#9 0x5641ef0b4a8c <unknown>\n#10 0x5641ef09ad49 <unknown>\n#11 0x5641ef0b5685 <unknown>\n#12 0x5641ef0826c3 <unknown>\n#13 0x5641ef0d77d8 <unknown>\n#14 0x5641ef0d79b3 <unknown>\n#15 0x5641ef0e9a83 <unknown>\n#16 0x7f0c2069caa4 <unknown>\n#17 0x7f0c20729c6c <unknown>","time":{"start":1762426686864,"stop":1762426697181,"duration":10317}},{"uid":"dccae420db430f3c","reportUrl":"https://Brain-up.github.io/auto-tests-python/739/#testresult/dccae420db430f3c","status":"passed","statusDetails":"XPASS","time":{"start":1762341093955,"stop":1762341144133,"duration":50178}},{"uid":"b8e8ee7a54429d53","reportUrl":"https://Brain-up.github.io/auto-tests-python/738/#testresult/b8e8ee7a54429d53","status":"skipped","statusDetails":"XFAIL\n\nselenium.common.exceptions.TimeoutException: Message: Can't find element by locator ('xpath', '//a[text()=\"Упражнения\"]')\nStacktrace:\n#0 0x557c3099baea <unknown>\n#1 0x557c303e7cdb <unknown>\n#2 0x557c3043a6c4 <unknown>\n#3 0x557c3043a901 <unknown>\n#4 0x557c304898b4 <unknown>\n#5 0x557c30486c87 <unknown>\n#6 0x557c3042caca <unknown>\n#7 0x557c3042d7d1 <unknown>\n#8 0x557c30962ab9 <unknown>\n#9 0x557c30965a8c <unknown>\n#10 0x557c3094bd49 <unknown>\n#11 0x557c30966685 <unknown>\n#12 0x557c309336c3 <unknown>\n#13 0x557c309887d8 <unknown>\n#14 0x557c309889b3 <unknown>\n#15 0x557c3099aa83 <unknown>\n#16 0x7fabe7c9caa4 <unknown>\n#17 0x7fabe7d29c6c <unknown>","time":{"start":1762338137386,"stop":1762338147692,"duration":10306}},{"uid":"dc4289f57e672578","reportUrl":"https://Brain-up.github.io/auto-tests-python/737/#testresult/dc4289f57e672578","status":"skipped","statusDetails":"XFAIL\n\nselenium.common.exceptions.TimeoutException: Message: Can't find element by locator ('xpath', '//a[text()=\"Упражнения\"]')\nStacktrace:\n#0 0x5629fc33baea <unknown>\n#1 0x5629fbd87cdb <unknown>\n#2 0x5629fbdda6c4 <unknown>\n#3 0x5629fbdda901 <unknown>\n#4 0x5629fbe298b4 <unknown>\n#5 0x5629fbe26c87 <unknown>\n#6 0x5629fbdccaca <unknown>\n#7 0x5629fbdcd7d1 <unknown>\n#8 0x5629fc302ab9 <unknown>\n#9 0x5629fc305a8c <unknown>\n#10 0x5629fc2ebd49 <unknown>\n#11 0x5629fc306685 <unknown>\n#12 0x5629fc2d36c3 <unknown>\n#13 0x5629fc3287d8 <unknown>\n#14 0x5629fc3289b3 <unknown>\n#15 0x5629fc33aa83 <unknown>\n#16 0x7fe2ca29caa4 <unknown>\n#17 0x7fe2ca329c6c <unknown>","time":{"start":1762337956730,"stop":1762337967052,"duration":10322}},{"uid":"a619dd7da12d687e","reportUrl":"https://Brain-up.github.io/auto-tests-python/2/#testresult/a619dd7da12d687e","status":"skipped","statusDetails":"XFAIL\n\nselenium.common.exceptions.TimeoutException: Message: Can't find element by locator ('xpath', '//a[text()=\"Упражнения\"]')\nStacktrace:\n#0 0x564b7654faea <unknown>\n#1 0x564b75f9bcdb <unknown>\n#2 0x564b75fee6c4 <unknown>\n#3 0x564b75fee901 <unknown>\n#4 0x564b7603d8b4 <unknown>\n#5 0x564b7603ac87 <unknown>\n#6 0x564b75fe0aca <unknown>\n#7 0x564b75fe17d1 <unknown>\n#8 0x564b76516ab9 <unknown>\n#9 0x564b76519a8c <unknown>\n#10 0x564b764ffd49 <unknown>\n#11 0x564b7651a685 <unknown>\n#12 0x564b764e76c3 <unknown>\n#13 0x564b7653c7d8 <unknown>\n#14 0x564b7653c9b3 <unknown>\n#15 0x564b7654ea83 <unknown>\n#16 0x7fba90a9caa4 <unknown>\n#17 0x7fba90b29c6c <unknown>","time":{"start":1762337946616,"stop":1762337956931,"duration":10315}},{"uid":"ae2ef36de4f9f10d","reportUrl":"https://Brain-up.github.io/auto-tests-python/736/#testresult/ae2ef36de4f9f10d","status":"skipped","statusDetails":"XFAIL\n\nselenium.common.exceptions.TimeoutException: Message: Can't find element by locator ('xpath', '//a[text()=\"Упражнения\"]')\nStacktrace:\n#0 0x55757b75eaea <unknown>\n#1 0x55757b1aacdb <unknown>\n#2 0x55757b1fd6c4 <unknown>\n#3 0x55757b1fd901 <unknown>\n#4 0x55757b24c8b4 <unknown>\n#5 0x55757b249c87 <unknown>\n#6 0x55757b1efaca <unknown>\n#7 0x55757b1f07d1 <unknown>\n#8 0x55757b725ab9 <unknown>\n#9 0x55757b728a8c <unknown>\n#10 0x55757b70ed49 <unknown>\n#11 0x55757b729685 <unknown>\n#12 0x55757b6f66c3 <unknown>\n#13 0x55757b74b7d8 <unknown>\n#14 0x55757b74b9b3 <unknown>\n#15 0x55757b75da83 <unknown>\n#16 0x7f9da489caa4 <unknown>\n#17 0x7f9da4929c6c <unknown>","time":{"start":1762337240733,"stop":1762337251061,"duration":10328}}]},"tags":["@pytest.mark.xfail"]},"source":"12662f30b96f813.json","parameterValues":[]}