{"uid":"b7f60b14734bd6cf","name":"Solutions to a random task in the \"Слова\" group and comparison of statics.","fullName":"tests.test_speech_exercises_ru.TestCardsRU#test_solve_word_cards_with_statistic_ru","historyId":"0fb6881b2015244903bd7785af7503a6","time":{"start":1770489688470,"stop":1770489698824,"duration":10354},"status":"skipped","statusMessage":"XFAIL\n\nselenium.common.exceptions.TimeoutException: Message: Can't find element by locator ('xpath', '//div[@class=\"__51e19\"]')\nStacktrace:\n#0 0x55ba1008b4ba <unknown>\n#1 0x55ba0faf4492 <unknown>\n#2 0x55ba0fb499b6 <unknown>\n#3 0x55ba0fb49bf1 <unknown>\n#4 0x55ba0fb954d4 <unknown>\n#5 0x55ba0fb92700 <unknown>\n#6 0x55ba0fb3b6a2 <unknown>\n#7 0x55ba0fb3c491 <unknown>\n#8 0x55ba10051479 <unknown>\n#9 0x55ba10054391 <unknown>\n#10 0x55ba1003da89 <unknown>\n#11 0x55ba10054f4e <unknown>\n#12 0x55ba10024070 <unknown>\n#13 0x55ba10078ca8 <unknown>\n#14 0x55ba10078e78 <unknown>\n#15 0x55ba1008a828 <unknown>\n#16 0x7f7bcf09caa4 <unknown>\n#17 0x7f7bcf129c6c <unknown>","statusTrace":"self = <tests.test_speech_exercises_ru.TestCardsRU object at 0x7f61bbaac950>\ndriver = <selenium.webdriver.chrome.webdriver.WebDriver (session=\"11ba20aaed46b111563746c5663698af\")>\ndefault_user_authorized = None\n\n    @pytest.mark.xfail\n    @allure.suite(\"Речевые упражнения.\")\n    @allure.title('Solutions to a random task in the \"Слова\" group and comparison of statics.')\n    def test_solve_word_cards_with_statistic_ru(self, driver, default_user_authorized):\n        page = SpeechExercisesPageRU(driver)\n        page.click_button_ru()\n>       table = page.get_statistic_data()\n\ntests/test_speech_exercises_ru.py:165: \n_ _ _ _ _ _ _ _ _ _ _ _ _ _ _ _ _ _ _ _ _ _ _ _ _ _ _ _ _ _ _ _ _ _ _ _ _ _ _ _ \npages/speech_exercises_page_ru.py:174: in get_statistic_data\n    table = self.element_is_present(self.locators.AuthorizedUserHomePageLocators.STATISTIC_TABLE)\npages/base_page.py:32: in element_is_present\n    return Wait(self.driver, self.timeout).until(\n_ _ _ _ _ _ _ _ _ _ _ _ _ _ _ _ _ _ _ _ _ _ _ _ _ _ _ _ _ _ _ _ _ _ _ _ _ _ _ _ \n\nself = <selenium.webdriver.support.wait.WebDriverWait (session=\"11ba20aaed46b111563746c5663698af\")>\nmethod = <function presence_of_element_located.<locals>._predicate at 0x7f61bb9799e0>\nmessage = 'Can\\'t find element by locator (\\'xpath\\', \\'//div[@class=\"__51e19\"]\\')'\n\n    def until(self, method, message: str = \"\"):\n        \"\"\"Calls the method provided with the driver as an argument until the \\\n        return value does not evaluate to ``False``.\n    \n        :param method: callable(WebDriver)\n        :param message: optional message for :exc:`TimeoutException`\n        :returns: the result of the last call to `method`\n        :raises: :exc:`selenium.common.exceptions.TimeoutException` if timeout occurs\n        \"\"\"\n        screen = None\n        stacktrace = None\n    \n        end_time = time.monotonic() + self._timeout\n        while True:\n            try:\n                value = method(self._driver)\n                if value:\n                    return value\n            except self._ignored_exceptions as exc:\n                screen = getattr(exc, \"screen\", None)\n                stacktrace = getattr(exc, \"stacktrace\", None)\n            time.sleep(self._poll)\n            if time.monotonic() > end_time:\n                break\n>       raise TimeoutException(message, screen, stacktrace)\nE       selenium.common.exceptions.TimeoutException: Message: Can't find element by locator ('xpath', '//div[@class=\"__51e19\"]')\nE       Stacktrace:\nE       #0 0x55ba1008b4ba <unknown>\nE       #1 0x55ba0faf4492 <unknown>\nE       #2 0x55ba0fb499b6 <unknown>\nE       #3 0x55ba0fb49bf1 <unknown>\nE       #4 0x55ba0fb954d4 <unknown>\nE       #5 0x55ba0fb92700 <unknown>\nE       #6 0x55ba0fb3b6a2 <unknown>\nE       #7 0x55ba0fb3c491 <unknown>\nE       #8 0x55ba10051479 <unknown>\nE       #9 0x55ba10054391 <unknown>\nE       #10 0x55ba1003da89 <unknown>\nE       #11 0x55ba10054f4e <unknown>\nE       #12 0x55ba10024070 <unknown>\nE       #13 0x55ba10078ca8 <unknown>\nE       #14 0x55ba10078e78 <unknown>\nE       #15 0x55ba1008a828 <unknown>\nE       #16 0x7f7bcf09caa4 <unknown>\nE       #17 0x7f7bcf129c6c <unknown>\n\n/opt/hostedtoolcache/Python/3.12.12/x64/lib/python3.12/site-packages/selenium/webdriver/support/wait.py:95: TimeoutException","flaky":false,"newFailed":false,"newBroken":false,"newPassed":false,"retriesCount":0,"retriesStatusChange":false,"beforeStages":[{"name":"clear_allure_results_folder","time":{"start":1770488359047,"stop":1770488359047,"duration":0},"status":"passed","steps":[],"attachments":[],"parameters":[],"stepsCount":0,"shouldDisplayMessage":false,"attachmentsCount":0,"hasContent":false,"attachmentStep":false},{"name":"driver","time":{"start":1770489682355,"stop":1770489683112,"duration":757},"status":"passed","steps":[],"attachments":[],"parameters":[],"stepsCount":0,"shouldDisplayMessage":false,"attachmentsCount":0,"hasContent":false,"attachmentStep":false},{"name":"main_page_open","time":{"start":1770489683112,"stop":1770489685556,"duration":2444},"status":"passed","steps":[{"name":"Open page: https://www.brainup.site/","time":{"start":1770489683112,"stop":1770489685556,"duration":2444},"status":"passed","steps":[],"attachments":[],"parameters":[{"name":"driver","value":"<selenium.webdriver.chrome.webdriver.WebDriver (session=\"11ba20aaed46b111563746c5663698af\")>"}],"stepsCount":0,"shouldDisplayMessage":false,"attachmentsCount":0,"hasContent":true,"attachmentStep":false}],"attachments":[],"parameters":[],"stepsCount":1,"shouldDisplayMessage":false,"attachmentsCount":0,"hasContent":true,"attachmentStep":false},{"name":"default_user_authorized","time":{"start":1770489685556,"stop":1770489688469,"duration":2913},"status":"passed","steps":[{"name":"DEFAULT user authorized","time":{"start":1770489685556,"stop":1770489688469,"duration":2913},"status":"passed","steps":[{"name":"Check url is present: https://www.brainup.site/groups","time":{"start":1770489685918,"stop":1770489688447,"duration":2529},"status":"passed","steps":[],"attachments":[],"parameters":[],"stepsCount":0,"shouldDisplayMessage":false,"attachmentsCount":0,"hasContent":false,"attachmentStep":false},{"name":"Loader checking","time":{"start":1770489688447,"stop":1770489688469,"duration":22},"status":"passed","steps":[],"attachments":[],"parameters":[],"stepsCount":0,"shouldDisplayMessage":false,"attachmentsCount":0,"hasContent":false,"attachmentStep":false}],"attachments":[],"parameters":[{"name":"driver","value":"<selenium.webdriver.chrome.webdriver.WebDriver (session=\"11ba20aaed46b111563746c5663698af\")>"},{"name":"main_page_open","value":"None"}],"stepsCount":2,"shouldDisplayMessage":false,"attachmentsCount":0,"hasContent":true,"attachmentStep":false}],"attachments":[],"parameters":[],"stepsCount":3,"shouldDisplayMessage":false,"attachmentsCount":0,"hasContent":true,"attachmentStep":false}],"testStage":{"status":"skipped","statusMessage":"XFAIL\n\nselenium.common.exceptions.TimeoutException: Message: Can't find element by locator ('xpath', '//div[@class=\"__51e19\"]')\nStacktrace:\n#0 0x55ba1008b4ba <unknown>\n#1 0x55ba0faf4492 <unknown>\n#2 0x55ba0fb499b6 <unknown>\n#3 0x55ba0fb49bf1 <unknown>\n#4 0x55ba0fb954d4 <unknown>\n#5 0x55ba0fb92700 <unknown>\n#6 0x55ba0fb3b6a2 <unknown>\n#7 0x55ba0fb3c491 <unknown>\n#8 0x55ba10051479 <unknown>\n#9 0x55ba10054391 <unknown>\n#10 0x55ba1003da89 <unknown>\n#11 0x55ba10054f4e <unknown>\n#12 0x55ba10024070 <unknown>\n#13 0x55ba10078ca8 <unknown>\n#14 0x55ba10078e78 <unknown>\n#15 0x55ba1008a828 <unknown>\n#16 0x7f7bcf09caa4 <unknown>\n#17 0x7f7bcf129c6c <unknown>","statusTrace":"self = <tests.test_speech_exercises_ru.TestCardsRU object at 0x7f61bbaac950>\ndriver = <selenium.webdriver.chrome.webdriver.WebDriver (session=\"11ba20aaed46b111563746c5663698af\")>\ndefault_user_authorized = None\n\n    @pytest.mark.xfail\n    @allure.suite(\"Речевые упражнения.\")\n    @allure.title('Solutions to a random task in the \"Слова\" group and comparison of statics.')\n    def test_solve_word_cards_with_statistic_ru(self, driver, default_user_authorized):\n        page = SpeechExercisesPageRU(driver)\n        page.click_button_ru()\n>       table = page.get_statistic_data()\n\ntests/test_speech_exercises_ru.py:165: \n_ _ _ _ _ _ _ _ _ _ _ _ _ _ _ _ _ _ _ _ _ _ _ _ _ _ _ _ _ _ _ _ _ _ _ _ _ _ _ _ \npages/speech_exercises_page_ru.py:174: in get_statistic_data\n    table = self.element_is_present(self.locators.AuthorizedUserHomePageLocators.STATISTIC_TABLE)\npages/base_page.py:32: in element_is_present\n    return Wait(self.driver, self.timeout).until(\n_ _ _ _ _ _ _ _ _ _ _ _ _ _ _ _ _ _ _ _ _ _ _ _ _ _ _ _ _ _ _ _ _ _ _ _ _ _ _ _ \n\nself = <selenium.webdriver.support.wait.WebDriverWait (session=\"11ba20aaed46b111563746c5663698af\")>\nmethod = <function presence_of_element_located.<locals>._predicate at 0x7f61bb9799e0>\nmessage = 'Can\\'t find element by locator (\\'xpath\\', \\'//div[@class=\"__51e19\"]\\')'\n\n    def until(self, method, message: str = \"\"):\n        \"\"\"Calls the method provided with the driver as an argument until the \\\n        return value does not evaluate to ``False``.\n    \n        :param method: callable(WebDriver)\n        :param message: optional message for :exc:`TimeoutException`\n        :returns: the result of the last call to `method`\n        :raises: :exc:`selenium.common.exceptions.TimeoutException` if timeout occurs\n        \"\"\"\n        screen = None\n        stacktrace = None\n    \n        end_time = time.monotonic() + self._timeout\n        while True:\n            try:\n                value = method(self._driver)\n                if value:\n                    return value\n            except self._ignored_exceptions as exc:\n                screen = getattr(exc, \"screen\", None)\n                stacktrace = getattr(exc, \"stacktrace\", None)\n            time.sleep(self._poll)\n            if time.monotonic() > end_time:\n                break\n>       raise TimeoutException(message, screen, stacktrace)\nE       selenium.common.exceptions.TimeoutException: Message: Can't find element by locator ('xpath', '//div[@class=\"__51e19\"]')\nE       Stacktrace:\nE       #0 0x55ba1008b4ba <unknown>\nE       #1 0x55ba0faf4492 <unknown>\nE       #2 0x55ba0fb499b6 <unknown>\nE       #3 0x55ba0fb49bf1 <unknown>\nE       #4 0x55ba0fb954d4 <unknown>\nE       #5 0x55ba0fb92700 <unknown>\nE       #6 0x55ba0fb3b6a2 <unknown>\nE       #7 0x55ba0fb3c491 <unknown>\nE       #8 0x55ba10051479 <unknown>\nE       #9 0x55ba10054391 <unknown>\nE       #10 0x55ba1003da89 <unknown>\nE       #11 0x55ba10054f4e <unknown>\nE       #12 0x55ba10024070 <unknown>\nE       #13 0x55ba10078ca8 <unknown>\nE       #14 0x55ba10078e78 <unknown>\nE       #15 0x55ba1008a828 <unknown>\nE       #16 0x7f7bcf09caa4 <unknown>\nE       #17 0x7f7bcf129c6c <unknown>\n\n/opt/hostedtoolcache/Python/3.12.12/x64/lib/python3.12/site-packages/selenium/webdriver/support/wait.py:95: TimeoutException","steps":[{"name":"click_button RU","time":{"start":1770489688470,"stop":1770489688540,"duration":70},"status":"passed","steps":[{"name":"Click button \"RU\".","time":{"start":1770489688470,"stop":1770489688540,"duration":70},"status":"passed","steps":[],"attachments":[],"parameters":[],"stepsCount":0,"shouldDisplayMessage":false,"attachmentsCount":0,"hasContent":false,"attachmentStep":false}],"attachments":[],"parameters":[],"stepsCount":1,"shouldDisplayMessage":false,"attachmentsCount":0,"hasContent":true,"attachmentStep":false},{"name":"get_statistic_data","time":{"start":1770489688540,"stop":1770489698824,"duration":10284},"status":"broken","statusMessage":"selenium.common.exceptions.TimeoutException: Message: Can't find element by locator ('xpath', '//div[@class=\"__51e19\"]')\nStacktrace:\n#0 0x55ba1008b4ba <unknown>\n#1 0x55ba0faf4492 <unknown>\n#2 0x55ba0fb499b6 <unknown>\n#3 0x55ba0fb49bf1 <unknown>\n#4 0x55ba0fb954d4 <unknown>\n#5 0x55ba0fb92700 <unknown>\n#6 0x55ba0fb3b6a2 <unknown>\n#7 0x55ba0fb3c491 <unknown>\n#8 0x55ba10051479 <unknown>\n#9 0x55ba10054391 <unknown>\n#10 0x55ba1003da89 <unknown>\n#11 0x55ba10054f4e <unknown>\n#12 0x55ba10024070 <unknown>\n#13 0x55ba10078ca8 <unknown>\n#14 0x55ba10078e78 <unknown>\n#15 0x55ba1008a828 <unknown>\n#16 0x7f7bcf09caa4 <unknown>\n#17 0x7f7bcf129c6c <unknown>\n\n","statusTrace":"  File \"/opt/hostedtoolcache/Python/3.12.12/x64/lib/python3.12/site-packages/allure_commons/_allure.py\", line 192, in impl\n    return func(*a, **kw)\n           ^^^^^^^^^^^^^^\n  File \"/home/runner/work/auto-tests-python/auto-tests-python/pages/speech_exercises_page_ru.py\", line 174, in get_statistic_data\n    table = self.element_is_present(self.locators.AuthorizedUserHomePageLocators.STATISTIC_TABLE)\n            ^^^^^^^^^^^^^^^^^^^^^^^^^^^^^^^^^^^^^^^^^^^^^^^^^^^^^^^^^^^^^^^^^^^^^^^^^^^^^^^^^^^^^\n  File \"/home/runner/work/auto-tests-python/auto-tests-python/pages/base_page.py\", line 32, in element_is_present\n    return Wait(self.driver, self.timeout).until(\n           ^^^^^^^^^^^^^^^^^^^^^^^^^^^^^^^^^^^^^^\n  File \"/opt/hostedtoolcache/Python/3.12.12/x64/lib/python3.12/site-packages/selenium/webdriver/support/wait.py\", line 95, in until\n    raise TimeoutException(message, screen, stacktrace)\n","steps":[{"name":"Click button \"Статистика\"\".","time":{"start":1770489688540,"stop":1770489688609,"duration":69},"status":"passed","steps":[],"attachments":[],"parameters":[],"stepsCount":0,"shouldDisplayMessage":false,"attachmentsCount":0,"hasContent":false,"attachmentStep":false},{"name":"Check statistic table is present and scroll to table","time":{"start":1770489688609,"stop":1770489698823,"duration":10214},"status":"broken","statusMessage":"selenium.common.exceptions.TimeoutException: Message: Can't find element by locator ('xpath', '//div[@class=\"__51e19\"]')\nStacktrace:\n#0 0x55ba1008b4ba <unknown>\n#1 0x55ba0faf4492 <unknown>\n#2 0x55ba0fb499b6 <unknown>\n#3 0x55ba0fb49bf1 <unknown>\n#4 0x55ba0fb954d4 <unknown>\n#5 0x55ba0fb92700 <unknown>\n#6 0x55ba0fb3b6a2 <unknown>\n#7 0x55ba0fb3c491 <unknown>\n#8 0x55ba10051479 <unknown>\n#9 0x55ba10054391 <unknown>\n#10 0x55ba1003da89 <unknown>\n#11 0x55ba10054f4e <unknown>\n#12 0x55ba10024070 <unknown>\n#13 0x55ba10078ca8 <unknown>\n#14 0x55ba10078e78 <unknown>\n#15 0x55ba1008a828 <unknown>\n#16 0x7f7bcf09caa4 <unknown>\n#17 0x7f7bcf129c6c <unknown>\n\n","statusTrace":"  File \"/home/runner/work/auto-tests-python/auto-tests-python/pages/speech_exercises_page_ru.py\", line 174, in get_statistic_data\n    table = self.element_is_present(self.locators.AuthorizedUserHomePageLocators.STATISTIC_TABLE)\n            ^^^^^^^^^^^^^^^^^^^^^^^^^^^^^^^^^^^^^^^^^^^^^^^^^^^^^^^^^^^^^^^^^^^^^^^^^^^^^^^^^^^^^\n  File \"/home/runner/work/auto-tests-python/auto-tests-python/pages/base_page.py\", line 32, in element_is_present\n    return Wait(self.driver, self.timeout).until(\n           ^^^^^^^^^^^^^^^^^^^^^^^^^^^^^^^^^^^^^^\n  File \"/opt/hostedtoolcache/Python/3.12.12/x64/lib/python3.12/site-packages/selenium/webdriver/support/wait.py\", line 95, in until\n    raise TimeoutException(message, screen, stacktrace)\n","steps":[],"attachments":[],"parameters":[],"stepsCount":0,"shouldDisplayMessage":true,"attachmentsCount":0,"hasContent":true,"attachmentStep":false}],"attachments":[],"parameters":[],"stepsCount":2,"shouldDisplayMessage":false,"attachmentsCount":0,"hasContent":true,"attachmentStep":false}],"attachments":[],"parameters":[],"stepsCount":5,"shouldDisplayMessage":true,"attachmentsCount":0,"hasContent":true,"attachmentStep":false},"afterStages":[{"name":"driver::0","time":{"start":1770489698838,"stop":1770489698914,"duration":76},"status":"passed","steps":[],"attachments":[],"parameters":[],"stepsCount":0,"shouldDisplayMessage":false,"attachmentsCount":0,"hasContent":false,"attachmentStep":false}],"labels":[{"name":"epic","value":"Speech exercises."},{"name":"suite","value":"Речевые упражнения."},{"name":"tag","value":"@pytest.mark.xfail"},{"name":"parentSuite","value":"tests"},{"name":"subSuite","value":"TestCardsRU"},{"name":"host","value":"runnervmwffz4"},{"name":"thread","value":"2720-MainThread"},{"name":"framework","value":"pytest"},{"name":"language","value":"cpython3"},{"name":"package","value":"tests.test_speech_exercises_ru"},{"name":"resultFormat","value":"allure2"}],"parameters":[],"links":[],"hidden":false,"retry":false,"extra":{"severity":"normal","retries":[],"categories":[],"history":{"statistic":{"failed":0,"broken":0,"skipped":30,"passed":0,"unknown":0,"total":30},"items":[{"uid":"fadcc6737f2b77a3","reportUrl":"https://Brain-up.github.io/auto-tests-python/819/#testresult/fadcc6737f2b77a3","status":"skipped","statusDetails":"XFAIL\n\nselenium.common.exceptions.TimeoutException: Message: Can't find element by locator ('xpath', '//div[@class=\"__51e19\"]')\nStacktrace:\n#0 0x556de2ef5afa <unknown>\n#1 0x556de290f60f <unknown>\n#2 0x556de2964a16 <unknown>\n#3 0x556de2964c51 <unknown>\n#4 0x556de29b0404 <unknown>\n#5 0x556de29ad62b <unknown>\n#6 0x556de2956842 <unknown>\n#7 0x556de2957631 <unknown>\n#8 0x556de2ebb689 <unknown>\n#9 0x556de2ebe581 <unknown>\n#10 0x556de2ea7ca9 <unknown>\n#11 0x556de2ebf13e <unknown>\n#12 0x556de2e8e3a0 <unknown>\n#13 0x556de2ee2fc8 <unknown>\n#14 0x556de2ee319b <unknown>\n#15 0x556de2ef4e68 <unknown>\n#16 0x7f634b89caa4 <unknown>\n#17 0x7f634b929c6c <unknown>","time":{"start":1770377145357,"stop":1770377155700,"duration":10343}},{"uid":"aa2062b984e4a9b0","reportUrl":"https://Brain-up.github.io/auto-tests-python/818/#testresult/aa2062b984e4a9b0","status":"skipped","statusDetails":"XFAIL\n\nselenium.common.exceptions.TimeoutException: Message: Can't find element by locator ('xpath', '//div[@class=\"__51e19\"]')\nStacktrace:\n#0 0x5627b5f7fafa <unknown>\n#1 0x5627b599960f <unknown>\n#2 0x5627b59eea16 <unknown>\n#3 0x5627b59eec51 <unknown>\n#4 0x5627b5a3a404 <unknown>\n#5 0x5627b5a3762b <unknown>\n#6 0x5627b59e0842 <unknown>\n#7 0x5627b59e1631 <unknown>\n#8 0x5627b5f45689 <unknown>\n#9 0x5627b5f48581 <unknown>\n#10 0x5627b5f31ca9 <unknown>\n#11 0x5627b5f4913e <unknown>\n#12 0x5627b5f183a0 <unknown>\n#13 0x5627b5f6cfc8 <unknown>\n#14 0x5627b5f6d19b <unknown>\n#15 0x5627b5f7ee68 <unknown>\n#16 0x7fdfe269caa4 <unknown>\n#17 0x7fdfe2729c6c <unknown>","time":{"start":1770119620126,"stop":1770119630585,"duration":10459}},{"uid":"63c21b95ebf9b592","reportUrl":"https://Brain-up.github.io/auto-tests-python/817/#testresult/63c21b95ebf9b592","status":"skipped","statusDetails":"XFAIL\n\nselenium.common.exceptions.TimeoutException: Message: Can't find element by locator ('xpath', '//div[@class=\"__51e19\"]')\nStacktrace:\n#0 0x55f848b4eafa <unknown>\n#1 0x55f84856860f <unknown>\n#2 0x55f8485bda16 <unknown>\n#3 0x55f8485bdc51 <unknown>\n#4 0x55f848609404 <unknown>\n#5 0x55f84860662b <unknown>\n#6 0x55f8485af842 <unknown>\n#7 0x55f8485b0631 <unknown>\n#8 0x55f848b14689 <unknown>\n#9 0x55f848b17581 <unknown>\n#10 0x55f848b00ca9 <unknown>\n#11 0x55f848b1813e <unknown>\n#12 0x55f848ae73a0 <unknown>\n#13 0x55f848b3bfc8 <unknown>\n#14 0x55f848b3c19b <unknown>\n#15 0x55f848b4de68 <unknown>\n#16 0x7f425d09caa4 <unknown>\n#17 0x7f425d129c6c <unknown>","time":{"start":1769945876386,"stop":1769945886808,"duration":10422}},{"uid":"fb46ff554dc94ca","reportUrl":"https://Brain-up.github.io/auto-tests-python/816/#testresult/fb46ff554dc94ca","status":"skipped","statusDetails":"XFAIL\n\nselenium.common.exceptions.TimeoutException: Message: Can't find element by locator ('xpath', '//div[@class=\"__51e19\"]')\nStacktrace:\n#0 0x562af989cafa <unknown>\n#1 0x562af92b660f <unknown>\n#2 0x562af930ba16 <unknown>\n#3 0x562af930bc51 <unknown>\n#4 0x562af9357404 <unknown>\n#5 0x562af935462b <unknown>\n#6 0x562af92fd842 <unknown>\n#7 0x562af92fe631 <unknown>\n#8 0x562af9862689 <unknown>\n#9 0x562af9865581 <unknown>\n#10 0x562af984eca9 <unknown>\n#11 0x562af986613e <unknown>\n#12 0x562af98353a0 <unknown>\n#13 0x562af9889fc8 <unknown>\n#14 0x562af988a19b <unknown>\n#15 0x562af989be68 <unknown>\n#16 0x7fa9c689caa4 <unknown>\n#17 0x7fa9c6929c6c <unknown>","time":{"start":1769859830406,"stop":1769859840732,"duration":10326}},{"uid":"cbba786b165f9e75","reportUrl":"https://Brain-up.github.io/auto-tests-python/816/#testresult/cbba786b165f9e75","status":"skipped","statusDetails":"XFAIL\n\nselenium.common.exceptions.TimeoutException: Message: Can't find element by locator ('xpath', '//div[@class=\"__51e19\"]')\nStacktrace:\n#0 0x55bc77390afa <unknown>\n#1 0x55bc76daa60f <unknown>\n#2 0x55bc76dffa16 <unknown>\n#3 0x55bc76dffc51 <unknown>\n#4 0x55bc76e4b404 <unknown>\n#5 0x55bc76e4862b <unknown>\n#6 0x55bc76df1842 <unknown>\n#7 0x55bc76df2631 <unknown>\n#8 0x55bc77356689 <unknown>\n#9 0x55bc77359581 <unknown>\n#10 0x55bc77342ca9 <unknown>\n#11 0x55bc7735a13e <unknown>\n#12 0x55bc773293a0 <unknown>\n#13 0x55bc7737dfc8 <unknown>\n#14 0x55bc7737e19b <unknown>\n#15 0x55bc7738fe68 <unknown>\n#16 0x7ffb3dc9caa4 <unknown>\n#17 0x7ffb3dd29c6c <unknown>","time":{"start":1769785197615,"stop":1769785207955,"duration":10340}},{"uid":"ba426f5b7dbc351","reportUrl":"https://Brain-up.github.io/auto-tests-python/815/#testresult/ba426f5b7dbc351","status":"skipped","statusDetails":"XFAIL\n\nKeyError: 25","time":{"start":1769689079651,"stop":1769689085143,"duration":5492}},{"uid":"b709a14d94344dc8","reportUrl":"https://Brain-up.github.io/auto-tests-python/814/#testresult/b709a14d94344dc8","status":"skipped","statusDetails":"XFAIL\n\nKeyError: 37","time":{"start":1769601033862,"stop":1769601039423,"duration":5561}},{"uid":"8d0f3b2c774740af","reportUrl":"https://Brain-up.github.io/auto-tests-python/814/#testresult/8d0f3b2c774740af","status":"skipped","statusDetails":"XFAIL\n\nselenium.common.exceptions.TimeoutException: Message: Can't find element by locator ('xpath', '//div[@class=\"__51e19\"]')\nStacktrace:\n#0 0x5610c0546c3a <unknown>\n#1 0x5610bff60969 <unknown>\n#2 0x5610bffb5ead <unknown>\n#3 0x5610bffb60f1 <unknown>\n#4 0x5610c00017e4 <unknown>\n#5 0x5610bfffea20 <unknown>\n#6 0x5610bffa7be2 <unknown>\n#7 0x5610bffa8991 <unknown>\n#8 0x5610c050ca99 <unknown>\n#9 0x5610c050f9b1 <unknown>\n#10 0x5610c04f90a9 <unknown>\n#11 0x5610c051056e <unknown>\n#12 0x5610c04df5e0 <unknown>\n#13 0x5610c0534358 <unknown>\n#14 0x5610c0534528 <unknown>\n#15 0x5610c0545fa8 <unknown>\n#16 0x7f0c25c9caa4 <unknown>\n#17 0x7f0c25d29c6c <unknown>","time":{"start":1769552703180,"stop":1769552713583,"duration":10403}},{"uid":"13221f866008525e","reportUrl":"https://Brain-up.github.io/auto-tests-python/814/#testresult/13221f866008525e","status":"skipped","statusDetails":"XFAIL\n\nKeyError: 23","time":{"start":1769545415794,"stop":1769545421786,"duration":5992}},{"uid":"1a29b92e6d886729","reportUrl":"https://Brain-up.github.io/auto-tests-python/813/#testresult/1a29b92e6d886729","status":"skipped","statusDetails":"XFAIL\n\nselenium.common.exceptions.TimeoutException: Message: Can't find element by locator ('xpath', '//div[@class=\"__51e19\"]')\nStacktrace:\n#0 0x55a24edaac3a <unknown>\n#1 0x55a24e7c4969 <unknown>\n#2 0x55a24e819ead <unknown>\n#3 0x55a24e81a0f1 <unknown>\n#4 0x55a24e8657e4 <unknown>\n#5 0x55a24e862a20 <unknown>\n#6 0x55a24e80bbe2 <unknown>\n#7 0x55a24e80c991 <unknown>\n#8 0x55a24ed70a99 <unknown>\n#9 0x55a24ed739b1 <unknown>\n#10 0x55a24ed5d0a9 <unknown>\n#11 0x55a24ed7456e <unknown>\n#12 0x55a24ed435e0 <unknown>\n#13 0x55a24ed98358 <unknown>\n#14 0x55a24ed98528 <unknown>\n#15 0x55a24eda9fa8 <unknown>\n#16 0x7f039109caa4 <unknown>\n#17 0x7f0391129c6c <unknown>","time":{"start":1769426186868,"stop":1769426197226,"duration":10358}},{"uid":"4ea36c2cf83ea652","reportUrl":"https://Brain-up.github.io/auto-tests-python/812/#testresult/4ea36c2cf83ea652","status":"skipped","statusDetails":"XFAIL\n\nselenium.common.exceptions.TimeoutException: Message: Can't find element by locator ('xpath', '//div[@class=\"__51e19\"]')\nStacktrace:\n#0 0x556006c7ec3a <unknown>\n#1 0x556006698969 <unknown>\n#2 0x5560066edead <unknown>\n#3 0x5560066ee0f1 <unknown>\n#4 0x5560067397e4 <unknown>\n#5 0x556006736a20 <unknown>\n#6 0x5560066dfbe2 <unknown>\n#7 0x5560066e0991 <unknown>\n#8 0x556006c44a99 <unknown>\n#9 0x556006c479b1 <unknown>\n#10 0x556006c310a9 <unknown>\n#11 0x556006c4856e <unknown>\n#12 0x556006c175e0 <unknown>\n#13 0x556006c6c358 <unknown>\n#14 0x556006c6c528 <unknown>\n#15 0x556006c7dfa8 <unknown>\n#16 0x7feb8e29caa4 <unknown>\n#17 0x7feb8e329c6c <unknown>","time":{"start":1769336243073,"stop":1769336253417,"duration":10344}},{"uid":"b88ac971a9f914b5","reportUrl":"https://Brain-up.github.io/auto-tests-python/811/#testresult/b88ac971a9f914b5","status":"skipped","statusDetails":"XFAIL\n\nselenium.common.exceptions.TimeoutException: Message: Can't find element by locator ('xpath', '//div[@class=\"__51e19\"]')\nStacktrace:\n#0 0x55d1246ddc3a <unknown>\n#1 0x55d1240f7969 <unknown>\n#2 0x55d12414cead <unknown>\n#3 0x55d12414d0f1 <unknown>\n#4 0x55d1241987e4 <unknown>\n#5 0x55d124195a20 <unknown>\n#6 0x55d12413ebe2 <unknown>\n#7 0x55d12413f991 <unknown>\n#8 0x55d1246a3a99 <unknown>\n#9 0x55d1246a69b1 <unknown>\n#10 0x55d1246900a9 <unknown>\n#11 0x55d1246a756e <unknown>\n#12 0x55d1246765e0 <unknown>\n#13 0x55d1246cb358 <unknown>\n#14 0x55d1246cb528 <unknown>\n#15 0x55d1246dcfa8 <unknown>\n#16 0x7f264369caa4 <unknown>\n#17 0x7f2643729c6c <unknown>","time":{"start":1769252935816,"stop":1769252946101,"duration":10285}},{"uid":"bb21e9dd26918ccb","reportUrl":"https://Brain-up.github.io/auto-tests-python/810/#testresult/bb21e9dd26918ccb","status":"skipped","statusDetails":"XFAIL\n\nselenium.common.exceptions.TimeoutException: Message: Can't find element by locator ('xpath', '//div[@class=\"__51e19\"]')\nStacktrace:\n#0 0x5584a9e7440a <unknown>\n#1 0x5584a98a876b <unknown>\n#2 0x5584a98f9e88 <unknown>\n#3 0x5584a98fa0c1 <unknown>\n#4 0x5584a99482c4 <unknown>\n#5 0x5584a9945760 <unknown>\n#6 0x5584a98ec7b2 <unknown>\n#7 0x5584a98ed461 <unknown>\n#8 0x5584a9e3cdf9 <unknown>\n#9 0x5584a9e3fd5d <unknown>\n#10 0x5584a9e25b41 <unknown>\n#11 0x5584a9e4093b <unknown>\n#12 0x5584a9e0c870 <unknown>\n#13 0x5584a9e61828 <unknown>\n#14 0x5584a9e619fc <unknown>\n#15 0x5584a9e73763 <unknown>\n#16 0x7f80b729caa4 <unknown>\n#17 0x7f80b7329c6c <unknown>","time":{"start":1769071629526,"stop":1769071639895,"duration":10369}},{"uid":"be3920dca41a98f7","reportUrl":"https://Brain-up.github.io/auto-tests-python/809/#testresult/be3920dca41a98f7","status":"skipped","statusDetails":"XFAIL\n\nselenium.common.exceptions.TimeoutException: Message: Can't find element by locator ('xpath', '//div[@class=\"__51e19\"]')\nStacktrace:\n#0 0x559336c7240a <unknown>\n#1 0x5593366a676b <unknown>\n#2 0x5593366f7e88 <unknown>\n#3 0x5593366f80c1 <unknown>\n#4 0x5593367462c4 <unknown>\n#5 0x559336743760 <unknown>\n#6 0x5593366ea7b2 <unknown>\n#7 0x5593366eb461 <unknown>\n#8 0x559336c3adf9 <unknown>\n#9 0x559336c3dd5d <unknown>\n#10 0x559336c23b41 <unknown>\n#11 0x559336c3e93b <unknown>\n#12 0x559336c0a870 <unknown>\n#13 0x559336c5f828 <unknown>\n#14 0x559336c5f9fc <unknown>\n#15 0x559336c71763 <unknown>\n#16 0x7fdbf369caa4 <unknown>\n#17 0x7fdbf3729c6c <unknown>","time":{"start":1768989451886,"stop":1768989462239,"duration":10353}},{"uid":"7e818e7d17b5110c","reportUrl":"https://Brain-up.github.io/auto-tests-python/808/#testresult/7e818e7d17b5110c","status":"skipped","statusDetails":"XFAIL\n\nselenium.common.exceptions.TimeoutException: Message: Can't find element by locator ('xpath', '//div[@class=\"__51e19\"]')\nStacktrace:\n#0 0x55957c88d40a <unknown>\n#1 0x55957c2c176b <unknown>\n#2 0x55957c312e88 <unknown>\n#3 0x55957c3130c1 <unknown>\n#4 0x55957c3612c4 <unknown>\n#5 0x55957c35e760 <unknown>\n#6 0x55957c3057b2 <unknown>\n#7 0x55957c306461 <unknown>\n#8 0x55957c855df9 <unknown>\n#9 0x55957c858d5d <unknown>\n#10 0x55957c83eb41 <unknown>\n#11 0x55957c85993b <unknown>\n#12 0x55957c825870 <unknown>\n#13 0x55957c87a828 <unknown>\n#14 0x55957c87a9fc <unknown>\n#15 0x55957c88c763 <unknown>\n#16 0x7fdf1269caa4 <unknown>\n#17 0x7fdf12729c6c <unknown>","time":{"start":1768906865085,"stop":1768906875365,"duration":10280}},{"uid":"463a569703d9681e","reportUrl":"https://Brain-up.github.io/auto-tests-python/807/#testresult/463a569703d9681e","status":"skipped","statusDetails":"XFAIL\n\nKeyError: 4","time":{"start":1768821191883,"stop":1768821197643,"duration":5760}},{"uid":"755055f429e4035f","reportUrl":"https://Brain-up.github.io/auto-tests-python/806/#testresult/755055f429e4035f","status":"skipped","statusDetails":"XFAIL\n\nselenium.common.exceptions.TimeoutException: Message: Can't find element by locator ('xpath', '//div[@class=\"__51e19\"]')\nStacktrace:\n#0 0x55a8711a640a <unknown>\n#1 0x55a870bda76b <unknown>\n#2 0x55a870c2be88 <unknown>\n#3 0x55a870c2c0c1 <unknown>\n#4 0x55a870c7a2c4 <unknown>\n#5 0x55a870c77760 <unknown>\n#6 0x55a870c1e7b2 <unknown>\n#7 0x55a870c1f461 <unknown>\n#8 0x55a87116edf9 <unknown>\n#9 0x55a871171d5d <unknown>\n#10 0x55a871157b41 <unknown>\n#11 0x55a87117293b <unknown>\n#12 0x55a87113e870 <unknown>\n#13 0x55a871193828 <unknown>\n#14 0x55a8711939fc <unknown>\n#15 0x55a8711a5763 <unknown>\n#16 0x7fdf5e29caa4 <unknown>\n#17 0x7fdf5e329c6c <unknown>","time":{"start":1768737443955,"stop":1768737454302,"duration":10347}},{"uid":"f0ae21f481e46bc6","reportUrl":"https://Brain-up.github.io/auto-tests-python/805/#testresult/f0ae21f481e46bc6","status":"skipped","statusDetails":"XFAIL\n\nselenium.common.exceptions.TimeoutException: Message: Can't find element by locator ('xpath', '//div[@class=\"__51e19\"]')\nStacktrace:\n#0 0x555a6cd9b40a <unknown>\n#1 0x555a6c7cf76b <unknown>\n#2 0x555a6c820e88 <unknown>\n#3 0x555a6c8210c1 <unknown>\n#4 0x555a6c86f2c4 <unknown>\n#5 0x555a6c86c760 <unknown>\n#6 0x555a6c8137b2 <unknown>\n#7 0x555a6c814461 <unknown>\n#8 0x555a6cd63df9 <unknown>\n#9 0x555a6cd66d5d <unknown>\n#10 0x555a6cd4cb41 <unknown>\n#11 0x555a6cd6793b <unknown>\n#12 0x555a6cd33870 <unknown>\n#13 0x555a6cd88828 <unknown>\n#14 0x555a6cd889fc <unknown>\n#15 0x555a6cd9a763 <unknown>\n#16 0x7f46fb89caa4 <unknown>\n#17 0x7f46fb929c6c <unknown>","time":{"start":1768647853693,"stop":1768647864030,"duration":10337}},{"uid":"9d4f329ad1e0ebff","reportUrl":"https://Brain-up.github.io/auto-tests-python/804/#testresult/9d4f329ad1e0ebff","status":"skipped","statusDetails":"XFAIL\n\nselenium.common.exceptions.TimeoutException: Message: Can't find element by locator ('xpath', '//div[@class=\"__51e19\"]')\nStacktrace:\n#0 0x5604e0a0540a <unknown>\n#1 0x5604e043976b <unknown>\n#2 0x5604e048ae88 <unknown>\n#3 0x5604e048b0c1 <unknown>\n#4 0x5604e04d92c4 <unknown>\n#5 0x5604e04d6760 <unknown>\n#6 0x5604e047d7b2 <unknown>\n#7 0x5604e047e461 <unknown>\n#8 0x5604e09cddf9 <unknown>\n#9 0x5604e09d0d5d <unknown>\n#10 0x5604e09b6b41 <unknown>\n#11 0x5604e09d193b <unknown>\n#12 0x5604e099d870 <unknown>\n#13 0x5604e09f2828 <unknown>\n#14 0x5604e09f29fc <unknown>\n#15 0x5604e0a04763 <unknown>\n#16 0x7f13c0a9caa4 <unknown>\n#17 0x7f13c0b29c6c <unknown>","time":{"start":1768558878107,"stop":1768558888439,"duration":10332}},{"uid":"9c58fb985453415c","reportUrl":"https://Brain-up.github.io/auto-tests-python/803/#testresult/9c58fb985453415c","status":"skipped","statusDetails":"XFAIL\n\nselenium.common.exceptions.TimeoutException: Message: Can't find element by locator ('xpath', '//div[@class=\"__51e19\"]')\nStacktrace:\n#0 0x56548437d61a <unknown>\n#1 0x565483dfa20b <unknown>\n#2 0x565483e4b90f <unknown>\n#3 0x565483e4bb51 <unknown>\n#4 0x565483e99d84 <unknown>\n#5 0x565483e9720e <unknown>\n#6 0x565483e3e232 <unknown>\n#7 0x565483e3eee1 <unknown>\n#8 0x5654843463f9 <unknown>\n#9 0x56548434934d <unknown>\n#10 0x56548432f122 <unknown>\n#11 0x565484349f2b <unknown>\n#12 0x565484315c30 <unknown>\n#13 0x56548436ad78 <unknown>\n#14 0x56548436af4c <unknown>\n#15 0x56548437c973 <unknown>\n#16 0x7efea069caa4 <unknown>\n#17 0x7efea0729c6c <unknown>","time":{"start":1768471978998,"stop":1768471989340,"duration":10342}}]},"tags":["@pytest.mark.xfail"]},"source":"b7f60b14734bd6cf.json","parameterValues":[]}