{"uid":"f0a47a5119eac313","name":"Solutions to a random task in the \"Слова\" .","fullName":"tests.test_speech_exercises_ru.TestCardsRU#test_solve_word_cards_ru","historyId":"97a1dfc93de55b98f3507f18d0af26f8","time":{"start":1770489655414,"stop":1770489665732,"duration":10318},"status":"skipped","statusMessage":"XFAIL\n\nselenium.common.exceptions.TimeoutException: Message: Can't find element by locator ('xpath', '//a[text()=\"Упражнения\"]')\nStacktrace:\n#0 0x55c2487d44ba <unknown>\n#1 0x55c24823d492 <unknown>\n#2 0x55c2482929b6 <unknown>\n#3 0x55c248292bf1 <unknown>\n#4 0x55c2482de4d4 <unknown>\n#5 0x55c2482db700 <unknown>\n#6 0x55c2482846a2 <unknown>\n#7 0x55c248285491 <unknown>\n#8 0x55c24879a479 <unknown>\n#9 0x55c24879d391 <unknown>\n#10 0x55c248786a89 <unknown>\n#11 0x55c24879df4e <unknown>\n#12 0x55c24876d070 <unknown>\n#13 0x55c2487c1ca8 <unknown>\n#14 0x55c2487c1e78 <unknown>\n#15 0x55c2487d3828 <unknown>\n#16 0x7f662d89caa4 <unknown>\n#17 0x7f662d929c6c <unknown>","statusTrace":"self = <tests.test_speech_exercises_ru.TestCardsRU object at 0x7f61bbaac410>\ndriver = <selenium.webdriver.chrome.webdriver.WebDriver (session=\"df1c042e81e34c2225abafbb4105b3cf\")>\ndefault_user_authorized = None\n\n    @pytest.mark.xfail\n    @allure.suite(\"Речевые упражнения.\")\n    @allure.title('Solutions to a random task in the \"Слова\" .')\n    def test_solve_word_cards_ru(self, driver, default_user_authorized):\n        page = SpeechExercisesPageRU(driver)\n>       page.click_button_exercises()\n\ntests/test_speech_exercises_ru.py:124: \n_ _ _ _ _ _ _ _ _ _ _ _ _ _ _ _ _ _ _ _ _ _ _ _ _ _ _ _ _ _ _ _ _ _ _ _ _ _ _ _ \npages/speech_exercises_page_ru.py:199: in click_button_exercises\n    button = self.element_is_present_and_clickable(self.locators.AuthorizedUserHomePageLocators.BUTTON_EXERCISES_RU)\npages/base_page.py:40: in element_is_present_and_clickable\n    return (Wait(self.driver, self.timeout).until(\n_ _ _ _ _ _ _ _ _ _ _ _ _ _ _ _ _ _ _ _ _ _ _ _ _ _ _ _ _ _ _ _ _ _ _ _ _ _ _ _ \n\nself = <selenium.webdriver.support.wait.WebDriverWait (session=\"df1c042e81e34c2225abafbb4105b3cf\")>\nmethod = <function visibility_of_element_located.<locals>._predicate at 0x7f61bb9a34c0>\nmessage = 'Can\\'t find element by locator (\\'xpath\\', \\'//a[text()=\"Упражнения\"]\\')'\n\n    def until(self, method, message: str = \"\"):\n        \"\"\"Calls the method provided with the driver as an argument until the \\\n        return value does not evaluate to ``False``.\n    \n        :param method: callable(WebDriver)\n        :param message: optional message for :exc:`TimeoutException`\n        :returns: the result of the last call to `method`\n        :raises: :exc:`selenium.common.exceptions.TimeoutException` if timeout occurs\n        \"\"\"\n        screen = None\n        stacktrace = None\n    \n        end_time = time.monotonic() + self._timeout\n        while True:\n            try:\n                value = method(self._driver)\n                if value:\n                    return value\n            except self._ignored_exceptions as exc:\n                screen = getattr(exc, \"screen\", None)\n                stacktrace = getattr(exc, \"stacktrace\", None)\n            time.sleep(self._poll)\n            if time.monotonic() > end_time:\n                break\n>       raise TimeoutException(message, screen, stacktrace)\nE       selenium.common.exceptions.TimeoutException: Message: Can't find element by locator ('xpath', '//a[text()=\"Упражнения\"]')\nE       Stacktrace:\nE       #0 0x55c2487d44ba <unknown>\nE       #1 0x55c24823d492 <unknown>\nE       #2 0x55c2482929b6 <unknown>\nE       #3 0x55c248292bf1 <unknown>\nE       #4 0x55c2482de4d4 <unknown>\nE       #5 0x55c2482db700 <unknown>\nE       #6 0x55c2482846a2 <unknown>\nE       #7 0x55c248285491 <unknown>\nE       #8 0x55c24879a479 <unknown>\nE       #9 0x55c24879d391 <unknown>\nE       #10 0x55c248786a89 <unknown>\nE       #11 0x55c24879df4e <unknown>\nE       #12 0x55c24876d070 <unknown>\nE       #13 0x55c2487c1ca8 <unknown>\nE       #14 0x55c2487c1e78 <unknown>\nE       #15 0x55c2487d3828 <unknown>\nE       #16 0x7f662d89caa4 <unknown>\nE       #17 0x7f662d929c6c <unknown>\n\n/opt/hostedtoolcache/Python/3.12.12/x64/lib/python3.12/site-packages/selenium/webdriver/support/wait.py:95: TimeoutException","flaky":false,"newFailed":false,"newBroken":false,"newPassed":false,"retriesCount":0,"retriesStatusChange":false,"beforeStages":[{"name":"clear_allure_results_folder","time":{"start":1770488359047,"stop":1770488359047,"duration":0},"status":"passed","steps":[],"attachments":[],"parameters":[],"stepsCount":0,"shouldDisplayMessage":false,"attachmentsCount":0,"hasContent":false,"attachmentStep":false},{"name":"driver","time":{"start":1770489649198,"stop":1770489649950,"duration":752},"status":"passed","steps":[],"attachments":[],"parameters":[],"stepsCount":0,"shouldDisplayMessage":false,"attachmentsCount":0,"hasContent":false,"attachmentStep":false},{"name":"main_page_open","time":{"start":1770489649950,"stop":1770489652487,"duration":2537},"status":"passed","steps":[{"name":"Open page: https://www.brainup.site/","time":{"start":1770489649950,"stop":1770489652487,"duration":2537},"status":"passed","steps":[],"attachments":[],"parameters":[{"name":"driver","value":"<selenium.webdriver.chrome.webdriver.WebDriver (session=\"df1c042e81e34c2225abafbb4105b3cf\")>"}],"stepsCount":0,"shouldDisplayMessage":false,"attachmentsCount":0,"hasContent":true,"attachmentStep":false}],"attachments":[],"parameters":[],"stepsCount":1,"shouldDisplayMessage":false,"attachmentsCount":0,"hasContent":true,"attachmentStep":false},{"name":"default_user_authorized","time":{"start":1770489652487,"stop":1770489655414,"duration":2927},"status":"passed","steps":[{"name":"DEFAULT user authorized","time":{"start":1770489652487,"stop":1770489655414,"duration":2927},"status":"passed","steps":[{"name":"Check url is present: https://www.brainup.site/groups","time":{"start":1770489652863,"stop":1770489655391,"duration":2528},"status":"passed","steps":[],"attachments":[],"parameters":[],"stepsCount":0,"shouldDisplayMessage":false,"attachmentsCount":0,"hasContent":false,"attachmentStep":false},{"name":"Loader checking","time":{"start":1770489655391,"stop":1770489655414,"duration":23},"status":"passed","steps":[],"attachments":[],"parameters":[],"stepsCount":0,"shouldDisplayMessage":false,"attachmentsCount":0,"hasContent":false,"attachmentStep":false}],"attachments":[],"parameters":[{"name":"driver","value":"<selenium.webdriver.chrome.webdriver.WebDriver (session=\"df1c042e81e34c2225abafbb4105b3cf\")>"},{"name":"main_page_open","value":"None"}],"stepsCount":2,"shouldDisplayMessage":false,"attachmentsCount":0,"hasContent":true,"attachmentStep":false}],"attachments":[],"parameters":[],"stepsCount":3,"shouldDisplayMessage":false,"attachmentsCount":0,"hasContent":true,"attachmentStep":false}],"testStage":{"status":"skipped","statusMessage":"XFAIL\n\nselenium.common.exceptions.TimeoutException: Message: Can't find element by locator ('xpath', '//a[text()=\"Упражнения\"]')\nStacktrace:\n#0 0x55c2487d44ba <unknown>\n#1 0x55c24823d492 <unknown>\n#2 0x55c2482929b6 <unknown>\n#3 0x55c248292bf1 <unknown>\n#4 0x55c2482de4d4 <unknown>\n#5 0x55c2482db700 <unknown>\n#6 0x55c2482846a2 <unknown>\n#7 0x55c248285491 <unknown>\n#8 0x55c24879a479 <unknown>\n#9 0x55c24879d391 <unknown>\n#10 0x55c248786a89 <unknown>\n#11 0x55c24879df4e <unknown>\n#12 0x55c24876d070 <unknown>\n#13 0x55c2487c1ca8 <unknown>\n#14 0x55c2487c1e78 <unknown>\n#15 0x55c2487d3828 <unknown>\n#16 0x7f662d89caa4 <unknown>\n#17 0x7f662d929c6c <unknown>","statusTrace":"self = <tests.test_speech_exercises_ru.TestCardsRU object at 0x7f61bbaac410>\ndriver = <selenium.webdriver.chrome.webdriver.WebDriver (session=\"df1c042e81e34c2225abafbb4105b3cf\")>\ndefault_user_authorized = None\n\n    @pytest.mark.xfail\n    @allure.suite(\"Речевые упражнения.\")\n    @allure.title('Solutions to a random task in the \"Слова\" .')\n    def test_solve_word_cards_ru(self, driver, default_user_authorized):\n        page = SpeechExercisesPageRU(driver)\n>       page.click_button_exercises()\n\ntests/test_speech_exercises_ru.py:124: \n_ _ _ _ _ _ _ _ _ _ _ _ _ _ _ _ _ _ _ _ _ _ _ _ _ _ _ _ _ _ _ _ _ _ _ _ _ _ _ _ \npages/speech_exercises_page_ru.py:199: in click_button_exercises\n    button = self.element_is_present_and_clickable(self.locators.AuthorizedUserHomePageLocators.BUTTON_EXERCISES_RU)\npages/base_page.py:40: in element_is_present_and_clickable\n    return (Wait(self.driver, self.timeout).until(\n_ _ _ _ _ _ _ _ _ _ _ _ _ _ _ _ _ _ _ _ _ _ _ _ _ _ _ _ _ _ _ _ _ _ _ _ _ _ _ _ \n\nself = <selenium.webdriver.support.wait.WebDriverWait (session=\"df1c042e81e34c2225abafbb4105b3cf\")>\nmethod = <function visibility_of_element_located.<locals>._predicate at 0x7f61bb9a34c0>\nmessage = 'Can\\'t find element by locator (\\'xpath\\', \\'//a[text()=\"Упражнения\"]\\')'\n\n    def until(self, method, message: str = \"\"):\n        \"\"\"Calls the method provided with the driver as an argument until the \\\n        return value does not evaluate to ``False``.\n    \n        :param method: callable(WebDriver)\n        :param message: optional message for :exc:`TimeoutException`\n        :returns: the result of the last call to `method`\n        :raises: :exc:`selenium.common.exceptions.TimeoutException` if timeout occurs\n        \"\"\"\n        screen = None\n        stacktrace = None\n    \n        end_time = time.monotonic() + self._timeout\n        while True:\n            try:\n                value = method(self._driver)\n                if value:\n                    return value\n            except self._ignored_exceptions as exc:\n                screen = getattr(exc, \"screen\", None)\n                stacktrace = getattr(exc, \"stacktrace\", None)\n            time.sleep(self._poll)\n            if time.monotonic() > end_time:\n                break\n>       raise TimeoutException(message, screen, stacktrace)\nE       selenium.common.exceptions.TimeoutException: Message: Can't find element by locator ('xpath', '//a[text()=\"Упражнения\"]')\nE       Stacktrace:\nE       #0 0x55c2487d44ba <unknown>\nE       #1 0x55c24823d492 <unknown>\nE       #2 0x55c2482929b6 <unknown>\nE       #3 0x55c248292bf1 <unknown>\nE       #4 0x55c2482de4d4 <unknown>\nE       #5 0x55c2482db700 <unknown>\nE       #6 0x55c2482846a2 <unknown>\nE       #7 0x55c248285491 <unknown>\nE       #8 0x55c24879a479 <unknown>\nE       #9 0x55c24879d391 <unknown>\nE       #10 0x55c248786a89 <unknown>\nE       #11 0x55c24879df4e <unknown>\nE       #12 0x55c24876d070 <unknown>\nE       #13 0x55c2487c1ca8 <unknown>\nE       #14 0x55c2487c1e78 <unknown>\nE       #15 0x55c2487d3828 <unknown>\nE       #16 0x7f662d89caa4 <unknown>\nE       #17 0x7f662d929c6c <unknown>\n\n/opt/hostedtoolcache/Python/3.12.12/x64/lib/python3.12/site-packages/selenium/webdriver/support/wait.py:95: TimeoutException","steps":[{"name":"Click button \"Упражнения\".","time":{"start":1770489655414,"stop":1770489665731,"duration":10317},"status":"broken","statusMessage":"selenium.common.exceptions.TimeoutException: Message: Can't find element by locator ('xpath', '//a[text()=\"Упражнения\"]')\nStacktrace:\n#0 0x55c2487d44ba <unknown>\n#1 0x55c24823d492 <unknown>\n#2 0x55c2482929b6 <unknown>\n#3 0x55c248292bf1 <unknown>\n#4 0x55c2482de4d4 <unknown>\n#5 0x55c2482db700 <unknown>\n#6 0x55c2482846a2 <unknown>\n#7 0x55c248285491 <unknown>\n#8 0x55c24879a479 <unknown>\n#9 0x55c24879d391 <unknown>\n#10 0x55c248786a89 <unknown>\n#11 0x55c24879df4e <unknown>\n#12 0x55c24876d070 <unknown>\n#13 0x55c2487c1ca8 <unknown>\n#14 0x55c2487c1e78 <unknown>\n#15 0x55c2487d3828 <unknown>\n#16 0x7f662d89caa4 <unknown>\n#17 0x7f662d929c6c <unknown>\n\n","statusTrace":"  File \"/opt/hostedtoolcache/Python/3.12.12/x64/lib/python3.12/site-packages/allure_commons/_allure.py\", line 192, in impl\n    return func(*a, **kw)\n           ^^^^^^^^^^^^^^\n  File \"/home/runner/work/auto-tests-python/auto-tests-python/pages/speech_exercises_page_ru.py\", line 199, in click_button_exercises\n    button = self.element_is_present_and_clickable(self.locators.AuthorizedUserHomePageLocators.BUTTON_EXERCISES_RU)\n             ^^^^^^^^^^^^^^^^^^^^^^^^^^^^^^^^^^^^^^^^^^^^^^^^^^^^^^^^^^^^^^^^^^^^^^^^^^^^^^^^^^^^^^^^^^^^^^^^^^^^^^^\n  File \"/home/runner/work/auto-tests-python/auto-tests-python/pages/base_page.py\", line 40, in element_is_present_and_clickable\n    return (Wait(self.driver, self.timeout).until(\n            ^^^^^^^^^^^^^^^^^^^^^^^^^^^^^^^^^^^^^^\n  File \"/opt/hostedtoolcache/Python/3.12.12/x64/lib/python3.12/site-packages/selenium/webdriver/support/wait.py\", line 95, in until\n    raise TimeoutException(message, screen, stacktrace)\n","steps":[{"name":"Click button \"RU\".","time":{"start":1770489655414,"stop":1770489655485,"duration":71},"status":"passed","steps":[],"attachments":[],"parameters":[],"stepsCount":0,"shouldDisplayMessage":false,"attachmentsCount":0,"hasContent":false,"attachmentStep":false}],"attachments":[],"parameters":[],"stepsCount":1,"shouldDisplayMessage":true,"attachmentsCount":0,"hasContent":true,"attachmentStep":false}],"attachments":[],"parameters":[],"stepsCount":2,"shouldDisplayMessage":true,"attachmentsCount":0,"hasContent":true,"attachmentStep":false},"afterStages":[{"name":"driver::0","time":{"start":1770489665747,"stop":1770489665824,"duration":77},"status":"passed","steps":[],"attachments":[],"parameters":[],"stepsCount":0,"shouldDisplayMessage":false,"attachmentsCount":0,"hasContent":false,"attachmentStep":false}],"labels":[{"name":"epic","value":"Speech exercises."},{"name":"suite","value":"Речевые упражнения."},{"name":"tag","value":"@pytest.mark.xfail"},{"name":"parentSuite","value":"tests"},{"name":"subSuite","value":"TestCardsRU"},{"name":"host","value":"runnervmwffz4"},{"name":"thread","value":"2720-MainThread"},{"name":"framework","value":"pytest"},{"name":"language","value":"cpython3"},{"name":"package","value":"tests.test_speech_exercises_ru"},{"name":"resultFormat","value":"allure2"}],"parameters":[],"links":[],"hidden":false,"retry":false,"extra":{"severity":"normal","retries":[],"categories":[],"history":{"statistic":{"failed":0,"broken":0,"skipped":25,"passed":5,"unknown":0,"total":30},"items":[{"uid":"f2859aa43060fbbf","reportUrl":"https://Brain-up.github.io/auto-tests-python/819/#testresult/f2859aa43060fbbf","status":"skipped","statusDetails":"XFAIL\n\nselenium.common.exceptions.TimeoutException: Message: Can't find element by locator ('xpath', '//a[text()=\"Упражнения\"]')\nStacktrace:\n#0 0x55d6195acafa <unknown>\n#1 0x55d618fc660f <unknown>\n#2 0x55d61901ba16 <unknown>\n#3 0x55d61901bc51 <unknown>\n#4 0x55d619067404 <unknown>\n#5 0x55d61906462b <unknown>\n#6 0x55d61900d842 <unknown>\n#7 0x55d61900e631 <unknown>\n#8 0x55d619572689 <unknown>\n#9 0x55d619575581 <unknown>\n#10 0x55d61955eca9 <unknown>\n#11 0x55d61957613e <unknown>\n#12 0x55d6195453a0 <unknown>\n#13 0x55d619599fc8 <unknown>\n#14 0x55d61959a19b <unknown>\n#15 0x55d6195abe68 <unknown>\n#16 0x7f6284a9caa4 <unknown>\n#17 0x7f6284b29c6c <unknown>","time":{"start":1770377110499,"stop":1770377120813,"duration":10314}},{"uid":"6c387fd328a99046","reportUrl":"https://Brain-up.github.io/auto-tests-python/818/#testresult/6c387fd328a99046","status":"skipped","statusDetails":"XFAIL\n\nselenium.common.exceptions.TimeoutException: Message: Can't find element by locator ('xpath', '//a[text()=\"Упражнения\"]')\nStacktrace:\n#0 0x5653f7e80afa <unknown>\n#1 0x5653f789a60f <unknown>\n#2 0x5653f78efa16 <unknown>\n#3 0x5653f78efc51 <unknown>\n#4 0x5653f793b404 <unknown>\n#5 0x5653f793862b <unknown>\n#6 0x5653f78e1842 <unknown>\n#7 0x5653f78e2631 <unknown>\n#8 0x5653f7e46689 <unknown>\n#9 0x5653f7e49581 <unknown>\n#10 0x5653f7e32ca9 <unknown>\n#11 0x5653f7e4a13e <unknown>\n#12 0x5653f7e193a0 <unknown>\n#13 0x5653f7e6dfc8 <unknown>\n#14 0x5653f7e6e19b <unknown>\n#15 0x5653f7e7fe68 <unknown>\n#16 0x7f883be9caa4 <unknown>\n#17 0x7f883bf29c6c <unknown>","time":{"start":1770119585669,"stop":1770119595987,"duration":10318}},{"uid":"742c5abb448fc173","reportUrl":"https://Brain-up.github.io/auto-tests-python/817/#testresult/742c5abb448fc173","status":"skipped","statusDetails":"XFAIL\n\nselenium.common.exceptions.TimeoutException: Message: Can't find element by locator ('xpath', '//a[text()=\"Упражнения\"]')\nStacktrace:\n#0 0x55e3c3033afa <unknown>\n#1 0x55e3c2a4d60f <unknown>\n#2 0x55e3c2aa2a16 <unknown>\n#3 0x55e3c2aa2c51 <unknown>\n#4 0x55e3c2aee404 <unknown>\n#5 0x55e3c2aeb62b <unknown>\n#6 0x55e3c2a94842 <unknown>\n#7 0x55e3c2a95631 <unknown>\n#8 0x55e3c2ff9689 <unknown>\n#9 0x55e3c2ffc581 <unknown>\n#10 0x55e3c2fe5ca9 <unknown>\n#11 0x55e3c2ffd13e <unknown>\n#12 0x55e3c2fcc3a0 <unknown>\n#13 0x55e3c3020fc8 <unknown>\n#14 0x55e3c302119b <unknown>\n#15 0x55e3c3032e68 <unknown>\n#16 0x7fee5aa9caa4 <unknown>\n#17 0x7fee5ab29c6c <unknown>","time":{"start":1769945841982,"stop":1769945852284,"duration":10302}},{"uid":"ccac48b968a2912f","reportUrl":"https://Brain-up.github.io/auto-tests-python/816/#testresult/ccac48b968a2912f","status":"skipped","statusDetails":"XFAIL\n\nselenium.common.exceptions.TimeoutException: Message: Can't find element by locator ('xpath', '//a[text()=\"Упражнения\"]')\nStacktrace:\n#0 0x560ba7d14afa <unknown>\n#1 0x560ba772e60f <unknown>\n#2 0x560ba7783a16 <unknown>\n#3 0x560ba7783c51 <unknown>\n#4 0x560ba77cf404 <unknown>\n#5 0x560ba77cc62b <unknown>\n#6 0x560ba7775842 <unknown>\n#7 0x560ba7776631 <unknown>\n#8 0x560ba7cda689 <unknown>\n#9 0x560ba7cdd581 <unknown>\n#10 0x560ba7cc6ca9 <unknown>\n#11 0x560ba7cde13e <unknown>\n#12 0x560ba7cad3a0 <unknown>\n#13 0x560ba7d01fc8 <unknown>\n#14 0x560ba7d0219b <unknown>\n#15 0x560ba7d13e68 <unknown>\n#16 0x7f069309caa4 <unknown>\n#17 0x7f0693129c6c <unknown>","time":{"start":1769859796004,"stop":1769859806313,"duration":10309}},{"uid":"779e09c434c81e52","reportUrl":"https://Brain-up.github.io/auto-tests-python/816/#testresult/779e09c434c81e52","status":"skipped","statusDetails":"XFAIL\n\nselenium.common.exceptions.TimeoutException: Message: Can't find element by locator ('xpath', '//a[text()=\"Упражнения\"]')\nStacktrace:\n#0 0x55f12f72cafa <unknown>\n#1 0x55f12f14660f <unknown>\n#2 0x55f12f19ba16 <unknown>\n#3 0x55f12f19bc51 <unknown>\n#4 0x55f12f1e7404 <unknown>\n#5 0x55f12f1e462b <unknown>\n#6 0x55f12f18d842 <unknown>\n#7 0x55f12f18e631 <unknown>\n#8 0x55f12f6f2689 <unknown>\n#9 0x55f12f6f5581 <unknown>\n#10 0x55f12f6deca9 <unknown>\n#11 0x55f12f6f613e <unknown>\n#12 0x55f12f6c53a0 <unknown>\n#13 0x55f12f719fc8 <unknown>\n#14 0x55f12f71a19b <unknown>\n#15 0x55f12f72be68 <unknown>\n#16 0x7f72ef09caa4 <unknown>\n#17 0x7f72ef129c6c <unknown>","time":{"start":1769785164421,"stop":1769785174735,"duration":10314}},{"uid":"3fb35b3a14a85923","reportUrl":"https://Brain-up.github.io/auto-tests-python/815/#testresult/3fb35b3a14a85923","status":"passed","statusDetails":"XPASS","time":{"start":1769688998218,"stop":1769689045177,"duration":46959}},{"uid":"66a95bf3dfe29231","reportUrl":"https://Brain-up.github.io/auto-tests-python/814/#testresult/66a95bf3dfe29231","status":"passed","statusDetails":"XPASS","time":{"start":1769600920650,"stop":1769600972636,"duration":51986}},{"uid":"90ed510d7677818f","reportUrl":"https://Brain-up.github.io/auto-tests-python/814/#testresult/90ed510d7677818f","status":"skipped","statusDetails":"XFAIL\n\nselenium.common.exceptions.TimeoutException: Message: Can't find element by locator ('xpath', '//a[text()=\"Упражнения\"]')\nStacktrace:\n#0 0x55f02efcbc3a <unknown>\n#1 0x55f02e9e5969 <unknown>\n#2 0x55f02ea3aead <unknown>\n#3 0x55f02ea3b0f1 <unknown>\n#4 0x55f02ea867e4 <unknown>\n#5 0x55f02ea83a20 <unknown>\n#6 0x55f02ea2cbe2 <unknown>\n#7 0x55f02ea2d991 <unknown>\n#8 0x55f02ef91a99 <unknown>\n#9 0x55f02ef949b1 <unknown>\n#10 0x55f02ef7e0a9 <unknown>\n#11 0x55f02ef9556e <unknown>\n#12 0x55f02ef645e0 <unknown>\n#13 0x55f02efb9358 <unknown>\n#14 0x55f02efb9528 <unknown>\n#15 0x55f02efcafa8 <unknown>\n#16 0x7fa69249caa4 <unknown>\n#17 0x7fa692529c6c <unknown>","time":{"start":1769552671123,"stop":1769552681470,"duration":10347}},{"uid":"e6c0ea00370c79a2","reportUrl":"https://Brain-up.github.io/auto-tests-python/814/#testresult/e6c0ea00370c79a2","status":"passed","statusDetails":"XPASS","time":{"start":1769545330811,"stop":1769545379541,"duration":48730}},{"uid":"c7ff08c80f763c0e","reportUrl":"https://Brain-up.github.io/auto-tests-python/813/#testresult/c7ff08c80f763c0e","status":"skipped","statusDetails":"XFAIL\n\nselenium.common.exceptions.TimeoutException: Message: Can't find element by locator ('xpath', '//a[text()=\"Упражнения\"]')\nStacktrace:\n#0 0x55b59f6ffc3a <unknown>\n#1 0x55b59f119969 <unknown>\n#2 0x55b59f16eead <unknown>\n#3 0x55b59f16f0f1 <unknown>\n#4 0x55b59f1ba7e4 <unknown>\n#5 0x55b59f1b7a20 <unknown>\n#6 0x55b59f160be2 <unknown>\n#7 0x55b59f161991 <unknown>\n#8 0x55b59f6c5a99 <unknown>\n#9 0x55b59f6c89b1 <unknown>\n#10 0x55b59f6b20a9 <unknown>\n#11 0x55b59f6c956e <unknown>\n#12 0x55b59f6985e0 <unknown>\n#13 0x55b59f6ed358 <unknown>\n#14 0x55b59f6ed528 <unknown>\n#15 0x55b59f6fefa8 <unknown>\n#16 0x7faba9a9caa4 <unknown>\n#17 0x7faba9b29c6c <unknown>","time":{"start":1769425929420,"stop":1769425939758,"duration":10338}},{"uid":"abc33c52e2c0eb4f","reportUrl":"https://Brain-up.github.io/auto-tests-python/812/#testresult/abc33c52e2c0eb4f","status":"skipped","statusDetails":"XFAIL\n\nselenium.common.exceptions.TimeoutException: Message: Can't find element by locator ('xpath', '//a[text()=\"Упражнения\"]')\nStacktrace:\n#0 0x55ed90c4dc3a <unknown>\n#1 0x55ed90667969 <unknown>\n#2 0x55ed906bcead <unknown>\n#3 0x55ed906bd0f1 <unknown>\n#4 0x55ed907087e4 <unknown>\n#5 0x55ed90705a20 <unknown>\n#6 0x55ed906aebe2 <unknown>\n#7 0x55ed906af991 <unknown>\n#8 0x55ed90c13a99 <unknown>\n#9 0x55ed90c169b1 <unknown>\n#10 0x55ed90c000a9 <unknown>\n#11 0x55ed90c1756e <unknown>\n#12 0x55ed90be65e0 <unknown>\n#13 0x55ed90c3b358 <unknown>\n#14 0x55ed90c3b528 <unknown>\n#15 0x55ed90c4cfa8 <unknown>\n#16 0x7ff80809caa4 <unknown>\n#17 0x7ff808129c6c <unknown>","time":{"start":1769336211099,"stop":1769336221453,"duration":10354}},{"uid":"d43a3169cd74d1bd","reportUrl":"https://Brain-up.github.io/auto-tests-python/811/#testresult/d43a3169cd74d1bd","status":"skipped","statusDetails":"XFAIL\n\nselenium.common.exceptions.TimeoutException: Message: Can't find element by locator ('xpath', '//a[text()=\"Упражнения\"]')\nStacktrace:\n#0 0x5624198c2c3a <unknown>\n#1 0x5624192dc969 <unknown>\n#2 0x562419331ead <unknown>\n#3 0x5624193320f1 <unknown>\n#4 0x56241937d7e4 <unknown>\n#5 0x56241937aa20 <unknown>\n#6 0x562419323be2 <unknown>\n#7 0x562419324991 <unknown>\n#8 0x562419888a99 <unknown>\n#9 0x56241988b9b1 <unknown>\n#10 0x5624198750a9 <unknown>\n#11 0x56241988c56e <unknown>\n#12 0x56241985b5e0 <unknown>\n#13 0x5624198b0358 <unknown>\n#14 0x5624198b0528 <unknown>\n#15 0x5624198c1fa8 <unknown>\n#16 0x7f1887a9caa4 <unknown>\n#17 0x7f1887b29c6c <unknown>","time":{"start":1769252903500,"stop":1769252913746,"duration":10246}},{"uid":"83e81c1ab39dc17a","reportUrl":"https://Brain-up.github.io/auto-tests-python/810/#testresult/83e81c1ab39dc17a","status":"skipped","statusDetails":"XFAIL\n\nselenium.common.exceptions.TimeoutException: Message: Can't find element by locator ('xpath', '//a[text()=\"Упражнения\"]')\nStacktrace:\n#0 0x555cc019640a <unknown>\n#1 0x555cbfbca76b <unknown>\n#2 0x555cbfc1be88 <unknown>\n#3 0x555cbfc1c0c1 <unknown>\n#4 0x555cbfc6a2c4 <unknown>\n#5 0x555cbfc67760 <unknown>\n#6 0x555cbfc0e7b2 <unknown>\n#7 0x555cbfc0f461 <unknown>\n#8 0x555cc015edf9 <unknown>\n#9 0x555cc0161d5d <unknown>\n#10 0x555cc0147b41 <unknown>\n#11 0x555cc016293b <unknown>\n#12 0x555cc012e870 <unknown>\n#13 0x555cc0183828 <unknown>\n#14 0x555cc01839fc <unknown>\n#15 0x555cc0195763 <unknown>\n#16 0x7faa6409caa4 <unknown>\n#17 0x7faa64129c6c <unknown>","time":{"start":1769071595276,"stop":1769071605590,"duration":10314}},{"uid":"cbc3ef440c9a2a09","reportUrl":"https://Brain-up.github.io/auto-tests-python/809/#testresult/cbc3ef440c9a2a09","status":"skipped","statusDetails":"XFAIL\n\nselenium.common.exceptions.TimeoutException: Message: Can't find element by locator ('xpath', '//a[text()=\"Упражнения\"]')\nStacktrace:\n#0 0x55a84c13240a <unknown>\n#1 0x55a84bb6676b <unknown>\n#2 0x55a84bbb7e88 <unknown>\n#3 0x55a84bbb80c1 <unknown>\n#4 0x55a84bc062c4 <unknown>\n#5 0x55a84bc03760 <unknown>\n#6 0x55a84bbaa7b2 <unknown>\n#7 0x55a84bbab461 <unknown>\n#8 0x55a84c0fadf9 <unknown>\n#9 0x55a84c0fdd5d <unknown>\n#10 0x55a84c0e3b41 <unknown>\n#11 0x55a84c0fe93b <unknown>\n#12 0x55a84c0ca870 <unknown>\n#13 0x55a84c11f828 <unknown>\n#14 0x55a84c11f9fc <unknown>\n#15 0x55a84c131763 <unknown>\n#16 0x7f79e8e9caa4 <unknown>\n#17 0x7f79e8f29c6c <unknown>","time":{"start":1768989419278,"stop":1768989429631,"duration":10353}},{"uid":"ddd0ce4c0cc3b8cf","reportUrl":"https://Brain-up.github.io/auto-tests-python/808/#testresult/ddd0ce4c0cc3b8cf","status":"skipped","statusDetails":"XFAIL\n\nselenium.common.exceptions.TimeoutException: Message: Can't find element by locator ('xpath', '//a[text()=\"Упражнения\"]')\nStacktrace:\n#0 0x55f56334940a <unknown>\n#1 0x55f562d7d76b <unknown>\n#2 0x55f562dcee88 <unknown>\n#3 0x55f562dcf0c1 <unknown>\n#4 0x55f562e1d2c4 <unknown>\n#5 0x55f562e1a760 <unknown>\n#6 0x55f562dc17b2 <unknown>\n#7 0x55f562dc2461 <unknown>\n#8 0x55f563311df9 <unknown>\n#9 0x55f563314d5d <unknown>\n#10 0x55f5632fab41 <unknown>\n#11 0x55f56331593b <unknown>\n#12 0x55f5632e1870 <unknown>\n#13 0x55f563336828 <unknown>\n#14 0x55f5633369fc <unknown>\n#15 0x55f563348763 <unknown>\n#16 0x7f216fc9caa4 <unknown>\n#17 0x7f216fd29c6c <unknown>","time":{"start":1768906831331,"stop":1768906841581,"duration":10250}},{"uid":"e2435f45901af38a","reportUrl":"https://Brain-up.github.io/auto-tests-python/807/#testresult/e2435f45901af38a","status":"passed","statusDetails":"XPASS","time":{"start":1768821129795,"stop":1768821158384,"duration":28589}},{"uid":"5fe5a5aa1f9117c8","reportUrl":"https://Brain-up.github.io/auto-tests-python/806/#testresult/5fe5a5aa1f9117c8","status":"skipped","statusDetails":"XFAIL\n\nselenium.common.exceptions.TimeoutException: Message: Can't find element by locator ('xpath', '//a[text()=\"Упражнения\"]')\nStacktrace:\n#0 0x55b0b56a940a <unknown>\n#1 0x55b0b50dd76b <unknown>\n#2 0x55b0b512ee88 <unknown>\n#3 0x55b0b512f0c1 <unknown>\n#4 0x55b0b517d2c4 <unknown>\n#5 0x55b0b517a760 <unknown>\n#6 0x55b0b51217b2 <unknown>\n#7 0x55b0b5122461 <unknown>\n#8 0x55b0b5671df9 <unknown>\n#9 0x55b0b5674d5d <unknown>\n#10 0x55b0b565ab41 <unknown>\n#11 0x55b0b567593b <unknown>\n#12 0x55b0b5641870 <unknown>\n#13 0x55b0b5696828 <unknown>\n#14 0x55b0b56969fc <unknown>\n#15 0x55b0b56a8763 <unknown>\n#16 0x7f2de9c9caa4 <unknown>\n#17 0x7f2de9d29c6c <unknown>","time":{"start":1768737411260,"stop":1768737421585,"duration":10325}},{"uid":"bd2ab3b77a73701b","reportUrl":"https://Brain-up.github.io/auto-tests-python/805/#testresult/bd2ab3b77a73701b","status":"skipped","statusDetails":"XFAIL\n\nselenium.common.exceptions.TimeoutException: Message: Can't find element by locator ('xpath', '//a[text()=\"Упражнения\"]')\nStacktrace:\n#0 0x5563a778e40a <unknown>\n#1 0x5563a71c276b <unknown>\n#2 0x5563a7213e88 <unknown>\n#3 0x5563a72140c1 <unknown>\n#4 0x5563a72622c4 <unknown>\n#5 0x5563a725f760 <unknown>\n#6 0x5563a72067b2 <unknown>\n#7 0x5563a7207461 <unknown>\n#8 0x5563a7756df9 <unknown>\n#9 0x5563a7759d5d <unknown>\n#10 0x5563a773fb41 <unknown>\n#11 0x5563a775a93b <unknown>\n#12 0x5563a7726870 <unknown>\n#13 0x5563a777b828 <unknown>\n#14 0x5563a777b9fc <unknown>\n#15 0x5563a778d763 <unknown>\n#16 0x7f163449caa4 <unknown>\n#17 0x7f1634529c6c <unknown>","time":{"start":1768647820677,"stop":1768647830991,"duration":10314}},{"uid":"485125c0a4c98219","reportUrl":"https://Brain-up.github.io/auto-tests-python/804/#testresult/485125c0a4c98219","status":"skipped","statusDetails":"XFAIL\n\nselenium.common.exceptions.TimeoutException: Message: Can't find element by locator ('xpath', '//a[text()=\"Упражнения\"]')\nStacktrace:\n#0 0x55c5e95d140a <unknown>\n#1 0x55c5e900576b <unknown>\n#2 0x55c5e9056e88 <unknown>\n#3 0x55c5e90570c1 <unknown>\n#4 0x55c5e90a52c4 <unknown>\n#5 0x55c5e90a2760 <unknown>\n#6 0x55c5e90497b2 <unknown>\n#7 0x55c5e904a461 <unknown>\n#8 0x55c5e9599df9 <unknown>\n#9 0x55c5e959cd5d <unknown>\n#10 0x55c5e9582b41 <unknown>\n#11 0x55c5e959d93b <unknown>\n#12 0x55c5e9569870 <unknown>\n#13 0x55c5e95be828 <unknown>\n#14 0x55c5e95be9fc <unknown>\n#15 0x55c5e95d0763 <unknown>\n#16 0x7f2ea449caa4 <unknown>\n#17 0x7f2ea4529c6c <unknown>","time":{"start":1768558845955,"stop":1768558856290,"duration":10335}},{"uid":"cdd0d5569a78bbe8","reportUrl":"https://Brain-up.github.io/auto-tests-python/803/#testresult/cdd0d5569a78bbe8","status":"skipped","statusDetails":"XFAIL\n\nselenium.common.exceptions.TimeoutException: Message: Can't find element by locator ('xpath', '//a[text()=\"Упражнения\"]')\nStacktrace:\n#0 0x55654551a61a <unknown>\n#1 0x556544f9720b <unknown>\n#2 0x556544fe890f <unknown>\n#3 0x556544fe8b51 <unknown>\n#4 0x556545036d84 <unknown>\n#5 0x55654503420e <unknown>\n#6 0x556544fdb232 <unknown>\n#7 0x556544fdbee1 <unknown>\n#8 0x5565454e33f9 <unknown>\n#9 0x5565454e634d <unknown>\n#10 0x5565454cc122 <unknown>\n#11 0x5565454e6f2b <unknown>\n#12 0x5565454b2c30 <unknown>\n#13 0x556545507d78 <unknown>\n#14 0x556545507f4c <unknown>\n#15 0x556545519973 <unknown>\n#16 0x7f27aee9caa4 <unknown>\n#17 0x7f27aef29c6c <unknown>","time":{"start":1768471947018,"stop":1768471957419,"duration":10401}}]},"tags":["@pytest.mark.xfail"]},"source":"f0a47a5119eac313.json","parameterValues":[]}