{"uid":"798043fdfc2b2d1f","name":"Check statistic table.","fullName":"tests.test_speech_exercises_ru.TestCardsRU#test_get_statistic_data","historyId":"15df626f86a935fbcd917f7ea4002a26","time":{"start":1770897718055,"stop":1770897728343,"duration":10288},"status":"skipped","statusMessage":"XFAIL\n\nselenium.common.exceptions.TimeoutException: Message: Can't find element by locator ('xpath', '//div[@class=\"__51e19\"]')\nStacktrace:\n#0 0x55e6a50a24ba <unknown>\n#1 0x55e6a4b0b492 <unknown>\n#2 0x55e6a4b609b6 <unknown>\n#3 0x55e6a4b60bf1 <unknown>\n#4 0x55e6a4bac4d4 <unknown>\n#5 0x55e6a4ba9700 <unknown>\n#6 0x55e6a4b526a2 <unknown>\n#7 0x55e6a4b53491 <unknown>\n#8 0x55e6a5068479 <unknown>\n#9 0x55e6a506b391 <unknown>\n#10 0x55e6a5054a89 <unknown>\n#11 0x55e6a506bf4e <unknown>\n#12 0x55e6a503b070 <unknown>\n#13 0x55e6a508fca8 <unknown>\n#14 0x55e6a508fe78 <unknown>\n#15 0x55e6a50a1828 <unknown>\n#16 0x7f740f29caa4 <unknown>\n#17 0x7f740f329c6c <unknown>","statusTrace":"self = <tests.test_speech_exercises_ru.TestCardsRU object at 0x7ff8936eaa50>\ndriver = <selenium.webdriver.chrome.webdriver.WebDriver (session=\"2bddc497da77603a3d07ee09964a005c\")>\ndefault_user_authorized = None\n\n    @pytest.mark.xfail\n    @allure.suite('Statistic.')\n    @allure.title('Check statistic table.')\n    def test_get_statistic_data(self, driver, default_user_authorized):\n        page = SpeechExercisesPageRU(driver)\n>       table = page.get_statistic_data()\n\ntests/test_speech_exercises_ru.py:192: \n_ _ _ _ _ _ _ _ _ _ _ _ _ _ _ _ _ _ _ _ _ _ _ _ _ _ _ _ _ _ _ _ _ _ _ _ _ _ _ _ \npages/speech_exercises_page_ru.py:174: in get_statistic_data\n    table = self.element_is_present(self.locators.AuthorizedUserHomePageLocators.STATISTIC_TABLE)\npages/base_page.py:32: in element_is_present\n    return Wait(self.driver, self.timeout).until(\n_ _ _ _ _ _ _ _ _ _ _ _ _ _ _ _ _ _ _ _ _ _ _ _ _ _ _ _ _ _ _ _ _ _ _ _ _ _ _ _ \n\nself = <selenium.webdriver.support.wait.WebDriverWait (session=\"2bddc497da77603a3d07ee09964a005c\")>\nmethod = <function presence_of_element_located.<locals>._predicate at 0x7ff8935c6980>\nmessage = 'Can\\'t find element by locator (\\'xpath\\', \\'//div[@class=\"__51e19\"]\\')'\n\n    def until(self, method, message: str = \"\"):\n        \"\"\"Calls the method provided with the driver as an argument until the \\\n        return value does not evaluate to ``False``.\n    \n        :param method: callable(WebDriver)\n        :param message: optional message for :exc:`TimeoutException`\n        :returns: the result of the last call to `method`\n        :raises: :exc:`selenium.common.exceptions.TimeoutException` if timeout occurs\n        \"\"\"\n        screen = None\n        stacktrace = None\n    \n        end_time = time.monotonic() + self._timeout\n        while True:\n            try:\n                value = method(self._driver)\n                if value:\n                    return value\n            except self._ignored_exceptions as exc:\n                screen = getattr(exc, \"screen\", None)\n                stacktrace = getattr(exc, \"stacktrace\", None)\n            time.sleep(self._poll)\n            if time.monotonic() > end_time:\n                break\n>       raise TimeoutException(message, screen, stacktrace)\nE       selenium.common.exceptions.TimeoutException: Message: Can't find element by locator ('xpath', '//div[@class=\"__51e19\"]')\nE       Stacktrace:\nE       #0 0x55e6a50a24ba <unknown>\nE       #1 0x55e6a4b0b492 <unknown>\nE       #2 0x55e6a4b609b6 <unknown>\nE       #3 0x55e6a4b60bf1 <unknown>\nE       #4 0x55e6a4bac4d4 <unknown>\nE       #5 0x55e6a4ba9700 <unknown>\nE       #6 0x55e6a4b526a2 <unknown>\nE       #7 0x55e6a4b53491 <unknown>\nE       #8 0x55e6a5068479 <unknown>\nE       #9 0x55e6a506b391 <unknown>\nE       #10 0x55e6a5054a89 <unknown>\nE       #11 0x55e6a506bf4e <unknown>\nE       #12 0x55e6a503b070 <unknown>\nE       #13 0x55e6a508fca8 <unknown>\nE       #14 0x55e6a508fe78 <unknown>\nE       #15 0x55e6a50a1828 <unknown>\nE       #16 0x7f740f29caa4 <unknown>\nE       #17 0x7f740f329c6c <unknown>\n\n/opt/hostedtoolcache/Python/3.12.12/x64/lib/python3.12/site-packages/selenium/webdriver/support/wait.py:95: TimeoutException","flaky":false,"newFailed":false,"newBroken":false,"newPassed":false,"retriesCount":0,"retriesStatusChange":false,"beforeStages":[{"name":"clear_allure_results_folder","time":{"start":1770896324368,"stop":1770896324368,"duration":0},"status":"passed","steps":[],"attachments":[],"parameters":[],"stepsCount":0,"shouldDisplayMessage":false,"attachmentsCount":0,"hasContent":false,"attachmentStep":false},{"name":"driver","time":{"start":1770897711649,"stop":1770897712402,"duration":753},"status":"passed","steps":[],"attachments":[],"parameters":[],"stepsCount":0,"shouldDisplayMessage":false,"attachmentsCount":0,"hasContent":false,"attachmentStep":false},{"name":"main_page_open","time":{"start":1770897712402,"stop":1770897715152,"duration":2750},"status":"passed","steps":[{"name":"Open page: https://www.brainup.site/","time":{"start":1770897712402,"stop":1770897715152,"duration":2750},"status":"passed","steps":[],"attachments":[],"parameters":[{"name":"driver","value":"<selenium.webdriver.chrome.webdriver.WebDriver (session=\"2bddc497da77603a3d07ee09964a005c\")>"}],"stepsCount":0,"shouldDisplayMessage":false,"attachmentsCount":0,"hasContent":true,"attachmentStep":false}],"attachments":[],"parameters":[],"stepsCount":1,"shouldDisplayMessage":false,"attachmentsCount":0,"hasContent":true,"attachmentStep":false},{"name":"default_user_authorized","time":{"start":1770897715152,"stop":1770897718055,"duration":2903},"status":"passed","steps":[{"name":"DEFAULT user authorized","time":{"start":1770897715152,"stop":1770897718055,"duration":2903},"status":"passed","steps":[{"name":"Check url is present: https://www.brainup.site/groups","time":{"start":1770897715510,"stop":1770897718032,"duration":2522},"status":"passed","steps":[],"attachments":[],"parameters":[],"stepsCount":0,"shouldDisplayMessage":false,"attachmentsCount":0,"hasContent":false,"attachmentStep":false},{"name":"Loader checking","time":{"start":1770897718032,"stop":1770897718055,"duration":23},"status":"passed","steps":[],"attachments":[],"parameters":[],"stepsCount":0,"shouldDisplayMessage":false,"attachmentsCount":0,"hasContent":false,"attachmentStep":false}],"attachments":[],"parameters":[{"name":"driver","value":"<selenium.webdriver.chrome.webdriver.WebDriver (session=\"2bddc497da77603a3d07ee09964a005c\")>"},{"name":"main_page_open","value":"None"}],"stepsCount":2,"shouldDisplayMessage":false,"attachmentsCount":0,"hasContent":true,"attachmentStep":false}],"attachments":[],"parameters":[],"stepsCount":3,"shouldDisplayMessage":false,"attachmentsCount":0,"hasContent":true,"attachmentStep":false}],"testStage":{"status":"skipped","statusMessage":"XFAIL\n\nselenium.common.exceptions.TimeoutException: Message: Can't find element by locator ('xpath', '//div[@class=\"__51e19\"]')\nStacktrace:\n#0 0x55e6a50a24ba <unknown>\n#1 0x55e6a4b0b492 <unknown>\n#2 0x55e6a4b609b6 <unknown>\n#3 0x55e6a4b60bf1 <unknown>\n#4 0x55e6a4bac4d4 <unknown>\n#5 0x55e6a4ba9700 <unknown>\n#6 0x55e6a4b526a2 <unknown>\n#7 0x55e6a4b53491 <unknown>\n#8 0x55e6a5068479 <unknown>\n#9 0x55e6a506b391 <unknown>\n#10 0x55e6a5054a89 <unknown>\n#11 0x55e6a506bf4e <unknown>\n#12 0x55e6a503b070 <unknown>\n#13 0x55e6a508fca8 <unknown>\n#14 0x55e6a508fe78 <unknown>\n#15 0x55e6a50a1828 <unknown>\n#16 0x7f740f29caa4 <unknown>\n#17 0x7f740f329c6c <unknown>","statusTrace":"self = <tests.test_speech_exercises_ru.TestCardsRU object at 0x7ff8936eaa50>\ndriver = <selenium.webdriver.chrome.webdriver.WebDriver (session=\"2bddc497da77603a3d07ee09964a005c\")>\ndefault_user_authorized = None\n\n    @pytest.mark.xfail\n    @allure.suite('Statistic.')\n    @allure.title('Check statistic table.')\n    def test_get_statistic_data(self, driver, default_user_authorized):\n        page = SpeechExercisesPageRU(driver)\n>       table = page.get_statistic_data()\n\ntests/test_speech_exercises_ru.py:192: \n_ _ _ _ _ _ _ _ _ _ _ _ _ _ _ _ _ _ _ _ _ _ _ _ _ _ _ _ _ _ _ _ _ _ _ _ _ _ _ _ \npages/speech_exercises_page_ru.py:174: in get_statistic_data\n    table = self.element_is_present(self.locators.AuthorizedUserHomePageLocators.STATISTIC_TABLE)\npages/base_page.py:32: in element_is_present\n    return Wait(self.driver, self.timeout).until(\n_ _ _ _ _ _ _ _ _ _ _ _ _ _ _ _ _ _ _ _ _ _ _ _ _ _ _ _ _ _ _ _ _ _ _ _ _ _ _ _ \n\nself = <selenium.webdriver.support.wait.WebDriverWait (session=\"2bddc497da77603a3d07ee09964a005c\")>\nmethod = <function presence_of_element_located.<locals>._predicate at 0x7ff8935c6980>\nmessage = 'Can\\'t find element by locator (\\'xpath\\', \\'//div[@class=\"__51e19\"]\\')'\n\n    def until(self, method, message: str = \"\"):\n        \"\"\"Calls the method provided with the driver as an argument until the \\\n        return value does not evaluate to ``False``.\n    \n        :param method: callable(WebDriver)\n        :param message: optional message for :exc:`TimeoutException`\n        :returns: the result of the last call to `method`\n        :raises: :exc:`selenium.common.exceptions.TimeoutException` if timeout occurs\n        \"\"\"\n        screen = None\n        stacktrace = None\n    \n        end_time = time.monotonic() + self._timeout\n        while True:\n            try:\n                value = method(self._driver)\n                if value:\n                    return value\n            except self._ignored_exceptions as exc:\n                screen = getattr(exc, \"screen\", None)\n                stacktrace = getattr(exc, \"stacktrace\", None)\n            time.sleep(self._poll)\n            if time.monotonic() > end_time:\n                break\n>       raise TimeoutException(message, screen, stacktrace)\nE       selenium.common.exceptions.TimeoutException: Message: Can't find element by locator ('xpath', '//div[@class=\"__51e19\"]')\nE       Stacktrace:\nE       #0 0x55e6a50a24ba <unknown>\nE       #1 0x55e6a4b0b492 <unknown>\nE       #2 0x55e6a4b609b6 <unknown>\nE       #3 0x55e6a4b60bf1 <unknown>\nE       #4 0x55e6a4bac4d4 <unknown>\nE       #5 0x55e6a4ba9700 <unknown>\nE       #6 0x55e6a4b526a2 <unknown>\nE       #7 0x55e6a4b53491 <unknown>\nE       #8 0x55e6a5068479 <unknown>\nE       #9 0x55e6a506b391 <unknown>\nE       #10 0x55e6a5054a89 <unknown>\nE       #11 0x55e6a506bf4e <unknown>\nE       #12 0x55e6a503b070 <unknown>\nE       #13 0x55e6a508fca8 <unknown>\nE       #14 0x55e6a508fe78 <unknown>\nE       #15 0x55e6a50a1828 <unknown>\nE       #16 0x7f740f29caa4 <unknown>\nE       #17 0x7f740f329c6c <unknown>\n\n/opt/hostedtoolcache/Python/3.12.12/x64/lib/python3.12/site-packages/selenium/webdriver/support/wait.py:95: TimeoutException","steps":[{"name":"get_statistic_data","time":{"start":1770897718055,"stop":1770897728343,"duration":10288},"status":"broken","statusMessage":"selenium.common.exceptions.TimeoutException: Message: Can't find element by locator ('xpath', '//div[@class=\"__51e19\"]')\nStacktrace:\n#0 0x55e6a50a24ba <unknown>\n#1 0x55e6a4b0b492 <unknown>\n#2 0x55e6a4b609b6 <unknown>\n#3 0x55e6a4b60bf1 <unknown>\n#4 0x55e6a4bac4d4 <unknown>\n#5 0x55e6a4ba9700 <unknown>\n#6 0x55e6a4b526a2 <unknown>\n#7 0x55e6a4b53491 <unknown>\n#8 0x55e6a5068479 <unknown>\n#9 0x55e6a506b391 <unknown>\n#10 0x55e6a5054a89 <unknown>\n#11 0x55e6a506bf4e <unknown>\n#12 0x55e6a503b070 <unknown>\n#13 0x55e6a508fca8 <unknown>\n#14 0x55e6a508fe78 <unknown>\n#15 0x55e6a50a1828 <unknown>\n#16 0x7f740f29caa4 <unknown>\n#17 0x7f740f329c6c <unknown>\n\n","statusTrace":"  File \"/opt/hostedtoolcache/Python/3.12.12/x64/lib/python3.12/site-packages/allure_commons/_allure.py\", line 192, in impl\n    return func(*a, **kw)\n           ^^^^^^^^^^^^^^\n  File \"/home/runner/work/auto-tests-python/auto-tests-python/pages/speech_exercises_page_ru.py\", line 174, in get_statistic_data\n    table = self.element_is_present(self.locators.AuthorizedUserHomePageLocators.STATISTIC_TABLE)\n            ^^^^^^^^^^^^^^^^^^^^^^^^^^^^^^^^^^^^^^^^^^^^^^^^^^^^^^^^^^^^^^^^^^^^^^^^^^^^^^^^^^^^^\n  File \"/home/runner/work/auto-tests-python/auto-tests-python/pages/base_page.py\", line 32, in element_is_present\n    return Wait(self.driver, self.timeout).until(\n           ^^^^^^^^^^^^^^^^^^^^^^^^^^^^^^^^^^^^^^\n  File \"/opt/hostedtoolcache/Python/3.12.12/x64/lib/python3.12/site-packages/selenium/webdriver/support/wait.py\", line 95, in until\n    raise TimeoutException(message, screen, stacktrace)\n","steps":[{"name":"Click button \"Статистика\"\".","time":{"start":1770897718055,"stop":1770897718123,"duration":68},"status":"passed","steps":[],"attachments":[],"parameters":[],"stepsCount":0,"shouldDisplayMessage":false,"attachmentsCount":0,"hasContent":false,"attachmentStep":false},{"name":"Check statistic table is present and scroll to table","time":{"start":1770897718123,"stop":1770897728343,"duration":10220},"status":"broken","statusMessage":"selenium.common.exceptions.TimeoutException: Message: Can't find element by locator ('xpath', '//div[@class=\"__51e19\"]')\nStacktrace:\n#0 0x55e6a50a24ba <unknown>\n#1 0x55e6a4b0b492 <unknown>\n#2 0x55e6a4b609b6 <unknown>\n#3 0x55e6a4b60bf1 <unknown>\n#4 0x55e6a4bac4d4 <unknown>\n#5 0x55e6a4ba9700 <unknown>\n#6 0x55e6a4b526a2 <unknown>\n#7 0x55e6a4b53491 <unknown>\n#8 0x55e6a5068479 <unknown>\n#9 0x55e6a506b391 <unknown>\n#10 0x55e6a5054a89 <unknown>\n#11 0x55e6a506bf4e <unknown>\n#12 0x55e6a503b070 <unknown>\n#13 0x55e6a508fca8 <unknown>\n#14 0x55e6a508fe78 <unknown>\n#15 0x55e6a50a1828 <unknown>\n#16 0x7f740f29caa4 <unknown>\n#17 0x7f740f329c6c <unknown>\n\n","statusTrace":"  File \"/home/runner/work/auto-tests-python/auto-tests-python/pages/speech_exercises_page_ru.py\", line 174, in get_statistic_data\n    table = self.element_is_present(self.locators.AuthorizedUserHomePageLocators.STATISTIC_TABLE)\n            ^^^^^^^^^^^^^^^^^^^^^^^^^^^^^^^^^^^^^^^^^^^^^^^^^^^^^^^^^^^^^^^^^^^^^^^^^^^^^^^^^^^^^\n  File \"/home/runner/work/auto-tests-python/auto-tests-python/pages/base_page.py\", line 32, in element_is_present\n    return Wait(self.driver, self.timeout).until(\n           ^^^^^^^^^^^^^^^^^^^^^^^^^^^^^^^^^^^^^^\n  File \"/opt/hostedtoolcache/Python/3.12.12/x64/lib/python3.12/site-packages/selenium/webdriver/support/wait.py\", line 95, in until\n    raise TimeoutException(message, screen, stacktrace)\n","steps":[],"attachments":[],"parameters":[],"stepsCount":0,"shouldDisplayMessage":true,"attachmentsCount":0,"hasContent":true,"attachmentStep":false}],"attachments":[],"parameters":[],"stepsCount":2,"shouldDisplayMessage":false,"attachmentsCount":0,"hasContent":true,"attachmentStep":false}],"attachments":[],"parameters":[],"stepsCount":3,"shouldDisplayMessage":true,"attachmentsCount":0,"hasContent":true,"attachmentStep":false},"afterStages":[{"name":"driver::0","time":{"start":1770897728357,"stop":1770897728434,"duration":77},"status":"passed","steps":[],"attachments":[],"parameters":[],"stepsCount":0,"shouldDisplayMessage":false,"attachmentsCount":0,"hasContent":false,"attachmentStep":false}],"labels":[{"name":"epic","value":"Speech exercises."},{"name":"suite","value":"Statistic."},{"name":"tag","value":"@pytest.mark.xfail"},{"name":"parentSuite","value":"tests"},{"name":"subSuite","value":"TestCardsRU"},{"name":"host","value":"runnervmwffz4"},{"name":"thread","value":"2670-MainThread"},{"name":"framework","value":"pytest"},{"name":"language","value":"cpython3"},{"name":"package","value":"tests.test_speech_exercises_ru"},{"name":"resultFormat","value":"allure2"}],"parameters":[],"links":[],"hidden":false,"retry":false,"extra":{"severity":"normal","retries":[],"categories":[],"history":{"statistic":{"failed":0,"broken":0,"skipped":27,"passed":6,"unknown":0,"total":33},"items":[{"uid":"e8a45f9f452ff7ad","reportUrl":"https://Brain-up.github.io/auto-tests-python/822/#testresult/e8a45f9f452ff7ad","status":"skipped","statusDetails":"XFAIL\n\nselenium.common.exceptions.TimeoutException: Message: Can't find element by locator ('xpath', '//div[@class=\"__51e19\"]')\nStacktrace:\n#0 0x5572751e94ba <unknown>\n#1 0x557274c52492 <unknown>\n#2 0x557274ca79b6 <unknown>\n#3 0x557274ca7bf1 <unknown>\n#4 0x557274cf34d4 <unknown>\n#5 0x557274cf0700 <unknown>\n#6 0x557274c996a2 <unknown>\n#7 0x557274c9a491 <unknown>\n#8 0x5572751af479 <unknown>\n#9 0x5572751b2391 <unknown>\n#10 0x55727519ba89 <unknown>\n#11 0x5572751b2f4e <unknown>\n#12 0x557275182070 <unknown>\n#13 0x5572751d6ca8 <unknown>\n#14 0x5572751d6e78 <unknown>\n#15 0x5572751e8828 <unknown>\n#16 0x7ffafba9caa4 <unknown>\n#17 0x7ffafbb29c6c <unknown>","time":{"start":1770836442177,"stop":1770836452469,"duration":10292}},{"uid":"910ad23f39754faf","reportUrl":"https://Brain-up.github.io/auto-tests-python/821/#testresult/910ad23f39754faf","status":"skipped","statusDetails":"XFAIL\n\nselenium.common.exceptions.TimeoutException: Message: Can't find element by locator ('xpath', '//div[@class=\"__51e19\"]')\nStacktrace:\n#0 0x55f3161fc4ba <unknown>\n#1 0x55f315c65492 <unknown>\n#2 0x55f315cba9b6 <unknown>\n#3 0x55f315cbabf1 <unknown>\n#4 0x55f315d064d4 <unknown>\n#5 0x55f315d03700 <unknown>\n#6 0x55f315cac6a2 <unknown>\n#7 0x55f315cad491 <unknown>\n#8 0x55f3161c2479 <unknown>\n#9 0x55f3161c5391 <unknown>\n#10 0x55f3161aea89 <unknown>\n#11 0x55f3161c5f4e <unknown>\n#12 0x55f316195070 <unknown>\n#13 0x55f3161e9ca8 <unknown>\n#14 0x55f3161e9e78 <unknown>\n#15 0x55f3161fb828 <unknown>\n#16 0x7f7a0809caa4 <unknown>\n#17 0x7f7a08129c6c <unknown>","time":{"start":1770552462619,"stop":1770552472944,"duration":10325}},{"uid":"b96f0b2c2d56478c","reportUrl":"https://Brain-up.github.io/auto-tests-python/820/#testresult/b96f0b2c2d56478c","status":"skipped","statusDetails":"XFAIL\n\nselenium.common.exceptions.TimeoutException: Message: Can't find element by locator ('xpath', '//div[@class=\"__51e19\"]')\nStacktrace:\n#0 0x55942d22f4ba <unknown>\n#1 0x55942cc98492 <unknown>\n#2 0x55942cced9b6 <unknown>\n#3 0x55942ccedbf1 <unknown>\n#4 0x55942cd394d4 <unknown>\n#5 0x55942cd36700 <unknown>\n#6 0x55942ccdf6a2 <unknown>\n#7 0x55942cce0491 <unknown>\n#8 0x55942d1f5479 <unknown>\n#9 0x55942d1f8391 <unknown>\n#10 0x55942d1e1a89 <unknown>\n#11 0x55942d1f8f4e <unknown>\n#12 0x55942d1c8070 <unknown>\n#13 0x55942d21cca8 <unknown>\n#14 0x55942d21ce78 <unknown>\n#15 0x55942d22e828 <unknown>\n#16 0x7f419e09caa4 <unknown>\n#17 0x7f419e129c6c <unknown>","time":{"start":1770489705015,"stop":1770489715333,"duration":10318}},{"uid":"9a909ef90e7c804f","reportUrl":"https://Brain-up.github.io/auto-tests-python/819/#testresult/9a909ef90e7c804f","status":"skipped","statusDetails":"XFAIL\n\nselenium.common.exceptions.TimeoutException: Message: Can't find element by locator ('xpath', '//div[@class=\"__51e19\"]')\nStacktrace:\n#0 0x556b893d5afa <unknown>\n#1 0x556b88def60f <unknown>\n#2 0x556b88e44a16 <unknown>\n#3 0x556b88e44c51 <unknown>\n#4 0x556b88e90404 <unknown>\n#5 0x556b88e8d62b <unknown>\n#6 0x556b88e36842 <unknown>\n#7 0x556b88e37631 <unknown>\n#8 0x556b8939b689 <unknown>\n#9 0x556b8939e581 <unknown>\n#10 0x556b89387ca9 <unknown>\n#11 0x556b8939f13e <unknown>\n#12 0x556b8936e3a0 <unknown>\n#13 0x556b893c2fc8 <unknown>\n#14 0x556b893c319b <unknown>\n#15 0x556b893d4e68 <unknown>\n#16 0x7f4e5d49caa4 <unknown>\n#17 0x7f4e5d529c6c <unknown>","time":{"start":1770377162473,"stop":1770377172750,"duration":10277}},{"uid":"ab85b6a2132b9f74","reportUrl":"https://Brain-up.github.io/auto-tests-python/818/#testresult/ab85b6a2132b9f74","status":"skipped","statusDetails":"XFAIL\n\nselenium.common.exceptions.TimeoutException: Message: Can't find element by locator ('xpath', '//div[@class=\"__51e19\"]')\nStacktrace:\n#0 0x55dca8c6eafa <unknown>\n#1 0x55dca868860f <unknown>\n#2 0x55dca86dda16 <unknown>\n#3 0x55dca86ddc51 <unknown>\n#4 0x55dca8729404 <unknown>\n#5 0x55dca872662b <unknown>\n#6 0x55dca86cf842 <unknown>\n#7 0x55dca86d0631 <unknown>\n#8 0x55dca8c34689 <unknown>\n#9 0x55dca8c37581 <unknown>\n#10 0x55dca8c20ca9 <unknown>\n#11 0x55dca8c3813e <unknown>\n#12 0x55dca8c073a0 <unknown>\n#13 0x55dca8c5bfc8 <unknown>\n#14 0x55dca8c5c19b <unknown>\n#15 0x55dca8c6de68 <unknown>\n#16 0x7f06fac9caa4 <unknown>\n#17 0x7f06fad29c6c <unknown>","time":{"start":1770119637991,"stop":1770119648262,"duration":10271}},{"uid":"aff5782b0d35346","reportUrl":"https://Brain-up.github.io/auto-tests-python/817/#testresult/aff5782b0d35346","status":"skipped","statusDetails":"XFAIL\n\nselenium.common.exceptions.TimeoutException: Message: Can't find element by locator ('xpath', '//div[@class=\"__51e19\"]')\nStacktrace:\n#0 0x55d0a3b78afa <unknown>\n#1 0x55d0a359260f <unknown>\n#2 0x55d0a35e7a16 <unknown>\n#3 0x55d0a35e7c51 <unknown>\n#4 0x55d0a3633404 <unknown>\n#5 0x55d0a363062b <unknown>\n#6 0x55d0a35d9842 <unknown>\n#7 0x55d0a35da631 <unknown>\n#8 0x55d0a3b3e689 <unknown>\n#9 0x55d0a3b41581 <unknown>\n#10 0x55d0a3b2aca9 <unknown>\n#11 0x55d0a3b4213e <unknown>\n#12 0x55d0a3b113a0 <unknown>\n#13 0x55d0a3b65fc8 <unknown>\n#14 0x55d0a3b6619b <unknown>\n#15 0x55d0a3b77e68 <unknown>\n#16 0x7f5f2c09caa4 <unknown>\n#17 0x7f5f2c129c6c <unknown>","time":{"start":1769945894122,"stop":1769945904379,"duration":10257}},{"uid":"6f2b6dfac61edb1c","reportUrl":"https://Brain-up.github.io/auto-tests-python/816/#testresult/6f2b6dfac61edb1c","status":"skipped","statusDetails":"XFAIL\n\nselenium.common.exceptions.TimeoutException: Message: Can't find element by locator ('xpath', '//div[@class=\"__51e19\"]')\nStacktrace:\n#0 0x5596f05fbafa <unknown>\n#1 0x5596f001560f <unknown>\n#2 0x5596f006aa16 <unknown>\n#3 0x5596f006ac51 <unknown>\n#4 0x5596f00b6404 <unknown>\n#5 0x5596f00b362b <unknown>\n#6 0x5596f005c842 <unknown>\n#7 0x5596f005d631 <unknown>\n#8 0x5596f05c1689 <unknown>\n#9 0x5596f05c4581 <unknown>\n#10 0x5596f05adca9 <unknown>\n#11 0x5596f05c513e <unknown>\n#12 0x5596f05943a0 <unknown>\n#13 0x5596f05e8fc8 <unknown>\n#14 0x5596f05e919b <unknown>\n#15 0x5596f05fae68 <unknown>\n#16 0x7f6be5e9caa4 <unknown>\n#17 0x7f6be5f29c6c <unknown>","time":{"start":1769859847301,"stop":1769859857573,"duration":10272}},{"uid":"6c2a7cf95357d445","reportUrl":"https://Brain-up.github.io/auto-tests-python/816/#testresult/6c2a7cf95357d445","status":"skipped","statusDetails":"XFAIL\n\nselenium.common.exceptions.TimeoutException: Message: Can't find element by locator ('xpath', '//div[@class=\"__51e19\"]')\nStacktrace:\n#0 0x55f426effafa <unknown>\n#1 0x55f42691960f <unknown>\n#2 0x55f42696ea16 <unknown>\n#3 0x55f42696ec51 <unknown>\n#4 0x55f4269ba404 <unknown>\n#5 0x55f4269b762b <unknown>\n#6 0x55f426960842 <unknown>\n#7 0x55f426961631 <unknown>\n#8 0x55f426ec5689 <unknown>\n#9 0x55f426ec8581 <unknown>\n#10 0x55f426eb1ca9 <unknown>\n#11 0x55f426ec913e <unknown>\n#12 0x55f426e983a0 <unknown>\n#13 0x55f426eecfc8 <unknown>\n#14 0x55f426eed19b <unknown>\n#15 0x55f426efee68 <unknown>\n#16 0x7f9af2a9caa4 <unknown>\n#17 0x7f9af2b29c6c <unknown>","time":{"start":1769785214027,"stop":1769785224292,"duration":10265}},{"uid":"a936dedab4fcf74a","reportUrl":"https://Brain-up.github.io/auto-tests-python/815/#testresult/a936dedab4fcf74a","status":"passed","statusDetails":"XPASS","time":{"start":1769689092039,"stop":1769689093978,"duration":1939}},{"uid":"3592362a051172fd","reportUrl":"https://Brain-up.github.io/auto-tests-python/814/#testresult/3592362a051172fd","status":"passed","statusDetails":"XPASS","time":{"start":1769601045910,"stop":1769601047298,"duration":1388}},{"uid":"c49b9088e7c17592","reportUrl":"https://Brain-up.github.io/auto-tests-python/814/#testresult/c49b9088e7c17592","status":"skipped","statusDetails":"XFAIL\n\nselenium.common.exceptions.TimeoutException: Message: Can't find element by locator ('xpath', '//div[@class=\"__51e19\"]')\nStacktrace:\n#0 0x55a200b3dc3a <unknown>\n#1 0x55a200557969 <unknown>\n#2 0x55a2005acead <unknown>\n#3 0x55a2005ad0f1 <unknown>\n#4 0x55a2005f87e4 <unknown>\n#5 0x55a2005f5a20 <unknown>\n#6 0x55a20059ebe2 <unknown>\n#7 0x55a20059f991 <unknown>\n#8 0x55a200b03a99 <unknown>\n#9 0x55a200b069b1 <unknown>\n#10 0x55a200af00a9 <unknown>\n#11 0x55a200b0756e <unknown>\n#12 0x55a200ad65e0 <unknown>\n#13 0x55a200b2b358 <unknown>\n#14 0x55a200b2b528 <unknown>\n#15 0x55a200b3cfa8 <unknown>\n#16 0x7f2ba349caa4 <unknown>\n#17 0x7f2ba3529c6c <unknown>","time":{"start":1769552719288,"stop":1769552729563,"duration":10275}},{"uid":"fb26a257c8ff8c3b","reportUrl":"https://Brain-up.github.io/auto-tests-python/814/#testresult/fb26a257c8ff8c3b","status":"passed","statusDetails":"XPASS","time":{"start":1769545428402,"stop":1769545429796,"duration":1394}},{"uid":"b1b52d899e20ee84","reportUrl":"https://Brain-up.github.io/auto-tests-python/813/#testresult/b1b52d899e20ee84","status":"passed","statusDetails":"XPASS","time":{"start":1769426203373,"stop":1769426205162,"duration":1789}},{"uid":"fb2e741d9a75e97","reportUrl":"https://Brain-up.github.io/auto-tests-python/812/#testresult/fb2e741d9a75e97","status":"skipped","statusDetails":"XFAIL\n\nselenium.common.exceptions.TimeoutException: Message: Can't find element by locator ('xpath', '//div[@class=\"__51e19\"]')\nStacktrace:\n#0 0x55d047d80c3a <unknown>\n#1 0x55d04779a969 <unknown>\n#2 0x55d0477efead <unknown>\n#3 0x55d0477f00f1 <unknown>\n#4 0x55d04783b7e4 <unknown>\n#5 0x55d047838a20 <unknown>\n#6 0x55d0477e1be2 <unknown>\n#7 0x55d0477e2991 <unknown>\n#8 0x55d047d46a99 <unknown>\n#9 0x55d047d499b1 <unknown>\n#10 0x55d047d330a9 <unknown>\n#11 0x55d047d4a56e <unknown>\n#12 0x55d047d195e0 <unknown>\n#13 0x55d047d6e358 <unknown>\n#14 0x55d047d6e528 <unknown>\n#15 0x55d047d7ffa8 <unknown>\n#16 0x7ff4d5c9caa4 <unknown>\n#17 0x7ff4d5d29c6c <unknown>","time":{"start":1769336259196,"stop":1769336269469,"duration":10273}},{"uid":"951a1031024b12b9","reportUrl":"https://Brain-up.github.io/auto-tests-python/811/#testresult/951a1031024b12b9","status":"skipped","statusDetails":"XFAIL\n\nselenium.common.exceptions.TimeoutException: Message: Can't find element by locator ('xpath', '//div[@class=\"__51e19\"]')\nStacktrace:\n#0 0x55e562e9ec3a <unknown>\n#1 0x55e5628b8969 <unknown>\n#2 0x55e56290dead <unknown>\n#3 0x55e56290e0f1 <unknown>\n#4 0x55e5629597e4 <unknown>\n#5 0x55e562956a20 <unknown>\n#6 0x55e5628ffbe2 <unknown>\n#7 0x55e562900991 <unknown>\n#8 0x55e562e64a99 <unknown>\n#9 0x55e562e679b1 <unknown>\n#10 0x55e562e510a9 <unknown>\n#11 0x55e562e6856e <unknown>\n#12 0x55e562e375e0 <unknown>\n#13 0x55e562e8c358 <unknown>\n#14 0x55e562e8c528 <unknown>\n#15 0x55e562e9dfa8 <unknown>\n#16 0x7f1f18e9caa4 <unknown>\n#17 0x7f1f18f29c6c <unknown>","time":{"start":1769252951943,"stop":1769252962156,"duration":10213}},{"uid":"716fdcb3f82970","reportUrl":"https://Brain-up.github.io/auto-tests-python/810/#testresult/716fdcb3f82970","status":"skipped","statusDetails":"XFAIL\n\nselenium.common.exceptions.TimeoutException: Message: Can't find element by locator ('xpath', '//div[@class=\"__51e19\"]')\nStacktrace:\n#0 0x55e4cbc1140a <unknown>\n#1 0x55e4cb64576b <unknown>\n#2 0x55e4cb696e88 <unknown>\n#3 0x55e4cb6970c1 <unknown>\n#4 0x55e4cb6e52c4 <unknown>\n#5 0x55e4cb6e2760 <unknown>\n#6 0x55e4cb6897b2 <unknown>\n#7 0x55e4cb68a461 <unknown>\n#8 0x55e4cbbd9df9 <unknown>\n#9 0x55e4cbbdcd5d <unknown>\n#10 0x55e4cbbc2b41 <unknown>\n#11 0x55e4cbbdd93b <unknown>\n#12 0x55e4cbba9870 <unknown>\n#13 0x55e4cbbfe828 <unknown>\n#14 0x55e4cbbfe9fc <unknown>\n#15 0x55e4cbc10763 <unknown>\n#16 0x7fcaa7c9caa4 <unknown>\n#17 0x7fcaa7d29c6c <unknown>","time":{"start":1769071646654,"stop":1769071656921,"duration":10267}},{"uid":"74a9ced6848956c","reportUrl":"https://Brain-up.github.io/auto-tests-python/809/#testresult/74a9ced6848956c","status":"skipped","statusDetails":"XFAIL\n\nselenium.common.exceptions.TimeoutException: Message: Can't find element by locator ('xpath', '//div[@class=\"__51e19\"]')\nStacktrace:\n#0 0x5638911c140a <unknown>\n#1 0x563890bf576b <unknown>\n#2 0x563890c46e88 <unknown>\n#3 0x563890c470c1 <unknown>\n#4 0x563890c952c4 <unknown>\n#5 0x563890c92760 <unknown>\n#6 0x563890c397b2 <unknown>\n#7 0x563890c3a461 <unknown>\n#8 0x563891189df9 <unknown>\n#9 0x56389118cd5d <unknown>\n#10 0x563891172b41 <unknown>\n#11 0x56389118d93b <unknown>\n#12 0x563891159870 <unknown>\n#13 0x5638911ae828 <unknown>\n#14 0x5638911ae9fc <unknown>\n#15 0x5638911c0763 <unknown>\n#16 0x7f3965e9caa4 <unknown>\n#17 0x7f3965f29c6c <unknown>","time":{"start":1768989468055,"stop":1768989478345,"duration":10290}},{"uid":"babc39649dd7fdb1","reportUrl":"https://Brain-up.github.io/auto-tests-python/808/#testresult/babc39649dd7fdb1","status":"skipped","statusDetails":"XFAIL\n\nselenium.common.exceptions.TimeoutException: Message: Can't find element by locator ('xpath', '//div[@class=\"__51e19\"]')\nStacktrace:\n#0 0x55789045740a <unknown>\n#1 0x55788fe8b76b <unknown>\n#2 0x55788fedce88 <unknown>\n#3 0x55788fedd0c1 <unknown>\n#4 0x55788ff2b2c4 <unknown>\n#5 0x55788ff28760 <unknown>\n#6 0x55788fecf7b2 <unknown>\n#7 0x55788fed0461 <unknown>\n#8 0x55789041fdf9 <unknown>\n#9 0x557890422d5d <unknown>\n#10 0x557890408b41 <unknown>\n#11 0x55789042393b <unknown>\n#12 0x5578903ef870 <unknown>\n#13 0x557890444828 <unknown>\n#14 0x5578904449fc <unknown>\n#15 0x557890456763 <unknown>\n#16 0x7f9eca89caa4 <unknown>\n#17 0x7f9eca929c6c <unknown>","time":{"start":1768906882014,"stop":1768906892235,"duration":10221}},{"uid":"34c6b0ec689e621a","reportUrl":"https://Brain-up.github.io/auto-tests-python/807/#testresult/34c6b0ec689e621a","status":"passed","statusDetails":"XPASS","time":{"start":1768821203390,"stop":1768821204772,"duration":1382}},{"uid":"309fe4df686845c4","reportUrl":"https://Brain-up.github.io/auto-tests-python/806/#testresult/309fe4df686845c4","status":"skipped","statusDetails":"XFAIL\n\nselenium.common.exceptions.TimeoutException: Message: Can't find element by locator ('xpath', '//div[@class=\"__51e19\"]')\nStacktrace:\n#0 0x55c2fa1bf40a <unknown>\n#1 0x55c2f9bf376b <unknown>\n#2 0x55c2f9c44e88 <unknown>\n#3 0x55c2f9c450c1 <unknown>\n#4 0x55c2f9c932c4 <unknown>\n#5 0x55c2f9c90760 <unknown>\n#6 0x55c2f9c377b2 <unknown>\n#7 0x55c2f9c38461 <unknown>\n#8 0x55c2fa187df9 <unknown>\n#9 0x55c2fa18ad5d <unknown>\n#10 0x55c2fa170b41 <unknown>\n#11 0x55c2fa18b93b <unknown>\n#12 0x55c2fa157870 <unknown>\n#13 0x55c2fa1ac828 <unknown>\n#14 0x55c2fa1ac9fc <unknown>\n#15 0x55c2fa1be763 <unknown>\n#16 0x7f7e4a89caa4 <unknown>\n#17 0x7f7e4a929c6c <unknown>","time":{"start":1768737460195,"stop":1768737470485,"duration":10290}}]},"tags":["@pytest.mark.xfail"]},"source":"798043fdfc2b2d1f.json","parameterValues":[]}