{"uid":"c8660105425a417e","name":"Select random card from \"Word\" group and compare UI vs BACKEND data","fullName":"tests.test_speech_exercises_en.TestCardsEN#test_random_word_cards_en","historyId":"84999af5e98c6318908a9abbfe6fc3a3","time":{"start":1770897486579,"stop":1770897496973,"duration":10394},"status":"skipped","statusMessage":"XFAIL\n\nselenium.common.exceptions.TimeoutException: Message: Can't find element by locator ('xpath', '//button[@data-test-active-link=\"Words\"]')\nStacktrace:\n#0 0x556b06b704ba <unknown>\n#1 0x556b065d9492 <unknown>\n#2 0x556b0662e9b6 <unknown>\n#3 0x556b0662ebf1 <unknown>\n#4 0x556b0667a4d4 <unknown>\n#5 0x556b06677700 <unknown>\n#6 0x556b066206a2 <unknown>\n#7 0x556b06621491 <unknown>\n#8 0x556b06b36479 <unknown>\n#9 0x556b06b39391 <unknown>\n#10 0x556b06b22a89 <unknown>\n#11 0x556b06b39f4e <unknown>\n#12 0x556b06b09070 <unknown>\n#13 0x556b06b5dca8 <unknown>\n#14 0x556b06b5de78 <unknown>\n#15 0x556b06b6f828 <unknown>\n#16 0x7f3f0389caa4 <unknown>\n#17 0x7f3f03929c6c <unknown>","statusTrace":"self = <tests.test_speech_exercises_en.TestCardsEN object at 0x7ff893765430>\ndriver = <selenium.webdriver.chrome.webdriver.WebDriver (session=\"1d135f7c484b3d2445faa85f1b40601f\")>\nspecialist_user_authorized = None\n\n    @pytest.mark.xfail\n    @allure.suite(\"Speech exercises EN.\")\n    @allure.title('Select random card from \"Word\" group and compare UI vs BACKEND data')\n    def test_random_word_cards_en(self, driver, specialist_user_authorized):\n        page = SpeechExercisesPage(driver)\n>       page.select_group(SpeechExercisesPageLocators.WORDS_BUTTON_EN)\n\ntests/test_speech_exercises_en.py:16: \n_ _ _ _ _ _ _ _ _ _ _ _ _ _ _ _ _ _ _ _ _ _ _ _ _ _ _ _ _ _ _ _ _ _ _ _ _ _ _ _ \npages/speech_exercises_page_en.py:18: in select_group\n    text_of_the_button = self.element_is_present_and_clickable(selector_for_sub_group)\npages/base_page.py:40: in element_is_present_and_clickable\n    return (Wait(self.driver, self.timeout).until(\n_ _ _ _ _ _ _ _ _ _ _ _ _ _ _ _ _ _ _ _ _ _ _ _ _ _ _ _ _ _ _ _ _ _ _ _ _ _ _ _ \n\nself = <selenium.webdriver.support.wait.WebDriverWait (session=\"1d135f7c484b3d2445faa85f1b40601f\")>\nmethod = <function visibility_of_element_located.<locals>._predicate at 0x7ff8935a7f60>\nmessage = 'Can\\'t find element by locator (\\'xpath\\', \\'//button[@data-test-active-link=\"Words\"]\\')'\n\n    def until(self, method, message: str = \"\"):\n        \"\"\"Calls the method provided with the driver as an argument until the \\\n        return value does not evaluate to ``False``.\n    \n        :param method: callable(WebDriver)\n        :param message: optional message for :exc:`TimeoutException`\n        :returns: the result of the last call to `method`\n        :raises: :exc:`selenium.common.exceptions.TimeoutException` if timeout occurs\n        \"\"\"\n        screen = None\n        stacktrace = None\n    \n        end_time = time.monotonic() + self._timeout\n        while True:\n            try:\n                value = method(self._driver)\n                if value:\n                    return value\n            except self._ignored_exceptions as exc:\n                screen = getattr(exc, \"screen\", None)\n                stacktrace = getattr(exc, \"stacktrace\", None)\n            time.sleep(self._poll)\n            if time.monotonic() > end_time:\n                break\n>       raise TimeoutException(message, screen, stacktrace)\nE       selenium.common.exceptions.TimeoutException: Message: Can't find element by locator ('xpath', '//button[@data-test-active-link=\"Words\"]')\nE       Stacktrace:\nE       #0 0x556b06b704ba <unknown>\nE       #1 0x556b065d9492 <unknown>\nE       #2 0x556b0662e9b6 <unknown>\nE       #3 0x556b0662ebf1 <unknown>\nE       #4 0x556b0667a4d4 <unknown>\nE       #5 0x556b06677700 <unknown>\nE       #6 0x556b066206a2 <unknown>\nE       #7 0x556b06621491 <unknown>\nE       #8 0x556b06b36479 <unknown>\nE       #9 0x556b06b39391 <unknown>\nE       #10 0x556b06b22a89 <unknown>\nE       #11 0x556b06b39f4e <unknown>\nE       #12 0x556b06b09070 <unknown>\nE       #13 0x556b06b5dca8 <unknown>\nE       #14 0x556b06b5de78 <unknown>\nE       #15 0x556b06b6f828 <unknown>\nE       #16 0x7f3f0389caa4 <unknown>\nE       #17 0x7f3f03929c6c <unknown>\n\n/opt/hostedtoolcache/Python/3.12.12/x64/lib/python3.12/site-packages/selenium/webdriver/support/wait.py:95: TimeoutException","flaky":false,"newFailed":false,"newBroken":false,"newPassed":false,"retriesCount":0,"retriesStatusChange":false,"beforeStages":[{"name":"clear_allure_results_folder","time":{"start":1770896324368,"stop":1770896324368,"duration":0},"status":"passed","steps":[],"attachments":[],"parameters":[],"stepsCount":0,"shouldDisplayMessage":false,"attachmentsCount":0,"hasContent":false,"attachmentStep":false},{"name":"driver","time":{"start":1770897480325,"stop":1770897481085,"duration":760},"status":"passed","steps":[],"attachments":[],"parameters":[],"stepsCount":0,"shouldDisplayMessage":false,"attachmentsCount":0,"hasContent":false,"attachmentStep":false},{"name":"main_page_open","time":{"start":1770897481085,"stop":1770897484156,"duration":3071},"status":"passed","steps":[{"name":"Open page: https://www.brainup.site/","time":{"start":1770897481085,"stop":1770897484156,"duration":3071},"status":"passed","steps":[],"attachments":[],"parameters":[{"name":"driver","value":"<selenium.webdriver.chrome.webdriver.WebDriver (session=\"1d135f7c484b3d2445faa85f1b40601f\")>"}],"stepsCount":0,"shouldDisplayMessage":false,"attachmentsCount":0,"hasContent":true,"attachmentStep":false}],"attachments":[],"parameters":[],"stepsCount":1,"shouldDisplayMessage":false,"attachmentsCount":0,"hasContent":true,"attachmentStep":false},{"name":"specialist_user_authorized","time":{"start":1770897484156,"stop":1770897486579,"duration":2423},"status":"passed","steps":[{"name":"USER specialist authorized","time":{"start":1770897484156,"stop":1770897486579,"duration":2423},"status":"passed","steps":[{"name":"Check url is present: https://www.brainup.site/groups","time":{"start":1770897484538,"stop":1770897486557,"duration":2019},"status":"passed","steps":[],"attachments":[],"parameters":[],"stepsCount":0,"shouldDisplayMessage":false,"attachmentsCount":0,"hasContent":false,"attachmentStep":false},{"name":"Loader checking","time":{"start":1770897486557,"stop":1770897486579,"duration":22},"status":"passed","steps":[],"attachments":[],"parameters":[],"stepsCount":0,"shouldDisplayMessage":false,"attachmentsCount":0,"hasContent":false,"attachmentStep":false}],"attachments":[],"parameters":[{"name":"driver","value":"<selenium.webdriver.chrome.webdriver.WebDriver (session=\"1d135f7c484b3d2445faa85f1b40601f\")>"},{"name":"main_page_open","value":"None"}],"stepsCount":2,"shouldDisplayMessage":false,"attachmentsCount":0,"hasContent":true,"attachmentStep":false}],"attachments":[],"parameters":[],"stepsCount":3,"shouldDisplayMessage":false,"attachmentsCount":0,"hasContent":true,"attachmentStep":false}],"testStage":{"status":"skipped","statusMessage":"XFAIL\n\nselenium.common.exceptions.TimeoutException: Message: Can't find element by locator ('xpath', '//button[@data-test-active-link=\"Words\"]')\nStacktrace:\n#0 0x556b06b704ba <unknown>\n#1 0x556b065d9492 <unknown>\n#2 0x556b0662e9b6 <unknown>\n#3 0x556b0662ebf1 <unknown>\n#4 0x556b0667a4d4 <unknown>\n#5 0x556b06677700 <unknown>\n#6 0x556b066206a2 <unknown>\n#7 0x556b06621491 <unknown>\n#8 0x556b06b36479 <unknown>\n#9 0x556b06b39391 <unknown>\n#10 0x556b06b22a89 <unknown>\n#11 0x556b06b39f4e <unknown>\n#12 0x556b06b09070 <unknown>\n#13 0x556b06b5dca8 <unknown>\n#14 0x556b06b5de78 <unknown>\n#15 0x556b06b6f828 <unknown>\n#16 0x7f3f0389caa4 <unknown>\n#17 0x7f3f03929c6c <unknown>","statusTrace":"self = <tests.test_speech_exercises_en.TestCardsEN object at 0x7ff893765430>\ndriver = <selenium.webdriver.chrome.webdriver.WebDriver (session=\"1d135f7c484b3d2445faa85f1b40601f\")>\nspecialist_user_authorized = None\n\n    @pytest.mark.xfail\n    @allure.suite(\"Speech exercises EN.\")\n    @allure.title('Select random card from \"Word\" group and compare UI vs BACKEND data')\n    def test_random_word_cards_en(self, driver, specialist_user_authorized):\n        page = SpeechExercisesPage(driver)\n>       page.select_group(SpeechExercisesPageLocators.WORDS_BUTTON_EN)\n\ntests/test_speech_exercises_en.py:16: \n_ _ _ _ _ _ _ _ _ _ _ _ _ _ _ _ _ _ _ _ _ _ _ _ _ _ _ _ _ _ _ _ _ _ _ _ _ _ _ _ \npages/speech_exercises_page_en.py:18: in select_group\n    text_of_the_button = self.element_is_present_and_clickable(selector_for_sub_group)\npages/base_page.py:40: in element_is_present_and_clickable\n    return (Wait(self.driver, self.timeout).until(\n_ _ _ _ _ _ _ _ _ _ _ _ _ _ _ _ _ _ _ _ _ _ _ _ _ _ _ _ _ _ _ _ _ _ _ _ _ _ _ _ \n\nself = <selenium.webdriver.support.wait.WebDriverWait (session=\"1d135f7c484b3d2445faa85f1b40601f\")>\nmethod = <function visibility_of_element_located.<locals>._predicate at 0x7ff8935a7f60>\nmessage = 'Can\\'t find element by locator (\\'xpath\\', \\'//button[@data-test-active-link=\"Words\"]\\')'\n\n    def until(self, method, message: str = \"\"):\n        \"\"\"Calls the method provided with the driver as an argument until the \\\n        return value does not evaluate to ``False``.\n    \n        :param method: callable(WebDriver)\n        :param message: optional message for :exc:`TimeoutException`\n        :returns: the result of the last call to `method`\n        :raises: :exc:`selenium.common.exceptions.TimeoutException` if timeout occurs\n        \"\"\"\n        screen = None\n        stacktrace = None\n    \n        end_time = time.monotonic() + self._timeout\n        while True:\n            try:\n                value = method(self._driver)\n                if value:\n                    return value\n            except self._ignored_exceptions as exc:\n                screen = getattr(exc, \"screen\", None)\n                stacktrace = getattr(exc, \"stacktrace\", None)\n            time.sleep(self._poll)\n            if time.monotonic() > end_time:\n                break\n>       raise TimeoutException(message, screen, stacktrace)\nE       selenium.common.exceptions.TimeoutException: Message: Can't find element by locator ('xpath', '//button[@data-test-active-link=\"Words\"]')\nE       Stacktrace:\nE       #0 0x556b06b704ba <unknown>\nE       #1 0x556b065d9492 <unknown>\nE       #2 0x556b0662e9b6 <unknown>\nE       #3 0x556b0662ebf1 <unknown>\nE       #4 0x556b0667a4d4 <unknown>\nE       #5 0x556b06677700 <unknown>\nE       #6 0x556b066206a2 <unknown>\nE       #7 0x556b06621491 <unknown>\nE       #8 0x556b06b36479 <unknown>\nE       #9 0x556b06b39391 <unknown>\nE       #10 0x556b06b22a89 <unknown>\nE       #11 0x556b06b39f4e <unknown>\nE       #12 0x556b06b09070 <unknown>\nE       #13 0x556b06b5dca8 <unknown>\nE       #14 0x556b06b5de78 <unknown>\nE       #15 0x556b06b6f828 <unknown>\nE       #16 0x7f3f0389caa4 <unknown>\nE       #17 0x7f3f03929c6c <unknown>\n\n/opt/hostedtoolcache/Python/3.12.12/x64/lib/python3.12/site-packages/selenium/webdriver/support/wait.py:95: TimeoutException","steps":[{"name":"select_group","time":{"start":1770897486580,"stop":1770897496973,"duration":10393},"status":"broken","statusMessage":"selenium.common.exceptions.TimeoutException: Message: Can't find element by locator ('xpath', '//button[@data-test-active-link=\"Words\"]')\nStacktrace:\n#0 0x556b06b704ba <unknown>\n#1 0x556b065d9492 <unknown>\n#2 0x556b0662e9b6 <unknown>\n#3 0x556b0662ebf1 <unknown>\n#4 0x556b0667a4d4 <unknown>\n#5 0x556b06677700 <unknown>\n#6 0x556b066206a2 <unknown>\n#7 0x556b06621491 <unknown>\n#8 0x556b06b36479 <unknown>\n#9 0x556b06b39391 <unknown>\n#10 0x556b06b22a89 <unknown>\n#11 0x556b06b39f4e <unknown>\n#12 0x556b06b09070 <unknown>\n#13 0x556b06b5dca8 <unknown>\n#14 0x556b06b5de78 <unknown>\n#15 0x556b06b6f828 <unknown>\n#16 0x7f3f0389caa4 <unknown>\n#17 0x7f3f03929c6c <unknown>\n\n","statusTrace":"  File \"/opt/hostedtoolcache/Python/3.12.12/x64/lib/python3.12/site-packages/allure_commons/_allure.py\", line 192, in impl\n    return func(*a, **kw)\n           ^^^^^^^^^^^^^^\n  File \"/home/runner/work/auto-tests-python/auto-tests-python/pages/speech_exercises_page_en.py\", line 18, in select_group\n    text_of_the_button = self.element_is_present_and_clickable(selector_for_sub_group)\n                         ^^^^^^^^^^^^^^^^^^^^^^^^^^^^^^^^^^^^^^^^^^^^^^^^^^^^^^^^^^^^^\n  File \"/home/runner/work/auto-tests-python/auto-tests-python/pages/base_page.py\", line 40, in element_is_present_and_clickable\n    return (Wait(self.driver, self.timeout).until(\n            ^^^^^^^^^^^^^^^^^^^^^^^^^^^^^^^^^^^^^^\n  File \"/opt/hostedtoolcache/Python/3.12.12/x64/lib/python3.12/site-packages/selenium/webdriver/support/wait.py\", line 95, in until\n    raise TimeoutException(message, screen, stacktrace)\n","steps":[{"name":"Select Russian language. Click \"EN\" button.","time":{"start":1770897486580,"stop":1770897486656,"duration":76},"status":"passed","steps":[],"attachments":[],"parameters":[],"stepsCount":0,"shouldDisplayMessage":false,"attachmentsCount":0,"hasContent":false,"attachmentStep":false},{"name":"Click button \"SPEECH EXERCISES\".","time":{"start":1770897486656,"stop":1770897486730,"duration":74},"status":"passed","steps":[],"attachments":[],"parameters":[],"stepsCount":0,"shouldDisplayMessage":false,"attachmentsCount":0,"hasContent":false,"attachmentStep":false}],"attachments":[],"parameters":[{"name":"selector_for_sub_group","value":"('xpath', '//button[@data-test-active-link=\"Words\"]')"}],"stepsCount":2,"shouldDisplayMessage":true,"attachmentsCount":0,"hasContent":true,"attachmentStep":false}],"attachments":[],"parameters":[],"stepsCount":3,"shouldDisplayMessage":true,"attachmentsCount":0,"hasContent":true,"attachmentStep":false},"afterStages":[{"name":"driver::0","time":{"start":1770897496983,"stop":1770897497060,"duration":77},"status":"passed","steps":[],"attachments":[],"parameters":[],"stepsCount":0,"shouldDisplayMessage":false,"attachmentsCount":0,"hasContent":false,"attachmentStep":false}],"labels":[{"name":"epic","value":"Speech exercises."},{"name":"suite","value":"Speech exercises EN."},{"name":"tag","value":"@pytest.mark.xfail"},{"name":"parentSuite","value":"tests"},{"name":"subSuite","value":"TestCardsEN"},{"name":"host","value":"runnervmwffz4"},{"name":"thread","value":"2670-MainThread"},{"name":"framework","value":"pytest"},{"name":"language","value":"cpython3"},{"name":"package","value":"tests.test_speech_exercises_en"},{"name":"resultFormat","value":"allure2"}],"parameters":[],"links":[],"hidden":false,"retry":false,"extra":{"severity":"normal","retries":[],"categories":[],"history":{"statistic":{"failed":0,"broken":0,"skipped":33,"passed":0,"unknown":0,"total":33},"items":[{"uid":"dbe5c63502858847","reportUrl":"https://Brain-up.github.io/auto-tests-python/822/#testresult/dbe5c63502858847","status":"skipped","statusDetails":"XFAIL\n\nselenium.common.exceptions.TimeoutException: Message: Can't find element by locator ('xpath', '//button[@data-test-active-link=\"Words\"]')\nStacktrace:\n#0 0x55edd77804ba <unknown>\n#1 0x55edd71e9492 <unknown>\n#2 0x55edd723e9b6 <unknown>\n#3 0x55edd723ebf1 <unknown>\n#4 0x55edd728a4d4 <unknown>\n#5 0x55edd7287700 <unknown>\n#6 0x55edd72306a2 <unknown>\n#7 0x55edd7231491 <unknown>\n#8 0x55edd7746479 <unknown>\n#9 0x55edd7749391 <unknown>\n#10 0x55edd7732a89 <unknown>\n#11 0x55edd7749f4e <unknown>\n#12 0x55edd7719070 <unknown>\n#13 0x55edd776dca8 <unknown>\n#14 0x55edd776de78 <unknown>\n#15 0x55edd777f828 <unknown>\n#16 0x7f2c6069caa4 <unknown>\n#17 0x7f2c60729c6c <unknown>","time":{"start":1770836189299,"stop":1770836199682,"duration":10383}},{"uid":"f599dad70c0b0f62","reportUrl":"https://Brain-up.github.io/auto-tests-python/821/#testresult/f599dad70c0b0f62","status":"skipped","statusDetails":"XFAIL\n\nselenium.common.exceptions.TimeoutException: Message: Can't find element by locator ('xpath', '//button[@data-test-active-link=\"Words\"]')\nStacktrace:\n#0 0x55fd6f9e34ba <unknown>\n#1 0x55fd6f44c492 <unknown>\n#2 0x55fd6f4a19b6 <unknown>\n#3 0x55fd6f4a1bf1 <unknown>\n#4 0x55fd6f4ed4d4 <unknown>\n#5 0x55fd6f4ea700 <unknown>\n#6 0x55fd6f4936a2 <unknown>\n#7 0x55fd6f494491 <unknown>\n#8 0x55fd6f9a9479 <unknown>\n#9 0x55fd6f9ac391 <unknown>\n#10 0x55fd6f995a89 <unknown>\n#11 0x55fd6f9acf4e <unknown>\n#12 0x55fd6f97c070 <unknown>\n#13 0x55fd6f9d0ca8 <unknown>\n#14 0x55fd6f9d0e78 <unknown>\n#15 0x55fd6f9e2828 <unknown>\n#16 0x7ff73b49caa4 <unknown>\n#17 0x7ff73b529c6c <unknown>","time":{"start":1770552253880,"stop":1770552264218,"duration":10338}},{"uid":"fd63f88b85429527","reportUrl":"https://Brain-up.github.io/auto-tests-python/820/#testresult/fd63f88b85429527","status":"skipped","statusDetails":"XFAIL\n\nselenium.common.exceptions.TimeoutException: Message: Can't find element by locator ('xpath', '//button[@data-test-active-link=\"Words\"]')\nStacktrace:\n#0 0x563e7ddd04ba <unknown>\n#1 0x563e7d839492 <unknown>\n#2 0x563e7d88e9b6 <unknown>\n#3 0x563e7d88ebf1 <unknown>\n#4 0x563e7d8da4d4 <unknown>\n#5 0x563e7d8d7700 <unknown>\n#6 0x563e7d8806a2 <unknown>\n#7 0x563e7d881491 <unknown>\n#8 0x563e7dd96479 <unknown>\n#9 0x563e7dd99391 <unknown>\n#10 0x563e7dd82a89 <unknown>\n#11 0x563e7dd99f4e <unknown>\n#12 0x563e7dd69070 <unknown>\n#13 0x563e7ddbdca8 <unknown>\n#14 0x563e7ddbde78 <unknown>\n#15 0x563e7ddcf828 <unknown>\n#16 0x7f0b4c09caa4 <unknown>\n#17 0x7f0b4c129c6c <unknown>","time":{"start":1770489494886,"stop":1770489505308,"duration":10422}},{"uid":"e8e632397b018636","reportUrl":"https://Brain-up.github.io/auto-tests-python/819/#testresult/e8e632397b018636","status":"skipped","statusDetails":"XFAIL\n\nselenium.common.exceptions.TimeoutException: Message: Can't find element by locator ('xpath', '//button[@data-test-active-link=\"Words\"]')\nStacktrace:\n#0 0x55e4f393eafa <unknown>\n#1 0x55e4f335860f <unknown>\n#2 0x55e4f33ada16 <unknown>\n#3 0x55e4f33adc51 <unknown>\n#4 0x55e4f33f9404 <unknown>\n#5 0x55e4f33f662b <unknown>\n#6 0x55e4f339f842 <unknown>\n#7 0x55e4f33a0631 <unknown>\n#8 0x55e4f3904689 <unknown>\n#9 0x55e4f3907581 <unknown>\n#10 0x55e4f38f0ca9 <unknown>\n#11 0x55e4f390813e <unknown>\n#12 0x55e4f38d73a0 <unknown>\n#13 0x55e4f392bfc8 <unknown>\n#14 0x55e4f392c19b <unknown>\n#15 0x55e4f393de68 <unknown>\n#16 0x7fc3dd09caa4 <unknown>\n#17 0x7fc3dd129c6c <unknown>","time":{"start":1770376955931,"stop":1770376966312,"duration":10381}},{"uid":"f5c31d071e42091b","reportUrl":"https://Brain-up.github.io/auto-tests-python/818/#testresult/f5c31d071e42091b","status":"skipped","statusDetails":"XFAIL\n\nselenium.common.exceptions.TimeoutException: Message: Can't find element by locator ('xpath', '//button[@data-test-active-link=\"Words\"]')\nStacktrace:\n#0 0x55ba36880afa <unknown>\n#1 0x55ba3629a60f <unknown>\n#2 0x55ba362efa16 <unknown>\n#3 0x55ba362efc51 <unknown>\n#4 0x55ba3633b404 <unknown>\n#5 0x55ba3633862b <unknown>\n#6 0x55ba362e1842 <unknown>\n#7 0x55ba362e2631 <unknown>\n#8 0x55ba36846689 <unknown>\n#9 0x55ba36849581 <unknown>\n#10 0x55ba36832ca9 <unknown>\n#11 0x55ba3684a13e <unknown>\n#12 0x55ba368193a0 <unknown>\n#13 0x55ba3686dfc8 <unknown>\n#14 0x55ba3686e19b <unknown>\n#15 0x55ba3687fe68 <unknown>\n#16 0x7f07ddc9caa4 <unknown>\n#17 0x7f07ddd29c6c <unknown>","time":{"start":1770119431281,"stop":1770119441747,"duration":10466}},{"uid":"5b001ded50543e51","reportUrl":"https://Brain-up.github.io/auto-tests-python/817/#testresult/5b001ded50543e51","status":"skipped","statusDetails":"XFAIL\n\nselenium.common.exceptions.TimeoutException: Message: Can't find element by locator ('xpath', '//button[@data-test-active-link=\"Words\"]')\nStacktrace:\n#0 0x556f80d6dafa <unknown>\n#1 0x556f8078760f <unknown>\n#2 0x556f807dca16 <unknown>\n#3 0x556f807dcc51 <unknown>\n#4 0x556f80828404 <unknown>\n#5 0x556f8082562b <unknown>\n#6 0x556f807ce842 <unknown>\n#7 0x556f807cf631 <unknown>\n#8 0x556f80d33689 <unknown>\n#9 0x556f80d36581 <unknown>\n#10 0x556f80d1fca9 <unknown>\n#11 0x556f80d3713e <unknown>\n#12 0x556f80d063a0 <unknown>\n#13 0x556f80d5afc8 <unknown>\n#14 0x556f80d5b19b <unknown>\n#15 0x556f80d6ce68 <unknown>\n#16 0x7f435e49caa4 <unknown>\n#17 0x7f435e529c6c <unknown>","time":{"start":1769945689240,"stop":1769945699589,"duration":10349}},{"uid":"5d9ce8c068775e3b","reportUrl":"https://Brain-up.github.io/auto-tests-python/816/#testresult/5d9ce8c068775e3b","status":"skipped","statusDetails":"XFAIL\n\nselenium.common.exceptions.TimeoutException: Message: Can't find element by locator ('xpath', '//button[@data-test-active-link=\"Words\"]')\nStacktrace:\n#0 0x561f1da1bafa <unknown>\n#1 0x561f1d43560f <unknown>\n#2 0x561f1d48aa16 <unknown>\n#3 0x561f1d48ac51 <unknown>\n#4 0x561f1d4d6404 <unknown>\n#5 0x561f1d4d362b <unknown>\n#6 0x561f1d47c842 <unknown>\n#7 0x561f1d47d631 <unknown>\n#8 0x561f1d9e1689 <unknown>\n#9 0x561f1d9e4581 <unknown>\n#10 0x561f1d9cdca9 <unknown>\n#11 0x561f1d9e513e <unknown>\n#12 0x561f1d9b43a0 <unknown>\n#13 0x561f1da08fc8 <unknown>\n#14 0x561f1da0919b <unknown>\n#15 0x561f1da1ae68 <unknown>\n#16 0x7f9374a9caa4 <unknown>\n#17 0x7f9374b29c6c <unknown>","time":{"start":1769859644326,"stop":1769859654678,"duration":10352}},{"uid":"734773521ad53bc6","reportUrl":"https://Brain-up.github.io/auto-tests-python/816/#testresult/734773521ad53bc6","status":"skipped","statusDetails":"XFAIL\n\nselenium.common.exceptions.TimeoutException: Message: Can't find element by locator ('xpath', '//button[@data-test-active-link=\"Words\"]')\nStacktrace:\n#0 0x55eb18975afa <unknown>\n#1 0x55eb1838f60f <unknown>\n#2 0x55eb183e4a16 <unknown>\n#3 0x55eb183e4c51 <unknown>\n#4 0x55eb18430404 <unknown>\n#5 0x55eb1842d62b <unknown>\n#6 0x55eb183d6842 <unknown>\n#7 0x55eb183d7631 <unknown>\n#8 0x55eb1893b689 <unknown>\n#9 0x55eb1893e581 <unknown>\n#10 0x55eb18927ca9 <unknown>\n#11 0x55eb1893f13e <unknown>\n#12 0x55eb1890e3a0 <unknown>\n#13 0x55eb18962fc8 <unknown>\n#14 0x55eb1896319b <unknown>\n#15 0x55eb18974e68 <unknown>\n#16 0x7f584709caa4 <unknown>\n#17 0x7f5847129c6c <unknown>","time":{"start":1769785019547,"stop":1769785029902,"duration":10355}},{"uid":"2470e1187179627d","reportUrl":"https://Brain-up.github.io/auto-tests-python/815/#testresult/2470e1187179627d","status":"skipped","statusDetails":"XFAIL\n\nselenium.common.exceptions.TimeoutException: Message: Can't find element by locator ('xpath', '//button[@data-test-active-link=\"Words\"]')\nStacktrace:\n#0 0x55b9dd72bc3a <unknown>\n#1 0x55b9dd145969 <unknown>\n#2 0x55b9dd19aead <unknown>\n#3 0x55b9dd19b0f1 <unknown>\n#4 0x55b9dd1e67e4 <unknown>\n#5 0x55b9dd1e3a20 <unknown>\n#6 0x55b9dd18cbe2 <unknown>\n#7 0x55b9dd18d991 <unknown>\n#8 0x55b9dd6f1a99 <unknown>\n#9 0x55b9dd6f49b1 <unknown>\n#10 0x55b9dd6de0a9 <unknown>\n#11 0x55b9dd6f556e <unknown>\n#12 0x55b9dd6c45e0 <unknown>\n#13 0x55b9dd719358 <unknown>\n#14 0x55b9dd719528 <unknown>\n#15 0x55b9dd72afa8 <unknown>\n#16 0x7f60fca9caa4 <unknown>\n#17 0x7f60fcb29c6c <unknown>","time":{"start":1769688853224,"stop":1769688863576,"duration":10352}},{"uid":"241213705f552c09","reportUrl":"https://Brain-up.github.io/auto-tests-python/814/#testresult/241213705f552c09","status":"skipped","statusDetails":"XFAIL\n\nselenium.common.exceptions.TimeoutException: Message: Can't find element by locator ('xpath', '//button[@data-test-active-link=\"Words\"]')\nStacktrace:\n#0 0x55bc3666bc3a <unknown>\n#1 0x55bc36085969 <unknown>\n#2 0x55bc360daead <unknown>\n#3 0x55bc360db0f1 <unknown>\n#4 0x55bc361267e4 <unknown>\n#5 0x55bc36123a20 <unknown>\n#6 0x55bc360ccbe2 <unknown>\n#7 0x55bc360cd991 <unknown>\n#8 0x55bc36631a99 <unknown>\n#9 0x55bc366349b1 <unknown>\n#10 0x55bc3661e0a9 <unknown>\n#11 0x55bc3663556e <unknown>\n#12 0x55bc366045e0 <unknown>\n#13 0x55bc36659358 <unknown>\n#14 0x55bc36659528 <unknown>\n#15 0x55bc3666afa8 <unknown>\n#16 0x7f572009caa4 <unknown>\n#17 0x7f5720129c6c <unknown>","time":{"start":1769600773553,"stop":1769600783898,"duration":10345}},{"uid":"96d679f44bcabf4b","reportUrl":"https://Brain-up.github.io/auto-tests-python/814/#testresult/96d679f44bcabf4b","status":"skipped","statusDetails":"XFAIL\n\nselenium.common.exceptions.TimeoutException: Message: Can't find element by locator ('xpath', '//button[@data-test-active-link=\"Words\"]')\nStacktrace:\n#0 0x55f0240fac3a <unknown>\n#1 0x55f023b14969 <unknown>\n#2 0x55f023b69ead <unknown>\n#3 0x55f023b6a0f1 <unknown>\n#4 0x55f023bb57e4 <unknown>\n#5 0x55f023bb2a20 <unknown>\n#6 0x55f023b5bbe2 <unknown>\n#7 0x55f023b5c991 <unknown>\n#8 0x55f0240c0a99 <unknown>\n#9 0x55f0240c39b1 <unknown>\n#10 0x55f0240ad0a9 <unknown>\n#11 0x55f0240c456e <unknown>\n#12 0x55f0240935e0 <unknown>\n#13 0x55f0240e8358 <unknown>\n#14 0x55f0240e8528 <unknown>\n#15 0x55f0240f9fa8 <unknown>\n#16 0x7f850549caa4 <unknown>\n#17 0x7f8505529c6c <unknown>","time":{"start":1769552529772,"stop":1769552540138,"duration":10366}},{"uid":"df7c78e8aba74c2d","reportUrl":"https://Brain-up.github.io/auto-tests-python/814/#testresult/df7c78e8aba74c2d","status":"skipped","statusDetails":"XFAIL\n\nselenium.common.exceptions.TimeoutException: Message: Can't find element by locator ('xpath', '//button[@data-test-active-link=\"Words\"]')\nStacktrace:\n#0 0x55bc152c1c3a <unknown>\n#1 0x55bc14cdb969 <unknown>\n#2 0x55bc14d30ead <unknown>\n#3 0x55bc14d310f1 <unknown>\n#4 0x55bc14d7c7e4 <unknown>\n#5 0x55bc14d79a20 <unknown>\n#6 0x55bc14d22be2 <unknown>\n#7 0x55bc14d23991 <unknown>\n#8 0x55bc15287a99 <unknown>\n#9 0x55bc1528a9b1 <unknown>\n#10 0x55bc152740a9 <unknown>\n#11 0x55bc1528b56e <unknown>\n#12 0x55bc1525a5e0 <unknown>\n#13 0x55bc152af358 <unknown>\n#14 0x55bc152af528 <unknown>\n#15 0x55bc152c0fa8 <unknown>\n#16 0x7fd632c9caa4 <unknown>\n#17 0x7fd632d29c6c <unknown>","time":{"start":1769545176424,"stop":1769545186772,"duration":10348}},{"uid":"e23b093f6f2902d9","reportUrl":"https://Brain-up.github.io/auto-tests-python/813/#testresult/e23b093f6f2902d9","status":"skipped","statusDetails":"XFAIL\n\nselenium.common.exceptions.TimeoutException: Message: Can't find element by locator ('xpath', '//button[@data-test-active-link=\"Words\"]')\nStacktrace:\n#0 0x5614506cec3a <unknown>\n#1 0x5614500e8969 <unknown>\n#2 0x56145013dead <unknown>\n#3 0x56145013e0f1 <unknown>\n#4 0x5614501897e4 <unknown>\n#5 0x561450186a20 <unknown>\n#6 0x56145012fbe2 <unknown>\n#7 0x561450130991 <unknown>\n#8 0x561450694a99 <unknown>\n#9 0x5614506979b1 <unknown>\n#10 0x5614506810a9 <unknown>\n#11 0x56145069856e <unknown>\n#12 0x5614506675e0 <unknown>\n#13 0x5614506bc358 <unknown>\n#14 0x5614506bc528 <unknown>\n#15 0x5614506cdfa8 <unknown>\n#16 0x7ff152c9caa4 <unknown>\n#17 0x7ff152d29c6c <unknown>","time":{"start":1769425786795,"stop":1769425797172,"duration":10377}},{"uid":"b10186bec25bbae8","reportUrl":"https://Brain-up.github.io/auto-tests-python/812/#testresult/b10186bec25bbae8","status":"skipped","statusDetails":"XFAIL\n\nselenium.common.exceptions.TimeoutException: Message: Can't find element by locator ('xpath', '//button[@data-test-active-link=\"Words\"]')\nStacktrace:\n#0 0x55d885c5dc3a <unknown>\n#1 0x55d885677969 <unknown>\n#2 0x55d8856ccead <unknown>\n#3 0x55d8856cd0f1 <unknown>\n#4 0x55d8857187e4 <unknown>\n#5 0x55d885715a20 <unknown>\n#6 0x55d8856bebe2 <unknown>\n#7 0x55d8856bf991 <unknown>\n#8 0x55d885c23a99 <unknown>\n#9 0x55d885c269b1 <unknown>\n#10 0x55d885c100a9 <unknown>\n#11 0x55d885c2756e <unknown>\n#12 0x55d885bf65e0 <unknown>\n#13 0x55d885c4b358 <unknown>\n#14 0x55d885c4b528 <unknown>\n#15 0x55d885c5cfa8 <unknown>\n#16 0x7f011ac9caa4 <unknown>\n#17 0x7f011ad29c6c <unknown>","time":{"start":1769336071525,"stop":1769336081892,"duration":10367}},{"uid":"6620c94b64f2e5e1","reportUrl":"https://Brain-up.github.io/auto-tests-python/811/#testresult/6620c94b64f2e5e1","status":"skipped","statusDetails":"XFAIL\n\nselenium.common.exceptions.TimeoutException: Message: Can't find element by locator ('xpath', '//button[@data-test-active-link=\"Words\"]')\nStacktrace:\n#0 0x562991bc6c3a <unknown>\n#1 0x5629915e0969 <unknown>\n#2 0x562991635ead <unknown>\n#3 0x5629916360f1 <unknown>\n#4 0x5629916817e4 <unknown>\n#5 0x56299167ea20 <unknown>\n#6 0x562991627be2 <unknown>\n#7 0x562991628991 <unknown>\n#8 0x562991b8ca99 <unknown>\n#9 0x562991b8f9b1 <unknown>\n#10 0x562991b790a9 <unknown>\n#11 0x562991b9056e <unknown>\n#12 0x562991b5f5e0 <unknown>\n#13 0x562991bb4358 <unknown>\n#14 0x562991bb4528 <unknown>\n#15 0x562991bc5fa8 <unknown>\n#16 0x7efd87e9caa4 <unknown>\n#17 0x7efd87f29c6c <unknown>","time":{"start":1769252760408,"stop":1769252770701,"duration":10293}},{"uid":"676dee336c02e078","reportUrl":"https://Brain-up.github.io/auto-tests-python/810/#testresult/676dee336c02e078","status":"skipped","statusDetails":"XFAIL\n\nselenium.common.exceptions.TimeoutException: Message: Can't find element by locator ('xpath', '//button[@data-test-active-link=\"Words\"]')\nStacktrace:\n#0 0x5617f5b6540a <unknown>\n#1 0x5617f559976b <unknown>\n#2 0x5617f55eae88 <unknown>\n#3 0x5617f55eb0c1 <unknown>\n#4 0x5617f56392c4 <unknown>\n#5 0x5617f5636760 <unknown>\n#6 0x5617f55dd7b2 <unknown>\n#7 0x5617f55de461 <unknown>\n#8 0x5617f5b2ddf9 <unknown>\n#9 0x5617f5b30d5d <unknown>\n#10 0x5617f5b16b41 <unknown>\n#11 0x5617f5b3193b <unknown>\n#12 0x5617f5afd870 <unknown>\n#13 0x5617f5b52828 <unknown>\n#14 0x5617f5b529fc <unknown>\n#15 0x5617f5b64763 <unknown>\n#16 0x7f03f7a9caa4 <unknown>\n#17 0x7f03f7b29c6c <unknown>","time":{"start":1769071441114,"stop":1769071451482,"duration":10368}},{"uid":"abbd9f8bc1be08da","reportUrl":"https://Brain-up.github.io/auto-tests-python/809/#testresult/abbd9f8bc1be08da","status":"skipped","statusDetails":"XFAIL\n\nselenium.common.exceptions.TimeoutException: Message: Can't find element by locator ('xpath', '//button[@data-test-active-link=\"Words\"]')\nStacktrace:\n#0 0x55ed8155740a <unknown>\n#1 0x55ed80f8b76b <unknown>\n#2 0x55ed80fdce88 <unknown>\n#3 0x55ed80fdd0c1 <unknown>\n#4 0x55ed8102b2c4 <unknown>\n#5 0x55ed81028760 <unknown>\n#6 0x55ed80fcf7b2 <unknown>\n#7 0x55ed80fd0461 <unknown>\n#8 0x55ed8151fdf9 <unknown>\n#9 0x55ed81522d5d <unknown>\n#10 0x55ed81508b41 <unknown>\n#11 0x55ed8152393b <unknown>\n#12 0x55ed814ef870 <unknown>\n#13 0x55ed81544828 <unknown>\n#14 0x55ed815449fc <unknown>\n#15 0x55ed81556763 <unknown>\n#16 0x7fb22a89caa4 <unknown>\n#17 0x7fb22a929c6c <unknown>","time":{"start":1768989277577,"stop":1768989287940,"duration":10363}},{"uid":"2924556f913834e6","reportUrl":"https://Brain-up.github.io/auto-tests-python/808/#testresult/2924556f913834e6","status":"skipped","statusDetails":"XFAIL\n\nselenium.common.exceptions.TimeoutException: Message: Can't find element by locator ('xpath', '//button[@data-test-active-link=\"Words\"]')\nStacktrace:\n#0 0x5597bcc7940a <unknown>\n#1 0x5597bc6ad76b <unknown>\n#2 0x5597bc6fee88 <unknown>\n#3 0x5597bc6ff0c1 <unknown>\n#4 0x5597bc74d2c4 <unknown>\n#5 0x5597bc74a760 <unknown>\n#6 0x5597bc6f17b2 <unknown>\n#7 0x5597bc6f2461 <unknown>\n#8 0x5597bcc41df9 <unknown>\n#9 0x5597bcc44d5d <unknown>\n#10 0x5597bcc2ab41 <unknown>\n#11 0x5597bcc4593b <unknown>\n#12 0x5597bcc11870 <unknown>\n#13 0x5597bcc66828 <unknown>\n#14 0x5597bcc669fc <unknown>\n#15 0x5597bcc78763 <unknown>\n#16 0x7f897149caa4 <unknown>\n#17 0x7f8971529c6c <unknown>","time":{"start":1768906677757,"stop":1768906688054,"duration":10297}},{"uid":"cf0409edde55265f","reportUrl":"https://Brain-up.github.io/auto-tests-python/807/#testresult/cf0409edde55265f","status":"skipped","statusDetails":"XFAIL\n\nselenium.common.exceptions.TimeoutException: Message: Can't find element by locator ('xpath', '//button[@data-test-active-link=\"Words\"]')\nStacktrace:\n#0 0x557a573fb40a <unknown>\n#1 0x557a56e2f76b <unknown>\n#2 0x557a56e80e88 <unknown>\n#3 0x557a56e810c1 <unknown>\n#4 0x557a56ecf2c4 <unknown>\n#5 0x557a56ecc760 <unknown>\n#6 0x557a56e737b2 <unknown>\n#7 0x557a56e74461 <unknown>\n#8 0x557a573c3df9 <unknown>\n#9 0x557a573c6d5d <unknown>\n#10 0x557a573acb41 <unknown>\n#11 0x557a573c793b <unknown>\n#12 0x557a57393870 <unknown>\n#13 0x557a573e8828 <unknown>\n#14 0x557a573e89fc <unknown>\n#15 0x557a573fa763 <unknown>\n#16 0x7f316989caa4 <unknown>\n#17 0x7f3169929c6c <unknown>","time":{"start":1768820983996,"stop":1768820994372,"duration":10376}},{"uid":"6b7ca16bfcf90796","reportUrl":"https://Brain-up.github.io/auto-tests-python/806/#testresult/6b7ca16bfcf90796","status":"skipped","statusDetails":"XFAIL\n\nselenium.common.exceptions.TimeoutException: Message: Can't find element by locator ('xpath', '//button[@data-test-active-link=\"Words\"]')\nStacktrace:\n#0 0x558f017cc40a <unknown>\n#1 0x558f0120076b <unknown>\n#2 0x558f01251e88 <unknown>\n#3 0x558f012520c1 <unknown>\n#4 0x558f012a02c4 <unknown>\n#5 0x558f0129d760 <unknown>\n#6 0x558f012447b2 <unknown>\n#7 0x558f01245461 <unknown>\n#8 0x558f01794df9 <unknown>\n#9 0x558f01797d5d <unknown>\n#10 0x558f0177db41 <unknown>\n#11 0x558f0179893b <unknown>\n#12 0x558f01764870 <unknown>\n#13 0x558f017b9828 <unknown>\n#14 0x558f017b99fc <unknown>\n#15 0x558f017cb763 <unknown>\n#16 0x7ff60b49caa4 <unknown>\n#17 0x7ff60b529c6c <unknown>","time":{"start":1768737269611,"stop":1768737280107,"duration":10496}}]},"tags":["@pytest.mark.xfail"]},"source":"c8660105425a417e.json","parameterValues":[]}