{"uid":"ef3f4d8411440ae0","name":"test_gp_04_03_verify_images_alt_en","fullName":"tests.groups_page_test.TestGroupsPageImages#test_gp_04_03_verify_images_alt_en","historyId":"a373199f9dacdec8431781990b53409a","time":{"start":1770897031967,"stop":1770897031967,"duration":0},"status":"broken","statusMessage":"selenium.common.exceptions.TimeoutException: Message: Can't find element by locator https://www.brainup.site/groups","statusTrace":"self = <pages.base_page.BasePage object at 0x7ff89361e1e0>\nurl = 'https://www.brainup.site/groups'\n\n    def check_expected_link(self, url):\n        with allure.step(f'Check url is present: {url}'):\n            try:\n>               return Wait(self.driver, self.timeout).until(\n                    EC.url_to_be(url), message=f\"Can't find element by locator {url}\")\n\npages/base_page.py:80: \n_ _ _ _ _ _ _ _ _ _ _ _ _ _ _ _ _ _ _ _ _ _ _ _ _ _ _ _ _ _ _ _ _ _ _ _ _ _ _ _ \n\nself = <selenium.webdriver.support.wait.WebDriverWait (session=\"d825c0f9ccb2eb9d7fc186bc27778530\")>\nmethod = <function url_to_be.<locals>._predicate at 0x7ff8936cf6a0>\nmessage = \"Can't find element by locator https://www.brainup.site/groups\"\n\n    def until(self, method, message: str = \"\"):\n        \"\"\"Calls the method provided with the driver as an argument until the \\\n        return value does not evaluate to ``False``.\n    \n        :param method: callable(WebDriver)\n        :param message: optional message for :exc:`TimeoutException`\n        :returns: the result of the last call to `method`\n        :raises: :exc:`selenium.common.exceptions.TimeoutException` if timeout occurs\n        \"\"\"\n        screen = None\n        stacktrace = None\n    \n        end_time = time.monotonic() + self._timeout\n        while True:\n            try:\n                value = method(self._driver)\n                if value:\n                    return value\n            except self._ignored_exceptions as exc:\n                screen = getattr(exc, \"screen\", None)\n                stacktrace = getattr(exc, \"stacktrace\", None)\n            time.sleep(self._poll)\n            if time.monotonic() > end_time:\n                break\n>       raise TimeoutException(message, screen, stacktrace)\nE       selenium.common.exceptions.TimeoutException: Message: Can't find element by locator https://www.brainup.site/groups\n\n/opt/hostedtoolcache/Python/3.12.12/x64/lib/python3.12/site-packages/selenium/webdriver/support/wait.py:95: TimeoutException\n\nDuring handling of the above exception, another exception occurred:\n\ndriver = <selenium.webdriver.chrome.webdriver.WebDriver (session=\"d825c0f9ccb2eb9d7fc186bc27778530\")>\nmain_page_open = None\n\n    @pytest.fixture()\n    @allure.step('Auto test user authorized')\n    def auto_test_user_authorized(driver, main_page_open):\n        page = BasePage(driver)\n        page.element_is_present_and_clickable(MainPageLocators.LOGIN_BUTTON).click()\n        page.element_is_visible(LoginPageLocators.INPUT_LOGIN).send_keys(os.environ[\"LOGIN\"])\n        page.element_is_visible(LoginPageLocators.INPUT_PASSWORD).send_keys(os.environ[\"PASSWORD\"])\n        page.element_is_present_and_clickable(LoginPageLocators.SIGN_IN_BUTTON).click()\n>       page.check_expected_link(MainPageLinks.URL_GROUPS_PAGE)\n\ntests/conftest.py:178: \n_ _ _ _ _ _ _ _ _ _ _ _ _ _ _ _ _ _ _ _ _ _ _ _ _ _ _ _ _ _ _ _ _ _ _ _ _ _ _ _ \npages/base_page.py:84: in check_expected_link\n    return Wait(self.driver, self.timeout).until(\n_ _ _ _ _ _ _ _ _ _ _ _ _ _ _ _ _ _ _ _ _ _ _ _ _ _ _ _ _ _ _ _ _ _ _ _ _ _ _ _ \n\nself = <selenium.webdriver.support.wait.WebDriverWait (session=\"d825c0f9ccb2eb9d7fc186bc27778530\")>\nmethod = <function url_to_be.<locals>._predicate at 0x7ff8936151c0>\nmessage = \"Can't find element by locator https://www.brainup.site/groups\"\n\n    def until(self, method, message: str = \"\"):\n        \"\"\"Calls the method provided with the driver as an argument until the \\\n        return value does not evaluate to ``False``.\n    \n        :param method: callable(WebDriver)\n        :param message: optional message for :exc:`TimeoutException`\n        :returns: the result of the last call to `method`\n        :raises: :exc:`selenium.common.exceptions.TimeoutException` if timeout occurs\n        \"\"\"\n        screen = None\n        stacktrace = None\n    \n        end_time = time.monotonic() + self._timeout\n        while True:\n            try:\n                value = method(self._driver)\n                if value:\n                    return value\n            except self._ignored_exceptions as exc:\n                screen = getattr(exc, \"screen\", None)\n                stacktrace = getattr(exc, \"stacktrace\", None)\n            time.sleep(self._poll)\n            if time.monotonic() > end_time:\n                break\n>       raise TimeoutException(message, screen, stacktrace)\nE       selenium.common.exceptions.TimeoutException: Message: Can't find element by locator https://www.brainup.site/groups\n\n/opt/hostedtoolcache/Python/3.12.12/x64/lib/python3.12/site-packages/selenium/webdriver/support/wait.py:95: TimeoutException","flaky":false,"newFailed":false,"newBroken":true,"newPassed":false,"retriesCount":0,"retriesStatusChange":false,"beforeStages":[{"name":"clear_allure_results_folder","time":{"start":1770896324368,"stop":1770896324368,"duration":0},"status":"passed","steps":[],"attachments":[],"parameters":[],"stepsCount":0,"shouldDisplayMessage":false,"attachmentsCount":0,"hasContent":false,"attachmentStep":false},{"name":"driver","time":{"start":1770897031968,"stop":1770897032729,"duration":761},"status":"passed","steps":[],"attachments":[],"parameters":[],"stepsCount":0,"shouldDisplayMessage":false,"attachmentsCount":0,"hasContent":false,"attachmentStep":false},{"name":"main_page_open","time":{"start":1770897032729,"stop":1770897035613,"duration":2884},"status":"passed","steps":[{"name":"Open page: https://www.brainup.site/","time":{"start":1770897032729,"stop":1770897035613,"duration":2884},"status":"passed","steps":[],"attachments":[],"parameters":[{"name":"driver","value":"<selenium.webdriver.chrome.webdriver.WebDriver (session=\"d825c0f9ccb2eb9d7fc186bc27778530\")>"}],"stepsCount":0,"shouldDisplayMessage":false,"attachmentsCount":0,"hasContent":true,"attachmentStep":false}],"attachments":[],"parameters":[],"stepsCount":1,"shouldDisplayMessage":false,"attachmentsCount":0,"hasContent":true,"attachmentStep":false},{"name":"auto_test_user_authorized","time":{"start":1770897035613,"stop":1770897056139,"duration":20526},"status":"broken","statusMessage":"selenium.common.exceptions.TimeoutException: Message: Can't find element by locator https://www.brainup.site/groups\n\n","statusTrace":"  File \"/opt/hostedtoolcache/Python/3.12.12/x64/lib/python3.12/site-packages/pluggy/_callers.py\", line 38, in run_old_style_hookwrapper\n    res = yield\n          ^^^^^\n  File \"/opt/hostedtoolcache/Python/3.12.12/x64/lib/python3.12/site-packages/pluggy/_callers.py\", line 139, in _multicall\n    teardown.throw(exception)\n  File \"/opt/hostedtoolcache/Python/3.12.12/x64/lib/python3.12/site-packages/pluggy/_callers.py\", line 53, in run_old_style_hookwrapper\n    return result.get_result()\n           ^^^^^^^^^^^^^^^^^^^\n  File \"/opt/hostedtoolcache/Python/3.12.12/x64/lib/python3.12/site-packages/pluggy/_result.py\", line 103, in get_result\n    raise exc.with_traceback(tb)\n  File \"/opt/hostedtoolcache/Python/3.12.12/x64/lib/python3.12/site-packages/pluggy/_callers.py\", line 38, in run_old_style_hookwrapper\n    res = yield\n          ^^^^^\n  File \"/opt/hostedtoolcache/Python/3.12.12/x64/lib/python3.12/site-packages/pluggy/_callers.py\", line 121, in _multicall\n    res = hook_impl.function(*args)\n          ^^^^^^^^^^^^^^^^^^^^^^^^^\n  File \"/opt/hostedtoolcache/Python/3.12.12/x64/lib/python3.12/site-packages/_pytest/fixtures.py\", line 1123, in pytest_fixture_setup\n    result = call_fixture_func(fixturefunc, request, kwargs)\n             ^^^^^^^^^^^^^^^^^^^^^^^^^^^^^^^^^^^^^^^^^^^^^^^\n  File \"/opt/hostedtoolcache/Python/3.12.12/x64/lib/python3.12/site-packages/_pytest/fixtures.py\", line 902, in call_fixture_func\n    fixture_result = fixturefunc(**kwargs)\n                     ^^^^^^^^^^^^^^^^^^^^^\n  File \"/opt/hostedtoolcache/Python/3.12.12/x64/lib/python3.12/site-packages/allure_commons/_allure.py\", line 192, in impl\n    return func(*a, **kw)\n           ^^^^^^^^^^^^^^\n  File \"/home/runner/work/auto-tests-python/auto-tests-python/tests/conftest.py\", line 178, in auto_test_user_authorized\n    page.check_expected_link(MainPageLinks.URL_GROUPS_PAGE)\n  File \"/home/runner/work/auto-tests-python/auto-tests-python/pages/base_page.py\", line 84, in check_expected_link\n    return Wait(self.driver, self.timeout).until(\n           ^^^^^^^^^^^^^^^^^^^^^^^^^^^^^^^^^^^^^^\n  File \"/opt/hostedtoolcache/Python/3.12.12/x64/lib/python3.12/site-packages/selenium/webdriver/support/wait.py\", line 95, in until\n    raise TimeoutException(message, screen, stacktrace)\n","steps":[{"name":"Auto test user authorized","time":{"start":1770897035613,"stop":1770897056138,"duration":20525},"status":"broken","statusMessage":"selenium.common.exceptions.TimeoutException: Message: Can't find element by locator https://www.brainup.site/groups\n\n","statusTrace":"  File \"/opt/hostedtoolcache/Python/3.12.12/x64/lib/python3.12/site-packages/allure_commons/_allure.py\", line 192, in impl\n    return func(*a, **kw)\n           ^^^^^^^^^^^^^^\n  File \"/home/runner/work/auto-tests-python/auto-tests-python/tests/conftest.py\", line 178, in auto_test_user_authorized\n    page.check_expected_link(MainPageLinks.URL_GROUPS_PAGE)\n  File \"/home/runner/work/auto-tests-python/auto-tests-python/pages/base_page.py\", line 84, in check_expected_link\n    return Wait(self.driver, self.timeout).until(\n           ^^^^^^^^^^^^^^^^^^^^^^^^^^^^^^^^^^^^^^\n  File \"/opt/hostedtoolcache/Python/3.12.12/x64/lib/python3.12/site-packages/selenium/webdriver/support/wait.py\", line 95, in until\n    raise TimeoutException(message, screen, stacktrace)\n","steps":[{"name":"Check url is present: https://www.brainup.site/groups","time":{"start":1770897035993,"stop":1770897056137,"duration":20144},"status":"broken","statusMessage":"selenium.common.exceptions.TimeoutException: Message: Can't find element by locator https://www.brainup.site/groups\n\n","statusTrace":"  File \"/home/runner/work/auto-tests-python/auto-tests-python/pages/base_page.py\", line 84, in check_expected_link\n    return Wait(self.driver, self.timeout).until(\n           ^^^^^^^^^^^^^^^^^^^^^^^^^^^^^^^^^^^^^^\n  File \"/opt/hostedtoolcache/Python/3.12.12/x64/lib/python3.12/site-packages/selenium/webdriver/support/wait.py\", line 95, in until\n    raise TimeoutException(message, screen, stacktrace)\n","steps":[],"attachments":[],"parameters":[],"stepsCount":0,"shouldDisplayMessage":true,"attachmentsCount":0,"hasContent":true,"attachmentStep":false}],"attachments":[],"parameters":[{"name":"driver","value":"<selenium.webdriver.chrome.webdriver.WebDriver (session=\"d825c0f9ccb2eb9d7fc186bc27778530\")>"},{"name":"main_page_open","value":"None"}],"stepsCount":1,"shouldDisplayMessage":false,"attachmentsCount":0,"hasContent":true,"attachmentStep":false}],"attachments":[],"parameters":[],"stepsCount":2,"shouldDisplayMessage":false,"attachmentsCount":0,"hasContent":true,"attachmentStep":false}],"afterStages":[{"name":"driver::0","time":{"start":1770897056184,"stop":1770897056260,"duration":76},"status":"passed","steps":[],"attachments":[],"parameters":[],"stepsCount":0,"shouldDisplayMessage":false,"attachmentsCount":0,"hasContent":false,"attachmentStep":false}],"labels":[{"name":"epic","value":"The Groups Page"},{"name":"parentSuite","value":"tests"},{"name":"suite","value":"groups_page_test"},{"name":"subSuite","value":"TestGroupsPage"},{"name":"host","value":"runnervmwffz4"},{"name":"thread","value":"2670-MainThread"},{"name":"framework","value":"pytest"},{"name":"language","value":"cpython3"},{"name":"package","value":"tests.groups_page_test"},{"name":"resultFormat","value":"allure2"}],"parameters":[],"links":[],"hidden":false,"retry":false,"extra":{"severity":"normal","retries":[],"categories":[{"name":"Test defects","matchedStatuses":[],"flaky":false}],"history":{"statistic":{"failed":0,"broken":8,"skipped":0,"passed":25,"unknown":0,"total":33},"items":[{"uid":"10f8ff379e32edec","reportUrl":"https://Brain-up.github.io/auto-tests-python/822/#testresult/10f8ff379e32edec","status":"passed","time":{"start":1770835750606,"stop":1770835750631,"duration":25}},{"uid":"2223c0cbc0371d1f","reportUrl":"https://Brain-up.github.io/auto-tests-python/821/#testresult/2223c0cbc0371d1f","status":"passed","time":{"start":1770551864337,"stop":1770551864359,"duration":22}},{"uid":"2ee0c63f76689404","reportUrl":"https://Brain-up.github.io/auto-tests-python/820/#testresult/2ee0c63f76689404","status":"passed","time":{"start":1770489102616,"stop":1770489102639,"duration":23}},{"uid":"d80c1188613d3c19","reportUrl":"https://Brain-up.github.io/auto-tests-python/819/#testresult/d80c1188613d3c19","status":"passed","time":{"start":1770376480084,"stop":1770376480108,"duration":24}},{"uid":"91550bbd9d193c65","reportUrl":"https://Brain-up.github.io/auto-tests-python/818/#testresult/91550bbd9d193c65","status":"passed","time":{"start":1770118939670,"stop":1770118939708,"duration":38}},{"uid":"3764e110dfbbec5","reportUrl":"https://Brain-up.github.io/auto-tests-python/817/#testresult/3764e110dfbbec5","status":"passed","time":{"start":1769945224131,"stop":1769945224154,"duration":23}},{"uid":"f8f0dfb8e3bb1477","reportUrl":"https://Brain-up.github.io/auto-tests-python/816/#testresult/f8f0dfb8e3bb1477","status":"passed","time":{"start":1769859181928,"stop":1769859181953,"duration":25}},{"uid":"6c0ac805866c822e","reportUrl":"https://Brain-up.github.io/auto-tests-python/816/#testresult/6c0ac805866c822e","status":"passed","time":{"start":1769784614385,"stop":1769784614408,"duration":23}},{"uid":"2a78f94f625ff106","reportUrl":"https://Brain-up.github.io/auto-tests-python/815/#testresult/2a78f94f625ff106","status":"broken","statusDetails":"selenium.common.exceptions.TimeoutException: Message: Can't find element by locator https://www.brainup.site/groups","time":{"start":1769688358135,"stop":1769688358135,"duration":0}},{"uid":"fa63071113cfca7c","reportUrl":"https://Brain-up.github.io/auto-tests-python/814/#testresult/fa63071113cfca7c","status":"passed","time":{"start":1769600339797,"stop":1769600339821,"duration":24}},{"uid":"7a29c8b2b246c00c","reportUrl":"https://Brain-up.github.io/auto-tests-python/814/#testresult/7a29c8b2b246c00c","status":"passed","time":{"start":1769552140573,"stop":1769552140596,"duration":23}},{"uid":"ee1150978f5b05c0","reportUrl":"https://Brain-up.github.io/auto-tests-python/814/#testresult/ee1150978f5b05c0","status":"passed","time":{"start":1769543932456,"stop":1769543932479,"duration":23}},{"uid":"5abc9e15700fb022","reportUrl":"https://Brain-up.github.io/auto-tests-python/813/#testresult/5abc9e15700fb022","status":"broken","statusDetails":"selenium.common.exceptions.TimeoutException: Message: Can't find element by locator https://www.brainup.site/groups","time":{"start":1769425337637,"stop":1769425337637,"duration":0}},{"uid":"aa753919b1a2007f","reportUrl":"https://Brain-up.github.io/auto-tests-python/812/#testresult/aa753919b1a2007f","status":"passed","time":{"start":1769335669079,"stop":1769335669103,"duration":24}},{"uid":"2aef9fbaf58f0aaa","reportUrl":"https://Brain-up.github.io/auto-tests-python/811/#testresult/2aef9fbaf58f0aaa","status":"broken","statusDetails":"selenium.common.exceptions.TimeoutException: Message: Can't find element by locator https://www.brainup.site/groups","time":{"start":1769252319788,"stop":1769252319788,"duration":0}},{"uid":"59f693dedbfea69a","reportUrl":"https://Brain-up.github.io/auto-tests-python/810/#testresult/59f693dedbfea69a","status":"passed","time":{"start":1769070969169,"stop":1769070969193,"duration":24}},{"uid":"22667c0cf4603757","reportUrl":"https://Brain-up.github.io/auto-tests-python/809/#testresult/22667c0cf4603757","status":"passed","time":{"start":1768988884283,"stop":1768988884309,"duration":26}},{"uid":"3976f9eb6e3472c3","reportUrl":"https://Brain-up.github.io/auto-tests-python/808/#testresult/3976f9eb6e3472c3","status":"passed","time":{"start":1768906220594,"stop":1768906220617,"duration":23}},{"uid":"dd2f9c52662b4cce","reportUrl":"https://Brain-up.github.io/auto-tests-python/807/#testresult/dd2f9c52662b4cce","status":"passed","time":{"start":1768820598931,"stop":1768820598954,"duration":23}},{"uid":"e1ebddb4786738dc","reportUrl":"https://Brain-up.github.io/auto-tests-python/806/#testresult/e1ebddb4786738dc","status":"broken","statusDetails":"selenium.common.exceptions.TimeoutException: Message: Can't find element by locator https://www.brainup.site/groups","time":{"start":1768736828735,"stop":1768736828735,"duration":0}}]},"tags":[]},"source":"ef3f4d8411440ae0.json","parameterValues":[]}