{"uid":"35d2ca892f6b1899","name":"Verify redirection to specialists page not authorized user.","fullName":"tests.description_page_test.TestDescriptionPage#test_dp_05_verify_redirection_to_specialists_page","historyId":"2bb438cf0156f1b8aed1660bcc15d225","time":{"start":1769784035952,"stop":1769784056319,"duration":20367},"status":"broken","statusMessage":"selenium.common.exceptions.TimeoutException: Message: Can't find element by locator https://www.brainup.site/specialists","statusTrace":"self = <pages.description_page.DescriptionPage object at 0x7fe426217980>\nurl = 'https://www.brainup.site/specialists'\n\n    def check_expected_link(self, url):\n        with allure.step(f'Check url is present: {url}'):\n            try:\n>               return Wait(self.driver, self.timeout).until(\n                    EC.url_to_be(url), message=f\"Can't find element by locator {url}\")\n\npages/base_page.py:80: \n_ _ _ _ _ _ _ _ _ _ _ _ _ _ _ _ _ _ _ _ _ _ _ _ _ _ _ _ _ _ _ _ _ _ _ _ _ _ _ _ \n\nself = <selenium.webdriver.support.wait.WebDriverWait (session=\"0a7f4633fde7b049ee2f178183169e1f\")>\nmethod = <function url_to_be.<locals>._predicate at 0x7fe4261de480>\nmessage = \"Can't find element by locator https://www.brainup.site/specialists\"\n\n    def until(self, method, message: str = \"\"):\n        \"\"\"Calls the method provided with the driver as an argument until the \\\n        return value does not evaluate to ``False``.\n    \n        :param method: callable(WebDriver)\n        :param message: optional message for :exc:`TimeoutException`\n        :returns: the result of the last call to `method`\n        :raises: :exc:`selenium.common.exceptions.TimeoutException` if timeout occurs\n        \"\"\"\n        screen = None\n        stacktrace = None\n    \n        end_time = time.monotonic() + self._timeout\n        while True:\n            try:\n                value = method(self._driver)\n                if value:\n                    return value\n            except self._ignored_exceptions as exc:\n                screen = getattr(exc, \"screen\", None)\n                stacktrace = getattr(exc, \"stacktrace\", None)\n            time.sleep(self._poll)\n            if time.monotonic() > end_time:\n                break\n>       raise TimeoutException(message, screen, stacktrace)\nE       selenium.common.exceptions.TimeoutException: Message: Can't find element by locator https://www.brainup.site/specialists\n\n/opt/hostedtoolcache/Python/3.12.12/x64/lib/python3.12/site-packages/selenium/webdriver/support/wait.py:95: TimeoutException\n\nDuring handling of the above exception, another exception occurred:\n\nself = <tests.description_page_test.TestDescriptionPage object at 0x7fe4265d2720>\ndriver = <selenium.webdriver.chrome.webdriver.WebDriver (session=\"0a7f4633fde7b049ee2f178183169e1f\")>\nmain_page_open = None\n\n    @allure.title(\"Verify redirection to specialists page not authorized user.\")\n    def test_dp_05_verify_redirection_to_specialists_page(self, driver, main_page_open):\n        page = DescriptionPage(driver)\n>       specialists_page_url = page.transition_specialists_page()\n\ntests/description_page_test.py:36: \n_ _ _ _ _ _ _ _ _ _ _ _ _ _ _ _ _ _ _ _ _ _ _ _ _ _ _ _ _ _ _ _ _ _ _ _ _ _ _ _ \npages/description_page.py:43: in transition_specialists_page\n    self.check_expected_link(MainPageLinks.URL_SPECIALISTS_PAGE)\npages/base_page.py:84: in check_expected_link\n    return Wait(self.driver, self.timeout).until(\n_ _ _ _ _ _ _ _ _ _ _ _ _ _ _ _ _ _ _ _ _ _ _ _ _ _ _ _ _ _ _ _ _ _ _ _ _ _ _ _ \n\nself = <selenium.webdriver.support.wait.WebDriverWait (session=\"0a7f4633fde7b049ee2f178183169e1f\")>\nmethod = <function url_to_be.<locals>._predicate at 0x7fe4261dede0>\nmessage = \"Can't find element by locator https://www.brainup.site/specialists\"\n\n    def until(self, method, message: str = \"\"):\n        \"\"\"Calls the method provided with the driver as an argument until the \\\n        return value does not evaluate to ``False``.\n    \n        :param method: callable(WebDriver)\n        :param message: optional message for :exc:`TimeoutException`\n        :returns: the result of the last call to `method`\n        :raises: :exc:`selenium.common.exceptions.TimeoutException` if timeout occurs\n        \"\"\"\n        screen = None\n        stacktrace = None\n    \n        end_time = time.monotonic() + self._timeout\n        while True:\n            try:\n                value = method(self._driver)\n                if value:\n                    return value\n            except self._ignored_exceptions as exc:\n                screen = getattr(exc, \"screen\", None)\n                stacktrace = getattr(exc, \"stacktrace\", None)\n            time.sleep(self._poll)\n            if time.monotonic() > end_time:\n                break\n>       raise TimeoutException(message, screen, stacktrace)\nE       selenium.common.exceptions.TimeoutException: Message: Can't find element by locator https://www.brainup.site/specialists\n\n/opt/hostedtoolcache/Python/3.12.12/x64/lib/python3.12/site-packages/selenium/webdriver/support/wait.py:95: TimeoutException","flaky":false,"newFailed":false,"newBroken":true,"newPassed":false,"retriesCount":0,"retriesStatusChange":false,"beforeStages":[{"name":"clear_allure_results_folder","time":{"start":1769783870274,"stop":1769783870274,"duration":0},"status":"passed","steps":[],"attachments":[],"parameters":[],"stepsCount":0,"shouldDisplayMessage":false,"attachmentsCount":0,"hasContent":false,"attachmentStep":false},{"name":"driver","time":{"start":1769784032436,"stop":1769784033197,"duration":761},"status":"passed","steps":[],"attachments":[],"parameters":[],"stepsCount":0,"shouldDisplayMessage":false,"attachmentsCount":0,"hasContent":false,"attachmentStep":false},{"name":"main_page_open","time":{"start":1769784033197,"stop":1769784035952,"duration":2755},"status":"passed","steps":[{"name":"Open page: https://www.brainup.site/","time":{"start":1769784033198,"stop":1769784035952,"duration":2754},"status":"passed","steps":[],"attachments":[],"parameters":[{"name":"driver","value":"<selenium.webdriver.chrome.webdriver.WebDriver (session=\"0a7f4633fde7b049ee2f178183169e1f\")>"}],"stepsCount":0,"shouldDisplayMessage":false,"attachmentsCount":0,"hasContent":true,"attachmentStep":false}],"attachments":[],"parameters":[],"stepsCount":1,"shouldDisplayMessage":false,"attachmentsCount":0,"hasContent":true,"attachmentStep":false}],"testStage":{"status":"broken","statusMessage":"selenium.common.exceptions.TimeoutException: Message: Can't find element by locator https://www.brainup.site/specialists","statusTrace":"self = <pages.description_page.DescriptionPage object at 0x7fe426217980>\nurl = 'https://www.brainup.site/specialists'\n\n    def check_expected_link(self, url):\n        with allure.step(f'Check url is present: {url}'):\n            try:\n>               return Wait(self.driver, self.timeout).until(\n                    EC.url_to_be(url), message=f\"Can't find element by locator {url}\")\n\npages/base_page.py:80: \n_ _ _ _ _ _ _ _ _ _ _ _ _ _ _ _ _ _ _ _ _ _ _ _ _ _ _ _ _ _ _ _ _ _ _ _ _ _ _ _ \n\nself = <selenium.webdriver.support.wait.WebDriverWait (session=\"0a7f4633fde7b049ee2f178183169e1f\")>\nmethod = <function url_to_be.<locals>._predicate at 0x7fe4261de480>\nmessage = \"Can't find element by locator https://www.brainup.site/specialists\"\n\n    def until(self, method, message: str = \"\"):\n        \"\"\"Calls the method provided with the driver as an argument until the \\\n        return value does not evaluate to ``False``.\n    \n        :param method: callable(WebDriver)\n        :param message: optional message for :exc:`TimeoutException`\n        :returns: the result of the last call to `method`\n        :raises: :exc:`selenium.common.exceptions.TimeoutException` if timeout occurs\n        \"\"\"\n        screen = None\n        stacktrace = None\n    \n        end_time = time.monotonic() + self._timeout\n        while True:\n            try:\n                value = method(self._driver)\n                if value:\n                    return value\n            except self._ignored_exceptions as exc:\n                screen = getattr(exc, \"screen\", None)\n                stacktrace = getattr(exc, \"stacktrace\", None)\n            time.sleep(self._poll)\n            if time.monotonic() > end_time:\n                break\n>       raise TimeoutException(message, screen, stacktrace)\nE       selenium.common.exceptions.TimeoutException: Message: Can't find element by locator https://www.brainup.site/specialists\n\n/opt/hostedtoolcache/Python/3.12.12/x64/lib/python3.12/site-packages/selenium/webdriver/support/wait.py:95: TimeoutException\n\nDuring handling of the above exception, another exception occurred:\n\nself = <tests.description_page_test.TestDescriptionPage object at 0x7fe4265d2720>\ndriver = <selenium.webdriver.chrome.webdriver.WebDriver (session=\"0a7f4633fde7b049ee2f178183169e1f\")>\nmain_page_open = None\n\n    @allure.title(\"Verify redirection to specialists page not authorized user.\")\n    def test_dp_05_verify_redirection_to_specialists_page(self, driver, main_page_open):\n        page = DescriptionPage(driver)\n>       specialists_page_url = page.transition_specialists_page()\n\ntests/description_page_test.py:36: \n_ _ _ _ _ _ _ _ _ _ _ _ _ _ _ _ _ _ _ _ _ _ _ _ _ _ _ _ _ _ _ _ _ _ _ _ _ _ _ _ \npages/description_page.py:43: in transition_specialists_page\n    self.check_expected_link(MainPageLinks.URL_SPECIALISTS_PAGE)\npages/base_page.py:84: in check_expected_link\n    return Wait(self.driver, self.timeout).until(\n_ _ _ _ _ _ _ _ _ _ _ _ _ _ _ _ _ _ _ _ _ _ _ _ _ _ _ _ _ _ _ _ _ _ _ _ _ _ _ _ \n\nself = <selenium.webdriver.support.wait.WebDriverWait (session=\"0a7f4633fde7b049ee2f178183169e1f\")>\nmethod = <function url_to_be.<locals>._predicate at 0x7fe4261dede0>\nmessage = \"Can't find element by locator https://www.brainup.site/specialists\"\n\n    def until(self, method, message: str = \"\"):\n        \"\"\"Calls the method provided with the driver as an argument until the \\\n        return value does not evaluate to ``False``.\n    \n        :param method: callable(WebDriver)\n        :param message: optional message for :exc:`TimeoutException`\n        :returns: the result of the last call to `method`\n        :raises: :exc:`selenium.common.exceptions.TimeoutException` if timeout occurs\n        \"\"\"\n        screen = None\n        stacktrace = None\n    \n        end_time = time.monotonic() + self._timeout\n        while True:\n            try:\n                value = method(self._driver)\n                if value:\n                    return value\n            except self._ignored_exceptions as exc:\n                screen = getattr(exc, \"screen\", None)\n                stacktrace = getattr(exc, \"stacktrace\", None)\n            time.sleep(self._poll)\n            if time.monotonic() > end_time:\n                break\n>       raise TimeoutException(message, screen, stacktrace)\nE       selenium.common.exceptions.TimeoutException: Message: Can't find element by locator https://www.brainup.site/specialists\n\n/opt/hostedtoolcache/Python/3.12.12/x64/lib/python3.12/site-packages/selenium/webdriver/support/wait.py:95: TimeoutException","steps":[{"name":"Open specialists page","time":{"start":1769784035952,"stop":1769784056318,"duration":20366},"status":"broken","statusMessage":"selenium.common.exceptions.TimeoutException: Message: Can't find element by locator https://www.brainup.site/specialists\n\n","statusTrace":"  File \"/opt/hostedtoolcache/Python/3.12.12/x64/lib/python3.12/site-packages/allure_commons/_allure.py\", line 192, in impl\n    return func(*a, **kw)\n           ^^^^^^^^^^^^^^\n  File \"/home/runner/work/auto-tests-python/auto-tests-python/pages/description_page.py\", line 43, in transition_specialists_page\n    self.check_expected_link(MainPageLinks.URL_SPECIALISTS_PAGE)\n  File \"/home/runner/work/auto-tests-python/auto-tests-python/pages/base_page.py\", line 84, in check_expected_link\n    return Wait(self.driver, self.timeout).until(\n           ^^^^^^^^^^^^^^^^^^^^^^^^^^^^^^^^^^^^^^\n  File \"/opt/hostedtoolcache/Python/3.12.12/x64/lib/python3.12/site-packages/selenium/webdriver/support/wait.py\", line 95, in until\n    raise TimeoutException(message, screen, stacktrace)\n","steps":[{"name":"Check url is present: https://www.brainup.site/specialists","time":{"start":1769784036131,"stop":1769784056318,"duration":20187},"status":"broken","statusMessage":"selenium.common.exceptions.TimeoutException: Message: Can't find element by locator https://www.brainup.site/specialists\n\n","statusTrace":"  File \"/home/runner/work/auto-tests-python/auto-tests-python/pages/base_page.py\", line 84, in check_expected_link\n    return Wait(self.driver, self.timeout).until(\n           ^^^^^^^^^^^^^^^^^^^^^^^^^^^^^^^^^^^^^^\n  File \"/opt/hostedtoolcache/Python/3.12.12/x64/lib/python3.12/site-packages/selenium/webdriver/support/wait.py\", line 95, in until\n    raise TimeoutException(message, screen, stacktrace)\n","steps":[],"attachments":[],"parameters":[],"stepsCount":0,"shouldDisplayMessage":true,"attachmentsCount":0,"hasContent":true,"attachmentStep":false}],"attachments":[],"parameters":[],"stepsCount":1,"shouldDisplayMessage":false,"attachmentsCount":0,"hasContent":true,"attachmentStep":false}],"attachments":[{"uid":"27152553e8afcde2","name":"Screenshot 2026-01-30 14:40:56.424683","source":"27152553e8afcde2.png","type":"image/png","size":97202}],"parameters":[],"stepsCount":2,"shouldDisplayMessage":true,"attachmentsCount":1,"hasContent":true,"attachmentStep":false},"afterStages":[{"name":"driver::0","time":{"start":1769784056426,"stop":1769784056501,"duration":75},"status":"passed","steps":[],"attachments":[],"parameters":[],"stepsCount":0,"shouldDisplayMessage":false,"attachmentsCount":0,"hasContent":false,"attachmentStep":false}],"labels":[{"name":"epic","value":"Description Page."},{"name":"parentSuite","value":"tests"},{"name":"suite","value":"description_page_test"},{"name":"subSuite","value":"TestDescriptionPage"},{"name":"host","value":"runnervmkj6or"},{"name":"thread","value":"2662-MainThread"},{"name":"framework","value":"pytest"},{"name":"language","value":"cpython3"},{"name":"package","value":"tests.description_page_test"},{"name":"resultFormat","value":"allure2"}],"parameters":[],"links":[],"hidden":false,"retry":false,"extra":{"severity":"normal","retries":[],"categories":[{"name":"Test defects","matchedStatuses":[],"flaky":false}],"history":{"statistic":{"failed":0,"broken":2,"skipped":0,"passed":23,"unknown":0,"total":25},"items":[{"uid":"6678e6612b4005ed","reportUrl":"https://Brain-up.github.io/auto-tests-python/815/#testresult/6678e6612b4005ed","status":"passed","time":{"start":1769687799647,"stop":1769687800325,"duration":678}},{"uid":"cca641d6b34f1995","reportUrl":"https://Brain-up.github.io/auto-tests-python/814/#testresult/cca641d6b34f1995","status":"passed","time":{"start":1769599759263,"stop":1769599759942,"duration":679}},{"uid":"73f834f9bc8eb4d8","reportUrl":"https://Brain-up.github.io/auto-tests-python/814/#testresult/73f834f9bc8eb4d8","status":"passed","time":{"start":1769551612099,"stop":1769551612780,"duration":681}},{"uid":"6b17f4349eb2cbac","reportUrl":"https://Brain-up.github.io/auto-tests-python/814/#testresult/6b17f4349eb2cbac","status":"passed","time":{"start":1769543285761,"stop":1769543286450,"duration":689}},{"uid":"5271782f402e099e","reportUrl":"https://Brain-up.github.io/auto-tests-python/813/#testresult/5271782f402e099e","status":"passed","time":{"start":1769424799632,"stop":1769424800318,"duration":686}},{"uid":"f0d2f46c2ef4cd0d","reportUrl":"https://Brain-up.github.io/auto-tests-python/812/#testresult/f0d2f46c2ef4cd0d","status":"passed","time":{"start":1769335139958,"stop":1769335140649,"duration":691}},{"uid":"ea40c06f54466ad4","reportUrl":"https://Brain-up.github.io/auto-tests-python/811/#testresult/ea40c06f54466ad4","status":"passed","time":{"start":1769251781680,"stop":1769251782345,"duration":665}},{"uid":"2e9794a3000e256e","reportUrl":"https://Brain-up.github.io/auto-tests-python/810/#testresult/2e9794a3000e256e","status":"passed","time":{"start":1769070332740,"stop":1769070333424,"duration":684}},{"uid":"a56fe8739b7122ff","reportUrl":"https://Brain-up.github.io/auto-tests-python/809/#testresult/a56fe8739b7122ff","status":"passed","time":{"start":1768988343404,"stop":1768988344098,"duration":694}},{"uid":"efc82a61ef78270f","reportUrl":"https://Brain-up.github.io/auto-tests-python/808/#testresult/efc82a61ef78270f","status":"passed","time":{"start":1768905553891,"stop":1768905554557,"duration":666}},{"uid":"dc9d1503dd47d626","reportUrl":"https://Brain-up.github.io/auto-tests-python/807/#testresult/dc9d1503dd47d626","status":"broken","statusDetails":"selenium.common.exceptions.TimeoutException: Message: Can't find element by locator https://www.brainup.site/specialists","time":{"start":1768820050363,"stop":1768820070677,"duration":20314}},{"uid":"a36c8c4e092b66e8","reportUrl":"https://Brain-up.github.io/auto-tests-python/806/#testresult/a36c8c4e092b66e8","status":"passed","time":{"start":1768736293500,"stop":1768736294185,"duration":685}},{"uid":"204e23d6bde68dec","reportUrl":"https://Brain-up.github.io/auto-tests-python/805/#testresult/204e23d6bde68dec","status":"passed","time":{"start":1768646748908,"stop":1768646749588,"duration":680}},{"uid":"6ee0c5f58aa23269","reportUrl":"https://Brain-up.github.io/auto-tests-python/804/#testresult/6ee0c5f58aa23269","status":"passed","time":{"start":1768557794115,"stop":1768557794806,"duration":691}},{"uid":"332abc72780fa34d","reportUrl":"https://Brain-up.github.io/auto-tests-python/803/#testresult/332abc72780fa34d","status":"passed","time":{"start":1768470893644,"stop":1768470894331,"duration":687}},{"uid":"1d673670de68f957","reportUrl":"https://Brain-up.github.io/auto-tests-python/802/#testresult/1d673670de68f957","status":"passed","time":{"start":1768396197167,"stop":1768396197865,"duration":698}},{"uid":"739c6074f510c562","reportUrl":"https://Brain-up.github.io/auto-tests-python/801/#testresult/739c6074f510c562","status":"passed","time":{"start":1768297699580,"stop":1768297700256,"duration":676}},{"uid":"838f78718a579628","reportUrl":"https://Brain-up.github.io/auto-tests-python/800/#testresult/838f78718a579628","status":"passed","time":{"start":1768194571380,"stop":1768194572064,"duration":684}},{"uid":"d18390def8226e4e","reportUrl":"https://Brain-up.github.io/auto-tests-python/799/#testresult/d18390def8226e4e","status":"passed","time":{"start":1768044832041,"stop":1768044832725,"duration":684}},{"uid":"ac62d7cc2730d857","reportUrl":"https://Brain-up.github.io/auto-tests-python/798/#testresult/ac62d7cc2730d857","status":"passed","time":{"start":1767951416206,"stop":1767951416895,"duration":689}}]},"tags":[]},"source":"35d2ca892f6b1899.json","parameterValues":[]}