{"uid":"2aef9fbaf58f0aaa","name":"test_gp_04_03_verify_images_alt_en","fullName":"tests.groups_page_test.TestGroupsPageImages#test_gp_04_03_verify_images_alt_en","historyId":"a373199f9dacdec8431781990b53409a","time":{"start":1769252319788,"stop":1769252319788,"duration":0},"status":"broken","statusMessage":"selenium.common.exceptions.TimeoutException: Message: Can't find element by locator https://www.brainup.site/groups","statusTrace":"self = <pages.base_page.BasePage object at 0x7ffa0550f5c0>\nurl = 'https://www.brainup.site/groups'\n\n    def check_expected_link(self, url):\n        with allure.step(f'Check url is present: {url}'):\n            try:\n>               return Wait(self.driver, self.timeout).until(\n                    EC.url_to_be(url), message=f\"Can't find element by locator {url}\")\n\npages/base_page.py:80: \n_ _ _ _ _ _ _ _ _ _ _ _ _ _ _ _ _ _ _ _ _ _ _ _ _ _ _ _ _ _ _ _ _ _ _ _ _ _ _ _ \n\nself = <selenium.webdriver.support.wait.WebDriverWait (session=\"525c024f5ea4bb069ba07dd0b557aab6\")>\nmethod = <function url_to_be.<locals>._predicate at 0x7ffa054f0b80>\nmessage = \"Can't find element by locator https://www.brainup.site/groups\"\n\n    def until(self, method, message: str = \"\"):\n        \"\"\"Calls the method provided with the driver as an argument until the \\\n        return value does not evaluate to ``False``.\n    \n        :param method: callable(WebDriver)\n        :param message: optional message for :exc:`TimeoutException`\n        :returns: the result of the last call to `method`\n        :raises: :exc:`selenium.common.exceptions.TimeoutException` if timeout occurs\n        \"\"\"\n        screen = None\n        stacktrace = None\n    \n        end_time = time.monotonic() + self._timeout\n        while True:\n            try:\n                value = method(self._driver)\n                if value:\n                    return value\n            except self._ignored_exceptions as exc:\n                screen = getattr(exc, \"screen\", None)\n                stacktrace = getattr(exc, \"stacktrace\", None)\n            time.sleep(self._poll)\n            if time.monotonic() > end_time:\n                break\n>       raise TimeoutException(message, screen, stacktrace)\nE       selenium.common.exceptions.TimeoutException: Message: Can't find element by locator https://www.brainup.site/groups\n\n/opt/hostedtoolcache/Python/3.12.12/x64/lib/python3.12/site-packages/selenium/webdriver/support/wait.py:95: TimeoutException\n\nDuring handling of the above exception, another exception occurred:\n\ndriver = <selenium.webdriver.chrome.webdriver.WebDriver (session=\"525c024f5ea4bb069ba07dd0b557aab6\")>\nmain_page_open = None\n\n    @pytest.fixture()\n    @allure.step('Auto test user authorized')\n    def auto_test_user_authorized(driver, main_page_open):\n        page = BasePage(driver)\n        page.element_is_present_and_clickable(MainPageLocators.LOGIN_BUTTON).click()\n        page.element_is_visible(LoginPageLocators.INPUT_LOGIN).send_keys(os.environ[\"LOGIN\"])\n        page.element_is_visible(LoginPageLocators.INPUT_PASSWORD).send_keys(os.environ[\"PASSWORD\"])\n        page.element_is_present_and_clickable(LoginPageLocators.SIGN_IN_BUTTON).click()\n>       page.check_expected_link(MainPageLinks.URL_GROUPS_PAGE)\n\ntests/conftest.py:178: \n_ _ _ _ _ _ _ _ _ _ _ _ _ _ _ _ _ _ _ _ _ _ _ _ _ _ _ _ _ _ _ _ _ _ _ _ _ _ _ _ \npages/base_page.py:84: in check_expected_link\n    return Wait(self.driver, self.timeout).until(\n_ _ _ _ _ _ _ _ _ _ _ _ _ _ _ _ _ _ _ _ _ _ _ _ _ _ _ _ _ _ _ _ _ _ _ _ _ _ _ _ \n\nself = <selenium.webdriver.support.wait.WebDriverWait (session=\"525c024f5ea4bb069ba07dd0b557aab6\")>\nmethod = <function url_to_be.<locals>._predicate at 0x7ffa054f1f80>\nmessage = \"Can't find element by locator https://www.brainup.site/groups\"\n\n    def until(self, method, message: str = \"\"):\n        \"\"\"Calls the method provided with the driver as an argument until the \\\n        return value does not evaluate to ``False``.\n    \n        :param method: callable(WebDriver)\n        :param message: optional message for :exc:`TimeoutException`\n        :returns: the result of the last call to `method`\n        :raises: :exc:`selenium.common.exceptions.TimeoutException` if timeout occurs\n        \"\"\"\n        screen = None\n        stacktrace = None\n    \n        end_time = time.monotonic() + self._timeout\n        while True:\n            try:\n                value = method(self._driver)\n                if value:\n                    return value\n            except self._ignored_exceptions as exc:\n                screen = getattr(exc, \"screen\", None)\n                stacktrace = getattr(exc, \"stacktrace\", None)\n            time.sleep(self._poll)\n            if time.monotonic() > end_time:\n                break\n>       raise TimeoutException(message, screen, stacktrace)\nE       selenium.common.exceptions.TimeoutException: Message: Can't find element by locator https://www.brainup.site/groups\n\n/opt/hostedtoolcache/Python/3.12.12/x64/lib/python3.12/site-packages/selenium/webdriver/support/wait.py:95: TimeoutException","flaky":false,"newFailed":false,"newBroken":true,"newPassed":false,"retriesCount":0,"retriesStatusChange":false,"beforeStages":[{"name":"clear_allure_results_folder","time":{"start":1769251636148,"stop":1769251636148,"duration":0},"status":"passed","steps":[],"attachments":[],"parameters":[],"stepsCount":0,"shouldDisplayMessage":false,"attachmentsCount":0,"hasContent":false,"attachmentStep":false},{"name":"driver","time":{"start":1769252319788,"stop":1769252320513,"duration":725},"status":"passed","steps":[],"attachments":[],"parameters":[],"stepsCount":0,"shouldDisplayMessage":false,"attachmentsCount":0,"hasContent":false,"attachmentStep":false},{"name":"main_page_open","time":{"start":1769252320513,"stop":1769252323192,"duration":2679},"status":"passed","steps":[{"name":"Open page: https://www.brainup.site/","time":{"start":1769252320513,"stop":1769252323192,"duration":2679},"status":"passed","steps":[],"attachments":[],"parameters":[{"name":"driver","value":"<selenium.webdriver.chrome.webdriver.WebDriver (session=\"525c024f5ea4bb069ba07dd0b557aab6\")>"}],"stepsCount":0,"shouldDisplayMessage":false,"attachmentsCount":0,"hasContent":true,"attachmentStep":false}],"attachments":[],"parameters":[],"stepsCount":1,"shouldDisplayMessage":false,"attachmentsCount":0,"hasContent":true,"attachmentStep":false},{"name":"auto_test_user_authorized","time":{"start":1769252323192,"stop":1769252343671,"duration":20479},"status":"broken","statusMessage":"selenium.common.exceptions.TimeoutException: Message: Can't find element by locator https://www.brainup.site/groups\n\n","statusTrace":"  File \"/opt/hostedtoolcache/Python/3.12.12/x64/lib/python3.12/site-packages/pluggy/_callers.py\", line 38, in run_old_style_hookwrapper\n    res = yield\n          ^^^^^\n  File \"/opt/hostedtoolcache/Python/3.12.12/x64/lib/python3.12/site-packages/pluggy/_callers.py\", line 139, in _multicall\n    teardown.throw(exception)\n  File \"/opt/hostedtoolcache/Python/3.12.12/x64/lib/python3.12/site-packages/pluggy/_callers.py\", line 53, in run_old_style_hookwrapper\n    return result.get_result()\n           ^^^^^^^^^^^^^^^^^^^\n  File \"/opt/hostedtoolcache/Python/3.12.12/x64/lib/python3.12/site-packages/pluggy/_result.py\", line 103, in get_result\n    raise exc.with_traceback(tb)\n  File \"/opt/hostedtoolcache/Python/3.12.12/x64/lib/python3.12/site-packages/pluggy/_callers.py\", line 38, in run_old_style_hookwrapper\n    res = yield\n          ^^^^^\n  File \"/opt/hostedtoolcache/Python/3.12.12/x64/lib/python3.12/site-packages/pluggy/_callers.py\", line 121, in _multicall\n    res = hook_impl.function(*args)\n          ^^^^^^^^^^^^^^^^^^^^^^^^^\n  File \"/opt/hostedtoolcache/Python/3.12.12/x64/lib/python3.12/site-packages/_pytest/fixtures.py\", line 1123, in pytest_fixture_setup\n    result = call_fixture_func(fixturefunc, request, kwargs)\n             ^^^^^^^^^^^^^^^^^^^^^^^^^^^^^^^^^^^^^^^^^^^^^^^\n  File \"/opt/hostedtoolcache/Python/3.12.12/x64/lib/python3.12/site-packages/_pytest/fixtures.py\", line 902, in call_fixture_func\n    fixture_result = fixturefunc(**kwargs)\n                     ^^^^^^^^^^^^^^^^^^^^^\n  File \"/opt/hostedtoolcache/Python/3.12.12/x64/lib/python3.12/site-packages/allure_commons/_allure.py\", line 192, in impl\n    return func(*a, **kw)\n           ^^^^^^^^^^^^^^\n  File \"/home/runner/work/auto-tests-python/auto-tests-python/tests/conftest.py\", line 178, in auto_test_user_authorized\n    page.check_expected_link(MainPageLinks.URL_GROUPS_PAGE)\n  File \"/home/runner/work/auto-tests-python/auto-tests-python/pages/base_page.py\", line 84, in check_expected_link\n    return Wait(self.driver, self.timeout).until(\n           ^^^^^^^^^^^^^^^^^^^^^^^^^^^^^^^^^^^^^^\n  File \"/opt/hostedtoolcache/Python/3.12.12/x64/lib/python3.12/site-packages/selenium/webdriver/support/wait.py\", line 95, in until\n    raise TimeoutException(message, screen, stacktrace)\n","steps":[{"name":"Auto test user authorized","time":{"start":1769252323192,"stop":1769252343670,"duration":20478},"status":"broken","statusMessage":"selenium.common.exceptions.TimeoutException: Message: Can't find element by locator https://www.brainup.site/groups\n\n","statusTrace":"  File \"/opt/hostedtoolcache/Python/3.12.12/x64/lib/python3.12/site-packages/allure_commons/_allure.py\", line 192, in impl\n    return func(*a, **kw)\n           ^^^^^^^^^^^^^^\n  File \"/home/runner/work/auto-tests-python/auto-tests-python/tests/conftest.py\", line 178, in auto_test_user_authorized\n    page.check_expected_link(MainPageLinks.URL_GROUPS_PAGE)\n  File \"/home/runner/work/auto-tests-python/auto-tests-python/pages/base_page.py\", line 84, in check_expected_link\n    return Wait(self.driver, self.timeout).until(\n           ^^^^^^^^^^^^^^^^^^^^^^^^^^^^^^^^^^^^^^\n  File \"/opt/hostedtoolcache/Python/3.12.12/x64/lib/python3.12/site-packages/selenium/webdriver/support/wait.py\", line 95, in until\n    raise TimeoutException(message, screen, stacktrace)\n","steps":[{"name":"Check url is present: https://www.brainup.site/groups","time":{"start":1769252323538,"stop":1769252343670,"duration":20132},"status":"broken","statusMessage":"selenium.common.exceptions.TimeoutException: Message: Can't find element by locator https://www.brainup.site/groups\n\n","statusTrace":"  File \"/home/runner/work/auto-tests-python/auto-tests-python/pages/base_page.py\", line 84, in check_expected_link\n    return Wait(self.driver, self.timeout).until(\n           ^^^^^^^^^^^^^^^^^^^^^^^^^^^^^^^^^^^^^^\n  File \"/opt/hostedtoolcache/Python/3.12.12/x64/lib/python3.12/site-packages/selenium/webdriver/support/wait.py\", line 95, in until\n    raise TimeoutException(message, screen, stacktrace)\n","steps":[],"attachments":[],"parameters":[],"stepsCount":0,"shouldDisplayMessage":true,"attachmentsCount":0,"hasContent":true,"attachmentStep":false}],"attachments":[],"parameters":[{"name":"driver","value":"<selenium.webdriver.chrome.webdriver.WebDriver (session=\"525c024f5ea4bb069ba07dd0b557aab6\")>"},{"name":"main_page_open","value":"None"}],"stepsCount":1,"shouldDisplayMessage":false,"attachmentsCount":0,"hasContent":true,"attachmentStep":false}],"attachments":[],"parameters":[],"stepsCount":2,"shouldDisplayMessage":false,"attachmentsCount":0,"hasContent":true,"attachmentStep":false}],"afterStages":[{"name":"driver::0","time":{"start":1769252343705,"stop":1769252343769,"duration":64},"status":"passed","steps":[],"attachments":[],"parameters":[],"stepsCount":0,"shouldDisplayMessage":false,"attachmentsCount":0,"hasContent":false,"attachmentStep":false}],"labels":[{"name":"epic","value":"The Groups Page"},{"name":"parentSuite","value":"tests"},{"name":"suite","value":"groups_page_test"},{"name":"subSuite","value":"TestGroupsPage"},{"name":"host","value":"runnervmymu0l"},{"name":"thread","value":"2670-MainThread"},{"name":"framework","value":"pytest"},{"name":"language","value":"cpython3"},{"name":"package","value":"tests.groups_page_test"},{"name":"resultFormat","value":"allure2"}],"parameters":[],"links":[],"hidden":false,"retry":false,"extra":{"severity":"normal","retries":[],"categories":[{"name":"Test defects","matchedStatuses":[],"flaky":false}],"history":{"statistic":{"failed":0,"broken":5,"skipped":0,"passed":13,"unknown":0,"total":18},"items":[{"uid":"59f693dedbfea69a","reportUrl":"https://Brain-up.github.io/auto-tests-python/810/#testresult/59f693dedbfea69a","status":"passed","time":{"start":1769070969169,"stop":1769070969193,"duration":24}},{"uid":"22667c0cf4603757","reportUrl":"https://Brain-up.github.io/auto-tests-python/809/#testresult/22667c0cf4603757","status":"passed","time":{"start":1768988884283,"stop":1768988884309,"duration":26}},{"uid":"3976f9eb6e3472c3","reportUrl":"https://Brain-up.github.io/auto-tests-python/808/#testresult/3976f9eb6e3472c3","status":"passed","time":{"start":1768906220594,"stop":1768906220617,"duration":23}},{"uid":"dd2f9c52662b4cce","reportUrl":"https://Brain-up.github.io/auto-tests-python/807/#testresult/dd2f9c52662b4cce","status":"passed","time":{"start":1768820598931,"stop":1768820598954,"duration":23}},{"uid":"e1ebddb4786738dc","reportUrl":"https://Brain-up.github.io/auto-tests-python/806/#testresult/e1ebddb4786738dc","status":"broken","statusDetails":"selenium.common.exceptions.TimeoutException: Message: Can't find element by locator https://www.brainup.site/groups","time":{"start":1768736828735,"stop":1768736828735,"duration":0}},{"uid":"26d2a4460133afb1","reportUrl":"https://Brain-up.github.io/auto-tests-python/805/#testresult/26d2a4460133afb1","status":"passed","time":{"start":1768647293696,"stop":1768647293719,"duration":23}},{"uid":"d6376d47ff89ccda","reportUrl":"https://Brain-up.github.io/auto-tests-python/804/#testresult/d6376d47ff89ccda","status":"passed","time":{"start":1768558326814,"stop":1768558326837,"duration":23}},{"uid":"dd84687c5dcf2c42","reportUrl":"https://Brain-up.github.io/auto-tests-python/803/#testresult/dd84687c5dcf2c42","status":"passed","time":{"start":1768471426210,"stop":1768471426234,"duration":24}},{"uid":"1e779654bfab8c45","reportUrl":"https://Brain-up.github.io/auto-tests-python/802/#testresult/1e779654bfab8c45","status":"passed","time":{"start":1768396751855,"stop":1768396751881,"duration":26}},{"uid":"76bcf4f51550e63e","reportUrl":"https://Brain-up.github.io/auto-tests-python/801/#testresult/76bcf4f51550e63e","status":"passed","time":{"start":1768298295099,"stop":1768298295121,"duration":22}},{"uid":"e78cf120d9c1dd50","reportUrl":"https://Brain-up.github.io/auto-tests-python/800/#testresult/e78cf120d9c1dd50","status":"broken","statusDetails":"selenium.common.exceptions.TimeoutException: Message: Can't find element by locator https://www.brainup.site/groups","time":{"start":1768195111156,"stop":1768195111156,"duration":0}},{"uid":"874d93e16e75c8d3","reportUrl":"https://Brain-up.github.io/auto-tests-python/799/#testresult/874d93e16e75c8d3","status":"broken","statusDetails":"selenium.common.exceptions.TimeoutException: Message: Can't find element by locator https://www.brainup.site/groups","time":{"start":1768045371905,"stop":1768045371905,"duration":0}},{"uid":"ce2456d5c90ac776","reportUrl":"https://Brain-up.github.io/auto-tests-python/798/#testresult/ce2456d5c90ac776","status":"passed","time":{"start":1767952029068,"stop":1767952029091,"duration":23}},{"uid":"5a18382ac39e9484","reportUrl":"https://Brain-up.github.io/auto-tests-python/797/#testresult/5a18382ac39e9484","status":"passed","time":{"start":1767867601748,"stop":1767867601772,"duration":24}},{"uid":"b1a541933cb06b1f","reportUrl":"https://Brain-up.github.io/auto-tests-python/796/#testresult/b1a541933cb06b1f","status":"passed","time":{"start":1767792216530,"stop":1767792216553,"duration":23}},{"uid":"edbeb1163043eaa5","reportUrl":"https://Brain-up.github.io/auto-tests-python/795/#testresult/edbeb1163043eaa5","status":"passed","time":{"start":1767706970787,"stop":1767706970813,"duration":26}},{"uid":"e35b98b884e5c314","reportUrl":"https://Brain-up.github.io/auto-tests-python/794/#testresult/e35b98b884e5c314","status":"broken","statusDetails":"selenium.common.exceptions.TimeoutException: Message: Can't find element by locator https://www.brainup.site/groups","time":{"start":1767702002039,"stop":1767702002039,"duration":0}}]},"tags":[]},"source":"2aef9fbaf58f0aaa.json","parameterValues":[]}