{"uid":"bcee150699ceda5b","name":"Select a random card from \"Similar phrases\" group and compare UI vs BACKEND data","fullName":"tests.test_speech_exercises_en.TestCardsEN#test_random_cards_in_similar_phrases_en","historyId":"106afe14e1824ad4b55b346a52794d4b","time":{"start":1769252793222,"stop":1769252803512,"duration":10290},"status":"skipped","statusMessage":"XFAIL\n\nselenium.common.exceptions.TimeoutException: Message: Can't find element by locator ('xpath', '//button[@data-test-active-link=\"Similar phrases\"]')\nStacktrace:\n#0 0x555cce3ccc3a <unknown>\n#1 0x555ccdde6969 <unknown>\n#2 0x555ccde3bead <unknown>\n#3 0x555ccde3c0f1 <unknown>\n#4 0x555ccde877e4 <unknown>\n#5 0x555ccde84a20 <unknown>\n#6 0x555ccde2dbe2 <unknown>\n#7 0x555ccde2e991 <unknown>\n#8 0x555cce392a99 <unknown>\n#9 0x555cce3959b1 <unknown>\n#10 0x555cce37f0a9 <unknown>\n#11 0x555cce39656e <unknown>\n#12 0x555cce3655e0 <unknown>\n#13 0x555cce3ba358 <unknown>\n#14 0x555cce3ba528 <unknown>\n#15 0x555cce3cbfa8 <unknown>\n#16 0x7f62c7e9caa4 <unknown>\n#17 0x7f62c7f29c6c <unknown>","statusTrace":"self = <tests.test_speech_exercises_en.TestCardsEN object at 0x7ffa0566d940>\ndriver = <selenium.webdriver.chrome.webdriver.WebDriver (session=\"8155ffc0396ec11185756f25e74ce52f\")>\nspecialist_user_authorized = None\n\n    @pytest.mark.xfail\n    @allure.suite(\"Speech exercises EN.\")\n    @allure.title('Select a random card from \"Similar phrases\" group and compare UI vs BACKEND data')\n    def test_random_cards_in_similar_phrases_en(self, driver, specialist_user_authorized):\n        page = SpeechExercisesPage(driver)\n>       page.select_group(SpeechExercisesPageLocators.SIMILAR_PHRASES_EN)\n\ntests/test_speech_exercises_en.py:57: \n_ _ _ _ _ _ _ _ _ _ _ _ _ _ _ _ _ _ _ _ _ _ _ _ _ _ _ _ _ _ _ _ _ _ _ _ _ _ _ _ \npages/speech_exercises_page_en.py:18: in select_group\n    text_of_the_button = self.element_is_present_and_clickable(selector_for_sub_group)\npages/base_page.py:40: in element_is_present_and_clickable\n    return (Wait(self.driver, self.timeout).until(\n_ _ _ _ _ _ _ _ _ _ _ _ _ _ _ _ _ _ _ _ _ _ _ _ _ _ _ _ _ _ _ _ _ _ _ _ _ _ _ _ \n\nself = <selenium.webdriver.support.wait.WebDriverWait (session=\"8155ffc0396ec11185756f25e74ce52f\")>\nmethod = <function visibility_of_element_located.<locals>._predicate at 0x7ffa054c8540>\nmessage = 'Can\\'t find element by locator (\\'xpath\\', \\'//button[@data-test-active-link=\"Similar phrases\"]\\')'\n\n    def until(self, method, message: str = \"\"):\n        \"\"\"Calls the method provided with the driver as an argument until the \\\n        return value does not evaluate to ``False``.\n    \n        :param method: callable(WebDriver)\n        :param message: optional message for :exc:`TimeoutException`\n        :returns: the result of the last call to `method`\n        :raises: :exc:`selenium.common.exceptions.TimeoutException` if timeout occurs\n        \"\"\"\n        screen = None\n        stacktrace = None\n    \n        end_time = time.monotonic() + self._timeout\n        while True:\n            try:\n                value = method(self._driver)\n                if value:\n                    return value\n            except self._ignored_exceptions as exc:\n                screen = getattr(exc, \"screen\", None)\n                stacktrace = getattr(exc, \"stacktrace\", None)\n            time.sleep(self._poll)\n            if time.monotonic() > end_time:\n                break\n>       raise TimeoutException(message, screen, stacktrace)\nE       selenium.common.exceptions.TimeoutException: Message: Can't find element by locator ('xpath', '//button[@data-test-active-link=\"Similar phrases\"]')\nE       Stacktrace:\nE       #0 0x555cce3ccc3a <unknown>\nE       #1 0x555ccdde6969 <unknown>\nE       #2 0x555ccde3bead <unknown>\nE       #3 0x555ccde3c0f1 <unknown>\nE       #4 0x555ccde877e4 <unknown>\nE       #5 0x555ccde84a20 <unknown>\nE       #6 0x555ccde2dbe2 <unknown>\nE       #7 0x555ccde2e991 <unknown>\nE       #8 0x555cce392a99 <unknown>\nE       #9 0x555cce3959b1 <unknown>\nE       #10 0x555cce37f0a9 <unknown>\nE       #11 0x555cce39656e <unknown>\nE       #12 0x555cce3655e0 <unknown>\nE       #13 0x555cce3ba358 <unknown>\nE       #14 0x555cce3ba528 <unknown>\nE       #15 0x555cce3cbfa8 <unknown>\nE       #16 0x7f62c7e9caa4 <unknown>\nE       #17 0x7f62c7f29c6c <unknown>\n\n/opt/hostedtoolcache/Python/3.12.12/x64/lib/python3.12/site-packages/selenium/webdriver/support/wait.py:95: TimeoutException","flaky":false,"newFailed":false,"newBroken":false,"newPassed":false,"retriesCount":0,"retriesStatusChange":false,"beforeStages":[{"name":"clear_allure_results_folder","time":{"start":1769251636148,"stop":1769251636148,"duration":0},"status":"passed","steps":[],"attachments":[],"parameters":[],"stepsCount":0,"shouldDisplayMessage":false,"attachmentsCount":0,"hasContent":false,"attachmentStep":false},{"name":"driver","time":{"start":1769252786868,"stop":1769252787589,"duration":721},"status":"passed","steps":[],"attachments":[],"parameters":[],"stepsCount":0,"shouldDisplayMessage":false,"attachmentsCount":0,"hasContent":false,"attachmentStep":false},{"name":"main_page_open","time":{"start":1769252787590,"stop":1769252790322,"duration":2732},"status":"passed","steps":[{"name":"Open page: https://www.brainup.site/","time":{"start":1769252787590,"stop":1769252790322,"duration":2732},"status":"passed","steps":[],"attachments":[],"parameters":[{"name":"driver","value":"<selenium.webdriver.chrome.webdriver.WebDriver (session=\"8155ffc0396ec11185756f25e74ce52f\")>"}],"stepsCount":0,"shouldDisplayMessage":false,"attachmentsCount":0,"hasContent":true,"attachmentStep":false}],"attachments":[],"parameters":[],"stepsCount":1,"shouldDisplayMessage":false,"attachmentsCount":0,"hasContent":true,"attachmentStep":false},{"name":"specialist_user_authorized","time":{"start":1769252790322,"stop":1769252793222,"duration":2900},"status":"passed","steps":[{"name":"USER specialist authorized","time":{"start":1769252790322,"stop":1769252793222,"duration":2900},"status":"passed","steps":[{"name":"Check url is present: https://www.brainup.site/groups","time":{"start":1769252790671,"stop":1769252793200,"duration":2529},"status":"passed","steps":[],"attachments":[],"parameters":[],"stepsCount":0,"shouldDisplayMessage":false,"attachmentsCount":0,"hasContent":false,"attachmentStep":false},{"name":"Loader checking","time":{"start":1769252793200,"stop":1769252793222,"duration":22},"status":"passed","steps":[],"attachments":[],"parameters":[],"stepsCount":0,"shouldDisplayMessage":false,"attachmentsCount":0,"hasContent":false,"attachmentStep":false}],"attachments":[],"parameters":[{"name":"driver","value":"<selenium.webdriver.chrome.webdriver.WebDriver (session=\"8155ffc0396ec11185756f25e74ce52f\")>"},{"name":"main_page_open","value":"None"}],"stepsCount":2,"shouldDisplayMessage":false,"attachmentsCount":0,"hasContent":true,"attachmentStep":false}],"attachments":[],"parameters":[],"stepsCount":3,"shouldDisplayMessage":false,"attachmentsCount":0,"hasContent":true,"attachmentStep":false}],"testStage":{"status":"skipped","statusMessage":"XFAIL\n\nselenium.common.exceptions.TimeoutException: Message: Can't find element by locator ('xpath', '//button[@data-test-active-link=\"Similar phrases\"]')\nStacktrace:\n#0 0x555cce3ccc3a <unknown>\n#1 0x555ccdde6969 <unknown>\n#2 0x555ccde3bead <unknown>\n#3 0x555ccde3c0f1 <unknown>\n#4 0x555ccde877e4 <unknown>\n#5 0x555ccde84a20 <unknown>\n#6 0x555ccde2dbe2 <unknown>\n#7 0x555ccde2e991 <unknown>\n#8 0x555cce392a99 <unknown>\n#9 0x555cce3959b1 <unknown>\n#10 0x555cce37f0a9 <unknown>\n#11 0x555cce39656e <unknown>\n#12 0x555cce3655e0 <unknown>\n#13 0x555cce3ba358 <unknown>\n#14 0x555cce3ba528 <unknown>\n#15 0x555cce3cbfa8 <unknown>\n#16 0x7f62c7e9caa4 <unknown>\n#17 0x7f62c7f29c6c <unknown>","statusTrace":"self = <tests.test_speech_exercises_en.TestCardsEN object at 0x7ffa0566d940>\ndriver = <selenium.webdriver.chrome.webdriver.WebDriver (session=\"8155ffc0396ec11185756f25e74ce52f\")>\nspecialist_user_authorized = None\n\n    @pytest.mark.xfail\n    @allure.suite(\"Speech exercises EN.\")\n    @allure.title('Select a random card from \"Similar phrases\" group and compare UI vs BACKEND data')\n    def test_random_cards_in_similar_phrases_en(self, driver, specialist_user_authorized):\n        page = SpeechExercisesPage(driver)\n>       page.select_group(SpeechExercisesPageLocators.SIMILAR_PHRASES_EN)\n\ntests/test_speech_exercises_en.py:57: \n_ _ _ _ _ _ _ _ _ _ _ _ _ _ _ _ _ _ _ _ _ _ _ _ _ _ _ _ _ _ _ _ _ _ _ _ _ _ _ _ \npages/speech_exercises_page_en.py:18: in select_group\n    text_of_the_button = self.element_is_present_and_clickable(selector_for_sub_group)\npages/base_page.py:40: in element_is_present_and_clickable\n    return (Wait(self.driver, self.timeout).until(\n_ _ _ _ _ _ _ _ _ _ _ _ _ _ _ _ _ _ _ _ _ _ _ _ _ _ _ _ _ _ _ _ _ _ _ _ _ _ _ _ \n\nself = <selenium.webdriver.support.wait.WebDriverWait (session=\"8155ffc0396ec11185756f25e74ce52f\")>\nmethod = <function visibility_of_element_located.<locals>._predicate at 0x7ffa054c8540>\nmessage = 'Can\\'t find element by locator (\\'xpath\\', \\'//button[@data-test-active-link=\"Similar phrases\"]\\')'\n\n    def until(self, method, message: str = \"\"):\n        \"\"\"Calls the method provided with the driver as an argument until the \\\n        return value does not evaluate to ``False``.\n    \n        :param method: callable(WebDriver)\n        :param message: optional message for :exc:`TimeoutException`\n        :returns: the result of the last call to `method`\n        :raises: :exc:`selenium.common.exceptions.TimeoutException` if timeout occurs\n        \"\"\"\n        screen = None\n        stacktrace = None\n    \n        end_time = time.monotonic() + self._timeout\n        while True:\n            try:\n                value = method(self._driver)\n                if value:\n                    return value\n            except self._ignored_exceptions as exc:\n                screen = getattr(exc, \"screen\", None)\n                stacktrace = getattr(exc, \"stacktrace\", None)\n            time.sleep(self._poll)\n            if time.monotonic() > end_time:\n                break\n>       raise TimeoutException(message, screen, stacktrace)\nE       selenium.common.exceptions.TimeoutException: Message: Can't find element by locator ('xpath', '//button[@data-test-active-link=\"Similar phrases\"]')\nE       Stacktrace:\nE       #0 0x555cce3ccc3a <unknown>\nE       #1 0x555ccdde6969 <unknown>\nE       #2 0x555ccde3bead <unknown>\nE       #3 0x555ccde3c0f1 <unknown>\nE       #4 0x555ccde877e4 <unknown>\nE       #5 0x555ccde84a20 <unknown>\nE       #6 0x555ccde2dbe2 <unknown>\nE       #7 0x555ccde2e991 <unknown>\nE       #8 0x555cce392a99 <unknown>\nE       #9 0x555cce3959b1 <unknown>\nE       #10 0x555cce37f0a9 <unknown>\nE       #11 0x555cce39656e <unknown>\nE       #12 0x555cce3655e0 <unknown>\nE       #13 0x555cce3ba358 <unknown>\nE       #14 0x555cce3ba528 <unknown>\nE       #15 0x555cce3cbfa8 <unknown>\nE       #16 0x7f62c7e9caa4 <unknown>\nE       #17 0x7f62c7f29c6c <unknown>\n\n/opt/hostedtoolcache/Python/3.12.12/x64/lib/python3.12/site-packages/selenium/webdriver/support/wait.py:95: TimeoutException","steps":[{"name":"select_group","time":{"start":1769252793222,"stop":1769252803511,"duration":10289},"status":"broken","statusMessage":"selenium.common.exceptions.TimeoutException: Message: Can't find element by locator ('xpath', '//button[@data-test-active-link=\"Similar phrases\"]')\nStacktrace:\n#0 0x555cce3ccc3a <unknown>\n#1 0x555ccdde6969 <unknown>\n#2 0x555ccde3bead <unknown>\n#3 0x555ccde3c0f1 <unknown>\n#4 0x555ccde877e4 <unknown>\n#5 0x555ccde84a20 <unknown>\n#6 0x555ccde2dbe2 <unknown>\n#7 0x555ccde2e991 <unknown>\n#8 0x555cce392a99 <unknown>\n#9 0x555cce3959b1 <unknown>\n#10 0x555cce37f0a9 <unknown>\n#11 0x555cce39656e <unknown>\n#12 0x555cce3655e0 <unknown>\n#13 0x555cce3ba358 <unknown>\n#14 0x555cce3ba528 <unknown>\n#15 0x555cce3cbfa8 <unknown>\n#16 0x7f62c7e9caa4 <unknown>\n#17 0x7f62c7f29c6c <unknown>\n\n","statusTrace":"  File \"/opt/hostedtoolcache/Python/3.12.12/x64/lib/python3.12/site-packages/allure_commons/_allure.py\", line 192, in impl\n    return func(*a, **kw)\n           ^^^^^^^^^^^^^^\n  File \"/home/runner/work/auto-tests-python/auto-tests-python/pages/speech_exercises_page_en.py\", line 18, in select_group\n    text_of_the_button = self.element_is_present_and_clickable(selector_for_sub_group)\n                         ^^^^^^^^^^^^^^^^^^^^^^^^^^^^^^^^^^^^^^^^^^^^^^^^^^^^^^^^^^^^^\n  File \"/home/runner/work/auto-tests-python/auto-tests-python/pages/base_page.py\", line 40, in element_is_present_and_clickable\n    return (Wait(self.driver, self.timeout).until(\n            ^^^^^^^^^^^^^^^^^^^^^^^^^^^^^^^^^^^^^^\n  File \"/opt/hostedtoolcache/Python/3.12.12/x64/lib/python3.12/site-packages/selenium/webdriver/support/wait.py\", line 95, in until\n    raise TimeoutException(message, screen, stacktrace)\n","steps":[{"name":"Select Russian language. Click \"EN\" button.","time":{"start":1769252793222,"stop":1769252793292,"duration":70},"status":"passed","steps":[],"attachments":[],"parameters":[],"stepsCount":0,"shouldDisplayMessage":false,"attachmentsCount":0,"hasContent":false,"attachmentStep":false},{"name":"Click button \"SPEECH EXERCISES\".","time":{"start":1769252793292,"stop":1769252793361,"duration":69},"status":"passed","steps":[],"attachments":[],"parameters":[],"stepsCount":0,"shouldDisplayMessage":false,"attachmentsCount":0,"hasContent":false,"attachmentStep":false}],"attachments":[],"parameters":[{"name":"selector_for_sub_group","value":"('xpath', '//button[@data-test-active-link=\"Similar phrases\"]')"}],"stepsCount":2,"shouldDisplayMessage":true,"attachmentsCount":0,"hasContent":true,"attachmentStep":false}],"attachments":[],"parameters":[],"stepsCount":3,"shouldDisplayMessage":true,"attachmentsCount":0,"hasContent":true,"attachmentStep":false},"afterStages":[{"name":"driver::0","time":{"start":1769252803522,"stop":1769252803587,"duration":65},"status":"passed","steps":[],"attachments":[],"parameters":[],"stepsCount":0,"shouldDisplayMessage":false,"attachmentsCount":0,"hasContent":false,"attachmentStep":false}],"labels":[{"name":"suite","value":"Speech exercises EN."},{"name":"epic","value":"Speech exercises."},{"name":"tag","value":"@pytest.mark.xfail"},{"name":"parentSuite","value":"tests"},{"name":"subSuite","value":"TestCardsEN"},{"name":"host","value":"runnervmymu0l"},{"name":"thread","value":"2670-MainThread"},{"name":"framework","value":"pytest"},{"name":"language","value":"cpython3"},{"name":"package","value":"tests.test_speech_exercises_en"},{"name":"resultFormat","value":"allure2"}],"parameters":[],"links":[],"hidden":false,"retry":false,"extra":{"severity":"normal","retries":[],"categories":[],"history":{"statistic":{"failed":0,"broken":0,"skipped":18,"passed":0,"unknown":0,"total":18},"items":[{"uid":"89e3bdcdf3090d1d","reportUrl":"https://Brain-up.github.io/auto-tests-python/810/#testresult/89e3bdcdf3090d1d","status":"skipped","statusDetails":"XFAIL\n\nselenium.common.exceptions.TimeoutException: Message: Can't find element by locator ('xpath', '//button[@data-test-active-link=\"Similar phrases\"]')\nStacktrace:\n#0 0x5561ed0a340a <unknown>\n#1 0x5561ecad776b <unknown>\n#2 0x5561ecb28e88 <unknown>\n#3 0x5561ecb290c1 <unknown>\n#4 0x5561ecb772c4 <unknown>\n#5 0x5561ecb74760 <unknown>\n#6 0x5561ecb1b7b2 <unknown>\n#7 0x5561ecb1c461 <unknown>\n#8 0x5561ed06bdf9 <unknown>\n#9 0x5561ed06ed5d <unknown>\n#10 0x5561ed054b41 <unknown>\n#11 0x5561ed06f93b <unknown>\n#12 0x5561ed03b870 <unknown>\n#13 0x5561ed090828 <unknown>\n#14 0x5561ed0909fc <unknown>\n#15 0x5561ed0a2763 <unknown>\n#16 0x7fbcdfa9caa4 <unknown>\n#17 0x7fbcdfb29c6c <unknown>","time":{"start":1769071475987,"stop":1769071486349,"duration":10362}},{"uid":"d46da58da49f3235","reportUrl":"https://Brain-up.github.io/auto-tests-python/809/#testresult/d46da58da49f3235","status":"skipped","statusDetails":"XFAIL\n\nselenium.common.exceptions.TimeoutException: Message: Can't find element by locator ('xpath', '//button[@data-test-active-link=\"Similar phrases\"]')\nStacktrace:\n#0 0x55d85b6ff40a <unknown>\n#1 0x55d85b13376b <unknown>\n#2 0x55d85b184e88 <unknown>\n#3 0x55d85b1850c1 <unknown>\n#4 0x55d85b1d32c4 <unknown>\n#5 0x55d85b1d0760 <unknown>\n#6 0x55d85b1777b2 <unknown>\n#7 0x55d85b178461 <unknown>\n#8 0x55d85b6c7df9 <unknown>\n#9 0x55d85b6cad5d <unknown>\n#10 0x55d85b6b0b41 <unknown>\n#11 0x55d85b6cb93b <unknown>\n#12 0x55d85b697870 <unknown>\n#13 0x55d85b6ec828 <unknown>\n#14 0x55d85b6ec9fc <unknown>\n#15 0x55d85b6fe763 <unknown>\n#16 0x7f633329caa4 <unknown>\n#17 0x7f6333329c6c <unknown>","time":{"start":1768989309789,"stop":1768989320162,"duration":10373}},{"uid":"f1def124c951cd45","reportUrl":"https://Brain-up.github.io/auto-tests-python/808/#testresult/f1def124c951cd45","status":"skipped","statusDetails":"XFAIL\n\nselenium.common.exceptions.TimeoutException: Message: Can't find element by locator ('xpath', '//button[@data-test-active-link=\"Similar phrases\"]')\nStacktrace:\n#0 0x55c7dbdbb40a <unknown>\n#1 0x55c7db7ef76b <unknown>\n#2 0x55c7db840e88 <unknown>\n#3 0x55c7db8410c1 <unknown>\n#4 0x55c7db88f2c4 <unknown>\n#5 0x55c7db88c760 <unknown>\n#6 0x55c7db8337b2 <unknown>\n#7 0x55c7db834461 <unknown>\n#8 0x55c7dbd83df9 <unknown>\n#9 0x55c7dbd86d5d <unknown>\n#10 0x55c7dbd6cb41 <unknown>\n#11 0x55c7dbd8793b <unknown>\n#12 0x55c7dbd53870 <unknown>\n#13 0x55c7dbda8828 <unknown>\n#14 0x55c7dbda89fc <unknown>\n#15 0x55c7dbdba763 <unknown>\n#16 0x7f744f69caa4 <unknown>\n#17 0x7f744f729c6c <unknown>","time":{"start":1768906712010,"stop":1768906722317,"duration":10307}},{"uid":"bd4f33b0d4333be5","reportUrl":"https://Brain-up.github.io/auto-tests-python/807/#testresult/bd4f33b0d4333be5","status":"skipped","statusDetails":"XFAIL\n\nselenium.common.exceptions.TimeoutException: Message: Can't find element by locator ('xpath', '//button[@data-test-active-link=\"Similar phrases\"]')\nStacktrace:\n#0 0x5589d1ccb40a <unknown>\n#1 0x5589d16ff76b <unknown>\n#2 0x5589d1750e88 <unknown>\n#3 0x5589d17510c1 <unknown>\n#4 0x5589d179f2c4 <unknown>\n#5 0x5589d179c760 <unknown>\n#6 0x5589d17437b2 <unknown>\n#7 0x5589d1744461 <unknown>\n#8 0x5589d1c93df9 <unknown>\n#9 0x5589d1c96d5d <unknown>\n#10 0x5589d1c7cb41 <unknown>\n#11 0x5589d1c9793b <unknown>\n#12 0x5589d1c63870 <unknown>\n#13 0x5589d1cb8828 <unknown>\n#14 0x5589d1cb89fc <unknown>\n#15 0x5589d1cca763 <unknown>\n#16 0x7f2aa8a9caa4 <unknown>\n#17 0x7f2aa8b29c6c <unknown>","time":{"start":1768821017117,"stop":1768821027484,"duration":10367}},{"uid":"c7d8bd4de983ce78","reportUrl":"https://Brain-up.github.io/auto-tests-python/806/#testresult/c7d8bd4de983ce78","status":"skipped","statusDetails":"XFAIL\n\nselenium.common.exceptions.TimeoutException: Message: Can't find element by locator ('xpath', '//button[@data-test-active-link=\"Similar phrases\"]')\nStacktrace:\n#0 0x55d6771d240a <unknown>\n#1 0x55d676c0676b <unknown>\n#2 0x55d676c57e88 <unknown>\n#3 0x55d676c580c1 <unknown>\n#4 0x55d676ca62c4 <unknown>\n#5 0x55d676ca3760 <unknown>\n#6 0x55d676c4a7b2 <unknown>\n#7 0x55d676c4b461 <unknown>\n#8 0x55d67719adf9 <unknown>\n#9 0x55d67719dd5d <unknown>\n#10 0x55d677183b41 <unknown>\n#11 0x55d67719e93b <unknown>\n#12 0x55d67716a870 <unknown>\n#13 0x55d6771bf828 <unknown>\n#14 0x55d6771bf9fc <unknown>\n#15 0x55d6771d1763 <unknown>\n#16 0x7f1edfa9caa4 <unknown>\n#17 0x7f1edfb29c6c <unknown>","time":{"start":1768737302358,"stop":1768737312714,"duration":10356}},{"uid":"9c2058556d9afb52","reportUrl":"https://Brain-up.github.io/auto-tests-python/805/#testresult/9c2058556d9afb52","status":"skipped","statusDetails":"XFAIL\n\nselenium.common.exceptions.TimeoutException: Message: Can't find element by locator ('xpath', '//button[@data-test-active-link=\"Similar phrases\"]')\nStacktrace:\n#0 0x557158f6540a <unknown>\n#1 0x55715899976b <unknown>\n#2 0x5571589eae88 <unknown>\n#3 0x5571589eb0c1 <unknown>\n#4 0x557158a392c4 <unknown>\n#5 0x557158a36760 <unknown>\n#6 0x5571589dd7b2 <unknown>\n#7 0x5571589de461 <unknown>\n#8 0x557158f2ddf9 <unknown>\n#9 0x557158f30d5d <unknown>\n#10 0x557158f16b41 <unknown>\n#11 0x557158f3193b <unknown>\n#12 0x557158efd870 <unknown>\n#13 0x557158f52828 <unknown>\n#14 0x557158f529fc <unknown>\n#15 0x557158f64763 <unknown>\n#16 0x7f1557c9caa4 <unknown>\n#17 0x7f1557d29c6c <unknown>","time":{"start":1768647707861,"stop":1768647718209,"duration":10348}},{"uid":"2d5d012677d399c3","reportUrl":"https://Brain-up.github.io/auto-tests-python/804/#testresult/2d5d012677d399c3","status":"skipped","statusDetails":"XFAIL\n\nselenium.common.exceptions.TimeoutException: Message: Can't find element by locator ('xpath', '//button[@data-test-active-link=\"Similar phrases\"]')\nStacktrace:\n#0 0x562dbf91940a <unknown>\n#1 0x562dbf34d76b <unknown>\n#2 0x562dbf39ee88 <unknown>\n#3 0x562dbf39f0c1 <unknown>\n#4 0x562dbf3ed2c4 <unknown>\n#5 0x562dbf3ea760 <unknown>\n#6 0x562dbf3917b2 <unknown>\n#7 0x562dbf392461 <unknown>\n#8 0x562dbf8e1df9 <unknown>\n#9 0x562dbf8e4d5d <unknown>\n#10 0x562dbf8cab41 <unknown>\n#11 0x562dbf8e593b <unknown>\n#12 0x562dbf8b1870 <unknown>\n#13 0x562dbf906828 <unknown>\n#14 0x562dbf9069fc <unknown>\n#15 0x562dbf918763 <unknown>\n#16 0x7fa706e9caa4 <unknown>\n#17 0x7fa706f29c6c <unknown>","time":{"start":1768558739522,"stop":1768558749878,"duration":10356}},{"uid":"331020da33a5bb83","reportUrl":"https://Brain-up.github.io/auto-tests-python/803/#testresult/331020da33a5bb83","status":"skipped","statusDetails":"XFAIL\n\nselenium.common.exceptions.TimeoutException: Message: Can't find element by locator ('xpath', '//button[@data-test-active-link=\"Similar phrases\"]')\nStacktrace:\n#0 0x563ea6e8d61a <unknown>\n#1 0x563ea690a20b <unknown>\n#2 0x563ea695b90f <unknown>\n#3 0x563ea695bb51 <unknown>\n#4 0x563ea69a9d84 <unknown>\n#5 0x563ea69a720e <unknown>\n#6 0x563ea694e232 <unknown>\n#7 0x563ea694eee1 <unknown>\n#8 0x563ea6e563f9 <unknown>\n#9 0x563ea6e5934d <unknown>\n#10 0x563ea6e3f122 <unknown>\n#11 0x563ea6e59f2b <unknown>\n#12 0x563ea6e25c30 <unknown>\n#13 0x563ea6e7ad78 <unknown>\n#14 0x563ea6e7af4c <unknown>\n#15 0x563ea6e8c973 <unknown>\n#16 0x7f6fb329caa4 <unknown>\n#17 0x7f6fb3329c6c <unknown>","time":{"start":1768471841075,"stop":1768471851426,"duration":10351}},{"uid":"952c53818fd3e360","reportUrl":"https://Brain-up.github.io/auto-tests-python/802/#testresult/952c53818fd3e360","status":"skipped","statusDetails":"XFAIL\n\nselenium.common.exceptions.TimeoutException: Message: Can't find element by locator ('xpath', '//button[@data-test-active-link=\"Similar phrases\"]')\nStacktrace:\n#0 0x55fc48fcf61a <unknown>\n#1 0x55fc48a4c20b <unknown>\n#2 0x55fc48a9d90f <unknown>\n#3 0x55fc48a9db51 <unknown>\n#4 0x55fc48aebd84 <unknown>\n#5 0x55fc48ae920e <unknown>\n#6 0x55fc48a90232 <unknown>\n#7 0x55fc48a90ee1 <unknown>\n#8 0x55fc48f983f9 <unknown>\n#9 0x55fc48f9b34d <unknown>\n#10 0x55fc48f81122 <unknown>\n#11 0x55fc48f9bf2b <unknown>\n#12 0x55fc48f67c30 <unknown>\n#13 0x55fc48fbcd78 <unknown>\n#14 0x55fc48fbcf4c <unknown>\n#15 0x55fc48fce973 <unknown>\n#16 0x7fdfc1e9caa4 <unknown>\n#17 0x7fdfc1f29c6c <unknown>","time":{"start":1768397192682,"stop":1768397203062,"duration":10380}},{"uid":"2a5b46eebb0f8142","reportUrl":"https://Brain-up.github.io/auto-tests-python/801/#testresult/2a5b46eebb0f8142","status":"skipped","statusDetails":"XFAIL\n\nselenium.common.exceptions.TimeoutException: Message: Can't find element by locator ('xpath', '//button[@data-test-active-link=\"Similar phrases\"]')\nStacktrace:\n#0 0x559107bf061a <unknown>\n#1 0x55910766d20b <unknown>\n#2 0x5591076be90f <unknown>\n#3 0x5591076beb51 <unknown>\n#4 0x55910770cd84 <unknown>\n#5 0x55910770a20e <unknown>\n#6 0x5591076b1232 <unknown>\n#7 0x5591076b1ee1 <unknown>\n#8 0x559107bb93f9 <unknown>\n#9 0x559107bbc34d <unknown>\n#10 0x559107ba2122 <unknown>\n#11 0x559107bbcf2b <unknown>\n#12 0x559107b88c30 <unknown>\n#13 0x559107bddd78 <unknown>\n#14 0x559107bddf4c <unknown>\n#15 0x559107bef973 <unknown>\n#16 0x7f2d2e49caa4 <unknown>\n#17 0x7f2d2e529c6c <unknown>","time":{"start":1768298766953,"stop":1768298777289,"duration":10336}},{"uid":"82c5191a6db0c02e","reportUrl":"https://Brain-up.github.io/auto-tests-python/800/#testresult/82c5191a6db0c02e","status":"skipped","statusDetails":"XFAIL\n\nselenium.common.exceptions.TimeoutException: Message: Can't find element by locator ('xpath', '//button[@data-test-active-link=\"Similar phrases\"]')\nStacktrace:\n#0 0x555c5ec9161a <unknown>\n#1 0x555c5e70e20b <unknown>\n#2 0x555c5e75f90f <unknown>\n#3 0x555c5e75fb51 <unknown>\n#4 0x555c5e7add84 <unknown>\n#5 0x555c5e7ab20e <unknown>\n#6 0x555c5e752232 <unknown>\n#7 0x555c5e752ee1 <unknown>\n#8 0x555c5ec5a3f9 <unknown>\n#9 0x555c5ec5d34d <unknown>\n#10 0x555c5ec43122 <unknown>\n#11 0x555c5ec5df2b <unknown>\n#12 0x555c5ec29c30 <unknown>\n#13 0x555c5ec7ed78 <unknown>\n#14 0x555c5ec7ef4c <unknown>\n#15 0x555c5ec90973 <unknown>\n#16 0x7fcff629caa4 <unknown>\n#17 0x7fcff6329c6c <unknown>","time":{"start":1768195578203,"stop":1768195588560,"duration":10357}},{"uid":"a9fe0cc3156105a3","reportUrl":"https://Brain-up.github.io/auto-tests-python/799/#testresult/a9fe0cc3156105a3","status":"skipped","statusDetails":"XFAIL\n\nselenium.common.exceptions.TimeoutException: Message: Can't find element by locator ('xpath', '//button[@data-test-active-link=\"Similar phrases\"]')\nStacktrace:\n#0 0x55d2e02fb61a <unknown>\n#1 0x55d2dfd7820b <unknown>\n#2 0x55d2dfdc990f <unknown>\n#3 0x55d2dfdc9b51 <unknown>\n#4 0x55d2dfe17d84 <unknown>\n#5 0x55d2dfe1520e <unknown>\n#6 0x55d2dfdbc232 <unknown>\n#7 0x55d2dfdbcee1 <unknown>\n#8 0x55d2e02c43f9 <unknown>\n#9 0x55d2e02c734d <unknown>\n#10 0x55d2e02ad122 <unknown>\n#11 0x55d2e02c7f2b <unknown>\n#12 0x55d2e0293c30 <unknown>\n#13 0x55d2e02e8d78 <unknown>\n#14 0x55d2e02e8f4c <unknown>\n#15 0x55d2e02fa973 <unknown>\n#16 0x7ff4c1c9caa4 <unknown>\n#17 0x7ff4c1d29c6c <unknown>","time":{"start":1768045837602,"stop":1768045847997,"duration":10395}},{"uid":"58ec2a79497fa578","reportUrl":"https://Brain-up.github.io/auto-tests-python/798/#testresult/58ec2a79497fa578","status":"skipped","statusDetails":"XFAIL\n\nselenium.common.exceptions.TimeoutException: Message: Can't find element by locator ('xpath', '//button[@data-test-active-link=\"Similar phrases\"]')\nStacktrace:\n#0 0x561c0532c61a <unknown>\n#1 0x561c04da920b <unknown>\n#2 0x561c04dfa90f <unknown>\n#3 0x561c04dfab51 <unknown>\n#4 0x561c04e48d84 <unknown>\n#5 0x561c04e4620e <unknown>\n#6 0x561c04ded232 <unknown>\n#7 0x561c04dedee1 <unknown>\n#8 0x561c052f53f9 <unknown>\n#9 0x561c052f834d <unknown>\n#10 0x561c052de122 <unknown>\n#11 0x561c052f8f2b <unknown>\n#12 0x561c052c4c30 <unknown>\n#13 0x561c05319d78 <unknown>\n#14 0x561c05319f4c <unknown>\n#15 0x561c0532b973 <unknown>\n#16 0x7f54a4e9caa4 <unknown>\n#17 0x7f54a4f29c6c <unknown>","time":{"start":1767952522809,"stop":1767952533196,"duration":10387}},{"uid":"511368c60be5eb70","reportUrl":"https://Brain-up.github.io/auto-tests-python/797/#testresult/511368c60be5eb70","status":"skipped","statusDetails":"XFAIL\n\nselenium.common.exceptions.TimeoutException: Message: Can't find element by locator ('xpath', '//button[@data-test-active-link=\"Similar phrases\"]')\nStacktrace:\n#0 0x564832c0119a <unknown>\n#1 0x56483267ec4b <unknown>\n#2 0x5648326d0318 <unknown>\n#3 0x5648326d0551 <unknown>\n#4 0x56483271e764 <unknown>\n#5 0x56483271bbee <unknown>\n#6 0x5648326c2c42 <unknown>\n#7 0x5648326c38f1 <unknown>\n#8 0x564832bc9f39 <unknown>\n#9 0x564832bcce7d <unknown>\n#10 0x564832bb2c81 <unknown>\n#11 0x564832bcda5b <unknown>\n#12 0x564832b99a50 <unknown>\n#13 0x564832beeaa8 <unknown>\n#14 0x564832beec79 <unknown>\n#15 0x564832c004f3 <unknown>\n#16 0x7f22f9e9caa4 <unknown>\n#17 0x7f22f9f29c6c <unknown>","time":{"start":1767868014309,"stop":1767868024651,"duration":10342}},{"uid":"a4130aeca91dc074","reportUrl":"https://Brain-up.github.io/auto-tests-python/796/#testresult/a4130aeca91dc074","status":"skipped","statusDetails":"XFAIL\n\nselenium.common.exceptions.TimeoutException: Message: Can't find element by locator ('xpath', '//button[@data-test-active-link=\"Similar phrases\"]')\nStacktrace:\n#0 0x5566301ea19a <unknown>\n#1 0x55662fc67c4b <unknown>\n#2 0x55662fcb9318 <unknown>\n#3 0x55662fcb9551 <unknown>\n#4 0x55662fd07764 <unknown>\n#5 0x55662fd04bee <unknown>\n#6 0x55662fcabc42 <unknown>\n#7 0x55662fcac8f1 <unknown>\n#8 0x5566301b2f39 <unknown>\n#9 0x5566301b5e7d <unknown>\n#10 0x55663019bc81 <unknown>\n#11 0x5566301b6a5b <unknown>\n#12 0x556630182a50 <unknown>\n#13 0x5566301d7aa8 <unknown>\n#14 0x5566301d7c79 <unknown>\n#15 0x5566301e94f3 <unknown>\n#16 0x7ff03b69caa4 <unknown>\n#17 0x7ff03b729c6c <unknown>","time":{"start":1767792677080,"stop":1767792687536,"duration":10456}},{"uid":"5957a29d444fdf99","reportUrl":"https://Brain-up.github.io/auto-tests-python/795/#testresult/5957a29d444fdf99","status":"skipped","statusDetails":"XFAIL\n\nselenium.common.exceptions.TimeoutException: Message: Can't find element by locator ('xpath', '//button[@data-test-active-link=\"Similar phrases\"]')\nStacktrace:\n#0 0x55c8806a919a <unknown>\n#1 0x55c880126c4b <unknown>\n#2 0x55c880178318 <unknown>\n#3 0x55c880178551 <unknown>\n#4 0x55c8801c6764 <unknown>\n#5 0x55c8801c3bee <unknown>\n#6 0x55c88016ac42 <unknown>\n#7 0x55c88016b8f1 <unknown>\n#8 0x55c880671f39 <unknown>\n#9 0x55c880674e7d <unknown>\n#10 0x55c88065ac81 <unknown>\n#11 0x55c880675a5b <unknown>\n#12 0x55c880641a50 <unknown>\n#13 0x55c880696aa8 <unknown>\n#14 0x55c880696c79 <unknown>\n#15 0x55c8806a84f3 <unknown>\n#16 0x7f251e29caa4 <unknown>\n#17 0x7f251e329c6c <unknown>","time":{"start":1767707383221,"stop":1767707393596,"duration":10375}},{"uid":"a008e75f4e141fcf","reportUrl":"https://Brain-up.github.io/auto-tests-python/794/#testresult/a008e75f4e141fcf","status":"skipped","statusDetails":"XFAIL\n\nselenium.common.exceptions.TimeoutException: Message: Can't find element by locator ('xpath', '//button[@data-test-active-link=\"Similar phrases\"]')\nStacktrace:\n#0 0x5575aaeef19a <unknown>\n#1 0x5575aa96cc4b <unknown>\n#2 0x5575aa9be318 <unknown>\n#3 0x5575aa9be551 <unknown>\n#4 0x5575aaa0c764 <unknown>\n#5 0x5575aaa09bee <unknown>\n#6 0x5575aa9b0c42 <unknown>\n#7 0x5575aa9b18f1 <unknown>\n#8 0x5575aaeb7f39 <unknown>\n#9 0x5575aaebae7d <unknown>\n#10 0x5575aaea0c81 <unknown>\n#11 0x5575aaebba5b <unknown>\n#12 0x5575aae87a50 <unknown>\n#13 0x5575aaedcaa8 <unknown>\n#14 0x5575aaedcc79 <unknown>\n#15 0x5575aaeee4f3 <unknown>\n#16 0x7fad4ba9caa4 <unknown>\n#17 0x7fad4bb29c6c <unknown>","time":{"start":1767702518301,"stop":1767702528641,"duration":10340}}]},"tags":["@pytest.mark.xfail"]},"source":"bcee150699ceda5b.json","parameterValues":[]}