{"uid":"6a718bb874c13246","name":"Check progres-bar and buttons.","fullName":"tests.test_speech_exercises_en.TestCardsEN#test_progress_bar_is_present_en","historyId":"efb827312bdd34b296637645e49b0897","time":{"start":1770984791359,"stop":1770984801678,"duration":10319},"status":"skipped","statusMessage":"XFAIL\n\nselenium.common.exceptions.TimeoutException: Message: Can't find element by locator ('xpath', '//button[@data-test-active-link=\"Words\"]')\nStacktrace:\n#0 0x56533749ca4a <unknown>\n#1 0x565336eb56a2 <unknown>\n#2 0x565336f0aa8d <unknown>\n#3 0x565336f0acd1 <unknown>\n#4 0x565336f565c4 <unknown>\n#5 0x565336f537f0 <unknown>\n#6 0x565336efc8b2 <unknown>\n#7 0x565336efd6a1 <unknown>\n#8 0x5653374628a9 <unknown>\n#9 0x5653374657b1 <unknown>\n#10 0x56533744eea9 <unknown>\n#11 0x56533746636e <unknown>\n#12 0x565337435410 <unknown>\n#13 0x56533748a0c8 <unknown>\n#14 0x56533748a29b <unknown>\n#15 0x56533749bdb8 <unknown>\n#16 0x7ff1f2e9caa4 <unknown>\n#17 0x7ff1f2f29c6c <unknown>","statusTrace":"self = <tests.test_speech_exercises_en.TestCardsEN object at 0x7f626c7ee210>\ndriver = <selenium.webdriver.chrome.webdriver.WebDriver (session=\"2f5272937cc1c73401ce10695e34edb2\")>\nspecialist_user_authorized = None\n\n    @pytest.mark.xfail\n    @allure.suite(\"Speech exercises EN.\")\n    @allure.title('Check progres-bar and buttons.')\n    def test_progress_bar_is_present_en(self, driver, specialist_user_authorized):\n        page = SpeechExercisesPage(driver)\n>       page.select_group(SpeechExercisesPageLocators.WORDS_BUTTON_EN)\n\ntests/test_speech_exercises_en.py:34: \n_ _ _ _ _ _ _ _ _ _ _ _ _ _ _ _ _ _ _ _ _ _ _ _ _ _ _ _ _ _ _ _ _ _ _ _ _ _ _ _ \npages/speech_exercises_page_en.py:18: in select_group\n    text_of_the_button = self.element_is_present_and_clickable(selector_for_sub_group)\npages/base_page.py:40: in element_is_present_and_clickable\n    return (Wait(self.driver, self.timeout).until(\n_ _ _ _ _ _ _ _ _ _ _ _ _ _ _ _ _ _ _ _ _ _ _ _ _ _ _ _ _ _ _ _ _ _ _ _ _ _ _ _ \n\nself = <selenium.webdriver.support.wait.WebDriverWait (session=\"2f5272937cc1c73401ce10695e34edb2\")>\nmethod = <function visibility_of_element_located.<locals>._predicate at 0x7f626c579bc0>\nmessage = 'Can\\'t find element by locator (\\'xpath\\', \\'//button[@data-test-active-link=\"Words\"]\\')'\n\n    def until(self, method, message: str = \"\"):\n        \"\"\"Calls the method provided with the driver as an argument until the \\\n        return value does not evaluate to ``False``.\n    \n        :param method: callable(WebDriver)\n        :param message: optional message for :exc:`TimeoutException`\n        :returns: the result of the last call to `method`\n        :raises: :exc:`selenium.common.exceptions.TimeoutException` if timeout occurs\n        \"\"\"\n        screen = None\n        stacktrace = None\n    \n        end_time = time.monotonic() + self._timeout\n        while True:\n            try:\n                value = method(self._driver)\n                if value:\n                    return value\n            except self._ignored_exceptions as exc:\n                screen = getattr(exc, \"screen\", None)\n                stacktrace = getattr(exc, \"stacktrace\", None)\n            time.sleep(self._poll)\n            if time.monotonic() > end_time:\n                break\n>       raise TimeoutException(message, screen, stacktrace)\nE       selenium.common.exceptions.TimeoutException: Message: Can't find element by locator ('xpath', '//button[@data-test-active-link=\"Words\"]')\nE       Stacktrace:\nE       #0 0x56533749ca4a <unknown>\nE       #1 0x565336eb56a2 <unknown>\nE       #2 0x565336f0aa8d <unknown>\nE       #3 0x565336f0acd1 <unknown>\nE       #4 0x565336f565c4 <unknown>\nE       #5 0x565336f537f0 <unknown>\nE       #6 0x565336efc8b2 <unknown>\nE       #7 0x565336efd6a1 <unknown>\nE       #8 0x5653374628a9 <unknown>\nE       #9 0x5653374657b1 <unknown>\nE       #10 0x56533744eea9 <unknown>\nE       #11 0x56533746636e <unknown>\nE       #12 0x565337435410 <unknown>\nE       #13 0x56533748a0c8 <unknown>\nE       #14 0x56533748a29b <unknown>\nE       #15 0x56533749bdb8 <unknown>\nE       #16 0x7ff1f2e9caa4 <unknown>\nE       #17 0x7ff1f2f29c6c <unknown>\n\n/opt/hostedtoolcache/Python/3.12.12/x64/lib/python3.12/site-packages/selenium/webdriver/support/wait.py:95: TimeoutException","flaky":false,"newFailed":false,"newBroken":false,"newPassed":false,"retriesCount":0,"retriesStatusChange":false,"beforeStages":[{"name":"clear_allure_results_folder","time":{"start":1770983650425,"stop":1770983650425,"duration":0},"status":"passed","steps":[],"attachments":[],"parameters":[],"stepsCount":0,"shouldDisplayMessage":false,"attachmentsCount":0,"hasContent":false,"attachmentStep":false},{"name":"driver","time":{"start":1770984785470,"stop":1770984786200,"duration":730},"status":"passed","steps":[],"attachments":[],"parameters":[],"stepsCount":0,"shouldDisplayMessage":false,"attachmentsCount":0,"hasContent":false,"attachmentStep":false},{"name":"main_page_open","time":{"start":1770984786200,"stop":1770984788935,"duration":2735},"status":"passed","steps":[{"name":"Open page: https://www.brainup.site/","time":{"start":1770984786200,"stop":1770984788935,"duration":2735},"status":"passed","steps":[],"attachments":[],"parameters":[{"name":"driver","value":"<selenium.webdriver.chrome.webdriver.WebDriver (session=\"2f5272937cc1c73401ce10695e34edb2\")>"}],"stepsCount":0,"shouldDisplayMessage":false,"attachmentsCount":0,"hasContent":true,"attachmentStep":false}],"attachments":[],"parameters":[],"stepsCount":1,"shouldDisplayMessage":false,"attachmentsCount":0,"hasContent":true,"attachmentStep":false},{"name":"specialist_user_authorized","time":{"start":1770984788935,"stop":1770984791359,"duration":2424},"status":"passed","steps":[{"name":"USER specialist authorized","time":{"start":1770984788935,"stop":1770984791359,"duration":2424},"status":"passed","steps":[{"name":"Check url is present: https://www.brainup.site/groups","time":{"start":1770984789318,"stop":1770984791337,"duration":2019},"status":"passed","steps":[],"attachments":[],"parameters":[],"stepsCount":0,"shouldDisplayMessage":false,"attachmentsCount":0,"hasContent":false,"attachmentStep":false},{"name":"Loader checking","time":{"start":1770984791337,"stop":1770984791359,"duration":22},"status":"passed","steps":[],"attachments":[],"parameters":[],"stepsCount":0,"shouldDisplayMessage":false,"attachmentsCount":0,"hasContent":false,"attachmentStep":false}],"attachments":[],"parameters":[{"name":"driver","value":"<selenium.webdriver.chrome.webdriver.WebDriver (session=\"2f5272937cc1c73401ce10695e34edb2\")>"},{"name":"main_page_open","value":"None"}],"stepsCount":2,"shouldDisplayMessage":false,"attachmentsCount":0,"hasContent":true,"attachmentStep":false}],"attachments":[],"parameters":[],"stepsCount":3,"shouldDisplayMessage":false,"attachmentsCount":0,"hasContent":true,"attachmentStep":false}],"testStage":{"status":"skipped","statusMessage":"XFAIL\n\nselenium.common.exceptions.TimeoutException: Message: Can't find element by locator ('xpath', '//button[@data-test-active-link=\"Words\"]')\nStacktrace:\n#0 0x56533749ca4a <unknown>\n#1 0x565336eb56a2 <unknown>\n#2 0x565336f0aa8d <unknown>\n#3 0x565336f0acd1 <unknown>\n#4 0x565336f565c4 <unknown>\n#5 0x565336f537f0 <unknown>\n#6 0x565336efc8b2 <unknown>\n#7 0x565336efd6a1 <unknown>\n#8 0x5653374628a9 <unknown>\n#9 0x5653374657b1 <unknown>\n#10 0x56533744eea9 <unknown>\n#11 0x56533746636e <unknown>\n#12 0x565337435410 <unknown>\n#13 0x56533748a0c8 <unknown>\n#14 0x56533748a29b <unknown>\n#15 0x56533749bdb8 <unknown>\n#16 0x7ff1f2e9caa4 <unknown>\n#17 0x7ff1f2f29c6c <unknown>","statusTrace":"self = <tests.test_speech_exercises_en.TestCardsEN object at 0x7f626c7ee210>\ndriver = <selenium.webdriver.chrome.webdriver.WebDriver (session=\"2f5272937cc1c73401ce10695e34edb2\")>\nspecialist_user_authorized = None\n\n    @pytest.mark.xfail\n    @allure.suite(\"Speech exercises EN.\")\n    @allure.title('Check progres-bar and buttons.')\n    def test_progress_bar_is_present_en(self, driver, specialist_user_authorized):\n        page = SpeechExercisesPage(driver)\n>       page.select_group(SpeechExercisesPageLocators.WORDS_BUTTON_EN)\n\ntests/test_speech_exercises_en.py:34: \n_ _ _ _ _ _ _ _ _ _ _ _ _ _ _ _ _ _ _ _ _ _ _ _ _ _ _ _ _ _ _ _ _ _ _ _ _ _ _ _ \npages/speech_exercises_page_en.py:18: in select_group\n    text_of_the_button = self.element_is_present_and_clickable(selector_for_sub_group)\npages/base_page.py:40: in element_is_present_and_clickable\n    return (Wait(self.driver, self.timeout).until(\n_ _ _ _ _ _ _ _ _ _ _ _ _ _ _ _ _ _ _ _ _ _ _ _ _ _ _ _ _ _ _ _ _ _ _ _ _ _ _ _ \n\nself = <selenium.webdriver.support.wait.WebDriverWait (session=\"2f5272937cc1c73401ce10695e34edb2\")>\nmethod = <function visibility_of_element_located.<locals>._predicate at 0x7f626c579bc0>\nmessage = 'Can\\'t find element by locator (\\'xpath\\', \\'//button[@data-test-active-link=\"Words\"]\\')'\n\n    def until(self, method, message: str = \"\"):\n        \"\"\"Calls the method provided with the driver as an argument until the \\\n        return value does not evaluate to ``False``.\n    \n        :param method: callable(WebDriver)\n        :param message: optional message for :exc:`TimeoutException`\n        :returns: the result of the last call to `method`\n        :raises: :exc:`selenium.common.exceptions.TimeoutException` if timeout occurs\n        \"\"\"\n        screen = None\n        stacktrace = None\n    \n        end_time = time.monotonic() + self._timeout\n        while True:\n            try:\n                value = method(self._driver)\n                if value:\n                    return value\n            except self._ignored_exceptions as exc:\n                screen = getattr(exc, \"screen\", None)\n                stacktrace = getattr(exc, \"stacktrace\", None)\n            time.sleep(self._poll)\n            if time.monotonic() > end_time:\n                break\n>       raise TimeoutException(message, screen, stacktrace)\nE       selenium.common.exceptions.TimeoutException: Message: Can't find element by locator ('xpath', '//button[@data-test-active-link=\"Words\"]')\nE       Stacktrace:\nE       #0 0x56533749ca4a <unknown>\nE       #1 0x565336eb56a2 <unknown>\nE       #2 0x565336f0aa8d <unknown>\nE       #3 0x565336f0acd1 <unknown>\nE       #4 0x565336f565c4 <unknown>\nE       #5 0x565336f537f0 <unknown>\nE       #6 0x565336efc8b2 <unknown>\nE       #7 0x565336efd6a1 <unknown>\nE       #8 0x5653374628a9 <unknown>\nE       #9 0x5653374657b1 <unknown>\nE       #10 0x56533744eea9 <unknown>\nE       #11 0x56533746636e <unknown>\nE       #12 0x565337435410 <unknown>\nE       #13 0x56533748a0c8 <unknown>\nE       #14 0x56533748a29b <unknown>\nE       #15 0x56533749bdb8 <unknown>\nE       #16 0x7ff1f2e9caa4 <unknown>\nE       #17 0x7ff1f2f29c6c <unknown>\n\n/opt/hostedtoolcache/Python/3.12.12/x64/lib/python3.12/site-packages/selenium/webdriver/support/wait.py:95: TimeoutException","steps":[{"name":"select_group","time":{"start":1770984791360,"stop":1770984801678,"duration":10318},"status":"broken","statusMessage":"selenium.common.exceptions.TimeoutException: Message: Can't find element by locator ('xpath', '//button[@data-test-active-link=\"Words\"]')\nStacktrace:\n#0 0x56533749ca4a <unknown>\n#1 0x565336eb56a2 <unknown>\n#2 0x565336f0aa8d <unknown>\n#3 0x565336f0acd1 <unknown>\n#4 0x565336f565c4 <unknown>\n#5 0x565336f537f0 <unknown>\n#6 0x565336efc8b2 <unknown>\n#7 0x565336efd6a1 <unknown>\n#8 0x5653374628a9 <unknown>\n#9 0x5653374657b1 <unknown>\n#10 0x56533744eea9 <unknown>\n#11 0x56533746636e <unknown>\n#12 0x565337435410 <unknown>\n#13 0x56533748a0c8 <unknown>\n#14 0x56533748a29b <unknown>\n#15 0x56533749bdb8 <unknown>\n#16 0x7ff1f2e9caa4 <unknown>\n#17 0x7ff1f2f29c6c <unknown>\n\n","statusTrace":"  File \"/opt/hostedtoolcache/Python/3.12.12/x64/lib/python3.12/site-packages/allure_commons/_allure.py\", line 192, in impl\n    return func(*a, **kw)\n           ^^^^^^^^^^^^^^\n  File \"/home/runner/work/auto-tests-python/auto-tests-python/pages/speech_exercises_page_en.py\", line 18, in select_group\n    text_of_the_button = self.element_is_present_and_clickable(selector_for_sub_group)\n                         ^^^^^^^^^^^^^^^^^^^^^^^^^^^^^^^^^^^^^^^^^^^^^^^^^^^^^^^^^^^^^\n  File \"/home/runner/work/auto-tests-python/auto-tests-python/pages/base_page.py\", line 40, in element_is_present_and_clickable\n    return (Wait(self.driver, self.timeout).until(\n            ^^^^^^^^^^^^^^^^^^^^^^^^^^^^^^^^^^^^^^\n  File \"/opt/hostedtoolcache/Python/3.12.12/x64/lib/python3.12/site-packages/selenium/webdriver/support/wait.py\", line 95, in until\n    raise TimeoutException(message, screen, stacktrace)\n","steps":[{"name":"Select Russian language. Click \"EN\" button.","time":{"start":1770984791360,"stop":1770984791437,"duration":77},"status":"passed","steps":[],"attachments":[],"parameters":[],"stepsCount":0,"shouldDisplayMessage":false,"attachmentsCount":0,"hasContent":false,"attachmentStep":false},{"name":"Click button \"SPEECH EXERCISES\".","time":{"start":1770984791437,"stop":1770984791512,"duration":75},"status":"passed","steps":[],"attachments":[],"parameters":[],"stepsCount":0,"shouldDisplayMessage":false,"attachmentsCount":0,"hasContent":false,"attachmentStep":false}],"attachments":[],"parameters":[{"name":"selector_for_sub_group","value":"('xpath', '//button[@data-test-active-link=\"Words\"]')"}],"stepsCount":2,"shouldDisplayMessage":true,"attachmentsCount":0,"hasContent":true,"attachmentStep":false}],"attachments":[],"parameters":[],"stepsCount":3,"shouldDisplayMessage":true,"attachmentsCount":0,"hasContent":true,"attachmentStep":false},"afterStages":[{"name":"driver::0","time":{"start":1770984801688,"stop":1770984801754,"duration":66},"status":"passed","steps":[],"attachments":[],"parameters":[],"stepsCount":0,"shouldDisplayMessage":false,"attachmentsCount":0,"hasContent":false,"attachmentStep":false}],"labels":[{"name":"epic","value":"Speech exercises."},{"name":"suite","value":"Speech exercises EN."},{"name":"tag","value":"@pytest.mark.xfail"},{"name":"parentSuite","value":"tests"},{"name":"subSuite","value":"TestCardsEN"},{"name":"host","value":"runnervmjduv7"},{"name":"thread","value":"2702-MainThread"},{"name":"framework","value":"pytest"},{"name":"language","value":"cpython3"},{"name":"package","value":"tests.test_speech_exercises_en"},{"name":"resultFormat","value":"allure2"}],"parameters":[],"links":[],"hidden":false,"retry":false,"extra":{"severity":"normal","retries":[],"categories":[],"history":{"statistic":{"failed":0,"broken":0,"skipped":34,"passed":0,"unknown":0,"total":34},"items":[{"uid":"1ad3aeb868c72802","reportUrl":"https://Brain-up.github.io/auto-tests-python/823/#testresult/1ad3aeb868c72802","status":"skipped","statusDetails":"XFAIL\n\nselenium.common.exceptions.TimeoutException: Message: Can't find element by locator ('xpath', '//button[@data-test-active-link=\"Words\"]')\nStacktrace:\n#0 0x56119f8024ba <unknown>\n#1 0x56119f26b492 <unknown>\n#2 0x56119f2c09b6 <unknown>\n#3 0x56119f2c0bf1 <unknown>\n#4 0x56119f30c4d4 <unknown>\n#5 0x56119f309700 <unknown>\n#6 0x56119f2b26a2 <unknown>\n#7 0x56119f2b3491 <unknown>\n#8 0x56119f7c8479 <unknown>\n#9 0x56119f7cb391 <unknown>\n#10 0x56119f7b4a89 <unknown>\n#11 0x56119f7cbf4e <unknown>\n#12 0x56119f79b070 <unknown>\n#13 0x56119f7efca8 <unknown>\n#14 0x56119f7efe78 <unknown>\n#15 0x56119f801828 <unknown>\n#16 0x7fde20c9caa4 <unknown>\n#17 0x7fde20d29c6c <unknown>","time":{"start":1770897503063,"stop":1770897513417,"duration":10354}},{"uid":"26b419ad07d6739c","reportUrl":"https://Brain-up.github.io/auto-tests-python/822/#testresult/26b419ad07d6739c","status":"skipped","statusDetails":"XFAIL\n\nselenium.common.exceptions.TimeoutException: Message: Can't find element by locator ('xpath', '//button[@data-test-active-link=\"Words\"]')\nStacktrace:\n#0 0x555c4c7ad4ba <unknown>\n#1 0x555c4c216492 <unknown>\n#2 0x555c4c26b9b6 <unknown>\n#3 0x555c4c26bbf1 <unknown>\n#4 0x555c4c2b74d4 <unknown>\n#5 0x555c4c2b4700 <unknown>\n#6 0x555c4c25d6a2 <unknown>\n#7 0x555c4c25e491 <unknown>\n#8 0x555c4c773479 <unknown>\n#9 0x555c4c776391 <unknown>\n#10 0x555c4c75fa89 <unknown>\n#11 0x555c4c776f4e <unknown>\n#12 0x555c4c746070 <unknown>\n#13 0x555c4c79aca8 <unknown>\n#14 0x555c4c79ae78 <unknown>\n#15 0x555c4c7ac828 <unknown>\n#16 0x7fa19f49caa4 <unknown>\n#17 0x7fa19f529c6c <unknown>","time":{"start":1770836206227,"stop":1770836216623,"duration":10396}},{"uid":"7d733af38de98d67","reportUrl":"https://Brain-up.github.io/auto-tests-python/821/#testresult/7d733af38de98d67","status":"skipped","statusDetails":"XFAIL\n\nselenium.common.exceptions.TimeoutException: Message: Can't find element by locator ('xpath', '//button[@data-test-active-link=\"Words\"]')\nStacktrace:\n#0 0x55abf18784ba <unknown>\n#1 0x55abf12e1492 <unknown>\n#2 0x55abf13369b6 <unknown>\n#3 0x55abf1336bf1 <unknown>\n#4 0x55abf13824d4 <unknown>\n#5 0x55abf137f700 <unknown>\n#6 0x55abf13286a2 <unknown>\n#7 0x55abf1329491 <unknown>\n#8 0x55abf183e479 <unknown>\n#9 0x55abf1841391 <unknown>\n#10 0x55abf182aa89 <unknown>\n#11 0x55abf1841f4e <unknown>\n#12 0x55abf1811070 <unknown>\n#13 0x55abf1865ca8 <unknown>\n#14 0x55abf1865e78 <unknown>\n#15 0x55abf1877828 <unknown>\n#16 0x7f4670a9caa4 <unknown>\n#17 0x7f4670b29c6c <unknown>","time":{"start":1770552270424,"stop":1770552280766,"duration":10342}},{"uid":"f4f869bd36855d6a","reportUrl":"https://Brain-up.github.io/auto-tests-python/820/#testresult/f4f869bd36855d6a","status":"skipped","statusDetails":"XFAIL\n\nselenium.common.exceptions.TimeoutException: Message: Can't find element by locator ('xpath', '//button[@data-test-active-link=\"Words\"]')\nStacktrace:\n#0 0x556aebae04ba <unknown>\n#1 0x556aeb549492 <unknown>\n#2 0x556aeb59e9b6 <unknown>\n#3 0x556aeb59ebf1 <unknown>\n#4 0x556aeb5ea4d4 <unknown>\n#5 0x556aeb5e7700 <unknown>\n#6 0x556aeb5906a2 <unknown>\n#7 0x556aeb591491 <unknown>\n#8 0x556aebaa6479 <unknown>\n#9 0x556aebaa9391 <unknown>\n#10 0x556aeba92a89 <unknown>\n#11 0x556aebaa9f4e <unknown>\n#12 0x556aeba79070 <unknown>\n#13 0x556aebacdca8 <unknown>\n#14 0x556aebacde78 <unknown>\n#15 0x556aebadf828 <unknown>\n#16 0x7f86ed89caa4 <unknown>\n#17 0x7f86ed929c6c <unknown>","time":{"start":1770489512014,"stop":1770489522373,"duration":10359}},{"uid":"dcee3dd2723620ba","reportUrl":"https://Brain-up.github.io/auto-tests-python/819/#testresult/dcee3dd2723620ba","status":"skipped","statusDetails":"XFAIL\n\nselenium.common.exceptions.TimeoutException: Message: Can't find element by locator ('xpath', '//button[@data-test-active-link=\"Words\"]')\nStacktrace:\n#0 0x55c38aedfafa <unknown>\n#1 0x55c38a8f960f <unknown>\n#2 0x55c38a94ea16 <unknown>\n#3 0x55c38a94ec51 <unknown>\n#4 0x55c38a99a404 <unknown>\n#5 0x55c38a99762b <unknown>\n#6 0x55c38a940842 <unknown>\n#7 0x55c38a941631 <unknown>\n#8 0x55c38aea5689 <unknown>\n#9 0x55c38aea8581 <unknown>\n#10 0x55c38ae91ca9 <unknown>\n#11 0x55c38aea913e <unknown>\n#12 0x55c38ae783a0 <unknown>\n#13 0x55c38aeccfc8 <unknown>\n#14 0x55c38aecd19b <unknown>\n#15 0x55c38aedee68 <unknown>\n#16 0x7fb99229caa4 <unknown>\n#17 0x7fb992329c6c <unknown>","time":{"start":1770376973197,"stop":1770376983592,"duration":10395}},{"uid":"222fa298d7b32119","reportUrl":"https://Brain-up.github.io/auto-tests-python/818/#testresult/222fa298d7b32119","status":"skipped","statusDetails":"XFAIL\n\nselenium.common.exceptions.TimeoutException: Message: Can't find element by locator ('xpath', '//button[@data-test-active-link=\"Words\"]')\nStacktrace:\n#0 0x55ceca969afa <unknown>\n#1 0x55ceca38360f <unknown>\n#2 0x55ceca3d8a16 <unknown>\n#3 0x55ceca3d8c51 <unknown>\n#4 0x55ceca424404 <unknown>\n#5 0x55ceca42162b <unknown>\n#6 0x55ceca3ca842 <unknown>\n#7 0x55ceca3cb631 <unknown>\n#8 0x55ceca92f689 <unknown>\n#9 0x55ceca932581 <unknown>\n#10 0x55ceca91bca9 <unknown>\n#11 0x55ceca93313e <unknown>\n#12 0x55ceca9023a0 <unknown>\n#13 0x55ceca956fc8 <unknown>\n#14 0x55ceca95719b <unknown>\n#15 0x55ceca968e68 <unknown>\n#16 0x7f09b669caa4 <unknown>\n#17 0x7f09b6729c6c <unknown>","time":{"start":1770119448654,"stop":1770119459029,"duration":10375}},{"uid":"1636d4353ce039b3","reportUrl":"https://Brain-up.github.io/auto-tests-python/817/#testresult/1636d4353ce039b3","status":"skipped","statusDetails":"XFAIL\n\nselenium.common.exceptions.TimeoutException: Message: Can't find element by locator ('xpath', '//button[@data-test-active-link=\"Words\"]')\nStacktrace:\n#0 0x557fae162afa <unknown>\n#1 0x557fadb7c60f <unknown>\n#2 0x557fadbd1a16 <unknown>\n#3 0x557fadbd1c51 <unknown>\n#4 0x557fadc1d404 <unknown>\n#5 0x557fadc1a62b <unknown>\n#6 0x557fadbc3842 <unknown>\n#7 0x557fadbc4631 <unknown>\n#8 0x557fae128689 <unknown>\n#9 0x557fae12b581 <unknown>\n#10 0x557fae114ca9 <unknown>\n#11 0x557fae12c13e <unknown>\n#12 0x557fae0fb3a0 <unknown>\n#13 0x557fae14ffc8 <unknown>\n#14 0x557fae15019b <unknown>\n#15 0x557fae161e68 <unknown>\n#16 0x7fee7289caa4 <unknown>\n#17 0x7fee72929c6c <unknown>","time":{"start":1769945706315,"stop":1769945716687,"duration":10372}},{"uid":"da28fe5f29e6d9ae","reportUrl":"https://Brain-up.github.io/auto-tests-python/816/#testresult/da28fe5f29e6d9ae","status":"skipped","statusDetails":"XFAIL\n\nselenium.common.exceptions.TimeoutException: Message: Can't find element by locator ('xpath', '//button[@data-test-active-link=\"Words\"]')\nStacktrace:\n#0 0x55a1eb9c2afa <unknown>\n#1 0x55a1eb3dc60f <unknown>\n#2 0x55a1eb431a16 <unknown>\n#3 0x55a1eb431c51 <unknown>\n#4 0x55a1eb47d404 <unknown>\n#5 0x55a1eb47a62b <unknown>\n#6 0x55a1eb423842 <unknown>\n#7 0x55a1eb424631 <unknown>\n#8 0x55a1eb988689 <unknown>\n#9 0x55a1eb98b581 <unknown>\n#10 0x55a1eb974ca9 <unknown>\n#11 0x55a1eb98c13e <unknown>\n#12 0x55a1eb95b3a0 <unknown>\n#13 0x55a1eb9affc8 <unknown>\n#14 0x55a1eb9b019b <unknown>\n#15 0x55a1eb9c1e68 <unknown>\n#16 0x7f4eaf69caa4 <unknown>\n#17 0x7f4eaf729c6c <unknown>","time":{"start":1769859661386,"stop":1769859673500,"duration":12114}},{"uid":"db5c3b58e0ea3f81","reportUrl":"https://Brain-up.github.io/auto-tests-python/816/#testresult/db5c3b58e0ea3f81","status":"skipped","statusDetails":"XFAIL\n\nselenium.common.exceptions.TimeoutException: Message: Can't find element by locator ('xpath', '//button[@data-test-active-link=\"Words\"]')\nStacktrace:\n#0 0x55e7c23a5afa <unknown>\n#1 0x55e7c1dbf60f <unknown>\n#2 0x55e7c1e14a16 <unknown>\n#3 0x55e7c1e14c51 <unknown>\n#4 0x55e7c1e60404 <unknown>\n#5 0x55e7c1e5d62b <unknown>\n#6 0x55e7c1e06842 <unknown>\n#7 0x55e7c1e07631 <unknown>\n#8 0x55e7c236b689 <unknown>\n#9 0x55e7c236e581 <unknown>\n#10 0x55e7c2357ca9 <unknown>\n#11 0x55e7c236f13e <unknown>\n#12 0x55e7c233e3a0 <unknown>\n#13 0x55e7c2392fc8 <unknown>\n#14 0x55e7c239319b <unknown>\n#15 0x55e7c23a4e68 <unknown>\n#16 0x7f17b349caa4 <unknown>\n#17 0x7f17b3529c6c <unknown>","time":{"start":1769785036668,"stop":1769785047029,"duration":10361}},{"uid":"28d8f634235fee0e","reportUrl":"https://Brain-up.github.io/auto-tests-python/815/#testresult/28d8f634235fee0e","status":"skipped","statusDetails":"XFAIL\n\nselenium.common.exceptions.TimeoutException: Message: Can't find element by locator ('xpath', '//button[@data-test-active-link=\"Words\"]')\nStacktrace:\n#0 0x561e87dc2c3a <unknown>\n#1 0x561e877dc969 <unknown>\n#2 0x561e87831ead <unknown>\n#3 0x561e878320f1 <unknown>\n#4 0x561e8787d7e4 <unknown>\n#5 0x561e8787aa20 <unknown>\n#6 0x561e87823be2 <unknown>\n#7 0x561e87824991 <unknown>\n#8 0x561e87d88a99 <unknown>\n#9 0x561e87d8b9b1 <unknown>\n#10 0x561e87d750a9 <unknown>\n#11 0x561e87d8c56e <unknown>\n#12 0x561e87d5b5e0 <unknown>\n#13 0x561e87db0358 <unknown>\n#14 0x561e87db0528 <unknown>\n#15 0x561e87dc1fa8 <unknown>\n#16 0x7f840329caa4 <unknown>\n#17 0x7f8403329c6c <unknown>","time":{"start":1769688869478,"stop":1769688879822,"duration":10344}},{"uid":"e0b4aca08738ed63","reportUrl":"https://Brain-up.github.io/auto-tests-python/814/#testresult/e0b4aca08738ed63","status":"skipped","statusDetails":"XFAIL\n\nselenium.common.exceptions.TimeoutException: Message: Can't find element by locator ('xpath', '//button[@data-test-active-link=\"Words\"]')\nStacktrace:\n#0 0x55e5821d2c3a <unknown>\n#1 0x55e581bec969 <unknown>\n#2 0x55e581c41ead <unknown>\n#3 0x55e581c420f1 <unknown>\n#4 0x55e581c8d7e4 <unknown>\n#5 0x55e581c8aa20 <unknown>\n#6 0x55e581c33be2 <unknown>\n#7 0x55e581c34991 <unknown>\n#8 0x55e582198a99 <unknown>\n#9 0x55e58219b9b1 <unknown>\n#10 0x55e5821850a9 <unknown>\n#11 0x55e58219c56e <unknown>\n#12 0x55e58216b5e0 <unknown>\n#13 0x55e5821c0358 <unknown>\n#14 0x55e5821c0528 <unknown>\n#15 0x55e5821d1fa8 <unknown>\n#16 0x7f1294c9caa4 <unknown>\n#17 0x7f1294d29c6c <unknown>","time":{"start":1769600790081,"stop":1769600800434,"duration":10353}},{"uid":"3895e77dc8f3a0bf","reportUrl":"https://Brain-up.github.io/auto-tests-python/814/#testresult/3895e77dc8f3a0bf","status":"skipped","statusDetails":"XFAIL\n\nselenium.common.exceptions.TimeoutException: Message: Can't find element by locator ('xpath', '//button[@data-test-active-link=\"Words\"]')\nStacktrace:\n#0 0x564480826c3a <unknown>\n#1 0x564480240969 <unknown>\n#2 0x564480295ead <unknown>\n#3 0x5644802960f1 <unknown>\n#4 0x5644802e17e4 <unknown>\n#5 0x5644802dea20 <unknown>\n#6 0x564480287be2 <unknown>\n#7 0x564480288991 <unknown>\n#8 0x5644807eca99 <unknown>\n#9 0x5644807ef9b1 <unknown>\n#10 0x5644807d90a9 <unknown>\n#11 0x5644807f056e <unknown>\n#12 0x5644807bf5e0 <unknown>\n#13 0x564480814358 <unknown>\n#14 0x564480814528 <unknown>\n#15 0x564480825fa8 <unknown>\n#16 0x7fbe91e9caa4 <unknown>\n#17 0x7fbe91f29c6c <unknown>","time":{"start":1769552546031,"stop":1769552556385,"duration":10354}},{"uid":"3790620ffa6d4551","reportUrl":"https://Brain-up.github.io/auto-tests-python/814/#testresult/3790620ffa6d4551","status":"skipped","statusDetails":"XFAIL\n\nselenium.common.exceptions.TimeoutException: Message: Can't find element by locator ('xpath', '//button[@data-test-active-link=\"Words\"]')\nStacktrace:\n#0 0x562af0355c3a <unknown>\n#1 0x562aefd6f969 <unknown>\n#2 0x562aefdc4ead <unknown>\n#3 0x562aefdc50f1 <unknown>\n#4 0x562aefe107e4 <unknown>\n#5 0x562aefe0da20 <unknown>\n#6 0x562aefdb6be2 <unknown>\n#7 0x562aefdb7991 <unknown>\n#8 0x562af031ba99 <unknown>\n#9 0x562af031e9b1 <unknown>\n#10 0x562af03080a9 <unknown>\n#11 0x562af031f56e <unknown>\n#12 0x562af02ee5e0 <unknown>\n#13 0x562af0343358 <unknown>\n#14 0x562af0343528 <unknown>\n#15 0x562af0354fa8 <unknown>\n#16 0x7f4e56c9caa4 <unknown>\n#17 0x7f4e56d29c6c <unknown>","time":{"start":1769545193221,"stop":1769545203578,"duration":10357}},{"uid":"7334b3b8a541651d","reportUrl":"https://Brain-up.github.io/auto-tests-python/813/#testresult/7334b3b8a541651d","status":"skipped","statusDetails":"XFAIL\n\nselenium.common.exceptions.TimeoutException: Message: Can't find element by locator ('xpath', '//button[@data-test-active-link=\"Words\"]')\nStacktrace:\n#0 0x55bf860d2c3a <unknown>\n#1 0x55bf85aec969 <unknown>\n#2 0x55bf85b41ead <unknown>\n#3 0x55bf85b420f1 <unknown>\n#4 0x55bf85b8d7e4 <unknown>\n#5 0x55bf85b8aa20 <unknown>\n#6 0x55bf85b33be2 <unknown>\n#7 0x55bf85b34991 <unknown>\n#8 0x55bf86098a99 <unknown>\n#9 0x55bf8609b9b1 <unknown>\n#10 0x55bf860850a9 <unknown>\n#11 0x55bf8609c56e <unknown>\n#12 0x55bf8606b5e0 <unknown>\n#13 0x55bf860c0358 <unknown>\n#14 0x55bf860c0528 <unknown>\n#15 0x55bf860d1fa8 <unknown>\n#16 0x7f3b5349caa4 <unknown>\n#17 0x7f3b53529c6c <unknown>","time":{"start":1769425803022,"stop":1769425813399,"duration":10377}},{"uid":"bf33c5fe1f76e9fc","reportUrl":"https://Brain-up.github.io/auto-tests-python/812/#testresult/bf33c5fe1f76e9fc","status":"skipped","statusDetails":"XFAIL\n\nselenium.common.exceptions.TimeoutException: Message: Can't find element by locator ('xpath', '//button[@data-test-active-link=\"Words\"]')\nStacktrace:\n#0 0x55bcbb0f2c3a <unknown>\n#1 0x55bcbab0c969 <unknown>\n#2 0x55bcbab61ead <unknown>\n#3 0x55bcbab620f1 <unknown>\n#4 0x55bcbabad7e4 <unknown>\n#5 0x55bcbabaaa20 <unknown>\n#6 0x55bcbab53be2 <unknown>\n#7 0x55bcbab54991 <unknown>\n#8 0x55bcbb0b8a99 <unknown>\n#9 0x55bcbb0bb9b1 <unknown>\n#10 0x55bcbb0a50a9 <unknown>\n#11 0x55bcbb0bc56e <unknown>\n#12 0x55bcbb08b5e0 <unknown>\n#13 0x55bcbb0e0358 <unknown>\n#14 0x55bcbb0e0528 <unknown>\n#15 0x55bcbb0f1fa8 <unknown>\n#16 0x7f866289caa4 <unknown>\n#17 0x7f8662929c6c <unknown>","time":{"start":1769336087674,"stop":1769336098029,"duration":10355}},{"uid":"a200b170b08c92ec","reportUrl":"https://Brain-up.github.io/auto-tests-python/811/#testresult/a200b170b08c92ec","status":"skipped","statusDetails":"XFAIL\n\nselenium.common.exceptions.TimeoutException: Message: Can't find element by locator ('xpath', '//button[@data-test-active-link=\"Words\"]')\nStacktrace:\n#0 0x562e4b4f7c3a <unknown>\n#1 0x562e4af11969 <unknown>\n#2 0x562e4af66ead <unknown>\n#3 0x562e4af670f1 <unknown>\n#4 0x562e4afb27e4 <unknown>\n#5 0x562e4afafa20 <unknown>\n#6 0x562e4af58be2 <unknown>\n#7 0x562e4af59991 <unknown>\n#8 0x562e4b4bda99 <unknown>\n#9 0x562e4b4c09b1 <unknown>\n#10 0x562e4b4aa0a9 <unknown>\n#11 0x562e4b4c156e <unknown>\n#12 0x562e4b4905e0 <unknown>\n#13 0x562e4b4e5358 <unknown>\n#14 0x562e4b4e5528 <unknown>\n#15 0x562e4b4f6fa8 <unknown>\n#16 0x7f3d4d29caa4 <unknown>\n#17 0x7f3d4d329c6c <unknown>","time":{"start":1769252776504,"stop":1769252786793,"duration":10289}},{"uid":"6ea14676c60ee520","reportUrl":"https://Brain-up.github.io/auto-tests-python/810/#testresult/6ea14676c60ee520","status":"skipped","statusDetails":"XFAIL\n\nselenium.common.exceptions.TimeoutException: Message: Can't find element by locator ('xpath', '//button[@data-test-active-link=\"Words\"]')\nStacktrace:\n#0 0x55c1dabb340a <unknown>\n#1 0x55c1da5e776b <unknown>\n#2 0x55c1da638e88 <unknown>\n#3 0x55c1da6390c1 <unknown>\n#4 0x55c1da6872c4 <unknown>\n#5 0x55c1da684760 <unknown>\n#6 0x55c1da62b7b2 <unknown>\n#7 0x55c1da62c461 <unknown>\n#8 0x55c1dab7bdf9 <unknown>\n#9 0x55c1dab7ed5d <unknown>\n#10 0x55c1dab64b41 <unknown>\n#11 0x55c1dab7f93b <unknown>\n#12 0x55c1dab4b870 <unknown>\n#13 0x55c1daba0828 <unknown>\n#14 0x55c1daba09fc <unknown>\n#15 0x55c1dabb2763 <unknown>\n#16 0x7f7eb1e9caa4 <unknown>\n#17 0x7f7eb1f29c6c <unknown>","time":{"start":1769071458744,"stop":1769071469117,"duration":10373}},{"uid":"bad1ed2da5757f0e","reportUrl":"https://Brain-up.github.io/auto-tests-python/809/#testresult/bad1ed2da5757f0e","status":"skipped","statusDetails":"XFAIL\n\nselenium.common.exceptions.TimeoutException: Message: Can't find element by locator ('xpath', '//button[@data-test-active-link=\"Words\"]')\nStacktrace:\n#0 0x55767b80340a <unknown>\n#1 0x55767b23776b <unknown>\n#2 0x55767b288e88 <unknown>\n#3 0x55767b2890c1 <unknown>\n#4 0x55767b2d72c4 <unknown>\n#5 0x55767b2d4760 <unknown>\n#6 0x55767b27b7b2 <unknown>\n#7 0x55767b27c461 <unknown>\n#8 0x55767b7cbdf9 <unknown>\n#9 0x55767b7ced5d <unknown>\n#10 0x55767b7b4b41 <unknown>\n#11 0x55767b7cf93b <unknown>\n#12 0x55767b79b870 <unknown>\n#13 0x55767b7f0828 <unknown>\n#14 0x55767b7f09fc <unknown>\n#15 0x55767b802763 <unknown>\n#16 0x7f43d809caa4 <unknown>\n#17 0x7f43d8129c6c <unknown>","time":{"start":1768989293649,"stop":1768989304014,"duration":10365}},{"uid":"ab3c449fc2699d8e","reportUrl":"https://Brain-up.github.io/auto-tests-python/808/#testresult/ab3c449fc2699d8e","status":"skipped","statusDetails":"XFAIL\n\nselenium.common.exceptions.TimeoutException: Message: Can't find element by locator ('xpath', '//button[@data-test-active-link=\"Words\"]')\nStacktrace:\n#0 0x5575cbbd640a <unknown>\n#1 0x5575cb60a76b <unknown>\n#2 0x5575cb65be88 <unknown>\n#3 0x5575cb65c0c1 <unknown>\n#4 0x5575cb6aa2c4 <unknown>\n#5 0x5575cb6a7760 <unknown>\n#6 0x5575cb64e7b2 <unknown>\n#7 0x5575cb64f461 <unknown>\n#8 0x5575cbb9edf9 <unknown>\n#9 0x5575cbba1d5d <unknown>\n#10 0x5575cbb87b41 <unknown>\n#11 0x5575cbba293b <unknown>\n#12 0x5575cbb6e870 <unknown>\n#13 0x5575cbbc3828 <unknown>\n#14 0x5575cbbc39fc <unknown>\n#15 0x5575cbbd5763 <unknown>\n#16 0x7f6a03a9caa4 <unknown>\n#17 0x7f6a03b29c6c <unknown>","time":{"start":1768906694637,"stop":1768906704931,"duration":10294}},{"uid":"dda53432060fe436","reportUrl":"https://Brain-up.github.io/auto-tests-python/807/#testresult/dda53432060fe436","status":"skipped","statusDetails":"XFAIL\n\nselenium.common.exceptions.TimeoutException: Message: Can't find element by locator ('xpath', '//button[@data-test-active-link=\"Words\"]')\nStacktrace:\n#0 0x55814fb9a40a <unknown>\n#1 0x55814f5ce76b <unknown>\n#2 0x55814f61fe88 <unknown>\n#3 0x55814f6200c1 <unknown>\n#4 0x55814f66e2c4 <unknown>\n#5 0x55814f66b760 <unknown>\n#6 0x55814f6127b2 <unknown>\n#7 0x55814f613461 <unknown>\n#8 0x55814fb62df9 <unknown>\n#9 0x55814fb65d5d <unknown>\n#10 0x55814fb4bb41 <unknown>\n#11 0x55814fb6693b <unknown>\n#12 0x55814fb32870 <unknown>\n#13 0x55814fb87828 <unknown>\n#14 0x55814fb879fc <unknown>\n#15 0x55814fb99763 <unknown>\n#16 0x7f628369caa4 <unknown>\n#17 0x7f6283729c6c <unknown>","time":{"start":1768821001055,"stop":1768821011409,"duration":10354}}]},"tags":["@pytest.mark.xfail"]},"source":"6a718bb874c13246.json","parameterValues":[]}