{"uid":"7bc6b9b215ce1ade","name":"Verify composition, visibility of elements on the 1st-7th levels of nesting on the page","fullName":"tests.exercises_ru_similar_phrases_page_test.TestExRuSimPhrPageStructure#test_ersp_01_02_verify_page_structure_and_visibility","historyId":"293f06217f744fe29d84c081a7abbc61","time":{"start":1770983819495,"stop":1770983819495,"duration":0},"status":"broken","statusMessage":"selenium.common.exceptions.TimeoutException: Message: Can't find element by locator https://www.brainup.site/groups","statusTrace":"self = <pages.base_page.BasePage object at 0x7f626c6a2d80>\nurl = 'https://www.brainup.site/groups'\n\n    def check_expected_link(self, url):\n        with allure.step(f'Check url is present: {url}'):\n            try:\n>               return Wait(self.driver, self.timeout).until(\n                    EC.url_to_be(url), message=f\"Can't find element by locator {url}\")\n\npages/base_page.py:80: \n_ _ _ _ _ _ _ _ _ _ _ _ _ _ _ _ _ _ _ _ _ _ _ _ _ _ _ _ _ _ _ _ _ _ _ _ _ _ _ _ \n\nself = <selenium.webdriver.support.wait.WebDriverWait (session=\"fcda4e625112886d4a0d6379ca27d9c7\")>\nmethod = <function url_to_be.<locals>._predicate at 0x7f626c5fe520>\nmessage = \"Can't find element by locator https://www.brainup.site/groups\"\n\n    def until(self, method, message: str = \"\"):\n        \"\"\"Calls the method provided with the driver as an argument until the \\\n        return value does not evaluate to ``False``.\n    \n        :param method: callable(WebDriver)\n        :param message: optional message for :exc:`TimeoutException`\n        :returns: the result of the last call to `method`\n        :raises: :exc:`selenium.common.exceptions.TimeoutException` if timeout occurs\n        \"\"\"\n        screen = None\n        stacktrace = None\n    \n        end_time = time.monotonic() + self._timeout\n        while True:\n            try:\n                value = method(self._driver)\n                if value:\n                    return value\n            except self._ignored_exceptions as exc:\n                screen = getattr(exc, \"screen\", None)\n                stacktrace = getattr(exc, \"stacktrace\", None)\n            time.sleep(self._poll)\n            if time.monotonic() > end_time:\n                break\n>       raise TimeoutException(message, screen, stacktrace)\nE       selenium.common.exceptions.TimeoutException: Message: Can't find element by locator https://www.brainup.site/groups\n\n/opt/hostedtoolcache/Python/3.12.12/x64/lib/python3.12/site-packages/selenium/webdriver/support/wait.py:95: TimeoutException\n\nDuring handling of the above exception, another exception occurred:\n\ndriver = <selenium.webdriver.chrome.webdriver.WebDriver (session=\"fcda4e625112886d4a0d6379ca27d9c7\")>\nmain_page_open = None\n\n    @pytest.fixture()\n    @allure.step('Auto test user authorized')\n    def auto_test_user_authorized(driver, main_page_open):\n        page = BasePage(driver)\n        page.element_is_present_and_clickable(MainPageLocators.LOGIN_BUTTON).click()\n        page.element_is_visible(LoginPageLocators.INPUT_LOGIN).send_keys(os.environ[\"LOGIN\"])\n        page.element_is_visible(LoginPageLocators.INPUT_PASSWORD).send_keys(os.environ[\"PASSWORD\"])\n        page.element_is_present_and_clickable(LoginPageLocators.SIGN_IN_BUTTON).click()\n>       page.check_expected_link(MainPageLinks.URL_GROUPS_PAGE)\n\ntests/conftest.py:178: \n_ _ _ _ _ _ _ _ _ _ _ _ _ _ _ _ _ _ _ _ _ _ _ _ _ _ _ _ _ _ _ _ _ _ _ _ _ _ _ _ \npages/base_page.py:84: in check_expected_link\n    return Wait(self.driver, self.timeout).until(\n_ _ _ _ _ _ _ _ _ _ _ _ _ _ _ _ _ _ _ _ _ _ _ _ _ _ _ _ _ _ _ _ _ _ _ _ _ _ _ _ \n\nself = <selenium.webdriver.support.wait.WebDriverWait (session=\"fcda4e625112886d4a0d6379ca27d9c7\")>\nmethod = <function url_to_be.<locals>._predicate at 0x7f626c5fe660>\nmessage = \"Can't find element by locator https://www.brainup.site/groups\"\n\n    def until(self, method, message: str = \"\"):\n        \"\"\"Calls the method provided with the driver as an argument until the \\\n        return value does not evaluate to ``False``.\n    \n        :param method: callable(WebDriver)\n        :param message: optional message for :exc:`TimeoutException`\n        :returns: the result of the last call to `method`\n        :raises: :exc:`selenium.common.exceptions.TimeoutException` if timeout occurs\n        \"\"\"\n        screen = None\n        stacktrace = None\n    \n        end_time = time.monotonic() + self._timeout\n        while True:\n            try:\n                value = method(self._driver)\n                if value:\n                    return value\n            except self._ignored_exceptions as exc:\n                screen = getattr(exc, \"screen\", None)\n                stacktrace = getattr(exc, \"stacktrace\", None)\n            time.sleep(self._poll)\n            if time.monotonic() > end_time:\n                break\n>       raise TimeoutException(message, screen, stacktrace)\nE       selenium.common.exceptions.TimeoutException: Message: Can't find element by locator https://www.brainup.site/groups\n\n/opt/hostedtoolcache/Python/3.12.12/x64/lib/python3.12/site-packages/selenium/webdriver/support/wait.py:95: TimeoutException","flaky":false,"newFailed":false,"newBroken":true,"newPassed":false,"retriesCount":0,"retriesStatusChange":false,"beforeStages":[{"name":"clear_allure_results_folder","time":{"start":1770983650425,"stop":1770983650425,"duration":0},"status":"passed","steps":[],"attachments":[],"parameters":[],"stepsCount":0,"shouldDisplayMessage":false,"attachmentsCount":0,"hasContent":false,"attachmentStep":false},{"name":"driver","time":{"start":1770983819495,"stop":1770983820239,"duration":744},"status":"passed","steps":[],"attachments":[],"parameters":[],"stepsCount":0,"shouldDisplayMessage":false,"attachmentsCount":0,"hasContent":false,"attachmentStep":false},{"name":"main_page_open","time":{"start":1770983820239,"stop":1770983822827,"duration":2588},"status":"passed","steps":[{"name":"Open page: https://www.brainup.site/","time":{"start":1770983820240,"stop":1770983822827,"duration":2587},"status":"passed","steps":[],"attachments":[],"parameters":[{"name":"driver","value":"<selenium.webdriver.chrome.webdriver.WebDriver (session=\"fcda4e625112886d4a0d6379ca27d9c7\")>"}],"stepsCount":0,"shouldDisplayMessage":false,"attachmentsCount":0,"hasContent":true,"attachmentStep":false}],"attachments":[],"parameters":[],"stepsCount":1,"shouldDisplayMessage":false,"attachmentsCount":0,"hasContent":true,"attachmentStep":false},{"name":"auto_test_user_authorized","time":{"start":1770983822827,"stop":1770983843346,"duration":20519},"status":"broken","statusMessage":"selenium.common.exceptions.TimeoutException: Message: Can't find element by locator https://www.brainup.site/groups\n\n","statusTrace":"  File \"/opt/hostedtoolcache/Python/3.12.12/x64/lib/python3.12/site-packages/pluggy/_callers.py\", line 38, in run_old_style_hookwrapper\n    res = yield\n          ^^^^^\n  File \"/opt/hostedtoolcache/Python/3.12.12/x64/lib/python3.12/site-packages/pluggy/_callers.py\", line 139, in _multicall\n    teardown.throw(exception)\n  File \"/opt/hostedtoolcache/Python/3.12.12/x64/lib/python3.12/site-packages/pluggy/_callers.py\", line 53, in run_old_style_hookwrapper\n    return result.get_result()\n           ^^^^^^^^^^^^^^^^^^^\n  File \"/opt/hostedtoolcache/Python/3.12.12/x64/lib/python3.12/site-packages/pluggy/_result.py\", line 103, in get_result\n    raise exc.with_traceback(tb)\n  File \"/opt/hostedtoolcache/Python/3.12.12/x64/lib/python3.12/site-packages/pluggy/_callers.py\", line 38, in run_old_style_hookwrapper\n    res = yield\n          ^^^^^\n  File \"/opt/hostedtoolcache/Python/3.12.12/x64/lib/python3.12/site-packages/pluggy/_callers.py\", line 121, in _multicall\n    res = hook_impl.function(*args)\n          ^^^^^^^^^^^^^^^^^^^^^^^^^\n  File \"/opt/hostedtoolcache/Python/3.12.12/x64/lib/python3.12/site-packages/_pytest/fixtures.py\", line 1123, in pytest_fixture_setup\n    result = call_fixture_func(fixturefunc, request, kwargs)\n             ^^^^^^^^^^^^^^^^^^^^^^^^^^^^^^^^^^^^^^^^^^^^^^^\n  File \"/opt/hostedtoolcache/Python/3.12.12/x64/lib/python3.12/site-packages/_pytest/fixtures.py\", line 902, in call_fixture_func\n    fixture_result = fixturefunc(**kwargs)\n                     ^^^^^^^^^^^^^^^^^^^^^\n  File \"/opt/hostedtoolcache/Python/3.12.12/x64/lib/python3.12/site-packages/allure_commons/_allure.py\", line 192, in impl\n    return func(*a, **kw)\n           ^^^^^^^^^^^^^^\n  File \"/home/runner/work/auto-tests-python/auto-tests-python/tests/conftest.py\", line 178, in auto_test_user_authorized\n    page.check_expected_link(MainPageLinks.URL_GROUPS_PAGE)\n  File \"/home/runner/work/auto-tests-python/auto-tests-python/pages/base_page.py\", line 84, in check_expected_link\n    return Wait(self.driver, self.timeout).until(\n           ^^^^^^^^^^^^^^^^^^^^^^^^^^^^^^^^^^^^^^\n  File \"/opt/hostedtoolcache/Python/3.12.12/x64/lib/python3.12/site-packages/selenium/webdriver/support/wait.py\", line 95, in until\n    raise TimeoutException(message, screen, stacktrace)\n","steps":[{"name":"Auto test user authorized","time":{"start":1770983822828,"stop":1770983843346,"duration":20518},"status":"broken","statusMessage":"selenium.common.exceptions.TimeoutException: Message: Can't find element by locator https://www.brainup.site/groups\n\n","statusTrace":"  File \"/opt/hostedtoolcache/Python/3.12.12/x64/lib/python3.12/site-packages/allure_commons/_allure.py\", line 192, in impl\n    return func(*a, **kw)\n           ^^^^^^^^^^^^^^\n  File \"/home/runner/work/auto-tests-python/auto-tests-python/tests/conftest.py\", line 178, in auto_test_user_authorized\n    page.check_expected_link(MainPageLinks.URL_GROUPS_PAGE)\n  File \"/home/runner/work/auto-tests-python/auto-tests-python/pages/base_page.py\", line 84, in check_expected_link\n    return Wait(self.driver, self.timeout).until(\n           ^^^^^^^^^^^^^^^^^^^^^^^^^^^^^^^^^^^^^^\n  File \"/opt/hostedtoolcache/Python/3.12.12/x64/lib/python3.12/site-packages/selenium/webdriver/support/wait.py\", line 95, in until\n    raise TimeoutException(message, screen, stacktrace)\n","steps":[{"name":"Check url is present: https://www.brainup.site/groups","time":{"start":1770983823197,"stop":1770983843345,"duration":20148},"status":"broken","statusMessage":"selenium.common.exceptions.TimeoutException: Message: Can't find element by locator https://www.brainup.site/groups\n\n","statusTrace":"  File \"/home/runner/work/auto-tests-python/auto-tests-python/pages/base_page.py\", line 84, in check_expected_link\n    return Wait(self.driver, self.timeout).until(\n           ^^^^^^^^^^^^^^^^^^^^^^^^^^^^^^^^^^^^^^\n  File \"/opt/hostedtoolcache/Python/3.12.12/x64/lib/python3.12/site-packages/selenium/webdriver/support/wait.py\", line 95, in until\n    raise TimeoutException(message, screen, stacktrace)\n","steps":[],"attachments":[],"parameters":[],"stepsCount":0,"shouldDisplayMessage":true,"attachmentsCount":0,"hasContent":true,"attachmentStep":false}],"attachments":[],"parameters":[{"name":"driver","value":"<selenium.webdriver.chrome.webdriver.WebDriver (session=\"fcda4e625112886d4a0d6379ca27d9c7\")>"},{"name":"main_page_open","value":"None"}],"stepsCount":1,"shouldDisplayMessage":false,"attachmentsCount":0,"hasContent":true,"attachmentStep":false}],"attachments":[],"parameters":[],"stepsCount":2,"shouldDisplayMessage":false,"attachmentsCount":0,"hasContent":true,"attachmentStep":false}],"afterStages":[{"name":"driver::0","time":{"start":1770983843363,"stop":1770983843427,"duration":64},"status":"passed","steps":[],"attachments":[],"parameters":[],"stepsCount":0,"shouldDisplayMessage":false,"attachmentsCount":0,"hasContent":false,"attachmentStep":false}],"labels":[{"name":"epic","value":"The Exercises 'Similar phrases' Page on the 'ru' local"},{"name":"parentSuite","value":"tests"},{"name":"suite","value":"exercises_ru_similar_phrases_page_test"},{"name":"subSuite","value":"TestExercisesRuSimilarPhrasesPage"},{"name":"host","value":"runnervmjduv7"},{"name":"thread","value":"2702-MainThread"},{"name":"framework","value":"pytest"},{"name":"language","value":"cpython3"},{"name":"package","value":"tests.exercises_ru_similar_phrases_page_test"},{"name":"resultFormat","value":"allure2"}],"parameters":[],"links":[],"hidden":false,"retry":false,"extra":{"severity":"normal","retries":[],"categories":[{"name":"Test defects","matchedStatuses":[],"flaky":false}],"history":{"statistic":{"failed":0,"broken":3,"skipped":0,"passed":31,"unknown":0,"total":34},"items":[{"uid":"7ee74390519fd65d","reportUrl":"https://Brain-up.github.io/auto-tests-python/823/#testresult/7ee74390519fd65d","status":"passed","time":{"start":1770896496307,"stop":1770896496758,"duration":451}},{"uid":"690b7ec27904558d","reportUrl":"https://Brain-up.github.io/auto-tests-python/822/#testresult/690b7ec27904558d","status":"passed","time":{"start":1770835141693,"stop":1770835142191,"duration":498}},{"uid":"fd99cca60cbee558","reportUrl":"https://Brain-up.github.io/auto-tests-python/821/#testresult/fd99cca60cbee558","status":"passed","time":{"start":1770551245941,"stop":1770551246386,"duration":445}},{"uid":"79c8b2624799c465","reportUrl":"https://Brain-up.github.io/auto-tests-python/820/#testresult/79c8b2624799c465","status":"passed","time":{"start":1770488514505,"stop":1770488514952,"duration":447}},{"uid":"6939db9127828742","reportUrl":"https://Brain-up.github.io/auto-tests-python/819/#testresult/6939db9127828742","status":"passed","time":{"start":1770375872301,"stop":1770375872761,"duration":460}},{"uid":"ff17ba4769bf8135","reportUrl":"https://Brain-up.github.io/auto-tests-python/818/#testresult/ff17ba4769bf8135","status":"passed","time":{"start":1770118330958,"stop":1770118331416,"duration":458}},{"uid":"a15da89fa9f96577","reportUrl":"https://Brain-up.github.io/auto-tests-python/817/#testresult/a15da89fa9f96577","status":"passed","time":{"start":1769944627070,"stop":1769944627524,"duration":454}},{"uid":"3e80c7dc33e1391c","reportUrl":"https://Brain-up.github.io/auto-tests-python/816/#testresult/3e80c7dc33e1391c","status":"passed","time":{"start":1769858478083,"stop":1769858478534,"duration":451}},{"uid":"534ec217acbda401","reportUrl":"https://Brain-up.github.io/auto-tests-python/816/#testresult/534ec217acbda401","status":"passed","time":{"start":1769784091269,"stop":1769784091727,"duration":458}},{"uid":"a0d9275a4e0d0ef6","reportUrl":"https://Brain-up.github.io/auto-tests-python/815/#testresult/a0d9275a4e0d0ef6","status":"passed","time":{"start":1769687833676,"stop":1769687834095,"duration":419}},{"uid":"5e24fa6add527d4e","reportUrl":"https://Brain-up.github.io/auto-tests-python/814/#testresult/5e24fa6add527d4e","status":"passed","time":{"start":1769599794214,"stop":1769599794659,"duration":445}},{"uid":"b868e6e37ed0789f","reportUrl":"https://Brain-up.github.io/auto-tests-python/814/#testresult/b868e6e37ed0789f","status":"passed","time":{"start":1769551646580,"stop":1769551647031,"duration":451}},{"uid":"aac465c228ef0341","reportUrl":"https://Brain-up.github.io/auto-tests-python/814/#testresult/aac465c228ef0341","status":"passed","time":{"start":1769543322779,"stop":1769543323258,"duration":479}},{"uid":"4224c89ebfb42787","reportUrl":"https://Brain-up.github.io/auto-tests-python/813/#testresult/4224c89ebfb42787","status":"passed","time":{"start":1769424833048,"stop":1769424833509,"duration":461}},{"uid":"72d5cc9c6317f625","reportUrl":"https://Brain-up.github.io/auto-tests-python/812/#testresult/72d5cc9c6317f625","status":"passed","time":{"start":1769335172099,"stop":1769335172554,"duration":455}},{"uid":"ef8b1d7b3c78f33a","reportUrl":"https://Brain-up.github.io/auto-tests-python/811/#testresult/ef8b1d7b3c78f33a","status":"passed","time":{"start":1769251814224,"stop":1769251814639,"duration":415}},{"uid":"4c258ac57a5aca93","reportUrl":"https://Brain-up.github.io/auto-tests-python/810/#testresult/4c258ac57a5aca93","status":"passed","time":{"start":1769070371328,"stop":1769070371787,"duration":459}},{"uid":"ba21d8108f9d9ba0","reportUrl":"https://Brain-up.github.io/auto-tests-python/809/#testresult/ba21d8108f9d9ba0","status":"passed","time":{"start":1768988375058,"stop":1768988375536,"duration":478}},{"uid":"26b5e38480550ce1","reportUrl":"https://Brain-up.github.io/auto-tests-python/808/#testresult/26b5e38480550ce1","status":"broken","statusDetails":"selenium.common.exceptions.TimeoutException: Message:","time":{"start":1768905581210,"stop":1768905581210,"duration":0}},{"uid":"6f22844e040d09a8","reportUrl":"https://Brain-up.github.io/auto-tests-python/807/#testresult/6f22844e040d09a8","status":"passed","time":{"start":1768820104152,"stop":1768820104608,"duration":456}}]},"tags":[]},"source":"7bc6b9b215ce1ade.json","parameterValues":[]}