{"uid":"946b3b8cfaa288d3","name":"Solutions to a random task in the \"Слова Королёвой\" .","fullName":"tests.test_speech_exercises_ru.TestCardsRU#test_solve_koroleva_cards_ru","historyId":"c9fe4fbd9394e2fb5a6898be66ba433b","time":{"start":1770984934291,"stop":1770984944554,"duration":10263},"status":"skipped","statusMessage":"XFAIL\n\nselenium.common.exceptions.TimeoutException: Message: Can't find element by locator ('xpath', '//a[text()=\"Упражнения\"]')\nStacktrace:\n#0 0x55c586212a4a <unknown>\n#1 0x55c585c2b6a2 <unknown>\n#2 0x55c585c80a8d <unknown>\n#3 0x55c585c80cd1 <unknown>\n#4 0x55c585ccc5c4 <unknown>\n#5 0x55c585cc97f0 <unknown>\n#6 0x55c585c728b2 <unknown>\n#7 0x55c585c736a1 <unknown>\n#8 0x55c5861d88a9 <unknown>\n#9 0x55c5861db7b1 <unknown>\n#10 0x55c5861c4ea9 <unknown>\n#11 0x55c5861dc36e <unknown>\n#12 0x55c5861ab410 <unknown>\n#13 0x55c5862000c8 <unknown>\n#14 0x55c58620029b <unknown>\n#15 0x55c586211db8 <unknown>\n#16 0x7f853989caa4 <unknown>\n#17 0x7f8539929c6c <unknown>","statusTrace":"self = <tests.test_speech_exercises_ru.TestCardsRU object at 0x7f626c700b00>\ndriver = <selenium.webdriver.chrome.webdriver.WebDriver (session=\"65e8c51b193340173f382ab48c909ed0\")>\ndefault_user_authorized = None\n\n    @pytest.mark.xfail\n    @allure.suite(\"Речевые упражнения.\")\n    @allure.title('Solutions to a random task in the \"Слова Королёвой\" .')\n    def test_solve_koroleva_cards_ru(self, driver, default_user_authorized):\n        page = SpeechExercisesPageRU(driver)\n>       page.click_button_exercises()\n\ntests/test_speech_exercises_ru.py:144: \n_ _ _ _ _ _ _ _ _ _ _ _ _ _ _ _ _ _ _ _ _ _ _ _ _ _ _ _ _ _ _ _ _ _ _ _ _ _ _ _ \npages/speech_exercises_page_ru.py:199: in click_button_exercises\n    button = self.element_is_present_and_clickable(self.locators.AuthorizedUserHomePageLocators.BUTTON_EXERCISES_RU)\npages/base_page.py:40: in element_is_present_and_clickable\n    return (Wait(self.driver, self.timeout).until(\n_ _ _ _ _ _ _ _ _ _ _ _ _ _ _ _ _ _ _ _ _ _ _ _ _ _ _ _ _ _ _ _ _ _ _ _ _ _ _ _ \n\nself = <selenium.webdriver.support.wait.WebDriverWait (session=\"65e8c51b193340173f382ab48c909ed0\")>\nmethod = <function visibility_of_element_located.<locals>._predicate at 0x7f626c579f80>\nmessage = 'Can\\'t find element by locator (\\'xpath\\', \\'//a[text()=\"Упражнения\"]\\')'\n\n    def until(self, method, message: str = \"\"):\n        \"\"\"Calls the method provided with the driver as an argument until the \\\n        return value does not evaluate to ``False``.\n    \n        :param method: callable(WebDriver)\n        :param message: optional message for :exc:`TimeoutException`\n        :returns: the result of the last call to `method`\n        :raises: :exc:`selenium.common.exceptions.TimeoutException` if timeout occurs\n        \"\"\"\n        screen = None\n        stacktrace = None\n    \n        end_time = time.monotonic() + self._timeout\n        while True:\n            try:\n                value = method(self._driver)\n                if value:\n                    return value\n            except self._ignored_exceptions as exc:\n                screen = getattr(exc, \"screen\", None)\n                stacktrace = getattr(exc, \"stacktrace\", None)\n            time.sleep(self._poll)\n            if time.monotonic() > end_time:\n                break\n>       raise TimeoutException(message, screen, stacktrace)\nE       selenium.common.exceptions.TimeoutException: Message: Can't find element by locator ('xpath', '//a[text()=\"Упражнения\"]')\nE       Stacktrace:\nE       #0 0x55c586212a4a <unknown>\nE       #1 0x55c585c2b6a2 <unknown>\nE       #2 0x55c585c80a8d <unknown>\nE       #3 0x55c585c80cd1 <unknown>\nE       #4 0x55c585ccc5c4 <unknown>\nE       #5 0x55c585cc97f0 <unknown>\nE       #6 0x55c585c728b2 <unknown>\nE       #7 0x55c585c736a1 <unknown>\nE       #8 0x55c5861d88a9 <unknown>\nE       #9 0x55c5861db7b1 <unknown>\nE       #10 0x55c5861c4ea9 <unknown>\nE       #11 0x55c5861dc36e <unknown>\nE       #12 0x55c5861ab410 <unknown>\nE       #13 0x55c5862000c8 <unknown>\nE       #14 0x55c58620029b <unknown>\nE       #15 0x55c586211db8 <unknown>\nE       #16 0x7f853989caa4 <unknown>\nE       #17 0x7f8539929c6c <unknown>\n\n/opt/hostedtoolcache/Python/3.12.12/x64/lib/python3.12/site-packages/selenium/webdriver/support/wait.py:95: TimeoutException","flaky":false,"newFailed":false,"newBroken":false,"newPassed":false,"retriesCount":0,"retriesStatusChange":false,"beforeStages":[{"name":"clear_allure_results_folder","time":{"start":1770983650425,"stop":1770983650425,"duration":0},"status":"passed","steps":[],"attachments":[],"parameters":[],"stepsCount":0,"shouldDisplayMessage":false,"attachmentsCount":0,"hasContent":false,"attachmentStep":false},{"name":"driver","time":{"start":1770984928159,"stop":1770984928895,"duration":736},"status":"passed","steps":[],"attachments":[],"parameters":[],"stepsCount":0,"shouldDisplayMessage":false,"attachmentsCount":0,"hasContent":false,"attachmentStep":false},{"name":"main_page_open","time":{"start":1770984928895,"stop":1770984931891,"duration":2996},"status":"passed","steps":[{"name":"Open page: https://www.brainup.site/","time":{"start":1770984928896,"stop":1770984931891,"duration":2995},"status":"passed","steps":[],"attachments":[],"parameters":[{"name":"driver","value":"<selenium.webdriver.chrome.webdriver.WebDriver (session=\"65e8c51b193340173f382ab48c909ed0\")>"}],"stepsCount":0,"shouldDisplayMessage":false,"attachmentsCount":0,"hasContent":true,"attachmentStep":false}],"attachments":[],"parameters":[],"stepsCount":1,"shouldDisplayMessage":false,"attachmentsCount":0,"hasContent":true,"attachmentStep":false},{"name":"default_user_authorized","time":{"start":1770984931892,"stop":1770984934291,"duration":2399},"status":"passed","steps":[{"name":"DEFAULT user authorized","time":{"start":1770984931892,"stop":1770984934290,"duration":2398},"status":"passed","steps":[{"name":"Check url is present: https://www.brainup.site/groups","time":{"start":1770984932243,"stop":1770984934268,"duration":2025},"status":"passed","steps":[],"attachments":[],"parameters":[],"stepsCount":0,"shouldDisplayMessage":false,"attachmentsCount":0,"hasContent":false,"attachmentStep":false},{"name":"Loader checking","time":{"start":1770984934268,"stop":1770984934290,"duration":22},"status":"passed","steps":[],"attachments":[],"parameters":[],"stepsCount":0,"shouldDisplayMessage":false,"attachmentsCount":0,"hasContent":false,"attachmentStep":false}],"attachments":[],"parameters":[{"name":"driver","value":"<selenium.webdriver.chrome.webdriver.WebDriver (session=\"65e8c51b193340173f382ab48c909ed0\")>"},{"name":"main_page_open","value":"None"}],"stepsCount":2,"shouldDisplayMessage":false,"attachmentsCount":0,"hasContent":true,"attachmentStep":false}],"attachments":[],"parameters":[],"stepsCount":3,"shouldDisplayMessage":false,"attachmentsCount":0,"hasContent":true,"attachmentStep":false}],"testStage":{"status":"skipped","statusMessage":"XFAIL\n\nselenium.common.exceptions.TimeoutException: Message: Can't find element by locator ('xpath', '//a[text()=\"Упражнения\"]')\nStacktrace:\n#0 0x55c586212a4a <unknown>\n#1 0x55c585c2b6a2 <unknown>\n#2 0x55c585c80a8d <unknown>\n#3 0x55c585c80cd1 <unknown>\n#4 0x55c585ccc5c4 <unknown>\n#5 0x55c585cc97f0 <unknown>\n#6 0x55c585c728b2 <unknown>\n#7 0x55c585c736a1 <unknown>\n#8 0x55c5861d88a9 <unknown>\n#9 0x55c5861db7b1 <unknown>\n#10 0x55c5861c4ea9 <unknown>\n#11 0x55c5861dc36e <unknown>\n#12 0x55c5861ab410 <unknown>\n#13 0x55c5862000c8 <unknown>\n#14 0x55c58620029b <unknown>\n#15 0x55c586211db8 <unknown>\n#16 0x7f853989caa4 <unknown>\n#17 0x7f8539929c6c <unknown>","statusTrace":"self = <tests.test_speech_exercises_ru.TestCardsRU object at 0x7f626c700b00>\ndriver = <selenium.webdriver.chrome.webdriver.WebDriver (session=\"65e8c51b193340173f382ab48c909ed0\")>\ndefault_user_authorized = None\n\n    @pytest.mark.xfail\n    @allure.suite(\"Речевые упражнения.\")\n    @allure.title('Solutions to a random task in the \"Слова Королёвой\" .')\n    def test_solve_koroleva_cards_ru(self, driver, default_user_authorized):\n        page = SpeechExercisesPageRU(driver)\n>       page.click_button_exercises()\n\ntests/test_speech_exercises_ru.py:144: \n_ _ _ _ _ _ _ _ _ _ _ _ _ _ _ _ _ _ _ _ _ _ _ _ _ _ _ _ _ _ _ _ _ _ _ _ _ _ _ _ \npages/speech_exercises_page_ru.py:199: in click_button_exercises\n    button = self.element_is_present_and_clickable(self.locators.AuthorizedUserHomePageLocators.BUTTON_EXERCISES_RU)\npages/base_page.py:40: in element_is_present_and_clickable\n    return (Wait(self.driver, self.timeout).until(\n_ _ _ _ _ _ _ _ _ _ _ _ _ _ _ _ _ _ _ _ _ _ _ _ _ _ _ _ _ _ _ _ _ _ _ _ _ _ _ _ \n\nself = <selenium.webdriver.support.wait.WebDriverWait (session=\"65e8c51b193340173f382ab48c909ed0\")>\nmethod = <function visibility_of_element_located.<locals>._predicate at 0x7f626c579f80>\nmessage = 'Can\\'t find element by locator (\\'xpath\\', \\'//a[text()=\"Упражнения\"]\\')'\n\n    def until(self, method, message: str = \"\"):\n        \"\"\"Calls the method provided with the driver as an argument until the \\\n        return value does not evaluate to ``False``.\n    \n        :param method: callable(WebDriver)\n        :param message: optional message for :exc:`TimeoutException`\n        :returns: the result of the last call to `method`\n        :raises: :exc:`selenium.common.exceptions.TimeoutException` if timeout occurs\n        \"\"\"\n        screen = None\n        stacktrace = None\n    \n        end_time = time.monotonic() + self._timeout\n        while True:\n            try:\n                value = method(self._driver)\n                if value:\n                    return value\n            except self._ignored_exceptions as exc:\n                screen = getattr(exc, \"screen\", None)\n                stacktrace = getattr(exc, \"stacktrace\", None)\n            time.sleep(self._poll)\n            if time.monotonic() > end_time:\n                break\n>       raise TimeoutException(message, screen, stacktrace)\nE       selenium.common.exceptions.TimeoutException: Message: Can't find element by locator ('xpath', '//a[text()=\"Упражнения\"]')\nE       Stacktrace:\nE       #0 0x55c586212a4a <unknown>\nE       #1 0x55c585c2b6a2 <unknown>\nE       #2 0x55c585c80a8d <unknown>\nE       #3 0x55c585c80cd1 <unknown>\nE       #4 0x55c585ccc5c4 <unknown>\nE       #5 0x55c585cc97f0 <unknown>\nE       #6 0x55c585c728b2 <unknown>\nE       #7 0x55c585c736a1 <unknown>\nE       #8 0x55c5861d88a9 <unknown>\nE       #9 0x55c5861db7b1 <unknown>\nE       #10 0x55c5861c4ea9 <unknown>\nE       #11 0x55c5861dc36e <unknown>\nE       #12 0x55c5861ab410 <unknown>\nE       #13 0x55c5862000c8 <unknown>\nE       #14 0x55c58620029b <unknown>\nE       #15 0x55c586211db8 <unknown>\nE       #16 0x7f853989caa4 <unknown>\nE       #17 0x7f8539929c6c <unknown>\n\n/opt/hostedtoolcache/Python/3.12.12/x64/lib/python3.12/site-packages/selenium/webdriver/support/wait.py:95: TimeoutException","steps":[{"name":"Click button \"Упражнения\".","time":{"start":1770984934291,"stop":1770984944554,"duration":10263},"status":"broken","statusMessage":"selenium.common.exceptions.TimeoutException: Message: Can't find element by locator ('xpath', '//a[text()=\"Упражнения\"]')\nStacktrace:\n#0 0x55c586212a4a <unknown>\n#1 0x55c585c2b6a2 <unknown>\n#2 0x55c585c80a8d <unknown>\n#3 0x55c585c80cd1 <unknown>\n#4 0x55c585ccc5c4 <unknown>\n#5 0x55c585cc97f0 <unknown>\n#6 0x55c585c728b2 <unknown>\n#7 0x55c585c736a1 <unknown>\n#8 0x55c5861d88a9 <unknown>\n#9 0x55c5861db7b1 <unknown>\n#10 0x55c5861c4ea9 <unknown>\n#11 0x55c5861dc36e <unknown>\n#12 0x55c5861ab410 <unknown>\n#13 0x55c5862000c8 <unknown>\n#14 0x55c58620029b <unknown>\n#15 0x55c586211db8 <unknown>\n#16 0x7f853989caa4 <unknown>\n#17 0x7f8539929c6c <unknown>\n\n","statusTrace":"  File \"/opt/hostedtoolcache/Python/3.12.12/x64/lib/python3.12/site-packages/allure_commons/_allure.py\", line 192, in impl\n    return func(*a, **kw)\n           ^^^^^^^^^^^^^^\n  File \"/home/runner/work/auto-tests-python/auto-tests-python/pages/speech_exercises_page_ru.py\", line 199, in click_button_exercises\n    button = self.element_is_present_and_clickable(self.locators.AuthorizedUserHomePageLocators.BUTTON_EXERCISES_RU)\n             ^^^^^^^^^^^^^^^^^^^^^^^^^^^^^^^^^^^^^^^^^^^^^^^^^^^^^^^^^^^^^^^^^^^^^^^^^^^^^^^^^^^^^^^^^^^^^^^^^^^^^^^\n  File \"/home/runner/work/auto-tests-python/auto-tests-python/pages/base_page.py\", line 40, in element_is_present_and_clickable\n    return (Wait(self.driver, self.timeout).until(\n            ^^^^^^^^^^^^^^^^^^^^^^^^^^^^^^^^^^^^^^\n  File \"/opt/hostedtoolcache/Python/3.12.12/x64/lib/python3.12/site-packages/selenium/webdriver/support/wait.py\", line 95, in until\n    raise TimeoutException(message, screen, stacktrace)\n","steps":[{"name":"Click button \"RU\".","time":{"start":1770984934291,"stop":1770984934357,"duration":66},"status":"passed","steps":[],"attachments":[],"parameters":[],"stepsCount":0,"shouldDisplayMessage":false,"attachmentsCount":0,"hasContent":false,"attachmentStep":false}],"attachments":[],"parameters":[],"stepsCount":1,"shouldDisplayMessage":true,"attachmentsCount":0,"hasContent":true,"attachmentStep":false}],"attachments":[],"parameters":[],"stepsCount":2,"shouldDisplayMessage":true,"attachmentsCount":0,"hasContent":true,"attachmentStep":false},"afterStages":[{"name":"driver::0","time":{"start":1770984944567,"stop":1770984944633,"duration":66},"status":"passed","steps":[],"attachments":[],"parameters":[],"stepsCount":0,"shouldDisplayMessage":false,"attachmentsCount":0,"hasContent":false,"attachmentStep":false}],"labels":[{"name":"epic","value":"Speech exercises."},{"name":"suite","value":"Речевые упражнения."},{"name":"tag","value":"@pytest.mark.xfail"},{"name":"parentSuite","value":"tests"},{"name":"subSuite","value":"TestCardsRU"},{"name":"host","value":"runnervmjduv7"},{"name":"thread","value":"2702-MainThread"},{"name":"framework","value":"pytest"},{"name":"language","value":"cpython3"},{"name":"package","value":"tests.test_speech_exercises_ru"},{"name":"resultFormat","value":"allure2"}],"parameters":[],"links":[],"hidden":false,"retry":false,"extra":{"severity":"normal","retries":[],"categories":[],"history":{"statistic":{"failed":0,"broken":0,"skipped":28,"passed":6,"unknown":0,"total":34},"items":[{"uid":"559e14a0de2cf3f","reportUrl":"https://Brain-up.github.io/auto-tests-python/823/#testresult/559e14a0de2cf3f","status":"skipped","statusDetails":"XFAIL\n\nselenium.common.exceptions.TimeoutException: Message: Can't find element by locator ('xpath', '//a[text()=\"Упражнения\"]')\nStacktrace:\n#0 0x558d02e944ba <unknown>\n#1 0x558d028fd492 <unknown>\n#2 0x558d029529b6 <unknown>\n#3 0x558d02952bf1 <unknown>\n#4 0x558d0299e4d4 <unknown>\n#5 0x558d0299b700 <unknown>\n#6 0x558d029446a2 <unknown>\n#7 0x558d02945491 <unknown>\n#8 0x558d02e5a479 <unknown>\n#9 0x558d02e5d391 <unknown>\n#10 0x558d02e46a89 <unknown>\n#11 0x558d02e5df4e <unknown>\n#12 0x558d02e2d070 <unknown>\n#13 0x558d02e81ca8 <unknown>\n#14 0x558d02e81e78 <unknown>\n#15 0x558d02e93828 <unknown>\n#16 0x7fb5d389caa4 <unknown>\n#17 0x7fb5d3929c6c <unknown>","time":{"start":1770897684701,"stop":1770897695108,"duration":10407}},{"uid":"e94333f4c4f90325","reportUrl":"https://Brain-up.github.io/auto-tests-python/822/#testresult/e94333f4c4f90325","status":"skipped","statusDetails":"XFAIL\n\nselenium.common.exceptions.TimeoutException: Message: Can't find element by locator ('xpath', '//a[text()=\"Упражнения\"]')\nStacktrace:\n#0 0x56180f3fd4ba <unknown>\n#1 0x56180ee66492 <unknown>\n#2 0x56180eebb9b6 <unknown>\n#3 0x56180eebbbf1 <unknown>\n#4 0x56180ef074d4 <unknown>\n#5 0x56180ef04700 <unknown>\n#6 0x56180eead6a2 <unknown>\n#7 0x56180eeae491 <unknown>\n#8 0x56180f3c3479 <unknown>\n#9 0x56180f3c6391 <unknown>\n#10 0x56180f3afa89 <unknown>\n#11 0x56180f3c6f4e <unknown>\n#12 0x56180f396070 <unknown>\n#13 0x56180f3eaca8 <unknown>\n#14 0x56180f3eae78 <unknown>\n#15 0x56180f3fc828 <unknown>\n#16 0x7f66f489caa4 <unknown>\n#17 0x7f66f4929c6c <unknown>","time":{"start":1770836411282,"stop":1770836421601,"duration":10319}},{"uid":"692b33b007bd76e0","reportUrl":"https://Brain-up.github.io/auto-tests-python/821/#testresult/692b33b007bd76e0","status":"skipped","statusDetails":"XFAIL\n\nselenium.common.exceptions.TimeoutException: Message: Can't find element by locator ('xpath', '//a[text()=\"Упражнения\"]')\nStacktrace:\n#0 0x5596469fd4ba <unknown>\n#1 0x559646466492 <unknown>\n#2 0x5596464bb9b6 <unknown>\n#3 0x5596464bbbf1 <unknown>\n#4 0x5596465074d4 <unknown>\n#5 0x559646504700 <unknown>\n#6 0x5596464ad6a2 <unknown>\n#7 0x5596464ae491 <unknown>\n#8 0x5596469c3479 <unknown>\n#9 0x5596469c6391 <unknown>\n#10 0x5596469afa89 <unknown>\n#11 0x5596469c6f4e <unknown>\n#12 0x559646996070 <unknown>\n#13 0x5596469eaca8 <unknown>\n#14 0x5596469eae78 <unknown>\n#15 0x5596469fc828 <unknown>\n#16 0x7f4387c9caa4 <unknown>\n#17 0x7f4387d29c6c <unknown>","time":{"start":1770552429551,"stop":1770552439905,"duration":10354}},{"uid":"11adab5b3dbd7689","reportUrl":"https://Brain-up.github.io/auto-tests-python/820/#testresult/11adab5b3dbd7689","status":"skipped","statusDetails":"XFAIL\n\nselenium.common.exceptions.TimeoutException: Message: Can't find element by locator ('xpath', '//a[text()=\"Упражнения\"]')\nStacktrace:\n#0 0x561cce1924ba <unknown>\n#1 0x561ccdbfb492 <unknown>\n#2 0x561ccdc509b6 <unknown>\n#3 0x561ccdc50bf1 <unknown>\n#4 0x561ccdc9c4d4 <unknown>\n#5 0x561ccdc99700 <unknown>\n#6 0x561ccdc426a2 <unknown>\n#7 0x561ccdc43491 <unknown>\n#8 0x561cce158479 <unknown>\n#9 0x561cce15b391 <unknown>\n#10 0x561cce144a89 <unknown>\n#11 0x561cce15bf4e <unknown>\n#12 0x561cce12b070 <unknown>\n#13 0x561cce17fca8 <unknown>\n#14 0x561cce17fe78 <unknown>\n#15 0x561cce191828 <unknown>\n#16 0x7fd6b389caa4 <unknown>\n#17 0x7fd6b3929c6c <unknown>","time":{"start":1770489671949,"stop":1770489682263,"duration":10314}},{"uid":"7c1bbf02b4989c09","reportUrl":"https://Brain-up.github.io/auto-tests-python/819/#testresult/7c1bbf02b4989c09","status":"skipped","statusDetails":"XFAIL\n\nselenium.common.exceptions.TimeoutException: Message: Can't find element by locator ('xpath', '//a[text()=\"Упражнения\"]')\nStacktrace:\n#0 0x5565e05dcafa <unknown>\n#1 0x5565dfff660f <unknown>\n#2 0x5565e004ba16 <unknown>\n#3 0x5565e004bc51 <unknown>\n#4 0x5565e0097404 <unknown>\n#5 0x5565e009462b <unknown>\n#6 0x5565e003d842 <unknown>\n#7 0x5565e003e631 <unknown>\n#8 0x5565e05a2689 <unknown>\n#9 0x5565e05a5581 <unknown>\n#10 0x5565e058eca9 <unknown>\n#11 0x5565e05a613e <unknown>\n#12 0x5565e05753a0 <unknown>\n#13 0x5565e05c9fc8 <unknown>\n#14 0x5565e05ca19b <unknown>\n#15 0x5565e05dbe68 <unknown>\n#16 0x7f084f09caa4 <unknown>\n#17 0x7f084f129c6c <unknown>","time":{"start":1770377127664,"stop":1770377137970,"duration":10306}},{"uid":"f8efaea804d434ab","reportUrl":"https://Brain-up.github.io/auto-tests-python/818/#testresult/f8efaea804d434ab","status":"skipped","statusDetails":"XFAIL\n\nselenium.common.exceptions.TimeoutException: Message: Can't find element by locator ('xpath', '//a[text()=\"Упражнения\"]')\nStacktrace:\n#0 0x55ab72d1fafa <unknown>\n#1 0x55ab7273960f <unknown>\n#2 0x55ab7278ea16 <unknown>\n#3 0x55ab7278ec51 <unknown>\n#4 0x55ab727da404 <unknown>\n#5 0x55ab727d762b <unknown>\n#6 0x55ab72780842 <unknown>\n#7 0x55ab72781631 <unknown>\n#8 0x55ab72ce5689 <unknown>\n#9 0x55ab72ce8581 <unknown>\n#10 0x55ab72cd1ca9 <unknown>\n#11 0x55ab72ce913e <unknown>\n#12 0x55ab72cb83a0 <unknown>\n#13 0x55ab72d0cfc8 <unknown>\n#14 0x55ab72d0d19b <unknown>\n#15 0x55ab72d1ee68 <unknown>\n#16 0x7fa81929caa4 <unknown>\n#17 0x7fa819329c6c <unknown>","time":{"start":1770119603073,"stop":1770119613386,"duration":10313}},{"uid":"dc9af024bb80ea45","reportUrl":"https://Brain-up.github.io/auto-tests-python/817/#testresult/dc9af024bb80ea45","status":"skipped","statusDetails":"XFAIL\n\nselenium.common.exceptions.TimeoutException: Message: Can't find element by locator ('xpath', '//a[text()=\"Упражнения\"]')\nStacktrace:\n#0 0x559d66ac7afa <unknown>\n#1 0x559d664e160f <unknown>\n#2 0x559d66536a16 <unknown>\n#3 0x559d66536c51 <unknown>\n#4 0x559d66582404 <unknown>\n#5 0x559d6657f62b <unknown>\n#6 0x559d66528842 <unknown>\n#7 0x559d66529631 <unknown>\n#8 0x559d66a8d689 <unknown>\n#9 0x559d66a90581 <unknown>\n#10 0x559d66a79ca9 <unknown>\n#11 0x559d66a9113e <unknown>\n#12 0x559d66a603a0 <unknown>\n#13 0x559d66ab4fc8 <unknown>\n#14 0x559d66ab519b <unknown>\n#15 0x559d66ac6e68 <unknown>\n#16 0x7f84e609caa4 <unknown>\n#17 0x7f84e6129c6c <unknown>","time":{"start":1769945859117,"stop":1769945869453,"duration":10336}},{"uid":"2c58e41d44ef9a8","reportUrl":"https://Brain-up.github.io/auto-tests-python/816/#testresult/2c58e41d44ef9a8","status":"skipped","statusDetails":"XFAIL\n\nselenium.common.exceptions.TimeoutException: Message: Can't find element by locator ('xpath', '//a[text()=\"Упражнения\"]')\nStacktrace:\n#0 0x56036c33fafa <unknown>\n#1 0x56036bd5960f <unknown>\n#2 0x56036bdaea16 <unknown>\n#3 0x56036bdaec51 <unknown>\n#4 0x56036bdfa404 <unknown>\n#5 0x56036bdf762b <unknown>\n#6 0x56036bda0842 <unknown>\n#7 0x56036bda1631 <unknown>\n#8 0x56036c305689 <unknown>\n#9 0x56036c308581 <unknown>\n#10 0x56036c2f1ca9 <unknown>\n#11 0x56036c30913e <unknown>\n#12 0x56036c2d83a0 <unknown>\n#13 0x56036c32cfc8 <unknown>\n#14 0x56036c32d19b <unknown>\n#15 0x56036c33ee68 <unknown>\n#16 0x7effcd29caa4 <unknown>\n#17 0x7effcd329c6c <unknown>","time":{"start":1769859812982,"stop":1769859823317,"duration":10335}},{"uid":"abd22dce7e70e710","reportUrl":"https://Brain-up.github.io/auto-tests-python/816/#testresult/abd22dce7e70e710","status":"skipped","statusDetails":"XFAIL\n\nselenium.common.exceptions.TimeoutException: Message: Can't find element by locator ('xpath', '//a[text()=\"Упражнения\"]')\nStacktrace:\n#0 0x55e5afe31afa <unknown>\n#1 0x55e5af84b60f <unknown>\n#2 0x55e5af8a0a16 <unknown>\n#3 0x55e5af8a0c51 <unknown>\n#4 0x55e5af8ec404 <unknown>\n#5 0x55e5af8e962b <unknown>\n#6 0x55e5af892842 <unknown>\n#7 0x55e5af893631 <unknown>\n#8 0x55e5afdf7689 <unknown>\n#9 0x55e5afdfa581 <unknown>\n#10 0x55e5afde3ca9 <unknown>\n#11 0x55e5afdfb13e <unknown>\n#12 0x55e5afdca3a0 <unknown>\n#13 0x55e5afe1efc8 <unknown>\n#14 0x55e5afe1f19b <unknown>\n#15 0x55e5afe30e68 <unknown>\n#16 0x7f80e9e9caa4 <unknown>\n#17 0x7f80e9f29c6c <unknown>","time":{"start":1769785180798,"stop":1769785191115,"duration":10317}},{"uid":"76d9658504ed969","reportUrl":"https://Brain-up.github.io/auto-tests-python/815/#testresult/76d9658504ed969","status":"passed","statusDetails":"XPASS","time":{"start":1769689051146,"stop":1769689073771,"duration":22625}},{"uid":"6061c1d5ce23b0ca","reportUrl":"https://Brain-up.github.io/auto-tests-python/814/#testresult/6061c1d5ce23b0ca","status":"passed","statusDetails":"XPASS","time":{"start":1769600979206,"stop":1769601027413,"duration":48207}},{"uid":"8bc687ce6000308e","reportUrl":"https://Brain-up.github.io/auto-tests-python/814/#testresult/8bc687ce6000308e","status":"skipped","statusDetails":"XFAIL\n\nselenium.common.exceptions.TimeoutException: Message: Can't find element by locator ('xpath', '//a[text()=\"Упражнения\"]')\nStacktrace:\n#0 0x55c4de334c3a <unknown>\n#1 0x55c4ddd4e969 <unknown>\n#2 0x55c4ddda3ead <unknown>\n#3 0x55c4ddda40f1 <unknown>\n#4 0x55c4dddef7e4 <unknown>\n#5 0x55c4dddeca20 <unknown>\n#6 0x55c4ddd95be2 <unknown>\n#7 0x55c4ddd96991 <unknown>\n#8 0x55c4de2faa99 <unknown>\n#9 0x55c4de2fd9b1 <unknown>\n#10 0x55c4de2e70a9 <unknown>\n#11 0x55c4de2fe56e <unknown>\n#12 0x55c4de2cd5e0 <unknown>\n#13 0x55c4de322358 <unknown>\n#14 0x55c4de322528 <unknown>\n#15 0x55c4de333fa8 <unknown>\n#16 0x7fd25889caa4 <unknown>\n#17 0x7fd258929c6c <unknown>","time":{"start":1769552687153,"stop":1769552697481,"duration":10328}},{"uid":"cdf4a6dd8ffc3050","reportUrl":"https://Brain-up.github.io/auto-tests-python/814/#testresult/cdf4a6dd8ffc3050","status":"passed","statusDetails":"XPASS","time":{"start":1769545385802,"stop":1769545409504,"duration":23702}},{"uid":"844d64e910ea2719","reportUrl":"https://Brain-up.github.io/auto-tests-python/813/#testresult/844d64e910ea2719","status":"passed","statusDetails":"XPASS","time":{"start":1769425945636,"stop":1769426180858,"duration":235222}},{"uid":"a25dcbd3aaaa8070","reportUrl":"https://Brain-up.github.io/auto-tests-python/812/#testresult/a25dcbd3aaaa8070","status":"skipped","statusDetails":"XFAIL\n\nselenium.common.exceptions.TimeoutException: Message: Can't find element by locator ('xpath', '//a[text()=\"Упражнения\"]')\nStacktrace:\n#0 0x562567018c3a <unknown>\n#1 0x562566a32969 <unknown>\n#2 0x562566a87ead <unknown>\n#3 0x562566a880f1 <unknown>\n#4 0x562566ad37e4 <unknown>\n#5 0x562566ad0a20 <unknown>\n#6 0x562566a79be2 <unknown>\n#7 0x562566a7a991 <unknown>\n#8 0x562566fdea99 <unknown>\n#9 0x562566fe19b1 <unknown>\n#10 0x562566fcb0a9 <unknown>\n#11 0x562566fe256e <unknown>\n#12 0x562566fb15e0 <unknown>\n#13 0x562567006358 <unknown>\n#14 0x562567006528 <unknown>\n#15 0x562567017fa8 <unknown>\n#16 0x7f56a7c9caa4 <unknown>\n#17 0x7f56a7d29c6c <unknown>","time":{"start":1769336227067,"stop":1769336237370,"duration":10303}},{"uid":"4993a66dfaf4a2ae","reportUrl":"https://Brain-up.github.io/auto-tests-python/811/#testresult/4993a66dfaf4a2ae","status":"skipped","statusDetails":"XFAIL\n\nselenium.common.exceptions.TimeoutException: Message: Can't find element by locator ('xpath', '//a[text()=\"Упражнения\"]')\nStacktrace:\n#0 0x557eaeef8c3a <unknown>\n#1 0x557eae912969 <unknown>\n#2 0x557eae967ead <unknown>\n#3 0x557eae9680f1 <unknown>\n#4 0x557eae9b37e4 <unknown>\n#5 0x557eae9b0a20 <unknown>\n#6 0x557eae959be2 <unknown>\n#7 0x557eae95a991 <unknown>\n#8 0x557eaeebea99 <unknown>\n#9 0x557eaeec19b1 <unknown>\n#10 0x557eaeeab0a9 <unknown>\n#11 0x557eaeec256e <unknown>\n#12 0x557eaee915e0 <unknown>\n#13 0x557eaeee6358 <unknown>\n#14 0x557eaeee6528 <unknown>\n#15 0x557eaeef7fa8 <unknown>\n#16 0x7f26abc9caa4 <unknown>\n#17 0x7f26abd29c6c <unknown>","time":{"start":1769252919762,"stop":1769252930004,"duration":10242}},{"uid":"78045d2f5c4c9661","reportUrl":"https://Brain-up.github.io/auto-tests-python/810/#testresult/78045d2f5c4c9661","status":"skipped","statusDetails":"XFAIL\n\nselenium.common.exceptions.TimeoutException: Message: Can't find element by locator ('xpath', '//a[text()=\"Упражнения\"]')\nStacktrace:\n#0 0x55b27445640a <unknown>\n#1 0x55b273e8a76b <unknown>\n#2 0x55b273edbe88 <unknown>\n#3 0x55b273edc0c1 <unknown>\n#4 0x55b273f2a2c4 <unknown>\n#5 0x55b273f27760 <unknown>\n#6 0x55b273ece7b2 <unknown>\n#7 0x55b273ecf461 <unknown>\n#8 0x55b27441edf9 <unknown>\n#9 0x55b274421d5d <unknown>\n#10 0x55b274407b41 <unknown>\n#11 0x55b27442293b <unknown>\n#12 0x55b2743ee870 <unknown>\n#13 0x55b274443828 <unknown>\n#14 0x55b2744439fc <unknown>\n#15 0x55b274455763 <unknown>\n#16 0x7f551789caa4 <unknown>\n#17 0x7f5517929c6c <unknown>","time":{"start":1769071612404,"stop":1769071622715,"duration":10311}},{"uid":"a82f22bc8cb2451d","reportUrl":"https://Brain-up.github.io/auto-tests-python/809/#testresult/a82f22bc8cb2451d","status":"skipped","statusDetails":"XFAIL\n\nselenium.common.exceptions.TimeoutException: Message: Can't find element by locator ('xpath', '//a[text()=\"Упражнения\"]')\nStacktrace:\n#0 0x55fdb69af40a <unknown>\n#1 0x55fdb63e376b <unknown>\n#2 0x55fdb6434e88 <unknown>\n#3 0x55fdb64350c1 <unknown>\n#4 0x55fdb64832c4 <unknown>\n#5 0x55fdb6480760 <unknown>\n#6 0x55fdb64277b2 <unknown>\n#7 0x55fdb6428461 <unknown>\n#8 0x55fdb6977df9 <unknown>\n#9 0x55fdb697ad5d <unknown>\n#10 0x55fdb6960b41 <unknown>\n#11 0x55fdb697b93b <unknown>\n#12 0x55fdb6947870 <unknown>\n#13 0x55fdb699c828 <unknown>\n#14 0x55fdb699c9fc <unknown>\n#15 0x55fdb69ae763 <unknown>\n#16 0x7fa78fe9caa4 <unknown>\n#17 0x7fa78ff29c6c <unknown>","time":{"start":1768989435690,"stop":1768989446024,"duration":10334}},{"uid":"680cc9a54a0a8fcd","reportUrl":"https://Brain-up.github.io/auto-tests-python/808/#testresult/680cc9a54a0a8fcd","status":"skipped","statusDetails":"XFAIL\n\nselenium.common.exceptions.TimeoutException: Message: Can't find element by locator ('xpath', '//a[text()=\"Упражнения\"]')\nStacktrace:\n#0 0x5607f853c40a <unknown>\n#1 0x5607f7f7076b <unknown>\n#2 0x5607f7fc1e88 <unknown>\n#3 0x5607f7fc20c1 <unknown>\n#4 0x5607f80102c4 <unknown>\n#5 0x5607f800d760 <unknown>\n#6 0x5607f7fb47b2 <unknown>\n#7 0x5607f7fb5461 <unknown>\n#8 0x5607f8504df9 <unknown>\n#9 0x5607f8507d5d <unknown>\n#10 0x5607f84edb41 <unknown>\n#11 0x5607f850893b <unknown>\n#12 0x5607f84d4870 <unknown>\n#13 0x5607f8529828 <unknown>\n#14 0x5607f85299fc <unknown>\n#15 0x5607f853b763 <unknown>\n#16 0x7f8b2869caa4 <unknown>\n#17 0x7f8b28729c6c <unknown>","time":{"start":1768906848165,"stop":1768906858417,"duration":10252}},{"uid":"d8a23de9f6fe007","reportUrl":"https://Brain-up.github.io/auto-tests-python/807/#testresult/d8a23de9f6fe007","status":"passed","statusDetails":"XPASS","time":{"start":1768821164045,"stop":1768821186176,"duration":22131}}]},"tags":["@pytest.mark.xfail"]},"source":"946b3b8cfaa288d3.json","parameterValues":[]}