{
  "uid" : "1d34498ce78ca983",
  "name" : "Select random card from \"Word\" group and compare UI vs BACKEND data",
  "fullName" : "tests.test_speech_exercises_en.TestCardsEN#test_random_word_cards_en",
  "historyId" : "84999af5e98c6318908a9abbfe6fc3a3",
  "time" : {
    "start" : 1762163830508,
    "stop" : 1762163840848,
    "duration" : 10340
  },
  "status" : "skipped",
  "statusMessage" : "XFAIL\n\nselenium.common.exceptions.TimeoutException: Message: Can't find element by locator ('xpath', '//button[@data-test-active-link=\"Words\"]')\nStacktrace:\n#0 0x557c7b778aea <unknown>\n#1 0x557c7b1c4cdb <unknown>\n#2 0x557c7b2176c4 <unknown>\n#3 0x557c7b217901 <unknown>\n#4 0x557c7b2668b4 <unknown>\n#5 0x557c7b263c87 <unknown>\n#6 0x557c7b209aca <unknown>\n#7 0x557c7b20a7d1 <unknown>\n#8 0x557c7b73fab9 <unknown>\n#9 0x557c7b742a8c <unknown>\n#10 0x557c7b728d49 <unknown>\n#11 0x557c7b743685 <unknown>\n#12 0x557c7b7106c3 <unknown>\n#13 0x557c7b7657d8 <unknown>\n#14 0x557c7b7659b3 <unknown>\n#15 0x557c7b777a83 <unknown>\n#16 0x7ffbfa69caa4 <unknown>\n#17 0x7ffbfa729c6c <unknown>",
  "statusTrace" : "self = <tests.test_speech_exercises_en.TestCardsEN object at 0x7f90ce9e28d0>\ndriver = <selenium.webdriver.chrome.webdriver.WebDriver (session=\"68a5b25eb60dce83d026ff34993dfc20\")>\nspecialist_user_authorized = None\n\n    @pytest.mark.xfail\n    @allure.suite(\"Speech exercises EN.\")\n    @allure.title('Select random card from \"Word\" group and compare UI vs BACKEND data')\n    def test_random_word_cards_en(self, driver, specialist_user_authorized):\n        page = SpeechExercisesPage(driver)\n>       page.select_group(SpeechExercisesPageLocators.WORDS_BUTTON_EN)\n\ntests/test_speech_exercises_en.py:16: \n_ _ _ _ _ _ _ _ _ _ _ _ _ _ _ _ _ _ _ _ _ _ _ _ _ _ _ _ _ _ _ _ _ _ _ _ _ _ _ _ \npages/speech_exercises_page_en.py:18: in select_group\n    text_of_the_button = self.element_is_present_and_clickable(selector_for_sub_group)\npages/base_page.py:40: in element_is_present_and_clickable\n    return (Wait(self.driver, self.timeout).until(\n_ _ _ _ _ _ _ _ _ _ _ _ _ _ _ _ _ _ _ _ _ _ _ _ _ _ _ _ _ _ _ _ _ _ _ _ _ _ _ _ \n\nself = <selenium.webdriver.support.wait.WebDriverWait (session=\"68a5b25eb60dce83d026ff34993dfc20\")>\nmethod = <function visibility_of_element_located.<locals>._predicate at 0x7f90ce78c4a0>\nmessage = 'Can\\'t find element by locator (\\'xpath\\', \\'//button[@data-test-active-link=\"Words\"]\\')'\n\n    def until(self, method, message: str = \"\"):\n        \"\"\"Calls the method provided with the driver as an argument until the \\\n        return value does not evaluate to ``False``.\n    \n        :param method: callable(WebDriver)\n        :param message: optional message for :exc:`TimeoutException`\n        :returns: the result of the last call to `method`\n        :raises: :exc:`selenium.common.exceptions.TimeoutException` if timeout occurs\n        \"\"\"\n        screen = None\n        stacktrace = None\n    \n        end_time = time.monotonic() + self._timeout\n        while True:\n            try:\n                value = method(self._driver)\n                if value:\n                    return value\n            except self._ignored_exceptions as exc:\n                screen = getattr(exc, \"screen\", None)\n                stacktrace = getattr(exc, \"stacktrace\", None)\n            time.sleep(self._poll)\n            if time.monotonic() > end_time:\n                break\n>       raise TimeoutException(message, screen, stacktrace)\nE       selenium.common.exceptions.TimeoutException: Message: Can't find element by locator ('xpath', '//button[@data-test-active-link=\"Words\"]')\nE       Stacktrace:\nE       #0 0x557c7b778aea <unknown>\nE       #1 0x557c7b1c4cdb <unknown>\nE       #2 0x557c7b2176c4 <unknown>\nE       #3 0x557c7b217901 <unknown>\nE       #4 0x557c7b2668b4 <unknown>\nE       #5 0x557c7b263c87 <unknown>\nE       #6 0x557c7b209aca <unknown>\nE       #7 0x557c7b20a7d1 <unknown>\nE       #8 0x557c7b73fab9 <unknown>\nE       #9 0x557c7b742a8c <unknown>\nE       #10 0x557c7b728d49 <unknown>\nE       #11 0x557c7b743685 <unknown>\nE       #12 0x557c7b7106c3 <unknown>\nE       #13 0x557c7b7657d8 <unknown>\nE       #14 0x557c7b7659b3 <unknown>\nE       #15 0x557c7b777a83 <unknown>\nE       #16 0x7ffbfa69caa4 <unknown>\nE       #17 0x7ffbfa729c6c <unknown>\n\n/opt/hostedtoolcache/Python/3.12.12/x64/lib/python3.12/site-packages/selenium/webdriver/support/wait.py:95: TimeoutException",
  "flaky" : false,
  "newFailed" : false,
  "beforeStages" : [ {
    "name" : "specialist_user_authorized",
    "time" : {
      "start" : 1762163827561,
      "stop" : 1762163830508,
      "duration" : 2947
    },
    "status" : "passed",
    "steps" : [ {
      "name" : "USER specialist authorized",
      "time" : {
        "start" : 1762163827561,
        "stop" : 1762163830508,
        "duration" : 2947
      },
      "status" : "passed",
      "steps" : [ {
        "name" : "Check url is present: https://www.brainup.site/groups",
        "time" : {
          "start" : 1762163827963,
          "stop" : 1762163830484,
          "duration" : 2521
        },
        "status" : "passed",
        "steps" : [ ],
        "attachments" : [ ],
        "parameters" : [ ],
        "stepsCount" : 0,
        "attachmentsCount" : 0,
        "shouldDisplayMessage" : false,
        "hasContent" : false
      }, {
        "name" : "Loader checking",
        "time" : {
          "start" : 1762163830485,
          "stop" : 1762163830508,
          "duration" : 23
        },
        "status" : "passed",
        "steps" : [ ],
        "attachments" : [ ],
        "parameters" : [ ],
        "stepsCount" : 0,
        "attachmentsCount" : 0,
        "shouldDisplayMessage" : false,
        "hasContent" : false
      } ],
      "attachments" : [ ],
      "parameters" : [ {
        "name" : "driver",
        "value" : "<selenium.webdriver.chrome.webdriver.WebDriver (session=\"68a5b25eb60dce83d026ff34993dfc20\")>"
      }, {
        "name" : "main_page_open",
        "value" : "None"
      } ],
      "stepsCount" : 2,
      "attachmentsCount" : 0,
      "shouldDisplayMessage" : false,
      "hasContent" : true
    } ],
    "attachments" : [ ],
    "parameters" : [ ],
    "stepsCount" : 3,
    "attachmentsCount" : 0,
    "shouldDisplayMessage" : false,
    "hasContent" : true
  }, {
    "name" : "main_page_open",
    "time" : {
      "start" : 1762163822650,
      "stop" : 1762163827561,
      "duration" : 4911
    },
    "status" : "passed",
    "steps" : [ {
      "name" : "Open page: https://www.brainup.site/",
      "time" : {
        "start" : 1762163822650,
        "stop" : 1762163827561,
        "duration" : 4911
      },
      "status" : "passed",
      "steps" : [ ],
      "attachments" : [ ],
      "parameters" : [ {
        "name" : "driver",
        "value" : "<selenium.webdriver.chrome.webdriver.WebDriver (session=\"68a5b25eb60dce83d026ff34993dfc20\")>"
      } ],
      "stepsCount" : 0,
      "attachmentsCount" : 0,
      "shouldDisplayMessage" : false,
      "hasContent" : true
    } ],
    "attachments" : [ ],
    "parameters" : [ ],
    "stepsCount" : 1,
    "attachmentsCount" : 0,
    "shouldDisplayMessage" : false,
    "hasContent" : true
  }, {
    "name" : "clear_allure_results_folder",
    "time" : {
      "start" : 1762162468685,
      "stop" : 1762162468685,
      "duration" : 0
    },
    "status" : "passed",
    "steps" : [ ],
    "attachments" : [ ],
    "parameters" : [ ],
    "stepsCount" : 0,
    "attachmentsCount" : 0,
    "shouldDisplayMessage" : false,
    "hasContent" : false
  }, {
    "name" : "driver",
    "time" : {
      "start" : 1762163821899,
      "stop" : 1762163822649,
      "duration" : 750
    },
    "status" : "passed",
    "steps" : [ ],
    "attachments" : [ ],
    "parameters" : [ ],
    "stepsCount" : 0,
    "attachmentsCount" : 0,
    "shouldDisplayMessage" : false,
    "hasContent" : false
  } ],
  "testStage" : {
    "status" : "skipped",
    "statusMessage" : "XFAIL\n\nselenium.common.exceptions.TimeoutException: Message: Can't find element by locator ('xpath', '//button[@data-test-active-link=\"Words\"]')\nStacktrace:\n#0 0x557c7b778aea <unknown>\n#1 0x557c7b1c4cdb <unknown>\n#2 0x557c7b2176c4 <unknown>\n#3 0x557c7b217901 <unknown>\n#4 0x557c7b2668b4 <unknown>\n#5 0x557c7b263c87 <unknown>\n#6 0x557c7b209aca <unknown>\n#7 0x557c7b20a7d1 <unknown>\n#8 0x557c7b73fab9 <unknown>\n#9 0x557c7b742a8c <unknown>\n#10 0x557c7b728d49 <unknown>\n#11 0x557c7b743685 <unknown>\n#12 0x557c7b7106c3 <unknown>\n#13 0x557c7b7657d8 <unknown>\n#14 0x557c7b7659b3 <unknown>\n#15 0x557c7b777a83 <unknown>\n#16 0x7ffbfa69caa4 <unknown>\n#17 0x7ffbfa729c6c <unknown>",
    "statusTrace" : "self = <tests.test_speech_exercises_en.TestCardsEN object at 0x7f90ce9e28d0>\ndriver = <selenium.webdriver.chrome.webdriver.WebDriver (session=\"68a5b25eb60dce83d026ff34993dfc20\")>\nspecialist_user_authorized = None\n\n    @pytest.mark.xfail\n    @allure.suite(\"Speech exercises EN.\")\n    @allure.title('Select random card from \"Word\" group and compare UI vs BACKEND data')\n    def test_random_word_cards_en(self, driver, specialist_user_authorized):\n        page = SpeechExercisesPage(driver)\n>       page.select_group(SpeechExercisesPageLocators.WORDS_BUTTON_EN)\n\ntests/test_speech_exercises_en.py:16: \n_ _ _ _ _ _ _ _ _ _ _ _ _ _ _ _ _ _ _ _ _ _ _ _ _ _ _ _ _ _ _ _ _ _ _ _ _ _ _ _ \npages/speech_exercises_page_en.py:18: in select_group\n    text_of_the_button = self.element_is_present_and_clickable(selector_for_sub_group)\npages/base_page.py:40: in element_is_present_and_clickable\n    return (Wait(self.driver, self.timeout).until(\n_ _ _ _ _ _ _ _ _ _ _ _ _ _ _ _ _ _ _ _ _ _ _ _ _ _ _ _ _ _ _ _ _ _ _ _ _ _ _ _ \n\nself = <selenium.webdriver.support.wait.WebDriverWait (session=\"68a5b25eb60dce83d026ff34993dfc20\")>\nmethod = <function visibility_of_element_located.<locals>._predicate at 0x7f90ce78c4a0>\nmessage = 'Can\\'t find element by locator (\\'xpath\\', \\'//button[@data-test-active-link=\"Words\"]\\')'\n\n    def until(self, method, message: str = \"\"):\n        \"\"\"Calls the method provided with the driver as an argument until the \\\n        return value does not evaluate to ``False``.\n    \n        :param method: callable(WebDriver)\n        :param message: optional message for :exc:`TimeoutException`\n        :returns: the result of the last call to `method`\n        :raises: :exc:`selenium.common.exceptions.TimeoutException` if timeout occurs\n        \"\"\"\n        screen = None\n        stacktrace = None\n    \n        end_time = time.monotonic() + self._timeout\n        while True:\n            try:\n                value = method(self._driver)\n                if value:\n                    return value\n            except self._ignored_exceptions as exc:\n                screen = getattr(exc, \"screen\", None)\n                stacktrace = getattr(exc, \"stacktrace\", None)\n            time.sleep(self._poll)\n            if time.monotonic() > end_time:\n                break\n>       raise TimeoutException(message, screen, stacktrace)\nE       selenium.common.exceptions.TimeoutException: Message: Can't find element by locator ('xpath', '//button[@data-test-active-link=\"Words\"]')\nE       Stacktrace:\nE       #0 0x557c7b778aea <unknown>\nE       #1 0x557c7b1c4cdb <unknown>\nE       #2 0x557c7b2176c4 <unknown>\nE       #3 0x557c7b217901 <unknown>\nE       #4 0x557c7b2668b4 <unknown>\nE       #5 0x557c7b263c87 <unknown>\nE       #6 0x557c7b209aca <unknown>\nE       #7 0x557c7b20a7d1 <unknown>\nE       #8 0x557c7b73fab9 <unknown>\nE       #9 0x557c7b742a8c <unknown>\nE       #10 0x557c7b728d49 <unknown>\nE       #11 0x557c7b743685 <unknown>\nE       #12 0x557c7b7106c3 <unknown>\nE       #13 0x557c7b7657d8 <unknown>\nE       #14 0x557c7b7659b3 <unknown>\nE       #15 0x557c7b777a83 <unknown>\nE       #16 0x7ffbfa69caa4 <unknown>\nE       #17 0x7ffbfa729c6c <unknown>\n\n/opt/hostedtoolcache/Python/3.12.12/x64/lib/python3.12/site-packages/selenium/webdriver/support/wait.py:95: TimeoutException",
    "steps" : [ {
      "name" : "select_group",
      "time" : {
        "start" : 1762163830508,
        "stop" : 1762163840847,
        "duration" : 10339
      },
      "status" : "broken",
      "statusMessage" : "selenium.common.exceptions.TimeoutException: Message: Can't find element by locator ('xpath', '//button[@data-test-active-link=\"Words\"]')\nStacktrace:\n#0 0x557c7b778aea <unknown>\n#1 0x557c7b1c4cdb <unknown>\n#2 0x557c7b2176c4 <unknown>\n#3 0x557c7b217901 <unknown>\n#4 0x557c7b2668b4 <unknown>\n#5 0x557c7b263c87 <unknown>\n#6 0x557c7b209aca <unknown>\n#7 0x557c7b20a7d1 <unknown>\n#8 0x557c7b73fab9 <unknown>\n#9 0x557c7b742a8c <unknown>\n#10 0x557c7b728d49 <unknown>\n#11 0x557c7b743685 <unknown>\n#12 0x557c7b7106c3 <unknown>\n#13 0x557c7b7657d8 <unknown>\n#14 0x557c7b7659b3 <unknown>\n#15 0x557c7b777a83 <unknown>\n#16 0x7ffbfa69caa4 <unknown>\n#17 0x7ffbfa729c6c <unknown>\n\n",
      "statusTrace" : "  File \"/opt/hostedtoolcache/Python/3.12.12/x64/lib/python3.12/site-packages/allure_commons/_allure.py\", line 192, in impl\n    return func(*a, **kw)\n           ^^^^^^^^^^^^^^\n  File \"/home/runner/work/auto-tests-python/auto-tests-python/pages/speech_exercises_page_en.py\", line 18, in select_group\n    text_of_the_button = self.element_is_present_and_clickable(selector_for_sub_group)\n                         ^^^^^^^^^^^^^^^^^^^^^^^^^^^^^^^^^^^^^^^^^^^^^^^^^^^^^^^^^^^^^\n  File \"/home/runner/work/auto-tests-python/auto-tests-python/pages/base_page.py\", line 40, in element_is_present_and_clickable\n    return (Wait(self.driver, self.timeout).until(\n            ^^^^^^^^^^^^^^^^^^^^^^^^^^^^^^^^^^^^^^\n  File \"/opt/hostedtoolcache/Python/3.12.12/x64/lib/python3.12/site-packages/selenium/webdriver/support/wait.py\", line 95, in until\n    raise TimeoutException(message, screen, stacktrace)\n",
      "steps" : [ {
        "name" : "Select Russian language. Click \"EN\" button.",
        "time" : {
          "start" : 1762163830508,
          "stop" : 1762163830583,
          "duration" : 75
        },
        "status" : "passed",
        "steps" : [ ],
        "attachments" : [ ],
        "parameters" : [ ],
        "stepsCount" : 0,
        "attachmentsCount" : 0,
        "shouldDisplayMessage" : false,
        "hasContent" : false
      }, {
        "name" : "Click button \"SPEECH EXERCISES\".",
        "time" : {
          "start" : 1762163830583,
          "stop" : 1762163830659,
          "duration" : 76
        },
        "status" : "passed",
        "steps" : [ ],
        "attachments" : [ ],
        "parameters" : [ ],
        "stepsCount" : 0,
        "attachmentsCount" : 0,
        "shouldDisplayMessage" : false,
        "hasContent" : false
      } ],
      "attachments" : [ ],
      "parameters" : [ {
        "name" : "selector_for_sub_group",
        "value" : "('xpath', '//button[@data-test-active-link=\"Words\"]')"
      } ],
      "stepsCount" : 2,
      "attachmentsCount" : 0,
      "shouldDisplayMessage" : true,
      "hasContent" : true
    } ],
    "attachments" : [ ],
    "parameters" : [ ],
    "stepsCount" : 3,
    "attachmentsCount" : 0,
    "shouldDisplayMessage" : true,
    "hasContent" : true
  },
  "afterStages" : [ {
    "name" : "driver::0",
    "time" : {
      "start" : 1762163840858,
      "stop" : 1762163840926,
      "duration" : 68
    },
    "status" : "passed",
    "steps" : [ ],
    "attachments" : [ ],
    "parameters" : [ ],
    "stepsCount" : 0,
    "attachmentsCount" : 0,
    "shouldDisplayMessage" : false,
    "hasContent" : false
  } ],
  "labels" : [ {
    "name" : "epic",
    "value" : "Speech exercises."
  }, {
    "name" : "suite",
    "value" : "Speech exercises EN."
  }, {
    "name" : "tag",
    "value" : "@pytest.mark.xfail"
  }, {
    "name" : "parentSuite",
    "value" : "tests"
  }, {
    "name" : "subSuite",
    "value" : "TestCardsEN"
  }, {
    "name" : "host",
    "value" : "runnervmf2e7y"
  }, {
    "name" : "thread",
    "value" : "2513-MainThread"
  }, {
    "name" : "framework",
    "value" : "pytest"
  }, {
    "name" : "language",
    "value" : "cpython3"
  }, {
    "name" : "package",
    "value" : "tests.test_speech_exercises_en"
  }, {
    "name" : "resultFormat",
    "value" : "allure2"
  } ],
  "parameters" : [ ],
  "links" : [ ],
  "hidden" : false,
  "retry" : false,
  "extra" : {
    "severity" : "normal",
    "retries" : [ ],
    "categories" : [ ],
    "history" : {
      "statistic" : {
        "failed" : 0,
        "broken" : 0,
        "skipped" : 363,
        "passed" : 2,
        "unknown" : 0,
        "total" : 365
      },
      "items" : [ {
        "uid" : "f01288997651b5bb",
        "reportUrl" : "https://Brain-up.github.io/auto-tests-python/731//#testresult/f01288997651b5bb",
        "status" : "skipped",
        "statusDetails" : "XFAIL\n\nselenium.common.exceptions.TimeoutException: Message: Can't find element by locator ('xpath', '//button[@data-test-active-link=\"Words\"]')\nStacktrace:\n#0 0x55b4338f9aea <unknown>\n#1 0x55b433345cdb <unknown>\n#2 0x55b4333986c4 <unknown>\n#3 0x55b433398901 <unknown>\n#4 0x55b4333e78b4 <unknown>\n#5 0x55b4333e4c87 <unknown>\n#6 0x55b43338aaca <unknown>\n#7 0x55b43338b7d1 <unknown>\n#8 0x55b4338c0ab9 <unknown>\n#9 0x55b4338c3a8c <unknown>\n#10 0x55b4338a9d49 <unknown>\n#11 0x55b4338c4685 <unknown>\n#12 0x55b4338916c3 <unknown>\n#13 0x55b4338e67d8 <unknown>\n#14 0x55b4338e69b3 <unknown>\n#15 0x55b4338f8a83 <unknown>\n#16 0x7fb7c2c9caa4 <unknown>\n#17 0x7fb7c2d29c6c <unknown>",
        "time" : {
          "start" : 1762074353818,
          "stop" : 1762074364167,
          "duration" : 10349
        }
      }, {
        "uid" : "9a7f35c8fda156b4",
        "reportUrl" : "https://Brain-up.github.io/auto-tests-python/730//#testresult/9a7f35c8fda156b4",
        "status" : "skipped",
        "statusDetails" : "XFAIL\n\nselenium.common.exceptions.TimeoutException: Message: Can't find element by locator ('xpath', '//button[@data-test-active-link=\"Words\"]')\nStacktrace:\n#0 0x55ca7b931aea <unknown>\n#1 0x55ca7b37dcdb <unknown>\n#2 0x55ca7b3d06c4 <unknown>\n#3 0x55ca7b3d0901 <unknown>\n#4 0x55ca7b41f8b4 <unknown>\n#5 0x55ca7b41cc87 <unknown>\n#6 0x55ca7b3c2aca <unknown>\n#7 0x55ca7b3c37d1 <unknown>\n#8 0x55ca7b8f8ab9 <unknown>\n#9 0x55ca7b8fba8c <unknown>\n#10 0x55ca7b8e1d49 <unknown>\n#11 0x55ca7b8fc685 <unknown>\n#12 0x55ca7b8c96c3 <unknown>\n#13 0x55ca7b91e7d8 <unknown>\n#14 0x55ca7b91e9b3 <unknown>\n#15 0x55ca7b930a83 <unknown>\n#16 0x7f395149caa4 <unknown>\n#17 0x7f3951529c6c <unknown>",
        "time" : {
          "start" : 1761992747496,
          "stop" : 1761992757840,
          "duration" : 10344
        }
      }, {
        "uid" : "6eeb8dbc5322f75f",
        "reportUrl" : "https://Brain-up.github.io/auto-tests-python/729//#testresult/6eeb8dbc5322f75f",
        "status" : "skipped",
        "statusDetails" : "XFAIL\n\nselenium.common.exceptions.TimeoutException: Message: Can't find element by locator ('xpath', '//button[@data-test-active-link=\"Words\"]')\nStacktrace:\n#0 0x560161363fba <unknown>\n#1 0x560160de86d0 <unknown>\n#2 0x560160e3a2aa <unknown>\n#3 0x560160e3a541 <unknown>\n#4 0x560160e886c4 <unknown>\n#5 0x560160e5fe5d <unknown>\n#6 0x560160e85b54 <unknown>\n#7 0x560160e5fc03 <unknown>\n#8 0x560160e2c7a8 <unknown>\n#9 0x560160e2d421 <unknown>\n#10 0x560161328b28 <unknown>\n#11 0x56016132c87f <unknown>\n#12 0x560161310c49 <unknown>\n#13 0x56016132d405 <unknown>\n#14 0x5601612f64ff <unknown>\n#15 0x560161351258 <unknown>\n#16 0x560161351432 <unknown>\n#17 0x560161362fa3 <unknown>\n#18 0x7f56bbc9caa4 <unknown>\n#19 0x7f56bbd29c6c <unknown>",
        "time" : {
          "start" : 1761907521040,
          "stop" : 1761907531423,
          "duration" : 10383
        }
      }, {
        "uid" : "b70ded81b7d69805",
        "reportUrl" : "https://Brain-up.github.io/auto-tests-python/728//#testresult/b70ded81b7d69805",
        "status" : "skipped",
        "statusDetails" : "XFAIL\n\nselenium.common.exceptions.TimeoutException: Message: Can't find element by locator ('xpath', '//button[@data-test-active-link=\"Words\"]')\nStacktrace:\n#0 0x555c5c0ebfba <unknown>\n#1 0x555c5bb706d0 <unknown>\n#2 0x555c5bbc22aa <unknown>\n#3 0x555c5bbc2541 <unknown>\n#4 0x555c5bc106c4 <unknown>\n#5 0x555c5bbe7e5d <unknown>\n#6 0x555c5bc0db54 <unknown>\n#7 0x555c5bbe7c03 <unknown>\n#8 0x555c5bbb47a8 <unknown>\n#9 0x555c5bbb5421 <unknown>\n#10 0x555c5c0b0b28 <unknown>\n#11 0x555c5c0b487f <unknown>\n#12 0x555c5c098c49 <unknown>\n#13 0x555c5c0b5405 <unknown>\n#14 0x555c5c07e4ff <unknown>\n#15 0x555c5c0d9258 <unknown>\n#16 0x555c5c0d9432 <unknown>\n#17 0x555c5c0eafa3 <unknown>\n#18 0x7fb5e429caa4 <unknown>\n#19 0x7fb5e4329c6c <unknown>",
        "time" : {
          "start" : 1761816881154,
          "stop" : 1761816891524,
          "duration" : 10370
        }
      }, {
        "uid" : "6a27036c87f8381c",
        "reportUrl" : "https://Brain-up.github.io/auto-tests-python/727//#testresult/6a27036c87f8381c",
        "status" : "skipped",
        "statusDetails" : "XFAIL\n\nselenium.common.exceptions.TimeoutException: Message: Can't find element by locator ('xpath', '//button[@data-test-active-link=\"Words\"]')\nStacktrace:\n#0 0x55b3441ecfba <unknown>\n#1 0x55b343c716d0 <unknown>\n#2 0x55b343cc32aa <unknown>\n#3 0x55b343cc3541 <unknown>\n#4 0x55b343d116c4 <unknown>\n#5 0x55b343ce8e5d <unknown>\n#6 0x55b343d0eb54 <unknown>\n#7 0x55b343ce8c03 <unknown>\n#8 0x55b343cb57a8 <unknown>\n#9 0x55b343cb6421 <unknown>\n#10 0x55b3441b1b28 <unknown>\n#11 0x55b3441b587f <unknown>\n#12 0x55b344199c49 <unknown>\n#13 0x55b3441b6405 <unknown>\n#14 0x55b34417f4ff <unknown>\n#15 0x55b3441da258 <unknown>\n#16 0x55b3441da432 <unknown>\n#17 0x55b3441ebfa3 <unknown>\n#18 0x7f823fe9caa4 <unknown>\n#19 0x7f823ff29c6c <unknown>",
        "time" : {
          "start" : 1761731147321,
          "stop" : 1761731157700,
          "duration" : 10379
        }
      }, {
        "uid" : "26f189bb37f7fb",
        "reportUrl" : "https://Brain-up.github.io/auto-tests-python/726//#testresult/26f189bb37f7fb",
        "status" : "skipped",
        "statusDetails" : "XFAIL\n\nselenium.common.exceptions.TimeoutException: Message: Can't find element by locator ('xpath', '//button[@data-test-active-link=\"Words\"]')\nStacktrace:\n#0 0x558995c96fba <unknown>\n#1 0x55899571b6d0 <unknown>\n#2 0x55899576d2aa <unknown>\n#3 0x55899576d541 <unknown>\n#4 0x5589957bb6c4 <unknown>\n#5 0x558995792e5d <unknown>\n#6 0x5589957b8b54 <unknown>\n#7 0x558995792c03 <unknown>\n#8 0x55899575f7a8 <unknown>\n#9 0x558995760421 <unknown>\n#10 0x558995c5bb28 <unknown>\n#11 0x558995c5f87f <unknown>\n#12 0x558995c43c49 <unknown>\n#13 0x558995c60405 <unknown>\n#14 0x558995c294ff <unknown>\n#15 0x558995c84258 <unknown>\n#16 0x558995c84432 <unknown>\n#17 0x558995c95fa3 <unknown>\n#18 0x7f11efe9caa4 <unknown>\n#19 0x7f11eff29c6c <unknown>",
        "time" : {
          "start" : 1761650250473,
          "stop" : 1761650260817,
          "duration" : 10344
        }
      }, {
        "uid" : "423ba730b6594217",
        "reportUrl" : "https://Brain-up.github.io/auto-tests-python/725//#testresult/423ba730b6594217",
        "status" : "skipped",
        "statusDetails" : "XFAIL\n\nselenium.common.exceptions.TimeoutException: Message: Can't find element by locator ('xpath', '//button[@data-test-active-link=\"Words\"]')\nStacktrace:\n#0 0x55c5f6c46fba <unknown>\n#1 0x55c5f66cb6d0 <unknown>\n#2 0x55c5f671d2aa <unknown>\n#3 0x55c5f671d541 <unknown>\n#4 0x55c5f676b6c4 <unknown>\n#5 0x55c5f6742e5d <unknown>\n#6 0x55c5f6768b54 <unknown>\n#7 0x55c5f6742c03 <unknown>\n#8 0x55c5f670f7a8 <unknown>\n#9 0x55c5f6710421 <unknown>\n#10 0x55c5f6c0bb28 <unknown>\n#11 0x55c5f6c0f87f <unknown>\n#12 0x55c5f6bf3c49 <unknown>\n#13 0x55c5f6c10405 <unknown>\n#14 0x55c5f6bd94ff <unknown>\n#15 0x55c5f6c34258 <unknown>\n#16 0x55c5f6c34432 <unknown>\n#17 0x55c5f6c45fa3 <unknown>\n#18 0x7fc1a349caa4 <unknown>\n#19 0x7fc1a3529c6c <unknown>",
        "time" : {
          "start" : 1761585343721,
          "stop" : 1761585354012,
          "duration" : 10291
        }
      }, {
        "uid" : "dfc7f435e4487a7a",
        "reportUrl" : "https://Brain-up.github.io/auto-tests-python/724//#testresult/dfc7f435e4487a7a",
        "status" : "skipped",
        "statusDetails" : "XFAIL\n\nselenium.common.exceptions.TimeoutException: Message: Can't find element by locator ('xpath', '//button[@data-test-active-link=\"Words\"]')\nStacktrace:\n#0 0x56532eb9afba <unknown>\n#1 0x56532e61f6d0 <unknown>\n#2 0x56532e6712aa <unknown>\n#3 0x56532e671541 <unknown>\n#4 0x56532e6bf6c4 <unknown>\n#5 0x56532e696e5d <unknown>\n#6 0x56532e6bcb54 <unknown>\n#7 0x56532e696c03 <unknown>\n#8 0x56532e6637a8 <unknown>\n#9 0x56532e664421 <unknown>\n#10 0x56532eb5fb28 <unknown>\n#11 0x56532eb6387f <unknown>\n#12 0x56532eb47c49 <unknown>\n#13 0x56532eb64405 <unknown>\n#14 0x56532eb2d4ff <unknown>\n#15 0x56532eb88258 <unknown>\n#16 0x56532eb88432 <unknown>\n#17 0x56532eb99fa3 <unknown>\n#18 0x7f71df89caa4 <unknown>\n#19 0x7f71df929c6c <unknown>",
        "time" : {
          "start" : 1761478635263,
          "stop" : 1761478645607,
          "duration" : 10344
        }
      }, {
        "uid" : "8240c6dcf92e581f",
        "reportUrl" : "https://Brain-up.github.io/auto-tests-python/723//#testresult/8240c6dcf92e581f",
        "status" : "skipped",
        "statusDetails" : "XFAIL\n\nselenium.common.exceptions.TimeoutException: Message: Can't find element by locator ('xpath', '//button[@data-test-active-link=\"Words\"]')\nStacktrace:\n#0 0x555eed433fba <unknown>\n#1 0x555eeceb86d0 <unknown>\n#2 0x555eecf0a2aa <unknown>\n#3 0x555eecf0a541 <unknown>\n#4 0x555eecf586c4 <unknown>\n#5 0x555eecf2fe5d <unknown>\n#6 0x555eecf55b54 <unknown>\n#7 0x555eecf2fc03 <unknown>\n#8 0x555eecefc7a8 <unknown>\n#9 0x555eecefd421 <unknown>\n#10 0x555eed3f8b28 <unknown>\n#11 0x555eed3fc87f <unknown>\n#12 0x555eed3e0c49 <unknown>\n#13 0x555eed3fd405 <unknown>\n#14 0x555eed3c64ff <unknown>\n#15 0x555eed421258 <unknown>\n#16 0x555eed421432 <unknown>\n#17 0x555eed432fa3 <unknown>\n#18 0x7fa21669caa4 <unknown>\n#19 0x7fa216729c6c <unknown>",
        "time" : {
          "start" : 1761344387510,
          "stop" : 1761344397866,
          "duration" : 10356
        }
      }, {
        "uid" : "df944bb57a8b56d9",
        "reportUrl" : "https://Brain-up.github.io/auto-tests-python/722//#testresult/df944bb57a8b56d9",
        "status" : "skipped",
        "statusDetails" : "XFAIL\n\nselenium.common.exceptions.TimeoutException: Message: Can't find element by locator ('xpath', '//button[@data-test-active-link=\"Words\"]')\nStacktrace:\n#0 0x5646fc2bafba <unknown>\n#1 0x5646fbd3f6d0 <unknown>\n#2 0x5646fbd912aa <unknown>\n#3 0x5646fbd91541 <unknown>\n#4 0x5646fbddf6c4 <unknown>\n#5 0x5646fbdb6e5d <unknown>\n#6 0x5646fbddcb54 <unknown>\n#7 0x5646fbdb6c03 <unknown>\n#8 0x5646fbd837a8 <unknown>\n#9 0x5646fbd84421 <unknown>\n#10 0x5646fc27fb28 <unknown>\n#11 0x5646fc28387f <unknown>\n#12 0x5646fc267c49 <unknown>\n#13 0x5646fc284405 <unknown>\n#14 0x5646fc24d4ff <unknown>\n#15 0x5646fc2a8258 <unknown>\n#16 0x5646fc2a8432 <unknown>\n#17 0x5646fc2b9fa3 <unknown>\n#18 0x7f75bda9caa4 <unknown>\n#19 0x7f75bdb29c6c <unknown>",
        "time" : {
          "start" : 1761339213760,
          "stop" : 1761339224098,
          "duration" : 10338
        }
      }, {
        "uid" : "88a5dd1efc08ae96",
        "reportUrl" : "https://Brain-up.github.io/auto-tests-python/721//#testresult/88a5dd1efc08ae96",
        "status" : "skipped",
        "statusDetails" : "XFAIL\n\nselenium.common.exceptions.TimeoutException: Message: Can't find element by locator ('xpath', '//button[@data-test-active-link=\"Words\"]')\nStacktrace:\n#0 0x561805d99fba <unknown>\n#1 0x56180581e6d0 <unknown>\n#2 0x5618058702aa <unknown>\n#3 0x561805870541 <unknown>\n#4 0x5618058be6c4 <unknown>\n#5 0x561805895e5d <unknown>\n#6 0x5618058bbb54 <unknown>\n#7 0x561805895c03 <unknown>\n#8 0x5618058627a8 <unknown>\n#9 0x561805863421 <unknown>\n#10 0x561805d5eb28 <unknown>\n#11 0x561805d6287f <unknown>\n#12 0x561805d46c49 <unknown>\n#13 0x561805d63405 <unknown>\n#14 0x561805d2c4ff <unknown>\n#15 0x561805d87258 <unknown>\n#16 0x561805d87432 <unknown>\n#17 0x561805d98fa3 <unknown>\n#18 0x7fc60c49caa4 <unknown>\n#19 0x7fc60c529c6c <unknown>",
        "time" : {
          "start" : 1761206424307,
          "stop" : 1761206434623,
          "duration" : 10316
        }
      }, {
        "uid" : "23b995a156326aa6",
        "reportUrl" : "https://Brain-up.github.io/auto-tests-python/720//#testresult/23b995a156326aa6",
        "status" : "skipped",
        "statusDetails" : "XFAIL\n\nselenium.common.exceptions.TimeoutException: Message: Can't find element by locator ('xpath', '//button[@data-test-active-link=\"Words\"]')\nStacktrace:\n#0 0x55a561bd5fba <unknown>\n#1 0x55a56165a6d0 <unknown>\n#2 0x55a5616ac2aa <unknown>\n#3 0x55a5616ac541 <unknown>\n#4 0x55a5616fa6c4 <unknown>\n#5 0x55a5616d1e5d <unknown>\n#6 0x55a5616f7b54 <unknown>\n#7 0x55a5616d1c03 <unknown>\n#8 0x55a56169e7a8 <unknown>\n#9 0x55a56169f421 <unknown>\n#10 0x55a561b9ab28 <unknown>\n#11 0x55a561b9e87f <unknown>\n#12 0x55a561b82c49 <unknown>\n#13 0x55a561b9f405 <unknown>\n#14 0x55a561b684ff <unknown>\n#15 0x55a561bc3258 <unknown>\n#16 0x55a561bc3432 <unknown>\n#17 0x55a561bd4fa3 <unknown>\n#18 0x7f9ab9c9caa4 <unknown>\n#19 0x7f9ab9d29c6c <unknown>",
        "time" : {
          "start" : 1761131438256,
          "stop" : 1761131448612,
          "duration" : 10356
        }
      }, {
        "uid" : "565bbd638357f15c",
        "reportUrl" : "https://Brain-up.github.io/auto-tests-python/719//#testresult/565bbd638357f15c",
        "status" : "skipped",
        "statusDetails" : "XFAIL\n\nselenium.common.exceptions.TimeoutException: Message: Can't find element by locator ('xpath', '//button[@data-test-active-link=\"Words\"]')\nStacktrace:\n#0 0x55d3bf2d7fba <unknown>\n#1 0x55d3bed5c6d0 <unknown>\n#2 0x55d3bedae2aa <unknown>\n#3 0x55d3bedae541 <unknown>\n#4 0x55d3bedfc6c4 <unknown>\n#5 0x55d3bedd3e5d <unknown>\n#6 0x55d3bedf9b54 <unknown>\n#7 0x55d3bedd3c03 <unknown>\n#8 0x55d3beda07a8 <unknown>\n#9 0x55d3beda1421 <unknown>\n#10 0x55d3bf29cb28 <unknown>\n#11 0x55d3bf2a087f <unknown>\n#12 0x55d3bf284c49 <unknown>\n#13 0x55d3bf2a1405 <unknown>\n#14 0x55d3bf26a4ff <unknown>\n#15 0x55d3bf2c5258 <unknown>\n#16 0x55d3bf2c5432 <unknown>\n#17 0x55d3bf2d6fa3 <unknown>\n#18 0x7f972e49caa4 <unknown>\n#19 0x7f972e529c6c <unknown>",
        "time" : {
          "start" : 1761040009356,
          "stop" : 1761040019709,
          "duration" : 10353
        }
      }, {
        "uid" : "f8ecae14fd07ea81",
        "reportUrl" : "https://Brain-up.github.io/auto-tests-python/718//#testresult/f8ecae14fd07ea81",
        "status" : "skipped",
        "statusDetails" : "XFAIL\n\nselenium.common.exceptions.TimeoutException: Message: Can't find element by locator ('xpath', '//button[@data-test-active-link=\"Words\"]')\nStacktrace:\n#0 0x55ce09d1167a <unknown>\n#1 0x55ce09790566 <unknown>\n#2 0x55ce097e268d <unknown>\n#3 0x55ce097e2921 <unknown>\n#4 0x55ce09830e94 <unknown>\n#5 0x55ce0980865d <unknown>\n#6 0x55ce0982e328 <unknown>\n#7 0x55ce09808403 <unknown>\n#8 0x55ce097d4b02 <unknown>\n#9 0x55ce097d57c1 <unknown>\n#10 0x55ce09cd5448 <unknown>\n#11 0x55ce09cd92af <unknown>\n#12 0x55ce09cbc8d9 <unknown>\n#13 0x55ce09cd9e55 <unknown>\n#14 0x55ce09ca213f <unknown>\n#15 0x55ce09cfe4b8 <unknown>\n#16 0x55ce09cfe693 <unknown>\n#17 0x55ce09d10613 <unknown>\n#18 0x7f15eda9caa4 <unknown>\n#19 0x7f15edb29c6c <unknown>",
        "time" : {
          "start" : 1760956703495,
          "stop" : 1760956714007,
          "duration" : 10512
        }
      }, {
        "uid" : "17fe538413890472",
        "reportUrl" : "https://Brain-up.github.io/auto-tests-python/717//#testresult/17fe538413890472",
        "status" : "skipped",
        "statusDetails" : "XFAIL\n\nselenium.common.exceptions.TimeoutException: Message: Can't find element by locator ('xpath', '//button[@data-test-active-link=\"Words\"]')\nStacktrace:\n#0 0x56323692067a <unknown>\n#1 0x56323639f566 <unknown>\n#2 0x5632363f168d <unknown>\n#3 0x5632363f1921 <unknown>\n#4 0x56323643fe94 <unknown>\n#5 0x56323641765d <unknown>\n#6 0x56323643d328 <unknown>\n#7 0x563236417403 <unknown>\n#8 0x5632363e3b02 <unknown>\n#9 0x5632363e47c1 <unknown>\n#10 0x5632368e4448 <unknown>\n#11 0x5632368e82af <unknown>\n#12 0x5632368cb8d9 <unknown>\n#13 0x5632368e8e55 <unknown>\n#14 0x5632368b113f <unknown>\n#15 0x56323690d4b8 <unknown>\n#16 0x56323690d693 <unknown>\n#17 0x56323691f613 <unknown>\n#18 0x7f46c269caa4 <unknown>\n#19 0x7f46c2729c6c <unknown>",
        "time" : {
          "start" : 1760876786246,
          "stop" : 1760876796616,
          "duration" : 10370
        }
      }, {
        "uid" : "833e36e6d6a67d42",
        "reportUrl" : "https://Brain-up.github.io/auto-tests-python/716//#testresult/833e36e6d6a67d42",
        "status" : "skipped",
        "statusDetails" : "XFAIL\n\nselenium.common.exceptions.TimeoutException: Message: Can't find element by locator ('xpath', '//button[@data-test-active-link=\"Words\"]')\nStacktrace:\n#0 0x562b8e6b267a <unknown>\n#1 0x562b8e131566 <unknown>\n#2 0x562b8e18368d <unknown>\n#3 0x562b8e183921 <unknown>\n#4 0x562b8e1d1e94 <unknown>\n#5 0x562b8e1a965d <unknown>\n#6 0x562b8e1cf328 <unknown>\n#7 0x562b8e1a9403 <unknown>\n#8 0x562b8e175b02 <unknown>\n#9 0x562b8e1767c1 <unknown>\n#10 0x562b8e676448 <unknown>\n#11 0x562b8e67a2af <unknown>\n#12 0x562b8e65d8d9 <unknown>\n#13 0x562b8e67ae55 <unknown>\n#14 0x562b8e64313f <unknown>\n#15 0x562b8e69f4b8 <unknown>\n#16 0x562b8e69f693 <unknown>\n#17 0x562b8e6b1613 <unknown>\n#18 0x7f52f2c9caa4 <unknown>\n#19 0x7f52f2d29c6c <unknown>",
        "time" : {
          "start" : 1760786187439,
          "stop" : 1760786197827,
          "duration" : 10388
        }
      }, {
        "uid" : "d9dbed67b4d7f278",
        "reportUrl" : "https://Brain-up.github.io/auto-tests-python/715//#testresult/d9dbed67b4d7f278",
        "status" : "skipped",
        "statusDetails" : "XFAIL\n\nselenium.common.exceptions.TimeoutException: Message: Can't find element by locator ('xpath', '//button[@data-test-active-link=\"Words\"]')\nStacktrace:\n#0 0x55ddc94a1fba <unknown>\n#1 0x55ddc8f266d0 <unknown>\n#2 0x55ddc8f782aa <unknown>\n#3 0x55ddc8f78541 <unknown>\n#4 0x55ddc8fc66c4 <unknown>\n#5 0x55ddc8f9de5d <unknown>\n#6 0x55ddc8fc3b54 <unknown>\n#7 0x55ddc8f9dc03 <unknown>\n#8 0x55ddc8f6a7a8 <unknown>\n#9 0x55ddc8f6b421 <unknown>\n#10 0x55ddc9466b28 <unknown>\n#11 0x55ddc946a87f <unknown>\n#12 0x55ddc944ec49 <unknown>\n#13 0x55ddc946b405 <unknown>\n#14 0x55ddc94344ff <unknown>\n#15 0x55ddc948f258 <unknown>\n#16 0x55ddc948f432 <unknown>\n#17 0x55ddc94a0fa3 <unknown>\n#18 0x7fe3e849caa4 <unknown>\n#19 0x7fe3e8529c6c <unknown>",
        "time" : {
          "start" : 1760651905783,
          "stop" : 1760651916147,
          "duration" : 10364
        }
      }, {
        "uid" : "d6bf751e21ce08d0",
        "reportUrl" : "https://Brain-up.github.io/auto-tests-python/714//#testresult/d6bf751e21ce08d0",
        "status" : "skipped",
        "statusDetails" : "XFAIL\n\nselenium.common.exceptions.TimeoutException: Message: Can't find element by locator ('xpath', '//button[@data-test-active-link=\"Words\"]')\nStacktrace:\n#0 0x558e5523267a <unknown>\n#1 0x558e54cb1566 <unknown>\n#2 0x558e54d0368d <unknown>\n#3 0x558e54d03921 <unknown>\n#4 0x558e54d51e94 <unknown>\n#5 0x558e54d2965d <unknown>\n#6 0x558e54d4f328 <unknown>\n#7 0x558e54d29403 <unknown>\n#8 0x558e54cf5b02 <unknown>\n#9 0x558e54cf67c1 <unknown>\n#10 0x558e551f6448 <unknown>\n#11 0x558e551fa2af <unknown>\n#12 0x558e551dd8d9 <unknown>\n#13 0x558e551fae55 <unknown>\n#14 0x558e551c313f <unknown>\n#15 0x558e5521f4b8 <unknown>\n#16 0x558e5521f693 <unknown>\n#17 0x558e55231613 <unknown>\n#18 0x7f684f29caa4 <unknown>\n#19 0x7f684f329c6c <unknown>",
        "time" : {
          "start" : 1760647362073,
          "stop" : 1760647372471,
          "duration" : 10398
        }
      }, {
        "uid" : "f303acb5296b508f",
        "reportUrl" : "https://Brain-up.github.io/auto-tests-python/713//#testresult/f303acb5296b508f",
        "status" : "skipped",
        "statusDetails" : "XFAIL\n\nselenium.common.exceptions.TimeoutException: Message: Can't find element by locator ('xpath', '//button[@data-test-active-link=\"Words\"]')\nStacktrace:\n#0 0x559582635fba <unknown>\n#1 0x5595820ba6d0 <unknown>\n#2 0x55958210c2aa <unknown>\n#3 0x55958210c541 <unknown>\n#4 0x55958215a6c4 <unknown>\n#5 0x559582131e5d <unknown>\n#6 0x559582157b54 <unknown>\n#7 0x559582131c03 <unknown>\n#8 0x5595820fe7a8 <unknown>\n#9 0x5595820ff421 <unknown>\n#10 0x5595825fab28 <unknown>\n#11 0x5595825fe87f <unknown>\n#12 0x5595825e2c49 <unknown>\n#13 0x5595825ff405 <unknown>\n#14 0x5595825c84ff <unknown>\n#15 0x559582623258 <unknown>\n#16 0x559582623432 <unknown>\n#17 0x559582634fa3 <unknown>\n#18 0x7fd73be9caa4 <unknown>\n#19 0x7fd73bf29c6c <unknown>",
        "time" : {
          "start" : 1760525430091,
          "stop" : 1760525440443,
          "duration" : 10352
        }
      }, {
        "uid" : "a2a730759c40cbc8",
        "reportUrl" : "https://Brain-up.github.io/auto-tests-python/712//#testresult/a2a730759c40cbc8",
        "status" : "skipped",
        "statusDetails" : "XFAIL\n\nselenium.common.exceptions.TimeoutException: Message: Can't find element by locator ('xpath', '//button[@data-test-active-link=\"Words\"]')\nStacktrace:\n#0 0x55797d7a0fba <unknown>\n#1 0x55797d2256d0 <unknown>\n#2 0x55797d2772aa <unknown>\n#3 0x55797d277541 <unknown>\n#4 0x55797d2c56c4 <unknown>\n#5 0x55797d29ce5d <unknown>\n#6 0x55797d2c2b54 <unknown>\n#7 0x55797d29cc03 <unknown>\n#8 0x55797d2697a8 <unknown>\n#9 0x55797d26a421 <unknown>\n#10 0x55797d765b28 <unknown>\n#11 0x55797d76987f <unknown>\n#12 0x55797d74dc49 <unknown>\n#13 0x55797d76a405 <unknown>\n#14 0x55797d7334ff <unknown>\n#15 0x55797d78e258 <unknown>\n#16 0x55797d78e432 <unknown>\n#17 0x55797d79ffa3 <unknown>\n#18 0x7fa944c9caa4 <unknown>\n#19 0x7fa944d29c6c <unknown>",
        "time" : {
          "start" : 1760437469703,
          "stop" : 1760437480066,
          "duration" : 10363
        }
      } ]
    },
    "tags" : [ "@pytest.mark.xfail" ]
  },
  "source" : "1d34498ce78ca983.json",
  "parameterValues" : [ ]
}