{
  "uid" : "7080f4f373a64d6a",
  "name" : "Solutions to a random task in the \"Слова\" group and comparison of statics.",
  "fullName" : "tests.test_speech_exercises_ru.TestCardsRU#test_solve_word_cards_with_statistic_ru",
  "historyId" : "0fb6881b2015244903bd7785af7503a6",
  "time" : {
    "start" : 1762164028498,
    "stop" : 1762164038836,
    "duration" : 10338
  },
  "status" : "skipped",
  "statusMessage" : "XFAIL\n\nselenium.common.exceptions.TimeoutException: Message: Can't find element by locator ('xpath', '//div[@class=\"__51e19\"]')\nStacktrace:\n#0 0x56307737eaea <unknown>\n#1 0x563076dcacdb <unknown>\n#2 0x563076e1d6c4 <unknown>\n#3 0x563076e1d901 <unknown>\n#4 0x563076e6c8b4 <unknown>\n#5 0x563076e69c87 <unknown>\n#6 0x563076e0faca <unknown>\n#7 0x563076e107d1 <unknown>\n#8 0x563077345ab9 <unknown>\n#9 0x563077348a8c <unknown>\n#10 0x56307732ed49 <unknown>\n#11 0x563077349685 <unknown>\n#12 0x5630773166c3 <unknown>\n#13 0x56307736b7d8 <unknown>\n#14 0x56307736b9b3 <unknown>\n#15 0x56307737da83 <unknown>\n#16 0x7f703289caa4 <unknown>\n#17 0x7f7032929c6c <unknown>",
  "statusTrace" : "self = <tests.test_speech_exercises_ru.TestCardsRU object at 0x7f90ce86a1b0>\ndriver = <selenium.webdriver.chrome.webdriver.WebDriver (session=\"35528d135ba42d11f663a942820909b7\")>\ndefault_user_authorized = None\n\n    @pytest.mark.xfail\n    @allure.suite(\"Речевые упражнения.\")\n    @allure.title('Solutions to a random task in the \"Слова\" group and comparison of statics.')\n    def test_solve_word_cards_with_statistic_ru(self, driver, default_user_authorized):\n        page = SpeechExercisesPageRU(driver)\n        page.click_button_ru()\n>       table = page.get_statistic_data()\n\ntests/test_speech_exercises_ru.py:165: \n_ _ _ _ _ _ _ _ _ _ _ _ _ _ _ _ _ _ _ _ _ _ _ _ _ _ _ _ _ _ _ _ _ _ _ _ _ _ _ _ \npages/speech_exercises_page_ru.py:174: in get_statistic_data\n    table = self.element_is_present(self.locators.AuthorizedUserHomePageLocators.STATISTIC_TABLE)\npages/base_page.py:32: in element_is_present\n    return Wait(self.driver, self.timeout).until(\n_ _ _ _ _ _ _ _ _ _ _ _ _ _ _ _ _ _ _ _ _ _ _ _ _ _ _ _ _ _ _ _ _ _ _ _ _ _ _ _ \n\nself = <selenium.webdriver.support.wait.WebDriverWait (session=\"35528d135ba42d11f663a942820909b7\")>\nmethod = <function presence_of_element_located.<locals>._predicate at 0x7f90ce849620>\nmessage = 'Can\\'t find element by locator (\\'xpath\\', \\'//div[@class=\"__51e19\"]\\')'\n\n    def until(self, method, message: str = \"\"):\n        \"\"\"Calls the method provided with the driver as an argument until the \\\n        return value does not evaluate to ``False``.\n    \n        :param method: callable(WebDriver)\n        :param message: optional message for :exc:`TimeoutException`\n        :returns: the result of the last call to `method`\n        :raises: :exc:`selenium.common.exceptions.TimeoutException` if timeout occurs\n        \"\"\"\n        screen = None\n        stacktrace = None\n    \n        end_time = time.monotonic() + self._timeout\n        while True:\n            try:\n                value = method(self._driver)\n                if value:\n                    return value\n            except self._ignored_exceptions as exc:\n                screen = getattr(exc, \"screen\", None)\n                stacktrace = getattr(exc, \"stacktrace\", None)\n            time.sleep(self._poll)\n            if time.monotonic() > end_time:\n                break\n>       raise TimeoutException(message, screen, stacktrace)\nE       selenium.common.exceptions.TimeoutException: Message: Can't find element by locator ('xpath', '//div[@class=\"__51e19\"]')\nE       Stacktrace:\nE       #0 0x56307737eaea <unknown>\nE       #1 0x563076dcacdb <unknown>\nE       #2 0x563076e1d6c4 <unknown>\nE       #3 0x563076e1d901 <unknown>\nE       #4 0x563076e6c8b4 <unknown>\nE       #5 0x563076e69c87 <unknown>\nE       #6 0x563076e0faca <unknown>\nE       #7 0x563076e107d1 <unknown>\nE       #8 0x563077345ab9 <unknown>\nE       #9 0x563077348a8c <unknown>\nE       #10 0x56307732ed49 <unknown>\nE       #11 0x563077349685 <unknown>\nE       #12 0x5630773166c3 <unknown>\nE       #13 0x56307736b7d8 <unknown>\nE       #14 0x56307736b9b3 <unknown>\nE       #15 0x56307737da83 <unknown>\nE       #16 0x7f703289caa4 <unknown>\nE       #17 0x7f7032929c6c <unknown>\n\n/opt/hostedtoolcache/Python/3.12.12/x64/lib/python3.12/site-packages/selenium/webdriver/support/wait.py:95: TimeoutException",
  "flaky" : false,
  "newFailed" : false,
  "beforeStages" : [ {
    "name" : "clear_allure_results_folder",
    "time" : {
      "start" : 1762162468685,
      "stop" : 1762162468685,
      "duration" : 0
    },
    "status" : "passed",
    "steps" : [ ],
    "attachments" : [ ],
    "parameters" : [ ],
    "stepsCount" : 0,
    "attachmentsCount" : 0,
    "shouldDisplayMessage" : false,
    "hasContent" : false
  }, {
    "name" : "driver",
    "time" : {
      "start" : 1762164021348,
      "stop" : 1762164022104,
      "duration" : 756
    },
    "status" : "passed",
    "steps" : [ ],
    "attachments" : [ ],
    "parameters" : [ ],
    "stepsCount" : 0,
    "attachmentsCount" : 0,
    "shouldDisplayMessage" : false,
    "hasContent" : false
  }, {
    "name" : "main_page_open",
    "time" : {
      "start" : 1762164022104,
      "stop" : 1762164026084,
      "duration" : 3980
    },
    "status" : "passed",
    "steps" : [ {
      "name" : "Open page: https://www.brainup.site/",
      "time" : {
        "start" : 1762164022104,
        "stop" : 1762164026084,
        "duration" : 3980
      },
      "status" : "passed",
      "steps" : [ ],
      "attachments" : [ ],
      "parameters" : [ {
        "name" : "driver",
        "value" : "<selenium.webdriver.chrome.webdriver.WebDriver (session=\"35528d135ba42d11f663a942820909b7\")>"
      } ],
      "stepsCount" : 0,
      "attachmentsCount" : 0,
      "shouldDisplayMessage" : false,
      "hasContent" : true
    } ],
    "attachments" : [ ],
    "parameters" : [ ],
    "stepsCount" : 1,
    "attachmentsCount" : 0,
    "shouldDisplayMessage" : false,
    "hasContent" : true
  }, {
    "name" : "default_user_authorized",
    "time" : {
      "start" : 1762164026084,
      "stop" : 1762164028498,
      "duration" : 2414
    },
    "status" : "passed",
    "steps" : [ {
      "name" : "DEFAULT user authorized",
      "time" : {
        "start" : 1762164026084,
        "stop" : 1762164028498,
        "duration" : 2414
      },
      "status" : "passed",
      "steps" : [ {
        "name" : "Check url is present: https://www.brainup.site/groups",
        "time" : {
          "start" : 1762164026453,
          "stop" : 1762164028475,
          "duration" : 2022
        },
        "status" : "passed",
        "steps" : [ ],
        "attachments" : [ ],
        "parameters" : [ ],
        "stepsCount" : 0,
        "attachmentsCount" : 0,
        "shouldDisplayMessage" : false,
        "hasContent" : false
      }, {
        "name" : "Loader checking",
        "time" : {
          "start" : 1762164028475,
          "stop" : 1762164028498,
          "duration" : 23
        },
        "status" : "passed",
        "steps" : [ ],
        "attachments" : [ ],
        "parameters" : [ ],
        "stepsCount" : 0,
        "attachmentsCount" : 0,
        "shouldDisplayMessage" : false,
        "hasContent" : false
      } ],
      "attachments" : [ ],
      "parameters" : [ {
        "name" : "driver",
        "value" : "<selenium.webdriver.chrome.webdriver.WebDriver (session=\"35528d135ba42d11f663a942820909b7\")>"
      }, {
        "name" : "main_page_open",
        "value" : "None"
      } ],
      "stepsCount" : 2,
      "attachmentsCount" : 0,
      "shouldDisplayMessage" : false,
      "hasContent" : true
    } ],
    "attachments" : [ ],
    "parameters" : [ ],
    "stepsCount" : 3,
    "attachmentsCount" : 0,
    "shouldDisplayMessage" : false,
    "hasContent" : true
  } ],
  "testStage" : {
    "status" : "skipped",
    "statusMessage" : "XFAIL\n\nselenium.common.exceptions.TimeoutException: Message: Can't find element by locator ('xpath', '//div[@class=\"__51e19\"]')\nStacktrace:\n#0 0x56307737eaea <unknown>\n#1 0x563076dcacdb <unknown>\n#2 0x563076e1d6c4 <unknown>\n#3 0x563076e1d901 <unknown>\n#4 0x563076e6c8b4 <unknown>\n#5 0x563076e69c87 <unknown>\n#6 0x563076e0faca <unknown>\n#7 0x563076e107d1 <unknown>\n#8 0x563077345ab9 <unknown>\n#9 0x563077348a8c <unknown>\n#10 0x56307732ed49 <unknown>\n#11 0x563077349685 <unknown>\n#12 0x5630773166c3 <unknown>\n#13 0x56307736b7d8 <unknown>\n#14 0x56307736b9b3 <unknown>\n#15 0x56307737da83 <unknown>\n#16 0x7f703289caa4 <unknown>\n#17 0x7f7032929c6c <unknown>",
    "statusTrace" : "self = <tests.test_speech_exercises_ru.TestCardsRU object at 0x7f90ce86a1b0>\ndriver = <selenium.webdriver.chrome.webdriver.WebDriver (session=\"35528d135ba42d11f663a942820909b7\")>\ndefault_user_authorized = None\n\n    @pytest.mark.xfail\n    @allure.suite(\"Речевые упражнения.\")\n    @allure.title('Solutions to a random task in the \"Слова\" group and comparison of statics.')\n    def test_solve_word_cards_with_statistic_ru(self, driver, default_user_authorized):\n        page = SpeechExercisesPageRU(driver)\n        page.click_button_ru()\n>       table = page.get_statistic_data()\n\ntests/test_speech_exercises_ru.py:165: \n_ _ _ _ _ _ _ _ _ _ _ _ _ _ _ _ _ _ _ _ _ _ _ _ _ _ _ _ _ _ _ _ _ _ _ _ _ _ _ _ \npages/speech_exercises_page_ru.py:174: in get_statistic_data\n    table = self.element_is_present(self.locators.AuthorizedUserHomePageLocators.STATISTIC_TABLE)\npages/base_page.py:32: in element_is_present\n    return Wait(self.driver, self.timeout).until(\n_ _ _ _ _ _ _ _ _ _ _ _ _ _ _ _ _ _ _ _ _ _ _ _ _ _ _ _ _ _ _ _ _ _ _ _ _ _ _ _ \n\nself = <selenium.webdriver.support.wait.WebDriverWait (session=\"35528d135ba42d11f663a942820909b7\")>\nmethod = <function presence_of_element_located.<locals>._predicate at 0x7f90ce849620>\nmessage = 'Can\\'t find element by locator (\\'xpath\\', \\'//div[@class=\"__51e19\"]\\')'\n\n    def until(self, method, message: str = \"\"):\n        \"\"\"Calls the method provided with the driver as an argument until the \\\n        return value does not evaluate to ``False``.\n    \n        :param method: callable(WebDriver)\n        :param message: optional message for :exc:`TimeoutException`\n        :returns: the result of the last call to `method`\n        :raises: :exc:`selenium.common.exceptions.TimeoutException` if timeout occurs\n        \"\"\"\n        screen = None\n        stacktrace = None\n    \n        end_time = time.monotonic() + self._timeout\n        while True:\n            try:\n                value = method(self._driver)\n                if value:\n                    return value\n            except self._ignored_exceptions as exc:\n                screen = getattr(exc, \"screen\", None)\n                stacktrace = getattr(exc, \"stacktrace\", None)\n            time.sleep(self._poll)\n            if time.monotonic() > end_time:\n                break\n>       raise TimeoutException(message, screen, stacktrace)\nE       selenium.common.exceptions.TimeoutException: Message: Can't find element by locator ('xpath', '//div[@class=\"__51e19\"]')\nE       Stacktrace:\nE       #0 0x56307737eaea <unknown>\nE       #1 0x563076dcacdb <unknown>\nE       #2 0x563076e1d6c4 <unknown>\nE       #3 0x563076e1d901 <unknown>\nE       #4 0x563076e6c8b4 <unknown>\nE       #5 0x563076e69c87 <unknown>\nE       #6 0x563076e0faca <unknown>\nE       #7 0x563076e107d1 <unknown>\nE       #8 0x563077345ab9 <unknown>\nE       #9 0x563077348a8c <unknown>\nE       #10 0x56307732ed49 <unknown>\nE       #11 0x563077349685 <unknown>\nE       #12 0x5630773166c3 <unknown>\nE       #13 0x56307736b7d8 <unknown>\nE       #14 0x56307736b9b3 <unknown>\nE       #15 0x56307737da83 <unknown>\nE       #16 0x7f703289caa4 <unknown>\nE       #17 0x7f7032929c6c <unknown>\n\n/opt/hostedtoolcache/Python/3.12.12/x64/lib/python3.12/site-packages/selenium/webdriver/support/wait.py:95: TimeoutException",
    "steps" : [ {
      "name" : "click_button RU",
      "time" : {
        "start" : 1762164028498,
        "stop" : 1762164028568,
        "duration" : 70
      },
      "status" : "passed",
      "steps" : [ {
        "name" : "Click button \"RU\".",
        "time" : {
          "start" : 1762164028498,
          "stop" : 1762164028568,
          "duration" : 70
        },
        "status" : "passed",
        "steps" : [ ],
        "attachments" : [ ],
        "parameters" : [ ],
        "stepsCount" : 0,
        "attachmentsCount" : 0,
        "shouldDisplayMessage" : false,
        "hasContent" : false
      } ],
      "attachments" : [ ],
      "parameters" : [ ],
      "stepsCount" : 1,
      "attachmentsCount" : 0,
      "shouldDisplayMessage" : false,
      "hasContent" : true
    }, {
      "name" : "get_statistic_data",
      "time" : {
        "start" : 1762164028568,
        "stop" : 1762164038835,
        "duration" : 10267
      },
      "status" : "broken",
      "statusMessage" : "selenium.common.exceptions.TimeoutException: Message: Can't find element by locator ('xpath', '//div[@class=\"__51e19\"]')\nStacktrace:\n#0 0x56307737eaea <unknown>\n#1 0x563076dcacdb <unknown>\n#2 0x563076e1d6c4 <unknown>\n#3 0x563076e1d901 <unknown>\n#4 0x563076e6c8b4 <unknown>\n#5 0x563076e69c87 <unknown>\n#6 0x563076e0faca <unknown>\n#7 0x563076e107d1 <unknown>\n#8 0x563077345ab9 <unknown>\n#9 0x563077348a8c <unknown>\n#10 0x56307732ed49 <unknown>\n#11 0x563077349685 <unknown>\n#12 0x5630773166c3 <unknown>\n#13 0x56307736b7d8 <unknown>\n#14 0x56307736b9b3 <unknown>\n#15 0x56307737da83 <unknown>\n#16 0x7f703289caa4 <unknown>\n#17 0x7f7032929c6c <unknown>\n\n",
      "statusTrace" : "  File \"/opt/hostedtoolcache/Python/3.12.12/x64/lib/python3.12/site-packages/allure_commons/_allure.py\", line 192, in impl\n    return func(*a, **kw)\n           ^^^^^^^^^^^^^^\n  File \"/home/runner/work/auto-tests-python/auto-tests-python/pages/speech_exercises_page_ru.py\", line 174, in get_statistic_data\n    table = self.element_is_present(self.locators.AuthorizedUserHomePageLocators.STATISTIC_TABLE)\n            ^^^^^^^^^^^^^^^^^^^^^^^^^^^^^^^^^^^^^^^^^^^^^^^^^^^^^^^^^^^^^^^^^^^^^^^^^^^^^^^^^^^^^\n  File \"/home/runner/work/auto-tests-python/auto-tests-python/pages/base_page.py\", line 32, in element_is_present\n    return Wait(self.driver, self.timeout).until(\n           ^^^^^^^^^^^^^^^^^^^^^^^^^^^^^^^^^^^^^^\n  File \"/opt/hostedtoolcache/Python/3.12.12/x64/lib/python3.12/site-packages/selenium/webdriver/support/wait.py\", line 95, in until\n    raise TimeoutException(message, screen, stacktrace)\n",
      "steps" : [ {
        "name" : "Click button \"Статистика\"\".",
        "time" : {
          "start" : 1762164028568,
          "stop" : 1762164028636,
          "duration" : 68
        },
        "status" : "passed",
        "steps" : [ ],
        "attachments" : [ ],
        "parameters" : [ ],
        "stepsCount" : 0,
        "attachmentsCount" : 0,
        "shouldDisplayMessage" : false,
        "hasContent" : false
      }, {
        "name" : "Check statistic table is present and scroll to table",
        "time" : {
          "start" : 1762164028636,
          "stop" : 1762164038835,
          "duration" : 10199
        },
        "status" : "broken",
        "statusMessage" : "selenium.common.exceptions.TimeoutException: Message: Can't find element by locator ('xpath', '//div[@class=\"__51e19\"]')\nStacktrace:\n#0 0x56307737eaea <unknown>\n#1 0x563076dcacdb <unknown>\n#2 0x563076e1d6c4 <unknown>\n#3 0x563076e1d901 <unknown>\n#4 0x563076e6c8b4 <unknown>\n#5 0x563076e69c87 <unknown>\n#6 0x563076e0faca <unknown>\n#7 0x563076e107d1 <unknown>\n#8 0x563077345ab9 <unknown>\n#9 0x563077348a8c <unknown>\n#10 0x56307732ed49 <unknown>\n#11 0x563077349685 <unknown>\n#12 0x5630773166c3 <unknown>\n#13 0x56307736b7d8 <unknown>\n#14 0x56307736b9b3 <unknown>\n#15 0x56307737da83 <unknown>\n#16 0x7f703289caa4 <unknown>\n#17 0x7f7032929c6c <unknown>\n\n",
        "statusTrace" : "  File \"/home/runner/work/auto-tests-python/auto-tests-python/pages/speech_exercises_page_ru.py\", line 174, in get_statistic_data\n    table = self.element_is_present(self.locators.AuthorizedUserHomePageLocators.STATISTIC_TABLE)\n            ^^^^^^^^^^^^^^^^^^^^^^^^^^^^^^^^^^^^^^^^^^^^^^^^^^^^^^^^^^^^^^^^^^^^^^^^^^^^^^^^^^^^^\n  File \"/home/runner/work/auto-tests-python/auto-tests-python/pages/base_page.py\", line 32, in element_is_present\n    return Wait(self.driver, self.timeout).until(\n           ^^^^^^^^^^^^^^^^^^^^^^^^^^^^^^^^^^^^^^\n  File \"/opt/hostedtoolcache/Python/3.12.12/x64/lib/python3.12/site-packages/selenium/webdriver/support/wait.py\", line 95, in until\n    raise TimeoutException(message, screen, stacktrace)\n",
        "steps" : [ ],
        "attachments" : [ ],
        "parameters" : [ ],
        "stepsCount" : 0,
        "attachmentsCount" : 0,
        "shouldDisplayMessage" : true,
        "hasContent" : true
      } ],
      "attachments" : [ ],
      "parameters" : [ ],
      "stepsCount" : 2,
      "attachmentsCount" : 0,
      "shouldDisplayMessage" : false,
      "hasContent" : true
    } ],
    "attachments" : [ ],
    "parameters" : [ ],
    "stepsCount" : 5,
    "attachmentsCount" : 0,
    "shouldDisplayMessage" : true,
    "hasContent" : true
  },
  "afterStages" : [ {
    "name" : "driver::0",
    "time" : {
      "start" : 1762164038850,
      "stop" : 1762164038916,
      "duration" : 66
    },
    "status" : "passed",
    "steps" : [ ],
    "attachments" : [ ],
    "parameters" : [ ],
    "stepsCount" : 0,
    "attachmentsCount" : 0,
    "shouldDisplayMessage" : false,
    "hasContent" : false
  } ],
  "labels" : [ {
    "name" : "epic",
    "value" : "Speech exercises."
  }, {
    "name" : "suite",
    "value" : "Речевые упражнения."
  }, {
    "name" : "tag",
    "value" : "@pytest.mark.xfail"
  }, {
    "name" : "parentSuite",
    "value" : "tests"
  }, {
    "name" : "subSuite",
    "value" : "TestCardsRU"
  }, {
    "name" : "host",
    "value" : "runnervmf2e7y"
  }, {
    "name" : "thread",
    "value" : "2513-MainThread"
  }, {
    "name" : "framework",
    "value" : "pytest"
  }, {
    "name" : "language",
    "value" : "cpython3"
  }, {
    "name" : "package",
    "value" : "tests.test_speech_exercises_ru"
  }, {
    "name" : "resultFormat",
    "value" : "allure2"
  } ],
  "parameters" : [ ],
  "links" : [ ],
  "hidden" : false,
  "retry" : false,
  "extra" : {
    "severity" : "normal",
    "retries" : [ ],
    "categories" : [ ],
    "history" : {
      "statistic" : {
        "failed" : 0,
        "broken" : 0,
        "skipped" : 365,
        "passed" : 0,
        "unknown" : 0,
        "total" : 365
      },
      "items" : [ {
        "uid" : "70beda4880223d34",
        "reportUrl" : "https://Brain-up.github.io/auto-tests-python/731//#testresult/70beda4880223d34",
        "status" : "skipped",
        "statusDetails" : "XFAIL\n\nselenium.common.exceptions.TimeoutException: Message: Can't find element by locator ('xpath', '//div[@class=\"__51e19\"]')\nStacktrace:\n#0 0x556838464aea <unknown>\n#1 0x556837eb0cdb <unknown>\n#2 0x556837f036c4 <unknown>\n#3 0x556837f03901 <unknown>\n#4 0x556837f528b4 <unknown>\n#5 0x556837f4fc87 <unknown>\n#6 0x556837ef5aca <unknown>\n#7 0x556837ef67d1 <unknown>\n#8 0x55683842bab9 <unknown>\n#9 0x55683842ea8c <unknown>\n#10 0x556838414d49 <unknown>\n#11 0x55683842f685 <unknown>\n#12 0x5568383fc6c3 <unknown>\n#13 0x5568384517d8 <unknown>\n#14 0x5568384519b3 <unknown>\n#15 0x556838463a83 <unknown>\n#16 0x7f190cc9caa4 <unknown>\n#17 0x7f190cd29c6c <unknown>",
        "time" : {
          "start" : 1762074531960,
          "stop" : 1762074542299,
          "duration" : 10339
        }
      }, {
        "uid" : "d565e3bcdc4a9246",
        "reportUrl" : "https://Brain-up.github.io/auto-tests-python/730//#testresult/d565e3bcdc4a9246",
        "status" : "skipped",
        "statusDetails" : "XFAIL\n\nselenium.common.exceptions.TimeoutException: Message: Can't find element by locator ('xpath', '//div[@class=\"__51e19\"]')\nStacktrace:\n#0 0x56454d2e0aea <unknown>\n#1 0x56454cd2ccdb <unknown>\n#2 0x56454cd7f6c4 <unknown>\n#3 0x56454cd7f901 <unknown>\n#4 0x56454cdce8b4 <unknown>\n#5 0x56454cdcbc87 <unknown>\n#6 0x56454cd71aca <unknown>\n#7 0x56454cd727d1 <unknown>\n#8 0x56454d2a7ab9 <unknown>\n#9 0x56454d2aaa8c <unknown>\n#10 0x56454d290d49 <unknown>\n#11 0x56454d2ab685 <unknown>\n#12 0x56454d2786c3 <unknown>\n#13 0x56454d2cd7d8 <unknown>\n#14 0x56454d2cd9b3 <unknown>\n#15 0x56454d2dfa83 <unknown>\n#16 0x7f961a89caa4 <unknown>\n#17 0x7f961a929c6c <unknown>",
        "time" : {
          "start" : 1761992919777,
          "stop" : 1761992930108,
          "duration" : 10331
        }
      }, {
        "uid" : "539ef4a0d7e3539a",
        "reportUrl" : "https://Brain-up.github.io/auto-tests-python/729//#testresult/539ef4a0d7e3539a",
        "status" : "skipped",
        "statusDetails" : "XFAIL\n\nselenium.common.exceptions.TimeoutException: Message: Can't find element by locator ('xpath', '//div[@class=\"__51e19\"]')\nStacktrace:\n#0 0x55c9e9204fba <unknown>\n#1 0x55c9e8c896d0 <unknown>\n#2 0x55c9e8cdb2aa <unknown>\n#3 0x55c9e8cdb541 <unknown>\n#4 0x55c9e8d296c4 <unknown>\n#5 0x55c9e8d00e5d <unknown>\n#6 0x55c9e8d26b54 <unknown>\n#7 0x55c9e8d00c03 <unknown>\n#8 0x55c9e8ccd7a8 <unknown>\n#9 0x55c9e8cce421 <unknown>\n#10 0x55c9e91c9b28 <unknown>\n#11 0x55c9e91cd87f <unknown>\n#12 0x55c9e91b1c49 <unknown>\n#13 0x55c9e91ce405 <unknown>\n#14 0x55c9e91974ff <unknown>\n#15 0x55c9e91f2258 <unknown>\n#16 0x55c9e91f2432 <unknown>\n#17 0x55c9e9203fa3 <unknown>\n#18 0x7f2c03a9caa4 <unknown>\n#19 0x7f2c03b29c6c <unknown>",
        "time" : {
          "start" : 1761907706866,
          "stop" : 1761907717202,
          "duration" : 10336
        }
      }, {
        "uid" : "55b4c4e82edc454b",
        "reportUrl" : "https://Brain-up.github.io/auto-tests-python/728//#testresult/55b4c4e82edc454b",
        "status" : "skipped",
        "statusDetails" : "XFAIL\n\nselenium.common.exceptions.TimeoutException: Message: Can't find element by locator ('xpath', '//div[@class=\"__51e19\"]')\nStacktrace:\n#0 0x55e5cc7fafba <unknown>\n#1 0x55e5cc27f6d0 <unknown>\n#2 0x55e5cc2d12aa <unknown>\n#3 0x55e5cc2d1541 <unknown>\n#4 0x55e5cc31f6c4 <unknown>\n#5 0x55e5cc2f6e5d <unknown>\n#6 0x55e5cc31cb54 <unknown>\n#7 0x55e5cc2f6c03 <unknown>\n#8 0x55e5cc2c37a8 <unknown>\n#9 0x55e5cc2c4421 <unknown>\n#10 0x55e5cc7bfb28 <unknown>\n#11 0x55e5cc7c387f <unknown>\n#12 0x55e5cc7a7c49 <unknown>\n#13 0x55e5cc7c4405 <unknown>\n#14 0x55e5cc78d4ff <unknown>\n#15 0x55e5cc7e8258 <unknown>\n#16 0x55e5cc7e8432 <unknown>\n#17 0x55e5cc7f9fa3 <unknown>\n#18 0x7f33ff89caa4 <unknown>\n#19 0x7f33ff929c6c <unknown>",
        "time" : {
          "start" : 1761817079225,
          "stop" : 1761817089565,
          "duration" : 10340
        }
      }, {
        "uid" : "937e4cfaa0310847",
        "reportUrl" : "https://Brain-up.github.io/auto-tests-python/727//#testresult/937e4cfaa0310847",
        "status" : "skipped",
        "statusDetails" : "XFAIL\n\nselenium.common.exceptions.TimeoutException: Message: Can't find element by locator ('xpath', '//div[@class=\"__51e19\"]')\nStacktrace:\n#0 0x558f0bdd2fba <unknown>\n#1 0x558f0b8576d0 <unknown>\n#2 0x558f0b8a92aa <unknown>\n#3 0x558f0b8a9541 <unknown>\n#4 0x558f0b8f76c4 <unknown>\n#5 0x558f0b8cee5d <unknown>\n#6 0x558f0b8f4b54 <unknown>\n#7 0x558f0b8cec03 <unknown>\n#8 0x558f0b89b7a8 <unknown>\n#9 0x558f0b89c421 <unknown>\n#10 0x558f0bd97b28 <unknown>\n#11 0x558f0bd9b87f <unknown>\n#12 0x558f0bd7fc49 <unknown>\n#13 0x558f0bd9c405 <unknown>\n#14 0x558f0bd654ff <unknown>\n#15 0x558f0bdc0258 <unknown>\n#16 0x558f0bdc0432 <unknown>\n#17 0x558f0bdd1fa3 <unknown>\n#18 0x7f085249caa4 <unknown>\n#19 0x7f0852529c6c <unknown>",
        "time" : {
          "start" : 1761731346668,
          "stop" : 1761731356994,
          "duration" : 10326
        }
      }, {
        "uid" : "a77f5d641b3babaf",
        "reportUrl" : "https://Brain-up.github.io/auto-tests-python/726//#testresult/a77f5d641b3babaf",
        "status" : "skipped",
        "statusDetails" : "XFAIL\n\nKeyError: 9",
        "time" : {
          "start" : 1761650488882,
          "stop" : 1761650495068,
          "duration" : 6186
        }
      }, {
        "uid" : "477cb2ff07943a29",
        "reportUrl" : "https://Brain-up.github.io/auto-tests-python/725//#testresult/477cb2ff07943a29",
        "status" : "skipped",
        "statusDetails" : "XFAIL\n\nKeyError: 23",
        "time" : {
          "start" : 1761585742198,
          "stop" : 1761585747969,
          "duration" : 5771
        }
      }, {
        "uid" : "ce8b8a0cd1835d88",
        "reportUrl" : "https://Brain-up.github.io/auto-tests-python/724//#testresult/ce8b8a0cd1835d88",
        "status" : "skipped",
        "statusDetails" : "XFAIL\n\nselenium.common.exceptions.TimeoutException: Message: Can't find element by locator ('xpath', '//div[@class=\"__51e19\"]')\nStacktrace:\n#0 0x55c6a461bfba <unknown>\n#1 0x55c6a40a06d0 <unknown>\n#2 0x55c6a40f22aa <unknown>\n#3 0x55c6a40f2541 <unknown>\n#4 0x55c6a41406c4 <unknown>\n#5 0x55c6a4117e5d <unknown>\n#6 0x55c6a413db54 <unknown>\n#7 0x55c6a4117c03 <unknown>\n#8 0x55c6a40e47a8 <unknown>\n#9 0x55c6a40e5421 <unknown>\n#10 0x55c6a45e0b28 <unknown>\n#11 0x55c6a45e487f <unknown>\n#12 0x55c6a45c8c49 <unknown>\n#13 0x55c6a45e5405 <unknown>\n#14 0x55c6a45ae4ff <unknown>\n#15 0x55c6a4609258 <unknown>\n#16 0x55c6a4609432 <unknown>\n#17 0x55c6a461afa3 <unknown>\n#18 0x7f162d69caa4 <unknown>\n#19 0x7f162d729c6c <unknown>",
        "time" : {
          "start" : 1761478810722,
          "stop" : 1761478821061,
          "duration" : 10339
        }
      }, {
        "uid" : "ac8d245440045621",
        "reportUrl" : "https://Brain-up.github.io/auto-tests-python/723//#testresult/ac8d245440045621",
        "status" : "skipped",
        "statusDetails" : "XFAIL\n\nselenium.common.exceptions.TimeoutException: Message: Can't find element by locator ('xpath', '//div[@class=\"__51e19\"]')\nStacktrace:\n#0 0x55c20ec0bfba <unknown>\n#1 0x55c20e6906d0 <unknown>\n#2 0x55c20e6e22aa <unknown>\n#3 0x55c20e6e2541 <unknown>\n#4 0x55c20e7306c4 <unknown>\n#5 0x55c20e707e5d <unknown>\n#6 0x55c20e72db54 <unknown>\n#7 0x55c20e707c03 <unknown>\n#8 0x55c20e6d47a8 <unknown>\n#9 0x55c20e6d5421 <unknown>\n#10 0x55c20ebd0b28 <unknown>\n#11 0x55c20ebd487f <unknown>\n#12 0x55c20ebb8c49 <unknown>\n#13 0x55c20ebd5405 <unknown>\n#14 0x55c20eb9e4ff <unknown>\n#15 0x55c20ebf9258 <unknown>\n#16 0x55c20ebf9432 <unknown>\n#17 0x55c20ec0afa3 <unknown>\n#18 0x7f937a49caa4 <unknown>\n#19 0x7f937a529c6c <unknown>",
        "time" : {
          "start" : 1761344581996,
          "stop" : 1761344592314,
          "duration" : 10318
        }
      }, {
        "uid" : "75ba4c510324b9b3",
        "reportUrl" : "https://Brain-up.github.io/auto-tests-python/722//#testresult/75ba4c510324b9b3",
        "status" : "skipped",
        "statusDetails" : "XFAIL\n\nselenium.common.exceptions.TimeoutException: Message: Can't find element by locator ('xpath', '//div[@class=\"__51e19\"]')\nStacktrace:\n#0 0x5639f87eefba <unknown>\n#1 0x5639f82736d0 <unknown>\n#2 0x5639f82c52aa <unknown>\n#3 0x5639f82c5541 <unknown>\n#4 0x5639f83136c4 <unknown>\n#5 0x5639f82eae5d <unknown>\n#6 0x5639f8310b54 <unknown>\n#7 0x5639f82eac03 <unknown>\n#8 0x5639f82b77a8 <unknown>\n#9 0x5639f82b8421 <unknown>\n#10 0x5639f87b3b28 <unknown>\n#11 0x5639f87b787f <unknown>\n#12 0x5639f879bc49 <unknown>\n#13 0x5639f87b8405 <unknown>\n#14 0x5639f87814ff <unknown>\n#15 0x5639f87dc258 <unknown>\n#16 0x5639f87dc432 <unknown>\n#17 0x5639f87edfa3 <unknown>\n#18 0x7fe64729caa4 <unknown>\n#19 0x7fe647329c6c <unknown>",
        "time" : {
          "start" : 1761339391636,
          "stop" : 1761339401969,
          "duration" : 10333
        }
      }, {
        "uid" : "b6c01760970e8903",
        "reportUrl" : "https://Brain-up.github.io/auto-tests-python/721//#testresult/b6c01760970e8903",
        "status" : "skipped",
        "statusDetails" : "XFAIL\n\nKeyError: 37",
        "time" : {
          "start" : 1761206660632,
          "stop" : 1761206666153,
          "duration" : 5521
        }
      }, {
        "uid" : "ec46a7194e630f44",
        "reportUrl" : "https://Brain-up.github.io/auto-tests-python/720//#testresult/ec46a7194e630f44",
        "status" : "skipped",
        "statusDetails" : "XFAIL\n\nKeyError: 11",
        "time" : {
          "start" : 1761131679609,
          "stop" : 1761131685591,
          "duration" : 5982
        }
      }, {
        "uid" : "9fedc04ac4dd25eb",
        "reportUrl" : "https://Brain-up.github.io/auto-tests-python/719//#testresult/9fedc04ac4dd25eb",
        "status" : "skipped",
        "statusDetails" : "XFAIL\n\nselenium.common.exceptions.TimeoutException: Message: Can't find element by locator ('xpath', '//div[@class=\"__51e19\"]')\nStacktrace:\n#0 0x55907e9e8fba <unknown>\n#1 0x55907e46d6d0 <unknown>\n#2 0x55907e4bf2aa <unknown>\n#3 0x55907e4bf541 <unknown>\n#4 0x55907e50d6c4 <unknown>\n#5 0x55907e4e4e5d <unknown>\n#6 0x55907e50ab54 <unknown>\n#7 0x55907e4e4c03 <unknown>\n#8 0x55907e4b17a8 <unknown>\n#9 0x55907e4b2421 <unknown>\n#10 0x55907e9adb28 <unknown>\n#11 0x55907e9b187f <unknown>\n#12 0x55907e995c49 <unknown>\n#13 0x55907e9b2405 <unknown>\n#14 0x55907e97b4ff <unknown>\n#15 0x55907e9d6258 <unknown>\n#16 0x55907e9d6432 <unknown>\n#17 0x55907e9e7fa3 <unknown>\n#18 0x7f7234a9caa4 <unknown>\n#19 0x7f7234b29c6c <unknown>",
        "time" : {
          "start" : 1761040201397,
          "stop" : 1761040211721,
          "duration" : 10324
        }
      }, {
        "uid" : "1f57d856f26a853a",
        "reportUrl" : "https://Brain-up.github.io/auto-tests-python/718//#testresult/1f57d856f26a853a",
        "status" : "skipped",
        "statusDetails" : "XFAIL\n\nselenium.common.exceptions.TimeoutException: Message: Can't find element by locator ('xpath', '//div[@class=\"__51e19\"]')\nStacktrace:\n#0 0x5624a80c967a <unknown>\n#1 0x5624a7b48566 <unknown>\n#2 0x5624a7b9a68d <unknown>\n#3 0x5624a7b9a921 <unknown>\n#4 0x5624a7be8e94 <unknown>\n#5 0x5624a7bc065d <unknown>\n#6 0x5624a7be6328 <unknown>\n#7 0x5624a7bc0403 <unknown>\n#8 0x5624a7b8cb02 <unknown>\n#9 0x5624a7b8d7c1 <unknown>\n#10 0x5624a808d448 <unknown>\n#11 0x5624a80912af <unknown>\n#12 0x5624a80748d9 <unknown>\n#13 0x5624a8091e55 <unknown>\n#14 0x5624a805a13f <unknown>\n#15 0x5624a80b64b8 <unknown>\n#16 0x5624a80b6693 <unknown>\n#17 0x5624a80c8613 <unknown>\n#18 0x7f1303c9caa4 <unknown>\n#19 0x7f1303d29c6c <unknown>",
        "time" : {
          "start" : 1760956892896,
          "stop" : 1760956903253,
          "duration" : 10357
        }
      }, {
        "uid" : "7d6f204738860b36",
        "reportUrl" : "https://Brain-up.github.io/auto-tests-python/717//#testresult/7d6f204738860b36",
        "status" : "skipped",
        "statusDetails" : "XFAIL\n\nselenium.common.exceptions.TimeoutException: Message: Can't find element by locator ('xpath', '//div[@class=\"__51e19\"]')\nStacktrace:\n#0 0x55a38ad7267a <unknown>\n#1 0x55a38a7f1566 <unknown>\n#2 0x55a38a84368d <unknown>\n#3 0x55a38a843921 <unknown>\n#4 0x55a38a891e94 <unknown>\n#5 0x55a38a86965d <unknown>\n#6 0x55a38a88f328 <unknown>\n#7 0x55a38a869403 <unknown>\n#8 0x55a38a835b02 <unknown>\n#9 0x55a38a8367c1 <unknown>\n#10 0x55a38ad36448 <unknown>\n#11 0x55a38ad3a2af <unknown>\n#12 0x55a38ad1d8d9 <unknown>\n#13 0x55a38ad3ae55 <unknown>\n#14 0x55a38ad0313f <unknown>\n#15 0x55a38ad5f4b8 <unknown>\n#16 0x55a38ad5f693 <unknown>\n#17 0x55a38ad71613 <unknown>\n#18 0x7fbb9e69caa4 <unknown>\n#19 0x7fbb9e729c6c <unknown>",
        "time" : {
          "start" : 1760876973299,
          "stop" : 1760876983643,
          "duration" : 10344
        }
      }, {
        "uid" : "b0e3fff3c4b429a1",
        "reportUrl" : "https://Brain-up.github.io/auto-tests-python/716//#testresult/b0e3fff3c4b429a1",
        "status" : "skipped",
        "statusDetails" : "XFAIL\n\nselenium.common.exceptions.TimeoutException: Message: Can't find element by locator ('xpath', '//div[@class=\"__51e19\"]')\nStacktrace:\n#0 0x55f8c636667a <unknown>\n#1 0x55f8c5de5566 <unknown>\n#2 0x55f8c5e3768d <unknown>\n#3 0x55f8c5e37921 <unknown>\n#4 0x55f8c5e85e94 <unknown>\n#5 0x55f8c5e5d65d <unknown>\n#6 0x55f8c5e83328 <unknown>\n#7 0x55f8c5e5d403 <unknown>\n#8 0x55f8c5e29b02 <unknown>\n#9 0x55f8c5e2a7c1 <unknown>\n#10 0x55f8c632a448 <unknown>\n#11 0x55f8c632e2af <unknown>\n#12 0x55f8c63118d9 <unknown>\n#13 0x55f8c632ee55 <unknown>\n#14 0x55f8c62f713f <unknown>\n#15 0x55f8c63534b8 <unknown>\n#16 0x55f8c6353693 <unknown>\n#17 0x55f8c6365613 <unknown>\n#18 0x7f3bac89caa4 <unknown>\n#19 0x7f3bac929c6c <unknown>",
        "time" : {
          "start" : 1760786379660,
          "stop" : 1760786390015,
          "duration" : 10355
        }
      }, {
        "uid" : "45a19a6e14fc416c",
        "reportUrl" : "https://Brain-up.github.io/auto-tests-python/715//#testresult/45a19a6e14fc416c",
        "status" : "skipped",
        "statusDetails" : "XFAIL\n\nselenium.common.exceptions.TimeoutException: Message: Can't find element by locator ('xpath', '//div[@class=\"__51e19\"]')\nStacktrace:\n#0 0x55cd71adafba <unknown>\n#1 0x55cd7155f6d0 <unknown>\n#2 0x55cd715b12aa <unknown>\n#3 0x55cd715b1541 <unknown>\n#4 0x55cd715ff6c4 <unknown>\n#5 0x55cd715d6e5d <unknown>\n#6 0x55cd715fcb54 <unknown>\n#7 0x55cd715d6c03 <unknown>\n#8 0x55cd715a37a8 <unknown>\n#9 0x55cd715a4421 <unknown>\n#10 0x55cd71a9fb28 <unknown>\n#11 0x55cd71aa387f <unknown>\n#12 0x55cd71a87c49 <unknown>\n#13 0x55cd71aa4405 <unknown>\n#14 0x55cd71a6d4ff <unknown>\n#15 0x55cd71ac8258 <unknown>\n#16 0x55cd71ac8432 <unknown>\n#17 0x55cd71ad9fa3 <unknown>\n#18 0x7fc82949caa4 <unknown>\n#19 0x7fc829529c6c <unknown>",
        "time" : {
          "start" : 1760652118120,
          "stop" : 1760652128465,
          "duration" : 10345
        }
      }, {
        "uid" : "aa76c7b53df3f3d4",
        "reportUrl" : "https://Brain-up.github.io/auto-tests-python/714//#testresult/aa76c7b53df3f3d4",
        "status" : "skipped",
        "statusDetails" : "XFAIL\n\nselenium.common.exceptions.TimeoutException: Message: Can't find element by locator ('xpath', '//div[@class=\"__51e19\"]')\nStacktrace:\n#0 0x55dfd9f6167a <unknown>\n#1 0x55dfd99e0566 <unknown>\n#2 0x55dfd9a3268d <unknown>\n#3 0x55dfd9a32921 <unknown>\n#4 0x55dfd9a80e94 <unknown>\n#5 0x55dfd9a5865d <unknown>\n#6 0x55dfd9a7e328 <unknown>\n#7 0x55dfd9a58403 <unknown>\n#8 0x55dfd9a24b02 <unknown>\n#9 0x55dfd9a257c1 <unknown>\n#10 0x55dfd9f25448 <unknown>\n#11 0x55dfd9f292af <unknown>\n#12 0x55dfd9f0c8d9 <unknown>\n#13 0x55dfd9f29e55 <unknown>\n#14 0x55dfd9ef213f <unknown>\n#15 0x55dfd9f4e4b8 <unknown>\n#16 0x55dfd9f4e693 <unknown>\n#17 0x55dfd9f60613 <unknown>\n#18 0x7fbfdfa9caa4 <unknown>\n#19 0x7fbfdfb29c6c <unknown>",
        "time" : {
          "start" : 1760647545834,
          "stop" : 1760647556183,
          "duration" : 10349
        }
      }, {
        "uid" : "fce6edfb6e3171b3",
        "reportUrl" : "https://Brain-up.github.io/auto-tests-python/713//#testresult/fce6edfb6e3171b3",
        "status" : "skipped",
        "statusDetails" : "XFAIL\n\nselenium.common.exceptions.TimeoutException: Message: Can't find element by locator ('xpath', '//div[@class=\"__51e19\"]')\nStacktrace:\n#0 0x5578001fcfba <unknown>\n#1 0x5577ffc816d0 <unknown>\n#2 0x5577ffcd32aa <unknown>\n#3 0x5577ffcd3541 <unknown>\n#4 0x5577ffd216c4 <unknown>\n#5 0x5577ffcf8e5d <unknown>\n#6 0x5577ffd1eb54 <unknown>\n#7 0x5577ffcf8c03 <unknown>\n#8 0x5577ffcc57a8 <unknown>\n#9 0x5577ffcc6421 <unknown>\n#10 0x5578001c1b28 <unknown>\n#11 0x5578001c587f <unknown>\n#12 0x5578001a9c49 <unknown>\n#13 0x5578001c6405 <unknown>\n#14 0x55780018f4ff <unknown>\n#15 0x5578001ea258 <unknown>\n#16 0x5578001ea432 <unknown>\n#17 0x5578001fbfa3 <unknown>\n#18 0x7f3f7f09caa4 <unknown>\n#19 0x7f3f7f129c6c <unknown>",
        "time" : {
          "start" : 1760525615109,
          "stop" : 1760525625441,
          "duration" : 10332
        }
      }, {
        "uid" : "f29ac48c89338cf8",
        "reportUrl" : "https://Brain-up.github.io/auto-tests-python/712//#testresult/f29ac48c89338cf8",
        "status" : "skipped",
        "statusDetails" : "XFAIL\n\nselenium.common.exceptions.TimeoutException: Message: Can't find element by locator ('xpath', '//div[@class=\"__51e19\"]')\nStacktrace:\n#0 0x558c6f45dfba <unknown>\n#1 0x558c6eee26d0 <unknown>\n#2 0x558c6ef342aa <unknown>\n#3 0x558c6ef34541 <unknown>\n#4 0x558c6ef826c4 <unknown>\n#5 0x558c6ef59e5d <unknown>\n#6 0x558c6ef7fb54 <unknown>\n#7 0x558c6ef59c03 <unknown>\n#8 0x558c6ef267a8 <unknown>\n#9 0x558c6ef27421 <unknown>\n#10 0x558c6f422b28 <unknown>\n#11 0x558c6f42687f <unknown>\n#12 0x558c6f40ac49 <unknown>\n#13 0x558c6f427405 <unknown>\n#14 0x558c6f3f04ff <unknown>\n#15 0x558c6f44b258 <unknown>\n#16 0x558c6f44b432 <unknown>\n#17 0x558c6f45cfa3 <unknown>\n#18 0x7feff609caa4 <unknown>\n#19 0x7feff6129c6c <unknown>",
        "time" : {
          "start" : 1760437696424,
          "stop" : 1760437706766,
          "duration" : 10342
        }
      } ]
    },
    "tags" : [ "@pytest.mark.xfail" ]
  },
  "source" : "7080f4f373a64d6a.json",
  "parameterValues" : [ ]
}