{"uid":"5cb8e9ef76be08ff","name":"Check progres-bar and buttons.","fullName":"tests.test_speech_exercises_en.TestCardsEN#test_progress_bar_is_present_en","historyId":"efb827312bdd34b296637645e49b0897","time":{"start":1767088585136,"stop":1767088595498,"duration":10362},"status":"skipped","statusMessage":"XFAIL\n\nselenium.common.exceptions.TimeoutException: Message: Can't find element by locator ('xpath', '//button[@data-test-active-link=\"Words\"]')\nStacktrace:\n#0 0x55bcd0a5119a <unknown>\n#1 0x55bcd04cec4b <unknown>\n#2 0x55bcd0520318 <unknown>\n#3 0x55bcd0520551 <unknown>\n#4 0x55bcd056e764 <unknown>\n#5 0x55bcd056bbee <unknown>\n#6 0x55bcd0512c42 <unknown>\n#7 0x55bcd05138f1 <unknown>\n#8 0x55bcd0a19f39 <unknown>\n#9 0x55bcd0a1ce7d <unknown>\n#10 0x55bcd0a02c81 <unknown>\n#11 0x55bcd0a1da5b <unknown>\n#12 0x55bcd09e9a50 <unknown>\n#13 0x55bcd0a3eaa8 <unknown>\n#14 0x55bcd0a3ec79 <unknown>\n#15 0x55bcd0a504f3 <unknown>\n#16 0x7f3110c9caa4 <unknown>\n#17 0x7f3110d29c6c <unknown>","statusTrace":"self = <tests.test_speech_exercises_en.TestCardsEN object at 0x7f24b9354800>\ndriver = <selenium.webdriver.chrome.webdriver.WebDriver (session=\"5d9ea33915538d245cd6678abf529272\")>\nspecialist_user_authorized = None\n\n    @pytest.mark.xfail\n    @allure.suite(\"Speech exercises EN.\")\n    @allure.title('Check progres-bar and buttons.')\n    def test_progress_bar_is_present_en(self, driver, specialist_user_authorized):\n        page = SpeechExercisesPage(driver)\n>       page.select_group(SpeechExercisesPageLocators.WORDS_BUTTON_EN)\n\ntests/test_speech_exercises_en.py:34: \n_ _ _ _ _ _ _ _ _ _ _ _ _ _ _ _ _ _ _ _ _ _ _ _ _ _ _ _ _ _ _ _ _ _ _ _ _ _ _ _ \npages/speech_exercises_page_en.py:18: in select_group\n    text_of_the_button = self.element_is_present_and_clickable(selector_for_sub_group)\npages/base_page.py:40: in element_is_present_and_clickable\n    return (Wait(self.driver, self.timeout).until(\n_ _ _ _ _ _ _ _ _ _ _ _ _ _ _ _ _ _ _ _ _ _ _ _ _ _ _ _ _ _ _ _ _ _ _ _ _ _ _ _ \n\nself = <selenium.webdriver.support.wait.WebDriverWait (session=\"5d9ea33915538d245cd6678abf529272\")>\nmethod = <function visibility_of_element_located.<locals>._predicate at 0x7f24b93085e0>\nmessage = 'Can\\'t find element by locator (\\'xpath\\', \\'//button[@data-test-active-link=\"Words\"]\\')'\n\n    def until(self, method, message: str = \"\"):\n        \"\"\"Calls the method provided with the driver as an argument until the \\\n        return value does not evaluate to ``False``.\n    \n        :param method: callable(WebDriver)\n        :param message: optional message for :exc:`TimeoutException`\n        :returns: the result of the last call to `method`\n        :raises: :exc:`selenium.common.exceptions.TimeoutException` if timeout occurs\n        \"\"\"\n        screen = None\n        stacktrace = None\n    \n        end_time = time.monotonic() + self._timeout\n        while True:\n            try:\n                value = method(self._driver)\n                if value:\n                    return value\n            except self._ignored_exceptions as exc:\n                screen = getattr(exc, \"screen\", None)\n                stacktrace = getattr(exc, \"stacktrace\", None)\n            time.sleep(self._poll)\n            if time.monotonic() > end_time:\n                break\n>       raise TimeoutException(message, screen, stacktrace)\nE       selenium.common.exceptions.TimeoutException: Message: Can't find element by locator ('xpath', '//button[@data-test-active-link=\"Words\"]')\nE       Stacktrace:\nE       #0 0x55bcd0a5119a <unknown>\nE       #1 0x55bcd04cec4b <unknown>\nE       #2 0x55bcd0520318 <unknown>\nE       #3 0x55bcd0520551 <unknown>\nE       #4 0x55bcd056e764 <unknown>\nE       #5 0x55bcd056bbee <unknown>\nE       #6 0x55bcd0512c42 <unknown>\nE       #7 0x55bcd05138f1 <unknown>\nE       #8 0x55bcd0a19f39 <unknown>\nE       #9 0x55bcd0a1ce7d <unknown>\nE       #10 0x55bcd0a02c81 <unknown>\nE       #11 0x55bcd0a1da5b <unknown>\nE       #12 0x55bcd09e9a50 <unknown>\nE       #13 0x55bcd0a3eaa8 <unknown>\nE       #14 0x55bcd0a3ec79 <unknown>\nE       #15 0x55bcd0a504f3 <unknown>\nE       #16 0x7f3110c9caa4 <unknown>\nE       #17 0x7f3110d29c6c <unknown>\n\n/opt/hostedtoolcache/Python/3.12.12/x64/lib/python3.12/site-packages/selenium/webdriver/support/wait.py:95: TimeoutException","flaky":false,"newFailed":false,"newBroken":false,"newPassed":false,"retriesCount":0,"retriesStatusChange":false,"beforeStages":[{"name":"clear_allure_results_folder","time":{"start":1767087458637,"stop":1767087458637,"duration":0},"status":"passed","steps":[],"attachments":[],"parameters":[],"stepsCount":0,"shouldDisplayMessage":false,"attachmentsCount":0,"hasContent":false,"attachmentStep":false},{"name":"driver","time":{"start":1767088579448,"stop":1767088580216,"duration":768},"status":"passed","steps":[],"attachments":[],"parameters":[],"stepsCount":0,"shouldDisplayMessage":false,"attachmentsCount":0,"hasContent":false,"attachmentStep":false},{"name":"main_page_open","time":{"start":1767088580216,"stop":1767088582716,"duration":2500},"status":"passed","steps":[{"name":"Open page: https://www.brainup.site/","time":{"start":1767088580216,"stop":1767088582716,"duration":2500},"status":"passed","steps":[],"attachments":[],"parameters":[{"name":"driver","value":"<selenium.webdriver.chrome.webdriver.WebDriver (session=\"5d9ea33915538d245cd6678abf529272\")>"}],"stepsCount":0,"shouldDisplayMessage":false,"attachmentsCount":0,"hasContent":true,"attachmentStep":false}],"attachments":[],"parameters":[],"stepsCount":1,"shouldDisplayMessage":false,"attachmentsCount":0,"hasContent":true,"attachmentStep":false},{"name":"specialist_user_authorized","time":{"start":1767088582716,"stop":1767088585135,"duration":2419},"status":"passed","steps":[{"name":"USER specialist authorized","time":{"start":1767088582717,"stop":1767088585135,"duration":2418},"status":"passed","steps":[{"name":"Check url is present: https://www.brainup.site/groups","time":{"start":1767088583095,"stop":1767088585113,"duration":2018},"status":"passed","steps":[],"attachments":[],"parameters":[],"stepsCount":0,"shouldDisplayMessage":false,"attachmentsCount":0,"hasContent":false,"attachmentStep":false},{"name":"Loader checking","time":{"start":1767088585113,"stop":1767088585135,"duration":22},"status":"passed","steps":[],"attachments":[],"parameters":[],"stepsCount":0,"shouldDisplayMessage":false,"attachmentsCount":0,"hasContent":false,"attachmentStep":false}],"attachments":[],"parameters":[{"name":"driver","value":"<selenium.webdriver.chrome.webdriver.WebDriver (session=\"5d9ea33915538d245cd6678abf529272\")>"},{"name":"main_page_open","value":"None"}],"stepsCount":2,"shouldDisplayMessage":false,"attachmentsCount":0,"hasContent":true,"attachmentStep":false}],"attachments":[],"parameters":[],"stepsCount":3,"shouldDisplayMessage":false,"attachmentsCount":0,"hasContent":true,"attachmentStep":false}],"testStage":{"status":"skipped","statusMessage":"XFAIL\n\nselenium.common.exceptions.TimeoutException: Message: Can't find element by locator ('xpath', '//button[@data-test-active-link=\"Words\"]')\nStacktrace:\n#0 0x55bcd0a5119a <unknown>\n#1 0x55bcd04cec4b <unknown>\n#2 0x55bcd0520318 <unknown>\n#3 0x55bcd0520551 <unknown>\n#4 0x55bcd056e764 <unknown>\n#5 0x55bcd056bbee <unknown>\n#6 0x55bcd0512c42 <unknown>\n#7 0x55bcd05138f1 <unknown>\n#8 0x55bcd0a19f39 <unknown>\n#9 0x55bcd0a1ce7d <unknown>\n#10 0x55bcd0a02c81 <unknown>\n#11 0x55bcd0a1da5b <unknown>\n#12 0x55bcd09e9a50 <unknown>\n#13 0x55bcd0a3eaa8 <unknown>\n#14 0x55bcd0a3ec79 <unknown>\n#15 0x55bcd0a504f3 <unknown>\n#16 0x7f3110c9caa4 <unknown>\n#17 0x7f3110d29c6c <unknown>","statusTrace":"self = <tests.test_speech_exercises_en.TestCardsEN object at 0x7f24b9354800>\ndriver = <selenium.webdriver.chrome.webdriver.WebDriver (session=\"5d9ea33915538d245cd6678abf529272\")>\nspecialist_user_authorized = None\n\n    @pytest.mark.xfail\n    @allure.suite(\"Speech exercises EN.\")\n    @allure.title('Check progres-bar and buttons.')\n    def test_progress_bar_is_present_en(self, driver, specialist_user_authorized):\n        page = SpeechExercisesPage(driver)\n>       page.select_group(SpeechExercisesPageLocators.WORDS_BUTTON_EN)\n\ntests/test_speech_exercises_en.py:34: \n_ _ _ _ _ _ _ _ _ _ _ _ _ _ _ _ _ _ _ _ _ _ _ _ _ _ _ _ _ _ _ _ _ _ _ _ _ _ _ _ \npages/speech_exercises_page_en.py:18: in select_group\n    text_of_the_button = self.element_is_present_and_clickable(selector_for_sub_group)\npages/base_page.py:40: in element_is_present_and_clickable\n    return (Wait(self.driver, self.timeout).until(\n_ _ _ _ _ _ _ _ _ _ _ _ _ _ _ _ _ _ _ _ _ _ _ _ _ _ _ _ _ _ _ _ _ _ _ _ _ _ _ _ \n\nself = <selenium.webdriver.support.wait.WebDriverWait (session=\"5d9ea33915538d245cd6678abf529272\")>\nmethod = <function visibility_of_element_located.<locals>._predicate at 0x7f24b93085e0>\nmessage = 'Can\\'t find element by locator (\\'xpath\\', \\'//button[@data-test-active-link=\"Words\"]\\')'\n\n    def until(self, method, message: str = \"\"):\n        \"\"\"Calls the method provided with the driver as an argument until the \\\n        return value does not evaluate to ``False``.\n    \n        :param method: callable(WebDriver)\n        :param message: optional message for :exc:`TimeoutException`\n        :returns: the result of the last call to `method`\n        :raises: :exc:`selenium.common.exceptions.TimeoutException` if timeout occurs\n        \"\"\"\n        screen = None\n        stacktrace = None\n    \n        end_time = time.monotonic() + self._timeout\n        while True:\n            try:\n                value = method(self._driver)\n                if value:\n                    return value\n            except self._ignored_exceptions as exc:\n                screen = getattr(exc, \"screen\", None)\n                stacktrace = getattr(exc, \"stacktrace\", None)\n            time.sleep(self._poll)\n            if time.monotonic() > end_time:\n                break\n>       raise TimeoutException(message, screen, stacktrace)\nE       selenium.common.exceptions.TimeoutException: Message: Can't find element by locator ('xpath', '//button[@data-test-active-link=\"Words\"]')\nE       Stacktrace:\nE       #0 0x55bcd0a5119a <unknown>\nE       #1 0x55bcd04cec4b <unknown>\nE       #2 0x55bcd0520318 <unknown>\nE       #3 0x55bcd0520551 <unknown>\nE       #4 0x55bcd056e764 <unknown>\nE       #5 0x55bcd056bbee <unknown>\nE       #6 0x55bcd0512c42 <unknown>\nE       #7 0x55bcd05138f1 <unknown>\nE       #8 0x55bcd0a19f39 <unknown>\nE       #9 0x55bcd0a1ce7d <unknown>\nE       #10 0x55bcd0a02c81 <unknown>\nE       #11 0x55bcd0a1da5b <unknown>\nE       #12 0x55bcd09e9a50 <unknown>\nE       #13 0x55bcd0a3eaa8 <unknown>\nE       #14 0x55bcd0a3ec79 <unknown>\nE       #15 0x55bcd0a504f3 <unknown>\nE       #16 0x7f3110c9caa4 <unknown>\nE       #17 0x7f3110d29c6c <unknown>\n\n/opt/hostedtoolcache/Python/3.12.12/x64/lib/python3.12/site-packages/selenium/webdriver/support/wait.py:95: TimeoutException","steps":[{"name":"select_group","time":{"start":1767088585136,"stop":1767088595498,"duration":10362},"status":"broken","statusMessage":"selenium.common.exceptions.TimeoutException: Message: Can't find element by locator ('xpath', '//button[@data-test-active-link=\"Words\"]')\nStacktrace:\n#0 0x55bcd0a5119a <unknown>\n#1 0x55bcd04cec4b <unknown>\n#2 0x55bcd0520318 <unknown>\n#3 0x55bcd0520551 <unknown>\n#4 0x55bcd056e764 <unknown>\n#5 0x55bcd056bbee <unknown>\n#6 0x55bcd0512c42 <unknown>\n#7 0x55bcd05138f1 <unknown>\n#8 0x55bcd0a19f39 <unknown>\n#9 0x55bcd0a1ce7d <unknown>\n#10 0x55bcd0a02c81 <unknown>\n#11 0x55bcd0a1da5b <unknown>\n#12 0x55bcd09e9a50 <unknown>\n#13 0x55bcd0a3eaa8 <unknown>\n#14 0x55bcd0a3ec79 <unknown>\n#15 0x55bcd0a504f3 <unknown>\n#16 0x7f3110c9caa4 <unknown>\n#17 0x7f3110d29c6c <unknown>\n\n","statusTrace":"  File \"/opt/hostedtoolcache/Python/3.12.12/x64/lib/python3.12/site-packages/allure_commons/_allure.py\", line 192, in impl\n    return func(*a, **kw)\n           ^^^^^^^^^^^^^^\n  File \"/home/runner/work/auto-tests-python/auto-tests-python/pages/speech_exercises_page_en.py\", line 18, in select_group\n    text_of_the_button = self.element_is_present_and_clickable(selector_for_sub_group)\n                         ^^^^^^^^^^^^^^^^^^^^^^^^^^^^^^^^^^^^^^^^^^^^^^^^^^^^^^^^^^^^^\n  File \"/home/runner/work/auto-tests-python/auto-tests-python/pages/base_page.py\", line 40, in element_is_present_and_clickable\n    return (Wait(self.driver, self.timeout).until(\n            ^^^^^^^^^^^^^^^^^^^^^^^^^^^^^^^^^^^^^^\n  File \"/opt/hostedtoolcache/Python/3.12.12/x64/lib/python3.12/site-packages/selenium/webdriver/support/wait.py\", line 95, in until\n    raise TimeoutException(message, screen, stacktrace)\n","steps":[{"name":"Select Russian language. Click \"EN\" button.","time":{"start":1767088585136,"stop":1767088585213,"duration":77},"status":"passed","steps":[],"attachments":[],"parameters":[],"stepsCount":0,"shouldDisplayMessage":false,"attachmentsCount":0,"hasContent":false,"attachmentStep":false},{"name":"Click button \"SPEECH EXERCISES\".","time":{"start":1767088585213,"stop":1767088585289,"duration":76},"status":"passed","steps":[],"attachments":[],"parameters":[],"stepsCount":0,"shouldDisplayMessage":false,"attachmentsCount":0,"hasContent":false,"attachmentStep":false}],"attachments":[],"parameters":[{"name":"selector_for_sub_group","value":"('xpath', '//button[@data-test-active-link=\"Words\"]')"}],"stepsCount":2,"shouldDisplayMessage":true,"attachmentsCount":0,"hasContent":true,"attachmentStep":false}],"attachments":[],"parameters":[],"stepsCount":3,"shouldDisplayMessage":true,"attachmentsCount":0,"hasContent":true,"attachmentStep":false},"afterStages":[{"name":"driver::0","time":{"start":1767088595509,"stop":1767088595577,"duration":68},"status":"passed","steps":[],"attachments":[],"parameters":[],"stepsCount":0,"shouldDisplayMessage":false,"attachmentsCount":0,"hasContent":false,"attachmentStep":false}],"labels":[{"name":"suite","value":"Speech exercises EN."},{"name":"epic","value":"Speech exercises."},{"name":"tag","value":"@pytest.mark.xfail"},{"name":"parentSuite","value":"tests"},{"name":"subSuite","value":"TestCardsEN"},{"name":"host","value":"runnervmh13bl"},{"name":"thread","value":"2586-MainThread"},{"name":"framework","value":"pytest"},{"name":"language","value":"cpython3"},{"name":"package","value":"tests.test_speech_exercises_en"},{"name":"resultFormat","value":"allure2"}],"parameters":[],"links":[],"hidden":false,"retry":false,"extra":{"severity":"normal","retries":[],"categories":[],"history":{"statistic":{"failed":0,"broken":0,"skipped":55,"passed":0,"unknown":0,"total":55},"items":[{"uid":"91f173ff1d071d9c","reportUrl":"https://Brain-up.github.io/auto-tests-python/788/#testresult/91f173ff1d071d9c","status":"skipped","statusDetails":"XFAIL\n\nselenium.common.exceptions.TimeoutException: Message: Can't find element by locator ('xpath', '//button[@data-test-active-link=\"Words\"]')\nStacktrace:\n#0 0x55a38c8a719a <unknown>\n#1 0x55a38c324c4b <unknown>\n#2 0x55a38c376318 <unknown>\n#3 0x55a38c376551 <unknown>\n#4 0x55a38c3c4764 <unknown>\n#5 0x55a38c3c1bee <unknown>\n#6 0x55a38c368c42 <unknown>\n#7 0x55a38c3698f1 <unknown>\n#8 0x55a38c86ff39 <unknown>\n#9 0x55a38c872e7d <unknown>\n#10 0x55a38c858c81 <unknown>\n#11 0x55a38c873a5b <unknown>\n#12 0x55a38c83fa50 <unknown>\n#13 0x55a38c894aa8 <unknown>\n#14 0x55a38c894c79 <unknown>\n#15 0x55a38c8a64f3 <unknown>\n#16 0x7fe00ca9caa4 <unknown>\n#17 0x7fe00cb29c6c <unknown>","time":{"start":1766998168818,"stop":1766998179122,"duration":10304}},{"uid":"d087faa92a4f47a6","reportUrl":"https://Brain-up.github.io/auto-tests-python/787/#testresult/d087faa92a4f47a6","status":"skipped","statusDetails":"XFAIL\n\nselenium.common.exceptions.TimeoutException: Message: Can't find element by locator ('xpath', '//button[@data-test-active-link=\"Words\"]')\nStacktrace:\n#0 0x562bf19cc19a <unknown>\n#1 0x562bf1449c4b <unknown>\n#2 0x562bf149b318 <unknown>\n#3 0x562bf149b551 <unknown>\n#4 0x562bf14e9764 <unknown>\n#5 0x562bf14e6bee <unknown>\n#6 0x562bf148dc42 <unknown>\n#7 0x562bf148e8f1 <unknown>\n#8 0x562bf1994f39 <unknown>\n#9 0x562bf1997e7d <unknown>\n#10 0x562bf197dc81 <unknown>\n#11 0x562bf1998a5b <unknown>\n#12 0x562bf1964a50 <unknown>\n#13 0x562bf19b9aa8 <unknown>\n#14 0x562bf19b9c79 <unknown>\n#15 0x562bf19cb4f3 <unknown>\n#16 0x7fd432a9caa4 <unknown>\n#17 0x7fd432b29c6c <unknown>","time":{"start":1766923993327,"stop":1766924003625,"duration":10298}},{"uid":"71a5a1bd52e111b5","reportUrl":"https://Brain-up.github.io/auto-tests-python/786/#testresult/71a5a1bd52e111b5","status":"skipped","statusDetails":"XFAIL\n\nselenium.common.exceptions.TimeoutException: Message: Can't find element by locator ('xpath', '//button[@data-test-active-link=\"Words\"]')\nStacktrace:\n#0 0x564c0ab2d19a <unknown>\n#1 0x564c0a5aac4b <unknown>\n#2 0x564c0a5fc318 <unknown>\n#3 0x564c0a5fc551 <unknown>\n#4 0x564c0a64a764 <unknown>\n#5 0x564c0a647bee <unknown>\n#6 0x564c0a5eec42 <unknown>\n#7 0x564c0a5ef8f1 <unknown>\n#8 0x564c0aaf5f39 <unknown>\n#9 0x564c0aaf8e7d <unknown>\n#10 0x564c0aadec81 <unknown>\n#11 0x564c0aaf9a5b <unknown>\n#12 0x564c0aac5a50 <unknown>\n#13 0x564c0ab1aaa8 <unknown>\n#14 0x564c0ab1ac79 <unknown>\n#15 0x564c0ab2c4f3 <unknown>\n#16 0x7fa8ffc9caa4 <unknown>\n#17 0x7fa8ffd29c6c <unknown>","time":{"start":1766834227665,"stop":1766834238021,"duration":10356}},{"uid":"371696091a0f4a80","reportUrl":"https://Brain-up.github.io/auto-tests-python/785/#testresult/371696091a0f4a80","status":"skipped","statusDetails":"XFAIL\n\nselenium.common.exceptions.TimeoutException: Message: Can't find element by locator ('xpath', '//button[@data-test-active-link=\"Words\"]')\nStacktrace:\n#0 0x55866ad5f19a <unknown>\n#1 0x55866a7dcc4b <unknown>\n#2 0x55866a82e318 <unknown>\n#3 0x55866a82e551 <unknown>\n#4 0x55866a87c764 <unknown>\n#5 0x55866a879bee <unknown>\n#6 0x55866a820c42 <unknown>\n#7 0x55866a8218f1 <unknown>\n#8 0x55866ad27f39 <unknown>\n#9 0x55866ad2ae7d <unknown>\n#10 0x55866ad10c81 <unknown>\n#11 0x55866ad2ba5b <unknown>\n#12 0x55866acf7a50 <unknown>\n#13 0x55866ad4caa8 <unknown>\n#14 0x55866ad4cc79 <unknown>\n#15 0x55866ad5e4f3 <unknown>\n#16 0x7fba5cc9caa4 <unknown>\n#17 0x7fba5cd29c6c <unknown>","time":{"start":1766753124417,"stop":1766753134724,"duration":10307}},{"uid":"fe8ed04819d86df1","reportUrl":"https://Brain-up.github.io/auto-tests-python/784/#testresult/fe8ed04819d86df1","status":"skipped","statusDetails":"XFAIL\n\nselenium.common.exceptions.TimeoutException: Message: Can't find element by locator ('xpath', '//button[@data-test-active-link=\"Words\"]')\nStacktrace:\n#0 0x556e302e519a <unknown>\n#1 0x556e2fd62c4b <unknown>\n#2 0x556e2fdb4318 <unknown>\n#3 0x556e2fdb4551 <unknown>\n#4 0x556e2fe02764 <unknown>\n#5 0x556e2fdffbee <unknown>\n#6 0x556e2fda6c42 <unknown>\n#7 0x556e2fda78f1 <unknown>\n#8 0x556e302adf39 <unknown>\n#9 0x556e302b0e7d <unknown>\n#10 0x556e30296c81 <unknown>\n#11 0x556e302b1a5b <unknown>\n#12 0x556e3027da50 <unknown>\n#13 0x556e302d2aa8 <unknown>\n#14 0x556e302d2c79 <unknown>\n#15 0x556e302e44f3 <unknown>\n#16 0x7f14c3c9caa4 <unknown>\n#17 0x7f14c3d29c6c <unknown>","time":{"start":1766688472675,"stop":1766688483020,"duration":10345}},{"uid":"f74b48c1734b3b89","reportUrl":"https://Brain-up.github.io/auto-tests-python/783/#testresult/f74b48c1734b3b89","status":"skipped","statusDetails":"XFAIL\n\nselenium.common.exceptions.TimeoutException: Message: Can't find element by locator ('xpath', '//button[@data-test-active-link=\"Words\"]')\nStacktrace:\n#0 0x563b01a7b19a <unknown>\n#1 0x563b014f8c4b <unknown>\n#2 0x563b0154a318 <unknown>\n#3 0x563b0154a551 <unknown>\n#4 0x563b01598764 <unknown>\n#5 0x563b01595bee <unknown>\n#6 0x563b0153cc42 <unknown>\n#7 0x563b0153d8f1 <unknown>\n#8 0x563b01a43f39 <unknown>\n#9 0x563b01a46e7d <unknown>\n#10 0x563b01a2cc81 <unknown>\n#11 0x563b01a47a5b <unknown>\n#12 0x563b01a13a50 <unknown>\n#13 0x563b01a68aa8 <unknown>\n#14 0x563b01a68c79 <unknown>\n#15 0x563b01a7a4f3 <unknown>\n#16 0x7f106389caa4 <unknown>\n#17 0x7f1063929c6c <unknown>","time":{"start":1766575484933,"stop":1766575495275,"duration":10342}},{"uid":"fd91d89792100d46","reportUrl":"https://Brain-up.github.io/auto-tests-python/782/#testresult/fd91d89792100d46","status":"skipped","statusDetails":"XFAIL\n\nselenium.common.exceptions.TimeoutException: Message: Can't find element by locator ('xpath', '//button[@data-test-active-link=\"Words\"]')\nStacktrace:\n#0 0x556c9033519a <unknown>\n#1 0x556c8fdb2c4b <unknown>\n#2 0x556c8fe04318 <unknown>\n#3 0x556c8fe04551 <unknown>\n#4 0x556c8fe52764 <unknown>\n#5 0x556c8fe4fbee <unknown>\n#6 0x556c8fdf6c42 <unknown>\n#7 0x556c8fdf78f1 <unknown>\n#8 0x556c902fdf39 <unknown>\n#9 0x556c90300e7d <unknown>\n#10 0x556c902e6c81 <unknown>\n#11 0x556c90301a5b <unknown>\n#12 0x556c902cda50 <unknown>\n#13 0x556c90322aa8 <unknown>\n#14 0x556c90322c79 <unknown>\n#15 0x556c903344f3 <unknown>\n#16 0x7fde66c9caa4 <unknown>\n#17 0x7fde66d29c6c <unknown>","time":{"start":1766475752183,"stop":1766475762479,"duration":10296}},{"uid":"d74dd3bdfb0bf08c","reportUrl":"https://Brain-up.github.io/auto-tests-python/781/#testresult/d74dd3bdfb0bf08c","status":"skipped","statusDetails":"XFAIL\n\nselenium.common.exceptions.TimeoutException: Message: Can't find element by locator ('xpath', '//button[@data-test-active-link=\"Words\"]')\nStacktrace:\n#0 0x5611805e619a <unknown>\n#1 0x561180063c4b <unknown>\n#2 0x5611800b5318 <unknown>\n#3 0x5611800b5551 <unknown>\n#4 0x561180103764 <unknown>\n#5 0x561180100bee <unknown>\n#6 0x5611800a7c42 <unknown>\n#7 0x5611800a88f1 <unknown>\n#8 0x5611805aef39 <unknown>\n#9 0x5611805b1e7d <unknown>\n#10 0x561180597c81 <unknown>\n#11 0x5611805b2a5b <unknown>\n#12 0x56118057ea50 <unknown>\n#13 0x5611805d3aa8 <unknown>\n#14 0x5611805d3c79 <unknown>\n#15 0x5611805e54f3 <unknown>\n#16 0x7f11e649caa4 <unknown>\n#17 0x7f11e6529c6c <unknown>","time":{"start":1766401592614,"stop":1766401602975,"duration":10361}},{"uid":"c9edd23cc28954e3","reportUrl":"https://Brain-up.github.io/auto-tests-python/780/#testresult/c9edd23cc28954e3","status":"skipped","statusDetails":"XFAIL\n\nselenium.common.exceptions.TimeoutException: Message: Can't find element by locator ('xpath', '//button[@data-test-active-link=\"Words\"]')\nStacktrace:\n#0 0x559d3e1e419a <unknown>\n#1 0x559d3dc61c4b <unknown>\n#2 0x559d3dcb3318 <unknown>\n#3 0x559d3dcb3551 <unknown>\n#4 0x559d3dd01764 <unknown>\n#5 0x559d3dcfebee <unknown>\n#6 0x559d3dca5c42 <unknown>\n#7 0x559d3dca68f1 <unknown>\n#8 0x559d3e1acf39 <unknown>\n#9 0x559d3e1afe7d <unknown>\n#10 0x559d3e195c81 <unknown>\n#11 0x559d3e1b0a5b <unknown>\n#12 0x559d3e17ca50 <unknown>\n#13 0x559d3e1d1aa8 <unknown>\n#14 0x559d3e1d1c79 <unknown>\n#15 0x559d3e1e34f3 <unknown>\n#16 0x7f104e49caa4 <unknown>\n#17 0x7f104e529c6c <unknown>","time":{"start":1766324278824,"stop":1766324289160,"duration":10336}},{"uid":"c7ee0bcd22c4500","reportUrl":"https://Brain-up.github.io/auto-tests-python/779/#testresult/c7ee0bcd22c4500","status":"skipped","statusDetails":"XFAIL\n\nselenium.common.exceptions.TimeoutException: Message: Can't find element by locator ('xpath', '//button[@data-test-active-link=\"Words\"]')\nStacktrace:\n#0 0x5598ab5ce19a <unknown>\n#1 0x5598ab04bc4b <unknown>\n#2 0x5598ab09d318 <unknown>\n#3 0x5598ab09d551 <unknown>\n#4 0x5598ab0eb764 <unknown>\n#5 0x5598ab0e8bee <unknown>\n#6 0x5598ab08fc42 <unknown>\n#7 0x5598ab0908f1 <unknown>\n#8 0x5598ab596f39 <unknown>\n#9 0x5598ab599e7d <unknown>\n#10 0x5598ab57fc81 <unknown>\n#11 0x5598ab59aa5b <unknown>\n#12 0x5598ab566a50 <unknown>\n#13 0x5598ab5bbaa8 <unknown>\n#14 0x5598ab5bbc79 <unknown>\n#15 0x5598ab5cd4f3 <unknown>\n#16 0x7fc0ac49caa4 <unknown>\n#17 0x7fc0ac529c6c <unknown>","time":{"start":1766229992052,"stop":1766230002402,"duration":10350}},{"uid":"7d644db2e2538492","reportUrl":"https://Brain-up.github.io/auto-tests-python/778/#testresult/7d644db2e2538492","status":"skipped","statusDetails":"XFAIL\n\nselenium.common.exceptions.TimeoutException: Message: Can't find element by locator ('xpath', '//button[@data-test-active-link=\"Words\"]')\nStacktrace:\n#0 0x5556abdb219a <unknown>\n#1 0x5556ab82fc4b <unknown>\n#2 0x5556ab881318 <unknown>\n#3 0x5556ab881551 <unknown>\n#4 0x5556ab8cf764 <unknown>\n#5 0x5556ab8ccbee <unknown>\n#6 0x5556ab873c42 <unknown>\n#7 0x5556ab8748f1 <unknown>\n#8 0x5556abd7af39 <unknown>\n#9 0x5556abd7de7d <unknown>\n#10 0x5556abd63c81 <unknown>\n#11 0x5556abd7ea5b <unknown>\n#12 0x5556abd4aa50 <unknown>\n#13 0x5556abd9faa8 <unknown>\n#14 0x5556abd9fc79 <unknown>\n#15 0x5556abdb14f3 <unknown>\n#16 0x7ff99f09caa4 <unknown>\n#17 0x7ff99f129c6c <unknown>","time":{"start":1766133659248,"stop":1766133669600,"duration":10352}},{"uid":"6526ec5e21562256","reportUrl":"https://Brain-up.github.io/auto-tests-python/777/#testresult/6526ec5e21562256","status":"skipped","statusDetails":"XFAIL\n\nselenium.common.exceptions.TimeoutException: Message: Can't find element by locator ('xpath', '//button[@data-test-active-link=\"Words\"]')\nStacktrace:\n#0 0x555b33e8e19a <unknown>\n#1 0x555b3390bc4b <unknown>\n#2 0x555b3395d318 <unknown>\n#3 0x555b3395d551 <unknown>\n#4 0x555b339ab764 <unknown>\n#5 0x555b339a8bee <unknown>\n#6 0x555b3394fc42 <unknown>\n#7 0x555b339508f1 <unknown>\n#8 0x555b33e56f39 <unknown>\n#9 0x555b33e59e7d <unknown>\n#10 0x555b33e3fc81 <unknown>\n#11 0x555b33e5aa5b <unknown>\n#12 0x555b33e26a50 <unknown>\n#13 0x555b33e7baa8 <unknown>\n#14 0x555b33e7bc79 <unknown>\n#15 0x555b33e8d4f3 <unknown>\n#16 0x7f7f2cc9caa4 <unknown>\n#17 0x7f7f2cd29c6c <unknown>","time":{"start":1766052349030,"stop":1766052359411,"duration":10381}},{"uid":"55f6eb5874854644","reportUrl":"https://Brain-up.github.io/auto-tests-python/776/#testresult/55f6eb5874854644","status":"skipped","statusDetails":"XFAIL\n\nselenium.common.exceptions.TimeoutException: Message: Can't find element by locator ('xpath', '//button[@data-test-active-link=\"Words\"]')\nStacktrace:\n#0 0x562bb2bda16a <unknown>\n#1 0x562bb2657c4b <unknown>\n#2 0x562bb26a9318 <unknown>\n#3 0x562bb26a9551 <unknown>\n#4 0x562bb26f7764 <unknown>\n#5 0x562bb26f4bee <unknown>\n#6 0x562bb269bc42 <unknown>\n#7 0x562bb269c8f1 <unknown>\n#8 0x562bb2ba2f09 <unknown>\n#9 0x562bb2ba5e4d <unknown>\n#10 0x562bb2b8bc51 <unknown>\n#11 0x562bb2ba6a2b <unknown>\n#12 0x562bb2b72a20 <unknown>\n#13 0x562bb2bc7a78 <unknown>\n#14 0x562bb2bc7c49 <unknown>\n#15 0x562bb2bd94c3 <unknown>\n#16 0x7f483049caa4 <unknown>\n#17 0x7f4830529c6c <unknown>","time":{"start":1765970225997,"stop":1765970236381,"duration":10384}},{"uid":"4594570e6a203d3a","reportUrl":"https://Brain-up.github.io/auto-tests-python/775/#testresult/4594570e6a203d3a","status":"skipped","statusDetails":"XFAIL\n\nselenium.common.exceptions.TimeoutException: Message: Can't find element by locator ('xpath', '//button[@data-test-active-link=\"Words\"]')\nStacktrace:\n#0 0x55a6bb50816a <unknown>\n#1 0x55a6baf85c4b <unknown>\n#2 0x55a6bafd7318 <unknown>\n#3 0x55a6bafd7551 <unknown>\n#4 0x55a6bb025764 <unknown>\n#5 0x55a6bb022bee <unknown>\n#6 0x55a6bafc9c42 <unknown>\n#7 0x55a6bafca8f1 <unknown>\n#8 0x55a6bb4d0f09 <unknown>\n#9 0x55a6bb4d3e4d <unknown>\n#10 0x55a6bb4b9c51 <unknown>\n#11 0x55a6bb4d4a2b <unknown>\n#12 0x55a6bb4a0a20 <unknown>\n#13 0x55a6bb4f5a78 <unknown>\n#14 0x55a6bb4f5c49 <unknown>\n#15 0x55a6bb5074c3 <unknown>\n#16 0x7f484049caa4 <unknown>\n#17 0x7f4840529c6c <unknown>","time":{"start":1765883435422,"stop":1765883445779,"duration":10357}},{"uid":"45616f9d91903d21","reportUrl":"https://Brain-up.github.io/auto-tests-python/774/#testresult/45616f9d91903d21","status":"skipped","statusDetails":"XFAIL\n\nselenium.common.exceptions.TimeoutException: Message: Can't find element by locator ('xpath', '//button[@data-test-active-link=\"Words\"]')\nStacktrace:\n#0 0x564149a7f16a <unknown>\n#1 0x5641494fcc4b <unknown>\n#2 0x56414954e318 <unknown>\n#3 0x56414954e551 <unknown>\n#4 0x56414959c764 <unknown>\n#5 0x564149599bee <unknown>\n#6 0x564149540c42 <unknown>\n#7 0x5641495418f1 <unknown>\n#8 0x564149a47f09 <unknown>\n#9 0x564149a4ae4d <unknown>\n#10 0x564149a30c51 <unknown>\n#11 0x564149a4ba2b <unknown>\n#12 0x564149a17a20 <unknown>\n#13 0x564149a6ca78 <unknown>\n#14 0x564149a6cc49 <unknown>\n#15 0x564149a7e4c3 <unknown>\n#16 0x7ff81129caa4 <unknown>\n#17 0x7ff811329c6c <unknown>","time":{"start":1765800285728,"stop":1765800296028,"duration":10300}},{"uid":"7e4139337024b05f","reportUrl":"https://Brain-up.github.io/auto-tests-python/773/#testresult/7e4139337024b05f","status":"skipped","statusDetails":"XFAIL\n\nselenium.common.exceptions.TimeoutException: Message: Can't find element by locator ('xpath', '//button[@data-test-active-link=\"Words\"]')\nStacktrace:\n#0 0x55cf8789216a <unknown>\n#1 0x55cf8730fc4b <unknown>\n#2 0x55cf87361318 <unknown>\n#3 0x55cf87361551 <unknown>\n#4 0x55cf873af764 <unknown>\n#5 0x55cf873acbee <unknown>\n#6 0x55cf87353c42 <unknown>\n#7 0x55cf873548f1 <unknown>\n#8 0x55cf8785af09 <unknown>\n#9 0x55cf8785de4d <unknown>\n#10 0x55cf87843c51 <unknown>\n#11 0x55cf8785ea2b <unknown>\n#12 0x55cf8782aa20 <unknown>\n#13 0x55cf8787fa78 <unknown>\n#14 0x55cf8787fc49 <unknown>\n#15 0x55cf878914c3 <unknown>\n#16 0x7f046d69caa4 <unknown>\n#17 0x7f046d729c6c <unknown>","time":{"start":1765737333249,"stop":1765737343604,"duration":10355}},{"uid":"d66e1e8af8b5d813","reportUrl":"https://Brain-up.github.io/auto-tests-python/772/#testresult/d66e1e8af8b5d813","status":"skipped","statusDetails":"XFAIL\n\nselenium.common.exceptions.TimeoutException: Message: Can't find element by locator ('xpath', '//button[@data-test-active-link=\"Words\"]')\nStacktrace:\n#0 0x55d89ae7216a <unknown>\n#1 0x55d89a8efc4b <unknown>\n#2 0x55d89a941318 <unknown>\n#3 0x55d89a941551 <unknown>\n#4 0x55d89a98f764 <unknown>\n#5 0x55d89a98cbee <unknown>\n#6 0x55d89a933c42 <unknown>\n#7 0x55d89a9348f1 <unknown>\n#8 0x55d89ae3af09 <unknown>\n#9 0x55d89ae3de4d <unknown>\n#10 0x55d89ae23c51 <unknown>\n#11 0x55d89ae3ea2b <unknown>\n#12 0x55d89ae0aa20 <unknown>\n#13 0x55d89ae5fa78 <unknown>\n#14 0x55d89ae5fc49 <unknown>\n#15 0x55d89ae714c3 <unknown>\n#16 0x7fc7a8a9caa4 <unknown>\n#17 0x7fc7a8b29c6c <unknown>","time":{"start":1765626870432,"stop":1765626880789,"duration":10357}},{"uid":"5eee26059ebbcfde","reportUrl":"https://Brain-up.github.io/auto-tests-python/771/#testresult/5eee26059ebbcfde","status":"skipped","statusDetails":"XFAIL\n\nselenium.common.exceptions.TimeoutException: Message: Can't find element by locator ('xpath', '//button[@data-test-active-link=\"Words\"]')\nStacktrace:\n#0 0x55673be0216a <unknown>\n#1 0x55673b87fc4b <unknown>\n#2 0x55673b8d1318 <unknown>\n#3 0x55673b8d1551 <unknown>\n#4 0x55673b91f764 <unknown>\n#5 0x55673b91cbee <unknown>\n#6 0x55673b8c3c42 <unknown>\n#7 0x55673b8c48f1 <unknown>\n#8 0x55673bdcaf09 <unknown>\n#9 0x55673bdcde4d <unknown>\n#10 0x55673bdb3c51 <unknown>\n#11 0x55673bdcea2b <unknown>\n#12 0x55673bd9aa20 <unknown>\n#13 0x55673bdefa78 <unknown>\n#14 0x55673bdefc49 <unknown>\n#15 0x55673be014c3 <unknown>\n#16 0x7fa02549caa4 <unknown>\n#17 0x7fa025529c6c <unknown>","time":{"start":1765530031926,"stop":1765530042284,"duration":10358}},{"uid":"c0d6253b9f24d77e","reportUrl":"https://Brain-up.github.io/auto-tests-python/770/#testresult/c0d6253b9f24d77e","status":"skipped","statusDetails":"XFAIL\n\nselenium.common.exceptions.TimeoutException: Message: Can't find element by locator ('xpath', '//button[@data-test-active-link=\"Words\"]')\nStacktrace:\n#0 0x557f662a216a <unknown>\n#1 0x557f65d1fc4b <unknown>\n#2 0x557f65d71318 <unknown>\n#3 0x557f65d71551 <unknown>\n#4 0x557f65dbf764 <unknown>\n#5 0x557f65dbcbee <unknown>\n#6 0x557f65d63c42 <unknown>\n#7 0x557f65d648f1 <unknown>\n#8 0x557f6626af09 <unknown>\n#9 0x557f6626de4d <unknown>\n#10 0x557f66253c51 <unknown>\n#11 0x557f6626ea2b <unknown>\n#12 0x557f6623aa20 <unknown>\n#13 0x557f6628fa78 <unknown>\n#14 0x557f6628fc49 <unknown>\n#15 0x557f662a14c3 <unknown>\n#16 0x7f006e29caa4 <unknown>\n#17 0x7f006e329c6c <unknown>","time":{"start":1765429153851,"stop":1765429164195,"duration":10344}},{"uid":"f7afadf0ebaa0fb4","reportUrl":"https://Brain-up.github.io/auto-tests-python/769/#testresult/f7afadf0ebaa0fb4","status":"skipped","statusDetails":"XFAIL\n\nselenium.common.exceptions.TimeoutException: Message: Can't find element by locator ('xpath', '//button[@data-test-active-link=\"Words\"]')\nStacktrace:\n#0 0x561dcc34f4ca <unknown>\n#1 0x561dcbd9de4b <unknown>\n#2 0x561dcbdf0814 <unknown>\n#3 0x561dcbdf0a51 <unknown>\n#4 0x561dcbe3fa44 <unknown>\n#5 0x561dcbe3cdf7 <unknown>\n#6 0x561dcbde2c2a <unknown>\n#7 0x561dcbde3931 <unknown>\n#8 0x561dcc315cf9 <unknown>\n#9 0x561dcc318cdc <unknown>\n#10 0x561dcc2fef79 <unknown>\n#11 0x561dcc3198b5 <unknown>\n#12 0x561dcc2e69c3 <unknown>\n#13 0x561dcc33c228 <unknown>\n#14 0x561dcc33c403 <unknown>\n#15 0x561dcc34e463 <unknown>\n#16 0x7f6c1e89caa4 <unknown>\n#17 0x7f6c1e929c6c <unknown>","time":{"start":1765131828626,"stop":1765131838965,"duration":10339}}]},"tags":["@pytest.mark.xfail"]},"source":"5cb8e9ef76be08ff.json","parameterValues":[]}