{"uid":"225973adb8d16ca6","name":"Verify if breadcrumbs links lead to correct pages after clicking","fullName":"tests.exercises_ru_words_page_test.TestExRuWordsPageLinks#test_erw_03_04_verify_breadcrumbs_links_navigation","historyId":"d6cf02c584a431d1590abf067f5e9e2b","time":{"start":1769543620722,"stop":1769543620722,"duration":0},"status":"broken","statusMessage":"selenium.common.exceptions.TimeoutException: Message: Can't find element by locator https://www.brainup.site/groups","statusTrace":"self = <pages.base_page.BasePage object at 0x7ffa324f5ac0>\nurl = 'https://www.brainup.site/groups'\n\n    def check_expected_link(self, url):\n        with allure.step(f'Check url is present: {url}'):\n            try:\n>               return Wait(self.driver, self.timeout).until(\n                    EC.url_to_be(url), message=f\"Can't find element by locator {url}\")\n\npages/base_page.py:80: \n_ _ _ _ _ _ _ _ _ _ _ _ _ _ _ _ _ _ _ _ _ _ _ _ _ _ _ _ _ _ _ _ _ _ _ _ _ _ _ _ \n\nself = <selenium.webdriver.support.wait.WebDriverWait (session=\"25a94dc67b1299383e97d0a15ee98bc7\")>\nmethod = <function url_to_be.<locals>._predicate at 0x7ffa32b91580>\nmessage = \"Can't find element by locator https://www.brainup.site/groups\"\n\n    def until(self, method, message: str = \"\"):\n        \"\"\"Calls the method provided with the driver as an argument until the \\\n        return value does not evaluate to ``False``.\n    \n        :param method: callable(WebDriver)\n        :param message: optional message for :exc:`TimeoutException`\n        :returns: the result of the last call to `method`\n        :raises: :exc:`selenium.common.exceptions.TimeoutException` if timeout occurs\n        \"\"\"\n        screen = None\n        stacktrace = None\n    \n        end_time = time.monotonic() + self._timeout\n        while True:\n            try:\n                value = method(self._driver)\n                if value:\n                    return value\n            except self._ignored_exceptions as exc:\n                screen = getattr(exc, \"screen\", None)\n                stacktrace = getattr(exc, \"stacktrace\", None)\n            time.sleep(self._poll)\n            if time.monotonic() > end_time:\n                break\n>       raise TimeoutException(message, screen, stacktrace)\nE       selenium.common.exceptions.TimeoutException: Message: Can't find element by locator https://www.brainup.site/groups\n\n/opt/hostedtoolcache/Python/3.12.12/x64/lib/python3.12/site-packages/selenium/webdriver/support/wait.py:95: TimeoutException\n\nDuring handling of the above exception, another exception occurred:\n\ndriver = <selenium.webdriver.chrome.webdriver.WebDriver (session=\"25a94dc67b1299383e97d0a15ee98bc7\")>\nmain_page_open = None\n\n    @pytest.fixture()\n    @allure.step('Auto test user authorized')\n    def auto_test_user_authorized(driver, main_page_open):\n        page = BasePage(driver)\n        page.element_is_present_and_clickable(MainPageLocators.LOGIN_BUTTON).click()\n        page.element_is_visible(LoginPageLocators.INPUT_LOGIN).send_keys(os.environ[\"LOGIN\"])\n        page.element_is_visible(LoginPageLocators.INPUT_PASSWORD).send_keys(os.environ[\"PASSWORD\"])\n        page.element_is_present_and_clickable(LoginPageLocators.SIGN_IN_BUTTON).click()\n>       page.check_expected_link(MainPageLinks.URL_GROUPS_PAGE)\n\ntests/conftest.py:178: \n_ _ _ _ _ _ _ _ _ _ _ _ _ _ _ _ _ _ _ _ _ _ _ _ _ _ _ _ _ _ _ _ _ _ _ _ _ _ _ _ \npages/base_page.py:84: in check_expected_link\n    return Wait(self.driver, self.timeout).until(\n_ _ _ _ _ _ _ _ _ _ _ _ _ _ _ _ _ _ _ _ _ _ _ _ _ _ _ _ _ _ _ _ _ _ _ _ _ _ _ _ \n\nself = <selenium.webdriver.support.wait.WebDriverWait (session=\"25a94dc67b1299383e97d0a15ee98bc7\")>\nmethod = <function url_to_be.<locals>._predicate at 0x7ffa32571800>\nmessage = \"Can't find element by locator https://www.brainup.site/groups\"\n\n    def until(self, method, message: str = \"\"):\n        \"\"\"Calls the method provided with the driver as an argument until the \\\n        return value does not evaluate to ``False``.\n    \n        :param method: callable(WebDriver)\n        :param message: optional message for :exc:`TimeoutException`\n        :returns: the result of the last call to `method`\n        :raises: :exc:`selenium.common.exceptions.TimeoutException` if timeout occurs\n        \"\"\"\n        screen = None\n        stacktrace = None\n    \n        end_time = time.monotonic() + self._timeout\n        while True:\n            try:\n                value = method(self._driver)\n                if value:\n                    return value\n            except self._ignored_exceptions as exc:\n                screen = getattr(exc, \"screen\", None)\n                stacktrace = getattr(exc, \"stacktrace\", None)\n            time.sleep(self._poll)\n            if time.monotonic() > end_time:\n                break\n>       raise TimeoutException(message, screen, stacktrace)\nE       selenium.common.exceptions.TimeoutException: Message: Can't find element by locator https://www.brainup.site/groups\n\n/opt/hostedtoolcache/Python/3.12.12/x64/lib/python3.12/site-packages/selenium/webdriver/support/wait.py:95: TimeoutException","flaky":false,"newFailed":false,"newBroken":true,"newPassed":false,"retriesCount":0,"retriesStatusChange":false,"beforeStages":[{"name":"clear_allure_results_folder","time":{"start":1769543132141,"stop":1769543132141,"duration":0},"status":"passed","steps":[],"attachments":[],"parameters":[],"stepsCount":0,"shouldDisplayMessage":false,"attachmentsCount":0,"hasContent":false,"attachmentStep":false},{"name":"driver","time":{"start":1769543620723,"stop":1769543621489,"duration":766},"status":"passed","steps":[],"attachments":[],"parameters":[],"stepsCount":0,"shouldDisplayMessage":false,"attachmentsCount":0,"hasContent":false,"attachmentStep":false},{"name":"main_page_open","time":{"start":1769543621490,"stop":1769543624702,"duration":3212},"status":"passed","steps":[{"name":"Open page: https://www.brainup.site/","time":{"start":1769543621490,"stop":1769543624702,"duration":3212},"status":"passed","steps":[],"attachments":[],"parameters":[{"name":"driver","value":"<selenium.webdriver.chrome.webdriver.WebDriver (session=\"25a94dc67b1299383e97d0a15ee98bc7\")>"}],"stepsCount":0,"shouldDisplayMessage":false,"attachmentsCount":0,"hasContent":true,"attachmentStep":false}],"attachments":[],"parameters":[],"stepsCount":1,"shouldDisplayMessage":false,"attachmentsCount":0,"hasContent":true,"attachmentStep":false},{"name":"auto_test_user_authorized","time":{"start":1769543624702,"stop":1769543645248,"duration":20546},"status":"broken","statusMessage":"selenium.common.exceptions.TimeoutException: Message: Can't find element by locator https://www.brainup.site/groups\n\n","statusTrace":"  File \"/opt/hostedtoolcache/Python/3.12.12/x64/lib/python3.12/site-packages/pluggy/_callers.py\", line 38, in run_old_style_hookwrapper\n    res = yield\n          ^^^^^\n  File \"/opt/hostedtoolcache/Python/3.12.12/x64/lib/python3.12/site-packages/pluggy/_callers.py\", line 139, in _multicall\n    teardown.throw(exception)\n  File \"/opt/hostedtoolcache/Python/3.12.12/x64/lib/python3.12/site-packages/pluggy/_callers.py\", line 53, in run_old_style_hookwrapper\n    return result.get_result()\n           ^^^^^^^^^^^^^^^^^^^\n  File \"/opt/hostedtoolcache/Python/3.12.12/x64/lib/python3.12/site-packages/pluggy/_result.py\", line 103, in get_result\n    raise exc.with_traceback(tb)\n  File \"/opt/hostedtoolcache/Python/3.12.12/x64/lib/python3.12/site-packages/pluggy/_callers.py\", line 38, in run_old_style_hookwrapper\n    res = yield\n          ^^^^^\n  File \"/opt/hostedtoolcache/Python/3.12.12/x64/lib/python3.12/site-packages/pluggy/_callers.py\", line 121, in _multicall\n    res = hook_impl.function(*args)\n          ^^^^^^^^^^^^^^^^^^^^^^^^^\n  File \"/opt/hostedtoolcache/Python/3.12.12/x64/lib/python3.12/site-packages/_pytest/fixtures.py\", line 1123, in pytest_fixture_setup\n    result = call_fixture_func(fixturefunc, request, kwargs)\n             ^^^^^^^^^^^^^^^^^^^^^^^^^^^^^^^^^^^^^^^^^^^^^^^\n  File \"/opt/hostedtoolcache/Python/3.12.12/x64/lib/python3.12/site-packages/_pytest/fixtures.py\", line 902, in call_fixture_func\n    fixture_result = fixturefunc(**kwargs)\n                     ^^^^^^^^^^^^^^^^^^^^^\n  File \"/opt/hostedtoolcache/Python/3.12.12/x64/lib/python3.12/site-packages/allure_commons/_allure.py\", line 192, in impl\n    return func(*a, **kw)\n           ^^^^^^^^^^^^^^\n  File \"/home/runner/work/auto-tests-python/auto-tests-python/tests/conftest.py\", line 178, in auto_test_user_authorized\n    page.check_expected_link(MainPageLinks.URL_GROUPS_PAGE)\n  File \"/home/runner/work/auto-tests-python/auto-tests-python/pages/base_page.py\", line 84, in check_expected_link\n    return Wait(self.driver, self.timeout).until(\n           ^^^^^^^^^^^^^^^^^^^^^^^^^^^^^^^^^^^^^^\n  File \"/opt/hostedtoolcache/Python/3.12.12/x64/lib/python3.12/site-packages/selenium/webdriver/support/wait.py\", line 95, in until\n    raise TimeoutException(message, screen, stacktrace)\n","steps":[{"name":"Auto test user authorized","time":{"start":1769543624703,"stop":1769543645247,"duration":20544},"status":"broken","statusMessage":"selenium.common.exceptions.TimeoutException: Message: Can't find element by locator https://www.brainup.site/groups\n\n","statusTrace":"  File \"/opt/hostedtoolcache/Python/3.12.12/x64/lib/python3.12/site-packages/allure_commons/_allure.py\", line 192, in impl\n    return func(*a, **kw)\n           ^^^^^^^^^^^^^^\n  File \"/home/runner/work/auto-tests-python/auto-tests-python/tests/conftest.py\", line 178, in auto_test_user_authorized\n    page.check_expected_link(MainPageLinks.URL_GROUPS_PAGE)\n  File \"/home/runner/work/auto-tests-python/auto-tests-python/pages/base_page.py\", line 84, in check_expected_link\n    return Wait(self.driver, self.timeout).until(\n           ^^^^^^^^^^^^^^^^^^^^^^^^^^^^^^^^^^^^^^\n  File \"/opt/hostedtoolcache/Python/3.12.12/x64/lib/python3.12/site-packages/selenium/webdriver/support/wait.py\", line 95, in until\n    raise TimeoutException(message, screen, stacktrace)\n","steps":[{"name":"Check url is present: https://www.brainup.site/groups","time":{"start":1769543625095,"stop":1769543645247,"duration":20152},"status":"broken","statusMessage":"selenium.common.exceptions.TimeoutException: Message: Can't find element by locator https://www.brainup.site/groups\n\n","statusTrace":"  File \"/home/runner/work/auto-tests-python/auto-tests-python/pages/base_page.py\", line 84, in check_expected_link\n    return Wait(self.driver, self.timeout).until(\n           ^^^^^^^^^^^^^^^^^^^^^^^^^^^^^^^^^^^^^^\n  File \"/opt/hostedtoolcache/Python/3.12.12/x64/lib/python3.12/site-packages/selenium/webdriver/support/wait.py\", line 95, in until\n    raise TimeoutException(message, screen, stacktrace)\n","steps":[],"attachments":[],"parameters":[],"stepsCount":0,"shouldDisplayMessage":true,"attachmentsCount":0,"hasContent":true,"attachmentStep":false}],"attachments":[],"parameters":[{"name":"driver","value":"<selenium.webdriver.chrome.webdriver.WebDriver (session=\"25a94dc67b1299383e97d0a15ee98bc7\")>"},{"name":"main_page_open","value":"None"}],"stepsCount":1,"shouldDisplayMessage":false,"attachmentsCount":0,"hasContent":true,"attachmentStep":false}],"attachments":[],"parameters":[],"stepsCount":2,"shouldDisplayMessage":false,"attachmentsCount":0,"hasContent":true,"attachmentStep":false}],"afterStages":[{"name":"driver::0","time":{"start":1769543645298,"stop":1769543645373,"duration":75},"status":"passed","steps":[],"attachments":[],"parameters":[],"stepsCount":0,"shouldDisplayMessage":false,"attachmentsCount":0,"hasContent":false,"attachmentStep":false}],"labels":[{"name":"epic","value":"The Exercises 'Words' Page on the 'ru' local"},{"name":"parentSuite","value":"tests"},{"name":"suite","value":"exercises_ru_words_page_test"},{"name":"subSuite","value":"TestExercisesRuWordsPage"},{"name":"host","value":"runnervmymu0l"},{"name":"thread","value":"2695-MainThread"},{"name":"framework","value":"pytest"},{"name":"language","value":"cpython3"},{"name":"package","value":"tests.exercises_ru_words_page_test"},{"name":"resultFormat","value":"allure2"}],"parameters":[],"links":[],"hidden":false,"retry":false,"extra":{"severity":"normal","retries":[],"categories":[{"name":"Test defects","matchedStatuses":[],"flaky":false}],"history":{"statistic":{"failed":0,"broken":1,"skipped":0,"passed":20,"unknown":0,"total":21},"items":[{"uid":"cc36371d9fc3e5c6","reportUrl":"https://Brain-up.github.io/auto-tests-python/813/#testresult/cc36371d9fc3e5c6","status":"passed","time":{"start":1769425110609,"stop":1769425113026,"duration":2417}},{"uid":"2e6e4c7f62c64a13","reportUrl":"https://Brain-up.github.io/auto-tests-python/812/#testresult/2e6e4c7f62c64a13","status":"passed","time":{"start":1769335441312,"stop":1769335443637,"duration":2325}},{"uid":"85c8f4091e89235f","reportUrl":"https://Brain-up.github.io/auto-tests-python/811/#testresult/85c8f4091e89235f","status":"passed","time":{"start":1769252090103,"stop":1769252092537,"duration":2434}},{"uid":"ca208f615bddd5ec","reportUrl":"https://Brain-up.github.io/auto-tests-python/810/#testresult/ca208f615bddd5ec","status":"passed","time":{"start":1769070699802,"stop":1769070702568,"duration":2766}},{"uid":"c58904237cf2d4c9","reportUrl":"https://Brain-up.github.io/auto-tests-python/809/#testresult/c58904237cf2d4c9","status":"passed","time":{"start":1768988653895,"stop":1768988656645,"duration":2750}},{"uid":"d0154d9855302eda","reportUrl":"https://Brain-up.github.io/auto-tests-python/808/#testresult/d0154d9855302eda","status":"passed","time":{"start":1768905955545,"stop":1768905958286,"duration":2741}},{"uid":"13cd026cc8c980ca","reportUrl":"https://Brain-up.github.io/auto-tests-python/807/#testresult/13cd026cc8c980ca","status":"passed","time":{"start":1768820372092,"stop":1768820374444,"duration":2352}},{"uid":"bad5d4346ac556f3","reportUrl":"https://Brain-up.github.io/auto-tests-python/806/#testresult/bad5d4346ac556f3","status":"passed","time":{"start":1768736604101,"stop":1768736606543,"duration":2442}},{"uid":"7742361c0888a326","reportUrl":"https://Brain-up.github.io/auto-tests-python/805/#testresult/7742361c0888a326","status":"passed","time":{"start":1768647067685,"stop":1768647069976,"duration":2291}},{"uid":"efb531c095d3be64","reportUrl":"https://Brain-up.github.io/auto-tests-python/804/#testresult/efb531c095d3be64","status":"passed","time":{"start":1768558099458,"stop":1768558101865,"duration":2407}},{"uid":"249cb3b08fd176ac","reportUrl":"https://Brain-up.github.io/auto-tests-python/803/#testresult/249cb3b08fd176ac","status":"passed","time":{"start":1768471195622,"stop":1768471197984,"duration":2362}},{"uid":"6cbe8f0e045d28dd","reportUrl":"https://Brain-up.github.io/auto-tests-python/802/#testresult/6cbe8f0e045d28dd","status":"passed","time":{"start":1768396512713,"stop":1768396515595,"duration":2882}},{"uid":"9f3c3f3c72f50243","reportUrl":"https://Brain-up.github.io/auto-tests-python/801/#testresult/9f3c3f3c72f50243","status":"passed","time":{"start":1768298039278,"stop":1768298042008,"duration":2730}},{"uid":"7478725ed8fdfe7f","reportUrl":"https://Brain-up.github.io/auto-tests-python/800/#testresult/7478725ed8fdfe7f","status":"passed","time":{"start":1768194882645,"stop":1768194885171,"duration":2526}},{"uid":"89490118eb05a0e1","reportUrl":"https://Brain-up.github.io/auto-tests-python/799/#testresult/89490118eb05a0e1","status":"passed","time":{"start":1768045146980,"stop":1768045149390,"duration":2410}},{"uid":"1aa75c40f99c5ce5","reportUrl":"https://Brain-up.github.io/auto-tests-python/798/#testresult/1aa75c40f99c5ce5","status":"passed","time":{"start":1767951768977,"stop":1767951771746,"duration":2769}},{"uid":"ef346e7d379bf4bd","reportUrl":"https://Brain-up.github.io/auto-tests-python/797/#testresult/ef346e7d379bf4bd","status":"passed","time":{"start":1767867379062,"stop":1767867381365,"duration":2303}},{"uid":"b14bf353cd4d0bf5","reportUrl":"https://Brain-up.github.io/auto-tests-python/796/#testresult/b14bf353cd4d0bf5","status":"passed","time":{"start":1767791966384,"stop":1767791969135,"duration":2751}},{"uid":"4b552140cdbcfb65","reportUrl":"https://Brain-up.github.io/auto-tests-python/795/#testresult/4b552140cdbcfb65","status":"passed","time":{"start":1767706745484,"stop":1767706747991,"duration":2507}},{"uid":"df407ac78d702c96","reportUrl":"https://Brain-up.github.io/auto-tests-python/794/#testresult/df407ac78d702c96","status":"passed","time":{"start":1767701745615,"stop":1767701748379,"duration":2764}}]},"tags":[]},"source":"225973adb8d16ca6.json","parameterValues":[]}