{"uid":"241213705f552c09","name":"Select random card from \"Word\" group and compare UI vs BACKEND data","fullName":"tests.test_speech_exercises_en.TestCardsEN#test_random_word_cards_en","historyId":"84999af5e98c6318908a9abbfe6fc3a3","time":{"start":1769600773553,"stop":1769600783898,"duration":10345},"status":"skipped","statusMessage":"XFAIL\n\nselenium.common.exceptions.TimeoutException: Message: Can't find element by locator ('xpath', '//button[@data-test-active-link=\"Words\"]')\nStacktrace:\n#0 0x55bc3666bc3a <unknown>\n#1 0x55bc36085969 <unknown>\n#2 0x55bc360daead <unknown>\n#3 0x55bc360db0f1 <unknown>\n#4 0x55bc361267e4 <unknown>\n#5 0x55bc36123a20 <unknown>\n#6 0x55bc360ccbe2 <unknown>\n#7 0x55bc360cd991 <unknown>\n#8 0x55bc36631a99 <unknown>\n#9 0x55bc366349b1 <unknown>\n#10 0x55bc3661e0a9 <unknown>\n#11 0x55bc3663556e <unknown>\n#12 0x55bc366045e0 <unknown>\n#13 0x55bc36659358 <unknown>\n#14 0x55bc36659528 <unknown>\n#15 0x55bc3666afa8 <unknown>\n#16 0x7f572009caa4 <unknown>\n#17 0x7f5720129c6c <unknown>","statusTrace":"self = <tests.test_speech_exercises_en.TestCardsEN object at 0x7f3ee07ad100>\ndriver = <selenium.webdriver.chrome.webdriver.WebDriver (session=\"fead590591358546c906976d58cdfc9c\")>\nspecialist_user_authorized = None\n\n    @pytest.mark.xfail\n    @allure.suite(\"Speech exercises EN.\")\n    @allure.title('Select random card from \"Word\" group and compare UI vs BACKEND data')\n    def test_random_word_cards_en(self, driver, specialist_user_authorized):\n        page = SpeechExercisesPage(driver)\n>       page.select_group(SpeechExercisesPageLocators.WORDS_BUTTON_EN)\n\ntests/test_speech_exercises_en.py:16: \n_ _ _ _ _ _ _ _ _ _ _ _ _ _ _ _ _ _ _ _ _ _ _ _ _ _ _ _ _ _ _ _ _ _ _ _ _ _ _ _ \npages/speech_exercises_page_en.py:18: in select_group\n    text_of_the_button = self.element_is_present_and_clickable(selector_for_sub_group)\npages/base_page.py:40: in element_is_present_and_clickable\n    return (Wait(self.driver, self.timeout).until(\n_ _ _ _ _ _ _ _ _ _ _ _ _ _ _ _ _ _ _ _ _ _ _ _ _ _ _ _ _ _ _ _ _ _ _ _ _ _ _ _ \n\nself = <selenium.webdriver.support.wait.WebDriverWait (session=\"fead590591358546c906976d58cdfc9c\")>\nmethod = <function visibility_of_element_located.<locals>._predicate at 0x7f3ee05c59e0>\nmessage = 'Can\\'t find element by locator (\\'xpath\\', \\'//button[@data-test-active-link=\"Words\"]\\')'\n\n    def until(self, method, message: str = \"\"):\n        \"\"\"Calls the method provided with the driver as an argument until the \\\n        return value does not evaluate to ``False``.\n    \n        :param method: callable(WebDriver)\n        :param message: optional message for :exc:`TimeoutException`\n        :returns: the result of the last call to `method`\n        :raises: :exc:`selenium.common.exceptions.TimeoutException` if timeout occurs\n        \"\"\"\n        screen = None\n        stacktrace = None\n    \n        end_time = time.monotonic() + self._timeout\n        while True:\n            try:\n                value = method(self._driver)\n                if value:\n                    return value\n            except self._ignored_exceptions as exc:\n                screen = getattr(exc, \"screen\", None)\n                stacktrace = getattr(exc, \"stacktrace\", None)\n            time.sleep(self._poll)\n            if time.monotonic() > end_time:\n                break\n>       raise TimeoutException(message, screen, stacktrace)\nE       selenium.common.exceptions.TimeoutException: Message: Can't find element by locator ('xpath', '//button[@data-test-active-link=\"Words\"]')\nE       Stacktrace:\nE       #0 0x55bc3666bc3a <unknown>\nE       #1 0x55bc36085969 <unknown>\nE       #2 0x55bc360daead <unknown>\nE       #3 0x55bc360db0f1 <unknown>\nE       #4 0x55bc361267e4 <unknown>\nE       #5 0x55bc36123a20 <unknown>\nE       #6 0x55bc360ccbe2 <unknown>\nE       #7 0x55bc360cd991 <unknown>\nE       #8 0x55bc36631a99 <unknown>\nE       #9 0x55bc366349b1 <unknown>\nE       #10 0x55bc3661e0a9 <unknown>\nE       #11 0x55bc3663556e <unknown>\nE       #12 0x55bc366045e0 <unknown>\nE       #13 0x55bc36659358 <unknown>\nE       #14 0x55bc36659528 <unknown>\nE       #15 0x55bc3666afa8 <unknown>\nE       #16 0x7f572009caa4 <unknown>\nE       #17 0x7f5720129c6c <unknown>\n\n/opt/hostedtoolcache/Python/3.12.12/x64/lib/python3.12/site-packages/selenium/webdriver/support/wait.py:95: TimeoutException","flaky":false,"newFailed":false,"newBroken":false,"newPassed":false,"retriesCount":0,"retriesStatusChange":false,"beforeStages":[{"name":"clear_allure_results_folder","time":{"start":1769599610933,"stop":1769599610933,"duration":0},"status":"passed","steps":[],"attachments":[],"parameters":[],"stepsCount":0,"shouldDisplayMessage":false,"attachmentsCount":0,"hasContent":false,"attachmentStep":false},{"name":"driver","time":{"start":1769600767244,"stop":1769600767996,"duration":752},"status":"passed","steps":[],"attachments":[],"parameters":[],"stepsCount":0,"shouldDisplayMessage":false,"attachmentsCount":0,"hasContent":false,"attachmentStep":false},{"name":"main_page_open","time":{"start":1769600767996,"stop":1769600771134,"duration":3138},"status":"passed","steps":[{"name":"Open page: https://www.brainup.site/","time":{"start":1769600767996,"stop":1769600771134,"duration":3138},"status":"passed","steps":[],"attachments":[],"parameters":[{"name":"driver","value":"<selenium.webdriver.chrome.webdriver.WebDriver (session=\"fead590591358546c906976d58cdfc9c\")>"}],"stepsCount":0,"shouldDisplayMessage":false,"attachmentsCount":0,"hasContent":true,"attachmentStep":false}],"attachments":[],"parameters":[],"stepsCount":1,"shouldDisplayMessage":false,"attachmentsCount":0,"hasContent":true,"attachmentStep":false},{"name":"specialist_user_authorized","time":{"start":1769600771134,"stop":1769600773553,"duration":2419},"status":"passed","steps":[{"name":"USER specialist authorized","time":{"start":1769600771134,"stop":1769600773553,"duration":2419},"status":"passed","steps":[{"name":"Check url is present: https://www.brainup.site/groups","time":{"start":1769600771513,"stop":1769600773530,"duration":2017},"status":"passed","steps":[],"attachments":[],"parameters":[],"stepsCount":0,"shouldDisplayMessage":false,"attachmentsCount":0,"hasContent":false,"attachmentStep":false},{"name":"Loader checking","time":{"start":1769600773530,"stop":1769600773552,"duration":22},"status":"passed","steps":[],"attachments":[],"parameters":[],"stepsCount":0,"shouldDisplayMessage":false,"attachmentsCount":0,"hasContent":false,"attachmentStep":false}],"attachments":[],"parameters":[{"name":"driver","value":"<selenium.webdriver.chrome.webdriver.WebDriver (session=\"fead590591358546c906976d58cdfc9c\")>"},{"name":"main_page_open","value":"None"}],"stepsCount":2,"shouldDisplayMessage":false,"attachmentsCount":0,"hasContent":true,"attachmentStep":false}],"attachments":[],"parameters":[],"stepsCount":3,"shouldDisplayMessage":false,"attachmentsCount":0,"hasContent":true,"attachmentStep":false}],"testStage":{"status":"skipped","statusMessage":"XFAIL\n\nselenium.common.exceptions.TimeoutException: Message: Can't find element by locator ('xpath', '//button[@data-test-active-link=\"Words\"]')\nStacktrace:\n#0 0x55bc3666bc3a <unknown>\n#1 0x55bc36085969 <unknown>\n#2 0x55bc360daead <unknown>\n#3 0x55bc360db0f1 <unknown>\n#4 0x55bc361267e4 <unknown>\n#5 0x55bc36123a20 <unknown>\n#6 0x55bc360ccbe2 <unknown>\n#7 0x55bc360cd991 <unknown>\n#8 0x55bc36631a99 <unknown>\n#9 0x55bc366349b1 <unknown>\n#10 0x55bc3661e0a9 <unknown>\n#11 0x55bc3663556e <unknown>\n#12 0x55bc366045e0 <unknown>\n#13 0x55bc36659358 <unknown>\n#14 0x55bc36659528 <unknown>\n#15 0x55bc3666afa8 <unknown>\n#16 0x7f572009caa4 <unknown>\n#17 0x7f5720129c6c <unknown>","statusTrace":"self = <tests.test_speech_exercises_en.TestCardsEN object at 0x7f3ee07ad100>\ndriver = <selenium.webdriver.chrome.webdriver.WebDriver (session=\"fead590591358546c906976d58cdfc9c\")>\nspecialist_user_authorized = None\n\n    @pytest.mark.xfail\n    @allure.suite(\"Speech exercises EN.\")\n    @allure.title('Select random card from \"Word\" group and compare UI vs BACKEND data')\n    def test_random_word_cards_en(self, driver, specialist_user_authorized):\n        page = SpeechExercisesPage(driver)\n>       page.select_group(SpeechExercisesPageLocators.WORDS_BUTTON_EN)\n\ntests/test_speech_exercises_en.py:16: \n_ _ _ _ _ _ _ _ _ _ _ _ _ _ _ _ _ _ _ _ _ _ _ _ _ _ _ _ _ _ _ _ _ _ _ _ _ _ _ _ \npages/speech_exercises_page_en.py:18: in select_group\n    text_of_the_button = self.element_is_present_and_clickable(selector_for_sub_group)\npages/base_page.py:40: in element_is_present_and_clickable\n    return (Wait(self.driver, self.timeout).until(\n_ _ _ _ _ _ _ _ _ _ _ _ _ _ _ _ _ _ _ _ _ _ _ _ _ _ _ _ _ _ _ _ _ _ _ _ _ _ _ _ \n\nself = <selenium.webdriver.support.wait.WebDriverWait (session=\"fead590591358546c906976d58cdfc9c\")>\nmethod = <function visibility_of_element_located.<locals>._predicate at 0x7f3ee05c59e0>\nmessage = 'Can\\'t find element by locator (\\'xpath\\', \\'//button[@data-test-active-link=\"Words\"]\\')'\n\n    def until(self, method, message: str = \"\"):\n        \"\"\"Calls the method provided with the driver as an argument until the \\\n        return value does not evaluate to ``False``.\n    \n        :param method: callable(WebDriver)\n        :param message: optional message for :exc:`TimeoutException`\n        :returns: the result of the last call to `method`\n        :raises: :exc:`selenium.common.exceptions.TimeoutException` if timeout occurs\n        \"\"\"\n        screen = None\n        stacktrace = None\n    \n        end_time = time.monotonic() + self._timeout\n        while True:\n            try:\n                value = method(self._driver)\n                if value:\n                    return value\n            except self._ignored_exceptions as exc:\n                screen = getattr(exc, \"screen\", None)\n                stacktrace = getattr(exc, \"stacktrace\", None)\n            time.sleep(self._poll)\n            if time.monotonic() > end_time:\n                break\n>       raise TimeoutException(message, screen, stacktrace)\nE       selenium.common.exceptions.TimeoutException: Message: Can't find element by locator ('xpath', '//button[@data-test-active-link=\"Words\"]')\nE       Stacktrace:\nE       #0 0x55bc3666bc3a <unknown>\nE       #1 0x55bc36085969 <unknown>\nE       #2 0x55bc360daead <unknown>\nE       #3 0x55bc360db0f1 <unknown>\nE       #4 0x55bc361267e4 <unknown>\nE       #5 0x55bc36123a20 <unknown>\nE       #6 0x55bc360ccbe2 <unknown>\nE       #7 0x55bc360cd991 <unknown>\nE       #8 0x55bc36631a99 <unknown>\nE       #9 0x55bc366349b1 <unknown>\nE       #10 0x55bc3661e0a9 <unknown>\nE       #11 0x55bc3663556e <unknown>\nE       #12 0x55bc366045e0 <unknown>\nE       #13 0x55bc36659358 <unknown>\nE       #14 0x55bc36659528 <unknown>\nE       #15 0x55bc3666afa8 <unknown>\nE       #16 0x7f572009caa4 <unknown>\nE       #17 0x7f5720129c6c <unknown>\n\n/opt/hostedtoolcache/Python/3.12.12/x64/lib/python3.12/site-packages/selenium/webdriver/support/wait.py:95: TimeoutException","steps":[{"name":"select_group","time":{"start":1769600773553,"stop":1769600783898,"duration":10345},"status":"broken","statusMessage":"selenium.common.exceptions.TimeoutException: Message: Can't find element by locator ('xpath', '//button[@data-test-active-link=\"Words\"]')\nStacktrace:\n#0 0x55bc3666bc3a <unknown>\n#1 0x55bc36085969 <unknown>\n#2 0x55bc360daead <unknown>\n#3 0x55bc360db0f1 <unknown>\n#4 0x55bc361267e4 <unknown>\n#5 0x55bc36123a20 <unknown>\n#6 0x55bc360ccbe2 <unknown>\n#7 0x55bc360cd991 <unknown>\n#8 0x55bc36631a99 <unknown>\n#9 0x55bc366349b1 <unknown>\n#10 0x55bc3661e0a9 <unknown>\n#11 0x55bc3663556e <unknown>\n#12 0x55bc366045e0 <unknown>\n#13 0x55bc36659358 <unknown>\n#14 0x55bc36659528 <unknown>\n#15 0x55bc3666afa8 <unknown>\n#16 0x7f572009caa4 <unknown>\n#17 0x7f5720129c6c <unknown>\n\n","statusTrace":"  File \"/opt/hostedtoolcache/Python/3.12.12/x64/lib/python3.12/site-packages/allure_commons/_allure.py\", line 192, in impl\n    return func(*a, **kw)\n           ^^^^^^^^^^^^^^\n  File \"/home/runner/work/auto-tests-python/auto-tests-python/pages/speech_exercises_page_en.py\", line 18, in select_group\n    text_of_the_button = self.element_is_present_and_clickable(selector_for_sub_group)\n                         ^^^^^^^^^^^^^^^^^^^^^^^^^^^^^^^^^^^^^^^^^^^^^^^^^^^^^^^^^^^^^\n  File \"/home/runner/work/auto-tests-python/auto-tests-python/pages/base_page.py\", line 40, in element_is_present_and_clickable\n    return (Wait(self.driver, self.timeout).until(\n            ^^^^^^^^^^^^^^^^^^^^^^^^^^^^^^^^^^^^^^\n  File \"/opt/hostedtoolcache/Python/3.12.12/x64/lib/python3.12/site-packages/selenium/webdriver/support/wait.py\", line 95, in until\n    raise TimeoutException(message, screen, stacktrace)\n","steps":[{"name":"Select Russian language. Click \"EN\" button.","time":{"start":1769600773553,"stop":1769600773631,"duration":78},"status":"passed","steps":[],"attachments":[],"parameters":[],"stepsCount":0,"shouldDisplayMessage":false,"attachmentsCount":0,"hasContent":false,"attachmentStep":false},{"name":"Click button \"SPEECH EXERCISES\".","time":{"start":1769600773631,"stop":1769600773708,"duration":77},"status":"passed","steps":[],"attachments":[],"parameters":[],"stepsCount":0,"shouldDisplayMessage":false,"attachmentsCount":0,"hasContent":false,"attachmentStep":false}],"attachments":[],"parameters":[{"name":"selector_for_sub_group","value":"('xpath', '//button[@data-test-active-link=\"Words\"]')"}],"stepsCount":2,"shouldDisplayMessage":true,"attachmentsCount":0,"hasContent":true,"attachmentStep":false}],"attachments":[],"parameters":[],"stepsCount":3,"shouldDisplayMessage":true,"attachmentsCount":0,"hasContent":true,"attachmentStep":false},"afterStages":[{"name":"driver::0","time":{"start":1769600783936,"stop":1769600784012,"duration":76},"status":"passed","steps":[],"attachments":[],"parameters":[],"stepsCount":0,"shouldDisplayMessage":false,"attachmentsCount":0,"hasContent":false,"attachmentStep":false}],"labels":[{"name":"suite","value":"Speech exercises EN."},{"name":"epic","value":"Speech exercises."},{"name":"tag","value":"@pytest.mark.xfail"},{"name":"parentSuite","value":"tests"},{"name":"subSuite","value":"TestCardsEN"},{"name":"host","value":"runnervmymu0l"},{"name":"thread","value":"2667-MainThread"},{"name":"framework","value":"pytest"},{"name":"language","value":"cpython3"},{"name":"package","value":"tests.test_speech_exercises_en"},{"name":"resultFormat","value":"allure2"}],"parameters":[],"links":[],"hidden":false,"retry":false,"extra":{"severity":"normal","retries":[],"categories":[],"history":{"statistic":{"failed":0,"broken":0,"skipped":23,"passed":0,"unknown":0,"total":23},"items":[{"uid":"96d679f44bcabf4b","reportUrl":"https://Brain-up.github.io/auto-tests-python/814/#testresult/96d679f44bcabf4b","status":"skipped","statusDetails":"XFAIL\n\nselenium.common.exceptions.TimeoutException: Message: Can't find element by locator ('xpath', '//button[@data-test-active-link=\"Words\"]')\nStacktrace:\n#0 0x55f0240fac3a <unknown>\n#1 0x55f023b14969 <unknown>\n#2 0x55f023b69ead <unknown>\n#3 0x55f023b6a0f1 <unknown>\n#4 0x55f023bb57e4 <unknown>\n#5 0x55f023bb2a20 <unknown>\n#6 0x55f023b5bbe2 <unknown>\n#7 0x55f023b5c991 <unknown>\n#8 0x55f0240c0a99 <unknown>\n#9 0x55f0240c39b1 <unknown>\n#10 0x55f0240ad0a9 <unknown>\n#11 0x55f0240c456e <unknown>\n#12 0x55f0240935e0 <unknown>\n#13 0x55f0240e8358 <unknown>\n#14 0x55f0240e8528 <unknown>\n#15 0x55f0240f9fa8 <unknown>\n#16 0x7f850549caa4 <unknown>\n#17 0x7f8505529c6c <unknown>","time":{"start":1769552529772,"stop":1769552540138,"duration":10366}},{"uid":"df7c78e8aba74c2d","reportUrl":"https://Brain-up.github.io/auto-tests-python/814/#testresult/df7c78e8aba74c2d","status":"skipped","statusDetails":"XFAIL\n\nselenium.common.exceptions.TimeoutException: Message: Can't find element by locator ('xpath', '//button[@data-test-active-link=\"Words\"]')\nStacktrace:\n#0 0x55bc152c1c3a <unknown>\n#1 0x55bc14cdb969 <unknown>\n#2 0x55bc14d30ead <unknown>\n#3 0x55bc14d310f1 <unknown>\n#4 0x55bc14d7c7e4 <unknown>\n#5 0x55bc14d79a20 <unknown>\n#6 0x55bc14d22be2 <unknown>\n#7 0x55bc14d23991 <unknown>\n#8 0x55bc15287a99 <unknown>\n#9 0x55bc1528a9b1 <unknown>\n#10 0x55bc152740a9 <unknown>\n#11 0x55bc1528b56e <unknown>\n#12 0x55bc1525a5e0 <unknown>\n#13 0x55bc152af358 <unknown>\n#14 0x55bc152af528 <unknown>\n#15 0x55bc152c0fa8 <unknown>\n#16 0x7fd632c9caa4 <unknown>\n#17 0x7fd632d29c6c <unknown>","time":{"start":1769545176424,"stop":1769545186772,"duration":10348}},{"uid":"e23b093f6f2902d9","reportUrl":"https://Brain-up.github.io/auto-tests-python/813/#testresult/e23b093f6f2902d9","status":"skipped","statusDetails":"XFAIL\n\nselenium.common.exceptions.TimeoutException: Message: Can't find element by locator ('xpath', '//button[@data-test-active-link=\"Words\"]')\nStacktrace:\n#0 0x5614506cec3a <unknown>\n#1 0x5614500e8969 <unknown>\n#2 0x56145013dead <unknown>\n#3 0x56145013e0f1 <unknown>\n#4 0x5614501897e4 <unknown>\n#5 0x561450186a20 <unknown>\n#6 0x56145012fbe2 <unknown>\n#7 0x561450130991 <unknown>\n#8 0x561450694a99 <unknown>\n#9 0x5614506979b1 <unknown>\n#10 0x5614506810a9 <unknown>\n#11 0x56145069856e <unknown>\n#12 0x5614506675e0 <unknown>\n#13 0x5614506bc358 <unknown>\n#14 0x5614506bc528 <unknown>\n#15 0x5614506cdfa8 <unknown>\n#16 0x7ff152c9caa4 <unknown>\n#17 0x7ff152d29c6c <unknown>","time":{"start":1769425786795,"stop":1769425797172,"duration":10377}},{"uid":"b10186bec25bbae8","reportUrl":"https://Brain-up.github.io/auto-tests-python/812/#testresult/b10186bec25bbae8","status":"skipped","statusDetails":"XFAIL\n\nselenium.common.exceptions.TimeoutException: Message: Can't find element by locator ('xpath', '//button[@data-test-active-link=\"Words\"]')\nStacktrace:\n#0 0x55d885c5dc3a <unknown>\n#1 0x55d885677969 <unknown>\n#2 0x55d8856ccead <unknown>\n#3 0x55d8856cd0f1 <unknown>\n#4 0x55d8857187e4 <unknown>\n#5 0x55d885715a20 <unknown>\n#6 0x55d8856bebe2 <unknown>\n#7 0x55d8856bf991 <unknown>\n#8 0x55d885c23a99 <unknown>\n#9 0x55d885c269b1 <unknown>\n#10 0x55d885c100a9 <unknown>\n#11 0x55d885c2756e <unknown>\n#12 0x55d885bf65e0 <unknown>\n#13 0x55d885c4b358 <unknown>\n#14 0x55d885c4b528 <unknown>\n#15 0x55d885c5cfa8 <unknown>\n#16 0x7f011ac9caa4 <unknown>\n#17 0x7f011ad29c6c <unknown>","time":{"start":1769336071525,"stop":1769336081892,"duration":10367}},{"uid":"6620c94b64f2e5e1","reportUrl":"https://Brain-up.github.io/auto-tests-python/811/#testresult/6620c94b64f2e5e1","status":"skipped","statusDetails":"XFAIL\n\nselenium.common.exceptions.TimeoutException: Message: Can't find element by locator ('xpath', '//button[@data-test-active-link=\"Words\"]')\nStacktrace:\n#0 0x562991bc6c3a <unknown>\n#1 0x5629915e0969 <unknown>\n#2 0x562991635ead <unknown>\n#3 0x5629916360f1 <unknown>\n#4 0x5629916817e4 <unknown>\n#5 0x56299167ea20 <unknown>\n#6 0x562991627be2 <unknown>\n#7 0x562991628991 <unknown>\n#8 0x562991b8ca99 <unknown>\n#9 0x562991b8f9b1 <unknown>\n#10 0x562991b790a9 <unknown>\n#11 0x562991b9056e <unknown>\n#12 0x562991b5f5e0 <unknown>\n#13 0x562991bb4358 <unknown>\n#14 0x562991bb4528 <unknown>\n#15 0x562991bc5fa8 <unknown>\n#16 0x7efd87e9caa4 <unknown>\n#17 0x7efd87f29c6c <unknown>","time":{"start":1769252760408,"stop":1769252770701,"duration":10293}},{"uid":"676dee336c02e078","reportUrl":"https://Brain-up.github.io/auto-tests-python/810/#testresult/676dee336c02e078","status":"skipped","statusDetails":"XFAIL\n\nselenium.common.exceptions.TimeoutException: Message: Can't find element by locator ('xpath', '//button[@data-test-active-link=\"Words\"]')\nStacktrace:\n#0 0x5617f5b6540a <unknown>\n#1 0x5617f559976b <unknown>\n#2 0x5617f55eae88 <unknown>\n#3 0x5617f55eb0c1 <unknown>\n#4 0x5617f56392c4 <unknown>\n#5 0x5617f5636760 <unknown>\n#6 0x5617f55dd7b2 <unknown>\n#7 0x5617f55de461 <unknown>\n#8 0x5617f5b2ddf9 <unknown>\n#9 0x5617f5b30d5d <unknown>\n#10 0x5617f5b16b41 <unknown>\n#11 0x5617f5b3193b <unknown>\n#12 0x5617f5afd870 <unknown>\n#13 0x5617f5b52828 <unknown>\n#14 0x5617f5b529fc <unknown>\n#15 0x5617f5b64763 <unknown>\n#16 0x7f03f7a9caa4 <unknown>\n#17 0x7f03f7b29c6c <unknown>","time":{"start":1769071441114,"stop":1769071451482,"duration":10368}},{"uid":"abbd9f8bc1be08da","reportUrl":"https://Brain-up.github.io/auto-tests-python/809/#testresult/abbd9f8bc1be08da","status":"skipped","statusDetails":"XFAIL\n\nselenium.common.exceptions.TimeoutException: Message: Can't find element by locator ('xpath', '//button[@data-test-active-link=\"Words\"]')\nStacktrace:\n#0 0x55ed8155740a <unknown>\n#1 0x55ed80f8b76b <unknown>\n#2 0x55ed80fdce88 <unknown>\n#3 0x55ed80fdd0c1 <unknown>\n#4 0x55ed8102b2c4 <unknown>\n#5 0x55ed81028760 <unknown>\n#6 0x55ed80fcf7b2 <unknown>\n#7 0x55ed80fd0461 <unknown>\n#8 0x55ed8151fdf9 <unknown>\n#9 0x55ed81522d5d <unknown>\n#10 0x55ed81508b41 <unknown>\n#11 0x55ed8152393b <unknown>\n#12 0x55ed814ef870 <unknown>\n#13 0x55ed81544828 <unknown>\n#14 0x55ed815449fc <unknown>\n#15 0x55ed81556763 <unknown>\n#16 0x7fb22a89caa4 <unknown>\n#17 0x7fb22a929c6c <unknown>","time":{"start":1768989277577,"stop":1768989287940,"duration":10363}},{"uid":"2924556f913834e6","reportUrl":"https://Brain-up.github.io/auto-tests-python/808/#testresult/2924556f913834e6","status":"skipped","statusDetails":"XFAIL\n\nselenium.common.exceptions.TimeoutException: Message: Can't find element by locator ('xpath', '//button[@data-test-active-link=\"Words\"]')\nStacktrace:\n#0 0x5597bcc7940a <unknown>\n#1 0x5597bc6ad76b <unknown>\n#2 0x5597bc6fee88 <unknown>\n#3 0x5597bc6ff0c1 <unknown>\n#4 0x5597bc74d2c4 <unknown>\n#5 0x5597bc74a760 <unknown>\n#6 0x5597bc6f17b2 <unknown>\n#7 0x5597bc6f2461 <unknown>\n#8 0x5597bcc41df9 <unknown>\n#9 0x5597bcc44d5d <unknown>\n#10 0x5597bcc2ab41 <unknown>\n#11 0x5597bcc4593b <unknown>\n#12 0x5597bcc11870 <unknown>\n#13 0x5597bcc66828 <unknown>\n#14 0x5597bcc669fc <unknown>\n#15 0x5597bcc78763 <unknown>\n#16 0x7f897149caa4 <unknown>\n#17 0x7f8971529c6c <unknown>","time":{"start":1768906677757,"stop":1768906688054,"duration":10297}},{"uid":"cf0409edde55265f","reportUrl":"https://Brain-up.github.io/auto-tests-python/807/#testresult/cf0409edde55265f","status":"skipped","statusDetails":"XFAIL\n\nselenium.common.exceptions.TimeoutException: Message: Can't find element by locator ('xpath', '//button[@data-test-active-link=\"Words\"]')\nStacktrace:\n#0 0x557a573fb40a <unknown>\n#1 0x557a56e2f76b <unknown>\n#2 0x557a56e80e88 <unknown>\n#3 0x557a56e810c1 <unknown>\n#4 0x557a56ecf2c4 <unknown>\n#5 0x557a56ecc760 <unknown>\n#6 0x557a56e737b2 <unknown>\n#7 0x557a56e74461 <unknown>\n#8 0x557a573c3df9 <unknown>\n#9 0x557a573c6d5d <unknown>\n#10 0x557a573acb41 <unknown>\n#11 0x557a573c793b <unknown>\n#12 0x557a57393870 <unknown>\n#13 0x557a573e8828 <unknown>\n#14 0x557a573e89fc <unknown>\n#15 0x557a573fa763 <unknown>\n#16 0x7f316989caa4 <unknown>\n#17 0x7f3169929c6c <unknown>","time":{"start":1768820983996,"stop":1768820994372,"duration":10376}},{"uid":"6b7ca16bfcf90796","reportUrl":"https://Brain-up.github.io/auto-tests-python/806/#testresult/6b7ca16bfcf90796","status":"skipped","statusDetails":"XFAIL\n\nselenium.common.exceptions.TimeoutException: Message: Can't find element by locator ('xpath', '//button[@data-test-active-link=\"Words\"]')\nStacktrace:\n#0 0x558f017cc40a <unknown>\n#1 0x558f0120076b <unknown>\n#2 0x558f01251e88 <unknown>\n#3 0x558f012520c1 <unknown>\n#4 0x558f012a02c4 <unknown>\n#5 0x558f0129d760 <unknown>\n#6 0x558f012447b2 <unknown>\n#7 0x558f01245461 <unknown>\n#8 0x558f01794df9 <unknown>\n#9 0x558f01797d5d <unknown>\n#10 0x558f0177db41 <unknown>\n#11 0x558f0179893b <unknown>\n#12 0x558f01764870 <unknown>\n#13 0x558f017b9828 <unknown>\n#14 0x558f017b99fc <unknown>\n#15 0x558f017cb763 <unknown>\n#16 0x7ff60b49caa4 <unknown>\n#17 0x7ff60b529c6c <unknown>","time":{"start":1768737269611,"stop":1768737280107,"duration":10496}},{"uid":"feacf3a72918ab54","reportUrl":"https://Brain-up.github.io/auto-tests-python/805/#testresult/feacf3a72918ab54","status":"skipped","statusDetails":"XFAIL\n\nselenium.common.exceptions.TimeoutException: Message: Can't find element by locator ('xpath', '//button[@data-test-active-link=\"Words\"]')\nStacktrace:\n#0 0x557e6d92640a <unknown>\n#1 0x557e6d35a76b <unknown>\n#2 0x557e6d3abe88 <unknown>\n#3 0x557e6d3ac0c1 <unknown>\n#4 0x557e6d3fa2c4 <unknown>\n#5 0x557e6d3f7760 <unknown>\n#6 0x557e6d39e7b2 <unknown>\n#7 0x557e6d39f461 <unknown>\n#8 0x557e6d8eedf9 <unknown>\n#9 0x557e6d8f1d5d <unknown>\n#10 0x557e6d8d7b41 <unknown>\n#11 0x557e6d8f293b <unknown>\n#12 0x557e6d8be870 <unknown>\n#13 0x557e6d913828 <unknown>\n#14 0x557e6d9139fc <unknown>\n#15 0x557e6d925763 <unknown>\n#16 0x7f30bbc9caa4 <unknown>\n#17 0x7f30bbd29c6c <unknown>","time":{"start":1768647674655,"stop":1768647685004,"duration":10349}},{"uid":"773c30ea95a01f7f","reportUrl":"https://Brain-up.github.io/auto-tests-python/804/#testresult/773c30ea95a01f7f","status":"skipped","statusDetails":"XFAIL\n\nselenium.common.exceptions.TimeoutException: Message: Can't find element by locator ('xpath', '//button[@data-test-active-link=\"Words\"]')\nStacktrace:\n#0 0x56296ec9340a <unknown>\n#1 0x56296e6c776b <unknown>\n#2 0x56296e718e88 <unknown>\n#3 0x56296e7190c1 <unknown>\n#4 0x56296e7672c4 <unknown>\n#5 0x56296e764760 <unknown>\n#6 0x56296e70b7b2 <unknown>\n#7 0x56296e70c461 <unknown>\n#8 0x56296ec5bdf9 <unknown>\n#9 0x56296ec5ed5d <unknown>\n#10 0x56296ec44b41 <unknown>\n#11 0x56296ec5f93b <unknown>\n#12 0x56296ec2b870 <unknown>\n#13 0x56296ec80828 <unknown>\n#14 0x56296ec809fc <unknown>\n#15 0x56296ec92763 <unknown>\n#16 0x7f63f0e9caa4 <unknown>\n#17 0x7f63f0f29c6c <unknown>","time":{"start":1768558707159,"stop":1768558717625,"duration":10466}},{"uid":"cb9141c89d075324","reportUrl":"https://Brain-up.github.io/auto-tests-python/803/#testresult/cb9141c89d075324","status":"skipped","statusDetails":"XFAIL\n\nselenium.common.exceptions.TimeoutException: Message: Can't find element by locator ('xpath', '//button[@data-test-active-link=\"Words\"]')\nStacktrace:\n#0 0x557fcd71061a <unknown>\n#1 0x557fcd18d20b <unknown>\n#2 0x557fcd1de90f <unknown>\n#3 0x557fcd1deb51 <unknown>\n#4 0x557fcd22cd84 <unknown>\n#5 0x557fcd22a20e <unknown>\n#6 0x557fcd1d1232 <unknown>\n#7 0x557fcd1d1ee1 <unknown>\n#8 0x557fcd6d93f9 <unknown>\n#9 0x557fcd6dc34d <unknown>\n#10 0x557fcd6c2122 <unknown>\n#11 0x557fcd6dcf2b <unknown>\n#12 0x557fcd6a8c30 <unknown>\n#13 0x557fcd6fdd78 <unknown>\n#14 0x557fcd6fdf4c <unknown>\n#15 0x557fcd70f973 <unknown>\n#16 0x7f62a8e9caa4 <unknown>\n#17 0x7f62a8f29c6c <unknown>","time":{"start":1768471808844,"stop":1768471819210,"duration":10366}},{"uid":"31175be07a08db59","reportUrl":"https://Brain-up.github.io/auto-tests-python/802/#testresult/31175be07a08db59","status":"skipped","statusDetails":"XFAIL\n\nselenium.common.exceptions.TimeoutException: Message: Can't find element by locator ('xpath', '//button[@data-test-active-link=\"Words\"]')\nStacktrace:\n#0 0x5626837a061a <unknown>\n#1 0x56268321d20b <unknown>\n#2 0x56268326e90f <unknown>\n#3 0x56268326eb51 <unknown>\n#4 0x5626832bcd84 <unknown>\n#5 0x5626832ba20e <unknown>\n#6 0x562683261232 <unknown>\n#7 0x562683261ee1 <unknown>\n#8 0x5626837693f9 <unknown>\n#9 0x56268376c34d <unknown>\n#10 0x562683752122 <unknown>\n#11 0x56268376cf2b <unknown>\n#12 0x562683738c30 <unknown>\n#13 0x56268378dd78 <unknown>\n#14 0x56268378df4c <unknown>\n#15 0x56268379f973 <unknown>\n#16 0x7fe2f769caa4 <unknown>\n#17 0x7fe2f7729c6c <unknown>","time":{"start":1768397159653,"stop":1768397170046,"duration":10393}},{"uid":"7bce78b3ea5d80d8","reportUrl":"https://Brain-up.github.io/auto-tests-python/801/#testresult/7bce78b3ea5d80d8","status":"skipped","statusDetails":"XFAIL\n\nselenium.common.exceptions.TimeoutException: Message: Can't find element by locator ('xpath', '//button[@data-test-active-link=\"Words\"]')\nStacktrace:\n#0 0x55e4fb85c61a <unknown>\n#1 0x55e4fb2d920b <unknown>\n#2 0x55e4fb32a90f <unknown>\n#3 0x55e4fb32ab51 <unknown>\n#4 0x55e4fb378d84 <unknown>\n#5 0x55e4fb37620e <unknown>\n#6 0x55e4fb31d232 <unknown>\n#7 0x55e4fb31dee1 <unknown>\n#8 0x55e4fb8253f9 <unknown>\n#9 0x55e4fb82834d <unknown>\n#10 0x55e4fb80e122 <unknown>\n#11 0x55e4fb828f2b <unknown>\n#12 0x55e4fb7f4c30 <unknown>\n#13 0x55e4fb849d78 <unknown>\n#14 0x55e4fb849f4c <unknown>\n#15 0x55e4fb85b973 <unknown>\n#16 0x7fa2cec9caa4 <unknown>\n#17 0x7fa2ced29c6c <unknown>","time":{"start":1768298732443,"stop":1768298742788,"duration":10345}},{"uid":"b495babf2922b60f","reportUrl":"https://Brain-up.github.io/auto-tests-python/800/#testresult/b495babf2922b60f","status":"skipped","statusDetails":"XFAIL\n\nselenium.common.exceptions.TimeoutException: Message: Can't find element by locator ('xpath', '//button[@data-test-active-link=\"Words\"]')\nStacktrace:\n#0 0x5588c48bb61a <unknown>\n#1 0x5588c433820b <unknown>\n#2 0x5588c438990f <unknown>\n#3 0x5588c4389b51 <unknown>\n#4 0x5588c43d7d84 <unknown>\n#5 0x5588c43d520e <unknown>\n#6 0x5588c437c232 <unknown>\n#7 0x5588c437cee1 <unknown>\n#8 0x5588c48843f9 <unknown>\n#9 0x5588c488734d <unknown>\n#10 0x5588c486d122 <unknown>\n#11 0x5588c4887f2b <unknown>\n#12 0x5588c4853c30 <unknown>\n#13 0x5588c48a8d78 <unknown>\n#14 0x5588c48a8f4c <unknown>\n#15 0x5588c48ba973 <unknown>\n#16 0x7f2e5e89caa4 <unknown>\n#17 0x7f2e5e929c6c <unknown>","time":{"start":1768195544564,"stop":1768195554981,"duration":10417}},{"uid":"57ab31d8b92f8e21","reportUrl":"https://Brain-up.github.io/auto-tests-python/799/#testresult/57ab31d8b92f8e21","status":"skipped","statusDetails":"XFAIL\n\nselenium.common.exceptions.TimeoutException: Message: Can't find element by locator ('xpath', '//button[@data-test-active-link=\"Words\"]')\nStacktrace:\n#0 0x5603e7bf161a <unknown>\n#1 0x5603e766e20b <unknown>\n#2 0x5603e76bf90f <unknown>\n#3 0x5603e76bfb51 <unknown>\n#4 0x5603e770dd84 <unknown>\n#5 0x5603e770b20e <unknown>\n#6 0x5603e76b2232 <unknown>\n#7 0x5603e76b2ee1 <unknown>\n#8 0x5603e7bba3f9 <unknown>\n#9 0x5603e7bbd34d <unknown>\n#10 0x5603e7ba3122 <unknown>\n#11 0x5603e7bbdf2b <unknown>\n#12 0x5603e7b89c30 <unknown>\n#13 0x5603e7bded78 <unknown>\n#14 0x5603e7bdef4c <unknown>\n#15 0x5603e7bf0973 <unknown>\n#16 0x7f5076c9caa4 <unknown>\n#17 0x7f5076d29c6c <unknown>","time":{"start":1768045805054,"stop":1768045815401,"duration":10347}},{"uid":"96ec5ceb751d7e58","reportUrl":"https://Brain-up.github.io/auto-tests-python/798/#testresult/96ec5ceb751d7e58","status":"skipped","statusDetails":"XFAIL\n\nselenium.common.exceptions.TimeoutException: Message: Can't find element by locator ('xpath', '//button[@data-test-active-link=\"Words\"]')\nStacktrace:\n#0 0x560721f9e61a <unknown>\n#1 0x560721a1b20b <unknown>\n#2 0x560721a6c90f <unknown>\n#3 0x560721a6cb51 <unknown>\n#4 0x560721abad84 <unknown>\n#5 0x560721ab820e <unknown>\n#6 0x560721a5f232 <unknown>\n#7 0x560721a5fee1 <unknown>\n#8 0x560721f673f9 <unknown>\n#9 0x560721f6a34d <unknown>\n#10 0x560721f50122 <unknown>\n#11 0x560721f6af2b <unknown>\n#12 0x560721f36c30 <unknown>\n#13 0x560721f8bd78 <unknown>\n#14 0x560721f8bf4c <unknown>\n#15 0x560721f9d973 <unknown>\n#16 0x7f7e5969caa4 <unknown>\n#17 0x7f7e59729c6c <unknown>","time":{"start":1767952488344,"stop":1767952498708,"duration":10364}},{"uid":"a790e54c27b5e80d","reportUrl":"https://Brain-up.github.io/auto-tests-python/797/#testresult/a790e54c27b5e80d","status":"skipped","statusDetails":"XFAIL\n\nselenium.common.exceptions.TimeoutException: Message: Can't find element by locator ('xpath', '//button[@data-test-active-link=\"Words\"]')\nStacktrace:\n#0 0x559342bc719a <unknown>\n#1 0x559342644c4b <unknown>\n#2 0x559342696318 <unknown>\n#3 0x559342696551 <unknown>\n#4 0x5593426e4764 <unknown>\n#5 0x5593426e1bee <unknown>\n#6 0x559342688c42 <unknown>\n#7 0x5593426898f1 <unknown>\n#8 0x559342b8ff39 <unknown>\n#9 0x559342b92e7d <unknown>\n#10 0x559342b78c81 <unknown>\n#11 0x559342b93a5b <unknown>\n#12 0x559342b5fa50 <unknown>\n#13 0x559342bb4aa8 <unknown>\n#14 0x559342bb4c79 <unknown>\n#15 0x559342bc64f3 <unknown>\n#16 0x7f500e09caa4 <unknown>\n#17 0x7f500e129c6c <unknown>","time":{"start":1767867982209,"stop":1767867992556,"duration":10347}},{"uid":"d3144f0a5139abbb","reportUrl":"https://Brain-up.github.io/auto-tests-python/796/#testresult/d3144f0a5139abbb","status":"skipped","statusDetails":"XFAIL\n\nselenium.common.exceptions.TimeoutException: Message: Can't find element by locator ('xpath', '//button[@data-test-active-link=\"Words\"]')\nStacktrace:\n#0 0x5581c6faf19a <unknown>\n#1 0x5581c6a2cc4b <unknown>\n#2 0x5581c6a7e318 <unknown>\n#3 0x5581c6a7e551 <unknown>\n#4 0x5581c6acc764 <unknown>\n#5 0x5581c6ac9bee <unknown>\n#6 0x5581c6a70c42 <unknown>\n#7 0x5581c6a718f1 <unknown>\n#8 0x5581c6f77f39 <unknown>\n#9 0x5581c6f7ae7d <unknown>\n#10 0x5581c6f60c81 <unknown>\n#11 0x5581c6f7ba5b <unknown>\n#12 0x5581c6f47a50 <unknown>\n#13 0x5581c6f9caa8 <unknown>\n#14 0x5581c6f9cc79 <unknown>\n#15 0x5581c6fae4f3 <unknown>\n#16 0x7fe79529caa4 <unknown>\n#17 0x7fe795329c6c <unknown>","time":{"start":1767792643529,"stop":1767792653874,"duration":10345}}]},"tags":["@pytest.mark.xfail"]},"source":"241213705f552c09.json","parameterValues":[]}