{"uid":"9ca7daa490332489","name":"Verify if group links lead to correct pages after clicking","fullName":"tests.exercises_ru_words_page_test.TestExRuWordsPageLinks#test_erw_03_05_verify_group_links_navigation","historyId":"ec106c96576850fd0b5ce8662a256779","time":{"start":1769543645374,"stop":1769543645374,"duration":0},"status":"broken","statusMessage":"selenium.common.exceptions.TimeoutException: Message: Can't find element by locator https://www.brainup.site/groups","statusTrace":"self = <pages.base_page.BasePage object at 0x7ffa324529f0>\nurl = 'https://www.brainup.site/groups'\n\n    def check_expected_link(self, url):\n        with allure.step(f'Check url is present: {url}'):\n            try:\n>               return Wait(self.driver, self.timeout).until(\n                    EC.url_to_be(url), message=f\"Can't find element by locator {url}\")\n\npages/base_page.py:80: \n_ _ _ _ _ _ _ _ _ _ _ _ _ _ _ _ _ _ _ _ _ _ _ _ _ _ _ _ _ _ _ _ _ _ _ _ _ _ _ _ \n\nself = <selenium.webdriver.support.wait.WebDriverWait (session=\"ebc9d0a4c8dca2dc809efdfc7235c94e\")>\nmethod = <function url_to_be.<locals>._predicate at 0x7ffa325060c0>\nmessage = \"Can't find element by locator https://www.brainup.site/groups\"\n\n    def until(self, method, message: str = \"\"):\n        \"\"\"Calls the method provided with the driver as an argument until the \\\n        return value does not evaluate to ``False``.\n    \n        :param method: callable(WebDriver)\n        :param message: optional message for :exc:`TimeoutException`\n        :returns: the result of the last call to `method`\n        :raises: :exc:`selenium.common.exceptions.TimeoutException` if timeout occurs\n        \"\"\"\n        screen = None\n        stacktrace = None\n    \n        end_time = time.monotonic() + self._timeout\n        while True:\n            try:\n                value = method(self._driver)\n                if value:\n                    return value\n            except self._ignored_exceptions as exc:\n                screen = getattr(exc, \"screen\", None)\n                stacktrace = getattr(exc, \"stacktrace\", None)\n            time.sleep(self._poll)\n            if time.monotonic() > end_time:\n                break\n>       raise TimeoutException(message, screen, stacktrace)\nE       selenium.common.exceptions.TimeoutException: Message: Can't find element by locator https://www.brainup.site/groups\n\n/opt/hostedtoolcache/Python/3.12.12/x64/lib/python3.12/site-packages/selenium/webdriver/support/wait.py:95: TimeoutException\n\nDuring handling of the above exception, another exception occurred:\n\ndriver = <selenium.webdriver.chrome.webdriver.WebDriver (session=\"ebc9d0a4c8dca2dc809efdfc7235c94e\")>\nmain_page_open = None\n\n    @pytest.fixture()\n    @allure.step('Auto test user authorized')\n    def auto_test_user_authorized(driver, main_page_open):\n        page = BasePage(driver)\n        page.element_is_present_and_clickable(MainPageLocators.LOGIN_BUTTON).click()\n        page.element_is_visible(LoginPageLocators.INPUT_LOGIN).send_keys(os.environ[\"LOGIN\"])\n        page.element_is_visible(LoginPageLocators.INPUT_PASSWORD).send_keys(os.environ[\"PASSWORD\"])\n        page.element_is_present_and_clickable(LoginPageLocators.SIGN_IN_BUTTON).click()\n>       page.check_expected_link(MainPageLinks.URL_GROUPS_PAGE)\n\ntests/conftest.py:178: \n_ _ _ _ _ _ _ _ _ _ _ _ _ _ _ _ _ _ _ _ _ _ _ _ _ _ _ _ _ _ _ _ _ _ _ _ _ _ _ _ \npages/base_page.py:84: in check_expected_link\n    return Wait(self.driver, self.timeout).until(\n_ _ _ _ _ _ _ _ _ _ _ _ _ _ _ _ _ _ _ _ _ _ _ _ _ _ _ _ _ _ _ _ _ _ _ _ _ _ _ _ \n\nself = <selenium.webdriver.support.wait.WebDriverWait (session=\"ebc9d0a4c8dca2dc809efdfc7235c94e\")>\nmethod = <function url_to_be.<locals>._predicate at 0x7ffa32340860>\nmessage = \"Can't find element by locator https://www.brainup.site/groups\"\n\n    def until(self, method, message: str = \"\"):\n        \"\"\"Calls the method provided with the driver as an argument until the \\\n        return value does not evaluate to ``False``.\n    \n        :param method: callable(WebDriver)\n        :param message: optional message for :exc:`TimeoutException`\n        :returns: the result of the last call to `method`\n        :raises: :exc:`selenium.common.exceptions.TimeoutException` if timeout occurs\n        \"\"\"\n        screen = None\n        stacktrace = None\n    \n        end_time = time.monotonic() + self._timeout\n        while True:\n            try:\n                value = method(self._driver)\n                if value:\n                    return value\n            except self._ignored_exceptions as exc:\n                screen = getattr(exc, \"screen\", None)\n                stacktrace = getattr(exc, \"stacktrace\", None)\n            time.sleep(self._poll)\n            if time.monotonic() > end_time:\n                break\n>       raise TimeoutException(message, screen, stacktrace)\nE       selenium.common.exceptions.TimeoutException: Message: Can't find element by locator https://www.brainup.site/groups\n\n/opt/hostedtoolcache/Python/3.12.12/x64/lib/python3.12/site-packages/selenium/webdriver/support/wait.py:95: TimeoutException","flaky":false,"newFailed":false,"newBroken":true,"newPassed":false,"retriesCount":0,"retriesStatusChange":false,"beforeStages":[{"name":"clear_allure_results_folder","time":{"start":1769543132141,"stop":1769543132141,"duration":0},"status":"passed","steps":[],"attachments":[],"parameters":[],"stepsCount":0,"shouldDisplayMessage":false,"attachmentsCount":0,"hasContent":false,"attachmentStep":false},{"name":"driver","time":{"start":1769543645375,"stop":1769543646154,"duration":779},"status":"passed","steps":[],"attachments":[],"parameters":[],"stepsCount":0,"shouldDisplayMessage":false,"attachmentsCount":0,"hasContent":false,"attachmentStep":false},{"name":"main_page_open","time":{"start":1769543646154,"stop":1769543649962,"duration":3808},"status":"passed","steps":[{"name":"Open page: https://www.brainup.site/","time":{"start":1769543646155,"stop":1769543649962,"duration":3807},"status":"passed","steps":[],"attachments":[],"parameters":[{"name":"driver","value":"<selenium.webdriver.chrome.webdriver.WebDriver (session=\"ebc9d0a4c8dca2dc809efdfc7235c94e\")>"}],"stepsCount":0,"shouldDisplayMessage":false,"attachmentsCount":0,"hasContent":true,"attachmentStep":false}],"attachments":[],"parameters":[],"stepsCount":1,"shouldDisplayMessage":false,"attachmentsCount":0,"hasContent":true,"attachmentStep":false},{"name":"auto_test_user_authorized","time":{"start":1769543649962,"stop":1769543670519,"duration":20557},"status":"broken","statusMessage":"selenium.common.exceptions.TimeoutException: Message: Can't find element by locator https://www.brainup.site/groups\n\n","statusTrace":"  File \"/opt/hostedtoolcache/Python/3.12.12/x64/lib/python3.12/site-packages/pluggy/_callers.py\", line 38, in run_old_style_hookwrapper\n    res = yield\n          ^^^^^\n  File \"/opt/hostedtoolcache/Python/3.12.12/x64/lib/python3.12/site-packages/pluggy/_callers.py\", line 139, in _multicall\n    teardown.throw(exception)\n  File \"/opt/hostedtoolcache/Python/3.12.12/x64/lib/python3.12/site-packages/pluggy/_callers.py\", line 53, in run_old_style_hookwrapper\n    return result.get_result()\n           ^^^^^^^^^^^^^^^^^^^\n  File \"/opt/hostedtoolcache/Python/3.12.12/x64/lib/python3.12/site-packages/pluggy/_result.py\", line 103, in get_result\n    raise exc.with_traceback(tb)\n  File \"/opt/hostedtoolcache/Python/3.12.12/x64/lib/python3.12/site-packages/pluggy/_callers.py\", line 38, in run_old_style_hookwrapper\n    res = yield\n          ^^^^^\n  File \"/opt/hostedtoolcache/Python/3.12.12/x64/lib/python3.12/site-packages/pluggy/_callers.py\", line 121, in _multicall\n    res = hook_impl.function(*args)\n          ^^^^^^^^^^^^^^^^^^^^^^^^^\n  File \"/opt/hostedtoolcache/Python/3.12.12/x64/lib/python3.12/site-packages/_pytest/fixtures.py\", line 1123, in pytest_fixture_setup\n    result = call_fixture_func(fixturefunc, request, kwargs)\n             ^^^^^^^^^^^^^^^^^^^^^^^^^^^^^^^^^^^^^^^^^^^^^^^\n  File \"/opt/hostedtoolcache/Python/3.12.12/x64/lib/python3.12/site-packages/_pytest/fixtures.py\", line 902, in call_fixture_func\n    fixture_result = fixturefunc(**kwargs)\n                     ^^^^^^^^^^^^^^^^^^^^^\n  File \"/opt/hostedtoolcache/Python/3.12.12/x64/lib/python3.12/site-packages/allure_commons/_allure.py\", line 192, in impl\n    return func(*a, **kw)\n           ^^^^^^^^^^^^^^\n  File \"/home/runner/work/auto-tests-python/auto-tests-python/tests/conftest.py\", line 178, in auto_test_user_authorized\n    page.check_expected_link(MainPageLinks.URL_GROUPS_PAGE)\n  File \"/home/runner/work/auto-tests-python/auto-tests-python/pages/base_page.py\", line 84, in check_expected_link\n    return Wait(self.driver, self.timeout).until(\n           ^^^^^^^^^^^^^^^^^^^^^^^^^^^^^^^^^^^^^^\n  File \"/opt/hostedtoolcache/Python/3.12.12/x64/lib/python3.12/site-packages/selenium/webdriver/support/wait.py\", line 95, in until\n    raise TimeoutException(message, screen, stacktrace)\n","steps":[{"name":"Auto test user authorized","time":{"start":1769543649962,"stop":1769543670518,"duration":20556},"status":"broken","statusMessage":"selenium.common.exceptions.TimeoutException: Message: Can't find element by locator https://www.brainup.site/groups\n\n","statusTrace":"  File \"/opt/hostedtoolcache/Python/3.12.12/x64/lib/python3.12/site-packages/allure_commons/_allure.py\", line 192, in impl\n    return func(*a, **kw)\n           ^^^^^^^^^^^^^^\n  File \"/home/runner/work/auto-tests-python/auto-tests-python/tests/conftest.py\", line 178, in auto_test_user_authorized\n    page.check_expected_link(MainPageLinks.URL_GROUPS_PAGE)\n  File \"/home/runner/work/auto-tests-python/auto-tests-python/pages/base_page.py\", line 84, in check_expected_link\n    return Wait(self.driver, self.timeout).until(\n           ^^^^^^^^^^^^^^^^^^^^^^^^^^^^^^^^^^^^^^\n  File \"/opt/hostedtoolcache/Python/3.12.12/x64/lib/python3.12/site-packages/selenium/webdriver/support/wait.py\", line 95, in until\n    raise TimeoutException(message, screen, stacktrace)\n","steps":[{"name":"Check url is present: https://www.brainup.site/groups","time":{"start":1769543650363,"stop":1769543670518,"duration":20155},"status":"broken","statusMessage":"selenium.common.exceptions.TimeoutException: Message: Can't find element by locator https://www.brainup.site/groups\n\n","statusTrace":"  File \"/home/runner/work/auto-tests-python/auto-tests-python/pages/base_page.py\", line 84, in check_expected_link\n    return Wait(self.driver, self.timeout).until(\n           ^^^^^^^^^^^^^^^^^^^^^^^^^^^^^^^^^^^^^^\n  File \"/opt/hostedtoolcache/Python/3.12.12/x64/lib/python3.12/site-packages/selenium/webdriver/support/wait.py\", line 95, in until\n    raise TimeoutException(message, screen, stacktrace)\n","steps":[],"attachments":[],"parameters":[],"stepsCount":0,"shouldDisplayMessage":true,"attachmentsCount":0,"hasContent":true,"attachmentStep":false}],"attachments":[],"parameters":[{"name":"driver","value":"<selenium.webdriver.chrome.webdriver.WebDriver (session=\"ebc9d0a4c8dca2dc809efdfc7235c94e\")>"},{"name":"main_page_open","value":"None"}],"stepsCount":1,"shouldDisplayMessage":false,"attachmentsCount":0,"hasContent":true,"attachmentStep":false}],"attachments":[],"parameters":[],"stepsCount":2,"shouldDisplayMessage":false,"attachmentsCount":0,"hasContent":true,"attachmentStep":false}],"afterStages":[{"name":"driver::0","time":{"start":1769543670536,"stop":1769543670612,"duration":76},"status":"passed","steps":[],"attachments":[],"parameters":[],"stepsCount":0,"shouldDisplayMessage":false,"attachmentsCount":0,"hasContent":false,"attachmentStep":false}],"labels":[{"name":"epic","value":"The Exercises 'Words' Page on the 'ru' local"},{"name":"parentSuite","value":"tests"},{"name":"suite","value":"exercises_ru_words_page_test"},{"name":"subSuite","value":"TestExercisesRuWordsPage"},{"name":"host","value":"runnervmymu0l"},{"name":"thread","value":"2695-MainThread"},{"name":"framework","value":"pytest"},{"name":"language","value":"cpython3"},{"name":"package","value":"tests.exercises_ru_words_page_test"},{"name":"resultFormat","value":"allure2"}],"parameters":[],"links":[],"hidden":false,"retry":false,"extra":{"severity":"normal","retries":[],"categories":[{"name":"Test defects","matchedStatuses":[],"flaky":false}],"history":{"statistic":{"failed":0,"broken":1,"skipped":0,"passed":20,"unknown":0,"total":21},"items":[{"uid":"2084381462a7d281","reportUrl":"https://Brain-up.github.io/auto-tests-python/813/#testresult/2084381462a7d281","status":"passed","time":{"start":1769425121940,"stop":1769425124831,"duration":2891}},{"uid":"e5796e65fd95aeda","reportUrl":"https://Brain-up.github.io/auto-tests-python/812/#testresult/e5796e65fd95aeda","status":"passed","time":{"start":1769335452260,"stop":1769335455129,"duration":2869}},{"uid":"f6208a0295cef331","reportUrl":"https://Brain-up.github.io/auto-tests-python/811/#testresult/f6208a0295cef331","status":"passed","time":{"start":1769252101324,"stop":1769252104187,"duration":2863}},{"uid":"7d0b6116ca14fe38","reportUrl":"https://Brain-up.github.io/auto-tests-python/810/#testresult/7d0b6116ca14fe38","status":"passed","time":{"start":1769070713035,"stop":1769070715909,"duration":2874}},{"uid":"138a95826fe0e775","reportUrl":"https://Brain-up.github.io/auto-tests-python/809/#testresult/138a95826fe0e775","status":"passed","time":{"start":1768988665504,"stop":1768988668407,"duration":2903}},{"uid":"c3e377c194a988d1","reportUrl":"https://Brain-up.github.io/auto-tests-python/808/#testresult/c3e377c194a988d1","status":"passed","time":{"start":1768905969142,"stop":1768905972015,"duration":2873}},{"uid":"aaf683203e4929f3","reportUrl":"https://Brain-up.github.io/auto-tests-python/807/#testresult/aaf683203e4929f3","status":"passed","time":{"start":1768820383036,"stop":1768820385907,"duration":2871}},{"uid":"38bfae1a8f2c0a68","reportUrl":"https://Brain-up.github.io/auto-tests-python/806/#testresult/38bfae1a8f2c0a68","status":"passed","time":{"start":1768736615459,"stop":1768736618352,"duration":2893}},{"uid":"916fcbdd58bc0393","reportUrl":"https://Brain-up.github.io/auto-tests-python/805/#testresult/916fcbdd58bc0393","status":"passed","time":{"start":1768647081055,"stop":1768647083937,"duration":2882}},{"uid":"4324bad35d77b784","reportUrl":"https://Brain-up.github.io/auto-tests-python/804/#testresult/4324bad35d77b784","status":"passed","time":{"start":1768558110807,"stop":1768558113685,"duration":2878}},{"uid":"547b675c0ee4bcc","reportUrl":"https://Brain-up.github.io/auto-tests-python/803/#testresult/547b675c0ee4bcc","status":"passed","time":{"start":1768471207156,"stop":1768471210045,"duration":2889}},{"uid":"c82a5e230f0bdf3","reportUrl":"https://Brain-up.github.io/auto-tests-python/802/#testresult/c82a5e230f0bdf3","status":"passed","time":{"start":1768396524793,"stop":1768396527744,"duration":2951}},{"uid":"d315d2bdc2e8e44a","reportUrl":"https://Brain-up.github.io/auto-tests-python/801/#testresult/d315d2bdc2e8e44a","status":"passed","time":{"start":1768298051533,"stop":1768298054403,"duration":2870}},{"uid":"1910ffb661b9af80","reportUrl":"https://Brain-up.github.io/auto-tests-python/800/#testresult/1910ffb661b9af80","status":"passed","time":{"start":1768194893981,"stop":1768194896859,"duration":2878}},{"uid":"e2f21087cc515302","reportUrl":"https://Brain-up.github.io/auto-tests-python/799/#testresult/e2f21087cc515302","status":"passed","time":{"start":1768045158349,"stop":1768045161251,"duration":2902}},{"uid":"78b71e205e4148b","reportUrl":"https://Brain-up.github.io/auto-tests-python/798/#testresult/78b71e205e4148b","status":"passed","time":{"start":1767951781768,"stop":1767951784651,"duration":2883}},{"uid":"17380dbe6ea8cc08","reportUrl":"https://Brain-up.github.io/auto-tests-python/797/#testresult/17380dbe6ea8cc08","status":"passed","time":{"start":1767867391089,"stop":1767867393955,"duration":2866}},{"uid":"715d117e07bb1c98","reportUrl":"https://Brain-up.github.io/auto-tests-python/796/#testresult/715d117e07bb1c98","status":"passed","time":{"start":1767791978569,"stop":1767791981449,"duration":2880}},{"uid":"dce73fce1f0bd690","reportUrl":"https://Brain-up.github.io/auto-tests-python/795/#testresult/dce73fce1f0bd690","status":"passed","time":{"start":1767706756740,"stop":1767706759619,"duration":2879}},{"uid":"fcb64de0ecf4a5ef","reportUrl":"https://Brain-up.github.io/auto-tests-python/794/#testresult/fcb64de0ecf4a5ef","status":"passed","time":{"start":1767701758225,"stop":1767701761106,"duration":2881}}]},"tags":[]},"source":"9ca7daa490332489.json","parameterValues":[]}