{"uid":"ecfb4f13a0cdf830","name":"Verify presence and visibility of content on the page","fullName":"tests.groups_page_test.TestGroupsPageStructure#test_gp_01_01_verify_page_presence_and_visibility","historyId":"a30a989086813697612f203d8701abf4","time":{"start":1769543774013,"stop":1769543774013,"duration":0},"status":"broken","statusMessage":"selenium.common.exceptions.TimeoutException: Message: Can't find element by locator https://www.brainup.site/groups","statusTrace":"self = <pages.base_page.BasePage object at 0x7ffa324534d0>\nurl = 'https://www.brainup.site/groups'\n\n    def check_expected_link(self, url):\n        with allure.step(f'Check url is present: {url}'):\n            try:\n>               return Wait(self.driver, self.timeout).until(\n                    EC.url_to_be(url), message=f\"Can't find element by locator {url}\")\n\npages/base_page.py:80: \n_ _ _ _ _ _ _ _ _ _ _ _ _ _ _ _ _ _ _ _ _ _ _ _ _ _ _ _ _ _ _ _ _ _ _ _ _ _ _ _ \n\nself = <selenium.webdriver.support.wait.WebDriverWait (session=\"0ae3d6a435bd29415603ce17166098a2\")>\nmethod = <function url_to_be.<locals>._predicate at 0x7ffa32342840>\nmessage = \"Can't find element by locator https://www.brainup.site/groups\"\n\n    def until(self, method, message: str = \"\"):\n        \"\"\"Calls the method provided with the driver as an argument until the \\\n        return value does not evaluate to ``False``.\n    \n        :param method: callable(WebDriver)\n        :param message: optional message for :exc:`TimeoutException`\n        :returns: the result of the last call to `method`\n        :raises: :exc:`selenium.common.exceptions.TimeoutException` if timeout occurs\n        \"\"\"\n        screen = None\n        stacktrace = None\n    \n        end_time = time.monotonic() + self._timeout\n        while True:\n            try:\n                value = method(self._driver)\n                if value:\n                    return value\n            except self._ignored_exceptions as exc:\n                screen = getattr(exc, \"screen\", None)\n                stacktrace = getattr(exc, \"stacktrace\", None)\n            time.sleep(self._poll)\n            if time.monotonic() > end_time:\n                break\n>       raise TimeoutException(message, screen, stacktrace)\nE       selenium.common.exceptions.TimeoutException: Message: Can't find element by locator https://www.brainup.site/groups\n\n/opt/hostedtoolcache/Python/3.12.12/x64/lib/python3.12/site-packages/selenium/webdriver/support/wait.py:95: TimeoutException\n\nDuring handling of the above exception, another exception occurred:\n\ndriver = <selenium.webdriver.chrome.webdriver.WebDriver (session=\"0ae3d6a435bd29415603ce17166098a2\")>\nmain_page_open = None\n\n    @pytest.fixture()\n    @allure.step('Auto test user authorized')\n    def auto_test_user_authorized(driver, main_page_open):\n        page = BasePage(driver)\n        page.element_is_present_and_clickable(MainPageLocators.LOGIN_BUTTON).click()\n        page.element_is_visible(LoginPageLocators.INPUT_LOGIN).send_keys(os.environ[\"LOGIN\"])\n        page.element_is_visible(LoginPageLocators.INPUT_PASSWORD).send_keys(os.environ[\"PASSWORD\"])\n        page.element_is_present_and_clickable(LoginPageLocators.SIGN_IN_BUTTON).click()\n>       page.check_expected_link(MainPageLinks.URL_GROUPS_PAGE)\n\ntests/conftest.py:178: \n_ _ _ _ _ _ _ _ _ _ _ _ _ _ _ _ _ _ _ _ _ _ _ _ _ _ _ _ _ _ _ _ _ _ _ _ _ _ _ _ \npages/base_page.py:84: in check_expected_link\n    return Wait(self.driver, self.timeout).until(\n_ _ _ _ _ _ _ _ _ _ _ _ _ _ _ _ _ _ _ _ _ _ _ _ _ _ _ _ _ _ _ _ _ _ _ _ _ _ _ _ \n\nself = <selenium.webdriver.support.wait.WebDriverWait (session=\"0ae3d6a435bd29415603ce17166098a2\")>\nmethod = <function url_to_be.<locals>._predicate at 0x7ffa32342160>\nmessage = \"Can't find element by locator https://www.brainup.site/groups\"\n\n    def until(self, method, message: str = \"\"):\n        \"\"\"Calls the method provided with the driver as an argument until the \\\n        return value does not evaluate to ``False``.\n    \n        :param method: callable(WebDriver)\n        :param message: optional message for :exc:`TimeoutException`\n        :returns: the result of the last call to `method`\n        :raises: :exc:`selenium.common.exceptions.TimeoutException` if timeout occurs\n        \"\"\"\n        screen = None\n        stacktrace = None\n    \n        end_time = time.monotonic() + self._timeout\n        while True:\n            try:\n                value = method(self._driver)\n                if value:\n                    return value\n            except self._ignored_exceptions as exc:\n                screen = getattr(exc, \"screen\", None)\n                stacktrace = getattr(exc, \"stacktrace\", None)\n            time.sleep(self._poll)\n            if time.monotonic() > end_time:\n                break\n>       raise TimeoutException(message, screen, stacktrace)\nE       selenium.common.exceptions.TimeoutException: Message: Can't find element by locator https://www.brainup.site/groups\n\n/opt/hostedtoolcache/Python/3.12.12/x64/lib/python3.12/site-packages/selenium/webdriver/support/wait.py:95: TimeoutException","flaky":false,"newFailed":false,"newBroken":true,"newPassed":false,"retriesCount":0,"retriesStatusChange":false,"beforeStages":[{"name":"clear_allure_results_folder","time":{"start":1769543132141,"stop":1769543132141,"duration":0},"status":"passed","steps":[],"attachments":[],"parameters":[],"stepsCount":0,"shouldDisplayMessage":false,"attachmentsCount":0,"hasContent":false,"attachmentStep":false},{"name":"driver","time":{"start":1769543774014,"stop":1769543774767,"duration":753},"status":"passed","steps":[],"attachments":[],"parameters":[],"stepsCount":0,"shouldDisplayMessage":false,"attachmentsCount":0,"hasContent":false,"attachmentStep":false},{"name":"main_page_open","time":{"start":1769543774767,"stop":1769543778074,"duration":3307},"status":"passed","steps":[{"name":"Open page: https://www.brainup.site/","time":{"start":1769543774768,"stop":1769543778074,"duration":3306},"status":"passed","steps":[],"attachments":[],"parameters":[{"name":"driver","value":"<selenium.webdriver.chrome.webdriver.WebDriver (session=\"0ae3d6a435bd29415603ce17166098a2\")>"}],"stepsCount":0,"shouldDisplayMessage":false,"attachmentsCount":0,"hasContent":true,"attachmentStep":false}],"attachments":[],"parameters":[],"stepsCount":1,"shouldDisplayMessage":false,"attachmentsCount":0,"hasContent":true,"attachmentStep":false},{"name":"auto_test_user_authorized","time":{"start":1769543778075,"stop":1769543798587,"duration":20512},"status":"broken","statusMessage":"selenium.common.exceptions.TimeoutException: Message: Can't find element by locator https://www.brainup.site/groups\n\n","statusTrace":"  File \"/opt/hostedtoolcache/Python/3.12.12/x64/lib/python3.12/site-packages/pluggy/_callers.py\", line 38, in run_old_style_hookwrapper\n    res = yield\n          ^^^^^\n  File \"/opt/hostedtoolcache/Python/3.12.12/x64/lib/python3.12/site-packages/pluggy/_callers.py\", line 139, in _multicall\n    teardown.throw(exception)\n  File \"/opt/hostedtoolcache/Python/3.12.12/x64/lib/python3.12/site-packages/pluggy/_callers.py\", line 53, in run_old_style_hookwrapper\n    return result.get_result()\n           ^^^^^^^^^^^^^^^^^^^\n  File \"/opt/hostedtoolcache/Python/3.12.12/x64/lib/python3.12/site-packages/pluggy/_result.py\", line 103, in get_result\n    raise exc.with_traceback(tb)\n  File \"/opt/hostedtoolcache/Python/3.12.12/x64/lib/python3.12/site-packages/pluggy/_callers.py\", line 38, in run_old_style_hookwrapper\n    res = yield\n          ^^^^^\n  File \"/opt/hostedtoolcache/Python/3.12.12/x64/lib/python3.12/site-packages/pluggy/_callers.py\", line 121, in _multicall\n    res = hook_impl.function(*args)\n          ^^^^^^^^^^^^^^^^^^^^^^^^^\n  File \"/opt/hostedtoolcache/Python/3.12.12/x64/lib/python3.12/site-packages/_pytest/fixtures.py\", line 1123, in pytest_fixture_setup\n    result = call_fixture_func(fixturefunc, request, kwargs)\n             ^^^^^^^^^^^^^^^^^^^^^^^^^^^^^^^^^^^^^^^^^^^^^^^\n  File \"/opt/hostedtoolcache/Python/3.12.12/x64/lib/python3.12/site-packages/_pytest/fixtures.py\", line 902, in call_fixture_func\n    fixture_result = fixturefunc(**kwargs)\n                     ^^^^^^^^^^^^^^^^^^^^^\n  File \"/opt/hostedtoolcache/Python/3.12.12/x64/lib/python3.12/site-packages/allure_commons/_allure.py\", line 192, in impl\n    return func(*a, **kw)\n           ^^^^^^^^^^^^^^\n  File \"/home/runner/work/auto-tests-python/auto-tests-python/tests/conftest.py\", line 178, in auto_test_user_authorized\n    page.check_expected_link(MainPageLinks.URL_GROUPS_PAGE)\n  File \"/home/runner/work/auto-tests-python/auto-tests-python/pages/base_page.py\", line 84, in check_expected_link\n    return Wait(self.driver, self.timeout).until(\n           ^^^^^^^^^^^^^^^^^^^^^^^^^^^^^^^^^^^^^^\n  File \"/opt/hostedtoolcache/Python/3.12.12/x64/lib/python3.12/site-packages/selenium/webdriver/support/wait.py\", line 95, in until\n    raise TimeoutException(message, screen, stacktrace)\n","steps":[{"name":"Auto test user authorized","time":{"start":1769543778075,"stop":1769543798586,"duration":20511},"status":"broken","statusMessage":"selenium.common.exceptions.TimeoutException: Message: Can't find element by locator https://www.brainup.site/groups\n\n","statusTrace":"  File \"/opt/hostedtoolcache/Python/3.12.12/x64/lib/python3.12/site-packages/allure_commons/_allure.py\", line 192, in impl\n    return func(*a, **kw)\n           ^^^^^^^^^^^^^^\n  File \"/home/runner/work/auto-tests-python/auto-tests-python/tests/conftest.py\", line 178, in auto_test_user_authorized\n    page.check_expected_link(MainPageLinks.URL_GROUPS_PAGE)\n  File \"/home/runner/work/auto-tests-python/auto-tests-python/pages/base_page.py\", line 84, in check_expected_link\n    return Wait(self.driver, self.timeout).until(\n           ^^^^^^^^^^^^^^^^^^^^^^^^^^^^^^^^^^^^^^\n  File \"/opt/hostedtoolcache/Python/3.12.12/x64/lib/python3.12/site-packages/selenium/webdriver/support/wait.py\", line 95, in until\n    raise TimeoutException(message, screen, stacktrace)\n","steps":[{"name":"Check url is present: https://www.brainup.site/groups","time":{"start":1769543778444,"stop":1769543798586,"duration":20142},"status":"broken","statusMessage":"selenium.common.exceptions.TimeoutException: Message: Can't find element by locator https://www.brainup.site/groups\n\n","statusTrace":"  File \"/home/runner/work/auto-tests-python/auto-tests-python/pages/base_page.py\", line 84, in check_expected_link\n    return Wait(self.driver, self.timeout).until(\n           ^^^^^^^^^^^^^^^^^^^^^^^^^^^^^^^^^^^^^^\n  File \"/opt/hostedtoolcache/Python/3.12.12/x64/lib/python3.12/site-packages/selenium/webdriver/support/wait.py\", line 95, in until\n    raise TimeoutException(message, screen, stacktrace)\n","steps":[],"attachments":[],"parameters":[],"stepsCount":0,"shouldDisplayMessage":true,"attachmentsCount":0,"hasContent":true,"attachmentStep":false}],"attachments":[],"parameters":[{"name":"driver","value":"<selenium.webdriver.chrome.webdriver.WebDriver (session=\"0ae3d6a435bd29415603ce17166098a2\")>"},{"name":"main_page_open","value":"None"}],"stepsCount":1,"shouldDisplayMessage":false,"attachmentsCount":0,"hasContent":true,"attachmentStep":false}],"attachments":[],"parameters":[],"stepsCount":2,"shouldDisplayMessage":false,"attachmentsCount":0,"hasContent":true,"attachmentStep":false}],"afterStages":[{"name":"driver::0","time":{"start":1769543798605,"stop":1769543798680,"duration":75},"status":"passed","steps":[],"attachments":[],"parameters":[],"stepsCount":0,"shouldDisplayMessage":false,"attachmentsCount":0,"hasContent":false,"attachmentStep":false}],"labels":[{"name":"epic","value":"The Groups Page"},{"name":"parentSuite","value":"tests"},{"name":"suite","value":"groups_page_test"},{"name":"subSuite","value":"TestGroupsPage"},{"name":"host","value":"runnervmymu0l"},{"name":"thread","value":"2695-MainThread"},{"name":"framework","value":"pytest"},{"name":"language","value":"cpython3"},{"name":"package","value":"tests.groups_page_test"},{"name":"resultFormat","value":"allure2"}],"parameters":[],"links":[],"hidden":false,"retry":false,"extra":{"severity":"normal","retries":[],"categories":[{"name":"Test defects","matchedStatuses":[],"flaky":false}],"history":{"statistic":{"failed":0,"broken":1,"skipped":0,"passed":20,"unknown":0,"total":21},"items":[{"uid":"54a574ce59c6e442","reportUrl":"https://Brain-up.github.io/auto-tests-python/813/#testresult/54a574ce59c6e442","status":"passed","time":{"start":1769425221704,"stop":1769425221731,"duration":27}},{"uid":"c6bfb131bce27832","reportUrl":"https://Brain-up.github.io/auto-tests-python/812/#testresult/c6bfb131bce27832","status":"passed","time":{"start":1769335547639,"stop":1769335547665,"duration":26}},{"uid":"dfb3956e190d6e47","reportUrl":"https://Brain-up.github.io/auto-tests-python/811/#testresult/dfb3956e190d6e47","status":"passed","time":{"start":1769252202365,"stop":1769252202390,"duration":25}},{"uid":"dc54d0cfef005a9d","reportUrl":"https://Brain-up.github.io/auto-tests-python/810/#testresult/dc54d0cfef005a9d","status":"passed","time":{"start":1769070830488,"stop":1769070830519,"duration":31}},{"uid":"40f8c480caa46b60","reportUrl":"https://Brain-up.github.io/auto-tests-python/809/#testresult/40f8c480caa46b60","status":"passed","time":{"start":1768988763481,"stop":1768988763509,"duration":28}},{"uid":"fc99f939bf0da99","reportUrl":"https://Brain-up.github.io/auto-tests-python/808/#testresult/fc99f939bf0da99","status":"passed","time":{"start":1768906085363,"stop":1768906085392,"duration":29}},{"uid":"4c46b3776c32d581","reportUrl":"https://Brain-up.github.io/auto-tests-python/807/#testresult/4c46b3776c32d581","status":"passed","time":{"start":1768820480934,"stop":1768820480961,"duration":27}},{"uid":"6374a0757236a4d4","reportUrl":"https://Brain-up.github.io/auto-tests-python/806/#testresult/6374a0757236a4d4","status":"passed","time":{"start":1768736712069,"stop":1768736712097,"duration":28}},{"uid":"c0bea5a32d96ec45","reportUrl":"https://Brain-up.github.io/auto-tests-python/805/#testresult/c0bea5a32d96ec45","status":"passed","time":{"start":1768647174805,"stop":1768647174831,"duration":26}},{"uid":"2122b016a52f3e30","reportUrl":"https://Brain-up.github.io/auto-tests-python/804/#testresult/2122b016a52f3e30","status":"passed","time":{"start":1768558207800,"stop":1768558207828,"duration":28}},{"uid":"806438883ef1ff58","reportUrl":"https://Brain-up.github.io/auto-tests-python/803/#testresult/806438883ef1ff58","status":"passed","time":{"start":1768471304034,"stop":1768471304063,"duration":29}},{"uid":"3aaeda3f2be6278a","reportUrl":"https://Brain-up.github.io/auto-tests-python/802/#testresult/3aaeda3f2be6278a","status":"passed","time":{"start":1768396626629,"stop":1768396626659,"duration":30}},{"uid":"76c8107c04efb7ef","reportUrl":"https://Brain-up.github.io/auto-tests-python/801/#testresult/76c8107c04efb7ef","status":"passed","time":{"start":1768298160218,"stop":1768298160246,"duration":28}},{"uid":"b3b1efdd87e24044","reportUrl":"https://Brain-up.github.io/auto-tests-python/800/#testresult/b3b1efdd87e24044","status":"passed","time":{"start":1768194994728,"stop":1768194994756,"duration":28}},{"uid":"48593263bbec9cb0","reportUrl":"https://Brain-up.github.io/auto-tests-python/799/#testresult/48593263bbec9cb0","status":"passed","time":{"start":1768045255934,"stop":1768045255962,"duration":28}},{"uid":"928b5ef5af02e8c2","reportUrl":"https://Brain-up.github.io/auto-tests-python/798/#testresult/928b5ef5af02e8c2","status":"passed","time":{"start":1767951892106,"stop":1767951892142,"duration":36}},{"uid":"c5eae477a047de08","reportUrl":"https://Brain-up.github.io/auto-tests-python/797/#testresult/c5eae477a047de08","status":"passed","time":{"start":1767867483389,"stop":1767867483415,"duration":26}},{"uid":"dd2e7f48674dd112","reportUrl":"https://Brain-up.github.io/auto-tests-python/796/#testresult/dd2e7f48674dd112","status":"passed","time":{"start":1767792087938,"stop":1767792087964,"duration":26}},{"uid":"4ecd0d6794f464f","reportUrl":"https://Brain-up.github.io/auto-tests-python/795/#testresult/4ecd0d6794f464f","status":"passed","time":{"start":1767706851707,"stop":1767706851738,"duration":31}},{"uid":"369bc3deaf0444e4","reportUrl":"https://Brain-up.github.io/auto-tests-python/794/#testresult/369bc3deaf0444e4","status":"passed","time":{"start":1767701872611,"stop":1767701872639,"duration":28}}]},"tags":[]},"source":"ecfb4f13a0cdf830.json","parameterValues":[]}