{"uid":"3ff268a07ebcc8be","name":"Solutions to a random task in the \"Слова Королёвой\" .","fullName":"tests.test_speech_exercises_ru.TestCardsRU#test_solve_koroleva_cards_ru","historyId":"c9fe4fbd9394e2fb5a6898be66ba433b","time":{"start":1771759473489,"stop":1771759483840,"duration":10351},"status":"skipped","statusMessage":"XFAIL\n\nselenium.common.exceptions.TimeoutException: Message: Can't find element by locator ('xpath', '//a[text()=\"Упражнения\"]')\nStacktrace:\n#0 0x55bb26c0b4ba <unknown>\n#1 0x55bb26674492 <unknown>\n#2 0x55bb266c99b6 <unknown>\n#3 0x55bb266c9bf1 <unknown>\n#4 0x55bb267154d4 <unknown>\n#5 0x55bb26712700 <unknown>\n#6 0x55bb266bb6a2 <unknown>\n#7 0x55bb266bc491 <unknown>\n#8 0x55bb26bd1479 <unknown>\n#9 0x55bb26bd4391 <unknown>\n#10 0x55bb26bbda89 <unknown>\n#11 0x55bb26bd4f4e <unknown>\n#12 0x55bb26ba4070 <unknown>\n#13 0x55bb26bf8ca8 <unknown>\n#14 0x55bb26bf8e78 <unknown>\n#15 0x55bb26c0a828 <unknown>\n#16 0x7fe6ce89caa4 <unknown>\n#17 0x7fe6ce929c6c <unknown>","statusTrace":"self = <tests.test_speech_exercises_ru.TestCardsRU object at 0x7f526fb0cec0>\ndriver = <selenium.webdriver.chrome.webdriver.WebDriver (session=\"c52d7fc261fdb1b055d1f34f0efafa88\")>\ndefault_user_authorized = None\n\n    @pytest.mark.xfail\n    @allure.suite(\"Речевые упражнения.\")\n    @allure.title('Solutions to a random task in the \"Слова Королёвой\" .')\n    def test_solve_koroleva_cards_ru(self, driver, default_user_authorized):\n        page = SpeechExercisesPageRU(driver)\n>       page.click_button_exercises()\n\ntests/test_speech_exercises_ru.py:144: \n_ _ _ _ _ _ _ _ _ _ _ _ _ _ _ _ _ _ _ _ _ _ _ _ _ _ _ _ _ _ _ _ _ _ _ _ _ _ _ _ \npages/speech_exercises_page_ru.py:199: in click_button_exercises\n    button = self.element_is_present_and_clickable(self.locators.AuthorizedUserHomePageLocators.BUTTON_EXERCISES_RU)\npages/base_page.py:40: in element_is_present_and_clickable\n    return (Wait(self.driver, self.timeout).until(\n_ _ _ _ _ _ _ _ _ _ _ _ _ _ _ _ _ _ _ _ _ _ _ _ _ _ _ _ _ _ _ _ _ _ _ _ _ _ _ _ \n\nself = <selenium.webdriver.support.wait.WebDriverWait (session=\"c52d7fc261fdb1b055d1f34f0efafa88\")>\nmethod = <function visibility_of_element_located.<locals>._predicate at 0x7f526f992200>\nmessage = 'Can\\'t find element by locator (\\'xpath\\', \\'//a[text()=\"Упражнения\"]\\')'\n\n    def until(self, method, message: str = \"\"):\n        \"\"\"Calls the method provided with the driver as an argument until the \\\n        return value does not evaluate to ``False``.\n    \n        :param method: callable(WebDriver)\n        :param message: optional message for :exc:`TimeoutException`\n        :returns: the result of the last call to `method`\n        :raises: :exc:`selenium.common.exceptions.TimeoutException` if timeout occurs\n        \"\"\"\n        screen = None\n        stacktrace = None\n    \n        end_time = time.monotonic() + self._timeout\n        while True:\n            try:\n                value = method(self._driver)\n                if value:\n                    return value\n            except self._ignored_exceptions as exc:\n                screen = getattr(exc, \"screen\", None)\n                stacktrace = getattr(exc, \"stacktrace\", None)\n            time.sleep(self._poll)\n            if time.monotonic() > end_time:\n                break\n>       raise TimeoutException(message, screen, stacktrace)\nE       selenium.common.exceptions.TimeoutException: Message: Can't find element by locator ('xpath', '//a[text()=\"Упражнения\"]')\nE       Stacktrace:\nE       #0 0x55bb26c0b4ba <unknown>\nE       #1 0x55bb26674492 <unknown>\nE       #2 0x55bb266c99b6 <unknown>\nE       #3 0x55bb266c9bf1 <unknown>\nE       #4 0x55bb267154d4 <unknown>\nE       #5 0x55bb26712700 <unknown>\nE       #6 0x55bb266bb6a2 <unknown>\nE       #7 0x55bb266bc491 <unknown>\nE       #8 0x55bb26bd1479 <unknown>\nE       #9 0x55bb26bd4391 <unknown>\nE       #10 0x55bb26bbda89 <unknown>\nE       #11 0x55bb26bd4f4e <unknown>\nE       #12 0x55bb26ba4070 <unknown>\nE       #13 0x55bb26bf8ca8 <unknown>\nE       #14 0x55bb26bf8e78 <unknown>\nE       #15 0x55bb26c0a828 <unknown>\nE       #16 0x7fe6ce89caa4 <unknown>\nE       #17 0x7fe6ce929c6c <unknown>\n\n/opt/hostedtoolcache/Python/3.12.12/x64/lib/python3.12/site-packages/selenium/webdriver/support/wait.py:95: TimeoutException","flaky":false,"newFailed":false,"newBroken":false,"newPassed":false,"retriesCount":0,"retriesStatusChange":false,"beforeStages":[{"name":"clear_allure_results_folder","time":{"start":1771758008431,"stop":1771758008431,"duration":0},"status":"passed","steps":[],"attachments":[],"parameters":[],"stepsCount":0,"shouldDisplayMessage":false,"attachmentsCount":0,"hasContent":false,"attachmentStep":false},{"name":"driver","time":{"start":1771759466453,"stop":1771759467206,"duration":753},"status":"passed","steps":[],"attachments":[],"parameters":[],"stepsCount":0,"shouldDisplayMessage":false,"attachmentsCount":0,"hasContent":false,"attachmentStep":false},{"name":"main_page_open","time":{"start":1771759467206,"stop":1771759470581,"duration":3375},"status":"passed","steps":[{"name":"Open page: https://www.brainup.site/","time":{"start":1771759467206,"stop":1771759470581,"duration":3375},"status":"passed","steps":[],"attachments":[],"parameters":[{"name":"driver","value":"<selenium.webdriver.chrome.webdriver.WebDriver (session=\"c52d7fc261fdb1b055d1f34f0efafa88\")>"}],"stepsCount":0,"shouldDisplayMessage":false,"attachmentsCount":0,"hasContent":true,"attachmentStep":false}],"attachments":[],"parameters":[],"stepsCount":1,"shouldDisplayMessage":false,"attachmentsCount":0,"hasContent":true,"attachmentStep":false},{"name":"default_user_authorized","time":{"start":1771759470581,"stop":1771759473489,"duration":2908},"status":"passed","steps":[{"name":"DEFAULT user authorized","time":{"start":1771759470581,"stop":1771759473489,"duration":2908},"status":"passed","steps":[{"name":"Check url is present: https://www.brainup.site/groups","time":{"start":1771759470944,"stop":1771759473466,"duration":2522},"status":"passed","steps":[],"attachments":[],"parameters":[],"stepsCount":0,"shouldDisplayMessage":false,"attachmentsCount":0,"hasContent":false,"attachmentStep":false},{"name":"Loader checking","time":{"start":1771759473466,"stop":1771759473489,"duration":23},"status":"passed","steps":[],"attachments":[],"parameters":[],"stepsCount":0,"shouldDisplayMessage":false,"attachmentsCount":0,"hasContent":false,"attachmentStep":false}],"attachments":[],"parameters":[{"name":"driver","value":"<selenium.webdriver.chrome.webdriver.WebDriver (session=\"c52d7fc261fdb1b055d1f34f0efafa88\")>"},{"name":"main_page_open","value":"None"}],"stepsCount":2,"shouldDisplayMessage":false,"attachmentsCount":0,"hasContent":true,"attachmentStep":false}],"attachments":[],"parameters":[],"stepsCount":3,"shouldDisplayMessage":false,"attachmentsCount":0,"hasContent":true,"attachmentStep":false}],"testStage":{"status":"skipped","statusMessage":"XFAIL\n\nselenium.common.exceptions.TimeoutException: Message: Can't find element by locator ('xpath', '//a[text()=\"Упражнения\"]')\nStacktrace:\n#0 0x55bb26c0b4ba <unknown>\n#1 0x55bb26674492 <unknown>\n#2 0x55bb266c99b6 <unknown>\n#3 0x55bb266c9bf1 <unknown>\n#4 0x55bb267154d4 <unknown>\n#5 0x55bb26712700 <unknown>\n#6 0x55bb266bb6a2 <unknown>\n#7 0x55bb266bc491 <unknown>\n#8 0x55bb26bd1479 <unknown>\n#9 0x55bb26bd4391 <unknown>\n#10 0x55bb26bbda89 <unknown>\n#11 0x55bb26bd4f4e <unknown>\n#12 0x55bb26ba4070 <unknown>\n#13 0x55bb26bf8ca8 <unknown>\n#14 0x55bb26bf8e78 <unknown>\n#15 0x55bb26c0a828 <unknown>\n#16 0x7fe6ce89caa4 <unknown>\n#17 0x7fe6ce929c6c <unknown>","statusTrace":"self = <tests.test_speech_exercises_ru.TestCardsRU object at 0x7f526fb0cec0>\ndriver = <selenium.webdriver.chrome.webdriver.WebDriver (session=\"c52d7fc261fdb1b055d1f34f0efafa88\")>\ndefault_user_authorized = None\n\n    @pytest.mark.xfail\n    @allure.suite(\"Речевые упражнения.\")\n    @allure.title('Solutions to a random task in the \"Слова Королёвой\" .')\n    def test_solve_koroleva_cards_ru(self, driver, default_user_authorized):\n        page = SpeechExercisesPageRU(driver)\n>       page.click_button_exercises()\n\ntests/test_speech_exercises_ru.py:144: \n_ _ _ _ _ _ _ _ _ _ _ _ _ _ _ _ _ _ _ _ _ _ _ _ _ _ _ _ _ _ _ _ _ _ _ _ _ _ _ _ \npages/speech_exercises_page_ru.py:199: in click_button_exercises\n    button = self.element_is_present_and_clickable(self.locators.AuthorizedUserHomePageLocators.BUTTON_EXERCISES_RU)\npages/base_page.py:40: in element_is_present_and_clickable\n    return (Wait(self.driver, self.timeout).until(\n_ _ _ _ _ _ _ _ _ _ _ _ _ _ _ _ _ _ _ _ _ _ _ _ _ _ _ _ _ _ _ _ _ _ _ _ _ _ _ _ \n\nself = <selenium.webdriver.support.wait.WebDriverWait (session=\"c52d7fc261fdb1b055d1f34f0efafa88\")>\nmethod = <function visibility_of_element_located.<locals>._predicate at 0x7f526f992200>\nmessage = 'Can\\'t find element by locator (\\'xpath\\', \\'//a[text()=\"Упражнения\"]\\')'\n\n    def until(self, method, message: str = \"\"):\n        \"\"\"Calls the method provided with the driver as an argument until the \\\n        return value does not evaluate to ``False``.\n    \n        :param method: callable(WebDriver)\n        :param message: optional message for :exc:`TimeoutException`\n        :returns: the result of the last call to `method`\n        :raises: :exc:`selenium.common.exceptions.TimeoutException` if timeout occurs\n        \"\"\"\n        screen = None\n        stacktrace = None\n    \n        end_time = time.monotonic() + self._timeout\n        while True:\n            try:\n                value = method(self._driver)\n                if value:\n                    return value\n            except self._ignored_exceptions as exc:\n                screen = getattr(exc, \"screen\", None)\n                stacktrace = getattr(exc, \"stacktrace\", None)\n            time.sleep(self._poll)\n            if time.monotonic() > end_time:\n                break\n>       raise TimeoutException(message, screen, stacktrace)\nE       selenium.common.exceptions.TimeoutException: Message: Can't find element by locator ('xpath', '//a[text()=\"Упражнения\"]')\nE       Stacktrace:\nE       #0 0x55bb26c0b4ba <unknown>\nE       #1 0x55bb26674492 <unknown>\nE       #2 0x55bb266c99b6 <unknown>\nE       #3 0x55bb266c9bf1 <unknown>\nE       #4 0x55bb267154d4 <unknown>\nE       #5 0x55bb26712700 <unknown>\nE       #6 0x55bb266bb6a2 <unknown>\nE       #7 0x55bb266bc491 <unknown>\nE       #8 0x55bb26bd1479 <unknown>\nE       #9 0x55bb26bd4391 <unknown>\nE       #10 0x55bb26bbda89 <unknown>\nE       #11 0x55bb26bd4f4e <unknown>\nE       #12 0x55bb26ba4070 <unknown>\nE       #13 0x55bb26bf8ca8 <unknown>\nE       #14 0x55bb26bf8e78 <unknown>\nE       #15 0x55bb26c0a828 <unknown>\nE       #16 0x7fe6ce89caa4 <unknown>\nE       #17 0x7fe6ce929c6c <unknown>\n\n/opt/hostedtoolcache/Python/3.12.12/x64/lib/python3.12/site-packages/selenium/webdriver/support/wait.py:95: TimeoutException","steps":[{"name":"Click button \"Упражнения\".","time":{"start":1771759473489,"stop":1771759483839,"duration":10350},"status":"broken","statusMessage":"selenium.common.exceptions.TimeoutException: Message: Can't find element by locator ('xpath', '//a[text()=\"Упражнения\"]')\nStacktrace:\n#0 0x55bb26c0b4ba <unknown>\n#1 0x55bb26674492 <unknown>\n#2 0x55bb266c99b6 <unknown>\n#3 0x55bb266c9bf1 <unknown>\n#4 0x55bb267154d4 <unknown>\n#5 0x55bb26712700 <unknown>\n#6 0x55bb266bb6a2 <unknown>\n#7 0x55bb266bc491 <unknown>\n#8 0x55bb26bd1479 <unknown>\n#9 0x55bb26bd4391 <unknown>\n#10 0x55bb26bbda89 <unknown>\n#11 0x55bb26bd4f4e <unknown>\n#12 0x55bb26ba4070 <unknown>\n#13 0x55bb26bf8ca8 <unknown>\n#14 0x55bb26bf8e78 <unknown>\n#15 0x55bb26c0a828 <unknown>\n#16 0x7fe6ce89caa4 <unknown>\n#17 0x7fe6ce929c6c <unknown>\n\n","statusTrace":"  File \"/opt/hostedtoolcache/Python/3.12.12/x64/lib/python3.12/site-packages/allure_commons/_allure.py\", line 192, in impl\n    return func(*a, **kw)\n           ^^^^^^^^^^^^^^\n  File \"/home/runner/work/auto-tests-python/auto-tests-python/pages/speech_exercises_page_ru.py\", line 199, in click_button_exercises\n    button = self.element_is_present_and_clickable(self.locators.AuthorizedUserHomePageLocators.BUTTON_EXERCISES_RU)\n             ^^^^^^^^^^^^^^^^^^^^^^^^^^^^^^^^^^^^^^^^^^^^^^^^^^^^^^^^^^^^^^^^^^^^^^^^^^^^^^^^^^^^^^^^^^^^^^^^^^^^^^^\n  File \"/home/runner/work/auto-tests-python/auto-tests-python/pages/base_page.py\", line 40, in element_is_present_and_clickable\n    return (Wait(self.driver, self.timeout).until(\n            ^^^^^^^^^^^^^^^^^^^^^^^^^^^^^^^^^^^^^^\n  File \"/opt/hostedtoolcache/Python/3.12.12/x64/lib/python3.12/site-packages/selenium/webdriver/support/wait.py\", line 95, in until\n    raise TimeoutException(message, screen, stacktrace)\n","steps":[{"name":"Click button \"RU\".","time":{"start":1771759473489,"stop":1771759473559,"duration":70},"status":"passed","steps":[],"attachments":[],"parameters":[],"stepsCount":0,"shouldDisplayMessage":false,"attachmentsCount":0,"hasContent":false,"attachmentStep":false}],"attachments":[],"parameters":[],"stepsCount":1,"shouldDisplayMessage":true,"attachmentsCount":0,"hasContent":true,"attachmentStep":false}],"attachments":[],"parameters":[],"stepsCount":2,"shouldDisplayMessage":true,"attachmentsCount":0,"hasContent":true,"attachmentStep":false},"afterStages":[{"name":"driver::0","time":{"start":1771759483855,"stop":1771759483932,"duration":77},"status":"passed","steps":[],"attachments":[],"parameters":[],"stepsCount":0,"shouldDisplayMessage":false,"attachmentsCount":0,"hasContent":false,"attachmentStep":false}],"labels":[{"name":"suite","value":"Речевые упражнения."},{"name":"epic","value":"Speech exercises."},{"name":"tag","value":"@pytest.mark.xfail"},{"name":"parentSuite","value":"tests"},{"name":"subSuite","value":"TestCardsRU"},{"name":"host","value":"runnervmwffz4"},{"name":"thread","value":"2739-MainThread"},{"name":"framework","value":"pytest"},{"name":"language","value":"cpython3"},{"name":"package","value":"tests.test_speech_exercises_ru"},{"name":"resultFormat","value":"allure2"}],"parameters":[],"links":[],"hidden":false,"retry":false,"extra":{"severity":"normal","retries":[],"categories":[],"history":{"statistic":{"failed":0,"broken":0,"skipped":36,"passed":7,"unknown":0,"total":43},"items":[{"uid":"95ae60fab270d6b8","reportUrl":"https://Brain-up.github.io/auto-tests-python/832/#testresult/95ae60fab270d6b8","status":"skipped","statusDetails":"XFAIL\n\nselenium.common.exceptions.TimeoutException: Message: Can't find element by locator ('xpath', '//a[text()=\"Упражнения\"]')\nStacktrace:\n#0 0x564baa80e4ba <unknown>\n#1 0x564baa277492 <unknown>\n#2 0x564baa2cc9b6 <unknown>\n#3 0x564baa2ccbf1 <unknown>\n#4 0x564baa3184d4 <unknown>\n#5 0x564baa315700 <unknown>\n#6 0x564baa2be6a2 <unknown>\n#7 0x564baa2bf491 <unknown>\n#8 0x564baa7d4479 <unknown>\n#9 0x564baa7d7391 <unknown>\n#10 0x564baa7c0a89 <unknown>\n#11 0x564baa7d7f4e <unknown>\n#12 0x564baa7a7070 <unknown>\n#13 0x564baa7fbca8 <unknown>\n#14 0x564baa7fbe78 <unknown>\n#15 0x564baa80d828 <unknown>\n#16 0x7f4bbdc9caa4 <unknown>\n#17 0x7f4bbdd29c6c <unknown>","time":{"start":1771697253619,"stop":1771697263979,"duration":10360}},{"uid":"ac8970872c98870e","reportUrl":"https://Brain-up.github.io/auto-tests-python/831/#testresult/ac8970872c98870e","status":"skipped","statusDetails":"XFAIL\n\nselenium.common.exceptions.TimeoutException: Message: Can't find element by locator ('xpath', '//a[text()=\"Упражнения\"]')\nStacktrace:\n#0 0x555d6f9c64ba <unknown>\n#1 0x555d6f42f492 <unknown>\n#2 0x555d6f4849b6 <unknown>\n#3 0x555d6f484bf1 <unknown>\n#4 0x555d6f4d04d4 <unknown>\n#5 0x555d6f4cd700 <unknown>\n#6 0x555d6f4766a2 <unknown>\n#7 0x555d6f477491 <unknown>\n#8 0x555d6f98c479 <unknown>\n#9 0x555d6f98f391 <unknown>\n#10 0x555d6f978a89 <unknown>\n#11 0x555d6f98ff4e <unknown>\n#12 0x555d6f95f070 <unknown>\n#13 0x555d6f9b3ca8 <unknown>\n#14 0x555d6f9b3e78 <unknown>\n#15 0x555d6f9c5828 <unknown>\n#16 0x7fe35369caa4 <unknown>\n#17 0x7fe353729c6c <unknown>","time":{"start":1771581621733,"stop":1771581631990,"duration":10257}},{"uid":"ed2a1ad762f53cd","reportUrl":"https://Brain-up.github.io/auto-tests-python/830/#testresult/ed2a1ad762f53cd","status":"skipped","statusDetails":"XFAIL\n\nselenium.common.exceptions.TimeoutException: Message: Can't find element by locator ('xpath', '//a[text()=\"Упражнения\"]')\nStacktrace:\n#0 0x55835326cdba <unknown>\n#1 0x558352c7c682 <unknown>\n#2 0x558352cd1a06 <unknown>\n#3 0x558352cd1c41 <unknown>\n#4 0x558352d1ce14 <unknown>\n#5 0x558352d1a04b <unknown>\n#6 0x558352cc388f <unknown>\n#7 0x558352cc4651 <unknown>\n#8 0x558353231209 <unknown>\n#9 0x558353234111 <unknown>\n#10 0x55835321d9c9 <unknown>\n#11 0x558353234cde <unknown>\n#12 0x558353203d40 <unknown>\n#13 0x558353259408 <unknown>\n#14 0x5583532595d8 <unknown>\n#15 0x55835326b403 <unknown>\n#16 0x7f575cc9caa4 <unknown>\n#17 0x7f575cd29c6c <unknown>","time":{"start":1771534897941,"stop":1771534908300,"duration":10359}},{"uid":"b5abbffcb7363347","reportUrl":"https://Brain-up.github.io/auto-tests-python/829/#testresult/b5abbffcb7363347","status":"passed","statusDetails":"XPASS","time":{"start":1771409999176,"stop":1771410223497,"duration":224321}},{"uid":"440067be3d2b6929","reportUrl":"https://Brain-up.github.io/auto-tests-python/828/#testresult/440067be3d2b6929","status":"skipped","statusDetails":"XFAIL\n\nselenium.common.exceptions.TimeoutException: Message: Can't find element by locator ('xpath', '//a[text()=\"Упражнения\"]')\nStacktrace:\n#0 0x55ba7dbb6a4a <unknown>\n#1 0x55ba7d5cf6a2 <unknown>\n#2 0x55ba7d624a8d <unknown>\n#3 0x55ba7d624cd1 <unknown>\n#4 0x55ba7d6705c4 <unknown>\n#5 0x55ba7d66d7f0 <unknown>\n#6 0x55ba7d6168b2 <unknown>\n#7 0x55ba7d6176a1 <unknown>\n#8 0x55ba7db7c8a9 <unknown>\n#9 0x55ba7db7f7b1 <unknown>\n#10 0x55ba7db68ea9 <unknown>\n#11 0x55ba7db8036e <unknown>\n#12 0x55ba7db4f410 <unknown>\n#13 0x55ba7dba40c8 <unknown>\n#14 0x55ba7dba429b <unknown>\n#15 0x55ba7dbb5db8 <unknown>\n#16 0x7fcf2b89caa4 <unknown>\n#17 0x7fcf2b929c6c <unknown>","time":{"start":1771342918824,"stop":1771342929169,"duration":10345}},{"uid":"90b2df8efdff4dcd","reportUrl":"https://Brain-up.github.io/auto-tests-python/827/#testresult/90b2df8efdff4dcd","status":"skipped","statusDetails":"XFAIL\n\nselenium.common.exceptions.TimeoutException: Message: Can't find element by locator ('xpath', '//a[text()=\"Упражнения\"]')\nStacktrace:\n#0 0x55e5a4979a4a <unknown>\n#1 0x55e5a43926a2 <unknown>\n#2 0x55e5a43e7a8d <unknown>\n#3 0x55e5a43e7cd1 <unknown>\n#4 0x55e5a44335c4 <unknown>\n#5 0x55e5a44307f0 <unknown>\n#6 0x55e5a43d98b2 <unknown>\n#7 0x55e5a43da6a1 <unknown>\n#8 0x55e5a493f8a9 <unknown>\n#9 0x55e5a49427b1 <unknown>\n#10 0x55e5a492bea9 <unknown>\n#11 0x55e5a494336e <unknown>\n#12 0x55e5a4912410 <unknown>\n#13 0x55e5a49670c8 <unknown>\n#14 0x55e5a496729b <unknown>\n#15 0x55e5a4978db8 <unknown>\n#16 0x7f1116e9caa4 <unknown>\n#17 0x7f1116f29c6c <unknown>","time":{"start":1771236537854,"stop":1771236548111,"duration":10257}},{"uid":"fced609fc9f99afd","reportUrl":"https://Brain-up.github.io/auto-tests-python/826/#testresult/fced609fc9f99afd","status":"skipped","statusDetails":"XFAIL\n\nselenium.common.exceptions.TimeoutException: Message: Can't find element by locator ('xpath', '//a[text()=\"Упражнения\"]')\nStacktrace:\n#0 0x565417532a4a <unknown>\n#1 0x565416f4b6a2 <unknown>\n#2 0x565416fa0a8d <unknown>\n#3 0x565416fa0cd1 <unknown>\n#4 0x565416fec5c4 <unknown>\n#5 0x565416fe97f0 <unknown>\n#6 0x565416f928b2 <unknown>\n#7 0x565416f936a1 <unknown>\n#8 0x5654174f88a9 <unknown>\n#9 0x5654174fb7b1 <unknown>\n#10 0x5654174e4ea9 <unknown>\n#11 0x5654174fc36e <unknown>\n#12 0x5654174cb410 <unknown>\n#13 0x5654175200c8 <unknown>\n#14 0x56541752029b <unknown>\n#15 0x565417531db8 <unknown>\n#16 0x7f350229caa4 <unknown>\n#17 0x7f3502329c6c <unknown>","time":{"start":1771167583669,"stop":1771167594009,"duration":10340}},{"uid":"1c41a0e1b739670c","reportUrl":"https://Brain-up.github.io/auto-tests-python/825/#testresult/1c41a0e1b739670c","status":"skipped","statusDetails":"XFAIL\n\nselenium.common.exceptions.TimeoutException: Message: Can't find element by locator ('xpath', '//a[text()=\"Упражнения\"]')\nStacktrace:\n#0 0x55b3824ffa4a <unknown>\n#1 0x55b381f186a2 <unknown>\n#2 0x55b381f6da8d <unknown>\n#3 0x55b381f6dcd1 <unknown>\n#4 0x55b381fb95c4 <unknown>\n#5 0x55b381fb67f0 <unknown>\n#6 0x55b381f5f8b2 <unknown>\n#7 0x55b381f606a1 <unknown>\n#8 0x55b3824c58a9 <unknown>\n#9 0x55b3824c87b1 <unknown>\n#10 0x55b3824b1ea9 <unknown>\n#11 0x55b3824c936e <unknown>\n#12 0x55b382498410 <unknown>\n#13 0x55b3824ed0c8 <unknown>\n#14 0x55b3824ed29b <unknown>\n#15 0x55b3824fedb8 <unknown>\n#16 0x7fc05269caa4 <unknown>\n#17 0x7fc052729c6c <unknown>","time":{"start":1771046927507,"stop":1771046937843,"duration":10336}},{"uid":"946b3b8cfaa288d3","reportUrl":"https://Brain-up.github.io/auto-tests-python/824/#testresult/946b3b8cfaa288d3","status":"skipped","statusDetails":"XFAIL\n\nselenium.common.exceptions.TimeoutException: Message: Can't find element by locator ('xpath', '//a[text()=\"Упражнения\"]')\nStacktrace:\n#0 0x55c586212a4a <unknown>\n#1 0x55c585c2b6a2 <unknown>\n#2 0x55c585c80a8d <unknown>\n#3 0x55c585c80cd1 <unknown>\n#4 0x55c585ccc5c4 <unknown>\n#5 0x55c585cc97f0 <unknown>\n#6 0x55c585c728b2 <unknown>\n#7 0x55c585c736a1 <unknown>\n#8 0x55c5861d88a9 <unknown>\n#9 0x55c5861db7b1 <unknown>\n#10 0x55c5861c4ea9 <unknown>\n#11 0x55c5861dc36e <unknown>\n#12 0x55c5861ab410 <unknown>\n#13 0x55c5862000c8 <unknown>\n#14 0x55c58620029b <unknown>\n#15 0x55c586211db8 <unknown>\n#16 0x7f853989caa4 <unknown>\n#17 0x7f8539929c6c <unknown>","time":{"start":1770984934291,"stop":1770984944554,"duration":10263}},{"uid":"559e14a0de2cf3f","reportUrl":"https://Brain-up.github.io/auto-tests-python/823/#testresult/559e14a0de2cf3f","status":"skipped","statusDetails":"XFAIL\n\nselenium.common.exceptions.TimeoutException: Message: Can't find element by locator ('xpath', '//a[text()=\"Упражнения\"]')\nStacktrace:\n#0 0x558d02e944ba <unknown>\n#1 0x558d028fd492 <unknown>\n#2 0x558d029529b6 <unknown>\n#3 0x558d02952bf1 <unknown>\n#4 0x558d0299e4d4 <unknown>\n#5 0x558d0299b700 <unknown>\n#6 0x558d029446a2 <unknown>\n#7 0x558d02945491 <unknown>\n#8 0x558d02e5a479 <unknown>\n#9 0x558d02e5d391 <unknown>\n#10 0x558d02e46a89 <unknown>\n#11 0x558d02e5df4e <unknown>\n#12 0x558d02e2d070 <unknown>\n#13 0x558d02e81ca8 <unknown>\n#14 0x558d02e81e78 <unknown>\n#15 0x558d02e93828 <unknown>\n#16 0x7fb5d389caa4 <unknown>\n#17 0x7fb5d3929c6c <unknown>","time":{"start":1770897684701,"stop":1770897695108,"duration":10407}},{"uid":"e94333f4c4f90325","reportUrl":"https://Brain-up.github.io/auto-tests-python/822/#testresult/e94333f4c4f90325","status":"skipped","statusDetails":"XFAIL\n\nselenium.common.exceptions.TimeoutException: Message: Can't find element by locator ('xpath', '//a[text()=\"Упражнения\"]')\nStacktrace:\n#0 0x56180f3fd4ba <unknown>\n#1 0x56180ee66492 <unknown>\n#2 0x56180eebb9b6 <unknown>\n#3 0x56180eebbbf1 <unknown>\n#4 0x56180ef074d4 <unknown>\n#5 0x56180ef04700 <unknown>\n#6 0x56180eead6a2 <unknown>\n#7 0x56180eeae491 <unknown>\n#8 0x56180f3c3479 <unknown>\n#9 0x56180f3c6391 <unknown>\n#10 0x56180f3afa89 <unknown>\n#11 0x56180f3c6f4e <unknown>\n#12 0x56180f396070 <unknown>\n#13 0x56180f3eaca8 <unknown>\n#14 0x56180f3eae78 <unknown>\n#15 0x56180f3fc828 <unknown>\n#16 0x7f66f489caa4 <unknown>\n#17 0x7f66f4929c6c <unknown>","time":{"start":1770836411282,"stop":1770836421601,"duration":10319}},{"uid":"692b33b007bd76e0","reportUrl":"https://Brain-up.github.io/auto-tests-python/821/#testresult/692b33b007bd76e0","status":"skipped","statusDetails":"XFAIL\n\nselenium.common.exceptions.TimeoutException: Message: Can't find element by locator ('xpath', '//a[text()=\"Упражнения\"]')\nStacktrace:\n#0 0x5596469fd4ba <unknown>\n#1 0x559646466492 <unknown>\n#2 0x5596464bb9b6 <unknown>\n#3 0x5596464bbbf1 <unknown>\n#4 0x5596465074d4 <unknown>\n#5 0x559646504700 <unknown>\n#6 0x5596464ad6a2 <unknown>\n#7 0x5596464ae491 <unknown>\n#8 0x5596469c3479 <unknown>\n#9 0x5596469c6391 <unknown>\n#10 0x5596469afa89 <unknown>\n#11 0x5596469c6f4e <unknown>\n#12 0x559646996070 <unknown>\n#13 0x5596469eaca8 <unknown>\n#14 0x5596469eae78 <unknown>\n#15 0x5596469fc828 <unknown>\n#16 0x7f4387c9caa4 <unknown>\n#17 0x7f4387d29c6c <unknown>","time":{"start":1770552429551,"stop":1770552439905,"duration":10354}},{"uid":"11adab5b3dbd7689","reportUrl":"https://Brain-up.github.io/auto-tests-python/820/#testresult/11adab5b3dbd7689","status":"skipped","statusDetails":"XFAIL\n\nselenium.common.exceptions.TimeoutException: Message: Can't find element by locator ('xpath', '//a[text()=\"Упражнения\"]')\nStacktrace:\n#0 0x561cce1924ba <unknown>\n#1 0x561ccdbfb492 <unknown>\n#2 0x561ccdc509b6 <unknown>\n#3 0x561ccdc50bf1 <unknown>\n#4 0x561ccdc9c4d4 <unknown>\n#5 0x561ccdc99700 <unknown>\n#6 0x561ccdc426a2 <unknown>\n#7 0x561ccdc43491 <unknown>\n#8 0x561cce158479 <unknown>\n#9 0x561cce15b391 <unknown>\n#10 0x561cce144a89 <unknown>\n#11 0x561cce15bf4e <unknown>\n#12 0x561cce12b070 <unknown>\n#13 0x561cce17fca8 <unknown>\n#14 0x561cce17fe78 <unknown>\n#15 0x561cce191828 <unknown>\n#16 0x7fd6b389caa4 <unknown>\n#17 0x7fd6b3929c6c <unknown>","time":{"start":1770489671949,"stop":1770489682263,"duration":10314}},{"uid":"7c1bbf02b4989c09","reportUrl":"https://Brain-up.github.io/auto-tests-python/819/#testresult/7c1bbf02b4989c09","status":"skipped","statusDetails":"XFAIL\n\nselenium.common.exceptions.TimeoutException: Message: Can't find element by locator ('xpath', '//a[text()=\"Упражнения\"]')\nStacktrace:\n#0 0x5565e05dcafa <unknown>\n#1 0x5565dfff660f <unknown>\n#2 0x5565e004ba16 <unknown>\n#3 0x5565e004bc51 <unknown>\n#4 0x5565e0097404 <unknown>\n#5 0x5565e009462b <unknown>\n#6 0x5565e003d842 <unknown>\n#7 0x5565e003e631 <unknown>\n#8 0x5565e05a2689 <unknown>\n#9 0x5565e05a5581 <unknown>\n#10 0x5565e058eca9 <unknown>\n#11 0x5565e05a613e <unknown>\n#12 0x5565e05753a0 <unknown>\n#13 0x5565e05c9fc8 <unknown>\n#14 0x5565e05ca19b <unknown>\n#15 0x5565e05dbe68 <unknown>\n#16 0x7f084f09caa4 <unknown>\n#17 0x7f084f129c6c <unknown>","time":{"start":1770377127664,"stop":1770377137970,"duration":10306}},{"uid":"f8efaea804d434ab","reportUrl":"https://Brain-up.github.io/auto-tests-python/818/#testresult/f8efaea804d434ab","status":"skipped","statusDetails":"XFAIL\n\nselenium.common.exceptions.TimeoutException: Message: Can't find element by locator ('xpath', '//a[text()=\"Упражнения\"]')\nStacktrace:\n#0 0x55ab72d1fafa <unknown>\n#1 0x55ab7273960f <unknown>\n#2 0x55ab7278ea16 <unknown>\n#3 0x55ab7278ec51 <unknown>\n#4 0x55ab727da404 <unknown>\n#5 0x55ab727d762b <unknown>\n#6 0x55ab72780842 <unknown>\n#7 0x55ab72781631 <unknown>\n#8 0x55ab72ce5689 <unknown>\n#9 0x55ab72ce8581 <unknown>\n#10 0x55ab72cd1ca9 <unknown>\n#11 0x55ab72ce913e <unknown>\n#12 0x55ab72cb83a0 <unknown>\n#13 0x55ab72d0cfc8 <unknown>\n#14 0x55ab72d0d19b <unknown>\n#15 0x55ab72d1ee68 <unknown>\n#16 0x7fa81929caa4 <unknown>\n#17 0x7fa819329c6c <unknown>","time":{"start":1770119603073,"stop":1770119613386,"duration":10313}},{"uid":"dc9af024bb80ea45","reportUrl":"https://Brain-up.github.io/auto-tests-python/817/#testresult/dc9af024bb80ea45","status":"skipped","statusDetails":"XFAIL\n\nselenium.common.exceptions.TimeoutException: Message: Can't find element by locator ('xpath', '//a[text()=\"Упражнения\"]')\nStacktrace:\n#0 0x559d66ac7afa <unknown>\n#1 0x559d664e160f <unknown>\n#2 0x559d66536a16 <unknown>\n#3 0x559d66536c51 <unknown>\n#4 0x559d66582404 <unknown>\n#5 0x559d6657f62b <unknown>\n#6 0x559d66528842 <unknown>\n#7 0x559d66529631 <unknown>\n#8 0x559d66a8d689 <unknown>\n#9 0x559d66a90581 <unknown>\n#10 0x559d66a79ca9 <unknown>\n#11 0x559d66a9113e <unknown>\n#12 0x559d66a603a0 <unknown>\n#13 0x559d66ab4fc8 <unknown>\n#14 0x559d66ab519b <unknown>\n#15 0x559d66ac6e68 <unknown>\n#16 0x7f84e609caa4 <unknown>\n#17 0x7f84e6129c6c <unknown>","time":{"start":1769945859117,"stop":1769945869453,"duration":10336}},{"uid":"2c58e41d44ef9a8","reportUrl":"https://Brain-up.github.io/auto-tests-python/816/#testresult/2c58e41d44ef9a8","status":"skipped","statusDetails":"XFAIL\n\nselenium.common.exceptions.TimeoutException: Message: Can't find element by locator ('xpath', '//a[text()=\"Упражнения\"]')\nStacktrace:\n#0 0x56036c33fafa <unknown>\n#1 0x56036bd5960f <unknown>\n#2 0x56036bdaea16 <unknown>\n#3 0x56036bdaec51 <unknown>\n#4 0x56036bdfa404 <unknown>\n#5 0x56036bdf762b <unknown>\n#6 0x56036bda0842 <unknown>\n#7 0x56036bda1631 <unknown>\n#8 0x56036c305689 <unknown>\n#9 0x56036c308581 <unknown>\n#10 0x56036c2f1ca9 <unknown>\n#11 0x56036c30913e <unknown>\n#12 0x56036c2d83a0 <unknown>\n#13 0x56036c32cfc8 <unknown>\n#14 0x56036c32d19b <unknown>\n#15 0x56036c33ee68 <unknown>\n#16 0x7effcd29caa4 <unknown>\n#17 0x7effcd329c6c <unknown>","time":{"start":1769859812982,"stop":1769859823317,"duration":10335}},{"uid":"abd22dce7e70e710","reportUrl":"https://Brain-up.github.io/auto-tests-python/816/#testresult/abd22dce7e70e710","status":"skipped","statusDetails":"XFAIL\n\nselenium.common.exceptions.TimeoutException: Message: Can't find element by locator ('xpath', '//a[text()=\"Упражнения\"]')\nStacktrace:\n#0 0x55e5afe31afa <unknown>\n#1 0x55e5af84b60f <unknown>\n#2 0x55e5af8a0a16 <unknown>\n#3 0x55e5af8a0c51 <unknown>\n#4 0x55e5af8ec404 <unknown>\n#5 0x55e5af8e962b <unknown>\n#6 0x55e5af892842 <unknown>\n#7 0x55e5af893631 <unknown>\n#8 0x55e5afdf7689 <unknown>\n#9 0x55e5afdfa581 <unknown>\n#10 0x55e5afde3ca9 <unknown>\n#11 0x55e5afdfb13e <unknown>\n#12 0x55e5afdca3a0 <unknown>\n#13 0x55e5afe1efc8 <unknown>\n#14 0x55e5afe1f19b <unknown>\n#15 0x55e5afe30e68 <unknown>\n#16 0x7f80e9e9caa4 <unknown>\n#17 0x7f80e9f29c6c <unknown>","time":{"start":1769785180798,"stop":1769785191115,"duration":10317}},{"uid":"76d9658504ed969","reportUrl":"https://Brain-up.github.io/auto-tests-python/815/#testresult/76d9658504ed969","status":"passed","statusDetails":"XPASS","time":{"start":1769689051146,"stop":1769689073771,"duration":22625}},{"uid":"6061c1d5ce23b0ca","reportUrl":"https://Brain-up.github.io/auto-tests-python/814/#testresult/6061c1d5ce23b0ca","status":"passed","statusDetails":"XPASS","time":{"start":1769600979206,"stop":1769601027413,"duration":48207}}]},"tags":["@pytest.mark.xfail"]},"source":"3ff268a07ebcc8be.json","parameterValues":[]}