{"uid":"4d6489a47a53a9c0","name":"Verify composition, visibility of elements on the 1st-6th levels of nesting in the Header\n            for an authorized user","fullName":"tests.header_test.TestAuHdPageStructure#test_hpa_01_02_verify_auth_header_structure_and_visibility","historyId":"0cb43d4a6901c0bdbad0468456521172","time":{"start":1769335730622,"stop":1769335730622,"duration":0},"status":"broken","statusMessage":"selenium.common.exceptions.TimeoutException: Message: Can't find element by locator https://www.brainup.site/groups","statusTrace":"self = <pages.base_page.BasePage object at 0x7f82650daae0>\nurl = 'https://www.brainup.site/groups'\n\n    def check_expected_link(self, url):\n        with allure.step(f'Check url is present: {url}'):\n            try:\n>               return Wait(self.driver, self.timeout).until(\n                    EC.url_to_be(url), message=f\"Can't find element by locator {url}\")\n\npages/base_page.py:80: \n_ _ _ _ _ _ _ _ _ _ _ _ _ _ _ _ _ _ _ _ _ _ _ _ _ _ _ _ _ _ _ _ _ _ _ _ _ _ _ _ \n\nself = <selenium.webdriver.support.wait.WebDriverWait (session=\"cf4be641fbf347d7fc261fff6f1b5ac6\")>\nmethod = <function url_to_be.<locals>._predicate at 0x7f82650fccc0>\nmessage = \"Can't find element by locator https://www.brainup.site/groups\"\n\n    def until(self, method, message: str = \"\"):\n        \"\"\"Calls the method provided with the driver as an argument until the \\\n        return value does not evaluate to ``False``.\n    \n        :param method: callable(WebDriver)\n        :param message: optional message for :exc:`TimeoutException`\n        :returns: the result of the last call to `method`\n        :raises: :exc:`selenium.common.exceptions.TimeoutException` if timeout occurs\n        \"\"\"\n        screen = None\n        stacktrace = None\n    \n        end_time = time.monotonic() + self._timeout\n        while True:\n            try:\n                value = method(self._driver)\n                if value:\n                    return value\n            except self._ignored_exceptions as exc:\n                screen = getattr(exc, \"screen\", None)\n                stacktrace = getattr(exc, \"stacktrace\", None)\n            time.sleep(self._poll)\n            if time.monotonic() > end_time:\n                break\n>       raise TimeoutException(message, screen, stacktrace)\nE       selenium.common.exceptions.TimeoutException: Message: Can't find element by locator https://www.brainup.site/groups\n\n/opt/hostedtoolcache/Python/3.12.12/x64/lib/python3.12/site-packages/selenium/webdriver/support/wait.py:95: TimeoutException\n\nDuring handling of the above exception, another exception occurred:\n\ndriver = <selenium.webdriver.chrome.webdriver.WebDriver (session=\"cf4be641fbf347d7fc261fff6f1b5ac6\")>\nmain_page_open = None\n\n    @pytest.fixture()\n    @allure.step('Auto test user authorized')\n    def auto_test_user_authorized(driver, main_page_open):\n        page = BasePage(driver)\n        page.element_is_present_and_clickable(MainPageLocators.LOGIN_BUTTON).click()\n        page.element_is_visible(LoginPageLocators.INPUT_LOGIN).send_keys(os.environ[\"LOGIN\"])\n        page.element_is_visible(LoginPageLocators.INPUT_PASSWORD).send_keys(os.environ[\"PASSWORD\"])\n        page.element_is_present_and_clickable(LoginPageLocators.SIGN_IN_BUTTON).click()\n>       page.check_expected_link(MainPageLinks.URL_GROUPS_PAGE)\n\ntests/conftest.py:178: \n_ _ _ _ _ _ _ _ _ _ _ _ _ _ _ _ _ _ _ _ _ _ _ _ _ _ _ _ _ _ _ _ _ _ _ _ _ _ _ _ \npages/base_page.py:84: in check_expected_link\n    return Wait(self.driver, self.timeout).until(\n_ _ _ _ _ _ _ _ _ _ _ _ _ _ _ _ _ _ _ _ _ _ _ _ _ _ _ _ _ _ _ _ _ _ _ _ _ _ _ _ \n\nself = <selenium.webdriver.support.wait.WebDriverWait (session=\"cf4be641fbf347d7fc261fff6f1b5ac6\")>\nmethod = <function url_to_be.<locals>._predicate at 0x7f82650fcf40>\nmessage = \"Can't find element by locator https://www.brainup.site/groups\"\n\n    def until(self, method, message: str = \"\"):\n        \"\"\"Calls the method provided with the driver as an argument until the \\\n        return value does not evaluate to ``False``.\n    \n        :param method: callable(WebDriver)\n        :param message: optional message for :exc:`TimeoutException`\n        :returns: the result of the last call to `method`\n        :raises: :exc:`selenium.common.exceptions.TimeoutException` if timeout occurs\n        \"\"\"\n        screen = None\n        stacktrace = None\n    \n        end_time = time.monotonic() + self._timeout\n        while True:\n            try:\n                value = method(self._driver)\n                if value:\n                    return value\n            except self._ignored_exceptions as exc:\n                screen = getattr(exc, \"screen\", None)\n                stacktrace = getattr(exc, \"stacktrace\", None)\n            time.sleep(self._poll)\n            if time.monotonic() > end_time:\n                break\n>       raise TimeoutException(message, screen, stacktrace)\nE       selenium.common.exceptions.TimeoutException: Message: Can't find element by locator https://www.brainup.site/groups\n\n/opt/hostedtoolcache/Python/3.12.12/x64/lib/python3.12/site-packages/selenium/webdriver/support/wait.py:95: TimeoutException","flaky":false,"newFailed":false,"newBroken":true,"newPassed":false,"retriesCount":0,"retriesStatusChange":false,"beforeStages":[{"name":"clear_allure_results_folder","time":{"start":1769335009622,"stop":1769335009622,"duration":0},"status":"passed","steps":[],"attachments":[],"parameters":[],"stepsCount":0,"shouldDisplayMessage":false,"attachmentsCount":0,"hasContent":false,"attachmentStep":false},{"name":"driver","time":{"start":1769335730622,"stop":1769335731379,"duration":757},"status":"passed","steps":[],"attachments":[],"parameters":[],"stepsCount":0,"shouldDisplayMessage":false,"attachmentsCount":0,"hasContent":false,"attachmentStep":false},{"name":"main_page_open","time":{"start":1769335731380,"stop":1769335734688,"duration":3308},"status":"passed","steps":[{"name":"Open page: https://www.brainup.site/","time":{"start":1769335731380,"stop":1769335734688,"duration":3308},"status":"passed","steps":[],"attachments":[],"parameters":[{"name":"driver","value":"<selenium.webdriver.chrome.webdriver.WebDriver (session=\"cf4be641fbf347d7fc261fff6f1b5ac6\")>"}],"stepsCount":0,"shouldDisplayMessage":false,"attachmentsCount":0,"hasContent":true,"attachmentStep":false}],"attachments":[],"parameters":[],"stepsCount":1,"shouldDisplayMessage":false,"attachmentsCount":0,"hasContent":true,"attachmentStep":false},{"name":"auto_test_user_authorized","time":{"start":1769335734688,"stop":1769335755240,"duration":20552},"status":"broken","statusMessage":"selenium.common.exceptions.TimeoutException: Message: Can't find element by locator https://www.brainup.site/groups\n\n","statusTrace":"  File \"/opt/hostedtoolcache/Python/3.12.12/x64/lib/python3.12/site-packages/pluggy/_callers.py\", line 38, in run_old_style_hookwrapper\n    res = yield\n          ^^^^^\n  File \"/opt/hostedtoolcache/Python/3.12.12/x64/lib/python3.12/site-packages/pluggy/_callers.py\", line 139, in _multicall\n    teardown.throw(exception)\n  File \"/opt/hostedtoolcache/Python/3.12.12/x64/lib/python3.12/site-packages/pluggy/_callers.py\", line 53, in run_old_style_hookwrapper\n    return result.get_result()\n           ^^^^^^^^^^^^^^^^^^^\n  File \"/opt/hostedtoolcache/Python/3.12.12/x64/lib/python3.12/site-packages/pluggy/_result.py\", line 103, in get_result\n    raise exc.with_traceback(tb)\n  File \"/opt/hostedtoolcache/Python/3.12.12/x64/lib/python3.12/site-packages/pluggy/_callers.py\", line 38, in run_old_style_hookwrapper\n    res = yield\n          ^^^^^\n  File \"/opt/hostedtoolcache/Python/3.12.12/x64/lib/python3.12/site-packages/pluggy/_callers.py\", line 121, in _multicall\n    res = hook_impl.function(*args)\n          ^^^^^^^^^^^^^^^^^^^^^^^^^\n  File \"/opt/hostedtoolcache/Python/3.12.12/x64/lib/python3.12/site-packages/_pytest/fixtures.py\", line 1123, in pytest_fixture_setup\n    result = call_fixture_func(fixturefunc, request, kwargs)\n             ^^^^^^^^^^^^^^^^^^^^^^^^^^^^^^^^^^^^^^^^^^^^^^^\n  File \"/opt/hostedtoolcache/Python/3.12.12/x64/lib/python3.12/site-packages/_pytest/fixtures.py\", line 902, in call_fixture_func\n    fixture_result = fixturefunc(**kwargs)\n                     ^^^^^^^^^^^^^^^^^^^^^\n  File \"/opt/hostedtoolcache/Python/3.12.12/x64/lib/python3.12/site-packages/allure_commons/_allure.py\", line 192, in impl\n    return func(*a, **kw)\n           ^^^^^^^^^^^^^^\n  File \"/home/runner/work/auto-tests-python/auto-tests-python/tests/conftest.py\", line 178, in auto_test_user_authorized\n    page.check_expected_link(MainPageLinks.URL_GROUPS_PAGE)\n  File \"/home/runner/work/auto-tests-python/auto-tests-python/pages/base_page.py\", line 84, in check_expected_link\n    return Wait(self.driver, self.timeout).until(\n           ^^^^^^^^^^^^^^^^^^^^^^^^^^^^^^^^^^^^^^\n  File \"/opt/hostedtoolcache/Python/3.12.12/x64/lib/python3.12/site-packages/selenium/webdriver/support/wait.py\", line 95, in until\n    raise TimeoutException(message, screen, stacktrace)\n","steps":[{"name":"Auto test user authorized","time":{"start":1769335734689,"stop":1769335755240,"duration":20551},"status":"broken","statusMessage":"selenium.common.exceptions.TimeoutException: Message: Can't find element by locator https://www.brainup.site/groups\n\n","statusTrace":"  File \"/opt/hostedtoolcache/Python/3.12.12/x64/lib/python3.12/site-packages/allure_commons/_allure.py\", line 192, in impl\n    return func(*a, **kw)\n           ^^^^^^^^^^^^^^\n  File \"/home/runner/work/auto-tests-python/auto-tests-python/tests/conftest.py\", line 178, in auto_test_user_authorized\n    page.check_expected_link(MainPageLinks.URL_GROUPS_PAGE)\n  File \"/home/runner/work/auto-tests-python/auto-tests-python/pages/base_page.py\", line 84, in check_expected_link\n    return Wait(self.driver, self.timeout).until(\n           ^^^^^^^^^^^^^^^^^^^^^^^^^^^^^^^^^^^^^^\n  File \"/opt/hostedtoolcache/Python/3.12.12/x64/lib/python3.12/site-packages/selenium/webdriver/support/wait.py\", line 95, in until\n    raise TimeoutException(message, screen, stacktrace)\n","steps":[{"name":"Check url is present: https://www.brainup.site/groups","time":{"start":1769335735094,"stop":1769335755239,"duration":20145},"status":"broken","statusMessage":"selenium.common.exceptions.TimeoutException: Message: Can't find element by locator https://www.brainup.site/groups\n\n","statusTrace":"  File \"/home/runner/work/auto-tests-python/auto-tests-python/pages/base_page.py\", line 84, in check_expected_link\n    return Wait(self.driver, self.timeout).until(\n           ^^^^^^^^^^^^^^^^^^^^^^^^^^^^^^^^^^^^^^\n  File \"/opt/hostedtoolcache/Python/3.12.12/x64/lib/python3.12/site-packages/selenium/webdriver/support/wait.py\", line 95, in until\n    raise TimeoutException(message, screen, stacktrace)\n","steps":[],"attachments":[],"parameters":[],"stepsCount":0,"shouldDisplayMessage":true,"attachmentsCount":0,"hasContent":true,"attachmentStep":false}],"attachments":[],"parameters":[{"name":"driver","value":"<selenium.webdriver.chrome.webdriver.WebDriver (session=\"cf4be641fbf347d7fc261fff6f1b5ac6\")>"},{"name":"main_page_open","value":"None"}],"stepsCount":1,"shouldDisplayMessage":false,"attachmentsCount":0,"hasContent":true,"attachmentStep":false}],"attachments":[],"parameters":[],"stepsCount":2,"shouldDisplayMessage":false,"attachmentsCount":0,"hasContent":true,"attachmentStep":false}],"afterStages":[{"name":"driver::0","time":{"start":1769335755285,"stop":1769335755360,"duration":75},"status":"passed","steps":[],"attachments":[],"parameters":[],"stepsCount":0,"shouldDisplayMessage":false,"attachmentsCount":0,"hasContent":false,"attachmentStep":false}],"labels":[{"name":"epic","value":"Test Header"},{"name":"parentSuite","value":"tests"},{"name":"suite","value":"header_test"},{"name":"subSuite","value":"TestHeaderPage"},{"name":"host","value":"runnervmymu0l"},{"name":"thread","value":"2697-MainThread"},{"name":"framework","value":"pytest"},{"name":"language","value":"cpython3"},{"name":"package","value":"tests.header_test"},{"name":"resultFormat","value":"allure2"}],"parameters":[],"links":[],"hidden":false,"retry":false,"extra":{"severity":"normal","retries":[],"categories":[{"name":"Test defects","matchedStatuses":[],"flaky":false}],"history":{"statistic":{"failed":0,"broken":1,"skipped":0,"passed":18,"unknown":0,"total":19},"items":[{"uid":"d9f4d62b13a3920c","reportUrl":"https://Brain-up.github.io/auto-tests-python/811/#testresult/d9f4d62b13a3920c","status":"passed","time":{"start":1769252433522,"stop":1769252433801,"duration":279}},{"uid":"66824bac26eaf0d8","reportUrl":"https://Brain-up.github.io/auto-tests-python/810/#testresult/66824bac26eaf0d8","status":"passed","time":{"start":1769071055755,"stop":1769071056061,"duration":306}},{"uid":"a789b36eb4101e5a","reportUrl":"https://Brain-up.github.io/auto-tests-python/809/#testresult/a789b36eb4101e5a","status":"passed","time":{"start":1768988952567,"stop":1768988952872,"duration":305}},{"uid":"42822a6c2b2aa83c","reportUrl":"https://Brain-up.github.io/auto-tests-python/808/#testresult/42822a6c2b2aa83c","status":"passed","time":{"start":1768906303119,"stop":1768906303405,"duration":286}},{"uid":"252ffe071c8e5cc7","reportUrl":"https://Brain-up.github.io/auto-tests-python/807/#testresult/252ffe071c8e5cc7","status":"passed","time":{"start":1768820668690,"stop":1768820669008,"duration":318}},{"uid":"46c7f1708e6e3649","reportUrl":"https://Brain-up.github.io/auto-tests-python/806/#testresult/46c7f1708e6e3649","status":"passed","time":{"start":1768736942579,"stop":1768736942886,"duration":307}},{"uid":"7b84c03ebc81ec36","reportUrl":"https://Brain-up.github.io/auto-tests-python/805/#testresult/7b84c03ebc81ec36","status":"passed","time":{"start":1768647360093,"stop":1768647360399,"duration":306}},{"uid":"f1c2376c49e79c09","reportUrl":"https://Brain-up.github.io/auto-tests-python/804/#testresult/f1c2376c49e79c09","status":"passed","time":{"start":1768558392944,"stop":1768558393246,"duration":302}},{"uid":"d3ac29624e587fc1","reportUrl":"https://Brain-up.github.io/auto-tests-python/803/#testresult/d3ac29624e587fc1","status":"passed","time":{"start":1768471493293,"stop":1768471493612,"duration":319}},{"uid":"eedbf1efe1f68a87","reportUrl":"https://Brain-up.github.io/auto-tests-python/802/#testresult/eedbf1efe1f68a87","status":"passed","time":{"start":1768396827805,"stop":1768396828154,"duration":349}},{"uid":"374b74ae64a4e49","reportUrl":"https://Brain-up.github.io/auto-tests-python/801/#testresult/374b74ae64a4e49","status":"passed","time":{"start":1768298375072,"stop":1768298375366,"duration":294}},{"uid":"7b4e113a45ae766a","reportUrl":"https://Brain-up.github.io/auto-tests-python/800/#testresult/7b4e113a45ae766a","status":"passed","time":{"start":1768195224008,"stop":1768195224309,"duration":301}},{"uid":"735cc1db31924f89","reportUrl":"https://Brain-up.github.io/auto-tests-python/799/#testresult/735cc1db31924f89","status":"passed","time":{"start":1768045484827,"stop":1768045485129,"duration":302}},{"uid":"40475a7d621bdb0c","reportUrl":"https://Brain-up.github.io/auto-tests-python/798/#testresult/40475a7d621bdb0c","status":"passed","time":{"start":1767952112945,"stop":1767952113256,"duration":311}},{"uid":"ea1469f90ee51dcc","reportUrl":"https://Brain-up.github.io/auto-tests-python/797/#testresult/ea1469f90ee51dcc","status":"passed","time":{"start":1767867669616,"stop":1767867669910,"duration":294}},{"uid":"e57ce85c2aa590d4","reportUrl":"https://Brain-up.github.io/auto-tests-python/796/#testresult/e57ce85c2aa590d4","status":"passed","time":{"start":1767792293446,"stop":1767792293742,"duration":296}},{"uid":"3ae1147e10da62ca","reportUrl":"https://Brain-up.github.io/auto-tests-python/795/#testresult/3ae1147e10da62ca","status":"passed","time":{"start":1767707040093,"stop":1767707040400,"duration":307}},{"uid":"6afc98db67f6ac13","reportUrl":"https://Brain-up.github.io/auto-tests-python/794/#testresult/6afc98db67f6ac13","status":"passed","time":{"start":1767702109166,"stop":1767702109467,"duration":301}}]},"tags":[]},"source":"4d6489a47a53a9c0.json","parameterValues":[]}