{"uid":"4ea36c2cf83ea652","name":"Solutions to a random task in the \"Слова\" group and comparison of statics.","fullName":"tests.test_speech_exercises_ru.TestCardsRU#test_solve_word_cards_with_statistic_ru","historyId":"0fb6881b2015244903bd7785af7503a6","time":{"start":1769336243073,"stop":1769336253417,"duration":10344},"status":"skipped","statusMessage":"XFAIL\n\nselenium.common.exceptions.TimeoutException: Message: Can't find element by locator ('xpath', '//div[@class=\"__51e19\"]')\nStacktrace:\n#0 0x556006c7ec3a <unknown>\n#1 0x556006698969 <unknown>\n#2 0x5560066edead <unknown>\n#3 0x5560066ee0f1 <unknown>\n#4 0x5560067397e4 <unknown>\n#5 0x556006736a20 <unknown>\n#6 0x5560066dfbe2 <unknown>\n#7 0x5560066e0991 <unknown>\n#8 0x556006c44a99 <unknown>\n#9 0x556006c479b1 <unknown>\n#10 0x556006c310a9 <unknown>\n#11 0x556006c4856e <unknown>\n#12 0x556006c175e0 <unknown>\n#13 0x556006c6c358 <unknown>\n#14 0x556006c6c528 <unknown>\n#15 0x556006c7dfa8 <unknown>\n#16 0x7feb8e29caa4 <unknown>\n#17 0x7feb8e329c6c <unknown>","statusTrace":"self = <tests.test_speech_exercises_ru.TestCardsRU object at 0x7f82651bea80>\ndriver = <selenium.webdriver.chrome.webdriver.WebDriver (session=\"bdaa36d4b529241c387736868217fddf\")>\ndefault_user_authorized = None\n\n    @pytest.mark.xfail\n    @allure.suite(\"Речевые упражнения.\")\n    @allure.title('Solutions to a random task in the \"Слова\" group and comparison of statics.')\n    def test_solve_word_cards_with_statistic_ru(self, driver, default_user_authorized):\n        page = SpeechExercisesPageRU(driver)\n        page.click_button_ru()\n>       table = page.get_statistic_data()\n\ntests/test_speech_exercises_ru.py:165: \n_ _ _ _ _ _ _ _ _ _ _ _ _ _ _ _ _ _ _ _ _ _ _ _ _ _ _ _ _ _ _ _ _ _ _ _ _ _ _ _ \npages/speech_exercises_page_ru.py:174: in get_statistic_data\n    table = self.element_is_present(self.locators.AuthorizedUserHomePageLocators.STATISTIC_TABLE)\npages/base_page.py:32: in element_is_present\n    return Wait(self.driver, self.timeout).until(\n_ _ _ _ _ _ _ _ _ _ _ _ _ _ _ _ _ _ _ _ _ _ _ _ _ _ _ _ _ _ _ _ _ _ _ _ _ _ _ _ \n\nself = <selenium.webdriver.support.wait.WebDriverWait (session=\"bdaa36d4b529241c387736868217fddf\")>\nmethod = <function presence_of_element_located.<locals>._predicate at 0x7f826514f7e0>\nmessage = 'Can\\'t find element by locator (\\'xpath\\', \\'//div[@class=\"__51e19\"]\\')'\n\n    def until(self, method, message: str = \"\"):\n        \"\"\"Calls the method provided with the driver as an argument until the \\\n        return value does not evaluate to ``False``.\n    \n        :param method: callable(WebDriver)\n        :param message: optional message for :exc:`TimeoutException`\n        :returns: the result of the last call to `method`\n        :raises: :exc:`selenium.common.exceptions.TimeoutException` if timeout occurs\n        \"\"\"\n        screen = None\n        stacktrace = None\n    \n        end_time = time.monotonic() + self._timeout\n        while True:\n            try:\n                value = method(self._driver)\n                if value:\n                    return value\n            except self._ignored_exceptions as exc:\n                screen = getattr(exc, \"screen\", None)\n                stacktrace = getattr(exc, \"stacktrace\", None)\n            time.sleep(self._poll)\n            if time.monotonic() > end_time:\n                break\n>       raise TimeoutException(message, screen, stacktrace)\nE       selenium.common.exceptions.TimeoutException: Message: Can't find element by locator ('xpath', '//div[@class=\"__51e19\"]')\nE       Stacktrace:\nE       #0 0x556006c7ec3a <unknown>\nE       #1 0x556006698969 <unknown>\nE       #2 0x5560066edead <unknown>\nE       #3 0x5560066ee0f1 <unknown>\nE       #4 0x5560067397e4 <unknown>\nE       #5 0x556006736a20 <unknown>\nE       #6 0x5560066dfbe2 <unknown>\nE       #7 0x5560066e0991 <unknown>\nE       #8 0x556006c44a99 <unknown>\nE       #9 0x556006c479b1 <unknown>\nE       #10 0x556006c310a9 <unknown>\nE       #11 0x556006c4856e <unknown>\nE       #12 0x556006c175e0 <unknown>\nE       #13 0x556006c6c358 <unknown>\nE       #14 0x556006c6c528 <unknown>\nE       #15 0x556006c7dfa8 <unknown>\nE       #16 0x7feb8e29caa4 <unknown>\nE       #17 0x7feb8e329c6c <unknown>\n\n/opt/hostedtoolcache/Python/3.12.12/x64/lib/python3.12/site-packages/selenium/webdriver/support/wait.py:95: TimeoutException","flaky":false,"newFailed":false,"newBroken":false,"newPassed":false,"retriesCount":0,"retriesStatusChange":false,"beforeStages":[{"name":"clear_allure_results_folder","time":{"start":1769335009622,"stop":1769335009622,"duration":0},"status":"passed","steps":[],"attachments":[],"parameters":[],"stepsCount":0,"shouldDisplayMessage":false,"attachmentsCount":0,"hasContent":false,"attachmentStep":false},{"name":"driver","time":{"start":1769336237466,"stop":1769336238225,"duration":759},"status":"passed","steps":[],"attachments":[],"parameters":[],"stepsCount":0,"shouldDisplayMessage":false,"attachmentsCount":0,"hasContent":false,"attachmentStep":false},{"name":"main_page_open","time":{"start":1769336238226,"stop":1769336240657,"duration":2431},"status":"passed","steps":[{"name":"Open page: https://www.brainup.site/","time":{"start":1769336238226,"stop":1769336240657,"duration":2431},"status":"passed","steps":[],"attachments":[],"parameters":[{"name":"driver","value":"<selenium.webdriver.chrome.webdriver.WebDriver (session=\"bdaa36d4b529241c387736868217fddf\")>"}],"stepsCount":0,"shouldDisplayMessage":false,"attachmentsCount":0,"hasContent":true,"attachmentStep":false}],"attachments":[],"parameters":[],"stepsCount":1,"shouldDisplayMessage":false,"attachmentsCount":0,"hasContent":true,"attachmentStep":false},{"name":"default_user_authorized","time":{"start":1769336240658,"stop":1769336243072,"duration":2414},"status":"passed","steps":[{"name":"DEFAULT user authorized","time":{"start":1769336240658,"stop":1769336243072,"duration":2414},"status":"passed","steps":[{"name":"Check url is present: https://www.brainup.site/groups","time":{"start":1769336241029,"stop":1769336243049,"duration":2020},"status":"passed","steps":[],"attachments":[],"parameters":[],"stepsCount":0,"shouldDisplayMessage":false,"attachmentsCount":0,"hasContent":false,"attachmentStep":false},{"name":"Loader checking","time":{"start":1769336243049,"stop":1769336243072,"duration":23},"status":"passed","steps":[],"attachments":[],"parameters":[],"stepsCount":0,"shouldDisplayMessage":false,"attachmentsCount":0,"hasContent":false,"attachmentStep":false}],"attachments":[],"parameters":[{"name":"driver","value":"<selenium.webdriver.chrome.webdriver.WebDriver (session=\"bdaa36d4b529241c387736868217fddf\")>"},{"name":"main_page_open","value":"None"}],"stepsCount":2,"shouldDisplayMessage":false,"attachmentsCount":0,"hasContent":true,"attachmentStep":false}],"attachments":[],"parameters":[],"stepsCount":3,"shouldDisplayMessage":false,"attachmentsCount":0,"hasContent":true,"attachmentStep":false}],"testStage":{"status":"skipped","statusMessage":"XFAIL\n\nselenium.common.exceptions.TimeoutException: Message: Can't find element by locator ('xpath', '//div[@class=\"__51e19\"]')\nStacktrace:\n#0 0x556006c7ec3a <unknown>\n#1 0x556006698969 <unknown>\n#2 0x5560066edead <unknown>\n#3 0x5560066ee0f1 <unknown>\n#4 0x5560067397e4 <unknown>\n#5 0x556006736a20 <unknown>\n#6 0x5560066dfbe2 <unknown>\n#7 0x5560066e0991 <unknown>\n#8 0x556006c44a99 <unknown>\n#9 0x556006c479b1 <unknown>\n#10 0x556006c310a9 <unknown>\n#11 0x556006c4856e <unknown>\n#12 0x556006c175e0 <unknown>\n#13 0x556006c6c358 <unknown>\n#14 0x556006c6c528 <unknown>\n#15 0x556006c7dfa8 <unknown>\n#16 0x7feb8e29caa4 <unknown>\n#17 0x7feb8e329c6c <unknown>","statusTrace":"self = <tests.test_speech_exercises_ru.TestCardsRU object at 0x7f82651bea80>\ndriver = <selenium.webdriver.chrome.webdriver.WebDriver (session=\"bdaa36d4b529241c387736868217fddf\")>\ndefault_user_authorized = None\n\n    @pytest.mark.xfail\n    @allure.suite(\"Речевые упражнения.\")\n    @allure.title('Solutions to a random task in the \"Слова\" group and comparison of statics.')\n    def test_solve_word_cards_with_statistic_ru(self, driver, default_user_authorized):\n        page = SpeechExercisesPageRU(driver)\n        page.click_button_ru()\n>       table = page.get_statistic_data()\n\ntests/test_speech_exercises_ru.py:165: \n_ _ _ _ _ _ _ _ _ _ _ _ _ _ _ _ _ _ _ _ _ _ _ _ _ _ _ _ _ _ _ _ _ _ _ _ _ _ _ _ \npages/speech_exercises_page_ru.py:174: in get_statistic_data\n    table = self.element_is_present(self.locators.AuthorizedUserHomePageLocators.STATISTIC_TABLE)\npages/base_page.py:32: in element_is_present\n    return Wait(self.driver, self.timeout).until(\n_ _ _ _ _ _ _ _ _ _ _ _ _ _ _ _ _ _ _ _ _ _ _ _ _ _ _ _ _ _ _ _ _ _ _ _ _ _ _ _ \n\nself = <selenium.webdriver.support.wait.WebDriverWait (session=\"bdaa36d4b529241c387736868217fddf\")>\nmethod = <function presence_of_element_located.<locals>._predicate at 0x7f826514f7e0>\nmessage = 'Can\\'t find element by locator (\\'xpath\\', \\'//div[@class=\"__51e19\"]\\')'\n\n    def until(self, method, message: str = \"\"):\n        \"\"\"Calls the method provided with the driver as an argument until the \\\n        return value does not evaluate to ``False``.\n    \n        :param method: callable(WebDriver)\n        :param message: optional message for :exc:`TimeoutException`\n        :returns: the result of the last call to `method`\n        :raises: :exc:`selenium.common.exceptions.TimeoutException` if timeout occurs\n        \"\"\"\n        screen = None\n        stacktrace = None\n    \n        end_time = time.monotonic() + self._timeout\n        while True:\n            try:\n                value = method(self._driver)\n                if value:\n                    return value\n            except self._ignored_exceptions as exc:\n                screen = getattr(exc, \"screen\", None)\n                stacktrace = getattr(exc, \"stacktrace\", None)\n            time.sleep(self._poll)\n            if time.monotonic() > end_time:\n                break\n>       raise TimeoutException(message, screen, stacktrace)\nE       selenium.common.exceptions.TimeoutException: Message: Can't find element by locator ('xpath', '//div[@class=\"__51e19\"]')\nE       Stacktrace:\nE       #0 0x556006c7ec3a <unknown>\nE       #1 0x556006698969 <unknown>\nE       #2 0x5560066edead <unknown>\nE       #3 0x5560066ee0f1 <unknown>\nE       #4 0x5560067397e4 <unknown>\nE       #5 0x556006736a20 <unknown>\nE       #6 0x5560066dfbe2 <unknown>\nE       #7 0x5560066e0991 <unknown>\nE       #8 0x556006c44a99 <unknown>\nE       #9 0x556006c479b1 <unknown>\nE       #10 0x556006c310a9 <unknown>\nE       #11 0x556006c4856e <unknown>\nE       #12 0x556006c175e0 <unknown>\nE       #13 0x556006c6c358 <unknown>\nE       #14 0x556006c6c528 <unknown>\nE       #15 0x556006c7dfa8 <unknown>\nE       #16 0x7feb8e29caa4 <unknown>\nE       #17 0x7feb8e329c6c <unknown>\n\n/opt/hostedtoolcache/Python/3.12.12/x64/lib/python3.12/site-packages/selenium/webdriver/support/wait.py:95: TimeoutException","steps":[{"name":"click_button RU","time":{"start":1769336243073,"stop":1769336243142,"duration":69},"status":"passed","steps":[{"name":"Click button \"RU\".","time":{"start":1769336243073,"stop":1769336243142,"duration":69},"status":"passed","steps":[],"attachments":[],"parameters":[],"stepsCount":0,"shouldDisplayMessage":false,"attachmentsCount":0,"hasContent":false,"attachmentStep":false}],"attachments":[],"parameters":[],"stepsCount":1,"shouldDisplayMessage":false,"attachmentsCount":0,"hasContent":true,"attachmentStep":false},{"name":"get_statistic_data","time":{"start":1769336243143,"stop":1769336253416,"duration":10273},"status":"broken","statusMessage":"selenium.common.exceptions.TimeoutException: Message: Can't find element by locator ('xpath', '//div[@class=\"__51e19\"]')\nStacktrace:\n#0 0x556006c7ec3a <unknown>\n#1 0x556006698969 <unknown>\n#2 0x5560066edead <unknown>\n#3 0x5560066ee0f1 <unknown>\n#4 0x5560067397e4 <unknown>\n#5 0x556006736a20 <unknown>\n#6 0x5560066dfbe2 <unknown>\n#7 0x5560066e0991 <unknown>\n#8 0x556006c44a99 <unknown>\n#9 0x556006c479b1 <unknown>\n#10 0x556006c310a9 <unknown>\n#11 0x556006c4856e <unknown>\n#12 0x556006c175e0 <unknown>\n#13 0x556006c6c358 <unknown>\n#14 0x556006c6c528 <unknown>\n#15 0x556006c7dfa8 <unknown>\n#16 0x7feb8e29caa4 <unknown>\n#17 0x7feb8e329c6c <unknown>\n\n","statusTrace":"  File \"/opt/hostedtoolcache/Python/3.12.12/x64/lib/python3.12/site-packages/allure_commons/_allure.py\", line 192, in impl\n    return func(*a, **kw)\n           ^^^^^^^^^^^^^^\n  File \"/home/runner/work/auto-tests-python/auto-tests-python/pages/speech_exercises_page_ru.py\", line 174, in get_statistic_data\n    table = self.element_is_present(self.locators.AuthorizedUserHomePageLocators.STATISTIC_TABLE)\n            ^^^^^^^^^^^^^^^^^^^^^^^^^^^^^^^^^^^^^^^^^^^^^^^^^^^^^^^^^^^^^^^^^^^^^^^^^^^^^^^^^^^^^\n  File \"/home/runner/work/auto-tests-python/auto-tests-python/pages/base_page.py\", line 32, in element_is_present\n    return Wait(self.driver, self.timeout).until(\n           ^^^^^^^^^^^^^^^^^^^^^^^^^^^^^^^^^^^^^^\n  File \"/opt/hostedtoolcache/Python/3.12.12/x64/lib/python3.12/site-packages/selenium/webdriver/support/wait.py\", line 95, in until\n    raise TimeoutException(message, screen, stacktrace)\n","steps":[{"name":"Click button \"Статистика\"\".","time":{"start":1769336243143,"stop":1769336243214,"duration":71},"status":"passed","steps":[],"attachments":[],"parameters":[],"stepsCount":0,"shouldDisplayMessage":false,"attachmentsCount":0,"hasContent":false,"attachmentStep":false},{"name":"Check statistic table is present and scroll to table","time":{"start":1769336243214,"stop":1769336253416,"duration":10202},"status":"broken","statusMessage":"selenium.common.exceptions.TimeoutException: Message: Can't find element by locator ('xpath', '//div[@class=\"__51e19\"]')\nStacktrace:\n#0 0x556006c7ec3a <unknown>\n#1 0x556006698969 <unknown>\n#2 0x5560066edead <unknown>\n#3 0x5560066ee0f1 <unknown>\n#4 0x5560067397e4 <unknown>\n#5 0x556006736a20 <unknown>\n#6 0x5560066dfbe2 <unknown>\n#7 0x5560066e0991 <unknown>\n#8 0x556006c44a99 <unknown>\n#9 0x556006c479b1 <unknown>\n#10 0x556006c310a9 <unknown>\n#11 0x556006c4856e <unknown>\n#12 0x556006c175e0 <unknown>\n#13 0x556006c6c358 <unknown>\n#14 0x556006c6c528 <unknown>\n#15 0x556006c7dfa8 <unknown>\n#16 0x7feb8e29caa4 <unknown>\n#17 0x7feb8e329c6c <unknown>\n\n","statusTrace":"  File \"/home/runner/work/auto-tests-python/auto-tests-python/pages/speech_exercises_page_ru.py\", line 174, in get_statistic_data\n    table = self.element_is_present(self.locators.AuthorizedUserHomePageLocators.STATISTIC_TABLE)\n            ^^^^^^^^^^^^^^^^^^^^^^^^^^^^^^^^^^^^^^^^^^^^^^^^^^^^^^^^^^^^^^^^^^^^^^^^^^^^^^^^^^^^^\n  File \"/home/runner/work/auto-tests-python/auto-tests-python/pages/base_page.py\", line 32, in element_is_present\n    return Wait(self.driver, self.timeout).until(\n           ^^^^^^^^^^^^^^^^^^^^^^^^^^^^^^^^^^^^^^\n  File \"/opt/hostedtoolcache/Python/3.12.12/x64/lib/python3.12/site-packages/selenium/webdriver/support/wait.py\", line 95, in until\n    raise TimeoutException(message, screen, stacktrace)\n","steps":[],"attachments":[],"parameters":[],"stepsCount":0,"shouldDisplayMessage":true,"attachmentsCount":0,"hasContent":true,"attachmentStep":false}],"attachments":[],"parameters":[],"stepsCount":2,"shouldDisplayMessage":false,"attachmentsCount":0,"hasContent":true,"attachmentStep":false}],"attachments":[],"parameters":[],"stepsCount":5,"shouldDisplayMessage":true,"attachmentsCount":0,"hasContent":true,"attachmentStep":false},"afterStages":[{"name":"driver::0","time":{"start":1769336253431,"stop":1769336253508,"duration":77},"status":"passed","steps":[],"attachments":[],"parameters":[],"stepsCount":0,"shouldDisplayMessage":false,"attachmentsCount":0,"hasContent":false,"attachmentStep":false}],"labels":[{"name":"suite","value":"Речевые упражнения."},{"name":"epic","value":"Speech exercises."},{"name":"tag","value":"@pytest.mark.xfail"},{"name":"parentSuite","value":"tests"},{"name":"subSuite","value":"TestCardsRU"},{"name":"host","value":"runnervmymu0l"},{"name":"thread","value":"2697-MainThread"},{"name":"framework","value":"pytest"},{"name":"language","value":"cpython3"},{"name":"package","value":"tests.test_speech_exercises_ru"},{"name":"resultFormat","value":"allure2"}],"parameters":[],"links":[],"hidden":false,"retry":false,"extra":{"severity":"normal","retries":[],"categories":[],"history":{"statistic":{"failed":0,"broken":0,"skipped":19,"passed":0,"unknown":0,"total":19},"items":[{"uid":"b88ac971a9f914b5","reportUrl":"https://Brain-up.github.io/auto-tests-python/811/#testresult/b88ac971a9f914b5","status":"skipped","statusDetails":"XFAIL\n\nselenium.common.exceptions.TimeoutException: Message: Can't find element by locator ('xpath', '//div[@class=\"__51e19\"]')\nStacktrace:\n#0 0x55d1246ddc3a <unknown>\n#1 0x55d1240f7969 <unknown>\n#2 0x55d12414cead <unknown>\n#3 0x55d12414d0f1 <unknown>\n#4 0x55d1241987e4 <unknown>\n#5 0x55d124195a20 <unknown>\n#6 0x55d12413ebe2 <unknown>\n#7 0x55d12413f991 <unknown>\n#8 0x55d1246a3a99 <unknown>\n#9 0x55d1246a69b1 <unknown>\n#10 0x55d1246900a9 <unknown>\n#11 0x55d1246a756e <unknown>\n#12 0x55d1246765e0 <unknown>\n#13 0x55d1246cb358 <unknown>\n#14 0x55d1246cb528 <unknown>\n#15 0x55d1246dcfa8 <unknown>\n#16 0x7f264369caa4 <unknown>\n#17 0x7f2643729c6c <unknown>","time":{"start":1769252935816,"stop":1769252946101,"duration":10285}},{"uid":"bb21e9dd26918ccb","reportUrl":"https://Brain-up.github.io/auto-tests-python/810/#testresult/bb21e9dd26918ccb","status":"skipped","statusDetails":"XFAIL\n\nselenium.common.exceptions.TimeoutException: Message: Can't find element by locator ('xpath', '//div[@class=\"__51e19\"]')\nStacktrace:\n#0 0x5584a9e7440a <unknown>\n#1 0x5584a98a876b <unknown>\n#2 0x5584a98f9e88 <unknown>\n#3 0x5584a98fa0c1 <unknown>\n#4 0x5584a99482c4 <unknown>\n#5 0x5584a9945760 <unknown>\n#6 0x5584a98ec7b2 <unknown>\n#7 0x5584a98ed461 <unknown>\n#8 0x5584a9e3cdf9 <unknown>\n#9 0x5584a9e3fd5d <unknown>\n#10 0x5584a9e25b41 <unknown>\n#11 0x5584a9e4093b <unknown>\n#12 0x5584a9e0c870 <unknown>\n#13 0x5584a9e61828 <unknown>\n#14 0x5584a9e619fc <unknown>\n#15 0x5584a9e73763 <unknown>\n#16 0x7f80b729caa4 <unknown>\n#17 0x7f80b7329c6c <unknown>","time":{"start":1769071629526,"stop":1769071639895,"duration":10369}},{"uid":"be3920dca41a98f7","reportUrl":"https://Brain-up.github.io/auto-tests-python/809/#testresult/be3920dca41a98f7","status":"skipped","statusDetails":"XFAIL\n\nselenium.common.exceptions.TimeoutException: Message: Can't find element by locator ('xpath', '//div[@class=\"__51e19\"]')\nStacktrace:\n#0 0x559336c7240a <unknown>\n#1 0x5593366a676b <unknown>\n#2 0x5593366f7e88 <unknown>\n#3 0x5593366f80c1 <unknown>\n#4 0x5593367462c4 <unknown>\n#5 0x559336743760 <unknown>\n#6 0x5593366ea7b2 <unknown>\n#7 0x5593366eb461 <unknown>\n#8 0x559336c3adf9 <unknown>\n#9 0x559336c3dd5d <unknown>\n#10 0x559336c23b41 <unknown>\n#11 0x559336c3e93b <unknown>\n#12 0x559336c0a870 <unknown>\n#13 0x559336c5f828 <unknown>\n#14 0x559336c5f9fc <unknown>\n#15 0x559336c71763 <unknown>\n#16 0x7fdbf369caa4 <unknown>\n#17 0x7fdbf3729c6c <unknown>","time":{"start":1768989451886,"stop":1768989462239,"duration":10353}},{"uid":"7e818e7d17b5110c","reportUrl":"https://Brain-up.github.io/auto-tests-python/808/#testresult/7e818e7d17b5110c","status":"skipped","statusDetails":"XFAIL\n\nselenium.common.exceptions.TimeoutException: Message: Can't find element by locator ('xpath', '//div[@class=\"__51e19\"]')\nStacktrace:\n#0 0x55957c88d40a <unknown>\n#1 0x55957c2c176b <unknown>\n#2 0x55957c312e88 <unknown>\n#3 0x55957c3130c1 <unknown>\n#4 0x55957c3612c4 <unknown>\n#5 0x55957c35e760 <unknown>\n#6 0x55957c3057b2 <unknown>\n#7 0x55957c306461 <unknown>\n#8 0x55957c855df9 <unknown>\n#9 0x55957c858d5d <unknown>\n#10 0x55957c83eb41 <unknown>\n#11 0x55957c85993b <unknown>\n#12 0x55957c825870 <unknown>\n#13 0x55957c87a828 <unknown>\n#14 0x55957c87a9fc <unknown>\n#15 0x55957c88c763 <unknown>\n#16 0x7fdf1269caa4 <unknown>\n#17 0x7fdf12729c6c <unknown>","time":{"start":1768906865085,"stop":1768906875365,"duration":10280}},{"uid":"463a569703d9681e","reportUrl":"https://Brain-up.github.io/auto-tests-python/807/#testresult/463a569703d9681e","status":"skipped","statusDetails":"XFAIL\n\nKeyError: 4","time":{"start":1768821191883,"stop":1768821197643,"duration":5760}},{"uid":"755055f429e4035f","reportUrl":"https://Brain-up.github.io/auto-tests-python/806/#testresult/755055f429e4035f","status":"skipped","statusDetails":"XFAIL\n\nselenium.common.exceptions.TimeoutException: Message: Can't find element by locator ('xpath', '//div[@class=\"__51e19\"]')\nStacktrace:\n#0 0x55a8711a640a <unknown>\n#1 0x55a870bda76b <unknown>\n#2 0x55a870c2be88 <unknown>\n#3 0x55a870c2c0c1 <unknown>\n#4 0x55a870c7a2c4 <unknown>\n#5 0x55a870c77760 <unknown>\n#6 0x55a870c1e7b2 <unknown>\n#7 0x55a870c1f461 <unknown>\n#8 0x55a87116edf9 <unknown>\n#9 0x55a871171d5d <unknown>\n#10 0x55a871157b41 <unknown>\n#11 0x55a87117293b <unknown>\n#12 0x55a87113e870 <unknown>\n#13 0x55a871193828 <unknown>\n#14 0x55a8711939fc <unknown>\n#15 0x55a8711a5763 <unknown>\n#16 0x7fdf5e29caa4 <unknown>\n#17 0x7fdf5e329c6c <unknown>","time":{"start":1768737443955,"stop":1768737454302,"duration":10347}},{"uid":"f0ae21f481e46bc6","reportUrl":"https://Brain-up.github.io/auto-tests-python/805/#testresult/f0ae21f481e46bc6","status":"skipped","statusDetails":"XFAIL\n\nselenium.common.exceptions.TimeoutException: Message: Can't find element by locator ('xpath', '//div[@class=\"__51e19\"]')\nStacktrace:\n#0 0x555a6cd9b40a <unknown>\n#1 0x555a6c7cf76b <unknown>\n#2 0x555a6c820e88 <unknown>\n#3 0x555a6c8210c1 <unknown>\n#4 0x555a6c86f2c4 <unknown>\n#5 0x555a6c86c760 <unknown>\n#6 0x555a6c8137b2 <unknown>\n#7 0x555a6c814461 <unknown>\n#8 0x555a6cd63df9 <unknown>\n#9 0x555a6cd66d5d <unknown>\n#10 0x555a6cd4cb41 <unknown>\n#11 0x555a6cd6793b <unknown>\n#12 0x555a6cd33870 <unknown>\n#13 0x555a6cd88828 <unknown>\n#14 0x555a6cd889fc <unknown>\n#15 0x555a6cd9a763 <unknown>\n#16 0x7f46fb89caa4 <unknown>\n#17 0x7f46fb929c6c <unknown>","time":{"start":1768647853693,"stop":1768647864030,"duration":10337}},{"uid":"9d4f329ad1e0ebff","reportUrl":"https://Brain-up.github.io/auto-tests-python/804/#testresult/9d4f329ad1e0ebff","status":"skipped","statusDetails":"XFAIL\n\nselenium.common.exceptions.TimeoutException: Message: Can't find element by locator ('xpath', '//div[@class=\"__51e19\"]')\nStacktrace:\n#0 0x5604e0a0540a <unknown>\n#1 0x5604e043976b <unknown>\n#2 0x5604e048ae88 <unknown>\n#3 0x5604e048b0c1 <unknown>\n#4 0x5604e04d92c4 <unknown>\n#5 0x5604e04d6760 <unknown>\n#6 0x5604e047d7b2 <unknown>\n#7 0x5604e047e461 <unknown>\n#8 0x5604e09cddf9 <unknown>\n#9 0x5604e09d0d5d <unknown>\n#10 0x5604e09b6b41 <unknown>\n#11 0x5604e09d193b <unknown>\n#12 0x5604e099d870 <unknown>\n#13 0x5604e09f2828 <unknown>\n#14 0x5604e09f29fc <unknown>\n#15 0x5604e0a04763 <unknown>\n#16 0x7f13c0a9caa4 <unknown>\n#17 0x7f13c0b29c6c <unknown>","time":{"start":1768558878107,"stop":1768558888439,"duration":10332}},{"uid":"9c58fb985453415c","reportUrl":"https://Brain-up.github.io/auto-tests-python/803/#testresult/9c58fb985453415c","status":"skipped","statusDetails":"XFAIL\n\nselenium.common.exceptions.TimeoutException: Message: Can't find element by locator ('xpath', '//div[@class=\"__51e19\"]')\nStacktrace:\n#0 0x56548437d61a <unknown>\n#1 0x565483dfa20b <unknown>\n#2 0x565483e4b90f <unknown>\n#3 0x565483e4bb51 <unknown>\n#4 0x565483e99d84 <unknown>\n#5 0x565483e9720e <unknown>\n#6 0x565483e3e232 <unknown>\n#7 0x565483e3eee1 <unknown>\n#8 0x5654843463f9 <unknown>\n#9 0x56548434934d <unknown>\n#10 0x56548432f122 <unknown>\n#11 0x565484349f2b <unknown>\n#12 0x565484315c30 <unknown>\n#13 0x56548436ad78 <unknown>\n#14 0x56548436af4c <unknown>\n#15 0x56548437c973 <unknown>\n#16 0x7efea069caa4 <unknown>\n#17 0x7efea0729c6c <unknown>","time":{"start":1768471978998,"stop":1768471989340,"duration":10342}},{"uid":"9d3849a7d3613883","reportUrl":"https://Brain-up.github.io/auto-tests-python/802/#testresult/9d3849a7d3613883","status":"skipped","statusDetails":"XFAIL\n\nselenium.common.exceptions.TimeoutException: Message: Can't find element by locator ('xpath', '//div[@class=\"__51e19\"]')\nStacktrace:\n#0 0x55ad9c6d461a <unknown>\n#1 0x55ad9c15120b <unknown>\n#2 0x55ad9c1a290f <unknown>\n#3 0x55ad9c1a2b51 <unknown>\n#4 0x55ad9c1f0d84 <unknown>\n#5 0x55ad9c1ee20e <unknown>\n#6 0x55ad9c195232 <unknown>\n#7 0x55ad9c195ee1 <unknown>\n#8 0x55ad9c69d3f9 <unknown>\n#9 0x55ad9c6a034d <unknown>\n#10 0x55ad9c686122 <unknown>\n#11 0x55ad9c6a0f2b <unknown>\n#12 0x55ad9c66cc30 <unknown>\n#13 0x55ad9c6c1d78 <unknown>\n#14 0x55ad9c6c1f4c <unknown>\n#15 0x55ad9c6d3973 <unknown>\n#16 0x7f87a349caa4 <unknown>\n#17 0x7f87a3529c6c <unknown>","time":{"start":1768397342225,"stop":1768397352593,"duration":10368}},{"uid":"96738b24d93b260e","reportUrl":"https://Brain-up.github.io/auto-tests-python/801/#testresult/96738b24d93b260e","status":"skipped","statusDetails":"XFAIL\n\nselenium.common.exceptions.TimeoutException: Message: Can't find element by locator ('xpath', '//div[@class=\"__51e19\"]')\nStacktrace:\n#0 0x55732e85161a <unknown>\n#1 0x55732e2ce20b <unknown>\n#2 0x55732e31f90f <unknown>\n#3 0x55732e31fb51 <unknown>\n#4 0x55732e36dd84 <unknown>\n#5 0x55732e36b20e <unknown>\n#6 0x55732e312232 <unknown>\n#7 0x55732e312ee1 <unknown>\n#8 0x55732e81a3f9 <unknown>\n#9 0x55732e81d34d <unknown>\n#10 0x55732e803122 <unknown>\n#11 0x55732e81df2b <unknown>\n#12 0x55732e7e9c30 <unknown>\n#13 0x55732e83ed78 <unknown>\n#14 0x55732e83ef4c <unknown>\n#15 0x55732e850973 <unknown>\n#16 0x7f16d049caa4 <unknown>\n#17 0x7f16d0529c6c <unknown>","time":{"start":1768298915277,"stop":1768298925600,"duration":10323}},{"uid":"c904ab1113d54b67","reportUrl":"https://Brain-up.github.io/auto-tests-python/800/#testresult/c904ab1113d54b67","status":"skipped","statusDetails":"XFAIL\n\nselenium.common.exceptions.TimeoutException: Message: Can't find element by locator ('xpath', '//div[@class=\"__51e19\"]')\nStacktrace:\n#0 0x55eb4619761a <unknown>\n#1 0x55eb45c1420b <unknown>\n#2 0x55eb45c6590f <unknown>\n#3 0x55eb45c65b51 <unknown>\n#4 0x55eb45cb3d84 <unknown>\n#5 0x55eb45cb120e <unknown>\n#6 0x55eb45c58232 <unknown>\n#7 0x55eb45c58ee1 <unknown>\n#8 0x55eb461603f9 <unknown>\n#9 0x55eb4616334d <unknown>\n#10 0x55eb46149122 <unknown>\n#11 0x55eb46163f2b <unknown>\n#12 0x55eb4612fc30 <unknown>\n#13 0x55eb46184d78 <unknown>\n#14 0x55eb46184f4c <unknown>\n#15 0x55eb46196973 <unknown>\n#16 0x7fc5c8c9caa4 <unknown>\n#17 0x7fc5c8d29c6c <unknown>","time":{"start":1768195720463,"stop":1768195730819,"duration":10356}},{"uid":"e9ea799b474f200d","reportUrl":"https://Brain-up.github.io/auto-tests-python/799/#testresult/e9ea799b474f200d","status":"skipped","statusDetails":"XFAIL\n\nselenium.common.exceptions.TimeoutException: Message: Can't find element by locator ('xpath', '//div[@class=\"__51e19\"]')\nStacktrace:\n#0 0x55bb52a9061a <unknown>\n#1 0x55bb5250d20b <unknown>\n#2 0x55bb5255e90f <unknown>\n#3 0x55bb5255eb51 <unknown>\n#4 0x55bb525acd84 <unknown>\n#5 0x55bb525aa20e <unknown>\n#6 0x55bb52551232 <unknown>\n#7 0x55bb52551ee1 <unknown>\n#8 0x55bb52a593f9 <unknown>\n#9 0x55bb52a5c34d <unknown>\n#10 0x55bb52a42122 <unknown>\n#11 0x55bb52a5cf2b <unknown>\n#12 0x55bb52a28c30 <unknown>\n#13 0x55bb52a7dd78 <unknown>\n#14 0x55bb52a7df4c <unknown>\n#15 0x55bb52a8f973 <unknown>\n#16 0x7f6d9809caa4 <unknown>\n#17 0x7f6d98129c6c <unknown>","time":{"start":1768045979631,"stop":1768045990097,"duration":10466}},{"uid":"c0143ce3bcc66056","reportUrl":"https://Brain-up.github.io/auto-tests-python/798/#testresult/c0143ce3bcc66056","status":"skipped","statusDetails":"XFAIL\n\nselenium.common.exceptions.TimeoutException: Message: Can't find element by locator ('xpath', '//div[@class=\"__51e19\"]')\nStacktrace:\n#0 0x55bd2815161a <unknown>\n#1 0x55bd27bce20b <unknown>\n#2 0x55bd27c1f90f <unknown>\n#3 0x55bd27c1fb51 <unknown>\n#4 0x55bd27c6dd84 <unknown>\n#5 0x55bd27c6b20e <unknown>\n#6 0x55bd27c12232 <unknown>\n#7 0x55bd27c12ee1 <unknown>\n#8 0x55bd2811a3f9 <unknown>\n#9 0x55bd2811d34d <unknown>\n#10 0x55bd28103122 <unknown>\n#11 0x55bd2811df2b <unknown>\n#12 0x55bd280e9c30 <unknown>\n#13 0x55bd2813ed78 <unknown>\n#14 0x55bd2813ef4c <unknown>\n#15 0x55bd28150973 <unknown>\n#16 0x7ff9b3a9caa4 <unknown>\n#17 0x7ff9b3b29c6c <unknown>","time":{"start":1767952674225,"stop":1767952684581,"duration":10356}},{"uid":"971f00e10af2e8a","reportUrl":"https://Brain-up.github.io/auto-tests-python/797/#testresult/971f00e10af2e8a","status":"skipped","statusDetails":"XFAIL\n\nselenium.common.exceptions.TimeoutException: Message: Can't find element by locator ('xpath', '//div[@class=\"__51e19\"]')\nStacktrace:\n#0 0x55e09054519a <unknown>\n#1 0x55e08ffc2c4b <unknown>\n#2 0x55e090014318 <unknown>\n#3 0x55e090014551 <unknown>\n#4 0x55e090062764 <unknown>\n#5 0x55e09005fbee <unknown>\n#6 0x55e090006c42 <unknown>\n#7 0x55e0900078f1 <unknown>\n#8 0x55e09050df39 <unknown>\n#9 0x55e090510e7d <unknown>\n#10 0x55e0904f6c81 <unknown>\n#11 0x55e090511a5b <unknown>\n#12 0x55e0904dda50 <unknown>\n#13 0x55e090532aa8 <unknown>\n#14 0x55e090532c79 <unknown>\n#15 0x55e0905444f3 <unknown>\n#16 0x7fa26989caa4 <unknown>\n#17 0x7fa269929c6c <unknown>","time":{"start":1767868154727,"stop":1767868165068,"duration":10341}},{"uid":"58b670c9622d89f0","reportUrl":"https://Brain-up.github.io/auto-tests-python/796/#testresult/58b670c9622d89f0","status":"skipped","statusDetails":"XFAIL\n\nKeyError: 32","time":{"start":1767792887264,"stop":1767792892832,"duration":5568}},{"uid":"20a58d3d91044c20","reportUrl":"https://Brain-up.github.io/auto-tests-python/795/#testresult/20a58d3d91044c20","status":"skipped","statusDetails":"XFAIL\n\nselenium.common.exceptions.TimeoutException: Message: Can't find element by locator ('xpath', '//div[@class=\"__51e19\"]')\nStacktrace:\n#0 0x560f1d52b19a <unknown>\n#1 0x560f1cfa8c4b <unknown>\n#2 0x560f1cffa318 <unknown>\n#3 0x560f1cffa551 <unknown>\n#4 0x560f1d048764 <unknown>\n#5 0x560f1d045bee <unknown>\n#6 0x560f1cfecc42 <unknown>\n#7 0x560f1cfed8f1 <unknown>\n#8 0x560f1d4f3f39 <unknown>\n#9 0x560f1d4f6e7d <unknown>\n#10 0x560f1d4dcc81 <unknown>\n#11 0x560f1d4f7a5b <unknown>\n#12 0x560f1d4c3a50 <unknown>\n#13 0x560f1d518aa8 <unknown>\n#14 0x560f1d518c79 <unknown>\n#15 0x560f1d52a4f3 <unknown>\n#16 0x7f9865e9caa4 <unknown>\n#17 0x7f9865f29c6c <unknown>","time":{"start":1767707523518,"stop":1767707533869,"duration":10351}},{"uid":"8e06c5ec8634b9e4","reportUrl":"https://Brain-up.github.io/auto-tests-python/794/#testresult/8e06c5ec8634b9e4","status":"skipped","statusDetails":"XFAIL\n\nselenium.common.exceptions.TimeoutException: Message: Can't find element by locator ('xpath', '//div[@class=\"__51e19\"]')\nStacktrace:\n#0 0x56163a05319a <unknown>\n#1 0x561639ad0c4b <unknown>\n#2 0x561639b22318 <unknown>\n#3 0x561639b22551 <unknown>\n#4 0x561639b70764 <unknown>\n#5 0x561639b6dbee <unknown>\n#6 0x561639b14c42 <unknown>\n#7 0x561639b158f1 <unknown>\n#8 0x56163a01bf39 <unknown>\n#9 0x56163a01ee7d <unknown>\n#10 0x56163a004c81 <unknown>\n#11 0x56163a01fa5b <unknown>\n#12 0x561639feba50 <unknown>\n#13 0x56163a040aa8 <unknown>\n#14 0x56163a040c79 <unknown>\n#15 0x56163a0524f3 <unknown>\n#16 0x7f03e509caa4 <unknown>\n#17 0x7f03e5129c6c <unknown>","time":{"start":1767702668384,"stop":1767702678787,"duration":10403}}]},"tags":["@pytest.mark.xfail"]},"source":"4ea36c2cf83ea652.json","parameterValues":[]}