{"uid":"9d3849a7d3613883","name":"Solutions to a random task in the \"Слова\" group and comparison of statics.","fullName":"tests.test_speech_exercises_ru.TestCardsRU#test_solve_word_cards_with_statistic_ru","historyId":"0fb6881b2015244903bd7785af7503a6","time":{"start":1768397342225,"stop":1768397352593,"duration":10368},"status":"skipped","statusMessage":"XFAIL\n\nselenium.common.exceptions.TimeoutException: Message: Can't find element by locator ('xpath', '//div[@class=\"__51e19\"]')\nStacktrace:\n#0 0x55ad9c6d461a <unknown>\n#1 0x55ad9c15120b <unknown>\n#2 0x55ad9c1a290f <unknown>\n#3 0x55ad9c1a2b51 <unknown>\n#4 0x55ad9c1f0d84 <unknown>\n#5 0x55ad9c1ee20e <unknown>\n#6 0x55ad9c195232 <unknown>\n#7 0x55ad9c195ee1 <unknown>\n#8 0x55ad9c69d3f9 <unknown>\n#9 0x55ad9c6a034d <unknown>\n#10 0x55ad9c686122 <unknown>\n#11 0x55ad9c6a0f2b <unknown>\n#12 0x55ad9c66cc30 <unknown>\n#13 0x55ad9c6c1d78 <unknown>\n#14 0x55ad9c6c1f4c <unknown>\n#15 0x55ad9c6d3973 <unknown>\n#16 0x7f87a349caa4 <unknown>\n#17 0x7f87a3529c6c <unknown>","statusTrace":"self = <tests.test_speech_exercises_ru.TestCardsRU object at 0x7f5f2162fc20>\ndriver = <selenium.webdriver.chrome.webdriver.WebDriver (session=\"ee815250a6517a18ebd734d11173376b\")>\ndefault_user_authorized = None\n\n    @pytest.mark.xfail\n    @allure.suite(\"Речевые упражнения.\")\n    @allure.title('Solutions to a random task in the \"Слова\" group and comparison of statics.')\n    def test_solve_word_cards_with_statistic_ru(self, driver, default_user_authorized):\n        page = SpeechExercisesPageRU(driver)\n        page.click_button_ru()\n>       table = page.get_statistic_data()\n\ntests/test_speech_exercises_ru.py:165: \n_ _ _ _ _ _ _ _ _ _ _ _ _ _ _ _ _ _ _ _ _ _ _ _ _ _ _ _ _ _ _ _ _ _ _ _ _ _ _ _ \npages/speech_exercises_page_ru.py:174: in get_statistic_data\n    table = self.element_is_present(self.locators.AuthorizedUserHomePageLocators.STATISTIC_TABLE)\npages/base_page.py:32: in element_is_present\n    return Wait(self.driver, self.timeout).until(\n_ _ _ _ _ _ _ _ _ _ _ _ _ _ _ _ _ _ _ _ _ _ _ _ _ _ _ _ _ _ _ _ _ _ _ _ _ _ _ _ \n\nself = <selenium.webdriver.support.wait.WebDriverWait (session=\"ee815250a6517a18ebd734d11173376b\")>\nmethod = <function presence_of_element_located.<locals>._predicate at 0x7f5f214bb2e0>\nmessage = 'Can\\'t find element by locator (\\'xpath\\', \\'//div[@class=\"__51e19\"]\\')'\n\n    def until(self, method, message: str = \"\"):\n        \"\"\"Calls the method provided with the driver as an argument until the \\\n        return value does not evaluate to ``False``.\n    \n        :param method: callable(WebDriver)\n        :param message: optional message for :exc:`TimeoutException`\n        :returns: the result of the last call to `method`\n        :raises: :exc:`selenium.common.exceptions.TimeoutException` if timeout occurs\n        \"\"\"\n        screen = None\n        stacktrace = None\n    \n        end_time = time.monotonic() + self._timeout\n        while True:\n            try:\n                value = method(self._driver)\n                if value:\n                    return value\n            except self._ignored_exceptions as exc:\n                screen = getattr(exc, \"screen\", None)\n                stacktrace = getattr(exc, \"stacktrace\", None)\n            time.sleep(self._poll)\n            if time.monotonic() > end_time:\n                break\n>       raise TimeoutException(message, screen, stacktrace)\nE       selenium.common.exceptions.TimeoutException: Message: Can't find element by locator ('xpath', '//div[@class=\"__51e19\"]')\nE       Stacktrace:\nE       #0 0x55ad9c6d461a <unknown>\nE       #1 0x55ad9c15120b <unknown>\nE       #2 0x55ad9c1a290f <unknown>\nE       #3 0x55ad9c1a2b51 <unknown>\nE       #4 0x55ad9c1f0d84 <unknown>\nE       #5 0x55ad9c1ee20e <unknown>\nE       #6 0x55ad9c195232 <unknown>\nE       #7 0x55ad9c195ee1 <unknown>\nE       #8 0x55ad9c69d3f9 <unknown>\nE       #9 0x55ad9c6a034d <unknown>\nE       #10 0x55ad9c686122 <unknown>\nE       #11 0x55ad9c6a0f2b <unknown>\nE       #12 0x55ad9c66cc30 <unknown>\nE       #13 0x55ad9c6c1d78 <unknown>\nE       #14 0x55ad9c6c1f4c <unknown>\nE       #15 0x55ad9c6d3973 <unknown>\nE       #16 0x7f87a349caa4 <unknown>\nE       #17 0x7f87a3529c6c <unknown>\n\n/opt/hostedtoolcache/Python/3.12.12/x64/lib/python3.12/site-packages/selenium/webdriver/support/wait.py:95: TimeoutException","flaky":false,"newFailed":false,"newBroken":false,"newPassed":false,"retriesCount":0,"retriesStatusChange":false,"beforeStages":[{"name":"clear_allure_results_folder","time":{"start":1768396056921,"stop":1768396056921,"duration":0},"status":"passed","steps":[],"attachments":[],"parameters":[],"stepsCount":0,"shouldDisplayMessage":false,"attachmentsCount":0,"hasContent":false,"attachmentStep":false},{"name":"driver","time":{"start":1768397336220,"stop":1768397336998,"duration":778},"status":"passed","steps":[],"attachments":[],"parameters":[],"stepsCount":0,"shouldDisplayMessage":false,"attachmentsCount":0,"hasContent":false,"attachmentStep":false},{"name":"main_page_open","time":{"start":1768397336998,"stop":1768397339767,"duration":2769},"status":"passed","steps":[{"name":"Open page: https://www.brainup.site/","time":{"start":1768397336998,"stop":1768397339767,"duration":2769},"status":"passed","steps":[],"attachments":[],"parameters":[{"name":"driver","value":"<selenium.webdriver.chrome.webdriver.WebDriver (session=\"ee815250a6517a18ebd734d11173376b\")>"}],"stepsCount":0,"shouldDisplayMessage":false,"attachmentsCount":0,"hasContent":true,"attachmentStep":false}],"attachments":[],"parameters":[],"stepsCount":1,"shouldDisplayMessage":false,"attachmentsCount":0,"hasContent":true,"attachmentStep":false},{"name":"default_user_authorized","time":{"start":1768397339767,"stop":1768397342225,"duration":2458},"status":"passed","steps":[{"name":"DEFAULT user authorized","time":{"start":1768397339768,"stop":1768397342225,"duration":2457},"status":"passed","steps":[{"name":"Check url is present: https://www.brainup.site/groups","time":{"start":1768397340176,"stop":1768397342199,"duration":2023},"status":"passed","steps":[],"attachments":[],"parameters":[],"stepsCount":0,"shouldDisplayMessage":false,"attachmentsCount":0,"hasContent":false,"attachmentStep":false},{"name":"Loader checking","time":{"start":1768397342199,"stop":1768397342225,"duration":26},"status":"passed","steps":[],"attachments":[],"parameters":[],"stepsCount":0,"shouldDisplayMessage":false,"attachmentsCount":0,"hasContent":false,"attachmentStep":false}],"attachments":[],"parameters":[{"name":"driver","value":"<selenium.webdriver.chrome.webdriver.WebDriver (session=\"ee815250a6517a18ebd734d11173376b\")>"},{"name":"main_page_open","value":"None"}],"stepsCount":2,"shouldDisplayMessage":false,"attachmentsCount":0,"hasContent":true,"attachmentStep":false}],"attachments":[],"parameters":[],"stepsCount":3,"shouldDisplayMessage":false,"attachmentsCount":0,"hasContent":true,"attachmentStep":false}],"testStage":{"status":"skipped","statusMessage":"XFAIL\n\nselenium.common.exceptions.TimeoutException: Message: Can't find element by locator ('xpath', '//div[@class=\"__51e19\"]')\nStacktrace:\n#0 0x55ad9c6d461a <unknown>\n#1 0x55ad9c15120b <unknown>\n#2 0x55ad9c1a290f <unknown>\n#3 0x55ad9c1a2b51 <unknown>\n#4 0x55ad9c1f0d84 <unknown>\n#5 0x55ad9c1ee20e <unknown>\n#6 0x55ad9c195232 <unknown>\n#7 0x55ad9c195ee1 <unknown>\n#8 0x55ad9c69d3f9 <unknown>\n#9 0x55ad9c6a034d <unknown>\n#10 0x55ad9c686122 <unknown>\n#11 0x55ad9c6a0f2b <unknown>\n#12 0x55ad9c66cc30 <unknown>\n#13 0x55ad9c6c1d78 <unknown>\n#14 0x55ad9c6c1f4c <unknown>\n#15 0x55ad9c6d3973 <unknown>\n#16 0x7f87a349caa4 <unknown>\n#17 0x7f87a3529c6c <unknown>","statusTrace":"self = <tests.test_speech_exercises_ru.TestCardsRU object at 0x7f5f2162fc20>\ndriver = <selenium.webdriver.chrome.webdriver.WebDriver (session=\"ee815250a6517a18ebd734d11173376b\")>\ndefault_user_authorized = None\n\n    @pytest.mark.xfail\n    @allure.suite(\"Речевые упражнения.\")\n    @allure.title('Solutions to a random task in the \"Слова\" group and comparison of statics.')\n    def test_solve_word_cards_with_statistic_ru(self, driver, default_user_authorized):\n        page = SpeechExercisesPageRU(driver)\n        page.click_button_ru()\n>       table = page.get_statistic_data()\n\ntests/test_speech_exercises_ru.py:165: \n_ _ _ _ _ _ _ _ _ _ _ _ _ _ _ _ _ _ _ _ _ _ _ _ _ _ _ _ _ _ _ _ _ _ _ _ _ _ _ _ \npages/speech_exercises_page_ru.py:174: in get_statistic_data\n    table = self.element_is_present(self.locators.AuthorizedUserHomePageLocators.STATISTIC_TABLE)\npages/base_page.py:32: in element_is_present\n    return Wait(self.driver, self.timeout).until(\n_ _ _ _ _ _ _ _ _ _ _ _ _ _ _ _ _ _ _ _ _ _ _ _ _ _ _ _ _ _ _ _ _ _ _ _ _ _ _ _ \n\nself = <selenium.webdriver.support.wait.WebDriverWait (session=\"ee815250a6517a18ebd734d11173376b\")>\nmethod = <function presence_of_element_located.<locals>._predicate at 0x7f5f214bb2e0>\nmessage = 'Can\\'t find element by locator (\\'xpath\\', \\'//div[@class=\"__51e19\"]\\')'\n\n    def until(self, method, message: str = \"\"):\n        \"\"\"Calls the method provided with the driver as an argument until the \\\n        return value does not evaluate to ``False``.\n    \n        :param method: callable(WebDriver)\n        :param message: optional message for :exc:`TimeoutException`\n        :returns: the result of the last call to `method`\n        :raises: :exc:`selenium.common.exceptions.TimeoutException` if timeout occurs\n        \"\"\"\n        screen = None\n        stacktrace = None\n    \n        end_time = time.monotonic() + self._timeout\n        while True:\n            try:\n                value = method(self._driver)\n                if value:\n                    return value\n            except self._ignored_exceptions as exc:\n                screen = getattr(exc, \"screen\", None)\n                stacktrace = getattr(exc, \"stacktrace\", None)\n            time.sleep(self._poll)\n            if time.monotonic() > end_time:\n                break\n>       raise TimeoutException(message, screen, stacktrace)\nE       selenium.common.exceptions.TimeoutException: Message: Can't find element by locator ('xpath', '//div[@class=\"__51e19\"]')\nE       Stacktrace:\nE       #0 0x55ad9c6d461a <unknown>\nE       #1 0x55ad9c15120b <unknown>\nE       #2 0x55ad9c1a290f <unknown>\nE       #3 0x55ad9c1a2b51 <unknown>\nE       #4 0x55ad9c1f0d84 <unknown>\nE       #5 0x55ad9c1ee20e <unknown>\nE       #6 0x55ad9c195232 <unknown>\nE       #7 0x55ad9c195ee1 <unknown>\nE       #8 0x55ad9c69d3f9 <unknown>\nE       #9 0x55ad9c6a034d <unknown>\nE       #10 0x55ad9c686122 <unknown>\nE       #11 0x55ad9c6a0f2b <unknown>\nE       #12 0x55ad9c66cc30 <unknown>\nE       #13 0x55ad9c6c1d78 <unknown>\nE       #14 0x55ad9c6c1f4c <unknown>\nE       #15 0x55ad9c6d3973 <unknown>\nE       #16 0x7f87a349caa4 <unknown>\nE       #17 0x7f87a3529c6c <unknown>\n\n/opt/hostedtoolcache/Python/3.12.12/x64/lib/python3.12/site-packages/selenium/webdriver/support/wait.py:95: TimeoutException","steps":[{"name":"click_button RU","time":{"start":1768397342225,"stop":1768397342304,"duration":79},"status":"passed","steps":[{"name":"Click button \"RU\".","time":{"start":1768397342225,"stop":1768397342304,"duration":79},"status":"passed","steps":[],"attachments":[],"parameters":[],"stepsCount":0,"shouldDisplayMessage":false,"attachmentsCount":0,"hasContent":false,"attachmentStep":false}],"attachments":[],"parameters":[],"stepsCount":1,"shouldDisplayMessage":false,"attachmentsCount":0,"hasContent":true,"attachmentStep":false},{"name":"get_statistic_data","time":{"start":1768397342305,"stop":1768397352592,"duration":10287},"status":"broken","statusMessage":"selenium.common.exceptions.TimeoutException: Message: Can't find element by locator ('xpath', '//div[@class=\"__51e19\"]')\nStacktrace:\n#0 0x55ad9c6d461a <unknown>\n#1 0x55ad9c15120b <unknown>\n#2 0x55ad9c1a290f <unknown>\n#3 0x55ad9c1a2b51 <unknown>\n#4 0x55ad9c1f0d84 <unknown>\n#5 0x55ad9c1ee20e <unknown>\n#6 0x55ad9c195232 <unknown>\n#7 0x55ad9c195ee1 <unknown>\n#8 0x55ad9c69d3f9 <unknown>\n#9 0x55ad9c6a034d <unknown>\n#10 0x55ad9c686122 <unknown>\n#11 0x55ad9c6a0f2b <unknown>\n#12 0x55ad9c66cc30 <unknown>\n#13 0x55ad9c6c1d78 <unknown>\n#14 0x55ad9c6c1f4c <unknown>\n#15 0x55ad9c6d3973 <unknown>\n#16 0x7f87a349caa4 <unknown>\n#17 0x7f87a3529c6c <unknown>\n\n","statusTrace":"  File \"/opt/hostedtoolcache/Python/3.12.12/x64/lib/python3.12/site-packages/allure_commons/_allure.py\", line 192, in impl\n    return func(*a, **kw)\n           ^^^^^^^^^^^^^^\n  File \"/home/runner/work/auto-tests-python/auto-tests-python/pages/speech_exercises_page_ru.py\", line 174, in get_statistic_data\n    table = self.element_is_present(self.locators.AuthorizedUserHomePageLocators.STATISTIC_TABLE)\n            ^^^^^^^^^^^^^^^^^^^^^^^^^^^^^^^^^^^^^^^^^^^^^^^^^^^^^^^^^^^^^^^^^^^^^^^^^^^^^^^^^^^^^\n  File \"/home/runner/work/auto-tests-python/auto-tests-python/pages/base_page.py\", line 32, in element_is_present\n    return Wait(self.driver, self.timeout).until(\n           ^^^^^^^^^^^^^^^^^^^^^^^^^^^^^^^^^^^^^^\n  File \"/opt/hostedtoolcache/Python/3.12.12/x64/lib/python3.12/site-packages/selenium/webdriver/support/wait.py\", line 95, in until\n    raise TimeoutException(message, screen, stacktrace)\n","steps":[{"name":"Click button \"Статистика\"\".","time":{"start":1768397342305,"stop":1768397342384,"duration":79},"status":"passed","steps":[],"attachments":[],"parameters":[],"stepsCount":0,"shouldDisplayMessage":false,"attachmentsCount":0,"hasContent":false,"attachmentStep":false},{"name":"Check statistic table is present and scroll to table","time":{"start":1768397342384,"stop":1768397352592,"duration":10208},"status":"broken","statusMessage":"selenium.common.exceptions.TimeoutException: Message: Can't find element by locator ('xpath', '//div[@class=\"__51e19\"]')\nStacktrace:\n#0 0x55ad9c6d461a <unknown>\n#1 0x55ad9c15120b <unknown>\n#2 0x55ad9c1a290f <unknown>\n#3 0x55ad9c1a2b51 <unknown>\n#4 0x55ad9c1f0d84 <unknown>\n#5 0x55ad9c1ee20e <unknown>\n#6 0x55ad9c195232 <unknown>\n#7 0x55ad9c195ee1 <unknown>\n#8 0x55ad9c69d3f9 <unknown>\n#9 0x55ad9c6a034d <unknown>\n#10 0x55ad9c686122 <unknown>\n#11 0x55ad9c6a0f2b <unknown>\n#12 0x55ad9c66cc30 <unknown>\n#13 0x55ad9c6c1d78 <unknown>\n#14 0x55ad9c6c1f4c <unknown>\n#15 0x55ad9c6d3973 <unknown>\n#16 0x7f87a349caa4 <unknown>\n#17 0x7f87a3529c6c <unknown>\n\n","statusTrace":"  File \"/home/runner/work/auto-tests-python/auto-tests-python/pages/speech_exercises_page_ru.py\", line 174, in get_statistic_data\n    table = self.element_is_present(self.locators.AuthorizedUserHomePageLocators.STATISTIC_TABLE)\n            ^^^^^^^^^^^^^^^^^^^^^^^^^^^^^^^^^^^^^^^^^^^^^^^^^^^^^^^^^^^^^^^^^^^^^^^^^^^^^^^^^^^^^\n  File \"/home/runner/work/auto-tests-python/auto-tests-python/pages/base_page.py\", line 32, in element_is_present\n    return Wait(self.driver, self.timeout).until(\n           ^^^^^^^^^^^^^^^^^^^^^^^^^^^^^^^^^^^^^^\n  File \"/opt/hostedtoolcache/Python/3.12.12/x64/lib/python3.12/site-packages/selenium/webdriver/support/wait.py\", line 95, in until\n    raise TimeoutException(message, screen, stacktrace)\n","steps":[],"attachments":[],"parameters":[],"stepsCount":0,"shouldDisplayMessage":true,"attachmentsCount":0,"hasContent":true,"attachmentStep":false}],"attachments":[],"parameters":[],"stepsCount":2,"shouldDisplayMessage":false,"attachmentsCount":0,"hasContent":true,"attachmentStep":false}],"attachments":[],"parameters":[],"stepsCount":5,"shouldDisplayMessage":true,"attachmentsCount":0,"hasContent":true,"attachmentStep":false},"afterStages":[{"name":"driver::0","time":{"start":1768397352607,"stop":1768397352677,"duration":70},"status":"passed","steps":[],"attachments":[],"parameters":[],"stepsCount":0,"shouldDisplayMessage":false,"attachmentsCount":0,"hasContent":false,"attachmentStep":false}],"labels":[{"name":"suite","value":"Речевые упражнения."},{"name":"epic","value":"Speech exercises."},{"name":"tag","value":"@pytest.mark.xfail"},{"name":"parentSuite","value":"tests"},{"name":"subSuite","value":"TestCardsRU"},{"name":"host","value":"runnervmi13qx"},{"name":"thread","value":"2595-MainThread"},{"name":"framework","value":"pytest"},{"name":"language","value":"cpython3"},{"name":"package","value":"tests.test_speech_exercises_ru"},{"name":"resultFormat","value":"allure2"}],"parameters":[],"links":[],"hidden":false,"retry":false,"extra":{"severity":"normal","retries":[],"categories":[],"history":{"statistic":{"failed":0,"broken":0,"skipped":9,"passed":0,"unknown":0,"total":9},"items":[{"uid":"96738b24d93b260e","reportUrl":"https://Brain-up.github.io/auto-tests-python/801/#testresult/96738b24d93b260e","status":"skipped","statusDetails":"XFAIL\n\nselenium.common.exceptions.TimeoutException: Message: Can't find element by locator ('xpath', '//div[@class=\"__51e19\"]')\nStacktrace:\n#0 0x55732e85161a <unknown>\n#1 0x55732e2ce20b <unknown>\n#2 0x55732e31f90f <unknown>\n#3 0x55732e31fb51 <unknown>\n#4 0x55732e36dd84 <unknown>\n#5 0x55732e36b20e <unknown>\n#6 0x55732e312232 <unknown>\n#7 0x55732e312ee1 <unknown>\n#8 0x55732e81a3f9 <unknown>\n#9 0x55732e81d34d <unknown>\n#10 0x55732e803122 <unknown>\n#11 0x55732e81df2b <unknown>\n#12 0x55732e7e9c30 <unknown>\n#13 0x55732e83ed78 <unknown>\n#14 0x55732e83ef4c <unknown>\n#15 0x55732e850973 <unknown>\n#16 0x7f16d049caa4 <unknown>\n#17 0x7f16d0529c6c <unknown>","time":{"start":1768298915277,"stop":1768298925600,"duration":10323}},{"uid":"c904ab1113d54b67","reportUrl":"https://Brain-up.github.io/auto-tests-python/800/#testresult/c904ab1113d54b67","status":"skipped","statusDetails":"XFAIL\n\nselenium.common.exceptions.TimeoutException: Message: Can't find element by locator ('xpath', '//div[@class=\"__51e19\"]')\nStacktrace:\n#0 0x55eb4619761a <unknown>\n#1 0x55eb45c1420b <unknown>\n#2 0x55eb45c6590f <unknown>\n#3 0x55eb45c65b51 <unknown>\n#4 0x55eb45cb3d84 <unknown>\n#5 0x55eb45cb120e <unknown>\n#6 0x55eb45c58232 <unknown>\n#7 0x55eb45c58ee1 <unknown>\n#8 0x55eb461603f9 <unknown>\n#9 0x55eb4616334d <unknown>\n#10 0x55eb46149122 <unknown>\n#11 0x55eb46163f2b <unknown>\n#12 0x55eb4612fc30 <unknown>\n#13 0x55eb46184d78 <unknown>\n#14 0x55eb46184f4c <unknown>\n#15 0x55eb46196973 <unknown>\n#16 0x7fc5c8c9caa4 <unknown>\n#17 0x7fc5c8d29c6c <unknown>","time":{"start":1768195720463,"stop":1768195730819,"duration":10356}},{"uid":"e9ea799b474f200d","reportUrl":"https://Brain-up.github.io/auto-tests-python/799/#testresult/e9ea799b474f200d","status":"skipped","statusDetails":"XFAIL\n\nselenium.common.exceptions.TimeoutException: Message: Can't find element by locator ('xpath', '//div[@class=\"__51e19\"]')\nStacktrace:\n#0 0x55bb52a9061a <unknown>\n#1 0x55bb5250d20b <unknown>\n#2 0x55bb5255e90f <unknown>\n#3 0x55bb5255eb51 <unknown>\n#4 0x55bb525acd84 <unknown>\n#5 0x55bb525aa20e <unknown>\n#6 0x55bb52551232 <unknown>\n#7 0x55bb52551ee1 <unknown>\n#8 0x55bb52a593f9 <unknown>\n#9 0x55bb52a5c34d <unknown>\n#10 0x55bb52a42122 <unknown>\n#11 0x55bb52a5cf2b <unknown>\n#12 0x55bb52a28c30 <unknown>\n#13 0x55bb52a7dd78 <unknown>\n#14 0x55bb52a7df4c <unknown>\n#15 0x55bb52a8f973 <unknown>\n#16 0x7f6d9809caa4 <unknown>\n#17 0x7f6d98129c6c <unknown>","time":{"start":1768045979631,"stop":1768045990097,"duration":10466}},{"uid":"c0143ce3bcc66056","reportUrl":"https://Brain-up.github.io/auto-tests-python/798/#testresult/c0143ce3bcc66056","status":"skipped","statusDetails":"XFAIL\n\nselenium.common.exceptions.TimeoutException: Message: Can't find element by locator ('xpath', '//div[@class=\"__51e19\"]')\nStacktrace:\n#0 0x55bd2815161a <unknown>\n#1 0x55bd27bce20b <unknown>\n#2 0x55bd27c1f90f <unknown>\n#3 0x55bd27c1fb51 <unknown>\n#4 0x55bd27c6dd84 <unknown>\n#5 0x55bd27c6b20e <unknown>\n#6 0x55bd27c12232 <unknown>\n#7 0x55bd27c12ee1 <unknown>\n#8 0x55bd2811a3f9 <unknown>\n#9 0x55bd2811d34d <unknown>\n#10 0x55bd28103122 <unknown>\n#11 0x55bd2811df2b <unknown>\n#12 0x55bd280e9c30 <unknown>\n#13 0x55bd2813ed78 <unknown>\n#14 0x55bd2813ef4c <unknown>\n#15 0x55bd28150973 <unknown>\n#16 0x7ff9b3a9caa4 <unknown>\n#17 0x7ff9b3b29c6c <unknown>","time":{"start":1767952674225,"stop":1767952684581,"duration":10356}},{"uid":"971f00e10af2e8a","reportUrl":"https://Brain-up.github.io/auto-tests-python/797/#testresult/971f00e10af2e8a","status":"skipped","statusDetails":"XFAIL\n\nselenium.common.exceptions.TimeoutException: Message: Can't find element by locator ('xpath', '//div[@class=\"__51e19\"]')\nStacktrace:\n#0 0x55e09054519a <unknown>\n#1 0x55e08ffc2c4b <unknown>\n#2 0x55e090014318 <unknown>\n#3 0x55e090014551 <unknown>\n#4 0x55e090062764 <unknown>\n#5 0x55e09005fbee <unknown>\n#6 0x55e090006c42 <unknown>\n#7 0x55e0900078f1 <unknown>\n#8 0x55e09050df39 <unknown>\n#9 0x55e090510e7d <unknown>\n#10 0x55e0904f6c81 <unknown>\n#11 0x55e090511a5b <unknown>\n#12 0x55e0904dda50 <unknown>\n#13 0x55e090532aa8 <unknown>\n#14 0x55e090532c79 <unknown>\n#15 0x55e0905444f3 <unknown>\n#16 0x7fa26989caa4 <unknown>\n#17 0x7fa269929c6c <unknown>","time":{"start":1767868154727,"stop":1767868165068,"duration":10341}},{"uid":"58b670c9622d89f0","reportUrl":"https://Brain-up.github.io/auto-tests-python/796/#testresult/58b670c9622d89f0","status":"skipped","statusDetails":"XFAIL\n\nKeyError: 32","time":{"start":1767792887264,"stop":1767792892832,"duration":5568}},{"uid":"20a58d3d91044c20","reportUrl":"https://Brain-up.github.io/auto-tests-python/795/#testresult/20a58d3d91044c20","status":"skipped","statusDetails":"XFAIL\n\nselenium.common.exceptions.TimeoutException: Message: Can't find element by locator ('xpath', '//div[@class=\"__51e19\"]')\nStacktrace:\n#0 0x560f1d52b19a <unknown>\n#1 0x560f1cfa8c4b <unknown>\n#2 0x560f1cffa318 <unknown>\n#3 0x560f1cffa551 <unknown>\n#4 0x560f1d048764 <unknown>\n#5 0x560f1d045bee <unknown>\n#6 0x560f1cfecc42 <unknown>\n#7 0x560f1cfed8f1 <unknown>\n#8 0x560f1d4f3f39 <unknown>\n#9 0x560f1d4f6e7d <unknown>\n#10 0x560f1d4dcc81 <unknown>\n#11 0x560f1d4f7a5b <unknown>\n#12 0x560f1d4c3a50 <unknown>\n#13 0x560f1d518aa8 <unknown>\n#14 0x560f1d518c79 <unknown>\n#15 0x560f1d52a4f3 <unknown>\n#16 0x7f9865e9caa4 <unknown>\n#17 0x7f9865f29c6c <unknown>","time":{"start":1767707523518,"stop":1767707533869,"duration":10351}},{"uid":"8e06c5ec8634b9e4","reportUrl":"https://Brain-up.github.io/auto-tests-python/794/#testresult/8e06c5ec8634b9e4","status":"skipped","statusDetails":"XFAIL\n\nselenium.common.exceptions.TimeoutException: Message: Can't find element by locator ('xpath', '//div[@class=\"__51e19\"]')\nStacktrace:\n#0 0x56163a05319a <unknown>\n#1 0x561639ad0c4b <unknown>\n#2 0x561639b22318 <unknown>\n#3 0x561639b22551 <unknown>\n#4 0x561639b70764 <unknown>\n#5 0x561639b6dbee <unknown>\n#6 0x561639b14c42 <unknown>\n#7 0x561639b158f1 <unknown>\n#8 0x56163a01bf39 <unknown>\n#9 0x56163a01ee7d <unknown>\n#10 0x56163a004c81 <unknown>\n#11 0x56163a01fa5b <unknown>\n#12 0x561639feba50 <unknown>\n#13 0x56163a040aa8 <unknown>\n#14 0x56163a040c79 <unknown>\n#15 0x56163a0524f3 <unknown>\n#16 0x7f03e509caa4 <unknown>\n#17 0x7f03e5129c6c <unknown>","time":{"start":1767702668384,"stop":1767702678787,"duration":10403}}]},"tags":["@pytest.mark.xfail"]},"source":"9d3849a7d3613883.json","parameterValues":[]}