{"uid":"a150e860e1cbd4d4","name":"Solutions to a random task in the \"Слова Королёвой\" .","fullName":"tests.test_speech_exercises_ru.TestCardsRU#test_solve_koroleva_cards_ru","historyId":"c9fe4fbd9394e2fb5a6898be66ba433b","time":{"start":1768397325801,"stop":1768397336133,"duration":10332},"status":"skipped","statusMessage":"XFAIL\n\nselenium.common.exceptions.TimeoutException: Message: Can't find element by locator ('xpath', '//a[text()=\"Упражнения\"]')\nStacktrace:\n#0 0x55d8321be61a <unknown>\n#1 0x55d831c3b20b <unknown>\n#2 0x55d831c8c90f <unknown>\n#3 0x55d831c8cb51 <unknown>\n#4 0x55d831cdad84 <unknown>\n#5 0x55d831cd820e <unknown>\n#6 0x55d831c7f232 <unknown>\n#7 0x55d831c7fee1 <unknown>\n#8 0x55d8321873f9 <unknown>\n#9 0x55d83218a34d <unknown>\n#10 0x55d832170122 <unknown>\n#11 0x55d83218af2b <unknown>\n#12 0x55d832156c30 <unknown>\n#13 0x55d8321abd78 <unknown>\n#14 0x55d8321abf4c <unknown>\n#15 0x55d8321bd973 <unknown>\n#16 0x7f242949caa4 <unknown>\n#17 0x7f2429529c6c <unknown>","statusTrace":"self = <tests.test_speech_exercises_ru.TestCardsRU object at 0x7f5f2162fa70>\ndriver = <selenium.webdriver.chrome.webdriver.WebDriver (session=\"f72a8270eac6aa51273c35b1b10fca86\")>\ndefault_user_authorized = None\n\n    @pytest.mark.xfail\n    @allure.suite(\"Речевые упражнения.\")\n    @allure.title('Solutions to a random task in the \"Слова Королёвой\" .')\n    def test_solve_koroleva_cards_ru(self, driver, default_user_authorized):\n        page = SpeechExercisesPageRU(driver)\n>       page.click_button_exercises()\n\ntests/test_speech_exercises_ru.py:144: \n_ _ _ _ _ _ _ _ _ _ _ _ _ _ _ _ _ _ _ _ _ _ _ _ _ _ _ _ _ _ _ _ _ _ _ _ _ _ _ _ \npages/speech_exercises_page_ru.py:199: in click_button_exercises\n    button = self.element_is_present_and_clickable(self.locators.AuthorizedUserHomePageLocators.BUTTON_EXERCISES_RU)\npages/base_page.py:40: in element_is_present_and_clickable\n    return (Wait(self.driver, self.timeout).until(\n_ _ _ _ _ _ _ _ _ _ _ _ _ _ _ _ _ _ _ _ _ _ _ _ _ _ _ _ _ _ _ _ _ _ _ _ _ _ _ _ \n\nself = <selenium.webdriver.support.wait.WebDriverWait (session=\"f72a8270eac6aa51273c35b1b10fca86\")>\nmethod = <function visibility_of_element_located.<locals>._predicate at 0x7f5f214bae80>\nmessage = 'Can\\'t find element by locator (\\'xpath\\', \\'//a[text()=\"Упражнения\"]\\')'\n\n    def until(self, method, message: str = \"\"):\n        \"\"\"Calls the method provided with the driver as an argument until the \\\n        return value does not evaluate to ``False``.\n    \n        :param method: callable(WebDriver)\n        :param message: optional message for :exc:`TimeoutException`\n        :returns: the result of the last call to `method`\n        :raises: :exc:`selenium.common.exceptions.TimeoutException` if timeout occurs\n        \"\"\"\n        screen = None\n        stacktrace = None\n    \n        end_time = time.monotonic() + self._timeout\n        while True:\n            try:\n                value = method(self._driver)\n                if value:\n                    return value\n            except self._ignored_exceptions as exc:\n                screen = getattr(exc, \"screen\", None)\n                stacktrace = getattr(exc, \"stacktrace\", None)\n            time.sleep(self._poll)\n            if time.monotonic() > end_time:\n                break\n>       raise TimeoutException(message, screen, stacktrace)\nE       selenium.common.exceptions.TimeoutException: Message: Can't find element by locator ('xpath', '//a[text()=\"Упражнения\"]')\nE       Stacktrace:\nE       #0 0x55d8321be61a <unknown>\nE       #1 0x55d831c3b20b <unknown>\nE       #2 0x55d831c8c90f <unknown>\nE       #3 0x55d831c8cb51 <unknown>\nE       #4 0x55d831cdad84 <unknown>\nE       #5 0x55d831cd820e <unknown>\nE       #6 0x55d831c7f232 <unknown>\nE       #7 0x55d831c7fee1 <unknown>\nE       #8 0x55d8321873f9 <unknown>\nE       #9 0x55d83218a34d <unknown>\nE       #10 0x55d832170122 <unknown>\nE       #11 0x55d83218af2b <unknown>\nE       #12 0x55d832156c30 <unknown>\nE       #13 0x55d8321abd78 <unknown>\nE       #14 0x55d8321abf4c <unknown>\nE       #15 0x55d8321bd973 <unknown>\nE       #16 0x7f242949caa4 <unknown>\nE       #17 0x7f2429529c6c <unknown>\n\n/opt/hostedtoolcache/Python/3.12.12/x64/lib/python3.12/site-packages/selenium/webdriver/support/wait.py:95: TimeoutException","flaky":false,"newFailed":false,"newBroken":false,"newPassed":false,"retriesCount":0,"retriesStatusChange":false,"beforeStages":[{"name":"clear_allure_results_folder","time":{"start":1768396056921,"stop":1768396056921,"duration":0},"status":"passed","steps":[],"attachments":[],"parameters":[],"stepsCount":0,"shouldDisplayMessage":false,"attachmentsCount":0,"hasContent":false,"attachmentStep":false},{"name":"driver","time":{"start":1768397319808,"stop":1768397320589,"duration":781},"status":"passed","steps":[],"attachments":[],"parameters":[],"stepsCount":0,"shouldDisplayMessage":false,"attachmentsCount":0,"hasContent":false,"attachmentStep":false},{"name":"main_page_open","time":{"start":1768397320589,"stop":1768397323354,"duration":2765},"status":"passed","steps":[{"name":"Open page: https://www.brainup.site/","time":{"start":1768397320590,"stop":1768397323354,"duration":2764},"status":"passed","steps":[],"attachments":[],"parameters":[{"name":"driver","value":"<selenium.webdriver.chrome.webdriver.WebDriver (session=\"f72a8270eac6aa51273c35b1b10fca86\")>"}],"stepsCount":0,"shouldDisplayMessage":false,"attachmentsCount":0,"hasContent":true,"attachmentStep":false}],"attachments":[],"parameters":[],"stepsCount":1,"shouldDisplayMessage":false,"attachmentsCount":0,"hasContent":true,"attachmentStep":false},{"name":"default_user_authorized","time":{"start":1768397323354,"stop":1768397325801,"duration":2447},"status":"passed","steps":[{"name":"DEFAULT user authorized","time":{"start":1768397323354,"stop":1768397325801,"duration":2447},"status":"passed","steps":[{"name":"Check url is present: https://www.brainup.site/groups","time":{"start":1768397323754,"stop":1768397325775,"duration":2021},"status":"passed","steps":[],"attachments":[],"parameters":[],"stepsCount":0,"shouldDisplayMessage":false,"attachmentsCount":0,"hasContent":false,"attachmentStep":false},{"name":"Loader checking","time":{"start":1768397325775,"stop":1768397325801,"duration":26},"status":"passed","steps":[],"attachments":[],"parameters":[],"stepsCount":0,"shouldDisplayMessage":false,"attachmentsCount":0,"hasContent":false,"attachmentStep":false}],"attachments":[],"parameters":[{"name":"driver","value":"<selenium.webdriver.chrome.webdriver.WebDriver (session=\"f72a8270eac6aa51273c35b1b10fca86\")>"},{"name":"main_page_open","value":"None"}],"stepsCount":2,"shouldDisplayMessage":false,"attachmentsCount":0,"hasContent":true,"attachmentStep":false}],"attachments":[],"parameters":[],"stepsCount":3,"shouldDisplayMessage":false,"attachmentsCount":0,"hasContent":true,"attachmentStep":false}],"testStage":{"status":"skipped","statusMessage":"XFAIL\n\nselenium.common.exceptions.TimeoutException: Message: Can't find element by locator ('xpath', '//a[text()=\"Упражнения\"]')\nStacktrace:\n#0 0x55d8321be61a <unknown>\n#1 0x55d831c3b20b <unknown>\n#2 0x55d831c8c90f <unknown>\n#3 0x55d831c8cb51 <unknown>\n#4 0x55d831cdad84 <unknown>\n#5 0x55d831cd820e <unknown>\n#6 0x55d831c7f232 <unknown>\n#7 0x55d831c7fee1 <unknown>\n#8 0x55d8321873f9 <unknown>\n#9 0x55d83218a34d <unknown>\n#10 0x55d832170122 <unknown>\n#11 0x55d83218af2b <unknown>\n#12 0x55d832156c30 <unknown>\n#13 0x55d8321abd78 <unknown>\n#14 0x55d8321abf4c <unknown>\n#15 0x55d8321bd973 <unknown>\n#16 0x7f242949caa4 <unknown>\n#17 0x7f2429529c6c <unknown>","statusTrace":"self = <tests.test_speech_exercises_ru.TestCardsRU object at 0x7f5f2162fa70>\ndriver = <selenium.webdriver.chrome.webdriver.WebDriver (session=\"f72a8270eac6aa51273c35b1b10fca86\")>\ndefault_user_authorized = None\n\n    @pytest.mark.xfail\n    @allure.suite(\"Речевые упражнения.\")\n    @allure.title('Solutions to a random task in the \"Слова Королёвой\" .')\n    def test_solve_koroleva_cards_ru(self, driver, default_user_authorized):\n        page = SpeechExercisesPageRU(driver)\n>       page.click_button_exercises()\n\ntests/test_speech_exercises_ru.py:144: \n_ _ _ _ _ _ _ _ _ _ _ _ _ _ _ _ _ _ _ _ _ _ _ _ _ _ _ _ _ _ _ _ _ _ _ _ _ _ _ _ \npages/speech_exercises_page_ru.py:199: in click_button_exercises\n    button = self.element_is_present_and_clickable(self.locators.AuthorizedUserHomePageLocators.BUTTON_EXERCISES_RU)\npages/base_page.py:40: in element_is_present_and_clickable\n    return (Wait(self.driver, self.timeout).until(\n_ _ _ _ _ _ _ _ _ _ _ _ _ _ _ _ _ _ _ _ _ _ _ _ _ _ _ _ _ _ _ _ _ _ _ _ _ _ _ _ \n\nself = <selenium.webdriver.support.wait.WebDriverWait (session=\"f72a8270eac6aa51273c35b1b10fca86\")>\nmethod = <function visibility_of_element_located.<locals>._predicate at 0x7f5f214bae80>\nmessage = 'Can\\'t find element by locator (\\'xpath\\', \\'//a[text()=\"Упражнения\"]\\')'\n\n    def until(self, method, message: str = \"\"):\n        \"\"\"Calls the method provided with the driver as an argument until the \\\n        return value does not evaluate to ``False``.\n    \n        :param method: callable(WebDriver)\n        :param message: optional message for :exc:`TimeoutException`\n        :returns: the result of the last call to `method`\n        :raises: :exc:`selenium.common.exceptions.TimeoutException` if timeout occurs\n        \"\"\"\n        screen = None\n        stacktrace = None\n    \n        end_time = time.monotonic() + self._timeout\n        while True:\n            try:\n                value = method(self._driver)\n                if value:\n                    return value\n            except self._ignored_exceptions as exc:\n                screen = getattr(exc, \"screen\", None)\n                stacktrace = getattr(exc, \"stacktrace\", None)\n            time.sleep(self._poll)\n            if time.monotonic() > end_time:\n                break\n>       raise TimeoutException(message, screen, stacktrace)\nE       selenium.common.exceptions.TimeoutException: Message: Can't find element by locator ('xpath', '//a[text()=\"Упражнения\"]')\nE       Stacktrace:\nE       #0 0x55d8321be61a <unknown>\nE       #1 0x55d831c3b20b <unknown>\nE       #2 0x55d831c8c90f <unknown>\nE       #3 0x55d831c8cb51 <unknown>\nE       #4 0x55d831cdad84 <unknown>\nE       #5 0x55d831cd820e <unknown>\nE       #6 0x55d831c7f232 <unknown>\nE       #7 0x55d831c7fee1 <unknown>\nE       #8 0x55d8321873f9 <unknown>\nE       #9 0x55d83218a34d <unknown>\nE       #10 0x55d832170122 <unknown>\nE       #11 0x55d83218af2b <unknown>\nE       #12 0x55d832156c30 <unknown>\nE       #13 0x55d8321abd78 <unknown>\nE       #14 0x55d8321abf4c <unknown>\nE       #15 0x55d8321bd973 <unknown>\nE       #16 0x7f242949caa4 <unknown>\nE       #17 0x7f2429529c6c <unknown>\n\n/opt/hostedtoolcache/Python/3.12.12/x64/lib/python3.12/site-packages/selenium/webdriver/support/wait.py:95: TimeoutException","steps":[{"name":"Click button \"Упражнения\".","time":{"start":1768397325802,"stop":1768397336132,"duration":10330},"status":"broken","statusMessage":"selenium.common.exceptions.TimeoutException: Message: Can't find element by locator ('xpath', '//a[text()=\"Упражнения\"]')\nStacktrace:\n#0 0x55d8321be61a <unknown>\n#1 0x55d831c3b20b <unknown>\n#2 0x55d831c8c90f <unknown>\n#3 0x55d831c8cb51 <unknown>\n#4 0x55d831cdad84 <unknown>\n#5 0x55d831cd820e <unknown>\n#6 0x55d831c7f232 <unknown>\n#7 0x55d831c7fee1 <unknown>\n#8 0x55d8321873f9 <unknown>\n#9 0x55d83218a34d <unknown>\n#10 0x55d832170122 <unknown>\n#11 0x55d83218af2b <unknown>\n#12 0x55d832156c30 <unknown>\n#13 0x55d8321abd78 <unknown>\n#14 0x55d8321abf4c <unknown>\n#15 0x55d8321bd973 <unknown>\n#16 0x7f242949caa4 <unknown>\n#17 0x7f2429529c6c <unknown>\n\n","statusTrace":"  File \"/opt/hostedtoolcache/Python/3.12.12/x64/lib/python3.12/site-packages/allure_commons/_allure.py\", line 192, in impl\n    return func(*a, **kw)\n           ^^^^^^^^^^^^^^\n  File \"/home/runner/work/auto-tests-python/auto-tests-python/pages/speech_exercises_page_ru.py\", line 199, in click_button_exercises\n    button = self.element_is_present_and_clickable(self.locators.AuthorizedUserHomePageLocators.BUTTON_EXERCISES_RU)\n             ^^^^^^^^^^^^^^^^^^^^^^^^^^^^^^^^^^^^^^^^^^^^^^^^^^^^^^^^^^^^^^^^^^^^^^^^^^^^^^^^^^^^^^^^^^^^^^^^^^^^^^^\n  File \"/home/runner/work/auto-tests-python/auto-tests-python/pages/base_page.py\", line 40, in element_is_present_and_clickable\n    return (Wait(self.driver, self.timeout).until(\n            ^^^^^^^^^^^^^^^^^^^^^^^^^^^^^^^^^^^^^^\n  File \"/opt/hostedtoolcache/Python/3.12.12/x64/lib/python3.12/site-packages/selenium/webdriver/support/wait.py\", line 95, in until\n    raise TimeoutException(message, screen, stacktrace)\n","steps":[{"name":"Click button \"RU\".","time":{"start":1768397325802,"stop":1768397325880,"duration":78},"status":"passed","steps":[],"attachments":[],"parameters":[],"stepsCount":0,"shouldDisplayMessage":false,"attachmentsCount":0,"hasContent":false,"attachmentStep":false}],"attachments":[],"parameters":[],"stepsCount":1,"shouldDisplayMessage":true,"attachmentsCount":0,"hasContent":true,"attachmentStep":false}],"attachments":[],"parameters":[],"stepsCount":2,"shouldDisplayMessage":true,"attachmentsCount":0,"hasContent":true,"attachmentStep":false},"afterStages":[{"name":"driver::0","time":{"start":1768397336149,"stop":1768397336219,"duration":70},"status":"passed","steps":[],"attachments":[],"parameters":[],"stepsCount":0,"shouldDisplayMessage":false,"attachmentsCount":0,"hasContent":false,"attachmentStep":false}],"labels":[{"name":"suite","value":"Речевые упражнения."},{"name":"epic","value":"Speech exercises."},{"name":"tag","value":"@pytest.mark.xfail"},{"name":"parentSuite","value":"tests"},{"name":"subSuite","value":"TestCardsRU"},{"name":"host","value":"runnervmi13qx"},{"name":"thread","value":"2595-MainThread"},{"name":"framework","value":"pytest"},{"name":"language","value":"cpython3"},{"name":"package","value":"tests.test_speech_exercises_ru"},{"name":"resultFormat","value":"allure2"}],"parameters":[],"links":[],"hidden":false,"retry":false,"extra":{"severity":"normal","retries":[],"categories":[],"history":{"statistic":{"failed":0,"broken":0,"skipped":8,"passed":1,"unknown":0,"total":9},"items":[{"uid":"4393a8af65075b29","reportUrl":"https://Brain-up.github.io/auto-tests-python/801/#testresult/4393a8af65075b29","status":"skipped","statusDetails":"XFAIL\n\nselenium.common.exceptions.TimeoutException: Message: Can't find element by locator ('xpath', '//a[text()=\"Упражнения\"]')\nStacktrace:\n#0 0x564381ae861a <unknown>\n#1 0x56438156520b <unknown>\n#2 0x5643815b690f <unknown>\n#3 0x5643815b6b51 <unknown>\n#4 0x564381604d84 <unknown>\n#5 0x56438160220e <unknown>\n#6 0x5643815a9232 <unknown>\n#7 0x5643815a9ee1 <unknown>\n#8 0x564381ab13f9 <unknown>\n#9 0x564381ab434d <unknown>\n#10 0x564381a9a122 <unknown>\n#11 0x564381ab4f2b <unknown>\n#12 0x564381a80c30 <unknown>\n#13 0x564381ad5d78 <unknown>\n#14 0x564381ad5f4c <unknown>\n#15 0x564381ae7973 <unknown>\n#16 0x7f0c8fc9caa4 <unknown>\n#17 0x7f0c8fd29c6c <unknown>","time":{"start":1768298898459,"stop":1768298908765,"duration":10306}},{"uid":"c5e2b15b43f59426","reportUrl":"https://Brain-up.github.io/auto-tests-python/800/#testresult/c5e2b15b43f59426","status":"skipped","statusDetails":"XFAIL\n\nselenium.common.exceptions.TimeoutException: Message: Can't find element by locator ('xpath', '//a[text()=\"Упражнения\"]')\nStacktrace:\n#0 0x558fceddc61a <unknown>\n#1 0x558fce85920b <unknown>\n#2 0x558fce8aa90f <unknown>\n#3 0x558fce8aab51 <unknown>\n#4 0x558fce8f8d84 <unknown>\n#5 0x558fce8f620e <unknown>\n#6 0x558fce89d232 <unknown>\n#7 0x558fce89dee1 <unknown>\n#8 0x558fceda53f9 <unknown>\n#9 0x558fceda834d <unknown>\n#10 0x558fced8e122 <unknown>\n#11 0x558fceda8f2b <unknown>\n#12 0x558fced74c30 <unknown>\n#13 0x558fcedc9d78 <unknown>\n#14 0x558fcedc9f4c <unknown>\n#15 0x558fceddb973 <unknown>\n#16 0x7fce6ee9caa4 <unknown>\n#17 0x7fce6ef29c6c <unknown>","time":{"start":1768195704201,"stop":1768195714518,"duration":10317}},{"uid":"2cbb74fb034f1c66","reportUrl":"https://Brain-up.github.io/auto-tests-python/799/#testresult/2cbb74fb034f1c66","status":"skipped","statusDetails":"XFAIL\n\nselenium.common.exceptions.TimeoutException: Message: Can't find element by locator ('xpath', '//a[text()=\"Упражнения\"]')\nStacktrace:\n#0 0x56008e63861a <unknown>\n#1 0x56008e0b520b <unknown>\n#2 0x56008e10690f <unknown>\n#3 0x56008e106b51 <unknown>\n#4 0x56008e154d84 <unknown>\n#5 0x56008e15220e <unknown>\n#6 0x56008e0f9232 <unknown>\n#7 0x56008e0f9ee1 <unknown>\n#8 0x56008e6013f9 <unknown>\n#9 0x56008e60434d <unknown>\n#10 0x56008e5ea122 <unknown>\n#11 0x56008e604f2b <unknown>\n#12 0x56008e5d0c30 <unknown>\n#13 0x56008e625d78 <unknown>\n#14 0x56008e625f4c <unknown>\n#15 0x56008e637973 <unknown>\n#16 0x7fe803a9caa4 <unknown>\n#17 0x7fe803b29c6c <unknown>","time":{"start":1768045963369,"stop":1768045973705,"duration":10336}},{"uid":"d056ed478b5b7c20","reportUrl":"https://Brain-up.github.io/auto-tests-python/798/#testresult/d056ed478b5b7c20","status":"skipped","statusDetails":"XFAIL\n\nselenium.common.exceptions.TimeoutException: Message: Can't find element by locator ('xpath', '//a[text()=\"Упражнения\"]')\nStacktrace:\n#0 0x563e61b7361a <unknown>\n#1 0x563e615f020b <unknown>\n#2 0x563e6164190f <unknown>\n#3 0x563e61641b51 <unknown>\n#4 0x563e6168fd84 <unknown>\n#5 0x563e6168d20e <unknown>\n#6 0x563e61634232 <unknown>\n#7 0x563e61634ee1 <unknown>\n#8 0x563e61b3c3f9 <unknown>\n#9 0x563e61b3f34d <unknown>\n#10 0x563e61b25122 <unknown>\n#11 0x563e61b3ff2b <unknown>\n#12 0x563e61b0bc30 <unknown>\n#13 0x563e61b60d78 <unknown>\n#14 0x563e61b60f4c <unknown>\n#15 0x563e61b72973 <unknown>\n#16 0x7f4f7a49caa4 <unknown>\n#17 0x7f4f7a529c6c <unknown>","time":{"start":1767952656995,"stop":1767952667405,"duration":10410}},{"uid":"d3eae5aa5a2f49c0","reportUrl":"https://Brain-up.github.io/auto-tests-python/797/#testresult/d3eae5aa5a2f49c0","status":"skipped","statusDetails":"XFAIL\n\nselenium.common.exceptions.TimeoutException: Message: Can't find element by locator ('xpath', '//a[text()=\"Упражнения\"]')\nStacktrace:\n#0 0x5579a9c6d19a <unknown>\n#1 0x5579a96eac4b <unknown>\n#2 0x5579a973c318 <unknown>\n#3 0x5579a973c551 <unknown>\n#4 0x5579a978a764 <unknown>\n#5 0x5579a9787bee <unknown>\n#6 0x5579a972ec42 <unknown>\n#7 0x5579a972f8f1 <unknown>\n#8 0x5579a9c35f39 <unknown>\n#9 0x5579a9c38e7d <unknown>\n#10 0x5579a9c1ec81 <unknown>\n#11 0x5579a9c39a5b <unknown>\n#12 0x5579a9c05a50 <unknown>\n#13 0x5579a9c5aaa8 <unknown>\n#14 0x5579a9c5ac79 <unknown>\n#15 0x5579a9c6c4f3 <unknown>\n#16 0x7fc5efe9caa4 <unknown>\n#17 0x7fc5eff29c6c <unknown>","time":{"start":1767868138815,"stop":1767868149131,"duration":10316}},{"uid":"dc8589a894a992e5","reportUrl":"https://Brain-up.github.io/auto-tests-python/796/#testresult/dc8589a894a992e5","status":"passed","statusDetails":"XPASS","time":{"start":1767792845416,"stop":1767792881111,"duration":35695}},{"uid":"4fe596fa0c231e6","reportUrl":"https://Brain-up.github.io/auto-tests-python/795/#testresult/4fe596fa0c231e6","status":"skipped","statusDetails":"XFAIL\n\nselenium.common.exceptions.TimeoutException: Message: Can't find element by locator ('xpath', '//a[text()=\"Упражнения\"]')\nStacktrace:\n#0 0x55d35173519a <unknown>\n#1 0x55d3511b2c4b <unknown>\n#2 0x55d351204318 <unknown>\n#3 0x55d351204551 <unknown>\n#4 0x55d351252764 <unknown>\n#5 0x55d35124fbee <unknown>\n#6 0x55d3511f6c42 <unknown>\n#7 0x55d3511f78f1 <unknown>\n#8 0x55d3516fdf39 <unknown>\n#9 0x55d351700e7d <unknown>\n#10 0x55d3516e6c81 <unknown>\n#11 0x55d351701a5b <unknown>\n#12 0x55d3516cda50 <unknown>\n#13 0x55d351722aa8 <unknown>\n#14 0x55d351722c79 <unknown>\n#15 0x55d3517344f3 <unknown>\n#16 0x7f03fbe9caa4 <unknown>\n#17 0x7f03fbf29c6c <unknown>","time":{"start":1767707507219,"stop":1767707517561,"duration":10342}},{"uid":"987336057da8db40","reportUrl":"https://Brain-up.github.io/auto-tests-python/794/#testresult/987336057da8db40","status":"skipped","statusDetails":"XFAIL\n\nselenium.common.exceptions.TimeoutException: Message: Can't find element by locator ('xpath', '//a[text()=\"Упражнения\"]')\nStacktrace:\n#0 0x55e5e394319a <unknown>\n#1 0x55e5e33c0c4b <unknown>\n#2 0x55e5e3412318 <unknown>\n#3 0x55e5e3412551 <unknown>\n#4 0x55e5e3460764 <unknown>\n#5 0x55e5e345dbee <unknown>\n#6 0x55e5e3404c42 <unknown>\n#7 0x55e5e34058f1 <unknown>\n#8 0x55e5e390bf39 <unknown>\n#9 0x55e5e390ee7d <unknown>\n#10 0x55e5e38f4c81 <unknown>\n#11 0x55e5e390fa5b <unknown>\n#12 0x55e5e38dba50 <unknown>\n#13 0x55e5e3930aa8 <unknown>\n#14 0x55e5e3930c79 <unknown>\n#15 0x55e5e39424f3 <unknown>\n#16 0x7fedecc9caa4 <unknown>\n#17 0x7fedecd29c6c <unknown>","time":{"start":1767702650811,"stop":1767702661122,"duration":10311}}]},"tags":["@pytest.mark.xfail"]},"source":"a150e860e1cbd4d4.json","parameterValues":[]}