{"uid":"313bd48f235cec93","name":"Verify composition, visibility of elements on the 1st-6th levels of nesting in the Header\n            for an authorized user","fullName":"tests.header_test.TestAuHdPageStructure#test_hpa_01_02_verify_auth_header_structure_and_visibility","historyId":"0cb43d4a6901c0bdbad0468456521172","time":{"start":1764674288508,"stop":1764674288508,"duration":0},"status":"broken","statusMessage":"selenium.common.exceptions.TimeoutException: Message: Can't find element by locator https://www.brainup.site/groups","statusTrace":"self = <pages.base_page.BasePage object at 0x7f80edbd8200>\nurl = 'https://www.brainup.site/groups'\n\n    def check_expected_link(self, url):\n        with allure.step(f'Check url is present: {url}'):\n            try:\n>               return Wait(self.driver, self.timeout).until(\n                    EC.url_to_be(url), message=f\"Can't find element by locator {url}\")\n\npages/base_page.py:80: \n_ _ _ _ _ _ _ _ _ _ _ _ _ _ _ _ _ _ _ _ _ _ _ _ _ _ _ _ _ _ _ _ _ _ _ _ _ _ _ _ \n\nself = <selenium.webdriver.support.wait.WebDriverWait (session=\"d5788613f049638135748b07fcce5665\")>\nmethod = <function url_to_be.<locals>._predicate at 0x7f80edc99a80>\nmessage = \"Can't find element by locator https://www.brainup.site/groups\"\n\n    def until(self, method, message: str = \"\"):\n        \"\"\"Calls the method provided with the driver as an argument until the \\\n        return value does not evaluate to ``False``.\n    \n        :param method: callable(WebDriver)\n        :param message: optional message for :exc:`TimeoutException`\n        :returns: the result of the last call to `method`\n        :raises: :exc:`selenium.common.exceptions.TimeoutException` if timeout occurs\n        \"\"\"\n        screen = None\n        stacktrace = None\n    \n        end_time = time.monotonic() + self._timeout\n        while True:\n            try:\n                value = method(self._driver)\n                if value:\n                    return value\n            except self._ignored_exceptions as exc:\n                screen = getattr(exc, \"screen\", None)\n                stacktrace = getattr(exc, \"stacktrace\", None)\n            time.sleep(self._poll)\n            if time.monotonic() > end_time:\n                break\n>       raise TimeoutException(message, screen, stacktrace)\nE       selenium.common.exceptions.TimeoutException: Message: Can't find element by locator https://www.brainup.site/groups\n\n/opt/hostedtoolcache/Python/3.12.12/x64/lib/python3.12/site-packages/selenium/webdriver/support/wait.py:95: TimeoutException\n\nDuring handling of the above exception, another exception occurred:\n\ndriver = <selenium.webdriver.chrome.webdriver.WebDriver (session=\"d5788613f049638135748b07fcce5665\")>\nmain_page_open = None\n\n    @pytest.fixture()\n    @allure.step('Auto test user authorized')\n    def auto_test_user_authorized(driver, main_page_open):\n        page = BasePage(driver)\n        page.element_is_present_and_clickable(MainPageLocators.LOGIN_BUTTON).click()\n        page.element_is_visible(LoginPageLocators.INPUT_LOGIN).send_keys(os.environ[\"LOGIN\"])\n        page.element_is_visible(LoginPageLocators.INPUT_PASSWORD).send_keys(os.environ[\"PASSWORD\"])\n        page.element_is_present_and_clickable(LoginPageLocators.SIGN_IN_BUTTON).click()\n>       page.check_expected_link(MainPageLinks.URL_GROUPS_PAGE)\n\ntests/conftest.py:178: \n_ _ _ _ _ _ _ _ _ _ _ _ _ _ _ _ _ _ _ _ _ _ _ _ _ _ _ _ _ _ _ _ _ _ _ _ _ _ _ _ \npages/base_page.py:84: in check_expected_link\n    return Wait(self.driver, self.timeout).until(\n_ _ _ _ _ _ _ _ _ _ _ _ _ _ _ _ _ _ _ _ _ _ _ _ _ _ _ _ _ _ _ _ _ _ _ _ _ _ _ _ \n\nself = <selenium.webdriver.support.wait.WebDriverWait (session=\"d5788613f049638135748b07fcce5665\")>\nmethod = <function url_to_be.<locals>._predicate at 0x7f80edc99d00>\nmessage = \"Can't find element by locator https://www.brainup.site/groups\"\n\n    def until(self, method, message: str = \"\"):\n        \"\"\"Calls the method provided with the driver as an argument until the \\\n        return value does not evaluate to ``False``.\n    \n        :param method: callable(WebDriver)\n        :param message: optional message for :exc:`TimeoutException`\n        :returns: the result of the last call to `method`\n        :raises: :exc:`selenium.common.exceptions.TimeoutException` if timeout occurs\n        \"\"\"\n        screen = None\n        stacktrace = None\n    \n        end_time = time.monotonic() + self._timeout\n        while True:\n            try:\n                value = method(self._driver)\n                if value:\n                    return value\n            except self._ignored_exceptions as exc:\n                screen = getattr(exc, \"screen\", None)\n                stacktrace = getattr(exc, \"stacktrace\", None)\n            time.sleep(self._poll)\n            if time.monotonic() > end_time:\n                break\n>       raise TimeoutException(message, screen, stacktrace)\nE       selenium.common.exceptions.TimeoutException: Message: Can't find element by locator https://www.brainup.site/groups\n\n/opt/hostedtoolcache/Python/3.12.12/x64/lib/python3.12/site-packages/selenium/webdriver/support/wait.py:95: TimeoutException","flaky":false,"newFailed":false,"newBroken":true,"newPassed":false,"retriesCount":0,"retriesStatusChange":false,"beforeStages":[{"name":"clear_allure_results_folder","time":{"start":1764673561636,"stop":1764673561636,"duration":0},"status":"passed","steps":[],"attachments":[],"parameters":[],"stepsCount":0,"shouldDisplayMessage":false,"attachmentsCount":0,"hasContent":false,"attachmentStep":false},{"name":"driver","time":{"start":1764674288509,"stop":1764674289256,"duration":747},"status":"passed","steps":[],"attachments":[],"parameters":[],"stepsCount":0,"shouldDisplayMessage":false,"attachmentsCount":0,"hasContent":false,"attachmentStep":false},{"name":"main_page_open","time":{"start":1764674289256,"stop":1764674291733,"duration":2477},"status":"passed","steps":[{"name":"Open page: https://www.brainup.site/","time":{"start":1764674289256,"stop":1764674291733,"duration":2477},"status":"passed","steps":[],"attachments":[],"parameters":[{"name":"driver","value":"<selenium.webdriver.chrome.webdriver.WebDriver (session=\"d5788613f049638135748b07fcce5665\")>"}],"stepsCount":0,"shouldDisplayMessage":false,"attachmentsCount":0,"hasContent":true,"attachmentStep":false}],"attachments":[],"parameters":[],"stepsCount":1,"shouldDisplayMessage":false,"attachmentsCount":0,"hasContent":true,"attachmentStep":false},{"name":"auto_test_user_authorized","time":{"start":1764674291733,"stop":1764674312251,"duration":20518},"status":"broken","statusMessage":"selenium.common.exceptions.TimeoutException: Message: Can't find element by locator https://www.brainup.site/groups\n\n","statusTrace":"  File \"/opt/hostedtoolcache/Python/3.12.12/x64/lib/python3.12/site-packages/pluggy/_callers.py\", line 38, in run_old_style_hookwrapper\n    res = yield\n          ^^^^^\n  File \"/opt/hostedtoolcache/Python/3.12.12/x64/lib/python3.12/site-packages/pluggy/_callers.py\", line 139, in _multicall\n    teardown.throw(exception)\n  File \"/opt/hostedtoolcache/Python/3.12.12/x64/lib/python3.12/site-packages/pluggy/_callers.py\", line 53, in run_old_style_hookwrapper\n    return result.get_result()\n           ^^^^^^^^^^^^^^^^^^^\n  File \"/opt/hostedtoolcache/Python/3.12.12/x64/lib/python3.12/site-packages/pluggy/_result.py\", line 103, in get_result\n    raise exc.with_traceback(tb)\n  File \"/opt/hostedtoolcache/Python/3.12.12/x64/lib/python3.12/site-packages/pluggy/_callers.py\", line 38, in run_old_style_hookwrapper\n    res = yield\n          ^^^^^\n  File \"/opt/hostedtoolcache/Python/3.12.12/x64/lib/python3.12/site-packages/pluggy/_callers.py\", line 121, in _multicall\n    res = hook_impl.function(*args)\n          ^^^^^^^^^^^^^^^^^^^^^^^^^\n  File \"/opt/hostedtoolcache/Python/3.12.12/x64/lib/python3.12/site-packages/_pytest/fixtures.py\", line 1123, in pytest_fixture_setup\n    result = call_fixture_func(fixturefunc, request, kwargs)\n             ^^^^^^^^^^^^^^^^^^^^^^^^^^^^^^^^^^^^^^^^^^^^^^^\n  File \"/opt/hostedtoolcache/Python/3.12.12/x64/lib/python3.12/site-packages/_pytest/fixtures.py\", line 902, in call_fixture_func\n    fixture_result = fixturefunc(**kwargs)\n                     ^^^^^^^^^^^^^^^^^^^^^\n  File \"/opt/hostedtoolcache/Python/3.12.12/x64/lib/python3.12/site-packages/allure_commons/_allure.py\", line 192, in impl\n    return func(*a, **kw)\n           ^^^^^^^^^^^^^^\n  File \"/home/runner/work/auto-tests-python/auto-tests-python/tests/conftest.py\", line 178, in auto_test_user_authorized\n    page.check_expected_link(MainPageLinks.URL_GROUPS_PAGE)\n  File \"/home/runner/work/auto-tests-python/auto-tests-python/pages/base_page.py\", line 84, in check_expected_link\n    return Wait(self.driver, self.timeout).until(\n           ^^^^^^^^^^^^^^^^^^^^^^^^^^^^^^^^^^^^^^\n  File \"/opt/hostedtoolcache/Python/3.12.12/x64/lib/python3.12/site-packages/selenium/webdriver/support/wait.py\", line 95, in until\n    raise TimeoutException(message, screen, stacktrace)\n","steps":[{"name":"Auto test user authorized","time":{"start":1764674291733,"stop":1764674312251,"duration":20518},"status":"broken","statusMessage":"selenium.common.exceptions.TimeoutException: Message: Can't find element by locator https://www.brainup.site/groups\n\n","statusTrace":"  File \"/opt/hostedtoolcache/Python/3.12.12/x64/lib/python3.12/site-packages/allure_commons/_allure.py\", line 192, in impl\n    return func(*a, **kw)\n           ^^^^^^^^^^^^^^\n  File \"/home/runner/work/auto-tests-python/auto-tests-python/tests/conftest.py\", line 178, in auto_test_user_authorized\n    page.check_expected_link(MainPageLinks.URL_GROUPS_PAGE)\n  File \"/home/runner/work/auto-tests-python/auto-tests-python/pages/base_page.py\", line 84, in check_expected_link\n    return Wait(self.driver, self.timeout).until(\n           ^^^^^^^^^^^^^^^^^^^^^^^^^^^^^^^^^^^^^^\n  File \"/opt/hostedtoolcache/Python/3.12.12/x64/lib/python3.12/site-packages/selenium/webdriver/support/wait.py\", line 95, in until\n    raise TimeoutException(message, screen, stacktrace)\n","steps":[{"name":"Check url is present: https://www.brainup.site/groups","time":{"start":1764674292114,"stop":1764674312250,"duration":20136},"status":"broken","statusMessage":"selenium.common.exceptions.TimeoutException: Message: Can't find element by locator https://www.brainup.site/groups\n\n","statusTrace":"  File \"/home/runner/work/auto-tests-python/auto-tests-python/pages/base_page.py\", line 84, in check_expected_link\n    return Wait(self.driver, self.timeout).until(\n           ^^^^^^^^^^^^^^^^^^^^^^^^^^^^^^^^^^^^^^\n  File \"/opt/hostedtoolcache/Python/3.12.12/x64/lib/python3.12/site-packages/selenium/webdriver/support/wait.py\", line 95, in until\n    raise TimeoutException(message, screen, stacktrace)\n","steps":[],"attachments":[],"parameters":[],"stepsCount":0,"shouldDisplayMessage":true,"attachmentsCount":0,"hasContent":true,"attachmentStep":false}],"attachments":[],"parameters":[{"name":"driver","value":"<selenium.webdriver.chrome.webdriver.WebDriver (session=\"d5788613f049638135748b07fcce5665\")>"},{"name":"main_page_open","value":"None"}],"stepsCount":1,"shouldDisplayMessage":false,"attachmentsCount":0,"hasContent":true,"attachmentStep":false}],"attachments":[],"parameters":[],"stepsCount":2,"shouldDisplayMessage":false,"attachmentsCount":0,"hasContent":true,"attachmentStep":false}],"afterStages":[{"name":"driver::0","time":{"start":1764674312296,"stop":1764674312362,"duration":66},"status":"passed","steps":[],"attachments":[],"parameters":[],"stepsCount":0,"shouldDisplayMessage":false,"attachmentsCount":0,"hasContent":false,"attachmentStep":false}],"labels":[{"name":"epic","value":"Test Header"},{"name":"parentSuite","value":"tests"},{"name":"suite","value":"header_test"},{"name":"subSuite","value":"TestHeaderPage"},{"name":"host","value":"runnervmg1sw1"},{"name":"thread","value":"2588-MainThread"},{"name":"framework","value":"pytest"},{"name":"language","value":"cpython3"},{"name":"package","value":"tests.header_test"},{"name":"resultFormat","value":"allure2"}],"parameters":[],"links":[],"hidden":false,"retry":false,"extra":{"severity":"normal","retries":[],"categories":[{"name":"Test defects","matchedStatuses":[],"flaky":false}],"history":{"statistic":{"failed":0,"broken":1,"skipped":0,"passed":30,"unknown":0,"total":31},"items":[{"uid":"185300c8246c80be","reportUrl":"https://Brain-up.github.io/auto-tests-python/764/#testresult/185300c8246c80be","status":"passed","time":{"start":1764588088725,"stop":1764588089059,"duration":334}},{"uid":"ecb0b8712e51e612","reportUrl":"https://Brain-up.github.io/auto-tests-python/763/#testresult/ecb0b8712e51e612","status":"passed","time":{"start":1764489822285,"stop":1764489822590,"duration":305}},{"uid":"3c215774f2a76c46","reportUrl":"https://Brain-up.github.io/auto-tests-python/762/#testresult/3c215774f2a76c46","status":"passed","time":{"start":1764422493406,"stop":1764422493762,"duration":356}},{"uid":"6799f6181c9a87cd","reportUrl":"https://Brain-up.github.io/auto-tests-python/761/#testresult/6799f6181c9a87cd","status":"passed","time":{"start":1764328971797,"stop":1764328972118,"duration":321}},{"uid":"1f6be04ce44c5a8","reportUrl":"https://Brain-up.github.io/auto-tests-python/760/#testresult/1f6be04ce44c5a8","status":"passed","time":{"start":1764257799013,"stop":1764257799315,"duration":302}},{"uid":"be219e2c320bb0d1","reportUrl":"https://Brain-up.github.io/auto-tests-python/759/#testresult/be219e2c320bb0d1","status":"passed","time":{"start":1764069330044,"stop":1764069330345,"duration":301}},{"uid":"269d67a17c17398c","reportUrl":"https://Brain-up.github.io/auto-tests-python/758/#testresult/269d67a17c17398c","status":"passed","time":{"start":1764011249880,"stop":1764011250180,"duration":300}},{"uid":"53fafcb7696abd4c","reportUrl":"https://Brain-up.github.io/auto-tests-python/757/#testresult/53fafcb7696abd4c","status":"passed","time":{"start":1763903743187,"stop":1763903743478,"duration":291}},{"uid":"a48a151fadf769ae","reportUrl":"https://Brain-up.github.io/auto-tests-python/756/#testresult/a48a151fadf769ae","status":"passed","time":{"start":1763825669645,"stop":1763825669974,"duration":329}},{"uid":"56309a54572412e0","reportUrl":"https://Brain-up.github.io/auto-tests-python/755/#testresult/56309a54572412e0","status":"passed","time":{"start":1763700244917,"stop":1763700245286,"duration":369}},{"uid":"81a0dce1cb78c483","reportUrl":"https://Brain-up.github.io/auto-tests-python/754/#testresult/81a0dce1cb78c483","status":"passed","time":{"start":1763643682238,"stop":1763643682544,"duration":306}},{"uid":"c9b3524e93e8a5ad","reportUrl":"https://Brain-up.github.io/auto-tests-python/753/#testresult/c9b3524e93e8a5ad","status":"passed","time":{"start":1763552966056,"stop":1763552966364,"duration":308}},{"uid":"146b910f03ef4905","reportUrl":"https://Brain-up.github.io/auto-tests-python/752/#testresult/146b910f03ef4905","status":"passed","time":{"start":1763463513658,"stop":1763463513963,"duration":305}},{"uid":"6a9967b54725040f","reportUrl":"https://Brain-up.github.io/auto-tests-python/751/#testresult/6a9967b54725040f","status":"passed","time":{"start":1763379432607,"stop":1763379432904,"duration":297}},{"uid":"76b10747b9e7763e","reportUrl":"https://Brain-up.github.io/auto-tests-python/750/#testresult/76b10747b9e7763e","status":"passed","time":{"start":1763295750106,"stop":1763295750404,"duration":298}},{"uid":"87296182d99d3399","reportUrl":"https://Brain-up.github.io/auto-tests-python/749/#testresult/87296182d99d3399","status":"passed","time":{"start":1763199305469,"stop":1763199305767,"duration":298}},{"uid":"8db9b916b78c4c1","reportUrl":"https://Brain-up.github.io/auto-tests-python/748/#testresult/8db9b916b78c4c1","status":"passed","time":{"start":1763120651748,"stop":1763120652059,"duration":311}},{"uid":"1e64c6774f310ce3","reportUrl":"https://Brain-up.github.io/auto-tests-python/747/#testresult/1e64c6774f310ce3","status":"passed","time":{"start":1763038925747,"stop":1763038926044,"duration":297}},{"uid":"892343f67ced29ce","reportUrl":"https://Brain-up.github.io/auto-tests-python/746/#testresult/892343f67ced29ce","status":"passed","time":{"start":1762955853325,"stop":1762955853635,"duration":310}},{"uid":"83b1daa32b7aad26","reportUrl":"https://Brain-up.github.io/auto-tests-python/745/#testresult/83b1daa32b7aad26","status":"passed","time":{"start":1762851549086,"stop":1762851549419,"duration":333}}]},"tags":[]},"source":"313bd48f235cec93.json","parameterValues":[]}