{"uid":"b32b496def8d326b","name":"Check statistic table.","fullName":"tests.test_speech_exercises_ru.TestCardsRU#test_get_statistic_data","historyId":"15df626f86a935fbcd917f7ea4002a26","time":{"start":1763039529420,"stop":1763039539698,"duration":10278},"status":"skipped","statusMessage":"XFAIL\n\nselenium.common.exceptions.TimeoutException: Message: Can't find element by locator ('xpath', '//div[@class=\"__51e19\"]')\nStacktrace:\n#0 0x55e785601aea <unknown>\n#1 0x55e78504dcdb <unknown>\n#2 0x55e7850a06c4 <unknown>\n#3 0x55e7850a0901 <unknown>\n#4 0x55e7850ef8b4 <unknown>\n#5 0x55e7850ecc87 <unknown>\n#6 0x55e785092aca <unknown>\n#7 0x55e7850937d1 <unknown>\n#8 0x55e7855c8ab9 <unknown>\n#9 0x55e7855cba8c <unknown>\n#10 0x55e7855b1d49 <unknown>\n#11 0x55e7855cc685 <unknown>\n#12 0x55e7855996c3 <unknown>\n#13 0x55e7855ee7d8 <unknown>\n#14 0x55e7855ee9b3 <unknown>\n#15 0x55e785600a83 <unknown>\n#16 0x7f4af9e9caa4 <unknown>\n#17 0x7f4af9f29c6c <unknown>","statusTrace":"self = <tests.test_speech_exercises_ru.TestCardsRU object at 0x7f4799166c90>\ndriver = <selenium.webdriver.chrome.webdriver.WebDriver (session=\"e21cf1a9f26eaecf19821b4f5cdbd0bc\")>\ndefault_user_authorized = None\n\n    @pytest.mark.xfail\n    @allure.suite('Statistic.')\n    @allure.title('Check statistic table.')\n    def test_get_statistic_data(self, driver, default_user_authorized):\n        page = SpeechExercisesPageRU(driver)\n>       table = page.get_statistic_data()\n\ntests/test_speech_exercises_ru.py:192: \n_ _ _ _ _ _ _ _ _ _ _ _ _ _ _ _ _ _ _ _ _ _ _ _ _ _ _ _ _ _ _ _ _ _ _ _ _ _ _ _ \npages/speech_exercises_page_ru.py:174: in get_statistic_data\n    table = self.element_is_present(self.locators.AuthorizedUserHomePageLocators.STATISTIC_TABLE)\npages/base_page.py:32: in element_is_present\n    return Wait(self.driver, self.timeout).until(\n_ _ _ _ _ _ _ _ _ _ _ _ _ _ _ _ _ _ _ _ _ _ _ _ _ _ _ _ _ _ _ _ _ _ _ _ _ _ _ _ \n\nself = <selenium.webdriver.support.wait.WebDriverWait (session=\"e21cf1a9f26eaecf19821b4f5cdbd0bc\")>\nmethod = <function presence_of_element_located.<locals>._predicate at 0x7f47990a4a40>\nmessage = 'Can\\'t find element by locator (\\'xpath\\', \\'//div[@class=\"__51e19\"]\\')'\n\n    def until(self, method, message: str = \"\"):\n        \"\"\"Calls the method provided with the driver as an argument until the \\\n        return value does not evaluate to ``False``.\n    \n        :param method: callable(WebDriver)\n        :param message: optional message for :exc:`TimeoutException`\n        :returns: the result of the last call to `method`\n        :raises: :exc:`selenium.common.exceptions.TimeoutException` if timeout occurs\n        \"\"\"\n        screen = None\n        stacktrace = None\n    \n        end_time = time.monotonic() + self._timeout\n        while True:\n            try:\n                value = method(self._driver)\n                if value:\n                    return value\n            except self._ignored_exceptions as exc:\n                screen = getattr(exc, \"screen\", None)\n                stacktrace = getattr(exc, \"stacktrace\", None)\n            time.sleep(self._poll)\n            if time.monotonic() > end_time:\n                break\n>       raise TimeoutException(message, screen, stacktrace)\nE       selenium.common.exceptions.TimeoutException: Message: Can't find element by locator ('xpath', '//div[@class=\"__51e19\"]')\nE       Stacktrace:\nE       #0 0x55e785601aea <unknown>\nE       #1 0x55e78504dcdb <unknown>\nE       #2 0x55e7850a06c4 <unknown>\nE       #3 0x55e7850a0901 <unknown>\nE       #4 0x55e7850ef8b4 <unknown>\nE       #5 0x55e7850ecc87 <unknown>\nE       #6 0x55e785092aca <unknown>\nE       #7 0x55e7850937d1 <unknown>\nE       #8 0x55e7855c8ab9 <unknown>\nE       #9 0x55e7855cba8c <unknown>\nE       #10 0x55e7855b1d49 <unknown>\nE       #11 0x55e7855cc685 <unknown>\nE       #12 0x55e7855996c3 <unknown>\nE       #13 0x55e7855ee7d8 <unknown>\nE       #14 0x55e7855ee9b3 <unknown>\nE       #15 0x55e785600a83 <unknown>\nE       #16 0x7f4af9e9caa4 <unknown>\nE       #17 0x7f4af9f29c6c <unknown>\n\n/opt/hostedtoolcache/Python/3.12.12/x64/lib/python3.12/site-packages/selenium/webdriver/support/wait.py:95: TimeoutException","flaky":false,"newFailed":false,"newBroken":false,"newPassed":false,"retriesCount":0,"retriesStatusChange":false,"beforeStages":[{"name":"clear_allure_results_folder","time":{"start":1763038034608,"stop":1763038034608,"duration":0},"status":"passed","steps":[],"attachments":[],"parameters":[],"stepsCount":0,"shouldDisplayMessage":false,"attachmentsCount":0,"hasContent":false,"attachmentStep":false},{"name":"driver","time":{"start":1763039522230,"stop":1763039522985,"duration":755},"status":"passed","steps":[],"attachments":[],"parameters":[],"stepsCount":0,"shouldDisplayMessage":false,"attachmentsCount":0,"hasContent":false,"attachmentStep":false},{"name":"main_page_open","time":{"start":1763039522985,"stop":1763039526509,"duration":3524},"status":"passed","steps":[{"name":"Open page: https://www.brainup.site/","time":{"start":1763039522985,"stop":1763039526509,"duration":3524},"status":"passed","steps":[],"attachments":[],"parameters":[{"name":"driver","value":"<selenium.webdriver.chrome.webdriver.WebDriver (session=\"e21cf1a9f26eaecf19821b4f5cdbd0bc\")>"}],"stepsCount":0,"shouldDisplayMessage":false,"attachmentsCount":0,"hasContent":true,"attachmentStep":false}],"attachments":[],"parameters":[],"stepsCount":1,"shouldDisplayMessage":false,"attachmentsCount":0,"hasContent":true,"attachmentStep":false},{"name":"default_user_authorized","time":{"start":1763039526509,"stop":1763039529419,"duration":2910},"status":"passed","steps":[{"name":"DEFAULT user authorized","time":{"start":1763039526510,"stop":1763039529419,"duration":2909},"status":"passed","steps":[{"name":"Check url is present: https://www.brainup.site/groups","time":{"start":1763039526875,"stop":1763039529397,"duration":2522},"status":"passed","steps":[],"attachments":[],"parameters":[],"stepsCount":0,"shouldDisplayMessage":false,"attachmentsCount":0,"hasContent":false,"attachmentStep":false},{"name":"Loader checking","time":{"start":1763039529397,"stop":1763039529419,"duration":22},"status":"passed","steps":[],"attachments":[],"parameters":[],"stepsCount":0,"shouldDisplayMessage":false,"attachmentsCount":0,"hasContent":false,"attachmentStep":false}],"attachments":[],"parameters":[{"name":"driver","value":"<selenium.webdriver.chrome.webdriver.WebDriver (session=\"e21cf1a9f26eaecf19821b4f5cdbd0bc\")>"},{"name":"main_page_open","value":"None"}],"stepsCount":2,"shouldDisplayMessage":false,"attachmentsCount":0,"hasContent":true,"attachmentStep":false}],"attachments":[],"parameters":[],"stepsCount":3,"shouldDisplayMessage":false,"attachmentsCount":0,"hasContent":true,"attachmentStep":false}],"testStage":{"status":"skipped","statusMessage":"XFAIL\n\nselenium.common.exceptions.TimeoutException: Message: Can't find element by locator ('xpath', '//div[@class=\"__51e19\"]')\nStacktrace:\n#0 0x55e785601aea <unknown>\n#1 0x55e78504dcdb <unknown>\n#2 0x55e7850a06c4 <unknown>\n#3 0x55e7850a0901 <unknown>\n#4 0x55e7850ef8b4 <unknown>\n#5 0x55e7850ecc87 <unknown>\n#6 0x55e785092aca <unknown>\n#7 0x55e7850937d1 <unknown>\n#8 0x55e7855c8ab9 <unknown>\n#9 0x55e7855cba8c <unknown>\n#10 0x55e7855b1d49 <unknown>\n#11 0x55e7855cc685 <unknown>\n#12 0x55e7855996c3 <unknown>\n#13 0x55e7855ee7d8 <unknown>\n#14 0x55e7855ee9b3 <unknown>\n#15 0x55e785600a83 <unknown>\n#16 0x7f4af9e9caa4 <unknown>\n#17 0x7f4af9f29c6c <unknown>","statusTrace":"self = <tests.test_speech_exercises_ru.TestCardsRU object at 0x7f4799166c90>\ndriver = <selenium.webdriver.chrome.webdriver.WebDriver (session=\"e21cf1a9f26eaecf19821b4f5cdbd0bc\")>\ndefault_user_authorized = None\n\n    @pytest.mark.xfail\n    @allure.suite('Statistic.')\n    @allure.title('Check statistic table.')\n    def test_get_statistic_data(self, driver, default_user_authorized):\n        page = SpeechExercisesPageRU(driver)\n>       table = page.get_statistic_data()\n\ntests/test_speech_exercises_ru.py:192: \n_ _ _ _ _ _ _ _ _ _ _ _ _ _ _ _ _ _ _ _ _ _ _ _ _ _ _ _ _ _ _ _ _ _ _ _ _ _ _ _ \npages/speech_exercises_page_ru.py:174: in get_statistic_data\n    table = self.element_is_present(self.locators.AuthorizedUserHomePageLocators.STATISTIC_TABLE)\npages/base_page.py:32: in element_is_present\n    return Wait(self.driver, self.timeout).until(\n_ _ _ _ _ _ _ _ _ _ _ _ _ _ _ _ _ _ _ _ _ _ _ _ _ _ _ _ _ _ _ _ _ _ _ _ _ _ _ _ \n\nself = <selenium.webdriver.support.wait.WebDriverWait (session=\"e21cf1a9f26eaecf19821b4f5cdbd0bc\")>\nmethod = <function presence_of_element_located.<locals>._predicate at 0x7f47990a4a40>\nmessage = 'Can\\'t find element by locator (\\'xpath\\', \\'//div[@class=\"__51e19\"]\\')'\n\n    def until(self, method, message: str = \"\"):\n        \"\"\"Calls the method provided with the driver as an argument until the \\\n        return value does not evaluate to ``False``.\n    \n        :param method: callable(WebDriver)\n        :param message: optional message for :exc:`TimeoutException`\n        :returns: the result of the last call to `method`\n        :raises: :exc:`selenium.common.exceptions.TimeoutException` if timeout occurs\n        \"\"\"\n        screen = None\n        stacktrace = None\n    \n        end_time = time.monotonic() + self._timeout\n        while True:\n            try:\n                value = method(self._driver)\n                if value:\n                    return value\n            except self._ignored_exceptions as exc:\n                screen = getattr(exc, \"screen\", None)\n                stacktrace = getattr(exc, \"stacktrace\", None)\n            time.sleep(self._poll)\n            if time.monotonic() > end_time:\n                break\n>       raise TimeoutException(message, screen, stacktrace)\nE       selenium.common.exceptions.TimeoutException: Message: Can't find element by locator ('xpath', '//div[@class=\"__51e19\"]')\nE       Stacktrace:\nE       #0 0x55e785601aea <unknown>\nE       #1 0x55e78504dcdb <unknown>\nE       #2 0x55e7850a06c4 <unknown>\nE       #3 0x55e7850a0901 <unknown>\nE       #4 0x55e7850ef8b4 <unknown>\nE       #5 0x55e7850ecc87 <unknown>\nE       #6 0x55e785092aca <unknown>\nE       #7 0x55e7850937d1 <unknown>\nE       #8 0x55e7855c8ab9 <unknown>\nE       #9 0x55e7855cba8c <unknown>\nE       #10 0x55e7855b1d49 <unknown>\nE       #11 0x55e7855cc685 <unknown>\nE       #12 0x55e7855996c3 <unknown>\nE       #13 0x55e7855ee7d8 <unknown>\nE       #14 0x55e7855ee9b3 <unknown>\nE       #15 0x55e785600a83 <unknown>\nE       #16 0x7f4af9e9caa4 <unknown>\nE       #17 0x7f4af9f29c6c <unknown>\n\n/opt/hostedtoolcache/Python/3.12.12/x64/lib/python3.12/site-packages/selenium/webdriver/support/wait.py:95: TimeoutException","steps":[{"name":"get_statistic_data","time":{"start":1763039529420,"stop":1763039539697,"duration":10277},"status":"broken","statusMessage":"selenium.common.exceptions.TimeoutException: Message: Can't find element by locator ('xpath', '//div[@class=\"__51e19\"]')\nStacktrace:\n#0 0x55e785601aea <unknown>\n#1 0x55e78504dcdb <unknown>\n#2 0x55e7850a06c4 <unknown>\n#3 0x55e7850a0901 <unknown>\n#4 0x55e7850ef8b4 <unknown>\n#5 0x55e7850ecc87 <unknown>\n#6 0x55e785092aca <unknown>\n#7 0x55e7850937d1 <unknown>\n#8 0x55e7855c8ab9 <unknown>\n#9 0x55e7855cba8c <unknown>\n#10 0x55e7855b1d49 <unknown>\n#11 0x55e7855cc685 <unknown>\n#12 0x55e7855996c3 <unknown>\n#13 0x55e7855ee7d8 <unknown>\n#14 0x55e7855ee9b3 <unknown>\n#15 0x55e785600a83 <unknown>\n#16 0x7f4af9e9caa4 <unknown>\n#17 0x7f4af9f29c6c <unknown>\n\n","statusTrace":"  File \"/opt/hostedtoolcache/Python/3.12.12/x64/lib/python3.12/site-packages/allure_commons/_allure.py\", line 192, in impl\n    return func(*a, **kw)\n           ^^^^^^^^^^^^^^\n  File \"/home/runner/work/auto-tests-python/auto-tests-python/pages/speech_exercises_page_ru.py\", line 174, in get_statistic_data\n    table = self.element_is_present(self.locators.AuthorizedUserHomePageLocators.STATISTIC_TABLE)\n            ^^^^^^^^^^^^^^^^^^^^^^^^^^^^^^^^^^^^^^^^^^^^^^^^^^^^^^^^^^^^^^^^^^^^^^^^^^^^^^^^^^^^^\n  File \"/home/runner/work/auto-tests-python/auto-tests-python/pages/base_page.py\", line 32, in element_is_present\n    return Wait(self.driver, self.timeout).until(\n           ^^^^^^^^^^^^^^^^^^^^^^^^^^^^^^^^^^^^^^\n  File \"/opt/hostedtoolcache/Python/3.12.12/x64/lib/python3.12/site-packages/selenium/webdriver/support/wait.py\", line 95, in until\n    raise TimeoutException(message, screen, stacktrace)\n","steps":[{"name":"Click button \"Статистика\"\".","time":{"start":1763039529420,"stop":1763039529488,"duration":68},"status":"passed","steps":[],"attachments":[],"parameters":[],"stepsCount":0,"shouldDisplayMessage":false,"attachmentsCount":0,"hasContent":false,"attachmentStep":false},{"name":"Check statistic table is present and scroll to table","time":{"start":1763039529488,"stop":1763039539697,"duration":10209},"status":"broken","statusMessage":"selenium.common.exceptions.TimeoutException: Message: Can't find element by locator ('xpath', '//div[@class=\"__51e19\"]')\nStacktrace:\n#0 0x55e785601aea <unknown>\n#1 0x55e78504dcdb <unknown>\n#2 0x55e7850a06c4 <unknown>\n#3 0x55e7850a0901 <unknown>\n#4 0x55e7850ef8b4 <unknown>\n#5 0x55e7850ecc87 <unknown>\n#6 0x55e785092aca <unknown>\n#7 0x55e7850937d1 <unknown>\n#8 0x55e7855c8ab9 <unknown>\n#9 0x55e7855cba8c <unknown>\n#10 0x55e7855b1d49 <unknown>\n#11 0x55e7855cc685 <unknown>\n#12 0x55e7855996c3 <unknown>\n#13 0x55e7855ee7d8 <unknown>\n#14 0x55e7855ee9b3 <unknown>\n#15 0x55e785600a83 <unknown>\n#16 0x7f4af9e9caa4 <unknown>\n#17 0x7f4af9f29c6c <unknown>\n\n","statusTrace":"  File \"/home/runner/work/auto-tests-python/auto-tests-python/pages/speech_exercises_page_ru.py\", line 174, in get_statistic_data\n    table = self.element_is_present(self.locators.AuthorizedUserHomePageLocators.STATISTIC_TABLE)\n            ^^^^^^^^^^^^^^^^^^^^^^^^^^^^^^^^^^^^^^^^^^^^^^^^^^^^^^^^^^^^^^^^^^^^^^^^^^^^^^^^^^^^^\n  File \"/home/runner/work/auto-tests-python/auto-tests-python/pages/base_page.py\", line 32, in element_is_present\n    return Wait(self.driver, self.timeout).until(\n           ^^^^^^^^^^^^^^^^^^^^^^^^^^^^^^^^^^^^^^\n  File \"/opt/hostedtoolcache/Python/3.12.12/x64/lib/python3.12/site-packages/selenium/webdriver/support/wait.py\", line 95, in until\n    raise TimeoutException(message, screen, stacktrace)\n","steps":[],"attachments":[],"parameters":[],"stepsCount":0,"shouldDisplayMessage":true,"attachmentsCount":0,"hasContent":true,"attachmentStep":false}],"attachments":[],"parameters":[],"stepsCount":2,"shouldDisplayMessage":false,"attachmentsCount":0,"hasContent":true,"attachmentStep":false}],"attachments":[],"parameters":[],"stepsCount":3,"shouldDisplayMessage":true,"attachmentsCount":0,"hasContent":true,"attachmentStep":false},"afterStages":[{"name":"driver::0","time":{"start":1763039539712,"stop":1763039539779,"duration":67},"status":"passed","steps":[],"attachments":[],"parameters":[],"stepsCount":0,"shouldDisplayMessage":false,"attachmentsCount":0,"hasContent":false,"attachmentStep":false}],"labels":[{"name":"epic","value":"Speech exercises."},{"name":"suite","value":"Statistic."},{"name":"tag","value":"@pytest.mark.xfail"},{"name":"parentSuite","value":"tests"},{"name":"subSuite","value":"TestCardsRU"},{"name":"host","value":"runnervmw9dnm"},{"name":"thread","value":"2571-MainThread"},{"name":"framework","value":"pytest"},{"name":"language","value":"cpython3"},{"name":"package","value":"tests.test_speech_exercises_ru"},{"name":"resultFormat","value":"allure2"}],"parameters":[],"links":[],"hidden":false,"retry":false,"extra":{"severity":"normal","retries":[],"categories":[],"history":{"statistic":{"failed":0,"broken":0,"skipped":12,"passed":1,"unknown":0,"total":13},"items":[{"uid":"2c1b66a61b9732eb","reportUrl":"https://Brain-up.github.io/auto-tests-python/746/#testresult/2c1b66a61b9732eb","status":"skipped","statusDetails":"XFAIL\n\nselenium.common.exceptions.TimeoutException: Message: Can't find element by locator ('xpath', '//div[@class=\"__51e19\"]')\nStacktrace:\n#0 0x55d3b13ebaea <unknown>\n#1 0x55d3b0e37cdb <unknown>\n#2 0x55d3b0e8a6c4 <unknown>\n#3 0x55d3b0e8a901 <unknown>\n#4 0x55d3b0ed98b4 <unknown>\n#5 0x55d3b0ed6c87 <unknown>\n#6 0x55d3b0e7caca <unknown>\n#7 0x55d3b0e7d7d1 <unknown>\n#8 0x55d3b13b2ab9 <unknown>\n#9 0x55d3b13b5a8c <unknown>\n#10 0x55d3b139bd49 <unknown>\n#11 0x55d3b13b6685 <unknown>\n#12 0x55d3b13836c3 <unknown>\n#13 0x55d3b13d87d8 <unknown>\n#14 0x55d3b13d89b3 <unknown>\n#15 0x55d3b13eaa83 <unknown>\n#16 0x7fe47f49caa4 <unknown>\n#17 0x7fe47f529c6c <unknown>","time":{"start":1762956387507,"stop":1762956397774,"duration":10267}},{"uid":"11a420b1bf2edb3c","reportUrl":"https://Brain-up.github.io/auto-tests-python/745/#testresult/11a420b1bf2edb3c","status":"skipped","statusDetails":"XFAIL\n\nselenium.common.exceptions.TimeoutException: Message: Can't find element by locator ('xpath', '//div[@class=\"__51e19\"]')\nStacktrace:\n#0 0x5590d2b3caea <unknown>\n#1 0x5590d2588cdb <unknown>\n#2 0x5590d25db6c4 <unknown>\n#3 0x5590d25db901 <unknown>\n#4 0x5590d262a8b4 <unknown>\n#5 0x5590d2627c87 <unknown>\n#6 0x5590d25cdaca <unknown>\n#7 0x5590d25ce7d1 <unknown>\n#8 0x5590d2b03ab9 <unknown>\n#9 0x5590d2b06a8c <unknown>\n#10 0x5590d2aecd49 <unknown>\n#11 0x5590d2b07685 <unknown>\n#12 0x5590d2ad46c3 <unknown>\n#13 0x5590d2b297d8 <unknown>\n#14 0x5590d2b299b3 <unknown>\n#15 0x5590d2b3ba83 <unknown>\n#16 0x7ff7c929caa4 <unknown>\n#17 0x7ff7c9329c6c <unknown>","time":{"start":1762852107019,"stop":1762852117313,"duration":10294}},{"uid":"49be84443d0018db","reportUrl":"https://Brain-up.github.io/auto-tests-python/744/#testresult/49be84443d0018db","status":"skipped","statusDetails":"XFAIL\n\nselenium.common.exceptions.TimeoutException: Message: Can't find element by locator ('xpath', '//div[@class=\"__51e19\"]')\nStacktrace:\n#0 0x55fe6a36caea <unknown>\n#1 0x55fe69db8cdb <unknown>\n#2 0x55fe69e0b6c4 <unknown>\n#3 0x55fe69e0b901 <unknown>\n#4 0x55fe69e5a8b4 <unknown>\n#5 0x55fe69e57c87 <unknown>\n#6 0x55fe69dfdaca <unknown>\n#7 0x55fe69dfe7d1 <unknown>\n#8 0x55fe6a333ab9 <unknown>\n#9 0x55fe6a336a8c <unknown>\n#10 0x55fe6a31cd49 <unknown>\n#11 0x55fe6a337685 <unknown>\n#12 0x55fe6a3046c3 <unknown>\n#13 0x55fe6a3597d8 <unknown>\n#14 0x55fe6a3599b3 <unknown>\n#15 0x55fe6a36ba83 <unknown>\n#16 0x7f328dc9caa4 <unknown>\n#17 0x7f328dd29c6c <unknown>","time":{"start":1762772795954,"stop":1762772806229,"duration":10275}},{"uid":"459858aa1475fab8","reportUrl":"https://Brain-up.github.io/auto-tests-python/743/#testresult/459858aa1475fab8","status":"skipped","statusDetails":"XFAIL\n\nselenium.common.exceptions.TimeoutException: Message: Can't find element by locator ('xpath', '//div[@class=\"__51e19\"]')\nStacktrace:\n#0 0x557bc29dcaea <unknown>\n#1 0x557bc2428cdb <unknown>\n#2 0x557bc247b6c4 <unknown>\n#3 0x557bc247b901 <unknown>\n#4 0x557bc24ca8b4 <unknown>\n#5 0x557bc24c7c87 <unknown>\n#6 0x557bc246daca <unknown>\n#7 0x557bc246e7d1 <unknown>\n#8 0x557bc29a3ab9 <unknown>\n#9 0x557bc29a6a8c <unknown>\n#10 0x557bc298cd49 <unknown>\n#11 0x557bc29a7685 <unknown>\n#12 0x557bc29746c3 <unknown>\n#13 0x557bc29c97d8 <unknown>\n#14 0x557bc29c99b3 <unknown>\n#15 0x557bc29dba83 <unknown>\n#16 0x7fedc309caa4 <unknown>\n#17 0x7fedc3129c6c <unknown>","time":{"start":1762680504478,"stop":1762680514743,"duration":10265}},{"uid":"9e31e5d9ec0ab34f","reportUrl":"https://Brain-up.github.io/auto-tests-python/742/#testresult/9e31e5d9ec0ab34f","status":"skipped","statusDetails":"XFAIL\n\nselenium.common.exceptions.TimeoutException: Message: Can't find element by locator ('xpath', '//div[@class=\"__51e19\"]')\nStacktrace:\n#0 0x560ec046aaea <unknown>\n#1 0x560ebfeb6cdb <unknown>\n#2 0x560ebff096c4 <unknown>\n#3 0x560ebff09901 <unknown>\n#4 0x560ebff588b4 <unknown>\n#5 0x560ebff55c87 <unknown>\n#6 0x560ebfefbaca <unknown>\n#7 0x560ebfefc7d1 <unknown>\n#8 0x560ec0431ab9 <unknown>\n#9 0x560ec0434a8c <unknown>\n#10 0x560ec041ad49 <unknown>\n#11 0x560ec0435685 <unknown>\n#12 0x560ec04026c3 <unknown>\n#13 0x560ec04577d8 <unknown>\n#14 0x560ec04579b3 <unknown>\n#15 0x560ec0469a83 <unknown>\n#16 0x7f82fa09caa4 <unknown>\n#17 0x7f82fa129c6c <unknown>","time":{"start":1762597319350,"stop":1762597329645,"duration":10295}},{"uid":"a3ef269d6cd1458d","reportUrl":"https://Brain-up.github.io/auto-tests-python/741/#testresult/a3ef269d6cd1458d","status":"skipped","statusDetails":"XFAIL\n\nselenium.common.exceptions.TimeoutException: Message: Can't find element by locator ('xpath', '//div[@class=\"__51e19\"]')\nStacktrace:\n#0 0x5568c4767aea <unknown>\n#1 0x5568c41b3cdb <unknown>\n#2 0x5568c42066c4 <unknown>\n#3 0x5568c4206901 <unknown>\n#4 0x5568c42558b4 <unknown>\n#5 0x5568c4252c87 <unknown>\n#6 0x5568c41f8aca <unknown>\n#7 0x5568c41f97d1 <unknown>\n#8 0x5568c472eab9 <unknown>\n#9 0x5568c4731a8c <unknown>\n#10 0x5568c4717d49 <unknown>\n#11 0x5568c4732685 <unknown>\n#12 0x5568c46ff6c3 <unknown>\n#13 0x5568c47547d8 <unknown>\n#14 0x5568c47549b3 <unknown>\n#15 0x5568c4766a83 <unknown>\n#16 0x7f22f909caa4 <unknown>\n#17 0x7f22f9129c6c <unknown>","time":{"start":1762513430672,"stop":1762513440939,"duration":10267}},{"uid":"7895c5abc09d7b2e","reportUrl":"https://Brain-up.github.io/auto-tests-python/740/#testresult/7895c5abc09d7b2e","status":"skipped","statusDetails":"XFAIL\n\nselenium.common.exceptions.TimeoutException: Message: Can't find element by locator ('xpath', '//div[@class=\"__51e19\"]')\nStacktrace:\n#0 0x55a5fe4cbaea <unknown>\n#1 0x55a5fdf17cdb <unknown>\n#2 0x55a5fdf6a6c4 <unknown>\n#3 0x55a5fdf6a901 <unknown>\n#4 0x55a5fdfb98b4 <unknown>\n#5 0x55a5fdfb6c87 <unknown>\n#6 0x55a5fdf5caca <unknown>\n#7 0x55a5fdf5d7d1 <unknown>\n#8 0x55a5fe492ab9 <unknown>\n#9 0x55a5fe495a8c <unknown>\n#10 0x55a5fe47bd49 <unknown>\n#11 0x55a5fe496685 <unknown>\n#12 0x55a5fe4636c3 <unknown>\n#13 0x55a5fe4b87d8 <unknown>\n#14 0x55a5fe4b89b3 <unknown>\n#15 0x55a5fe4caa83 <unknown>\n#16 0x7f6c40a9caa4 <unknown>\n#17 0x7f6c40b29c6c <unknown>","time":{"start":1762426735814,"stop":1762426746089,"duration":10275}},{"uid":"a4f3b0c48a3be23c","reportUrl":"https://Brain-up.github.io/auto-tests-python/739/#testresult/a4f3b0c48a3be23c","status":"passed","statusDetails":"XPASS","time":{"start":1762341208869,"stop":1762341210337,"duration":1468}},{"uid":"63f675dd878b056d","reportUrl":"https://Brain-up.github.io/auto-tests-python/738/#testresult/63f675dd878b056d","status":"skipped","statusDetails":"XFAIL\n\nselenium.common.exceptions.TimeoutException: Message: Can't find element by locator ('xpath', '//div[@class=\"__51e19\"]')\nStacktrace:\n#0 0x555b6a3feaea <unknown>\n#1 0x555b69e4acdb <unknown>\n#2 0x555b69e9d6c4 <unknown>\n#3 0x555b69e9d901 <unknown>\n#4 0x555b69eec8b4 <unknown>\n#5 0x555b69ee9c87 <unknown>\n#6 0x555b69e8faca <unknown>\n#7 0x555b69e907d1 <unknown>\n#8 0x555b6a3c5ab9 <unknown>\n#9 0x555b6a3c8a8c <unknown>\n#10 0x555b6a3aed49 <unknown>\n#11 0x555b6a3c9685 <unknown>\n#12 0x555b6a3966c3 <unknown>\n#13 0x555b6a3eb7d8 <unknown>\n#14 0x555b6a3eb9b3 <unknown>\n#15 0x555b6a3fda83 <unknown>\n#16 0x7f0745e9caa4 <unknown>\n#17 0x7f0745f29c6c <unknown>","time":{"start":1762338189319,"stop":1762338199575,"duration":10256}},{"uid":"b173b407dbb5872b","reportUrl":"https://Brain-up.github.io/auto-tests-python/737/#testresult/b173b407dbb5872b","status":"skipped","statusDetails":"XFAIL\n\nselenium.common.exceptions.TimeoutException: Message: Can't find element by locator ('xpath', '//div[@class=\"__51e19\"]')\nStacktrace:\n#0 0x559c4e986aea <unknown>\n#1 0x559c4e3d2cdb <unknown>\n#2 0x559c4e4256c4 <unknown>\n#3 0x559c4e425901 <unknown>\n#4 0x559c4e4748b4 <unknown>\n#5 0x559c4e471c87 <unknown>\n#6 0x559c4e417aca <unknown>\n#7 0x559c4e4187d1 <unknown>\n#8 0x559c4e94dab9 <unknown>\n#9 0x559c4e950a8c <unknown>\n#10 0x559c4e936d49 <unknown>\n#11 0x559c4e951685 <unknown>\n#12 0x559c4e91e6c3 <unknown>\n#13 0x559c4e9737d8 <unknown>\n#14 0x559c4e9739b3 <unknown>\n#15 0x559c4e985a83 <unknown>\n#16 0x7fe3f369caa4 <unknown>\n#17 0x7fe3f3729c6c <unknown>","time":{"start":1762338008731,"stop":1762338019007,"duration":10276}},{"uid":"7addab02625460a","reportUrl":"https://Brain-up.github.io/auto-tests-python/2/#testresult/7addab02625460a","status":"skipped","statusDetails":"XFAIL\n\nselenium.common.exceptions.TimeoutException: Message: Can't find element by locator ('xpath', '//div[@class=\"__51e19\"]')\nStacktrace:\n#0 0x5617bc5ccaea <unknown>\n#1 0x5617bc018cdb <unknown>\n#2 0x5617bc06b6c4 <unknown>\n#3 0x5617bc06b901 <unknown>\n#4 0x5617bc0ba8b4 <unknown>\n#5 0x5617bc0b7c87 <unknown>\n#6 0x5617bc05daca <unknown>\n#7 0x5617bc05e7d1 <unknown>\n#8 0x5617bc593ab9 <unknown>\n#9 0x5617bc596a8c <unknown>\n#10 0x5617bc57cd49 <unknown>\n#11 0x5617bc597685 <unknown>\n#12 0x5617bc5646c3 <unknown>\n#13 0x5617bc5b97d8 <unknown>\n#14 0x5617bc5b99b3 <unknown>\n#15 0x5617bc5cba83 <unknown>\n#16 0x7f1fb0e9caa4 <unknown>\n#17 0x7f1fb0f29c6c <unknown>","time":{"start":1762337998132,"stop":1762338008485,"duration":10353}},{"uid":"af65db5ce97e1ae7","reportUrl":"https://Brain-up.github.io/auto-tests-python/736/#testresult/af65db5ce97e1ae7","status":"skipped","statusDetails":"XFAIL\n\nselenium.common.exceptions.TimeoutException: Message: Can't find element by locator ('xpath', '//div[@class=\"__51e19\"]')\nStacktrace:\n#0 0x55e2d6863aea <unknown>\n#1 0x55e2d62afcdb <unknown>\n#2 0x55e2d63026c4 <unknown>\n#3 0x55e2d6302901 <unknown>\n#4 0x55e2d63518b4 <unknown>\n#5 0x55e2d634ec87 <unknown>\n#6 0x55e2d62f4aca <unknown>\n#7 0x55e2d62f57d1 <unknown>\n#8 0x55e2d682aab9 <unknown>\n#9 0x55e2d682da8c <unknown>\n#10 0x55e2d6813d49 <unknown>\n#11 0x55e2d682e685 <unknown>\n#12 0x55e2d67fb6c3 <unknown>\n#13 0x55e2d68507d8 <unknown>\n#14 0x55e2d68509b3 <unknown>\n#15 0x55e2d6862a83 <unknown>\n#16 0x7f80bf69caa4 <unknown>\n#17 0x7f80bf729c6c <unknown>","time":{"start":1762337289943,"stop":1762337300201,"duration":10258}}]},"tags":["@pytest.mark.xfail"]},"source":"b32b496def8d326b.json","parameterValues":[]}