{"uid":"6345fadc7e263c9a","name":"Solutions to a random task in the \"Слова Королёвой\" .","fullName":"tests.test_speech_exercises_ru.TestCardsRU#test_solve_koroleva_cards_ru","historyId":"c9fe4fbd9394e2fb5a6898be66ba433b","time":{"start":1767464371285,"stop":1767464381616,"duration":10331},"status":"skipped","statusMessage":"XFAIL\n\nselenium.common.exceptions.TimeoutException: Message: Can't find element by locator ('xpath', '//a[text()=\"Упражнения\"]')\nStacktrace:\n#0 0x5636c257019a <unknown>\n#1 0x5636c1fedc4b <unknown>\n#2 0x5636c203f318 <unknown>\n#3 0x5636c203f551 <unknown>\n#4 0x5636c208d764 <unknown>\n#5 0x5636c208abee <unknown>\n#6 0x5636c2031c42 <unknown>\n#7 0x5636c20328f1 <unknown>\n#8 0x5636c2538f39 <unknown>\n#9 0x5636c253be7d <unknown>\n#10 0x5636c2521c81 <unknown>\n#11 0x5636c253ca5b <unknown>\n#12 0x5636c2508a50 <unknown>\n#13 0x5636c255daa8 <unknown>\n#14 0x5636c255dc79 <unknown>\n#15 0x5636c256f4f3 <unknown>\n#16 0x7fd54269caa4 <unknown>\n#17 0x7fd542729c6c <unknown>","statusTrace":"self = <tests.test_speech_exercises_ru.TestCardsRU object at 0x7fa90364f500>\ndriver = <selenium.webdriver.chrome.webdriver.WebDriver (session=\"cffca03d38fabc79bd9fdf899768b0cc\")>\ndefault_user_authorized = None\n\n    @pytest.mark.xfail\n    @allure.suite(\"Речевые упражнения.\")\n    @allure.title('Solutions to a random task in the \"Слова Королёвой\" .')\n    def test_solve_koroleva_cards_ru(self, driver, default_user_authorized):\n        page = SpeechExercisesPageRU(driver)\n>       page.click_button_exercises()\n\ntests/test_speech_exercises_ru.py:144: \n_ _ _ _ _ _ _ _ _ _ _ _ _ _ _ _ _ _ _ _ _ _ _ _ _ _ _ _ _ _ _ _ _ _ _ _ _ _ _ _ \npages/speech_exercises_page_ru.py:199: in click_button_exercises\n    button = self.element_is_present_and_clickable(self.locators.AuthorizedUserHomePageLocators.BUTTON_EXERCISES_RU)\npages/base_page.py:40: in element_is_present_and_clickable\n    return (Wait(self.driver, self.timeout).until(\n_ _ _ _ _ _ _ _ _ _ _ _ _ _ _ _ _ _ _ _ _ _ _ _ _ _ _ _ _ _ _ _ _ _ _ _ _ _ _ _ \n\nself = <selenium.webdriver.support.wait.WebDriverWait (session=\"cffca03d38fabc79bd9fdf899768b0cc\")>\nmethod = <function visibility_of_element_located.<locals>._predicate at 0x7fa9034d6c00>\nmessage = 'Can\\'t find element by locator (\\'xpath\\', \\'//a[text()=\"Упражнения\"]\\')'\n\n    def until(self, method, message: str = \"\"):\n        \"\"\"Calls the method provided with the driver as an argument until the \\\n        return value does not evaluate to ``False``.\n    \n        :param method: callable(WebDriver)\n        :param message: optional message for :exc:`TimeoutException`\n        :returns: the result of the last call to `method`\n        :raises: :exc:`selenium.common.exceptions.TimeoutException` if timeout occurs\n        \"\"\"\n        screen = None\n        stacktrace = None\n    \n        end_time = time.monotonic() + self._timeout\n        while True:\n            try:\n                value = method(self._driver)\n                if value:\n                    return value\n            except self._ignored_exceptions as exc:\n                screen = getattr(exc, \"screen\", None)\n                stacktrace = getattr(exc, \"stacktrace\", None)\n            time.sleep(self._poll)\n            if time.monotonic() > end_time:\n                break\n>       raise TimeoutException(message, screen, stacktrace)\nE       selenium.common.exceptions.TimeoutException: Message: Can't find element by locator ('xpath', '//a[text()=\"Упражнения\"]')\nE       Stacktrace:\nE       #0 0x5636c257019a <unknown>\nE       #1 0x5636c1fedc4b <unknown>\nE       #2 0x5636c203f318 <unknown>\nE       #3 0x5636c203f551 <unknown>\nE       #4 0x5636c208d764 <unknown>\nE       #5 0x5636c208abee <unknown>\nE       #6 0x5636c2031c42 <unknown>\nE       #7 0x5636c20328f1 <unknown>\nE       #8 0x5636c2538f39 <unknown>\nE       #9 0x5636c253be7d <unknown>\nE       #10 0x5636c2521c81 <unknown>\nE       #11 0x5636c253ca5b <unknown>\nE       #12 0x5636c2508a50 <unknown>\nE       #13 0x5636c255daa8 <unknown>\nE       #14 0x5636c255dc79 <unknown>\nE       #15 0x5636c256f4f3 <unknown>\nE       #16 0x7fd54269caa4 <unknown>\nE       #17 0x7fd542729c6c <unknown>\n\n/opt/hostedtoolcache/Python/3.12.12/x64/lib/python3.12/site-packages/selenium/webdriver/support/wait.py:95: TimeoutException","flaky":false,"newFailed":false,"newBroken":false,"newPassed":false,"retriesCount":0,"retriesStatusChange":false,"beforeStages":[{"name":"clear_allure_results_folder","time":{"start":1767463148436,"stop":1767463148436,"duration":0},"status":"passed","steps":[],"attachments":[],"parameters":[],"stepsCount":0,"shouldDisplayMessage":false,"attachmentsCount":0,"hasContent":false,"attachmentStep":false},{"name":"driver","time":{"start":1767464365710,"stop":1767464366475,"duration":765},"status":"passed","steps":[],"attachments":[],"parameters":[],"stepsCount":0,"shouldDisplayMessage":false,"attachmentsCount":0,"hasContent":false,"attachmentStep":false},{"name":"main_page_open","time":{"start":1767464366475,"stop":1767464368869,"duration":2394},"status":"passed","steps":[{"name":"Open page: https://www.brainup.site/","time":{"start":1767464366476,"stop":1767464368869,"duration":2393},"status":"passed","steps":[],"attachments":[],"parameters":[{"name":"driver","value":"<selenium.webdriver.chrome.webdriver.WebDriver (session=\"cffca03d38fabc79bd9fdf899768b0cc\")>"}],"stepsCount":0,"shouldDisplayMessage":false,"attachmentsCount":0,"hasContent":true,"attachmentStep":false}],"attachments":[],"parameters":[],"stepsCount":1,"shouldDisplayMessage":false,"attachmentsCount":0,"hasContent":true,"attachmentStep":false},{"name":"default_user_authorized","time":{"start":1767464368869,"stop":1767464371285,"duration":2416},"status":"passed","steps":[{"name":"DEFAULT user authorized","time":{"start":1767464368869,"stop":1767464371285,"duration":2416},"status":"passed","steps":[{"name":"Check url is present: https://www.brainup.site/groups","time":{"start":1767464369244,"stop":1767464371263,"duration":2019},"status":"passed","steps":[],"attachments":[],"parameters":[],"stepsCount":0,"shouldDisplayMessage":false,"attachmentsCount":0,"hasContent":false,"attachmentStep":false},{"name":"Loader checking","time":{"start":1767464371263,"stop":1767464371285,"duration":22},"status":"passed","steps":[],"attachments":[],"parameters":[],"stepsCount":0,"shouldDisplayMessage":false,"attachmentsCount":0,"hasContent":false,"attachmentStep":false}],"attachments":[],"parameters":[{"name":"driver","value":"<selenium.webdriver.chrome.webdriver.WebDriver (session=\"cffca03d38fabc79bd9fdf899768b0cc\")>"},{"name":"main_page_open","value":"None"}],"stepsCount":2,"shouldDisplayMessage":false,"attachmentsCount":0,"hasContent":true,"attachmentStep":false}],"attachments":[],"parameters":[],"stepsCount":3,"shouldDisplayMessage":false,"attachmentsCount":0,"hasContent":true,"attachmentStep":false}],"testStage":{"status":"skipped","statusMessage":"XFAIL\n\nselenium.common.exceptions.TimeoutException: Message: Can't find element by locator ('xpath', '//a[text()=\"Упражнения\"]')\nStacktrace:\n#0 0x5636c257019a <unknown>\n#1 0x5636c1fedc4b <unknown>\n#2 0x5636c203f318 <unknown>\n#3 0x5636c203f551 <unknown>\n#4 0x5636c208d764 <unknown>\n#5 0x5636c208abee <unknown>\n#6 0x5636c2031c42 <unknown>\n#7 0x5636c20328f1 <unknown>\n#8 0x5636c2538f39 <unknown>\n#9 0x5636c253be7d <unknown>\n#10 0x5636c2521c81 <unknown>\n#11 0x5636c253ca5b <unknown>\n#12 0x5636c2508a50 <unknown>\n#13 0x5636c255daa8 <unknown>\n#14 0x5636c255dc79 <unknown>\n#15 0x5636c256f4f3 <unknown>\n#16 0x7fd54269caa4 <unknown>\n#17 0x7fd542729c6c <unknown>","statusTrace":"self = <tests.test_speech_exercises_ru.TestCardsRU object at 0x7fa90364f500>\ndriver = <selenium.webdriver.chrome.webdriver.WebDriver (session=\"cffca03d38fabc79bd9fdf899768b0cc\")>\ndefault_user_authorized = None\n\n    @pytest.mark.xfail\n    @allure.suite(\"Речевые упражнения.\")\n    @allure.title('Solutions to a random task in the \"Слова Королёвой\" .')\n    def test_solve_koroleva_cards_ru(self, driver, default_user_authorized):\n        page = SpeechExercisesPageRU(driver)\n>       page.click_button_exercises()\n\ntests/test_speech_exercises_ru.py:144: \n_ _ _ _ _ _ _ _ _ _ _ _ _ _ _ _ _ _ _ _ _ _ _ _ _ _ _ _ _ _ _ _ _ _ _ _ _ _ _ _ \npages/speech_exercises_page_ru.py:199: in click_button_exercises\n    button = self.element_is_present_and_clickable(self.locators.AuthorizedUserHomePageLocators.BUTTON_EXERCISES_RU)\npages/base_page.py:40: in element_is_present_and_clickable\n    return (Wait(self.driver, self.timeout).until(\n_ _ _ _ _ _ _ _ _ _ _ _ _ _ _ _ _ _ _ _ _ _ _ _ _ _ _ _ _ _ _ _ _ _ _ _ _ _ _ _ \n\nself = <selenium.webdriver.support.wait.WebDriverWait (session=\"cffca03d38fabc79bd9fdf899768b0cc\")>\nmethod = <function visibility_of_element_located.<locals>._predicate at 0x7fa9034d6c00>\nmessage = 'Can\\'t find element by locator (\\'xpath\\', \\'//a[text()=\"Упражнения\"]\\')'\n\n    def until(self, method, message: str = \"\"):\n        \"\"\"Calls the method provided with the driver as an argument until the \\\n        return value does not evaluate to ``False``.\n    \n        :param method: callable(WebDriver)\n        :param message: optional message for :exc:`TimeoutException`\n        :returns: the result of the last call to `method`\n        :raises: :exc:`selenium.common.exceptions.TimeoutException` if timeout occurs\n        \"\"\"\n        screen = None\n        stacktrace = None\n    \n        end_time = time.monotonic() + self._timeout\n        while True:\n            try:\n                value = method(self._driver)\n                if value:\n                    return value\n            except self._ignored_exceptions as exc:\n                screen = getattr(exc, \"screen\", None)\n                stacktrace = getattr(exc, \"stacktrace\", None)\n            time.sleep(self._poll)\n            if time.monotonic() > end_time:\n                break\n>       raise TimeoutException(message, screen, stacktrace)\nE       selenium.common.exceptions.TimeoutException: Message: Can't find element by locator ('xpath', '//a[text()=\"Упражнения\"]')\nE       Stacktrace:\nE       #0 0x5636c257019a <unknown>\nE       #1 0x5636c1fedc4b <unknown>\nE       #2 0x5636c203f318 <unknown>\nE       #3 0x5636c203f551 <unknown>\nE       #4 0x5636c208d764 <unknown>\nE       #5 0x5636c208abee <unknown>\nE       #6 0x5636c2031c42 <unknown>\nE       #7 0x5636c20328f1 <unknown>\nE       #8 0x5636c2538f39 <unknown>\nE       #9 0x5636c253be7d <unknown>\nE       #10 0x5636c2521c81 <unknown>\nE       #11 0x5636c253ca5b <unknown>\nE       #12 0x5636c2508a50 <unknown>\nE       #13 0x5636c255daa8 <unknown>\nE       #14 0x5636c255dc79 <unknown>\nE       #15 0x5636c256f4f3 <unknown>\nE       #16 0x7fd54269caa4 <unknown>\nE       #17 0x7fd542729c6c <unknown>\n\n/opt/hostedtoolcache/Python/3.12.12/x64/lib/python3.12/site-packages/selenium/webdriver/support/wait.py:95: TimeoutException","steps":[{"name":"Click button \"Упражнения\".","time":{"start":1767464371286,"stop":1767464381615,"duration":10329},"status":"broken","statusMessage":"selenium.common.exceptions.TimeoutException: Message: Can't find element by locator ('xpath', '//a[text()=\"Упражнения\"]')\nStacktrace:\n#0 0x5636c257019a <unknown>\n#1 0x5636c1fedc4b <unknown>\n#2 0x5636c203f318 <unknown>\n#3 0x5636c203f551 <unknown>\n#4 0x5636c208d764 <unknown>\n#5 0x5636c208abee <unknown>\n#6 0x5636c2031c42 <unknown>\n#7 0x5636c20328f1 <unknown>\n#8 0x5636c2538f39 <unknown>\n#9 0x5636c253be7d <unknown>\n#10 0x5636c2521c81 <unknown>\n#11 0x5636c253ca5b <unknown>\n#12 0x5636c2508a50 <unknown>\n#13 0x5636c255daa8 <unknown>\n#14 0x5636c255dc79 <unknown>\n#15 0x5636c256f4f3 <unknown>\n#16 0x7fd54269caa4 <unknown>\n#17 0x7fd542729c6c <unknown>\n\n","statusTrace":"  File \"/opt/hostedtoolcache/Python/3.12.12/x64/lib/python3.12/site-packages/allure_commons/_allure.py\", line 192, in impl\n    return func(*a, **kw)\n           ^^^^^^^^^^^^^^\n  File \"/home/runner/work/auto-tests-python/auto-tests-python/pages/speech_exercises_page_ru.py\", line 199, in click_button_exercises\n    button = self.element_is_present_and_clickable(self.locators.AuthorizedUserHomePageLocators.BUTTON_EXERCISES_RU)\n             ^^^^^^^^^^^^^^^^^^^^^^^^^^^^^^^^^^^^^^^^^^^^^^^^^^^^^^^^^^^^^^^^^^^^^^^^^^^^^^^^^^^^^^^^^^^^^^^^^^^^^^^\n  File \"/home/runner/work/auto-tests-python/auto-tests-python/pages/base_page.py\", line 40, in element_is_present_and_clickable\n    return (Wait(self.driver, self.timeout).until(\n            ^^^^^^^^^^^^^^^^^^^^^^^^^^^^^^^^^^^^^^\n  File \"/opt/hostedtoolcache/Python/3.12.12/x64/lib/python3.12/site-packages/selenium/webdriver/support/wait.py\", line 95, in until\n    raise TimeoutException(message, screen, stacktrace)\n","steps":[{"name":"Click button \"RU\".","time":{"start":1767464371286,"stop":1767464371355,"duration":69},"status":"passed","steps":[],"attachments":[],"parameters":[],"stepsCount":0,"shouldDisplayMessage":false,"attachmentsCount":0,"hasContent":false,"attachmentStep":false}],"attachments":[],"parameters":[],"stepsCount":1,"shouldDisplayMessage":true,"attachmentsCount":0,"hasContent":true,"attachmentStep":false}],"attachments":[],"parameters":[],"stepsCount":2,"shouldDisplayMessage":true,"attachmentsCount":0,"hasContent":true,"attachmentStep":false},"afterStages":[{"name":"driver::0","time":{"start":1767464381632,"stop":1767464381700,"duration":68},"status":"passed","steps":[],"attachments":[],"parameters":[],"stepsCount":0,"shouldDisplayMessage":false,"attachmentsCount":0,"hasContent":false,"attachmentStep":false}],"labels":[{"name":"epic","value":"Speech exercises."},{"name":"suite","value":"Речевые упражнения."},{"name":"tag","value":"@pytest.mark.xfail"},{"name":"parentSuite","value":"tests"},{"name":"subSuite","value":"TestCardsRU"},{"name":"host","value":"runnervmh13bl"},{"name":"thread","value":"2594-MainThread"},{"name":"framework","value":"pytest"},{"name":"language","value":"cpython3"},{"name":"package","value":"tests.test_speech_exercises_ru"},{"name":"resultFormat","value":"allure2"}],"parameters":[],"links":[],"hidden":false,"retry":false,"extra":{"severity":"normal","retries":[],"categories":[],"history":{"statistic":{"failed":0,"broken":0,"skipped":50,"passed":8,"unknown":0,"total":58},"items":[{"uid":"ae1c2a0fb2efaa5a","reportUrl":"https://Brain-up.github.io/auto-tests-python/791/#testresult/ae1c2a0fb2efaa5a","status":"skipped","statusDetails":"XFAIL\n\nselenium.common.exceptions.TimeoutException: Message: Can't find element by locator ('xpath', '//a[text()=\"Упражнения\"]')\nStacktrace:\n#0 0x55b3c6bac19a <unknown>\n#1 0x55b3c6629c4b <unknown>\n#2 0x55b3c667b318 <unknown>\n#3 0x55b3c667b551 <unknown>\n#4 0x55b3c66c9764 <unknown>\n#5 0x55b3c66c6bee <unknown>\n#6 0x55b3c666dc42 <unknown>\n#7 0x55b3c666e8f1 <unknown>\n#8 0x55b3c6b74f39 <unknown>\n#9 0x55b3c6b77e7d <unknown>\n#10 0x55b3c6b5dc81 <unknown>\n#11 0x55b3c6b78a5b <unknown>\n#12 0x55b3c6b44a50 <unknown>\n#13 0x55b3c6b99aa8 <unknown>\n#14 0x55b3c6b99c79 <unknown>\n#15 0x55b3c6bab4f3 <unknown>\n#16 0x7f258ba9caa4 <unknown>\n#17 0x7f258bb29c6c <unknown>","time":{"start":1767351108711,"stop":1767351119021,"duration":10310}},{"uid":"73be679a4eadcd54","reportUrl":"https://Brain-up.github.io/auto-tests-python/790/#testresult/73be679a4eadcd54","status":"skipped","statusDetails":"XFAIL\n\nselenium.common.exceptions.TimeoutException: Message: Can't find element by locator ('xpath', '//a[text()=\"Упражнения\"]')\nStacktrace:\n#0 0x55853e87a19a <unknown>\n#1 0x55853e2f7c4b <unknown>\n#2 0x55853e349318 <unknown>\n#3 0x55853e349551 <unknown>\n#4 0x55853e397764 <unknown>\n#5 0x55853e394bee <unknown>\n#6 0x55853e33bc42 <unknown>\n#7 0x55853e33c8f1 <unknown>\n#8 0x55853e842f39 <unknown>\n#9 0x55853e845e7d <unknown>\n#10 0x55853e82bc81 <unknown>\n#11 0x55853e846a5b <unknown>\n#12 0x55853e812a50 <unknown>\n#13 0x55853e867aa8 <unknown>\n#14 0x55853e867c79 <unknown>\n#15 0x55853e8794f3 <unknown>\n#16 0x7f262ec9caa4 <unknown>\n#17 0x7f262ed29c6c <unknown>","time":{"start":1767198493428,"stop":1767198503743,"duration":10315}},{"uid":"c61e88dcce8f7acc","reportUrl":"https://Brain-up.github.io/auto-tests-python/789/#testresult/c61e88dcce8f7acc","status":"skipped","statusDetails":"XFAIL\n\nselenium.common.exceptions.TimeoutException: Message: Can't find element by locator ('xpath', '//a[text()=\"Упражнения\"]')\nStacktrace:\n#0 0x55a1a048219a <unknown>\n#1 0x55a19feffc4b <unknown>\n#2 0x55a19ff51318 <unknown>\n#3 0x55a19ff51551 <unknown>\n#4 0x55a19ff9f764 <unknown>\n#5 0x55a19ff9cbee <unknown>\n#6 0x55a19ff43c42 <unknown>\n#7 0x55a19ff448f1 <unknown>\n#8 0x55a1a044af39 <unknown>\n#9 0x55a1a044de7d <unknown>\n#10 0x55a1a0433c81 <unknown>\n#11 0x55a1a044ea5b <unknown>\n#12 0x55a1a041aa50 <unknown>\n#13 0x55a1a046faa8 <unknown>\n#14 0x55a1a046fc79 <unknown>\n#15 0x55a1a04814f3 <unknown>\n#16 0x7fddea29caa4 <unknown>\n#17 0x7fddea329c6c <unknown>","time":{"start":1767088725505,"stop":1767088735814,"duration":10309}},{"uid":"abdda349b0028e97","reportUrl":"https://Brain-up.github.io/auto-tests-python/788/#testresult/abdda349b0028e97","status":"skipped","statusDetails":"XFAIL\n\nselenium.common.exceptions.TimeoutException: Message: Can't find element by locator ('xpath', '//a[text()=\"Упражнения\"]')\nStacktrace:\n#0 0x55642bee319a <unknown>\n#1 0x55642b960c4b <unknown>\n#2 0x55642b9b2318 <unknown>\n#3 0x55642b9b2551 <unknown>\n#4 0x55642ba00764 <unknown>\n#5 0x55642b9fdbee <unknown>\n#6 0x55642b9a4c42 <unknown>\n#7 0x55642b9a58f1 <unknown>\n#8 0x55642beabf39 <unknown>\n#9 0x55642beaee7d <unknown>\n#10 0x55642be94c81 <unknown>\n#11 0x55642beafa5b <unknown>\n#12 0x55642be7ba50 <unknown>\n#13 0x55642bed0aa8 <unknown>\n#14 0x55642bed0c79 <unknown>\n#15 0x55642bee24f3 <unknown>\n#16 0x7fac8be9caa4 <unknown>\n#17 0x7fac8bf29c6c <unknown>","time":{"start":1766998318434,"stop":1766998328687,"duration":10253}},{"uid":"2ec8ddefb3717b12","reportUrl":"https://Brain-up.github.io/auto-tests-python/787/#testresult/2ec8ddefb3717b12","status":"skipped","statusDetails":"XFAIL\n\nselenium.common.exceptions.TimeoutException: Message: Can't find element by locator ('xpath', '//a[text()=\"Упражнения\"]')\nStacktrace:\n#0 0x555c6261e19a <unknown>\n#1 0x555c6209bc4b <unknown>\n#2 0x555c620ed318 <unknown>\n#3 0x555c620ed551 <unknown>\n#4 0x555c6213b764 <unknown>\n#5 0x555c62138bee <unknown>\n#6 0x555c620dfc42 <unknown>\n#7 0x555c620e08f1 <unknown>\n#8 0x555c625e6f39 <unknown>\n#9 0x555c625e9e7d <unknown>\n#10 0x555c625cfc81 <unknown>\n#11 0x555c625eaa5b <unknown>\n#12 0x555c625b6a50 <unknown>\n#13 0x555c6260baa8 <unknown>\n#14 0x555c6260bc79 <unknown>\n#15 0x555c6261d4f3 <unknown>\n#16 0x7feb4129caa4 <unknown>\n#17 0x7feb41329c6c <unknown>","time":{"start":1766924137923,"stop":1766924148279,"duration":10356}},{"uid":"5e0a02c6f9f81dd","reportUrl":"https://Brain-up.github.io/auto-tests-python/786/#testresult/5e0a02c6f9f81dd","status":"skipped","statusDetails":"XFAIL\n\nselenium.common.exceptions.TimeoutException: Message: Can't find element by locator ('xpath', '//a[text()=\"Упражнения\"]')\nStacktrace:\n#0 0x56016744819a <unknown>\n#1 0x560166ec5c4b <unknown>\n#2 0x560166f17318 <unknown>\n#3 0x560166f17551 <unknown>\n#4 0x560166f65764 <unknown>\n#5 0x560166f62bee <unknown>\n#6 0x560166f09c42 <unknown>\n#7 0x560166f0a8f1 <unknown>\n#8 0x560167410f39 <unknown>\n#9 0x560167413e7d <unknown>\n#10 0x5601673f9c81 <unknown>\n#11 0x560167414a5b <unknown>\n#12 0x5601673e0a50 <unknown>\n#13 0x560167435aa8 <unknown>\n#14 0x560167435c79 <unknown>\n#15 0x5601674474f3 <unknown>\n#16 0x7ff18529caa4 <unknown>\n#17 0x7ff185329c6c <unknown>","time":{"start":1766834367703,"stop":1766834378016,"duration":10313}},{"uid":"1eebe48572561db2","reportUrl":"https://Brain-up.github.io/auto-tests-python/785/#testresult/1eebe48572561db2","status":"skipped","statusDetails":"XFAIL\n\nselenium.common.exceptions.TimeoutException: Message: Can't find element by locator ('xpath', '//a[text()=\"Упражнения\"]')\nStacktrace:\n#0 0x563672bdb19a <unknown>\n#1 0x563672658c4b <unknown>\n#2 0x5636726aa318 <unknown>\n#3 0x5636726aa551 <unknown>\n#4 0x5636726f8764 <unknown>\n#5 0x5636726f5bee <unknown>\n#6 0x56367269cc42 <unknown>\n#7 0x56367269d8f1 <unknown>\n#8 0x563672ba3f39 <unknown>\n#9 0x563672ba6e7d <unknown>\n#10 0x563672b8cc81 <unknown>\n#11 0x563672ba7a5b <unknown>\n#12 0x563672b73a50 <unknown>\n#13 0x563672bc8aa8 <unknown>\n#14 0x563672bc8c79 <unknown>\n#15 0x563672bda4f3 <unknown>\n#16 0x7fe7dfe9caa4 <unknown>\n#17 0x7fe7dff29c6c <unknown>","time":{"start":1766753263274,"stop":1766753273538,"duration":10264}},{"uid":"8058c727337aff97","reportUrl":"https://Brain-up.github.io/auto-tests-python/784/#testresult/8058c727337aff97","status":"skipped","statusDetails":"XFAIL\n\nselenium.common.exceptions.TimeoutException: Message: Can't find element by locator ('xpath', '//a[text()=\"Упражнения\"]')\nStacktrace:\n#0 0x5647ce45819a <unknown>\n#1 0x5647cded5c4b <unknown>\n#2 0x5647cdf27318 <unknown>\n#3 0x5647cdf27551 <unknown>\n#4 0x5647cdf75764 <unknown>\n#5 0x5647cdf72bee <unknown>\n#6 0x5647cdf19c42 <unknown>\n#7 0x5647cdf1a8f1 <unknown>\n#8 0x5647ce420f39 <unknown>\n#9 0x5647ce423e7d <unknown>\n#10 0x5647ce409c81 <unknown>\n#11 0x5647ce424a5b <unknown>\n#12 0x5647ce3f0a50 <unknown>\n#13 0x5647ce445aa8 <unknown>\n#14 0x5647ce445c79 <unknown>\n#15 0x5647ce4574f3 <unknown>\n#16 0x7f36e949caa4 <unknown>\n#17 0x7f36e9529c6c <unknown>","time":{"start":1766688619089,"stop":1766688629392,"duration":10303}},{"uid":"b2fb1d6ab35bf669","reportUrl":"https://Brain-up.github.io/auto-tests-python/783/#testresult/b2fb1d6ab35bf669","status":"skipped","statusDetails":"XFAIL\n\nselenium.common.exceptions.TimeoutException: Message: Can't find element by locator ('xpath', '//a[text()=\"Упражнения\"]')\nStacktrace:\n#0 0x5561a18e119a <unknown>\n#1 0x5561a135ec4b <unknown>\n#2 0x5561a13b0318 <unknown>\n#3 0x5561a13b0551 <unknown>\n#4 0x5561a13fe764 <unknown>\n#5 0x5561a13fbbee <unknown>\n#6 0x5561a13a2c42 <unknown>\n#7 0x5561a13a38f1 <unknown>\n#8 0x5561a18a9f39 <unknown>\n#9 0x5561a18ace7d <unknown>\n#10 0x5561a1892c81 <unknown>\n#11 0x5561a18ada5b <unknown>\n#12 0x5561a1879a50 <unknown>\n#13 0x5561a18ceaa8 <unknown>\n#14 0x5561a18cec79 <unknown>\n#15 0x5561a18e04f3 <unknown>\n#16 0x7fbe7149caa4 <unknown>\n#17 0x7fbe71529c6c <unknown>","time":{"start":1766575638165,"stop":1766575648468,"duration":10303}},{"uid":"e31e5824b4074504","reportUrl":"https://Brain-up.github.io/auto-tests-python/782/#testresult/e31e5824b4074504","status":"skipped","statusDetails":"XFAIL\n\nselenium.common.exceptions.TimeoutException: Message: Can't find element by locator ('xpath', '//a[text()=\"Упражнения\"]')\nStacktrace:\n#0 0x5623afd8e19a <unknown>\n#1 0x5623af80bc4b <unknown>\n#2 0x5623af85d318 <unknown>\n#3 0x5623af85d551 <unknown>\n#4 0x5623af8ab764 <unknown>\n#5 0x5623af8a8bee <unknown>\n#6 0x5623af84fc42 <unknown>\n#7 0x5623af8508f1 <unknown>\n#8 0x5623afd56f39 <unknown>\n#9 0x5623afd59e7d <unknown>\n#10 0x5623afd3fc81 <unknown>\n#11 0x5623afd5aa5b <unknown>\n#12 0x5623afd26a50 <unknown>\n#13 0x5623afd7baa8 <unknown>\n#14 0x5623afd7bc79 <unknown>\n#15 0x5623afd8d4f3 <unknown>\n#16 0x7f580ec9caa4 <unknown>\n#17 0x7f580ed29c6c <unknown>","time":{"start":1766475892262,"stop":1766475902527,"duration":10265}},{"uid":"c0e7ebd892033627","reportUrl":"https://Brain-up.github.io/auto-tests-python/781/#testresult/c0e7ebd892033627","status":"skipped","statusDetails":"XFAIL\n\nselenium.common.exceptions.TimeoutException: Message: Can't find element by locator ('xpath', '//a[text()=\"Упражнения\"]')\nStacktrace:\n#0 0x555a01ae219a <unknown>\n#1 0x555a0155fc4b <unknown>\n#2 0x555a015b1318 <unknown>\n#3 0x555a015b1551 <unknown>\n#4 0x555a015ff764 <unknown>\n#5 0x555a015fcbee <unknown>\n#6 0x555a015a3c42 <unknown>\n#7 0x555a015a48f1 <unknown>\n#8 0x555a01aaaf39 <unknown>\n#9 0x555a01aade7d <unknown>\n#10 0x555a01a93c81 <unknown>\n#11 0x555a01aaea5b <unknown>\n#12 0x555a01a7aa50 <unknown>\n#13 0x555a01acfaa8 <unknown>\n#14 0x555a01acfc79 <unknown>\n#15 0x555a01ae14f3 <unknown>\n#16 0x7fd21de9caa4 <unknown>\n#17 0x7fd21df29c6c <unknown>","time":{"start":1766401733934,"stop":1766401744263,"duration":10329}},{"uid":"a502f4e1d021e69b","reportUrl":"https://Brain-up.github.io/auto-tests-python/780/#testresult/a502f4e1d021e69b","status":"skipped","statusDetails":"XFAIL\n\nselenium.common.exceptions.TimeoutException: Message: Can't find element by locator ('xpath', '//a[text()=\"Упражнения\"]')\nStacktrace:\n#0 0x55a3b6fc319a <unknown>\n#1 0x55a3b6a40c4b <unknown>\n#2 0x55a3b6a92318 <unknown>\n#3 0x55a3b6a92551 <unknown>\n#4 0x55a3b6ae0764 <unknown>\n#5 0x55a3b6addbee <unknown>\n#6 0x55a3b6a84c42 <unknown>\n#7 0x55a3b6a858f1 <unknown>\n#8 0x55a3b6f8bf39 <unknown>\n#9 0x55a3b6f8ee7d <unknown>\n#10 0x55a3b6f74c81 <unknown>\n#11 0x55a3b6f8fa5b <unknown>\n#12 0x55a3b6f5ba50 <unknown>\n#13 0x55a3b6fb0aa8 <unknown>\n#14 0x55a3b6fb0c79 <unknown>\n#15 0x55a3b6fc24f3 <unknown>\n#16 0x7f936d49caa4 <unknown>\n#17 0x7f936d529c6c <unknown>","time":{"start":1766324435450,"stop":1766324445812,"duration":10362}},{"uid":"5ef6cfd3ea6a5935","reportUrl":"https://Brain-up.github.io/auto-tests-python/779/#testresult/5ef6cfd3ea6a5935","status":"skipped","statusDetails":"XFAIL\n\nselenium.common.exceptions.TimeoutException: Message: Can't find element by locator ('xpath', '//a[text()=\"Упражнения\"]')\nStacktrace:\n#0 0x557a0fbd119a <unknown>\n#1 0x557a0f64ec4b <unknown>\n#2 0x557a0f6a0318 <unknown>\n#3 0x557a0f6a0551 <unknown>\n#4 0x557a0f6ee764 <unknown>\n#5 0x557a0f6ebbee <unknown>\n#6 0x557a0f692c42 <unknown>\n#7 0x557a0f6938f1 <unknown>\n#8 0x557a0fb99f39 <unknown>\n#9 0x557a0fb9ce7d <unknown>\n#10 0x557a0fb82c81 <unknown>\n#11 0x557a0fb9da5b <unknown>\n#12 0x557a0fb69a50 <unknown>\n#13 0x557a0fbbeaa8 <unknown>\n#14 0x557a0fbbec79 <unknown>\n#15 0x557a0fbd04f3 <unknown>\n#16 0x7fdd3189caa4 <unknown>\n#17 0x7fdd31929c6c <unknown>","time":{"start":1766230129991,"stop":1766230140292,"duration":10301}},{"uid":"b768e6d6b3e234e7","reportUrl":"https://Brain-up.github.io/auto-tests-python/778/#testresult/b768e6d6b3e234e7","status":"skipped","statusDetails":"XFAIL\n\nselenium.common.exceptions.TimeoutException: Message: Can't find element by locator ('xpath', '//a[text()=\"Упражнения\"]')\nStacktrace:\n#0 0x55c3ba7f119a <unknown>\n#1 0x55c3ba26ec4b <unknown>\n#2 0x55c3ba2c0318 <unknown>\n#3 0x55c3ba2c0551 <unknown>\n#4 0x55c3ba30e764 <unknown>\n#5 0x55c3ba30bbee <unknown>\n#6 0x55c3ba2b2c42 <unknown>\n#7 0x55c3ba2b38f1 <unknown>\n#8 0x55c3ba7b9f39 <unknown>\n#9 0x55c3ba7bce7d <unknown>\n#10 0x55c3ba7a2c81 <unknown>\n#11 0x55c3ba7bda5b <unknown>\n#12 0x55c3ba789a50 <unknown>\n#13 0x55c3ba7deaa8 <unknown>\n#14 0x55c3ba7dec79 <unknown>\n#15 0x55c3ba7f04f3 <unknown>\n#16 0x7fed1649caa4 <unknown>\n#17 0x7fed16529c6c <unknown>","time":{"start":1766133797181,"stop":1766133807493,"duration":10312}},{"uid":"e7064969e16d82de","reportUrl":"https://Brain-up.github.io/auto-tests-python/777/#testresult/e7064969e16d82de","status":"skipped","statusDetails":"XFAIL\n\nselenium.common.exceptions.TimeoutException: Message: Can't find element by locator ('xpath', '//a[text()=\"Упражнения\"]')\nStacktrace:\n#0 0x558fcbc5b19a <unknown>\n#1 0x558fcb6d8c4b <unknown>\n#2 0x558fcb72a318 <unknown>\n#3 0x558fcb72a551 <unknown>\n#4 0x558fcb778764 <unknown>\n#5 0x558fcb775bee <unknown>\n#6 0x558fcb71cc42 <unknown>\n#7 0x558fcb71d8f1 <unknown>\n#8 0x558fcbc23f39 <unknown>\n#9 0x558fcbc26e7d <unknown>\n#10 0x558fcbc0cc81 <unknown>\n#11 0x558fcbc27a5b <unknown>\n#12 0x558fcbbf3a50 <unknown>\n#13 0x558fcbc48aa8 <unknown>\n#14 0x558fcbc48c79 <unknown>\n#15 0x558fcbc5a4f3 <unknown>\n#16 0x7f033569caa4 <unknown>\n#17 0x7f0335729c6c <unknown>","time":{"start":1766052503116,"stop":1766052513431,"duration":10315}},{"uid":"b9f13a63a7f9184d","reportUrl":"https://Brain-up.github.io/auto-tests-python/776/#testresult/b9f13a63a7f9184d","status":"skipped","statusDetails":"XFAIL\n\nselenium.common.exceptions.TimeoutException: Message: Can't find element by locator ('xpath', '//a[text()=\"Упражнения\"]')\nStacktrace:\n#0 0x5585b7d1616a <unknown>\n#1 0x5585b7793c4b <unknown>\n#2 0x5585b77e5318 <unknown>\n#3 0x5585b77e5551 <unknown>\n#4 0x5585b7833764 <unknown>\n#5 0x5585b7830bee <unknown>\n#6 0x5585b77d7c42 <unknown>\n#7 0x5585b77d88f1 <unknown>\n#8 0x5585b7cdef09 <unknown>\n#9 0x5585b7ce1e4d <unknown>\n#10 0x5585b7cc7c51 <unknown>\n#11 0x5585b7ce2a2b <unknown>\n#12 0x5585b7caea20 <unknown>\n#13 0x5585b7d03a78 <unknown>\n#14 0x5585b7d03c49 <unknown>\n#15 0x5585b7d154c3 <unknown>\n#16 0x7f92b469caa4 <unknown>\n#17 0x7f92b4729c6c <unknown>","time":{"start":1765970378027,"stop":1765970388340,"duration":10313}},{"uid":"d1221976ea214d50","reportUrl":"https://Brain-up.github.io/auto-tests-python/775/#testresult/d1221976ea214d50","status":"passed","statusDetails":"XPASS","time":{"start":1765883580998,"stop":1765883604591,"duration":23593}},{"uid":"9b65db250f0b7700","reportUrl":"https://Brain-up.github.io/auto-tests-python/774/#testresult/9b65db250f0b7700","status":"passed","statusDetails":"XPASS","time":{"start":1765800445210,"stop":1765800468511,"duration":23301}},{"uid":"e87c1a09016289fb","reportUrl":"https://Brain-up.github.io/auto-tests-python/773/#testresult/e87c1a09016289fb","status":"skipped","statusDetails":"XFAIL\n\nselenium.common.exceptions.TimeoutException: Message: Can't find element by locator ('xpath', '//a[text()=\"Упражнения\"]')\nStacktrace:\n#0 0x55e9ec4de16a <unknown>\n#1 0x55e9ebf5bc4b <unknown>\n#2 0x55e9ebfad318 <unknown>\n#3 0x55e9ebfad551 <unknown>\n#4 0x55e9ebffb764 <unknown>\n#5 0x55e9ebff8bee <unknown>\n#6 0x55e9ebf9fc42 <unknown>\n#7 0x55e9ebfa08f1 <unknown>\n#8 0x55e9ec4a6f09 <unknown>\n#9 0x55e9ec4a9e4d <unknown>\n#10 0x55e9ec48fc51 <unknown>\n#11 0x55e9ec4aaa2b <unknown>\n#12 0x55e9ec476a20 <unknown>\n#13 0x55e9ec4cba78 <unknown>\n#14 0x55e9ec4cbc49 <unknown>\n#15 0x55e9ec4dd4c3 <unknown>\n#16 0x7f19d029caa4 <unknown>\n#17 0x7f19d0329c6c <unknown>","time":{"start":1765737476002,"stop":1765737486344,"duration":10342}},{"uid":"dc6e1fede79c2fdb","reportUrl":"https://Brain-up.github.io/auto-tests-python/772/#testresult/dc6e1fede79c2fdb","status":"skipped","statusDetails":"XFAIL\n\nselenium.common.exceptions.TimeoutException: Message: Can't find element by locator ('xpath', '//a[text()=\"Упражнения\"]')\nStacktrace:\n#0 0x55b3110b516a <unknown>\n#1 0x55b310b32c4b <unknown>\n#2 0x55b310b84318 <unknown>\n#3 0x55b310b84551 <unknown>\n#4 0x55b310bd2764 <unknown>\n#5 0x55b310bcfbee <unknown>\n#6 0x55b310b76c42 <unknown>\n#7 0x55b310b778f1 <unknown>\n#8 0x55b31107df09 <unknown>\n#9 0x55b311080e4d <unknown>\n#10 0x55b311066c51 <unknown>\n#11 0x55b311081a2b <unknown>\n#12 0x55b31104da20 <unknown>\n#13 0x55b3110a2a78 <unknown>\n#14 0x55b3110a2c49 <unknown>\n#15 0x55b3110b44c3 <unknown>\n#16 0x7f075c69caa4 <unknown>\n#17 0x7f075c729c6c <unknown>","time":{"start":1765627007739,"stop":1765627018055,"duration":10316}}]},"tags":["@pytest.mark.xfail"]},"source":"6345fadc7e263c9a.json","parameterValues":[]}