{"uid":"7c98f58a933f4b46","name":"Verify value of the breadcrumbs on the page","fullName":"tests.exercises_ru_words_page_test.TestExRuWordsPageText#test_erw_02_02_verify_page_breadcrumbs_text","historyId":"3fb2e1ec1970f0326816ca969128e58b","time":{"start":1767463494811,"stop":1767463494811,"duration":0},"status":"broken","statusMessage":"selenium.common.exceptions.TimeoutException: Message: Can't find element by locator https://www.brainup.site/groups","statusTrace":"self = <pages.base_page.BasePage object at 0x7fa903556f60>\nurl = 'https://www.brainup.site/groups'\n\n    def check_expected_link(self, url):\n        with allure.step(f'Check url is present: {url}'):\n            try:\n>               return Wait(self.driver, self.timeout).until(\n                    EC.url_to_be(url), message=f\"Can't find element by locator {url}\")\n\npages/base_page.py:80: \n_ _ _ _ _ _ _ _ _ _ _ _ _ _ _ _ _ _ _ _ _ _ _ _ _ _ _ _ _ _ _ _ _ _ _ _ _ _ _ _ \n\nself = <selenium.webdriver.support.wait.WebDriverWait (session=\"49639bc24e0f0d32f1fa826653b6916b\")>\nmethod = <function url_to_be.<locals>._predicate at 0x7fa903920540>\nmessage = \"Can't find element by locator https://www.brainup.site/groups\"\n\n    def until(self, method, message: str = \"\"):\n        \"\"\"Calls the method provided with the driver as an argument until the \\\n        return value does not evaluate to ``False``.\n    \n        :param method: callable(WebDriver)\n        :param message: optional message for :exc:`TimeoutException`\n        :returns: the result of the last call to `method`\n        :raises: :exc:`selenium.common.exceptions.TimeoutException` if timeout occurs\n        \"\"\"\n        screen = None\n        stacktrace = None\n    \n        end_time = time.monotonic() + self._timeout\n        while True:\n            try:\n                value = method(self._driver)\n                if value:\n                    return value\n            except self._ignored_exceptions as exc:\n                screen = getattr(exc, \"screen\", None)\n                stacktrace = getattr(exc, \"stacktrace\", None)\n            time.sleep(self._poll)\n            if time.monotonic() > end_time:\n                break\n>       raise TimeoutException(message, screen, stacktrace)\nE       selenium.common.exceptions.TimeoutException: Message: Can't find element by locator https://www.brainup.site/groups\n\n/opt/hostedtoolcache/Python/3.12.12/x64/lib/python3.12/site-packages/selenium/webdriver/support/wait.py:95: TimeoutException\n\nDuring handling of the above exception, another exception occurred:\n\ndriver = <selenium.webdriver.chrome.webdriver.WebDriver (session=\"49639bc24e0f0d32f1fa826653b6916b\")>\nmain_page_open = None\n\n    @pytest.fixture()\n    @allure.step('Auto test user authorized')\n    def auto_test_user_authorized(driver, main_page_open):\n        page = BasePage(driver)\n        page.element_is_present_and_clickable(MainPageLocators.LOGIN_BUTTON).click()\n        page.element_is_visible(LoginPageLocators.INPUT_LOGIN).send_keys(os.environ[\"LOGIN\"])\n        page.element_is_visible(LoginPageLocators.INPUT_PASSWORD).send_keys(os.environ[\"PASSWORD\"])\n        page.element_is_present_and_clickable(LoginPageLocators.SIGN_IN_BUTTON).click()\n>       page.check_expected_link(MainPageLinks.URL_GROUPS_PAGE)\n\ntests/conftest.py:178: \n_ _ _ _ _ _ _ _ _ _ _ _ _ _ _ _ _ _ _ _ _ _ _ _ _ _ _ _ _ _ _ _ _ _ _ _ _ _ _ _ \npages/base_page.py:84: in check_expected_link\n    return Wait(self.driver, self.timeout).until(\n_ _ _ _ _ _ _ _ _ _ _ _ _ _ _ _ _ _ _ _ _ _ _ _ _ _ _ _ _ _ _ _ _ _ _ _ _ _ _ _ \n\nself = <selenium.webdriver.support.wait.WebDriverWait (session=\"49639bc24e0f0d32f1fa826653b6916b\")>\nmethod = <function url_to_be.<locals>._predicate at 0x7fa903920680>\nmessage = \"Can't find element by locator https://www.brainup.site/groups\"\n\n    def until(self, method, message: str = \"\"):\n        \"\"\"Calls the method provided with the driver as an argument until the \\\n        return value does not evaluate to ``False``.\n    \n        :param method: callable(WebDriver)\n        :param message: optional message for :exc:`TimeoutException`\n        :returns: the result of the last call to `method`\n        :raises: :exc:`selenium.common.exceptions.TimeoutException` if timeout occurs\n        \"\"\"\n        screen = None\n        stacktrace = None\n    \n        end_time = time.monotonic() + self._timeout\n        while True:\n            try:\n                value = method(self._driver)\n                if value:\n                    return value\n            except self._ignored_exceptions as exc:\n                screen = getattr(exc, \"screen\", None)\n                stacktrace = getattr(exc, \"stacktrace\", None)\n            time.sleep(self._poll)\n            if time.monotonic() > end_time:\n                break\n>       raise TimeoutException(message, screen, stacktrace)\nE       selenium.common.exceptions.TimeoutException: Message: Can't find element by locator https://www.brainup.site/groups\n\n/opt/hostedtoolcache/Python/3.12.12/x64/lib/python3.12/site-packages/selenium/webdriver/support/wait.py:95: TimeoutException","flaky":false,"newFailed":false,"newBroken":true,"newPassed":false,"retriesCount":0,"retriesStatusChange":false,"beforeStages":[{"name":"clear_allure_results_folder","time":{"start":1767463148436,"stop":1767463148436,"duration":0},"status":"passed","steps":[],"attachments":[],"parameters":[],"stepsCount":0,"shouldDisplayMessage":false,"attachmentsCount":0,"hasContent":false,"attachmentStep":false},{"name":"driver","time":{"start":1767463494812,"stop":1767463495569,"duration":757},"status":"passed","steps":[],"attachments":[],"parameters":[],"stepsCount":0,"shouldDisplayMessage":false,"attachmentsCount":0,"hasContent":false,"attachmentStep":false},{"name":"main_page_open","time":{"start":1767463495570,"stop":1767463498053,"duration":2483},"status":"passed","steps":[{"name":"Open page: https://www.brainup.site/","time":{"start":1767463495570,"stop":1767463498053,"duration":2483},"status":"passed","steps":[],"attachments":[],"parameters":[{"name":"driver","value":"<selenium.webdriver.chrome.webdriver.WebDriver (session=\"49639bc24e0f0d32f1fa826653b6916b\")>"}],"stepsCount":0,"shouldDisplayMessage":false,"attachmentsCount":0,"hasContent":true,"attachmentStep":false}],"attachments":[],"parameters":[],"stepsCount":1,"shouldDisplayMessage":false,"attachmentsCount":0,"hasContent":true,"attachmentStep":false},{"name":"auto_test_user_authorized","time":{"start":1767463498053,"stop":1767463518585,"duration":20532},"status":"broken","statusMessage":"selenium.common.exceptions.TimeoutException: Message: Can't find element by locator https://www.brainup.site/groups\n\n","statusTrace":"  File \"/opt/hostedtoolcache/Python/3.12.12/x64/lib/python3.12/site-packages/pluggy/_callers.py\", line 38, in run_old_style_hookwrapper\n    res = yield\n          ^^^^^\n  File \"/opt/hostedtoolcache/Python/3.12.12/x64/lib/python3.12/site-packages/pluggy/_callers.py\", line 139, in _multicall\n    teardown.throw(exception)\n  File \"/opt/hostedtoolcache/Python/3.12.12/x64/lib/python3.12/site-packages/pluggy/_callers.py\", line 53, in run_old_style_hookwrapper\n    return result.get_result()\n           ^^^^^^^^^^^^^^^^^^^\n  File \"/opt/hostedtoolcache/Python/3.12.12/x64/lib/python3.12/site-packages/pluggy/_result.py\", line 103, in get_result\n    raise exc.with_traceback(tb)\n  File \"/opt/hostedtoolcache/Python/3.12.12/x64/lib/python3.12/site-packages/pluggy/_callers.py\", line 38, in run_old_style_hookwrapper\n    res = yield\n          ^^^^^\n  File \"/opt/hostedtoolcache/Python/3.12.12/x64/lib/python3.12/site-packages/pluggy/_callers.py\", line 121, in _multicall\n    res = hook_impl.function(*args)\n          ^^^^^^^^^^^^^^^^^^^^^^^^^\n  File \"/opt/hostedtoolcache/Python/3.12.12/x64/lib/python3.12/site-packages/_pytest/fixtures.py\", line 1123, in pytest_fixture_setup\n    result = call_fixture_func(fixturefunc, request, kwargs)\n             ^^^^^^^^^^^^^^^^^^^^^^^^^^^^^^^^^^^^^^^^^^^^^^^\n  File \"/opt/hostedtoolcache/Python/3.12.12/x64/lib/python3.12/site-packages/_pytest/fixtures.py\", line 902, in call_fixture_func\n    fixture_result = fixturefunc(**kwargs)\n                     ^^^^^^^^^^^^^^^^^^^^^\n  File \"/opt/hostedtoolcache/Python/3.12.12/x64/lib/python3.12/site-packages/allure_commons/_allure.py\", line 192, in impl\n    return func(*a, **kw)\n           ^^^^^^^^^^^^^^\n  File \"/home/runner/work/auto-tests-python/auto-tests-python/tests/conftest.py\", line 178, in auto_test_user_authorized\n    page.check_expected_link(MainPageLinks.URL_GROUPS_PAGE)\n  File \"/home/runner/work/auto-tests-python/auto-tests-python/pages/base_page.py\", line 84, in check_expected_link\n    return Wait(self.driver, self.timeout).until(\n           ^^^^^^^^^^^^^^^^^^^^^^^^^^^^^^^^^^^^^^\n  File \"/opt/hostedtoolcache/Python/3.12.12/x64/lib/python3.12/site-packages/selenium/webdriver/support/wait.py\", line 95, in until\n    raise TimeoutException(message, screen, stacktrace)\n","steps":[{"name":"Auto test user authorized","time":{"start":1767463498053,"stop":1767463518584,"duration":20531},"status":"broken","statusMessage":"selenium.common.exceptions.TimeoutException: Message: Can't find element by locator https://www.brainup.site/groups\n\n","statusTrace":"  File \"/opt/hostedtoolcache/Python/3.12.12/x64/lib/python3.12/site-packages/allure_commons/_allure.py\", line 192, in impl\n    return func(*a, **kw)\n           ^^^^^^^^^^^^^^\n  File \"/home/runner/work/auto-tests-python/auto-tests-python/tests/conftest.py\", line 178, in auto_test_user_authorized\n    page.check_expected_link(MainPageLinks.URL_GROUPS_PAGE)\n  File \"/home/runner/work/auto-tests-python/auto-tests-python/pages/base_page.py\", line 84, in check_expected_link\n    return Wait(self.driver, self.timeout).until(\n           ^^^^^^^^^^^^^^^^^^^^^^^^^^^^^^^^^^^^^^\n  File \"/opt/hostedtoolcache/Python/3.12.12/x64/lib/python3.12/site-packages/selenium/webdriver/support/wait.py\", line 95, in until\n    raise TimeoutException(message, screen, stacktrace)\n","steps":[{"name":"Check url is present: https://www.brainup.site/groups","time":{"start":1767463498439,"stop":1767463518583,"duration":20144},"status":"broken","statusMessage":"selenium.common.exceptions.TimeoutException: Message: Can't find element by locator https://www.brainup.site/groups\n\n","statusTrace":"  File \"/home/runner/work/auto-tests-python/auto-tests-python/pages/base_page.py\", line 84, in check_expected_link\n    return Wait(self.driver, self.timeout).until(\n           ^^^^^^^^^^^^^^^^^^^^^^^^^^^^^^^^^^^^^^\n  File \"/opt/hostedtoolcache/Python/3.12.12/x64/lib/python3.12/site-packages/selenium/webdriver/support/wait.py\", line 95, in until\n    raise TimeoutException(message, screen, stacktrace)\n","steps":[],"attachments":[],"parameters":[],"stepsCount":0,"shouldDisplayMessage":true,"attachmentsCount":0,"hasContent":true,"attachmentStep":false}],"attachments":[],"parameters":[{"name":"driver","value":"<selenium.webdriver.chrome.webdriver.WebDriver (session=\"49639bc24e0f0d32f1fa826653b6916b\")>"},{"name":"main_page_open","value":"None"}],"stepsCount":1,"shouldDisplayMessage":false,"attachmentsCount":0,"hasContent":true,"attachmentStep":false}],"attachments":[],"parameters":[],"stepsCount":2,"shouldDisplayMessage":false,"attachmentsCount":0,"hasContent":true,"attachmentStep":false}],"afterStages":[{"name":"driver::0","time":{"start":1767463518632,"stop":1767463518700,"duration":68},"status":"passed","steps":[],"attachments":[],"parameters":[],"stepsCount":0,"shouldDisplayMessage":false,"attachmentsCount":0,"hasContent":false,"attachmentStep":false}],"labels":[{"name":"epic","value":"The Exercises 'Words' Page on the 'ru' local"},{"name":"parentSuite","value":"tests"},{"name":"suite","value":"exercises_ru_words_page_test"},{"name":"subSuite","value":"TestExercisesRuWordsPage"},{"name":"host","value":"runnervmh13bl"},{"name":"thread","value":"2594-MainThread"},{"name":"framework","value":"pytest"},{"name":"language","value":"cpython3"},{"name":"package","value":"tests.exercises_ru_words_page_test"},{"name":"resultFormat","value":"allure2"}],"parameters":[],"links":[],"hidden":false,"retry":false,"extra":{"severity":"normal","retries":[],"categories":[{"name":"Test defects","matchedStatuses":[],"flaky":false}],"history":{"statistic":{"failed":0,"broken":2,"skipped":0,"passed":56,"unknown":0,"total":58},"items":[{"uid":"8ededc9add49a96c","reportUrl":"https://Brain-up.github.io/auto-tests-python/791/#testresult/8ededc9add49a96c","status":"passed","time":{"start":1767350094066,"stop":1767350094095,"duration":29}},{"uid":"1466cf24c52f1f09","reportUrl":"https://Brain-up.github.io/auto-tests-python/790/#testresult/1466cf24c52f1f09","status":"passed","time":{"start":1767197671006,"stop":1767197671044,"duration":38}},{"uid":"d3c6f6dde889bcf7","reportUrl":"https://Brain-up.github.io/auto-tests-python/789/#testresult/d3c6f6dde889bcf7","status":"passed","time":{"start":1767087816526,"stop":1767087816557,"duration":31}},{"uid":"81cd463f4b883455","reportUrl":"https://Brain-up.github.io/auto-tests-python/788/#testresult/81cd463f4b883455","status":"passed","time":{"start":1766997320951,"stop":1766997320994,"duration":43}},{"uid":"d552cf13b2669742","reportUrl":"https://Brain-up.github.io/auto-tests-python/787/#testresult/d552cf13b2669742","status":"passed","time":{"start":1766923243108,"stop":1766923243153,"duration":45}},{"uid":"84c89cfedeb376a7","reportUrl":"https://Brain-up.github.io/auto-tests-python/786/#testresult/84c89cfedeb376a7","status":"passed","time":{"start":1766833482782,"stop":1766833482815,"duration":33}},{"uid":"802c826170ce0a7","reportUrl":"https://Brain-up.github.io/auto-tests-python/785/#testresult/802c826170ce0a7","status":"passed","time":{"start":1766752373724,"stop":1766752373769,"duration":45}},{"uid":"1cc3d2d6c6d2eae3","reportUrl":"https://Brain-up.github.io/auto-tests-python/784/#testresult/1cc3d2d6c6d2eae3","status":"passed","time":{"start":1766687775175,"stop":1766687775208,"duration":33}},{"uid":"991551d1b2b67f36","reportUrl":"https://Brain-up.github.io/auto-tests-python/783/#testresult/991551d1b2b67f36","status":"passed","time":{"start":1766574636874,"stop":1766574636919,"duration":45}},{"uid":"ed58cb8fa06a3031","reportUrl":"https://Brain-up.github.io/auto-tests-python/782/#testresult/ed58cb8fa06a3031","status":"passed","time":{"start":1766475005382,"stop":1766475005411,"duration":29}},{"uid":"c28fc23e8741dc99","reportUrl":"https://Brain-up.github.io/auto-tests-python/781/#testresult/c28fc23e8741dc99","status":"passed","time":{"start":1766400835647,"stop":1766400835677,"duration":30}},{"uid":"9b3dbe6c9a57d00f","reportUrl":"https://Brain-up.github.io/auto-tests-python/780/#testresult/9b3dbe6c9a57d00f","status":"passed","time":{"start":1766323443082,"stop":1766323443130,"duration":48}},{"uid":"325cbb858b377838","reportUrl":"https://Brain-up.github.io/auto-tests-python/779/#testresult/325cbb858b377838","status":"passed","time":{"start":1766229318683,"stop":1766229318714,"duration":31}},{"uid":"b58503ad0f5d98f6","reportUrl":"https://Brain-up.github.io/auto-tests-python/778/#testresult/b58503ad0f5d98f6","status":"passed","time":{"start":1766132966469,"stop":1766132966521,"duration":52}},{"uid":"4f7dd3b0f0d42daa","reportUrl":"https://Brain-up.github.io/auto-tests-python/777/#testresult/4f7dd3b0f0d42daa","status":"passed","time":{"start":1766051497998,"stop":1766051498046,"duration":48}},{"uid":"edd81469a43ab6c5","reportUrl":"https://Brain-up.github.io/auto-tests-python/776/#testresult/edd81469a43ab6c5","status":"passed","time":{"start":1765969382546,"stop":1765969382592,"duration":46}},{"uid":"b2c9456fd1f58561","reportUrl":"https://Brain-up.github.io/auto-tests-python/775/#testresult/b2c9456fd1f58561","status":"passed","time":{"start":1765882656590,"stop":1765882656622,"duration":32}},{"uid":"50e56e71a758197e","reportUrl":"https://Brain-up.github.io/auto-tests-python/774/#testresult/50e56e71a758197e","status":"passed","time":{"start":1765799491425,"stop":1765799491456,"duration":31}},{"uid":"cbf7226521559ccf","reportUrl":"https://Brain-up.github.io/auto-tests-python/773/#testresult/cbf7226521559ccf","status":"passed","time":{"start":1765736575348,"stop":1765736575382,"duration":34}},{"uid":"8a826f94b7ea126e","reportUrl":"https://Brain-up.github.io/auto-tests-python/772/#testresult/8a826f94b7ea126e","status":"passed","time":{"start":1765626174280,"stop":1765626174314,"duration":34}}]},"tags":[]},"source":"7c98f58a933f4b46.json","parameterValues":[]}