{"uid":"c530d5e4b46c7bab","name":"Select random card from \"Word\" group and compare UI vs BACKEND data","fullName":"tests.test_speech_exercises_en.TestCardsEN#test_random_word_cards_en","historyId":"84999af5e98c6318908a9abbfe6fc3a3","time":{"start":1767464219750,"stop":1767464230126,"duration":10376},"status":"skipped","statusMessage":"XFAIL\n\nselenium.common.exceptions.TimeoutException: Message: Can't find element by locator ('xpath', '//button[@data-test-active-link=\"Words\"]')\nStacktrace:\n#0 0x55c6e85f219a <unknown>\n#1 0x55c6e806fc4b <unknown>\n#2 0x55c6e80c1318 <unknown>\n#3 0x55c6e80c1551 <unknown>\n#4 0x55c6e810f764 <unknown>\n#5 0x55c6e810cbee <unknown>\n#6 0x55c6e80b3c42 <unknown>\n#7 0x55c6e80b48f1 <unknown>\n#8 0x55c6e85baf39 <unknown>\n#9 0x55c6e85bde7d <unknown>\n#10 0x55c6e85a3c81 <unknown>\n#11 0x55c6e85bea5b <unknown>\n#12 0x55c6e858aa50 <unknown>\n#13 0x55c6e85dfaa8 <unknown>\n#14 0x55c6e85dfc79 <unknown>\n#15 0x55c6e85f14f3 <unknown>\n#16 0x7f684ac9caa4 <unknown>\n#17 0x7f684ad29c6c <unknown>","statusTrace":"self = <tests.test_speech_exercises_en.TestCardsEN object at 0x7fa90364c200>\ndriver = <selenium.webdriver.chrome.webdriver.WebDriver (session=\"ddcb365c9f99d9d349060ddb61267966\")>\nspecialist_user_authorized = None\n\n    @pytest.mark.xfail\n    @allure.suite(\"Speech exercises EN.\")\n    @allure.title('Select random card from \"Word\" group and compare UI vs BACKEND data')\n    def test_random_word_cards_en(self, driver, specialist_user_authorized):\n        page = SpeechExercisesPage(driver)\n>       page.select_group(SpeechExercisesPageLocators.WORDS_BUTTON_EN)\n\ntests/test_speech_exercises_en.py:16: \n_ _ _ _ _ _ _ _ _ _ _ _ _ _ _ _ _ _ _ _ _ _ _ _ _ _ _ _ _ _ _ _ _ _ _ _ _ _ _ _ \npages/speech_exercises_page_en.py:18: in select_group\n    text_of_the_button = self.element_is_present_and_clickable(selector_for_sub_group)\npages/base_page.py:40: in element_is_present_and_clickable\n    return (Wait(self.driver, self.timeout).until(\n_ _ _ _ _ _ _ _ _ _ _ _ _ _ _ _ _ _ _ _ _ _ _ _ _ _ _ _ _ _ _ _ _ _ _ _ _ _ _ _ \n\nself = <selenium.webdriver.support.wait.WebDriverWait (session=\"ddcb365c9f99d9d349060ddb61267966\")>\nmethod = <function visibility_of_element_located.<locals>._predicate at 0x7fa9035a6c00>\nmessage = 'Can\\'t find element by locator (\\'xpath\\', \\'//button[@data-test-active-link=\"Words\"]\\')'\n\n    def until(self, method, message: str = \"\"):\n        \"\"\"Calls the method provided with the driver as an argument until the \\\n        return value does not evaluate to ``False``.\n    \n        :param method: callable(WebDriver)\n        :param message: optional message for :exc:`TimeoutException`\n        :returns: the result of the last call to `method`\n        :raises: :exc:`selenium.common.exceptions.TimeoutException` if timeout occurs\n        \"\"\"\n        screen = None\n        stacktrace = None\n    \n        end_time = time.monotonic() + self._timeout\n        while True:\n            try:\n                value = method(self._driver)\n                if value:\n                    return value\n            except self._ignored_exceptions as exc:\n                screen = getattr(exc, \"screen\", None)\n                stacktrace = getattr(exc, \"stacktrace\", None)\n            time.sleep(self._poll)\n            if time.monotonic() > end_time:\n                break\n>       raise TimeoutException(message, screen, stacktrace)\nE       selenium.common.exceptions.TimeoutException: Message: Can't find element by locator ('xpath', '//button[@data-test-active-link=\"Words\"]')\nE       Stacktrace:\nE       #0 0x55c6e85f219a <unknown>\nE       #1 0x55c6e806fc4b <unknown>\nE       #2 0x55c6e80c1318 <unknown>\nE       #3 0x55c6e80c1551 <unknown>\nE       #4 0x55c6e810f764 <unknown>\nE       #5 0x55c6e810cbee <unknown>\nE       #6 0x55c6e80b3c42 <unknown>\nE       #7 0x55c6e80b48f1 <unknown>\nE       #8 0x55c6e85baf39 <unknown>\nE       #9 0x55c6e85bde7d <unknown>\nE       #10 0x55c6e85a3c81 <unknown>\nE       #11 0x55c6e85bea5b <unknown>\nE       #12 0x55c6e858aa50 <unknown>\nE       #13 0x55c6e85dfaa8 <unknown>\nE       #14 0x55c6e85dfc79 <unknown>\nE       #15 0x55c6e85f14f3 <unknown>\nE       #16 0x7f684ac9caa4 <unknown>\nE       #17 0x7f684ad29c6c <unknown>\n\n/opt/hostedtoolcache/Python/3.12.12/x64/lib/python3.12/site-packages/selenium/webdriver/support/wait.py:95: TimeoutException","flaky":false,"newFailed":false,"newBroken":false,"newPassed":false,"retriesCount":0,"retriesStatusChange":false,"beforeStages":[{"name":"clear_allure_results_folder","time":{"start":1767463148436,"stop":1767463148436,"duration":0},"status":"passed","steps":[],"attachments":[],"parameters":[],"stepsCount":0,"shouldDisplayMessage":false,"attachmentsCount":0,"hasContent":false,"attachmentStep":false},{"name":"driver","time":{"start":1767464214110,"stop":1767464214869,"duration":759},"status":"passed","steps":[],"attachments":[],"parameters":[],"stepsCount":0,"shouldDisplayMessage":false,"attachmentsCount":0,"hasContent":false,"attachmentStep":false},{"name":"main_page_open","time":{"start":1767464214869,"stop":1767464217316,"duration":2447},"status":"passed","steps":[{"name":"Open page: https://www.brainup.site/","time":{"start":1767464214869,"stop":1767464217316,"duration":2447},"status":"passed","steps":[],"attachments":[],"parameters":[{"name":"driver","value":"<selenium.webdriver.chrome.webdriver.WebDriver (session=\"ddcb365c9f99d9d349060ddb61267966\")>"}],"stepsCount":0,"shouldDisplayMessage":false,"attachmentsCount":0,"hasContent":true,"attachmentStep":false}],"attachments":[],"parameters":[],"stepsCount":1,"shouldDisplayMessage":false,"attachmentsCount":0,"hasContent":true,"attachmentStep":false},{"name":"specialist_user_authorized","time":{"start":1767464217316,"stop":1767464219750,"duration":2434},"status":"passed","steps":[{"name":"USER specialist authorized","time":{"start":1767464217316,"stop":1767464219750,"duration":2434},"status":"passed","steps":[{"name":"Check url is present: https://www.brainup.site/groups","time":{"start":1767464217708,"stop":1767464219727,"duration":2019},"status":"passed","steps":[],"attachments":[],"parameters":[],"stepsCount":0,"shouldDisplayMessage":false,"attachmentsCount":0,"hasContent":false,"attachmentStep":false},{"name":"Loader checking","time":{"start":1767464219727,"stop":1767464219750,"duration":23},"status":"passed","steps":[],"attachments":[],"parameters":[],"stepsCount":0,"shouldDisplayMessage":false,"attachmentsCount":0,"hasContent":false,"attachmentStep":false}],"attachments":[],"parameters":[{"name":"driver","value":"<selenium.webdriver.chrome.webdriver.WebDriver (session=\"ddcb365c9f99d9d349060ddb61267966\")>"},{"name":"main_page_open","value":"None"}],"stepsCount":2,"shouldDisplayMessage":false,"attachmentsCount":0,"hasContent":true,"attachmentStep":false}],"attachments":[],"parameters":[],"stepsCount":3,"shouldDisplayMessage":false,"attachmentsCount":0,"hasContent":true,"attachmentStep":false}],"testStage":{"status":"skipped","statusMessage":"XFAIL\n\nselenium.common.exceptions.TimeoutException: Message: Can't find element by locator ('xpath', '//button[@data-test-active-link=\"Words\"]')\nStacktrace:\n#0 0x55c6e85f219a <unknown>\n#1 0x55c6e806fc4b <unknown>\n#2 0x55c6e80c1318 <unknown>\n#3 0x55c6e80c1551 <unknown>\n#4 0x55c6e810f764 <unknown>\n#5 0x55c6e810cbee <unknown>\n#6 0x55c6e80b3c42 <unknown>\n#7 0x55c6e80b48f1 <unknown>\n#8 0x55c6e85baf39 <unknown>\n#9 0x55c6e85bde7d <unknown>\n#10 0x55c6e85a3c81 <unknown>\n#11 0x55c6e85bea5b <unknown>\n#12 0x55c6e858aa50 <unknown>\n#13 0x55c6e85dfaa8 <unknown>\n#14 0x55c6e85dfc79 <unknown>\n#15 0x55c6e85f14f3 <unknown>\n#16 0x7f684ac9caa4 <unknown>\n#17 0x7f684ad29c6c <unknown>","statusTrace":"self = <tests.test_speech_exercises_en.TestCardsEN object at 0x7fa90364c200>\ndriver = <selenium.webdriver.chrome.webdriver.WebDriver (session=\"ddcb365c9f99d9d349060ddb61267966\")>\nspecialist_user_authorized = None\n\n    @pytest.mark.xfail\n    @allure.suite(\"Speech exercises EN.\")\n    @allure.title('Select random card from \"Word\" group and compare UI vs BACKEND data')\n    def test_random_word_cards_en(self, driver, specialist_user_authorized):\n        page = SpeechExercisesPage(driver)\n>       page.select_group(SpeechExercisesPageLocators.WORDS_BUTTON_EN)\n\ntests/test_speech_exercises_en.py:16: \n_ _ _ _ _ _ _ _ _ _ _ _ _ _ _ _ _ _ _ _ _ _ _ _ _ _ _ _ _ _ _ _ _ _ _ _ _ _ _ _ \npages/speech_exercises_page_en.py:18: in select_group\n    text_of_the_button = self.element_is_present_and_clickable(selector_for_sub_group)\npages/base_page.py:40: in element_is_present_and_clickable\n    return (Wait(self.driver, self.timeout).until(\n_ _ _ _ _ _ _ _ _ _ _ _ _ _ _ _ _ _ _ _ _ _ _ _ _ _ _ _ _ _ _ _ _ _ _ _ _ _ _ _ \n\nself = <selenium.webdriver.support.wait.WebDriverWait (session=\"ddcb365c9f99d9d349060ddb61267966\")>\nmethod = <function visibility_of_element_located.<locals>._predicate at 0x7fa9035a6c00>\nmessage = 'Can\\'t find element by locator (\\'xpath\\', \\'//button[@data-test-active-link=\"Words\"]\\')'\n\n    def until(self, method, message: str = \"\"):\n        \"\"\"Calls the method provided with the driver as an argument until the \\\n        return value does not evaluate to ``False``.\n    \n        :param method: callable(WebDriver)\n        :param message: optional message for :exc:`TimeoutException`\n        :returns: the result of the last call to `method`\n        :raises: :exc:`selenium.common.exceptions.TimeoutException` if timeout occurs\n        \"\"\"\n        screen = None\n        stacktrace = None\n    \n        end_time = time.monotonic() + self._timeout\n        while True:\n            try:\n                value = method(self._driver)\n                if value:\n                    return value\n            except self._ignored_exceptions as exc:\n                screen = getattr(exc, \"screen\", None)\n                stacktrace = getattr(exc, \"stacktrace\", None)\n            time.sleep(self._poll)\n            if time.monotonic() > end_time:\n                break\n>       raise TimeoutException(message, screen, stacktrace)\nE       selenium.common.exceptions.TimeoutException: Message: Can't find element by locator ('xpath', '//button[@data-test-active-link=\"Words\"]')\nE       Stacktrace:\nE       #0 0x55c6e85f219a <unknown>\nE       #1 0x55c6e806fc4b <unknown>\nE       #2 0x55c6e80c1318 <unknown>\nE       #3 0x55c6e80c1551 <unknown>\nE       #4 0x55c6e810f764 <unknown>\nE       #5 0x55c6e810cbee <unknown>\nE       #6 0x55c6e80b3c42 <unknown>\nE       #7 0x55c6e80b48f1 <unknown>\nE       #8 0x55c6e85baf39 <unknown>\nE       #9 0x55c6e85bde7d <unknown>\nE       #10 0x55c6e85a3c81 <unknown>\nE       #11 0x55c6e85bea5b <unknown>\nE       #12 0x55c6e858aa50 <unknown>\nE       #13 0x55c6e85dfaa8 <unknown>\nE       #14 0x55c6e85dfc79 <unknown>\nE       #15 0x55c6e85f14f3 <unknown>\nE       #16 0x7f684ac9caa4 <unknown>\nE       #17 0x7f684ad29c6c <unknown>\n\n/opt/hostedtoolcache/Python/3.12.12/x64/lib/python3.12/site-packages/selenium/webdriver/support/wait.py:95: TimeoutException","steps":[{"name":"select_group","time":{"start":1767464219750,"stop":1767464230125,"duration":10375},"status":"broken","statusMessage":"selenium.common.exceptions.TimeoutException: Message: Can't find element by locator ('xpath', '//button[@data-test-active-link=\"Words\"]')\nStacktrace:\n#0 0x55c6e85f219a <unknown>\n#1 0x55c6e806fc4b <unknown>\n#2 0x55c6e80c1318 <unknown>\n#3 0x55c6e80c1551 <unknown>\n#4 0x55c6e810f764 <unknown>\n#5 0x55c6e810cbee <unknown>\n#6 0x55c6e80b3c42 <unknown>\n#7 0x55c6e80b48f1 <unknown>\n#8 0x55c6e85baf39 <unknown>\n#9 0x55c6e85bde7d <unknown>\n#10 0x55c6e85a3c81 <unknown>\n#11 0x55c6e85bea5b <unknown>\n#12 0x55c6e858aa50 <unknown>\n#13 0x55c6e85dfaa8 <unknown>\n#14 0x55c6e85dfc79 <unknown>\n#15 0x55c6e85f14f3 <unknown>\n#16 0x7f684ac9caa4 <unknown>\n#17 0x7f684ad29c6c <unknown>\n\n","statusTrace":"  File \"/opt/hostedtoolcache/Python/3.12.12/x64/lib/python3.12/site-packages/allure_commons/_allure.py\", line 192, in impl\n    return func(*a, **kw)\n           ^^^^^^^^^^^^^^\n  File \"/home/runner/work/auto-tests-python/auto-tests-python/pages/speech_exercises_page_en.py\", line 18, in select_group\n    text_of_the_button = self.element_is_present_and_clickable(selector_for_sub_group)\n                         ^^^^^^^^^^^^^^^^^^^^^^^^^^^^^^^^^^^^^^^^^^^^^^^^^^^^^^^^^^^^^\n  File \"/home/runner/work/auto-tests-python/auto-tests-python/pages/base_page.py\", line 40, in element_is_present_and_clickable\n    return (Wait(self.driver, self.timeout).until(\n            ^^^^^^^^^^^^^^^^^^^^^^^^^^^^^^^^^^^^^^\n  File \"/opt/hostedtoolcache/Python/3.12.12/x64/lib/python3.12/site-packages/selenium/webdriver/support/wait.py\", line 95, in until\n    raise TimeoutException(message, screen, stacktrace)\n","steps":[{"name":"Select Russian language. Click \"EN\" button.","time":{"start":1767464219750,"stop":1767464219829,"duration":79},"status":"passed","steps":[],"attachments":[],"parameters":[],"stepsCount":0,"shouldDisplayMessage":false,"attachmentsCount":0,"hasContent":false,"attachmentStep":false},{"name":"Click button \"SPEECH EXERCISES\".","time":{"start":1767464219829,"stop":1767464219912,"duration":83},"status":"passed","steps":[],"attachments":[],"parameters":[],"stepsCount":0,"shouldDisplayMessage":false,"attachmentsCount":0,"hasContent":false,"attachmentStep":false}],"attachments":[],"parameters":[{"name":"selector_for_sub_group","value":"('xpath', '//button[@data-test-active-link=\"Words\"]')"}],"stepsCount":2,"shouldDisplayMessage":true,"attachmentsCount":0,"hasContent":true,"attachmentStep":false}],"attachments":[],"parameters":[],"stepsCount":3,"shouldDisplayMessage":true,"attachmentsCount":0,"hasContent":true,"attachmentStep":false},"afterStages":[{"name":"driver::0","time":{"start":1767464230137,"stop":1767464230209,"duration":72},"status":"passed","steps":[],"attachments":[],"parameters":[],"stepsCount":0,"shouldDisplayMessage":false,"attachmentsCount":0,"hasContent":false,"attachmentStep":false}],"labels":[{"name":"epic","value":"Speech exercises."},{"name":"suite","value":"Speech exercises EN."},{"name":"tag","value":"@pytest.mark.xfail"},{"name":"parentSuite","value":"tests"},{"name":"subSuite","value":"TestCardsEN"},{"name":"host","value":"runnervmh13bl"},{"name":"thread","value":"2594-MainThread"},{"name":"framework","value":"pytest"},{"name":"language","value":"cpython3"},{"name":"package","value":"tests.test_speech_exercises_en"},{"name":"resultFormat","value":"allure2"}],"parameters":[],"links":[],"hidden":false,"retry":false,"extra":{"severity":"normal","retries":[],"categories":[],"history":{"statistic":{"failed":0,"broken":0,"skipped":57,"passed":1,"unknown":0,"total":58},"items":[{"uid":"d7832fd2125a3fd","reportUrl":"https://Brain-up.github.io/auto-tests-python/791/#testresult/d7832fd2125a3fd","status":"skipped","statusDetails":"XFAIL\n\nselenium.common.exceptions.TimeoutException: Message: Can't find element by locator ('xpath', '//button[@data-test-active-link=\"Words\"]')\nStacktrace:\n#0 0x55db569e219a <unknown>\n#1 0x55db5645fc4b <unknown>\n#2 0x55db564b1318 <unknown>\n#3 0x55db564b1551 <unknown>\n#4 0x55db564ff764 <unknown>\n#5 0x55db564fcbee <unknown>\n#6 0x55db564a3c42 <unknown>\n#7 0x55db564a48f1 <unknown>\n#8 0x55db569aaf39 <unknown>\n#9 0x55db569ade7d <unknown>\n#10 0x55db56993c81 <unknown>\n#11 0x55db569aea5b <unknown>\n#12 0x55db5697aa50 <unknown>\n#13 0x55db569cfaa8 <unknown>\n#14 0x55db569cfc79 <unknown>\n#15 0x55db569e14f3 <unknown>\n#16 0x7f7ee6a9caa4 <unknown>\n#17 0x7f7ee6b29c6c <unknown>","time":{"start":1767350936908,"stop":1767350947251,"duration":10343}},{"uid":"ed3aec5721c24f0f","reportUrl":"https://Brain-up.github.io/auto-tests-python/790/#testresult/ed3aec5721c24f0f","status":"skipped","statusDetails":"XFAIL\n\nselenium.common.exceptions.TimeoutException: Message: Can't find element by locator ('xpath', '//button[@data-test-active-link=\"Words\"]')\nStacktrace:\n#0 0x5562dd03e19a <unknown>\n#1 0x5562dcabbc4b <unknown>\n#2 0x5562dcb0d318 <unknown>\n#3 0x5562dcb0d551 <unknown>\n#4 0x5562dcb5b764 <unknown>\n#5 0x5562dcb58bee <unknown>\n#6 0x5562dcaffc42 <unknown>\n#7 0x5562dcb008f1 <unknown>\n#8 0x5562dd006f39 <unknown>\n#9 0x5562dd009e7d <unknown>\n#10 0x5562dcfefc81 <unknown>\n#11 0x5562dd00aa5b <unknown>\n#12 0x5562dcfd6a50 <unknown>\n#13 0x5562dd02baa8 <unknown>\n#14 0x5562dd02bc79 <unknown>\n#15 0x5562dd03d4f3 <unknown>\n#16 0x7f399929caa4 <unknown>\n#17 0x7f3999329c6c <unknown>","time":{"start":1767198338852,"stop":1767198349197,"duration":10345}},{"uid":"92b1933e17baf308","reportUrl":"https://Brain-up.github.io/auto-tests-python/789/#testresult/92b1933e17baf308","status":"skipped","statusDetails":"XFAIL\n\nselenium.common.exceptions.TimeoutException: Message: Can't find element by locator ('xpath', '//button[@data-test-active-link=\"Words\"]')\nStacktrace:\n#0 0x55daec49619a <unknown>\n#1 0x55daebf13c4b <unknown>\n#2 0x55daebf65318 <unknown>\n#3 0x55daebf65551 <unknown>\n#4 0x55daebfb3764 <unknown>\n#5 0x55daebfb0bee <unknown>\n#6 0x55daebf57c42 <unknown>\n#7 0x55daebf588f1 <unknown>\n#8 0x55daec45ef39 <unknown>\n#9 0x55daec461e7d <unknown>\n#10 0x55daec447c81 <unknown>\n#11 0x55daec462a5b <unknown>\n#12 0x55daec42ea50 <unknown>\n#13 0x55daec483aa8 <unknown>\n#14 0x55daec483c79 <unknown>\n#15 0x55daec4954f3 <unknown>\n#16 0x7fa06d69caa4 <unknown>\n#17 0x7fa06d729c6c <unknown>","time":{"start":1767088568969,"stop":1767088579334,"duration":10365}},{"uid":"b89c2223080470be","reportUrl":"https://Brain-up.github.io/auto-tests-python/788/#testresult/b89c2223080470be","status":"skipped","statusDetails":"XFAIL\n\nselenium.common.exceptions.TimeoutException: Message: Can't find element by locator ('xpath', '//button[@data-test-active-link=\"Words\"]')\nStacktrace:\n#0 0x55a642c7f19a <unknown>\n#1 0x55a6426fcc4b <unknown>\n#2 0x55a64274e318 <unknown>\n#3 0x55a64274e551 <unknown>\n#4 0x55a64279c764 <unknown>\n#5 0x55a642799bee <unknown>\n#6 0x55a642740c42 <unknown>\n#7 0x55a6427418f1 <unknown>\n#8 0x55a642c47f39 <unknown>\n#9 0x55a642c4ae7d <unknown>\n#10 0x55a642c30c81 <unknown>\n#11 0x55a642c4ba5b <unknown>\n#12 0x55a642c17a50 <unknown>\n#13 0x55a642c6caa8 <unknown>\n#14 0x55a642c6cc79 <unknown>\n#15 0x55a642c7e4f3 <unknown>\n#16 0x7f4ae369caa4 <unknown>\n#17 0x7f4ae3729c6c <unknown>","time":{"start":1766998152011,"stop":1766998162317,"duration":10306}},{"uid":"39f554612aa16213","reportUrl":"https://Brain-up.github.io/auto-tests-python/787/#testresult/39f554612aa16213","status":"skipped","statusDetails":"XFAIL\n\nselenium.common.exceptions.TimeoutException: Message: Can't find element by locator ('xpath', '//button[@data-test-active-link=\"Words\"]')\nStacktrace:\n#0 0x55a01b16519a <unknown>\n#1 0x55a01abe2c4b <unknown>\n#2 0x55a01ac34318 <unknown>\n#3 0x55a01ac34551 <unknown>\n#4 0x55a01ac82764 <unknown>\n#5 0x55a01ac7fbee <unknown>\n#6 0x55a01ac26c42 <unknown>\n#7 0x55a01ac278f1 <unknown>\n#8 0x55a01b12df39 <unknown>\n#9 0x55a01b130e7d <unknown>\n#10 0x55a01b116c81 <unknown>\n#11 0x55a01b131a5b <unknown>\n#12 0x55a01b0fda50 <unknown>\n#13 0x55a01b152aa8 <unknown>\n#14 0x55a01b152c79 <unknown>\n#15 0x55a01b1644f3 <unknown>\n#16 0x7fe5ac49caa4 <unknown>\n#17 0x7fe5ac529c6c <unknown>","time":{"start":1766923975483,"stop":1766923987458,"duration":11975}},{"uid":"62fc4c34f41cebad","reportUrl":"https://Brain-up.github.io/auto-tests-python/786/#testresult/62fc4c34f41cebad","status":"skipped","statusDetails":"XFAIL\n\nselenium.common.exceptions.TimeoutException: Message: Can't find element by locator ('xpath', '//button[@data-test-active-link=\"Words\"]')\nStacktrace:\n#0 0x558c03e3f19a <unknown>\n#1 0x558c038bcc4b <unknown>\n#2 0x558c0390e318 <unknown>\n#3 0x558c0390e551 <unknown>\n#4 0x558c0395c764 <unknown>\n#5 0x558c03959bee <unknown>\n#6 0x558c03900c42 <unknown>\n#7 0x558c039018f1 <unknown>\n#8 0x558c03e07f39 <unknown>\n#9 0x558c03e0ae7d <unknown>\n#10 0x558c03df0c81 <unknown>\n#11 0x558c03e0ba5b <unknown>\n#12 0x558c03dd7a50 <unknown>\n#13 0x558c03e2caa8 <unknown>\n#14 0x558c03e2cc79 <unknown>\n#15 0x558c03e3e4f3 <unknown>\n#16 0x7f5f50e9caa4 <unknown>\n#17 0x7f5f50f29c6c <unknown>","time":{"start":1766834210267,"stop":1766834220615,"duration":10348}},{"uid":"335ecb265e24c165","reportUrl":"https://Brain-up.github.io/auto-tests-python/785/#testresult/335ecb265e24c165","status":"skipped","statusDetails":"XFAIL\n\nselenium.common.exceptions.TimeoutException: Message: Can't find element by locator ('xpath', '//button[@data-test-active-link=\"Words\"]')\nStacktrace:\n#0 0x5593d599619a <unknown>\n#1 0x5593d5413c4b <unknown>\n#2 0x5593d5465318 <unknown>\n#3 0x5593d5465551 <unknown>\n#4 0x5593d54b3764 <unknown>\n#5 0x5593d54b0bee <unknown>\n#6 0x5593d5457c42 <unknown>\n#7 0x5593d54588f1 <unknown>\n#8 0x5593d595ef39 <unknown>\n#9 0x5593d5961e7d <unknown>\n#10 0x5593d5947c81 <unknown>\n#11 0x5593d5962a5b <unknown>\n#12 0x5593d592ea50 <unknown>\n#13 0x5593d5983aa8 <unknown>\n#14 0x5593d5983c79 <unknown>\n#15 0x5593d59954f3 <unknown>\n#16 0x7f38ff89caa4 <unknown>\n#17 0x7f38ff929c6c <unknown>","time":{"start":1766753108376,"stop":1766753118682,"duration":10306}},{"uid":"5b2838401134b5b4","reportUrl":"https://Brain-up.github.io/auto-tests-python/784/#testresult/5b2838401134b5b4","status":"skipped","statusDetails":"XFAIL\n\nselenium.common.exceptions.TimeoutException: Message: Can't find element by locator ('xpath', '//button[@data-test-active-link=\"Words\"]')\nStacktrace:\n#0 0x557f5b69219a <unknown>\n#1 0x557f5b10fc4b <unknown>\n#2 0x557f5b161318 <unknown>\n#3 0x557f5b161551 <unknown>\n#4 0x557f5b1af764 <unknown>\n#5 0x557f5b1acbee <unknown>\n#6 0x557f5b153c42 <unknown>\n#7 0x557f5b1548f1 <unknown>\n#8 0x557f5b65af39 <unknown>\n#9 0x557f5b65de7d <unknown>\n#10 0x557f5b643c81 <unknown>\n#11 0x557f5b65ea5b <unknown>\n#12 0x557f5b62aa50 <unknown>\n#13 0x557f5b67faa8 <unknown>\n#14 0x557f5b67fc79 <unknown>\n#15 0x557f5b6914f3 <unknown>\n#16 0x7f63cd49caa4 <unknown>\n#17 0x7f63cd529c6c <unknown>","time":{"start":1766688456642,"stop":1766688466982,"duration":10340}},{"uid":"b40e9ad4508a1e43","reportUrl":"https://Brain-up.github.io/auto-tests-python/783/#testresult/b40e9ad4508a1e43","status":"skipped","statusDetails":"XFAIL\n\nselenium.common.exceptions.TimeoutException: Message: Can't find element by locator ('xpath', '//button[@data-test-active-link=\"Words\"]')\nStacktrace:\n#0 0x55ebe214c19a <unknown>\n#1 0x55ebe1bc9c4b <unknown>\n#2 0x55ebe1c1b318 <unknown>\n#3 0x55ebe1c1b551 <unknown>\n#4 0x55ebe1c69764 <unknown>\n#5 0x55ebe1c66bee <unknown>\n#6 0x55ebe1c0dc42 <unknown>\n#7 0x55ebe1c0e8f1 <unknown>\n#8 0x55ebe2114f39 <unknown>\n#9 0x55ebe2117e7d <unknown>\n#10 0x55ebe20fdc81 <unknown>\n#11 0x55ebe2118a5b <unknown>\n#12 0x55ebe20e4a50 <unknown>\n#13 0x55ebe2139aa8 <unknown>\n#14 0x55ebe2139c79 <unknown>\n#15 0x55ebe214b4f3 <unknown>\n#16 0x7f657929caa4 <unknown>\n#17 0x7f6579329c6c <unknown>","time":{"start":1766575467749,"stop":1766575478129,"duration":10380}},{"uid":"8cb7240c3020e3d1","reportUrl":"https://Brain-up.github.io/auto-tests-python/782/#testresult/8cb7240c3020e3d1","status":"skipped","statusDetails":"XFAIL\n\nselenium.common.exceptions.TimeoutException: Message: Can't find element by locator ('xpath', '//button[@data-test-active-link=\"Words\"]')\nStacktrace:\n#0 0x5618ac0be19a <unknown>\n#1 0x5618abb3bc4b <unknown>\n#2 0x5618abb8d318 <unknown>\n#3 0x5618abb8d551 <unknown>\n#4 0x5618abbdb764 <unknown>\n#5 0x5618abbd8bee <unknown>\n#6 0x5618abb7fc42 <unknown>\n#7 0x5618abb808f1 <unknown>\n#8 0x5618ac086f39 <unknown>\n#9 0x5618ac089e7d <unknown>\n#10 0x5618ac06fc81 <unknown>\n#11 0x5618ac08aa5b <unknown>\n#12 0x5618ac056a50 <unknown>\n#13 0x5618ac0abaa8 <unknown>\n#14 0x5618ac0abc79 <unknown>\n#15 0x5618ac0bd4f3 <unknown>\n#16 0x7ffa4ac9caa4 <unknown>\n#17 0x7ffa4ad29c6c <unknown>","time":{"start":1766475735861,"stop":1766475746165,"duration":10304}},{"uid":"19d4af354b108ad8","reportUrl":"https://Brain-up.github.io/auto-tests-python/781/#testresult/19d4af354b108ad8","status":"skipped","statusDetails":"XFAIL\n\nselenium.common.exceptions.TimeoutException: Message: Can't find element by locator ('xpath', '//button[@data-test-active-link=\"Words\"]')\nStacktrace:\n#0 0x555c500ba19a <unknown>\n#1 0x555c4fb37c4b <unknown>\n#2 0x555c4fb89318 <unknown>\n#3 0x555c4fb89551 <unknown>\n#4 0x555c4fbd7764 <unknown>\n#5 0x555c4fbd4bee <unknown>\n#6 0x555c4fb7bc42 <unknown>\n#7 0x555c4fb7c8f1 <unknown>\n#8 0x555c50082f39 <unknown>\n#9 0x555c50085e7d <unknown>\n#10 0x555c5006bc81 <unknown>\n#11 0x555c50086a5b <unknown>\n#12 0x555c50052a50 <unknown>\n#13 0x555c500a7aa8 <unknown>\n#14 0x555c500a7c79 <unknown>\n#15 0x555c500b94f3 <unknown>\n#16 0x7fb7d289caa4 <unknown>\n#17 0x7fb7d2929c6c <unknown>","time":{"start":1766401576347,"stop":1766401586705,"duration":10358}},{"uid":"482a9b23f3131676","reportUrl":"https://Brain-up.github.io/auto-tests-python/780/#testresult/482a9b23f3131676","status":"skipped","statusDetails":"XFAIL\n\nselenium.common.exceptions.TimeoutException: Message: Can't find element by locator ('xpath', '//button[@data-test-active-link=\"Words\"]')\nStacktrace:\n#0 0x557618eea19a <unknown>\n#1 0x557618967c4b <unknown>\n#2 0x5576189b9318 <unknown>\n#3 0x5576189b9551 <unknown>\n#4 0x557618a07764 <unknown>\n#5 0x557618a04bee <unknown>\n#6 0x5576189abc42 <unknown>\n#7 0x5576189ac8f1 <unknown>\n#8 0x557618eb2f39 <unknown>\n#9 0x557618eb5e7d <unknown>\n#10 0x557618e9bc81 <unknown>\n#11 0x557618eb6a5b <unknown>\n#12 0x557618e82a50 <unknown>\n#13 0x557618ed7aa8 <unknown>\n#14 0x557618ed7c79 <unknown>\n#15 0x557618ee94f3 <unknown>\n#16 0x7ff916a9caa4 <unknown>\n#17 0x7ff916b29c6c <unknown>","time":{"start":1766324261747,"stop":1766324272080,"duration":10333}},{"uid":"f42d92d40df2935a","reportUrl":"https://Brain-up.github.io/auto-tests-python/779/#testresult/f42d92d40df2935a","status":"skipped","statusDetails":"XFAIL\n\nselenium.common.exceptions.TimeoutException: Message: Can't find element by locator ('xpath', '//button[@data-test-active-link=\"Words\"]')\nStacktrace:\n#0 0x562c15f9f19a <unknown>\n#1 0x562c15a1cc4b <unknown>\n#2 0x562c15a6e318 <unknown>\n#3 0x562c15a6e551 <unknown>\n#4 0x562c15abc764 <unknown>\n#5 0x562c15ab9bee <unknown>\n#6 0x562c15a60c42 <unknown>\n#7 0x562c15a618f1 <unknown>\n#8 0x562c15f67f39 <unknown>\n#9 0x562c15f6ae7d <unknown>\n#10 0x562c15f50c81 <unknown>\n#11 0x562c15f6ba5b <unknown>\n#12 0x562c15f37a50 <unknown>\n#13 0x562c15f8caa8 <unknown>\n#14 0x562c15f8cc79 <unknown>\n#15 0x562c15f9e4f3 <unknown>\n#16 0x7f2756a9caa4 <unknown>\n#17 0x7f2756b29c6c <unknown>","time":{"start":1766229975076,"stop":1766229985408,"duration":10332}},{"uid":"eca6f2c29c90080a","reportUrl":"https://Brain-up.github.io/auto-tests-python/778/#testresult/eca6f2c29c90080a","status":"skipped","statusDetails":"XFAIL\n\nselenium.common.exceptions.TimeoutException: Message: Can't find element by locator ('xpath', '//button[@data-test-active-link=\"Words\"]')\nStacktrace:\n#0 0x56380000619a <unknown>\n#1 0x5637ffa83c4b <unknown>\n#2 0x5637ffad5318 <unknown>\n#3 0x5637ffad5551 <unknown>\n#4 0x5637ffb23764 <unknown>\n#5 0x5637ffb20bee <unknown>\n#6 0x5637ffac7c42 <unknown>\n#7 0x5637ffac88f1 <unknown>\n#8 0x5637fffcef39 <unknown>\n#9 0x5637fffd1e7d <unknown>\n#10 0x5637fffb7c81 <unknown>\n#11 0x5637fffd2a5b <unknown>\n#12 0x5637fff9ea50 <unknown>\n#13 0x5637ffff3aa8 <unknown>\n#14 0x5637ffff3c79 <unknown>\n#15 0x5638000054f3 <unknown>\n#16 0x7f3cc3a9caa4 <unknown>\n#17 0x7f3cc3b29c6c <unknown>","time":{"start":1766133643285,"stop":1766133653640,"duration":10355}},{"uid":"17d975c2fa2b4c70","reportUrl":"https://Brain-up.github.io/auto-tests-python/777/#testresult/17d975c2fa2b4c70","status":"skipped","statusDetails":"XFAIL\n\nselenium.common.exceptions.TimeoutException: Message: Can't find element by locator ('xpath', '//button[@data-test-active-link=\"Words\"]')\nStacktrace:\n#0 0x561bd21ef19a <unknown>\n#1 0x561bd1c6cc4b <unknown>\n#2 0x561bd1cbe318 <unknown>\n#3 0x561bd1cbe551 <unknown>\n#4 0x561bd1d0c764 <unknown>\n#5 0x561bd1d09bee <unknown>\n#6 0x561bd1cb0c42 <unknown>\n#7 0x561bd1cb18f1 <unknown>\n#8 0x561bd21b7f39 <unknown>\n#9 0x561bd21bae7d <unknown>\n#10 0x561bd21a0c81 <unknown>\n#11 0x561bd21bba5b <unknown>\n#12 0x561bd2187a50 <unknown>\n#13 0x561bd21dcaa8 <unknown>\n#14 0x561bd21dcc79 <unknown>\n#15 0x561bd21ee4f3 <unknown>\n#16 0x7fed9189caa4 <unknown>\n#17 0x7fed91929c6c <unknown>","time":{"start":1766052331794,"stop":1766052342192,"duration":10398}},{"uid":"ffccd1e1f1038592","reportUrl":"https://Brain-up.github.io/auto-tests-python/776/#testresult/ffccd1e1f1038592","status":"skipped","statusDetails":"XFAIL\n\nselenium.common.exceptions.TimeoutException: Message: Can't find element by locator ('xpath', '//button[@data-test-active-link=\"Words\"]')\nStacktrace:\n#0 0x55c24738116a <unknown>\n#1 0x55c246dfec4b <unknown>\n#2 0x55c246e50318 <unknown>\n#3 0x55c246e50551 <unknown>\n#4 0x55c246e9e764 <unknown>\n#5 0x55c246e9bbee <unknown>\n#6 0x55c246e42c42 <unknown>\n#7 0x55c246e438f1 <unknown>\n#8 0x55c247349f09 <unknown>\n#9 0x55c24734ce4d <unknown>\n#10 0x55c247332c51 <unknown>\n#11 0x55c24734da2b <unknown>\n#12 0x55c247319a20 <unknown>\n#13 0x55c24736ea78 <unknown>\n#14 0x55c24736ec49 <unknown>\n#15 0x55c2473804c3 <unknown>\n#16 0x7f94b529caa4 <unknown>\n#17 0x7f94b5329c6c <unknown>","time":{"start":1765970208331,"stop":1765970218714,"duration":10383}},{"uid":"5e4ef01f30ab6c04","reportUrl":"https://Brain-up.github.io/auto-tests-python/775/#testresult/5e4ef01f30ab6c04","status":"skipped","statusDetails":"XFAIL\n\nselenium.common.exceptions.TimeoutException: Message: Can't find element by locator ('xpath', '//button[@data-test-active-link=\"Words\"]')\nStacktrace:\n#0 0x55a1f70d316a <unknown>\n#1 0x55a1f6b50c4b <unknown>\n#2 0x55a1f6ba2318 <unknown>\n#3 0x55a1f6ba2551 <unknown>\n#4 0x55a1f6bf0764 <unknown>\n#5 0x55a1f6bedbee <unknown>\n#6 0x55a1f6b94c42 <unknown>\n#7 0x55a1f6b958f1 <unknown>\n#8 0x55a1f709bf09 <unknown>\n#9 0x55a1f709ee4d <unknown>\n#10 0x55a1f7084c51 <unknown>\n#11 0x55a1f709fa2b <unknown>\n#12 0x55a1f706ba20 <unknown>\n#13 0x55a1f70c0a78 <unknown>\n#14 0x55a1f70c0c49 <unknown>\n#15 0x55a1f70d24c3 <unknown>\n#16 0x7f428f29caa4 <unknown>\n#17 0x7f428f329c6c <unknown>","time":{"start":1765883418598,"stop":1765883428954,"duration":10356}},{"uid":"86871894b8cdac0c","reportUrl":"https://Brain-up.github.io/auto-tests-python/774/#testresult/86871894b8cdac0c","status":"skipped","statusDetails":"XFAIL\n\nselenium.common.exceptions.TimeoutException: Message: Can't find element by locator ('xpath', '//button[@data-test-active-link=\"Words\"]')\nStacktrace:\n#0 0x558efd19b16a <unknown>\n#1 0x558efcc18c4b <unknown>\n#2 0x558efcc6a318 <unknown>\n#3 0x558efcc6a551 <unknown>\n#4 0x558efccb8764 <unknown>\n#5 0x558efccb5bee <unknown>\n#6 0x558efcc5cc42 <unknown>\n#7 0x558efcc5d8f1 <unknown>\n#8 0x558efd163f09 <unknown>\n#9 0x558efd166e4d <unknown>\n#10 0x558efd14cc51 <unknown>\n#11 0x558efd167a2b <unknown>\n#12 0x558efd133a20 <unknown>\n#13 0x558efd188a78 <unknown>\n#14 0x558efd188c49 <unknown>\n#15 0x558efd19a4c3 <unknown>\n#16 0x7f5dec69caa4 <unknown>\n#17 0x7f5dec729c6c <unknown>","time":{"start":1765800269571,"stop":1765800279880,"duration":10309}},{"uid":"6fd06120af59572c","reportUrl":"https://Brain-up.github.io/auto-tests-python/773/#testresult/6fd06120af59572c","status":"skipped","statusDetails":"XFAIL\n\nselenium.common.exceptions.TimeoutException: Message: Can't find element by locator ('xpath', '//button[@data-test-active-link=\"Words\"]')\nStacktrace:\n#0 0x55a4b6f0216a <unknown>\n#1 0x55a4b697fc4b <unknown>\n#2 0x55a4b69d1318 <unknown>\n#3 0x55a4b69d1551 <unknown>\n#4 0x55a4b6a1f764 <unknown>\n#5 0x55a4b6a1cbee <unknown>\n#6 0x55a4b69c3c42 <unknown>\n#7 0x55a4b69c48f1 <unknown>\n#8 0x55a4b6ecaf09 <unknown>\n#9 0x55a4b6ecde4d <unknown>\n#10 0x55a4b6eb3c51 <unknown>\n#11 0x55a4b6ecea2b <unknown>\n#12 0x55a4b6e9aa20 <unknown>\n#13 0x55a4b6eefa78 <unknown>\n#14 0x55a4b6eefc49 <unknown>\n#15 0x55a4b6f014c3 <unknown>\n#16 0x7fe232a9caa4 <unknown>\n#17 0x7fe232b29c6c <unknown>","time":{"start":1765737316903,"stop":1765737327249,"duration":10346}},{"uid":"bc02ff47631aeb62","reportUrl":"https://Brain-up.github.io/auto-tests-python/772/#testresult/bc02ff47631aeb62","status":"skipped","statusDetails":"XFAIL\n\nselenium.common.exceptions.TimeoutException: Message: Can't find element by locator ('xpath', '//button[@data-test-active-link=\"Words\"]')\nStacktrace:\n#0 0x558b6d99a16a <unknown>\n#1 0x558b6d417c4b <unknown>\n#2 0x558b6d469318 <unknown>\n#3 0x558b6d469551 <unknown>\n#4 0x558b6d4b7764 <unknown>\n#5 0x558b6d4b4bee <unknown>\n#6 0x558b6d45bc42 <unknown>\n#7 0x558b6d45c8f1 <unknown>\n#8 0x558b6d962f09 <unknown>\n#9 0x558b6d965e4d <unknown>\n#10 0x558b6d94bc51 <unknown>\n#11 0x558b6d966a2b <unknown>\n#12 0x558b6d932a20 <unknown>\n#13 0x558b6d987a78 <unknown>\n#14 0x558b6d987c49 <unknown>\n#15 0x558b6d9994c3 <unknown>\n#16 0x7f474449caa4 <unknown>\n#17 0x7f4744529c6c <unknown>","time":{"start":1765626854447,"stop":1765626864814,"duration":10367}}]},"tags":["@pytest.mark.xfail"]},"source":"c530d5e4b46c7bab.json","parameterValues":[]}