{"uid":"d27696be0493afc0","name":"Verify text in group links on the page","fullName":"tests.exercises_ru_words_page_test.TestExRuWordsPageText#test_erw_02_03_verify_group_links_text","historyId":"1e8af7b92fefe0db14b227acda4bf2ef","time":{"start":1767463518701,"stop":1767463518701,"duration":0},"status":"broken","statusMessage":"selenium.common.exceptions.TimeoutException: Message: Can't find element by locator https://www.brainup.site/groups","statusTrace":"self = <pages.base_page.BasePage object at 0x7fa903555b50>\nurl = 'https://www.brainup.site/groups'\n\n    def check_expected_link(self, url):\n        with allure.step(f'Check url is present: {url}'):\n            try:\n>               return Wait(self.driver, self.timeout).until(\n                    EC.url_to_be(url), message=f\"Can't find element by locator {url}\")\n\npages/base_page.py:80: \n_ _ _ _ _ _ _ _ _ _ _ _ _ _ _ _ _ _ _ _ _ _ _ _ _ _ _ _ _ _ _ _ _ _ _ _ _ _ _ _ \n\nself = <selenium.webdriver.support.wait.WebDriverWait (session=\"1b6351c59076d7f537f2bea378d7edf0\")>\nmethod = <function url_to_be.<locals>._predicate at 0x7fa9039231a0>\nmessage = \"Can't find element by locator https://www.brainup.site/groups\"\n\n    def until(self, method, message: str = \"\"):\n        \"\"\"Calls the method provided with the driver as an argument until the \\\n        return value does not evaluate to ``False``.\n    \n        :param method: callable(WebDriver)\n        :param message: optional message for :exc:`TimeoutException`\n        :returns: the result of the last call to `method`\n        :raises: :exc:`selenium.common.exceptions.TimeoutException` if timeout occurs\n        \"\"\"\n        screen = None\n        stacktrace = None\n    \n        end_time = time.monotonic() + self._timeout\n        while True:\n            try:\n                value = method(self._driver)\n                if value:\n                    return value\n            except self._ignored_exceptions as exc:\n                screen = getattr(exc, \"screen\", None)\n                stacktrace = getattr(exc, \"stacktrace\", None)\n            time.sleep(self._poll)\n            if time.monotonic() > end_time:\n                break\n>       raise TimeoutException(message, screen, stacktrace)\nE       selenium.common.exceptions.TimeoutException: Message: Can't find element by locator https://www.brainup.site/groups\n\n/opt/hostedtoolcache/Python/3.12.12/x64/lib/python3.12/site-packages/selenium/webdriver/support/wait.py:95: TimeoutException\n\nDuring handling of the above exception, another exception occurred:\n\ndriver = <selenium.webdriver.chrome.webdriver.WebDriver (session=\"1b6351c59076d7f537f2bea378d7edf0\")>\nmain_page_open = None\n\n    @pytest.fixture()\n    @allure.step('Auto test user authorized')\n    def auto_test_user_authorized(driver, main_page_open):\n        page = BasePage(driver)\n        page.element_is_present_and_clickable(MainPageLocators.LOGIN_BUTTON).click()\n        page.element_is_visible(LoginPageLocators.INPUT_LOGIN).send_keys(os.environ[\"LOGIN\"])\n        page.element_is_visible(LoginPageLocators.INPUT_PASSWORD).send_keys(os.environ[\"PASSWORD\"])\n        page.element_is_present_and_clickable(LoginPageLocators.SIGN_IN_BUTTON).click()\n>       page.check_expected_link(MainPageLinks.URL_GROUPS_PAGE)\n\ntests/conftest.py:178: \n_ _ _ _ _ _ _ _ _ _ _ _ _ _ _ _ _ _ _ _ _ _ _ _ _ _ _ _ _ _ _ _ _ _ _ _ _ _ _ _ \npages/base_page.py:84: in check_expected_link\n    return Wait(self.driver, self.timeout).until(\n_ _ _ _ _ _ _ _ _ _ _ _ _ _ _ _ _ _ _ _ _ _ _ _ _ _ _ _ _ _ _ _ _ _ _ _ _ _ _ _ \n\nself = <selenium.webdriver.support.wait.WebDriverWait (session=\"1b6351c59076d7f537f2bea378d7edf0\")>\nmethod = <function url_to_be.<locals>._predicate at 0x7fa9039232e0>\nmessage = \"Can't find element by locator https://www.brainup.site/groups\"\n\n    def until(self, method, message: str = \"\"):\n        \"\"\"Calls the method provided with the driver as an argument until the \\\n        return value does not evaluate to ``False``.\n    \n        :param method: callable(WebDriver)\n        :param message: optional message for :exc:`TimeoutException`\n        :returns: the result of the last call to `method`\n        :raises: :exc:`selenium.common.exceptions.TimeoutException` if timeout occurs\n        \"\"\"\n        screen = None\n        stacktrace = None\n    \n        end_time = time.monotonic() + self._timeout\n        while True:\n            try:\n                value = method(self._driver)\n                if value:\n                    return value\n            except self._ignored_exceptions as exc:\n                screen = getattr(exc, \"screen\", None)\n                stacktrace = getattr(exc, \"stacktrace\", None)\n            time.sleep(self._poll)\n            if time.monotonic() > end_time:\n                break\n>       raise TimeoutException(message, screen, stacktrace)\nE       selenium.common.exceptions.TimeoutException: Message: Can't find element by locator https://www.brainup.site/groups\n\n/opt/hostedtoolcache/Python/3.12.12/x64/lib/python3.12/site-packages/selenium/webdriver/support/wait.py:95: TimeoutException","flaky":false,"newFailed":false,"newBroken":true,"newPassed":false,"retriesCount":0,"retriesStatusChange":false,"beforeStages":[{"name":"clear_allure_results_folder","time":{"start":1767463148436,"stop":1767463148436,"duration":0},"status":"passed","steps":[],"attachments":[],"parameters":[],"stepsCount":0,"shouldDisplayMessage":false,"attachmentsCount":0,"hasContent":false,"attachmentStep":false},{"name":"driver","time":{"start":1767463518702,"stop":1767463519472,"duration":770},"status":"passed","steps":[],"attachments":[],"parameters":[],"stepsCount":0,"shouldDisplayMessage":false,"attachmentsCount":0,"hasContent":false,"attachmentStep":false},{"name":"main_page_open","time":{"start":1767463519472,"stop":1767463521906,"duration":2434},"status":"passed","steps":[{"name":"Open page: https://www.brainup.site/","time":{"start":1767463519472,"stop":1767463521906,"duration":2434},"status":"passed","steps":[],"attachments":[],"parameters":[{"name":"driver","value":"<selenium.webdriver.chrome.webdriver.WebDriver (session=\"1b6351c59076d7f537f2bea378d7edf0\")>"}],"stepsCount":0,"shouldDisplayMessage":false,"attachmentsCount":0,"hasContent":true,"attachmentStep":false}],"attachments":[],"parameters":[],"stepsCount":1,"shouldDisplayMessage":false,"attachmentsCount":0,"hasContent":true,"attachmentStep":false},{"name":"auto_test_user_authorized","time":{"start":1767463521906,"stop":1767463542433,"duration":20527},"status":"broken","statusMessage":"selenium.common.exceptions.TimeoutException: Message: Can't find element by locator https://www.brainup.site/groups\n\n","statusTrace":"  File \"/opt/hostedtoolcache/Python/3.12.12/x64/lib/python3.12/site-packages/pluggy/_callers.py\", line 38, in run_old_style_hookwrapper\n    res = yield\n          ^^^^^\n  File \"/opt/hostedtoolcache/Python/3.12.12/x64/lib/python3.12/site-packages/pluggy/_callers.py\", line 139, in _multicall\n    teardown.throw(exception)\n  File \"/opt/hostedtoolcache/Python/3.12.12/x64/lib/python3.12/site-packages/pluggy/_callers.py\", line 53, in run_old_style_hookwrapper\n    return result.get_result()\n           ^^^^^^^^^^^^^^^^^^^\n  File \"/opt/hostedtoolcache/Python/3.12.12/x64/lib/python3.12/site-packages/pluggy/_result.py\", line 103, in get_result\n    raise exc.with_traceback(tb)\n  File \"/opt/hostedtoolcache/Python/3.12.12/x64/lib/python3.12/site-packages/pluggy/_callers.py\", line 38, in run_old_style_hookwrapper\n    res = yield\n          ^^^^^\n  File \"/opt/hostedtoolcache/Python/3.12.12/x64/lib/python3.12/site-packages/pluggy/_callers.py\", line 121, in _multicall\n    res = hook_impl.function(*args)\n          ^^^^^^^^^^^^^^^^^^^^^^^^^\n  File \"/opt/hostedtoolcache/Python/3.12.12/x64/lib/python3.12/site-packages/_pytest/fixtures.py\", line 1123, in pytest_fixture_setup\n    result = call_fixture_func(fixturefunc, request, kwargs)\n             ^^^^^^^^^^^^^^^^^^^^^^^^^^^^^^^^^^^^^^^^^^^^^^^\n  File \"/opt/hostedtoolcache/Python/3.12.12/x64/lib/python3.12/site-packages/_pytest/fixtures.py\", line 902, in call_fixture_func\n    fixture_result = fixturefunc(**kwargs)\n                     ^^^^^^^^^^^^^^^^^^^^^\n  File \"/opt/hostedtoolcache/Python/3.12.12/x64/lib/python3.12/site-packages/allure_commons/_allure.py\", line 192, in impl\n    return func(*a, **kw)\n           ^^^^^^^^^^^^^^\n  File \"/home/runner/work/auto-tests-python/auto-tests-python/tests/conftest.py\", line 178, in auto_test_user_authorized\n    page.check_expected_link(MainPageLinks.URL_GROUPS_PAGE)\n  File \"/home/runner/work/auto-tests-python/auto-tests-python/pages/base_page.py\", line 84, in check_expected_link\n    return Wait(self.driver, self.timeout).until(\n           ^^^^^^^^^^^^^^^^^^^^^^^^^^^^^^^^^^^^^^\n  File \"/opt/hostedtoolcache/Python/3.12.12/x64/lib/python3.12/site-packages/selenium/webdriver/support/wait.py\", line 95, in until\n    raise TimeoutException(message, screen, stacktrace)\n","steps":[{"name":"Auto test user authorized","time":{"start":1767463521906,"stop":1767463542432,"duration":20526},"status":"broken","statusMessage":"selenium.common.exceptions.TimeoutException: Message: Can't find element by locator https://www.brainup.site/groups\n\n","statusTrace":"  File \"/opt/hostedtoolcache/Python/3.12.12/x64/lib/python3.12/site-packages/allure_commons/_allure.py\", line 192, in impl\n    return func(*a, **kw)\n           ^^^^^^^^^^^^^^\n  File \"/home/runner/work/auto-tests-python/auto-tests-python/tests/conftest.py\", line 178, in auto_test_user_authorized\n    page.check_expected_link(MainPageLinks.URL_GROUPS_PAGE)\n  File \"/home/runner/work/auto-tests-python/auto-tests-python/pages/base_page.py\", line 84, in check_expected_link\n    return Wait(self.driver, self.timeout).until(\n           ^^^^^^^^^^^^^^^^^^^^^^^^^^^^^^^^^^^^^^\n  File \"/opt/hostedtoolcache/Python/3.12.12/x64/lib/python3.12/site-packages/selenium/webdriver/support/wait.py\", line 95, in until\n    raise TimeoutException(message, screen, stacktrace)\n","steps":[{"name":"Check url is present: https://www.brainup.site/groups","time":{"start":1767463522290,"stop":1767463542432,"duration":20142},"status":"broken","statusMessage":"selenium.common.exceptions.TimeoutException: Message: Can't find element by locator https://www.brainup.site/groups\n\n","statusTrace":"  File \"/home/runner/work/auto-tests-python/auto-tests-python/pages/base_page.py\", line 84, in check_expected_link\n    return Wait(self.driver, self.timeout).until(\n           ^^^^^^^^^^^^^^^^^^^^^^^^^^^^^^^^^^^^^^\n  File \"/opt/hostedtoolcache/Python/3.12.12/x64/lib/python3.12/site-packages/selenium/webdriver/support/wait.py\", line 95, in until\n    raise TimeoutException(message, screen, stacktrace)\n","steps":[],"attachments":[],"parameters":[],"stepsCount":0,"shouldDisplayMessage":true,"attachmentsCount":0,"hasContent":true,"attachmentStep":false}],"attachments":[],"parameters":[{"name":"driver","value":"<selenium.webdriver.chrome.webdriver.WebDriver (session=\"1b6351c59076d7f537f2bea378d7edf0\")>"},{"name":"main_page_open","value":"None"}],"stepsCount":1,"shouldDisplayMessage":false,"attachmentsCount":0,"hasContent":true,"attachmentStep":false}],"attachments":[],"parameters":[],"stepsCount":2,"shouldDisplayMessage":false,"attachmentsCount":0,"hasContent":true,"attachmentStep":false}],"afterStages":[{"name":"driver::0","time":{"start":1767463542464,"stop":1767463542532,"duration":68},"status":"passed","steps":[],"attachments":[],"parameters":[],"stepsCount":0,"shouldDisplayMessage":false,"attachmentsCount":0,"hasContent":false,"attachmentStep":false}],"labels":[{"name":"epic","value":"The Exercises 'Words' Page on the 'ru' local"},{"name":"parentSuite","value":"tests"},{"name":"suite","value":"exercises_ru_words_page_test"},{"name":"subSuite","value":"TestExercisesRuWordsPage"},{"name":"host","value":"runnervmh13bl"},{"name":"thread","value":"2594-MainThread"},{"name":"framework","value":"pytest"},{"name":"language","value":"cpython3"},{"name":"package","value":"tests.exercises_ru_words_page_test"},{"name":"resultFormat","value":"allure2"}],"parameters":[],"links":[],"hidden":false,"retry":false,"extra":{"severity":"normal","retries":[],"categories":[{"name":"Test defects","matchedStatuses":[],"flaky":false}],"history":{"statistic":{"failed":0,"broken":1,"skipped":0,"passed":57,"unknown":0,"total":58},"items":[{"uid":"34d07fc41b211b79","reportUrl":"https://Brain-up.github.io/auto-tests-python/791/#testresult/34d07fc41b211b79","status":"passed","time":{"start":1767350104487,"stop":1767350104528,"duration":41}},{"uid":"e989fdb8ff357cbd","reportUrl":"https://Brain-up.github.io/auto-tests-python/790/#testresult/e989fdb8ff357cbd","status":"passed","time":{"start":1767197679572,"stop":1767197679615,"duration":43}},{"uid":"b6e3dfbdd93476b1","reportUrl":"https://Brain-up.github.io/auto-tests-python/789/#testresult/b6e3dfbdd93476b1","status":"passed","time":{"start":1767087825181,"stop":1767087825242,"duration":61}},{"uid":"6faa6ce2a6e8f135","reportUrl":"https://Brain-up.github.io/auto-tests-python/788/#testresult/6faa6ce2a6e8f135","status":"passed","time":{"start":1766997330649,"stop":1766997330706,"duration":57}},{"uid":"fd8cd3767399c017","reportUrl":"https://Brain-up.github.io/auto-tests-python/787/#testresult/fd8cd3767399c017","status":"passed","time":{"start":1766923251955,"stop":1766923251997,"duration":42}},{"uid":"7ee7c705fe993a7f","reportUrl":"https://Brain-up.github.io/auto-tests-python/786/#testresult/7ee7c705fe993a7f","status":"passed","time":{"start":1766833491576,"stop":1766833491621,"duration":45}},{"uid":"10b03887fe2f6607","reportUrl":"https://Brain-up.github.io/auto-tests-python/785/#testresult/10b03887fe2f6607","status":"passed","time":{"start":1766752382613,"stop":1766752382667,"duration":54}},{"uid":"f12b89b6dbf94ad7","reportUrl":"https://Brain-up.github.io/auto-tests-python/784/#testresult/f12b89b6dbf94ad7","status":"passed","time":{"start":1766687783843,"stop":1766687783885,"duration":42}},{"uid":"d008f96252c6be02","reportUrl":"https://Brain-up.github.io/auto-tests-python/783/#testresult/d008f96252c6be02","status":"passed","time":{"start":1766574647340,"stop":1766574647381,"duration":41}},{"uid":"28514b20ce068a9d","reportUrl":"https://Brain-up.github.io/auto-tests-python/782/#testresult/28514b20ce068a9d","status":"passed","time":{"start":1766475014117,"stop":1766475014180,"duration":63}},{"uid":"342f9d5ad95edd6e","reportUrl":"https://Brain-up.github.io/auto-tests-python/781/#testresult/342f9d5ad95edd6e","status":"passed","time":{"start":1766400844582,"stop":1766400844630,"duration":48}},{"uid":"36703cad1cd39ace","reportUrl":"https://Brain-up.github.io/auto-tests-python/780/#testresult/36703cad1cd39ace","status":"passed","time":{"start":1766323453474,"stop":1766323453515,"duration":41}},{"uid":"e79cce649fa523e9","reportUrl":"https://Brain-up.github.io/auto-tests-python/779/#testresult/e79cce649fa523e9","status":"passed","time":{"start":1766229327333,"stop":1766229327397,"duration":64}},{"uid":"88ff961253b2d8c2","reportUrl":"https://Brain-up.github.io/auto-tests-python/778/#testresult/88ff961253b2d8c2","status":"passed","time":{"start":1766132975165,"stop":1766132975212,"duration":47}},{"uid":"9220da9c0faa40b0","reportUrl":"https://Brain-up.github.io/auto-tests-python/777/#testresult/9220da9c0faa40b0","status":"passed","time":{"start":1766051508374,"stop":1766051508418,"duration":44}},{"uid":"7bb359c49bcdc245","reportUrl":"https://Brain-up.github.io/auto-tests-python/776/#testresult/7bb359c49bcdc245","status":"passed","time":{"start":1765969392571,"stop":1765969392635,"duration":64}},{"uid":"41c4e2b5bf3670c3","reportUrl":"https://Brain-up.github.io/auto-tests-python/775/#testresult/41c4e2b5bf3670c3","status":"passed","time":{"start":1765882665825,"stop":1765882665895,"duration":70}},{"uid":"1489475dbfc21d90","reportUrl":"https://Brain-up.github.io/auto-tests-python/774/#testresult/1489475dbfc21d90","status":"passed","time":{"start":1765799500258,"stop":1765799500302,"duration":44}},{"uid":"45f483951960573a","reportUrl":"https://Brain-up.github.io/auto-tests-python/773/#testresult/45f483951960573a","status":"passed","time":{"start":1765736584225,"stop":1765736584285,"duration":60}},{"uid":"9767f808be38d106","reportUrl":"https://Brain-up.github.io/auto-tests-python/772/#testresult/9767f808be38d106","status":"passed","time":{"start":1765626182970,"stop":1765626183014,"duration":44}}]},"tags":[]},"source":"d27696be0493afc0.json","parameterValues":[]}