{"uid":"c9d35e1d0bf26a45","name":"Select a random card from \"Similar phrases\" group and compare UI vs BACKEND data","fullName":"tests.test_speech_exercises_en.TestCardsEN#test_random_cards_in_similar_phrases_en","historyId":"106afe14e1824ad4b55b346a52794d4b","time":{"start":1764588505352,"stop":1764588515750,"duration":10398},"status":"skipped","statusMessage":"XFAIL\n\nselenium.common.exceptions.TimeoutException: Message: Can't find element by locator ('xpath', '//button[@data-test-active-link=\"Similar phrases\"]')\nStacktrace:\n#0 0x55b44a56432a <unknown>\n#1 0x55b449fb0e4b <unknown>\n#2 0x55b44a00382b <unknown>\n#3 0x55b44a003a61 <unknown>\n#4 0x55b44a052a44 <unknown>\n#5 0x55b44a04fdf7 <unknown>\n#6 0x55b449ff5c1a <unknown>\n#7 0x55b449ff6921 <unknown>\n#8 0x55b44a52b239 <unknown>\n#9 0x55b44a52e1e8 <unknown>\n#10 0x55b44a5144c9 <unknown>\n#11 0x55b44a52edb5 <unknown>\n#12 0x55b44a4fbe93 <unknown>\n#13 0x55b44a551098 <unknown>\n#14 0x55b44a551273 <unknown>\n#15 0x55b44a5632c3 <unknown>\n#16 0x7f696089caa4 <unknown>\n#17 0x7f6960929c6c <unknown>","statusTrace":"self = <tests.test_speech_exercises_en.TestCardsEN object at 0x7f494ca7b860>\ndriver = <selenium.webdriver.chrome.webdriver.WebDriver (session=\"2cc6d0f407d635ea95593b9f0fb6d303\")>\nspecialist_user_authorized = None\n\n    @pytest.mark.xfail\n    @allure.suite(\"Speech exercises EN.\")\n    @allure.title('Select a random card from \"Similar phrases\" group and compare UI vs BACKEND data')\n    def test_random_cards_in_similar_phrases_en(self, driver, specialist_user_authorized):\n        page = SpeechExercisesPage(driver)\n>       page.select_group(SpeechExercisesPageLocators.SIMILAR_PHRASES_EN)\n\ntests/test_speech_exercises_en.py:57: \n_ _ _ _ _ _ _ _ _ _ _ _ _ _ _ _ _ _ _ _ _ _ _ _ _ _ _ _ _ _ _ _ _ _ _ _ _ _ _ _ \npages/speech_exercises_page_en.py:18: in select_group\n    text_of_the_button = self.element_is_present_and_clickable(selector_for_sub_group)\npages/base_page.py:40: in element_is_present_and_clickable\n    return (Wait(self.driver, self.timeout).until(\n_ _ _ _ _ _ _ _ _ _ _ _ _ _ _ _ _ _ _ _ _ _ _ _ _ _ _ _ _ _ _ _ _ _ _ _ _ _ _ _ \n\nself = <selenium.webdriver.support.wait.WebDriverWait (session=\"2cc6d0f407d635ea95593b9f0fb6d303\")>\nmethod = <function visibility_of_element_located.<locals>._predicate at 0x7f494c867100>\nmessage = 'Can\\'t find element by locator (\\'xpath\\', \\'//button[@data-test-active-link=\"Similar phrases\"]\\')'\n\n    def until(self, method, message: str = \"\"):\n        \"\"\"Calls the method provided with the driver as an argument until the \\\n        return value does not evaluate to ``False``.\n    \n        :param method: callable(WebDriver)\n        :param message: optional message for :exc:`TimeoutException`\n        :returns: the result of the last call to `method`\n        :raises: :exc:`selenium.common.exceptions.TimeoutException` if timeout occurs\n        \"\"\"\n        screen = None\n        stacktrace = None\n    \n        end_time = time.monotonic() + self._timeout\n        while True:\n            try:\n                value = method(self._driver)\n                if value:\n                    return value\n            except self._ignored_exceptions as exc:\n                screen = getattr(exc, \"screen\", None)\n                stacktrace = getattr(exc, \"stacktrace\", None)\n            time.sleep(self._poll)\n            if time.monotonic() > end_time:\n                break\n>       raise TimeoutException(message, screen, stacktrace)\nE       selenium.common.exceptions.TimeoutException: Message: Can't find element by locator ('xpath', '//button[@data-test-active-link=\"Similar phrases\"]')\nE       Stacktrace:\nE       #0 0x55b44a56432a <unknown>\nE       #1 0x55b449fb0e4b <unknown>\nE       #2 0x55b44a00382b <unknown>\nE       #3 0x55b44a003a61 <unknown>\nE       #4 0x55b44a052a44 <unknown>\nE       #5 0x55b44a04fdf7 <unknown>\nE       #6 0x55b449ff5c1a <unknown>\nE       #7 0x55b449ff6921 <unknown>\nE       #8 0x55b44a52b239 <unknown>\nE       #9 0x55b44a52e1e8 <unknown>\nE       #10 0x55b44a5144c9 <unknown>\nE       #11 0x55b44a52edb5 <unknown>\nE       #12 0x55b44a4fbe93 <unknown>\nE       #13 0x55b44a551098 <unknown>\nE       #14 0x55b44a551273 <unknown>\nE       #15 0x55b44a5632c3 <unknown>\nE       #16 0x7f696089caa4 <unknown>\nE       #17 0x7f6960929c6c <unknown>\n\n/opt/hostedtoolcache/Python/3.12.12/x64/lib/python3.12/site-packages/selenium/webdriver/support/wait.py:95: TimeoutException","flaky":false,"newFailed":false,"newBroken":false,"newPassed":false,"retriesCount":0,"retriesStatusChange":false,"beforeStages":[{"name":"clear_allure_results_folder","time":{"start":1764587206053,"stop":1764587206053,"duration":0},"status":"passed","steps":[],"attachments":[],"parameters":[],"stepsCount":0,"shouldDisplayMessage":false,"attachmentsCount":0,"hasContent":false,"attachmentStep":false},{"name":"driver","time":{"start":1764588498004,"stop":1764588498743,"duration":739},"status":"passed","steps":[],"attachments":[],"parameters":[],"stepsCount":0,"shouldDisplayMessage":false,"attachmentsCount":0,"hasContent":false,"attachmentStep":false},{"name":"main_page_open","time":{"start":1764588498743,"stop":1764588502405,"duration":3662},"status":"passed","steps":[{"name":"Open page: https://www.brainup.site/","time":{"start":1764588498743,"stop":1764588502405,"duration":3662},"status":"passed","steps":[],"attachments":[],"parameters":[{"name":"driver","value":"<selenium.webdriver.chrome.webdriver.WebDriver (session=\"2cc6d0f407d635ea95593b9f0fb6d303\")>"}],"stepsCount":0,"shouldDisplayMessage":false,"attachmentsCount":0,"hasContent":true,"attachmentStep":false}],"attachments":[],"parameters":[],"stepsCount":1,"shouldDisplayMessage":false,"attachmentsCount":0,"hasContent":true,"attachmentStep":false},{"name":"specialist_user_authorized","time":{"start":1764588502405,"stop":1764588505351,"duration":2946},"status":"passed","steps":[{"name":"USER specialist authorized","time":{"start":1764588502405,"stop":1764588505351,"duration":2946},"status":"passed","steps":[{"name":"Check url is present: https://www.brainup.site/groups","time":{"start":1764588502797,"stop":1764588505319,"duration":2522},"status":"passed","steps":[],"attachments":[],"parameters":[],"stepsCount":0,"shouldDisplayMessage":false,"attachmentsCount":0,"hasContent":false,"attachmentStep":false},{"name":"Loader checking","time":{"start":1764588505319,"stop":1764588505351,"duration":32},"status":"passed","steps":[],"attachments":[],"parameters":[],"stepsCount":0,"shouldDisplayMessage":false,"attachmentsCount":0,"hasContent":false,"attachmentStep":false}],"attachments":[],"parameters":[{"name":"driver","value":"<selenium.webdriver.chrome.webdriver.WebDriver (session=\"2cc6d0f407d635ea95593b9f0fb6d303\")>"},{"name":"main_page_open","value":"None"}],"stepsCount":2,"shouldDisplayMessage":false,"attachmentsCount":0,"hasContent":true,"attachmentStep":false}],"attachments":[],"parameters":[],"stepsCount":3,"shouldDisplayMessage":false,"attachmentsCount":0,"hasContent":true,"attachmentStep":false}],"testStage":{"status":"skipped","statusMessage":"XFAIL\n\nselenium.common.exceptions.TimeoutException: Message: Can't find element by locator ('xpath', '//button[@data-test-active-link=\"Similar phrases\"]')\nStacktrace:\n#0 0x55b44a56432a <unknown>\n#1 0x55b449fb0e4b <unknown>\n#2 0x55b44a00382b <unknown>\n#3 0x55b44a003a61 <unknown>\n#4 0x55b44a052a44 <unknown>\n#5 0x55b44a04fdf7 <unknown>\n#6 0x55b449ff5c1a <unknown>\n#7 0x55b449ff6921 <unknown>\n#8 0x55b44a52b239 <unknown>\n#9 0x55b44a52e1e8 <unknown>\n#10 0x55b44a5144c9 <unknown>\n#11 0x55b44a52edb5 <unknown>\n#12 0x55b44a4fbe93 <unknown>\n#13 0x55b44a551098 <unknown>\n#14 0x55b44a551273 <unknown>\n#15 0x55b44a5632c3 <unknown>\n#16 0x7f696089caa4 <unknown>\n#17 0x7f6960929c6c <unknown>","statusTrace":"self = <tests.test_speech_exercises_en.TestCardsEN object at 0x7f494ca7b860>\ndriver = <selenium.webdriver.chrome.webdriver.WebDriver (session=\"2cc6d0f407d635ea95593b9f0fb6d303\")>\nspecialist_user_authorized = None\n\n    @pytest.mark.xfail\n    @allure.suite(\"Speech exercises EN.\")\n    @allure.title('Select a random card from \"Similar phrases\" group and compare UI vs BACKEND data')\n    def test_random_cards_in_similar_phrases_en(self, driver, specialist_user_authorized):\n        page = SpeechExercisesPage(driver)\n>       page.select_group(SpeechExercisesPageLocators.SIMILAR_PHRASES_EN)\n\ntests/test_speech_exercises_en.py:57: \n_ _ _ _ _ _ _ _ _ _ _ _ _ _ _ _ _ _ _ _ _ _ _ _ _ _ _ _ _ _ _ _ _ _ _ _ _ _ _ _ \npages/speech_exercises_page_en.py:18: in select_group\n    text_of_the_button = self.element_is_present_and_clickable(selector_for_sub_group)\npages/base_page.py:40: in element_is_present_and_clickable\n    return (Wait(self.driver, self.timeout).until(\n_ _ _ _ _ _ _ _ _ _ _ _ _ _ _ _ _ _ _ _ _ _ _ _ _ _ _ _ _ _ _ _ _ _ _ _ _ _ _ _ \n\nself = <selenium.webdriver.support.wait.WebDriverWait (session=\"2cc6d0f407d635ea95593b9f0fb6d303\")>\nmethod = <function visibility_of_element_located.<locals>._predicate at 0x7f494c867100>\nmessage = 'Can\\'t find element by locator (\\'xpath\\', \\'//button[@data-test-active-link=\"Similar phrases\"]\\')'\n\n    def until(self, method, message: str = \"\"):\n        \"\"\"Calls the method provided with the driver as an argument until the \\\n        return value does not evaluate to ``False``.\n    \n        :param method: callable(WebDriver)\n        :param message: optional message for :exc:`TimeoutException`\n        :returns: the result of the last call to `method`\n        :raises: :exc:`selenium.common.exceptions.TimeoutException` if timeout occurs\n        \"\"\"\n        screen = None\n        stacktrace = None\n    \n        end_time = time.monotonic() + self._timeout\n        while True:\n            try:\n                value = method(self._driver)\n                if value:\n                    return value\n            except self._ignored_exceptions as exc:\n                screen = getattr(exc, \"screen\", None)\n                stacktrace = getattr(exc, \"stacktrace\", None)\n            time.sleep(self._poll)\n            if time.monotonic() > end_time:\n                break\n>       raise TimeoutException(message, screen, stacktrace)\nE       selenium.common.exceptions.TimeoutException: Message: Can't find element by locator ('xpath', '//button[@data-test-active-link=\"Similar phrases\"]')\nE       Stacktrace:\nE       #0 0x55b44a56432a <unknown>\nE       #1 0x55b449fb0e4b <unknown>\nE       #2 0x55b44a00382b <unknown>\nE       #3 0x55b44a003a61 <unknown>\nE       #4 0x55b44a052a44 <unknown>\nE       #5 0x55b44a04fdf7 <unknown>\nE       #6 0x55b449ff5c1a <unknown>\nE       #7 0x55b449ff6921 <unknown>\nE       #8 0x55b44a52b239 <unknown>\nE       #9 0x55b44a52e1e8 <unknown>\nE       #10 0x55b44a5144c9 <unknown>\nE       #11 0x55b44a52edb5 <unknown>\nE       #12 0x55b44a4fbe93 <unknown>\nE       #13 0x55b44a551098 <unknown>\nE       #14 0x55b44a551273 <unknown>\nE       #15 0x55b44a5632c3 <unknown>\nE       #16 0x7f696089caa4 <unknown>\nE       #17 0x7f6960929c6c <unknown>\n\n/opt/hostedtoolcache/Python/3.12.12/x64/lib/python3.12/site-packages/selenium/webdriver/support/wait.py:95: TimeoutException","steps":[{"name":"select_group","time":{"start":1764588505352,"stop":1764588515750,"duration":10398},"status":"broken","statusMessage":"selenium.common.exceptions.TimeoutException: Message: Can't find element by locator ('xpath', '//button[@data-test-active-link=\"Similar phrases\"]')\nStacktrace:\n#0 0x55b44a56432a <unknown>\n#1 0x55b449fb0e4b <unknown>\n#2 0x55b44a00382b <unknown>\n#3 0x55b44a003a61 <unknown>\n#4 0x55b44a052a44 <unknown>\n#5 0x55b44a04fdf7 <unknown>\n#6 0x55b449ff5c1a <unknown>\n#7 0x55b449ff6921 <unknown>\n#8 0x55b44a52b239 <unknown>\n#9 0x55b44a52e1e8 <unknown>\n#10 0x55b44a5144c9 <unknown>\n#11 0x55b44a52edb5 <unknown>\n#12 0x55b44a4fbe93 <unknown>\n#13 0x55b44a551098 <unknown>\n#14 0x55b44a551273 <unknown>\n#15 0x55b44a5632c3 <unknown>\n#16 0x7f696089caa4 <unknown>\n#17 0x7f6960929c6c <unknown>\n\n","statusTrace":"  File \"/opt/hostedtoolcache/Python/3.12.12/x64/lib/python3.12/site-packages/allure_commons/_allure.py\", line 192, in impl\n    return func(*a, **kw)\n           ^^^^^^^^^^^^^^\n  File \"/home/runner/work/auto-tests-python/auto-tests-python/pages/speech_exercises_page_en.py\", line 18, in select_group\n    text_of_the_button = self.element_is_present_and_clickable(selector_for_sub_group)\n                         ^^^^^^^^^^^^^^^^^^^^^^^^^^^^^^^^^^^^^^^^^^^^^^^^^^^^^^^^^^^^^\n  File \"/home/runner/work/auto-tests-python/auto-tests-python/pages/base_page.py\", line 40, in element_is_present_and_clickable\n    return (Wait(self.driver, self.timeout).until(\n            ^^^^^^^^^^^^^^^^^^^^^^^^^^^^^^^^^^^^^^\n  File \"/opt/hostedtoolcache/Python/3.12.12/x64/lib/python3.12/site-packages/selenium/webdriver/support/wait.py\", line 95, in until\n    raise TimeoutException(message, screen, stacktrace)\n","steps":[{"name":"Select Russian language. Click \"EN\" button.","time":{"start":1764588505352,"stop":1764588505438,"duration":86},"status":"passed","steps":[],"attachments":[],"parameters":[],"stepsCount":0,"shouldDisplayMessage":false,"attachmentsCount":0,"hasContent":false,"attachmentStep":false},{"name":"Click button \"SPEECH EXERCISES\".","time":{"start":1764588505438,"stop":1764588505524,"duration":86},"status":"passed","steps":[],"attachments":[],"parameters":[],"stepsCount":0,"shouldDisplayMessage":false,"attachmentsCount":0,"hasContent":false,"attachmentStep":false}],"attachments":[],"parameters":[{"name":"selector_for_sub_group","value":"('xpath', '//button[@data-test-active-link=\"Similar phrases\"]')"}],"stepsCount":2,"shouldDisplayMessage":true,"attachmentsCount":0,"hasContent":true,"attachmentStep":false}],"attachments":[],"parameters":[],"stepsCount":3,"shouldDisplayMessage":true,"attachmentsCount":0,"hasContent":true,"attachmentStep":false},"afterStages":[{"name":"driver::0","time":{"start":1764588515761,"stop":1764588515821,"duration":60},"status":"passed","steps":[],"attachments":[],"parameters":[],"stepsCount":0,"shouldDisplayMessage":false,"attachmentsCount":0,"hasContent":false,"attachmentStep":false}],"labels":[{"name":"epic","value":"Speech exercises."},{"name":"suite","value":"Speech exercises EN."},{"name":"tag","value":"@pytest.mark.xfail"},{"name":"parentSuite","value":"tests"},{"name":"subSuite","value":"TestCardsEN"},{"name":"host","value":"runnervmg1sw1"},{"name":"thread","value":"2591-MainThread"},{"name":"framework","value":"pytest"},{"name":"language","value":"cpython3"},{"name":"package","value":"tests.test_speech_exercises_en"},{"name":"resultFormat","value":"allure2"}],"parameters":[],"links":[],"hidden":false,"retry":false,"extra":{"severity":"normal","retries":[],"categories":[],"history":{"statistic":{"failed":0,"broken":0,"skipped":30,"passed":0,"unknown":0,"total":30},"items":[{"uid":"6eb0c54ba3e615b0","reportUrl":"https://Brain-up.github.io/auto-tests-python/763/#testresult/6eb0c54ba3e615b0","status":"skipped","statusDetails":"XFAIL\n\nselenium.common.exceptions.TimeoutException: Message: Can't find element by locator ('xpath', '//button[@data-test-active-link=\"Similar phrases\"]')\nStacktrace:\n#0 0x55dac3e0832a <unknown>\n#1 0x55dac3854e4b <unknown>\n#2 0x55dac38a782b <unknown>\n#3 0x55dac38a7a61 <unknown>\n#4 0x55dac38f6a44 <unknown>\n#5 0x55dac38f3df7 <unknown>\n#6 0x55dac3899c1a <unknown>\n#7 0x55dac389a921 <unknown>\n#8 0x55dac3dcf239 <unknown>\n#9 0x55dac3dd21e8 <unknown>\n#10 0x55dac3db84c9 <unknown>\n#11 0x55dac3dd2db5 <unknown>\n#12 0x55dac3d9fe93 <unknown>\n#13 0x55dac3df5098 <unknown>\n#14 0x55dac3df5273 <unknown>\n#15 0x55dac3e072c3 <unknown>\n#16 0x7fa939a9caa4 <unknown>\n#17 0x7fa939b29c6c <unknown>","time":{"start":1764490157798,"stop":1764490168168,"duration":10370}},{"uid":"e7e8ef98ffcf44d","reportUrl":"https://Brain-up.github.io/auto-tests-python/762/#testresult/e7e8ef98ffcf44d","status":"skipped","statusDetails":"XFAIL\n\nselenium.common.exceptions.TimeoutException: Message: Can't find element by locator ('xpath', '//button[@data-test-active-link=\"Similar phrases\"]')\nStacktrace:\n#0 0x55e90f01632a <unknown>\n#1 0x55e90ea62e4b <unknown>\n#2 0x55e90eab582b <unknown>\n#3 0x55e90eab5a61 <unknown>\n#4 0x55e90eb04a44 <unknown>\n#5 0x55e90eb01df7 <unknown>\n#6 0x55e90eaa7c1a <unknown>\n#7 0x55e90eaa8921 <unknown>\n#8 0x55e90efdd239 <unknown>\n#9 0x55e90efe01e8 <unknown>\n#10 0x55e90efc64c9 <unknown>\n#11 0x55e90efe0db5 <unknown>\n#12 0x55e90efade93 <unknown>\n#13 0x55e90f003098 <unknown>\n#14 0x55e90f003273 <unknown>\n#15 0x55e90f0152c3 <unknown>\n#16 0x7fef8769caa4 <unknown>\n#17 0x7fef87729c6c <unknown>","time":{"start":1764422860245,"stop":1764422870642,"duration":10397}},{"uid":"2299d0420e50f71b","reportUrl":"https://Brain-up.github.io/auto-tests-python/761/#testresult/2299d0420e50f71b","status":"skipped","statusDetails":"XFAIL\n\nselenium.common.exceptions.TimeoutException: Message: Can't find element by locator ('xpath', '//button[@data-test-active-link=\"Similar phrases\"]')\nStacktrace:\n#0 0x561aa66a632a <unknown>\n#1 0x561aa60f2e4b <unknown>\n#2 0x561aa614582b <unknown>\n#3 0x561aa6145a61 <unknown>\n#4 0x561aa6194a44 <unknown>\n#5 0x561aa6191df7 <unknown>\n#6 0x561aa6137c1a <unknown>\n#7 0x561aa6138921 <unknown>\n#8 0x561aa666d239 <unknown>\n#9 0x561aa66701e8 <unknown>\n#10 0x561aa66564c9 <unknown>\n#11 0x561aa6670db5 <unknown>\n#12 0x561aa663de93 <unknown>\n#13 0x561aa6693098 <unknown>\n#14 0x561aa6693273 <unknown>\n#15 0x561aa66a52c3 <unknown>\n#16 0x7feb4789caa4 <unknown>\n#17 0x7feb47929c6c <unknown>","time":{"start":1764329326057,"stop":1764329336422,"duration":10365}},{"uid":"25df5443a72701a6","reportUrl":"https://Brain-up.github.io/auto-tests-python/760/#testresult/25df5443a72701a6","status":"skipped","statusDetails":"XFAIL\n\nselenium.common.exceptions.TimeoutException: Message: Can't find element by locator ('xpath', '//button[@data-test-active-link=\"Similar phrases\"]')\nStacktrace:\n#0 0x55c02d44c32a <unknown>\n#1 0x55c02ce98e4b <unknown>\n#2 0x55c02ceeb82b <unknown>\n#3 0x55c02ceeba61 <unknown>\n#4 0x55c02cf3aa44 <unknown>\n#5 0x55c02cf37df7 <unknown>\n#6 0x55c02ceddc1a <unknown>\n#7 0x55c02cede921 <unknown>\n#8 0x55c02d413239 <unknown>\n#9 0x55c02d4161e8 <unknown>\n#10 0x55c02d3fc4c9 <unknown>\n#11 0x55c02d416db5 <unknown>\n#12 0x55c02d3e3e93 <unknown>\n#13 0x55c02d439098 <unknown>\n#14 0x55c02d439273 <unknown>\n#15 0x55c02d44b2c3 <unknown>\n#16 0x7fa28ca9caa4 <unknown>\n#17 0x7fa28cb29c6c <unknown>","time":{"start":1764258146194,"stop":1764258156535,"duration":10341}},{"uid":"2b9db3efdd8534d7","reportUrl":"https://Brain-up.github.io/auto-tests-python/759/#testresult/2b9db3efdd8534d7","status":"skipped","statusDetails":"XFAIL\n\nselenium.common.exceptions.TimeoutException: Message: Can't find element by locator ('xpath', '//button[@data-test-active-link=\"Similar phrases\"]')\nStacktrace:\n#0 0x55efac83b32a <unknown>\n#1 0x55efac287e4b <unknown>\n#2 0x55efac2da82b <unknown>\n#3 0x55efac2daa61 <unknown>\n#4 0x55efac329a44 <unknown>\n#5 0x55efac326df7 <unknown>\n#6 0x55efac2ccc1a <unknown>\n#7 0x55efac2cd921 <unknown>\n#8 0x55efac802239 <unknown>\n#9 0x55efac8051e8 <unknown>\n#10 0x55efac7eb4c9 <unknown>\n#11 0x55efac805db5 <unknown>\n#12 0x55efac7d2e93 <unknown>\n#13 0x55efac828098 <unknown>\n#14 0x55efac828273 <unknown>\n#15 0x55efac83a2c3 <unknown>\n#16 0x7f6111e9caa4 <unknown>\n#17 0x7f6111f29c6c <unknown>","time":{"start":1764069744629,"stop":1764069754963,"duration":10334}},{"uid":"727ee64aa2885b52","reportUrl":"https://Brain-up.github.io/auto-tests-python/758/#testresult/727ee64aa2885b52","status":"skipped","statusDetails":"XFAIL\n\nselenium.common.exceptions.TimeoutException: Message: Can't find element by locator ('xpath', '//button[@data-test-active-link=\"Similar phrases\"]')\nStacktrace:\n#0 0x55da2def732a <unknown>\n#1 0x55da2d943e4b <unknown>\n#2 0x55da2d99682b <unknown>\n#3 0x55da2d996a61 <unknown>\n#4 0x55da2d9e5a44 <unknown>\n#5 0x55da2d9e2df7 <unknown>\n#6 0x55da2d988c1a <unknown>\n#7 0x55da2d989921 <unknown>\n#8 0x55da2debe239 <unknown>\n#9 0x55da2dec11e8 <unknown>\n#10 0x55da2dea74c9 <unknown>\n#11 0x55da2dec1db5 <unknown>\n#12 0x55da2de8ee93 <unknown>\n#13 0x55da2dee4098 <unknown>\n#14 0x55da2dee4273 <unknown>\n#15 0x55da2def62c3 <unknown>\n#16 0x7f1e9fc9caa4 <unknown>\n#17 0x7f1e9fd29c6c <unknown>","time":{"start":1764011589934,"stop":1764011600351,"duration":10417}},{"uid":"dab8ba12b27141aa","reportUrl":"https://Brain-up.github.io/auto-tests-python/757/#testresult/dab8ba12b27141aa","status":"skipped","statusDetails":"XFAIL\n\nselenium.common.exceptions.TimeoutException: Message: Can't find element by locator ('xpath', '//button[@data-test-active-link=\"Similar phrases\"]')\nStacktrace:\n#0 0x55bd8f9a132a <unknown>\n#1 0x55bd8f3ede4b <unknown>\n#2 0x55bd8f44082b <unknown>\n#3 0x55bd8f440a61 <unknown>\n#4 0x55bd8f48fa44 <unknown>\n#5 0x55bd8f48cdf7 <unknown>\n#6 0x55bd8f432c1a <unknown>\n#7 0x55bd8f433921 <unknown>\n#8 0x55bd8f968239 <unknown>\n#9 0x55bd8f96b1e8 <unknown>\n#10 0x55bd8f9514c9 <unknown>\n#11 0x55bd8f96bdb5 <unknown>\n#12 0x55bd8f938e93 <unknown>\n#13 0x55bd8f98e098 <unknown>\n#14 0x55bd8f98e273 <unknown>\n#15 0x55bd8f9a02c3 <unknown>\n#16 0x7f171a89caa4 <unknown>\n#17 0x7f171a929c6c <unknown>","time":{"start":1763904152184,"stop":1763904162562,"duration":10378}},{"uid":"c98446bcec302d78","reportUrl":"https://Brain-up.github.io/auto-tests-python/756/#testresult/c98446bcec302d78","status":"skipped","statusDetails":"XFAIL\n\nselenium.common.exceptions.TimeoutException: Message: Can't find element by locator ('xpath', '//button[@data-test-active-link=\"Similar phrases\"]')\nStacktrace:\n#0 0x55dbf243832a <unknown>\n#1 0x55dbf1e84e4b <unknown>\n#2 0x55dbf1ed782b <unknown>\n#3 0x55dbf1ed7a61 <unknown>\n#4 0x55dbf1f26a44 <unknown>\n#5 0x55dbf1f23df7 <unknown>\n#6 0x55dbf1ec9c1a <unknown>\n#7 0x55dbf1eca921 <unknown>\n#8 0x55dbf23ff239 <unknown>\n#9 0x55dbf24021e8 <unknown>\n#10 0x55dbf23e84c9 <unknown>\n#11 0x55dbf2402db5 <unknown>\n#12 0x55dbf23cfe93 <unknown>\n#13 0x55dbf2425098 <unknown>\n#14 0x55dbf2425273 <unknown>\n#15 0x55dbf24372c3 <unknown>\n#16 0x7f882289caa4 <unknown>\n#17 0x7f8822929c6c <unknown>","time":{"start":1763826020100,"stop":1763826030461,"duration":10361}},{"uid":"b02709ece552a56","reportUrl":"https://Brain-up.github.io/auto-tests-python/755/#testresult/b02709ece552a56","status":"skipped","statusDetails":"XFAIL\n\nselenium.common.exceptions.TimeoutException: Message: Can't find element by locator ('xpath', '//button[@data-test-active-link=\"Similar phrases\"]')\nStacktrace:\n#0 0x55a7396bd32a <unknown>\n#1 0x55a739109e4b <unknown>\n#2 0x55a73915c82b <unknown>\n#3 0x55a73915ca61 <unknown>\n#4 0x55a7391aba44 <unknown>\n#5 0x55a7391a8df7 <unknown>\n#6 0x55a73914ec1a <unknown>\n#7 0x55a73914f921 <unknown>\n#8 0x55a739684239 <unknown>\n#9 0x55a7396871e8 <unknown>\n#10 0x55a73966d4c9 <unknown>\n#11 0x55a739687db5 <unknown>\n#12 0x55a739654e93 <unknown>\n#13 0x55a7396aa098 <unknown>\n#14 0x55a7396aa273 <unknown>\n#15 0x55a7396bc2c3 <unknown>\n#16 0x7f288c09caa4 <unknown>\n#17 0x7f288c129c6c <unknown>","time":{"start":1763700680325,"stop":1763700690690,"duration":10365}},{"uid":"d0ecad2cf4c4f73a","reportUrl":"https://Brain-up.github.io/auto-tests-python/754/#testresult/d0ecad2cf4c4f73a","status":"skipped","statusDetails":"XFAIL\n\nselenium.common.exceptions.TimeoutException: Message: Can't find element by locator ('xpath', '//button[@data-test-active-link=\"Similar phrases\"]')\nStacktrace:\n#0 0x56311b50632a <unknown>\n#1 0x56311af52e4b <unknown>\n#2 0x56311afa582b <unknown>\n#3 0x56311afa5a61 <unknown>\n#4 0x56311aff4a44 <unknown>\n#5 0x56311aff1df7 <unknown>\n#6 0x56311af97c1a <unknown>\n#7 0x56311af98921 <unknown>\n#8 0x56311b4cd239 <unknown>\n#9 0x56311b4d01e8 <unknown>\n#10 0x56311b4b64c9 <unknown>\n#11 0x56311b4d0db5 <unknown>\n#12 0x56311b49de93 <unknown>\n#13 0x56311b4f3098 <unknown>\n#14 0x56311b4f3273 <unknown>\n#15 0x56311b5052c3 <unknown>\n#16 0x7f6888a9caa4 <unknown>\n#17 0x7f6888b29c6c <unknown>","time":{"start":1763644055092,"stop":1763644065528,"duration":10436}},{"uid":"73f87640052fc76e","reportUrl":"https://Brain-up.github.io/auto-tests-python/753/#testresult/73f87640052fc76e","status":"skipped","statusDetails":"XFAIL\n\nselenium.common.exceptions.TimeoutException: Message: Can't find element by locator ('xpath', '//button[@data-test-active-link=\"Similar phrases\"]')\nStacktrace:\n#0 0x556d9e4bc32a <unknown>\n#1 0x556d9df08e4b <unknown>\n#2 0x556d9df5b82b <unknown>\n#3 0x556d9df5ba61 <unknown>\n#4 0x556d9dfaaa44 <unknown>\n#5 0x556d9dfa7df7 <unknown>\n#6 0x556d9df4dc1a <unknown>\n#7 0x556d9df4e921 <unknown>\n#8 0x556d9e483239 <unknown>\n#9 0x556d9e4861e8 <unknown>\n#10 0x556d9e46c4c9 <unknown>\n#11 0x556d9e486db5 <unknown>\n#12 0x556d9e453e93 <unknown>\n#13 0x556d9e4a9098 <unknown>\n#14 0x556d9e4a9273 <unknown>\n#15 0x556d9e4bb2c3 <unknown>\n#16 0x7f2630e9caa4 <unknown>\n#17 0x7f2630f29c6c <unknown>","time":{"start":1763553302789,"stop":1763553313137,"duration":10348}},{"uid":"a3a5b78da82c890e","reportUrl":"https://Brain-up.github.io/auto-tests-python/752/#testresult/a3a5b78da82c890e","status":"skipped","statusDetails":"XFAIL\n\nselenium.common.exceptions.TimeoutException: Message: Can't find element by locator ('xpath', '//button[@data-test-active-link=\"Similar phrases\"]')\nStacktrace:\n#0 0x55b2e8fde32a <unknown>\n#1 0x55b2e8a2ae4b <unknown>\n#2 0x55b2e8a7d82b <unknown>\n#3 0x55b2e8a7da61 <unknown>\n#4 0x55b2e8acca44 <unknown>\n#5 0x55b2e8ac9df7 <unknown>\n#6 0x55b2e8a6fc1a <unknown>\n#7 0x55b2e8a70921 <unknown>\n#8 0x55b2e8fa5239 <unknown>\n#9 0x55b2e8fa81e8 <unknown>\n#10 0x55b2e8f8e4c9 <unknown>\n#11 0x55b2e8fa8db5 <unknown>\n#12 0x55b2e8f75e93 <unknown>\n#13 0x55b2e8fcb098 <unknown>\n#14 0x55b2e8fcb273 <unknown>\n#15 0x55b2e8fdd2c3 <unknown>\n#16 0x7fd55b69caa4 <unknown>\n#17 0x7fd55b729c6c <unknown>","time":{"start":1763463868831,"stop":1763463879178,"duration":10347}},{"uid":"5b4c34599f2c45e1","reportUrl":"https://Brain-up.github.io/auto-tests-python/751/#testresult/5b4c34599f2c45e1","status":"skipped","statusDetails":"XFAIL\n\nselenium.common.exceptions.TimeoutException: Message: Can't find element by locator ('xpath', '//button[@data-test-active-link=\"Similar phrases\"]')\nStacktrace:\n#0 0x555bbde7f32a <unknown>\n#1 0x555bbd8cbe4b <unknown>\n#2 0x555bbd91e82b <unknown>\n#3 0x555bbd91ea61 <unknown>\n#4 0x555bbd96da44 <unknown>\n#5 0x555bbd96adf7 <unknown>\n#6 0x555bbd910c1a <unknown>\n#7 0x555bbd911921 <unknown>\n#8 0x555bbde46239 <unknown>\n#9 0x555bbde491e8 <unknown>\n#10 0x555bbde2f4c9 <unknown>\n#11 0x555bbde49db5 <unknown>\n#12 0x555bbde16e93 <unknown>\n#13 0x555bbde6c098 <unknown>\n#14 0x555bbde6c273 <unknown>\n#15 0x555bbde7e2c3 <unknown>\n#16 0x7fd3a429caa4 <unknown>\n#17 0x7fd3a4329c6c <unknown>","time":{"start":1763379778997,"stop":1763379789345,"duration":10348}},{"uid":"92a898715ef3c671","reportUrl":"https://Brain-up.github.io/auto-tests-python/750/#testresult/92a898715ef3c671","status":"skipped","statusDetails":"XFAIL\n\nselenium.common.exceptions.TimeoutException: Message: Can't find element by locator ('xpath', '//button[@data-test-active-link=\"Similar phrases\"]')\nStacktrace:\n#0 0x562590fb132a <unknown>\n#1 0x5625909fde4b <unknown>\n#2 0x562590a5082b <unknown>\n#3 0x562590a50a61 <unknown>\n#4 0x562590a9fa44 <unknown>\n#5 0x562590a9cdf7 <unknown>\n#6 0x562590a42c1a <unknown>\n#7 0x562590a43921 <unknown>\n#8 0x562590f78239 <unknown>\n#9 0x562590f7b1e8 <unknown>\n#10 0x562590f614c9 <unknown>\n#11 0x562590f7bdb5 <unknown>\n#12 0x562590f48e93 <unknown>\n#13 0x562590f9e098 <unknown>\n#14 0x562590f9e273 <unknown>\n#15 0x562590fb02c3 <unknown>\n#16 0x7f3cbb29caa4 <unknown>\n#17 0x7f3cbb329c6c <unknown>","time":{"start":1763296108930,"stop":1763296119346,"duration":10416}},{"uid":"8aa648056fec452c","reportUrl":"https://Brain-up.github.io/auto-tests-python/749/#testresult/8aa648056fec452c","status":"skipped","statusDetails":"XFAIL\n\nselenium.common.exceptions.TimeoutException: Message: Can't find element by locator ('xpath', '//button[@data-test-active-link=\"Similar phrases\"]')\nStacktrace:\n#0 0x5574baa4f32a <unknown>\n#1 0x5574ba49be4b <unknown>\n#2 0x5574ba4ee82b <unknown>\n#3 0x5574ba4eea61 <unknown>\n#4 0x5574ba53da44 <unknown>\n#5 0x5574ba53adf7 <unknown>\n#6 0x5574ba4e0c1a <unknown>\n#7 0x5574ba4e1921 <unknown>\n#8 0x5574baa16239 <unknown>\n#9 0x5574baa191e8 <unknown>\n#10 0x5574ba9ff4c9 <unknown>\n#11 0x5574baa19db5 <unknown>\n#12 0x5574ba9e6e93 <unknown>\n#13 0x5574baa3c098 <unknown>\n#14 0x5574baa3c273 <unknown>\n#15 0x5574baa4e2c3 <unknown>\n#16 0x7fa2df69caa4 <unknown>\n#17 0x7fa2df729c6c <unknown>","time":{"start":1763199731273,"stop":1763199741627,"duration":10354}},{"uid":"bb99c16b54b2216f","reportUrl":"https://Brain-up.github.io/auto-tests-python/748/#testresult/bb99c16b54b2216f","status":"skipped","statusDetails":"XFAIL\n\nselenium.common.exceptions.TimeoutException: Message: Can't find element by locator ('xpath', '//button[@data-test-active-link=\"Similar phrases\"]')\nStacktrace:\n#0 0x55e80d12aaea <unknown>\n#1 0x55e80cb76cdb <unknown>\n#2 0x55e80cbc96c4 <unknown>\n#3 0x55e80cbc9901 <unknown>\n#4 0x55e80cc188b4 <unknown>\n#5 0x55e80cc15c87 <unknown>\n#6 0x55e80cbbbaca <unknown>\n#7 0x55e80cbbc7d1 <unknown>\n#8 0x55e80d0f1ab9 <unknown>\n#9 0x55e80d0f4a8c <unknown>\n#10 0x55e80d0dad49 <unknown>\n#11 0x55e80d0f5685 <unknown>\n#12 0x55e80d0c26c3 <unknown>\n#13 0x55e80d1177d8 <unknown>\n#14 0x55e80d1179b3 <unknown>\n#15 0x55e80d129a83 <unknown>\n#16 0x7f51ee49caa4 <unknown>\n#17 0x7f51ee529c6c <unknown>","time":{"start":1763121007718,"stop":1763121018076,"duration":10358}},{"uid":"f86af284aebe423a","reportUrl":"https://Brain-up.github.io/auto-tests-python/747/#testresult/f86af284aebe423a","status":"skipped","statusDetails":"XFAIL\n\nselenium.common.exceptions.TimeoutException: Message: Can't find element by locator ('xpath', '//button[@data-test-active-link=\"Similar phrases\"]')\nStacktrace:\n#0 0x556ce4234aea <unknown>\n#1 0x556ce3c80cdb <unknown>\n#2 0x556ce3cd36c4 <unknown>\n#3 0x556ce3cd3901 <unknown>\n#4 0x556ce3d228b4 <unknown>\n#5 0x556ce3d1fc87 <unknown>\n#6 0x556ce3cc5aca <unknown>\n#7 0x556ce3cc67d1 <unknown>\n#8 0x556ce41fbab9 <unknown>\n#9 0x556ce41fea8c <unknown>\n#10 0x556ce41e4d49 <unknown>\n#11 0x556ce41ff685 <unknown>\n#12 0x556ce41cc6c3 <unknown>\n#13 0x556ce42217d8 <unknown>\n#14 0x556ce42219b3 <unknown>\n#15 0x556ce4233a83 <unknown>\n#16 0x7f0b3ac9caa4 <unknown>\n#17 0x7f0b3ad29c6c <unknown>","time":{"start":1763039352674,"stop":1763039363046,"duration":10372}},{"uid":"72ccc577bf3ce26c","reportUrl":"https://Brain-up.github.io/auto-tests-python/746/#testresult/72ccc577bf3ce26c","status":"skipped","statusDetails":"XFAIL\n\nselenium.common.exceptions.TimeoutException: Message: Can't find element by locator ('xpath', '//button[@data-test-active-link=\"Similar phrases\"]')\nStacktrace:\n#0 0x559df397baea <unknown>\n#1 0x559df33c7cdb <unknown>\n#2 0x559df341a6c4 <unknown>\n#3 0x559df341a901 <unknown>\n#4 0x559df34698b4 <unknown>\n#5 0x559df3466c87 <unknown>\n#6 0x559df340caca <unknown>\n#7 0x559df340d7d1 <unknown>\n#8 0x559df3942ab9 <unknown>\n#9 0x559df3945a8c <unknown>\n#10 0x559df392bd49 <unknown>\n#11 0x559df3946685 <unknown>\n#12 0x559df39136c3 <unknown>\n#13 0x559df39687d8 <unknown>\n#14 0x559df39689b3 <unknown>\n#15 0x559df397aa83 <unknown>\n#16 0x7f0d3c49caa4 <unknown>\n#17 0x7f0d3c529c6c <unknown>","time":{"start":1762956224133,"stop":1762956234489,"duration":10356}},{"uid":"6476a57629c3d248","reportUrl":"https://Brain-up.github.io/auto-tests-python/745/#testresult/6476a57629c3d248","status":"skipped","statusDetails":"XFAIL\n\nselenium.common.exceptions.TimeoutException: Message: Can't find element by locator ('xpath', '//button[@data-test-active-link=\"Similar phrases\"]')\nStacktrace:\n#0 0x56003f5f0aea <unknown>\n#1 0x56003f03ccdb <unknown>\n#2 0x56003f08f6c4 <unknown>\n#3 0x56003f08f901 <unknown>\n#4 0x56003f0de8b4 <unknown>\n#5 0x56003f0dbc87 <unknown>\n#6 0x56003f081aca <unknown>\n#7 0x56003f0827d1 <unknown>\n#8 0x56003f5b7ab9 <unknown>\n#9 0x56003f5baa8c <unknown>\n#10 0x56003f5a0d49 <unknown>\n#11 0x56003f5bb685 <unknown>\n#12 0x56003f5886c3 <unknown>\n#13 0x56003f5dd7d8 <unknown>\n#14 0x56003f5dd9b3 <unknown>\n#15 0x56003f5efa83 <unknown>\n#16 0x7f724d69caa4 <unknown>\n#17 0x7f724d729c6c <unknown>","time":{"start":1762851937955,"stop":1762851948419,"duration":10464}},{"uid":"671514c484963ed7","reportUrl":"https://Brain-up.github.io/auto-tests-python/744/#testresult/671514c484963ed7","status":"skipped","statusDetails":"XFAIL\n\nselenium.common.exceptions.TimeoutException: Message: Can't find element by locator ('xpath', '//button[@data-test-active-link=\"Similar phrases\"]')\nStacktrace:\n#0 0x55bd932adaea <unknown>\n#1 0x55bd92cf9cdb <unknown>\n#2 0x55bd92d4c6c4 <unknown>\n#3 0x55bd92d4c901 <unknown>\n#4 0x55bd92d9b8b4 <unknown>\n#5 0x55bd92d98c87 <unknown>\n#6 0x55bd92d3eaca <unknown>\n#7 0x55bd92d3f7d1 <unknown>\n#8 0x55bd93274ab9 <unknown>\n#9 0x55bd93277a8c <unknown>\n#10 0x55bd9325dd49 <unknown>\n#11 0x55bd93278685 <unknown>\n#12 0x55bd932456c3 <unknown>\n#13 0x55bd9329a7d8 <unknown>\n#14 0x55bd9329a9b3 <unknown>\n#15 0x55bd932aca83 <unknown>\n#16 0x7f84c1e9caa4 <unknown>\n#17 0x7f84c1f29c6c <unknown>","time":{"start":1762772631622,"stop":1762772641989,"duration":10367}}]},"tags":["@pytest.mark.xfail"]},"source":"c9d35e1d0bf26a45.json","parameterValues":[]}