{"uid":"cd8d526da8106858","name":"Verify presence and visibility of content on the page","fullName":"tests.exercises_ru_similar_phrases_page_test.TestExRuSimPhrPageStructure#test_ersp_01_01_verify_page_presence_and_visibility","historyId":"477d176aaa2d68310d18b6ad819f0946","time":{"start":1767349810884,"stop":1767349810884,"duration":0},"status":"broken","statusMessage":"selenium.common.exceptions.TimeoutException: Message: Can't find element by locator https://www.brainup.site/groups","statusTrace":"self = <pages.base_page.BasePage object at 0x7f488651e120>\nurl = 'https://www.brainup.site/groups'\n\n    def check_expected_link(self, url):\n        with allure.step(f'Check url is present: {url}'):\n            try:\n>               return Wait(self.driver, self.timeout).until(\n                    EC.url_to_be(url), message=f\"Can't find element by locator {url}\")\n\npages/base_page.py:80: \n_ _ _ _ _ _ _ _ _ _ _ _ _ _ _ _ _ _ _ _ _ _ _ _ _ _ _ _ _ _ _ _ _ _ _ _ _ _ _ _ \n\nself = <selenium.webdriver.support.wait.WebDriverWait (session=\"49bf27937711571c1cc0e78dc441b316\")>\nmethod = <function url_to_be.<locals>._predicate at 0x7f4886525e40>\nmessage = \"Can't find element by locator https://www.brainup.site/groups\"\n\n    def until(self, method, message: str = \"\"):\n        \"\"\"Calls the method provided with the driver as an argument until the \\\n        return value does not evaluate to ``False``.\n    \n        :param method: callable(WebDriver)\n        :param message: optional message for :exc:`TimeoutException`\n        :returns: the result of the last call to `method`\n        :raises: :exc:`selenium.common.exceptions.TimeoutException` if timeout occurs\n        \"\"\"\n        screen = None\n        stacktrace = None\n    \n        end_time = time.monotonic() + self._timeout\n        while True:\n            try:\n                value = method(self._driver)\n                if value:\n                    return value\n            except self._ignored_exceptions as exc:\n                screen = getattr(exc, \"screen\", None)\n                stacktrace = getattr(exc, \"stacktrace\", None)\n            time.sleep(self._poll)\n            if time.monotonic() > end_time:\n                break\n>       raise TimeoutException(message, screen, stacktrace)\nE       selenium.common.exceptions.TimeoutException: Message: Can't find element by locator https://www.brainup.site/groups\n\n/opt/hostedtoolcache/Python/3.12.12/x64/lib/python3.12/site-packages/selenium/webdriver/support/wait.py:95: TimeoutException\n\nDuring handling of the above exception, another exception occurred:\n\ndriver = <selenium.webdriver.chrome.webdriver.WebDriver (session=\"49bf27937711571c1cc0e78dc441b316\")>\nmain_page_open = None\n\n    @pytest.fixture()\n    @allure.step('Auto test user authorized')\n    def auto_test_user_authorized(driver, main_page_open):\n        page = BasePage(driver)\n        page.element_is_present_and_clickable(MainPageLocators.LOGIN_BUTTON).click()\n        page.element_is_visible(LoginPageLocators.INPUT_LOGIN).send_keys(os.environ[\"LOGIN\"])\n        page.element_is_visible(LoginPageLocators.INPUT_PASSWORD).send_keys(os.environ[\"PASSWORD\"])\n        page.element_is_present_and_clickable(LoginPageLocators.SIGN_IN_BUTTON).click()\n>       page.check_expected_link(MainPageLinks.URL_GROUPS_PAGE)\n\ntests/conftest.py:178: \n_ _ _ _ _ _ _ _ _ _ _ _ _ _ _ _ _ _ _ _ _ _ _ _ _ _ _ _ _ _ _ _ _ _ _ _ _ _ _ _ \npages/base_page.py:84: in check_expected_link\n    return Wait(self.driver, self.timeout).until(\n_ _ _ _ _ _ _ _ _ _ _ _ _ _ _ _ _ _ _ _ _ _ _ _ _ _ _ _ _ _ _ _ _ _ _ _ _ _ _ _ \n\nself = <selenium.webdriver.support.wait.WebDriverWait (session=\"49bf27937711571c1cc0e78dc441b316\")>\nmethod = <function url_to_be.<locals>._predicate at 0x7f4886778a40>\nmessage = \"Can't find element by locator https://www.brainup.site/groups\"\n\n    def until(self, method, message: str = \"\"):\n        \"\"\"Calls the method provided with the driver as an argument until the \\\n        return value does not evaluate to ``False``.\n    \n        :param method: callable(WebDriver)\n        :param message: optional message for :exc:`TimeoutException`\n        :returns: the result of the last call to `method`\n        :raises: :exc:`selenium.common.exceptions.TimeoutException` if timeout occurs\n        \"\"\"\n        screen = None\n        stacktrace = None\n    \n        end_time = time.monotonic() + self._timeout\n        while True:\n            try:\n                value = method(self._driver)\n                if value:\n                    return value\n            except self._ignored_exceptions as exc:\n                screen = getattr(exc, \"screen\", None)\n                stacktrace = getattr(exc, \"stacktrace\", None)\n            time.sleep(self._poll)\n            if time.monotonic() > end_time:\n                break\n>       raise TimeoutException(message, screen, stacktrace)\nE       selenium.common.exceptions.TimeoutException: Message: Can't find element by locator https://www.brainup.site/groups\n\n/opt/hostedtoolcache/Python/3.12.12/x64/lib/python3.12/site-packages/selenium/webdriver/support/wait.py:95: TimeoutException","flaky":false,"newFailed":false,"newBroken":true,"newPassed":false,"retriesCount":0,"retriesStatusChange":false,"beforeStages":[{"name":"clear_allure_results_folder","time":{"start":1767349630623,"stop":1767349630623,"duration":0},"status":"passed","steps":[],"attachments":[],"parameters":[],"stepsCount":0,"shouldDisplayMessage":false,"attachmentsCount":0,"hasContent":false,"attachmentStep":false},{"name":"driver","time":{"start":1767349810884,"stop":1767349811642,"duration":758},"status":"passed","steps":[],"attachments":[],"parameters":[],"stepsCount":0,"shouldDisplayMessage":false,"attachmentsCount":0,"hasContent":false,"attachmentStep":false},{"name":"main_page_open","time":{"start":1767349811642,"stop":1767349815174,"duration":3532},"status":"passed","steps":[{"name":"Open page: https://www.brainup.site/","time":{"start":1767349811642,"stop":1767349815174,"duration":3532},"status":"passed","steps":[],"attachments":[],"parameters":[{"name":"driver","value":"<selenium.webdriver.chrome.webdriver.WebDriver (session=\"49bf27937711571c1cc0e78dc441b316\")>"}],"stepsCount":0,"shouldDisplayMessage":false,"attachmentsCount":0,"hasContent":true,"attachmentStep":false}],"attachments":[],"parameters":[],"stepsCount":1,"shouldDisplayMessage":false,"attachmentsCount":0,"hasContent":true,"attachmentStep":false},{"name":"auto_test_user_authorized","time":{"start":1767349815174,"stop":1767349835667,"duration":20493},"status":"broken","statusMessage":"selenium.common.exceptions.TimeoutException: Message: Can't find element by locator https://www.brainup.site/groups\n\n","statusTrace":"  File \"/opt/hostedtoolcache/Python/3.12.12/x64/lib/python3.12/site-packages/pluggy/_callers.py\", line 38, in run_old_style_hookwrapper\n    res = yield\n          ^^^^^\n  File \"/opt/hostedtoolcache/Python/3.12.12/x64/lib/python3.12/site-packages/pluggy/_callers.py\", line 139, in _multicall\n    teardown.throw(exception)\n  File \"/opt/hostedtoolcache/Python/3.12.12/x64/lib/python3.12/site-packages/pluggy/_callers.py\", line 53, in run_old_style_hookwrapper\n    return result.get_result()\n           ^^^^^^^^^^^^^^^^^^^\n  File \"/opt/hostedtoolcache/Python/3.12.12/x64/lib/python3.12/site-packages/pluggy/_result.py\", line 103, in get_result\n    raise exc.with_traceback(tb)\n  File \"/opt/hostedtoolcache/Python/3.12.12/x64/lib/python3.12/site-packages/pluggy/_callers.py\", line 38, in run_old_style_hookwrapper\n    res = yield\n          ^^^^^\n  File \"/opt/hostedtoolcache/Python/3.12.12/x64/lib/python3.12/site-packages/pluggy/_callers.py\", line 121, in _multicall\n    res = hook_impl.function(*args)\n          ^^^^^^^^^^^^^^^^^^^^^^^^^\n  File \"/opt/hostedtoolcache/Python/3.12.12/x64/lib/python3.12/site-packages/_pytest/fixtures.py\", line 1123, in pytest_fixture_setup\n    result = call_fixture_func(fixturefunc, request, kwargs)\n             ^^^^^^^^^^^^^^^^^^^^^^^^^^^^^^^^^^^^^^^^^^^^^^^\n  File \"/opt/hostedtoolcache/Python/3.12.12/x64/lib/python3.12/site-packages/_pytest/fixtures.py\", line 902, in call_fixture_func\n    fixture_result = fixturefunc(**kwargs)\n                     ^^^^^^^^^^^^^^^^^^^^^\n  File \"/opt/hostedtoolcache/Python/3.12.12/x64/lib/python3.12/site-packages/allure_commons/_allure.py\", line 192, in impl\n    return func(*a, **kw)\n           ^^^^^^^^^^^^^^\n  File \"/home/runner/work/auto-tests-python/auto-tests-python/tests/conftest.py\", line 178, in auto_test_user_authorized\n    page.check_expected_link(MainPageLinks.URL_GROUPS_PAGE)\n  File \"/home/runner/work/auto-tests-python/auto-tests-python/pages/base_page.py\", line 84, in check_expected_link\n    return Wait(self.driver, self.timeout).until(\n           ^^^^^^^^^^^^^^^^^^^^^^^^^^^^^^^^^^^^^^\n  File \"/opt/hostedtoolcache/Python/3.12.12/x64/lib/python3.12/site-packages/selenium/webdriver/support/wait.py\", line 95, in until\n    raise TimeoutException(message, screen, stacktrace)\n","steps":[{"name":"Auto test user authorized","time":{"start":1767349815174,"stop":1767349835667,"duration":20493},"status":"broken","statusMessage":"selenium.common.exceptions.TimeoutException: Message: Can't find element by locator https://www.brainup.site/groups\n\n","statusTrace":"  File \"/opt/hostedtoolcache/Python/3.12.12/x64/lib/python3.12/site-packages/allure_commons/_allure.py\", line 192, in impl\n    return func(*a, **kw)\n           ^^^^^^^^^^^^^^\n  File \"/home/runner/work/auto-tests-python/auto-tests-python/tests/conftest.py\", line 178, in auto_test_user_authorized\n    page.check_expected_link(MainPageLinks.URL_GROUPS_PAGE)\n  File \"/home/runner/work/auto-tests-python/auto-tests-python/pages/base_page.py\", line 84, in check_expected_link\n    return Wait(self.driver, self.timeout).until(\n           ^^^^^^^^^^^^^^^^^^^^^^^^^^^^^^^^^^^^^^\n  File \"/opt/hostedtoolcache/Python/3.12.12/x64/lib/python3.12/site-packages/selenium/webdriver/support/wait.py\", line 95, in until\n    raise TimeoutException(message, screen, stacktrace)\n","steps":[{"name":"Check url is present: https://www.brainup.site/groups","time":{"start":1767349815529,"stop":1767349835666,"duration":20137},"status":"broken","statusMessage":"selenium.common.exceptions.TimeoutException: Message: Can't find element by locator https://www.brainup.site/groups\n\n","statusTrace":"  File \"/home/runner/work/auto-tests-python/auto-tests-python/pages/base_page.py\", line 84, in check_expected_link\n    return Wait(self.driver, self.timeout).until(\n           ^^^^^^^^^^^^^^^^^^^^^^^^^^^^^^^^^^^^^^\n  File \"/opt/hostedtoolcache/Python/3.12.12/x64/lib/python3.12/site-packages/selenium/webdriver/support/wait.py\", line 95, in until\n    raise TimeoutException(message, screen, stacktrace)\n","steps":[],"attachments":[],"parameters":[],"stepsCount":0,"shouldDisplayMessage":true,"attachmentsCount":0,"hasContent":true,"attachmentStep":false}],"attachments":[],"parameters":[{"name":"driver","value":"<selenium.webdriver.chrome.webdriver.WebDriver (session=\"49bf27937711571c1cc0e78dc441b316\")>"},{"name":"main_page_open","value":"None"}],"stepsCount":1,"shouldDisplayMessage":false,"attachmentsCount":0,"hasContent":true,"attachmentStep":false}],"attachments":[],"parameters":[],"stepsCount":2,"shouldDisplayMessage":false,"attachmentsCount":0,"hasContent":true,"attachmentStep":false}],"afterStages":[{"name":"driver::0","time":{"start":1767349835713,"stop":1767349835779,"duration":66},"status":"passed","steps":[],"attachments":[],"parameters":[],"stepsCount":0,"shouldDisplayMessage":false,"attachmentsCount":0,"hasContent":false,"attachmentStep":false}],"labels":[{"name":"epic","value":"The Exercises 'Similar phrases' Page on the 'ru' local"},{"name":"parentSuite","value":"tests"},{"name":"suite","value":"exercises_ru_similar_phrases_page_test"},{"name":"subSuite","value":"TestExercisesRuSimilarPhrasesPage"},{"name":"host","value":"runnervmh13bl"},{"name":"thread","value":"2674-MainThread"},{"name":"framework","value":"pytest"},{"name":"language","value":"cpython3"},{"name":"package","value":"tests.exercises_ru_similar_phrases_page_test"},{"name":"resultFormat","value":"allure2"}],"parameters":[],"links":[],"hidden":false,"retry":false,"extra":{"severity":"normal","retries":[],"categories":[{"name":"Test defects","matchedStatuses":[],"flaky":false}],"history":{"statistic":{"failed":0,"broken":2,"skipped":0,"passed":55,"unknown":0,"total":57},"items":[{"uid":"d7d91e2b00e0ddd1","reportUrl":"https://Brain-up.github.io/auto-tests-python/790/#testresult/d7d91e2b00e0ddd1","status":"passed","time":{"start":1767197468267,"stop":1767197468294,"duration":27}},{"uid":"4f6154210028fadf","reportUrl":"https://Brain-up.github.io/auto-tests-python/789/#testresult/4f6154210028fadf","status":"passed","time":{"start":1767087613834,"stop":1767087613860,"duration":26}},{"uid":"d8f8ba3bb060f3ce","reportUrl":"https://Brain-up.github.io/auto-tests-python/788/#testresult/d8f8ba3bb060f3ce","status":"passed","time":{"start":1766997091353,"stop":1766997091381,"duration":28}},{"uid":"3d29936b1d8b17e7","reportUrl":"https://Brain-up.github.io/auto-tests-python/787/#testresult/3d29936b1d8b17e7","status":"passed","time":{"start":1766923038280,"stop":1766923038304,"duration":24}},{"uid":"9e9136615792467a","reportUrl":"https://Brain-up.github.io/auto-tests-python/786/#testresult/9e9136615792467a","status":"passed","time":{"start":1766833274720,"stop":1766833274747,"duration":27}},{"uid":"71084f97cf04ac4b","reportUrl":"https://Brain-up.github.io/auto-tests-python/785/#testresult/71084f97cf04ac4b","status":"passed","time":{"start":1766752164039,"stop":1766752164067,"duration":28}},{"uid":"fdbcdcba64da7063","reportUrl":"https://Brain-up.github.io/auto-tests-python/784/#testresult/fdbcdcba64da7063","status":"passed","time":{"start":1766687573761,"stop":1766687573787,"duration":26}},{"uid":"8a7d701a986bad27","reportUrl":"https://Brain-up.github.io/auto-tests-python/783/#testresult/8a7d701a986bad27","status":"passed","time":{"start":1766574388196,"stop":1766574388222,"duration":26}},{"uid":"6ed1157758693ffa","reportUrl":"https://Brain-up.github.io/auto-tests-python/782/#testresult/6ed1157758693ffa","status":"passed","time":{"start":1766474801494,"stop":1766474801518,"duration":24}},{"uid":"b063ea47db15cb6b","reportUrl":"https://Brain-up.github.io/auto-tests-python/781/#testresult/b063ea47db15cb6b","status":"passed","time":{"start":1766400625049,"stop":1766400625076,"duration":27}},{"uid":"d552e224a05b8684","reportUrl":"https://Brain-up.github.io/auto-tests-python/780/#testresult/d552e224a05b8684","status":"passed","time":{"start":1766323203385,"stop":1766323203411,"duration":26}},{"uid":"5f7c0aa762c6dfbd","reportUrl":"https://Brain-up.github.io/auto-tests-python/779/#testresult/5f7c0aa762c6dfbd","status":"passed","time":{"start":1766229119599,"stop":1766229119625,"duration":26}},{"uid":"77fc312eacf00568","reportUrl":"https://Brain-up.github.io/auto-tests-python/778/#testresult/77fc312eacf00568","status":"passed","time":{"start":1766132764891,"stop":1766132764917,"duration":26}},{"uid":"e0cf14447538ccbf","reportUrl":"https://Brain-up.github.io/auto-tests-python/777/#testresult/e0cf14447538ccbf","status":"passed","time":{"start":1766051254577,"stop":1766051254605,"duration":28}},{"uid":"d459e748ddda5758","reportUrl":"https://Brain-up.github.io/auto-tests-python/776/#testresult/d459e748ddda5758","status":"passed","time":{"start":1765969147966,"stop":1765969147993,"duration":27}},{"uid":"36848e9cc69f037c","reportUrl":"https://Brain-up.github.io/auto-tests-python/775/#testresult/36848e9cc69f037c","status":"passed","time":{"start":1765882440518,"stop":1765882440544,"duration":26}},{"uid":"a46168ebdc411f7f","reportUrl":"https://Brain-up.github.io/auto-tests-python/774/#testresult/a46168ebdc411f7f","status":"passed","time":{"start":1765799284529,"stop":1765799284554,"duration":25}},{"uid":"c30acd2f2390c354","reportUrl":"https://Brain-up.github.io/auto-tests-python/773/#testresult/c30acd2f2390c354","status":"passed","time":{"start":1765736369803,"stop":1765736369829,"duration":26}},{"uid":"79c2457277e7fcf1","reportUrl":"https://Brain-up.github.io/auto-tests-python/772/#testresult/79c2457277e7fcf1","status":"passed","time":{"start":1765625971864,"stop":1765625971890,"duration":26}},{"uid":"2a7d92d2296d7981","reportUrl":"https://Brain-up.github.io/auto-tests-python/771/#testresult/2a7d92d2296d7981","status":"passed","time":{"start":1765529053955,"stop":1765529053986,"duration":31}}]},"tags":[]},"source":"cd8d526da8106858.json","parameterValues":[]}