{"uid":"46b5d0d05b3c9f32","name":"Solutions to a random task in the \"Слова\" group and comparison of statics.","fullName":"tests.test_speech_exercises_ru.TestCardsRU#test_solve_word_cards_with_statistic_ru","historyId":"0fb6881b2015244903bd7785af7503a6","time":{"start":1771046944511,"stop":1771046954872,"duration":10361},"status":"skipped","statusMessage":"XFAIL\n\nselenium.common.exceptions.TimeoutException: Message: Can't find element by locator ('xpath', '//div[@class=\"__51e19\"]')\nStacktrace:\n#0 0x55b6e7705a4a <unknown>\n#1 0x55b6e711e6a2 <unknown>\n#2 0x55b6e7173a8d <unknown>\n#3 0x55b6e7173cd1 <unknown>\n#4 0x55b6e71bf5c4 <unknown>\n#5 0x55b6e71bc7f0 <unknown>\n#6 0x55b6e71658b2 <unknown>\n#7 0x55b6e71666a1 <unknown>\n#8 0x55b6e76cb8a9 <unknown>\n#9 0x55b6e76ce7b1 <unknown>\n#10 0x55b6e76b7ea9 <unknown>\n#11 0x55b6e76cf36e <unknown>\n#12 0x55b6e769e410 <unknown>\n#13 0x55b6e76f30c8 <unknown>\n#14 0x55b6e76f329b <unknown>\n#15 0x55b6e7704db8 <unknown>\n#16 0x7f5c0ae9caa4 <unknown>\n#17 0x7f5c0af29c6c <unknown>","statusTrace":"self = <tests.test_speech_exercises_ru.TestCardsRU object at 0x7fa3012bc890>\ndriver = <selenium.webdriver.chrome.webdriver.WebDriver (session=\"290853643b672f1b9c17768071c24dda\")>\ndefault_user_authorized = None\n\n    @pytest.mark.xfail\n    @allure.suite(\"Речевые упражнения.\")\n    @allure.title('Solutions to a random task in the \"Слова\" group and comparison of statics.')\n    def test_solve_word_cards_with_statistic_ru(self, driver, default_user_authorized):\n        page = SpeechExercisesPageRU(driver)\n        page.click_button_ru()\n>       table = page.get_statistic_data()\n\ntests/test_speech_exercises_ru.py:165: \n_ _ _ _ _ _ _ _ _ _ _ _ _ _ _ _ _ _ _ _ _ _ _ _ _ _ _ _ _ _ _ _ _ _ _ _ _ _ _ _ \npages/speech_exercises_page_ru.py:174: in get_statistic_data\n    table = self.element_is_present(self.locators.AuthorizedUserHomePageLocators.STATISTIC_TABLE)\npages/base_page.py:32: in element_is_present\n    return Wait(self.driver, self.timeout).until(\n_ _ _ _ _ _ _ _ _ _ _ _ _ _ _ _ _ _ _ _ _ _ _ _ _ _ _ _ _ _ _ _ _ _ _ _ _ _ _ _ \n\nself = <selenium.webdriver.support.wait.WebDriverWait (session=\"290853643b672f1b9c17768071c24dda\")>\nmethod = <function presence_of_element_located.<locals>._predicate at 0x7fa3011365c0>\nmessage = 'Can\\'t find element by locator (\\'xpath\\', \\'//div[@class=\"__51e19\"]\\')'\n\n    def until(self, method, message: str = \"\"):\n        \"\"\"Calls the method provided with the driver as an argument until the \\\n        return value does not evaluate to ``False``.\n    \n        :param method: callable(WebDriver)\n        :param message: optional message for :exc:`TimeoutException`\n        :returns: the result of the last call to `method`\n        :raises: :exc:`selenium.common.exceptions.TimeoutException` if timeout occurs\n        \"\"\"\n        screen = None\n        stacktrace = None\n    \n        end_time = time.monotonic() + self._timeout\n        while True:\n            try:\n                value = method(self._driver)\n                if value:\n                    return value\n            except self._ignored_exceptions as exc:\n                screen = getattr(exc, \"screen\", None)\n                stacktrace = getattr(exc, \"stacktrace\", None)\n            time.sleep(self._poll)\n            if time.monotonic() > end_time:\n                break\n>       raise TimeoutException(message, screen, stacktrace)\nE       selenium.common.exceptions.TimeoutException: Message: Can't find element by locator ('xpath', '//div[@class=\"__51e19\"]')\nE       Stacktrace:\nE       #0 0x55b6e7705a4a <unknown>\nE       #1 0x55b6e711e6a2 <unknown>\nE       #2 0x55b6e7173a8d <unknown>\nE       #3 0x55b6e7173cd1 <unknown>\nE       #4 0x55b6e71bf5c4 <unknown>\nE       #5 0x55b6e71bc7f0 <unknown>\nE       #6 0x55b6e71658b2 <unknown>\nE       #7 0x55b6e71666a1 <unknown>\nE       #8 0x55b6e76cb8a9 <unknown>\nE       #9 0x55b6e76ce7b1 <unknown>\nE       #10 0x55b6e76b7ea9 <unknown>\nE       #11 0x55b6e76cf36e <unknown>\nE       #12 0x55b6e769e410 <unknown>\nE       #13 0x55b6e76f30c8 <unknown>\nE       #14 0x55b6e76f329b <unknown>\nE       #15 0x55b6e7704db8 <unknown>\nE       #16 0x7f5c0ae9caa4 <unknown>\nE       #17 0x7f5c0af29c6c <unknown>\n\n/opt/hostedtoolcache/Python/3.12.12/x64/lib/python3.12/site-packages/selenium/webdriver/support/wait.py:95: TimeoutException","flaky":false,"newFailed":false,"newBroken":false,"newPassed":false,"retriesCount":0,"retriesStatusChange":false,"beforeStages":[{"name":"clear_allure_results_folder","time":{"start":1771045527315,"stop":1771045527316,"duration":1},"status":"passed","steps":[],"attachments":[],"parameters":[],"stepsCount":0,"shouldDisplayMessage":false,"attachmentsCount":0,"hasContent":false,"attachmentStep":false},{"name":"driver","time":{"start":1771046937937,"stop":1771046938719,"duration":782},"status":"passed","steps":[],"attachments":[],"parameters":[],"stepsCount":0,"shouldDisplayMessage":false,"attachmentsCount":0,"hasContent":false,"attachmentStep":false},{"name":"main_page_open","time":{"start":1771046938719,"stop":1771046942082,"duration":3363},"status":"passed","steps":[{"name":"Open page: https://www.brainup.site/","time":{"start":1771046938719,"stop":1771046942082,"duration":3363},"status":"passed","steps":[],"attachments":[],"parameters":[{"name":"driver","value":"<selenium.webdriver.chrome.webdriver.WebDriver (session=\"290853643b672f1b9c17768071c24dda\")>"}],"stepsCount":0,"shouldDisplayMessage":false,"attachmentsCount":0,"hasContent":true,"attachmentStep":false}],"attachments":[],"parameters":[],"stepsCount":1,"shouldDisplayMessage":false,"attachmentsCount":0,"hasContent":true,"attachmentStep":false},{"name":"default_user_authorized","time":{"start":1771046942082,"stop":1771046944510,"duration":2428},"status":"passed","steps":[{"name":"DEFAULT user authorized","time":{"start":1771046942083,"stop":1771046944510,"duration":2427},"status":"passed","steps":[{"name":"Check url is present: https://www.brainup.site/groups","time":{"start":1771046942465,"stop":1771046944487,"duration":2022},"status":"passed","steps":[],"attachments":[],"parameters":[],"stepsCount":0,"shouldDisplayMessage":false,"attachmentsCount":0,"hasContent":false,"attachmentStep":false},{"name":"Loader checking","time":{"start":1771046944487,"stop":1771046944510,"duration":23},"status":"passed","steps":[],"attachments":[],"parameters":[],"stepsCount":0,"shouldDisplayMessage":false,"attachmentsCount":0,"hasContent":false,"attachmentStep":false}],"attachments":[],"parameters":[{"name":"driver","value":"<selenium.webdriver.chrome.webdriver.WebDriver (session=\"290853643b672f1b9c17768071c24dda\")>"},{"name":"main_page_open","value":"None"}],"stepsCount":2,"shouldDisplayMessage":false,"attachmentsCount":0,"hasContent":true,"attachmentStep":false}],"attachments":[],"parameters":[],"stepsCount":3,"shouldDisplayMessage":false,"attachmentsCount":0,"hasContent":true,"attachmentStep":false}],"testStage":{"status":"skipped","statusMessage":"XFAIL\n\nselenium.common.exceptions.TimeoutException: Message: Can't find element by locator ('xpath', '//div[@class=\"__51e19\"]')\nStacktrace:\n#0 0x55b6e7705a4a <unknown>\n#1 0x55b6e711e6a2 <unknown>\n#2 0x55b6e7173a8d <unknown>\n#3 0x55b6e7173cd1 <unknown>\n#4 0x55b6e71bf5c4 <unknown>\n#5 0x55b6e71bc7f0 <unknown>\n#6 0x55b6e71658b2 <unknown>\n#7 0x55b6e71666a1 <unknown>\n#8 0x55b6e76cb8a9 <unknown>\n#9 0x55b6e76ce7b1 <unknown>\n#10 0x55b6e76b7ea9 <unknown>\n#11 0x55b6e76cf36e <unknown>\n#12 0x55b6e769e410 <unknown>\n#13 0x55b6e76f30c8 <unknown>\n#14 0x55b6e76f329b <unknown>\n#15 0x55b6e7704db8 <unknown>\n#16 0x7f5c0ae9caa4 <unknown>\n#17 0x7f5c0af29c6c <unknown>","statusTrace":"self = <tests.test_speech_exercises_ru.TestCardsRU object at 0x7fa3012bc890>\ndriver = <selenium.webdriver.chrome.webdriver.WebDriver (session=\"290853643b672f1b9c17768071c24dda\")>\ndefault_user_authorized = None\n\n    @pytest.mark.xfail\n    @allure.suite(\"Речевые упражнения.\")\n    @allure.title('Solutions to a random task in the \"Слова\" group and comparison of statics.')\n    def test_solve_word_cards_with_statistic_ru(self, driver, default_user_authorized):\n        page = SpeechExercisesPageRU(driver)\n        page.click_button_ru()\n>       table = page.get_statistic_data()\n\ntests/test_speech_exercises_ru.py:165: \n_ _ _ _ _ _ _ _ _ _ _ _ _ _ _ _ _ _ _ _ _ _ _ _ _ _ _ _ _ _ _ _ _ _ _ _ _ _ _ _ \npages/speech_exercises_page_ru.py:174: in get_statistic_data\n    table = self.element_is_present(self.locators.AuthorizedUserHomePageLocators.STATISTIC_TABLE)\npages/base_page.py:32: in element_is_present\n    return Wait(self.driver, self.timeout).until(\n_ _ _ _ _ _ _ _ _ _ _ _ _ _ _ _ _ _ _ _ _ _ _ _ _ _ _ _ _ _ _ _ _ _ _ _ _ _ _ _ \n\nself = <selenium.webdriver.support.wait.WebDriverWait (session=\"290853643b672f1b9c17768071c24dda\")>\nmethod = <function presence_of_element_located.<locals>._predicate at 0x7fa3011365c0>\nmessage = 'Can\\'t find element by locator (\\'xpath\\', \\'//div[@class=\"__51e19\"]\\')'\n\n    def until(self, method, message: str = \"\"):\n        \"\"\"Calls the method provided with the driver as an argument until the \\\n        return value does not evaluate to ``False``.\n    \n        :param method: callable(WebDriver)\n        :param message: optional message for :exc:`TimeoutException`\n        :returns: the result of the last call to `method`\n        :raises: :exc:`selenium.common.exceptions.TimeoutException` if timeout occurs\n        \"\"\"\n        screen = None\n        stacktrace = None\n    \n        end_time = time.monotonic() + self._timeout\n        while True:\n            try:\n                value = method(self._driver)\n                if value:\n                    return value\n            except self._ignored_exceptions as exc:\n                screen = getattr(exc, \"screen\", None)\n                stacktrace = getattr(exc, \"stacktrace\", None)\n            time.sleep(self._poll)\n            if time.monotonic() > end_time:\n                break\n>       raise TimeoutException(message, screen, stacktrace)\nE       selenium.common.exceptions.TimeoutException: Message: Can't find element by locator ('xpath', '//div[@class=\"__51e19\"]')\nE       Stacktrace:\nE       #0 0x55b6e7705a4a <unknown>\nE       #1 0x55b6e711e6a2 <unknown>\nE       #2 0x55b6e7173a8d <unknown>\nE       #3 0x55b6e7173cd1 <unknown>\nE       #4 0x55b6e71bf5c4 <unknown>\nE       #5 0x55b6e71bc7f0 <unknown>\nE       #6 0x55b6e71658b2 <unknown>\nE       #7 0x55b6e71666a1 <unknown>\nE       #8 0x55b6e76cb8a9 <unknown>\nE       #9 0x55b6e76ce7b1 <unknown>\nE       #10 0x55b6e76b7ea9 <unknown>\nE       #11 0x55b6e76cf36e <unknown>\nE       #12 0x55b6e769e410 <unknown>\nE       #13 0x55b6e76f30c8 <unknown>\nE       #14 0x55b6e76f329b <unknown>\nE       #15 0x55b6e7704db8 <unknown>\nE       #16 0x7f5c0ae9caa4 <unknown>\nE       #17 0x7f5c0af29c6c <unknown>\n\n/opt/hostedtoolcache/Python/3.12.12/x64/lib/python3.12/site-packages/selenium/webdriver/support/wait.py:95: TimeoutException","steps":[{"name":"click_button RU","time":{"start":1771046944511,"stop":1771046944585,"duration":74},"status":"passed","steps":[{"name":"Click button \"RU\".","time":{"start":1771046944511,"stop":1771046944585,"duration":74},"status":"passed","steps":[],"attachments":[],"parameters":[],"stepsCount":0,"shouldDisplayMessage":false,"attachmentsCount":0,"hasContent":false,"attachmentStep":false}],"attachments":[],"parameters":[],"stepsCount":1,"shouldDisplayMessage":false,"attachmentsCount":0,"hasContent":true,"attachmentStep":false},{"name":"get_statistic_data","time":{"start":1771046944585,"stop":1771046954872,"duration":10287},"status":"broken","statusMessage":"selenium.common.exceptions.TimeoutException: Message: Can't find element by locator ('xpath', '//div[@class=\"__51e19\"]')\nStacktrace:\n#0 0x55b6e7705a4a <unknown>\n#1 0x55b6e711e6a2 <unknown>\n#2 0x55b6e7173a8d <unknown>\n#3 0x55b6e7173cd1 <unknown>\n#4 0x55b6e71bf5c4 <unknown>\n#5 0x55b6e71bc7f0 <unknown>\n#6 0x55b6e71658b2 <unknown>\n#7 0x55b6e71666a1 <unknown>\n#8 0x55b6e76cb8a9 <unknown>\n#9 0x55b6e76ce7b1 <unknown>\n#10 0x55b6e76b7ea9 <unknown>\n#11 0x55b6e76cf36e <unknown>\n#12 0x55b6e769e410 <unknown>\n#13 0x55b6e76f30c8 <unknown>\n#14 0x55b6e76f329b <unknown>\n#15 0x55b6e7704db8 <unknown>\n#16 0x7f5c0ae9caa4 <unknown>\n#17 0x7f5c0af29c6c <unknown>\n\n","statusTrace":"  File \"/opt/hostedtoolcache/Python/3.12.12/x64/lib/python3.12/site-packages/allure_commons/_allure.py\", line 192, in impl\n    return func(*a, **kw)\n           ^^^^^^^^^^^^^^\n  File \"/home/runner/work/auto-tests-python/auto-tests-python/pages/speech_exercises_page_ru.py\", line 174, in get_statistic_data\n    table = self.element_is_present(self.locators.AuthorizedUserHomePageLocators.STATISTIC_TABLE)\n            ^^^^^^^^^^^^^^^^^^^^^^^^^^^^^^^^^^^^^^^^^^^^^^^^^^^^^^^^^^^^^^^^^^^^^^^^^^^^^^^^^^^^^\n  File \"/home/runner/work/auto-tests-python/auto-tests-python/pages/base_page.py\", line 32, in element_is_present\n    return Wait(self.driver, self.timeout).until(\n           ^^^^^^^^^^^^^^^^^^^^^^^^^^^^^^^^^^^^^^\n  File \"/opt/hostedtoolcache/Python/3.12.12/x64/lib/python3.12/site-packages/selenium/webdriver/support/wait.py\", line 95, in until\n    raise TimeoutException(message, screen, stacktrace)\n","steps":[{"name":"Click button \"Статистика\"\".","time":{"start":1771046944585,"stop":1771046944658,"duration":73},"status":"passed","steps":[],"attachments":[],"parameters":[],"stepsCount":0,"shouldDisplayMessage":false,"attachmentsCount":0,"hasContent":false,"attachmentStep":false},{"name":"Check statistic table is present and scroll to table","time":{"start":1771046944658,"stop":1771046954871,"duration":10213},"status":"broken","statusMessage":"selenium.common.exceptions.TimeoutException: Message: Can't find element by locator ('xpath', '//div[@class=\"__51e19\"]')\nStacktrace:\n#0 0x55b6e7705a4a <unknown>\n#1 0x55b6e711e6a2 <unknown>\n#2 0x55b6e7173a8d <unknown>\n#3 0x55b6e7173cd1 <unknown>\n#4 0x55b6e71bf5c4 <unknown>\n#5 0x55b6e71bc7f0 <unknown>\n#6 0x55b6e71658b2 <unknown>\n#7 0x55b6e71666a1 <unknown>\n#8 0x55b6e76cb8a9 <unknown>\n#9 0x55b6e76ce7b1 <unknown>\n#10 0x55b6e76b7ea9 <unknown>\n#11 0x55b6e76cf36e <unknown>\n#12 0x55b6e769e410 <unknown>\n#13 0x55b6e76f30c8 <unknown>\n#14 0x55b6e76f329b <unknown>\n#15 0x55b6e7704db8 <unknown>\n#16 0x7f5c0ae9caa4 <unknown>\n#17 0x7f5c0af29c6c <unknown>\n\n","statusTrace":"  File \"/home/runner/work/auto-tests-python/auto-tests-python/pages/speech_exercises_page_ru.py\", line 174, in get_statistic_data\n    table = self.element_is_present(self.locators.AuthorizedUserHomePageLocators.STATISTIC_TABLE)\n            ^^^^^^^^^^^^^^^^^^^^^^^^^^^^^^^^^^^^^^^^^^^^^^^^^^^^^^^^^^^^^^^^^^^^^^^^^^^^^^^^^^^^^\n  File \"/home/runner/work/auto-tests-python/auto-tests-python/pages/base_page.py\", line 32, in element_is_present\n    return Wait(self.driver, self.timeout).until(\n           ^^^^^^^^^^^^^^^^^^^^^^^^^^^^^^^^^^^^^^\n  File \"/opt/hostedtoolcache/Python/3.12.12/x64/lib/python3.12/site-packages/selenium/webdriver/support/wait.py\", line 95, in until\n    raise TimeoutException(message, screen, stacktrace)\n","steps":[],"attachments":[],"parameters":[],"stepsCount":0,"shouldDisplayMessage":true,"attachmentsCount":0,"hasContent":true,"attachmentStep":false}],"attachments":[],"parameters":[],"stepsCount":2,"shouldDisplayMessage":false,"attachmentsCount":0,"hasContent":true,"attachmentStep":false}],"attachments":[],"parameters":[],"stepsCount":5,"shouldDisplayMessage":true,"attachmentsCount":0,"hasContent":true,"attachmentStep":false},"afterStages":[{"name":"driver::0","time":{"start":1771046954889,"stop":1771046954983,"duration":94},"status":"passed","steps":[],"attachments":[],"parameters":[],"stepsCount":0,"shouldDisplayMessage":false,"attachmentsCount":0,"hasContent":false,"attachmentStep":false}],"labels":[{"name":"epic","value":"Speech exercises."},{"name":"suite","value":"Речевые упражнения."},{"name":"tag","value":"@pytest.mark.xfail"},{"name":"parentSuite","value":"tests"},{"name":"subSuite","value":"TestCardsRU"},{"name":"host","value":"runnervmjduv7"},{"name":"thread","value":"2764-MainThread"},{"name":"framework","value":"pytest"},{"name":"language","value":"cpython3"},{"name":"package","value":"tests.test_speech_exercises_ru"},{"name":"resultFormat","value":"allure2"}],"parameters":[],"links":[],"hidden":false,"retry":false,"extra":{"severity":"normal","retries":[],"categories":[],"history":{"statistic":{"failed":0,"broken":0,"skipped":35,"passed":0,"unknown":0,"total":35},"items":[{"uid":"9fadabe6da2da85a","reportUrl":"https://Brain-up.github.io/auto-tests-python/824/#testresult/9fadabe6da2da85a","status":"skipped","statusDetails":"XFAIL\n\nselenium.common.exceptions.TimeoutException: Message: Can't find element by locator ('xpath', '//div[@class=\"__51e19\"]')\nStacktrace:\n#0 0x5651d9afaa4a <unknown>\n#1 0x5651d95136a2 <unknown>\n#2 0x5651d9568a8d <unknown>\n#3 0x5651d9568cd1 <unknown>\n#4 0x5651d95b45c4 <unknown>\n#5 0x5651d95b17f0 <unknown>\n#6 0x5651d955a8b2 <unknown>\n#7 0x5651d955b6a1 <unknown>\n#8 0x5651d9ac08a9 <unknown>\n#9 0x5651d9ac37b1 <unknown>\n#10 0x5651d9aacea9 <unknown>\n#11 0x5651d9ac436e <unknown>\n#12 0x5651d9a93410 <unknown>\n#13 0x5651d9ae80c8 <unknown>\n#14 0x5651d9ae829b <unknown>\n#15 0x5651d9af9db8 <unknown>\n#16 0x7f274f29caa4 <unknown>\n#17 0x7f274f329c6c <unknown>","time":{"start":1770984950394,"stop":1770984960695,"duration":10301}},{"uid":"b3798c0346a6a5e5","reportUrl":"https://Brain-up.github.io/auto-tests-python/823/#testresult/b3798c0346a6a5e5","status":"skipped","statusDetails":"XFAIL\n\nselenium.common.exceptions.TimeoutException: Message: Can't find element by locator ('xpath', '//div[@class=\"__51e19\"]')\nStacktrace:\n#0 0x556cd249c4ba <unknown>\n#1 0x556cd1f05492 <unknown>\n#2 0x556cd1f5a9b6 <unknown>\n#3 0x556cd1f5abf1 <unknown>\n#4 0x556cd1fa64d4 <unknown>\n#5 0x556cd1fa3700 <unknown>\n#6 0x556cd1f4c6a2 <unknown>\n#7 0x556cd1f4d491 <unknown>\n#8 0x556cd2462479 <unknown>\n#9 0x556cd2465391 <unknown>\n#10 0x556cd244ea89 <unknown>\n#11 0x556cd2465f4e <unknown>\n#12 0x556cd2435070 <unknown>\n#13 0x556cd2489ca8 <unknown>\n#14 0x556cd2489e78 <unknown>\n#15 0x556cd249b828 <unknown>\n#16 0x7f8d67a9caa4 <unknown>\n#17 0x7f8d67b29c6c <unknown>","time":{"start":1770897701224,"stop":1770897711558,"duration":10334}},{"uid":"d43a27d691d72e1b","reportUrl":"https://Brain-up.github.io/auto-tests-python/822/#testresult/d43a27d691d72e1b","status":"skipped","statusDetails":"XFAIL\n\nKeyError: 4","time":{"start":1770836428187,"stop":1770836435639,"duration":7452}},{"uid":"269c241feb8de056","reportUrl":"https://Brain-up.github.io/auto-tests-python/821/#testresult/269c241feb8de056","status":"skipped","statusDetails":"XFAIL\n\nselenium.common.exceptions.TimeoutException: Message: Can't find element by locator ('xpath', '//div[@class=\"__51e19\"]')\nStacktrace:\n#0 0x555f11e8c4ba <unknown>\n#1 0x555f118f5492 <unknown>\n#2 0x555f1194a9b6 <unknown>\n#3 0x555f1194abf1 <unknown>\n#4 0x555f119964d4 <unknown>\n#5 0x555f11993700 <unknown>\n#6 0x555f1193c6a2 <unknown>\n#7 0x555f1193d491 <unknown>\n#8 0x555f11e52479 <unknown>\n#9 0x555f11e55391 <unknown>\n#10 0x555f11e3ea89 <unknown>\n#11 0x555f11e55f4e <unknown>\n#12 0x555f11e25070 <unknown>\n#13 0x555f11e79ca8 <unknown>\n#14 0x555f11e79e78 <unknown>\n#15 0x555f11e8b828 <unknown>\n#16 0x7fe24f89caa4 <unknown>\n#17 0x7fe24f929c6c <unknown>","time":{"start":1770552446206,"stop":1770552456548,"duration":10342}},{"uid":"b7f60b14734bd6cf","reportUrl":"https://Brain-up.github.io/auto-tests-python/820/#testresult/b7f60b14734bd6cf","status":"skipped","statusDetails":"XFAIL\n\nselenium.common.exceptions.TimeoutException: Message: Can't find element by locator ('xpath', '//div[@class=\"__51e19\"]')\nStacktrace:\n#0 0x55ba1008b4ba <unknown>\n#1 0x55ba0faf4492 <unknown>\n#2 0x55ba0fb499b6 <unknown>\n#3 0x55ba0fb49bf1 <unknown>\n#4 0x55ba0fb954d4 <unknown>\n#5 0x55ba0fb92700 <unknown>\n#6 0x55ba0fb3b6a2 <unknown>\n#7 0x55ba0fb3c491 <unknown>\n#8 0x55ba10051479 <unknown>\n#9 0x55ba10054391 <unknown>\n#10 0x55ba1003da89 <unknown>\n#11 0x55ba10054f4e <unknown>\n#12 0x55ba10024070 <unknown>\n#13 0x55ba10078ca8 <unknown>\n#14 0x55ba10078e78 <unknown>\n#15 0x55ba1008a828 <unknown>\n#16 0x7f7bcf09caa4 <unknown>\n#17 0x7f7bcf129c6c <unknown>","time":{"start":1770489688470,"stop":1770489698824,"duration":10354}},{"uid":"fadcc6737f2b77a3","reportUrl":"https://Brain-up.github.io/auto-tests-python/819/#testresult/fadcc6737f2b77a3","status":"skipped","statusDetails":"XFAIL\n\nselenium.common.exceptions.TimeoutException: Message: Can't find element by locator ('xpath', '//div[@class=\"__51e19\"]')\nStacktrace:\n#0 0x556de2ef5afa <unknown>\n#1 0x556de290f60f <unknown>\n#2 0x556de2964a16 <unknown>\n#3 0x556de2964c51 <unknown>\n#4 0x556de29b0404 <unknown>\n#5 0x556de29ad62b <unknown>\n#6 0x556de2956842 <unknown>\n#7 0x556de2957631 <unknown>\n#8 0x556de2ebb689 <unknown>\n#9 0x556de2ebe581 <unknown>\n#10 0x556de2ea7ca9 <unknown>\n#11 0x556de2ebf13e <unknown>\n#12 0x556de2e8e3a0 <unknown>\n#13 0x556de2ee2fc8 <unknown>\n#14 0x556de2ee319b <unknown>\n#15 0x556de2ef4e68 <unknown>\n#16 0x7f634b89caa4 <unknown>\n#17 0x7f634b929c6c <unknown>","time":{"start":1770377145357,"stop":1770377155700,"duration":10343}},{"uid":"aa2062b984e4a9b0","reportUrl":"https://Brain-up.github.io/auto-tests-python/818/#testresult/aa2062b984e4a9b0","status":"skipped","statusDetails":"XFAIL\n\nselenium.common.exceptions.TimeoutException: Message: Can't find element by locator ('xpath', '//div[@class=\"__51e19\"]')\nStacktrace:\n#0 0x5627b5f7fafa <unknown>\n#1 0x5627b599960f <unknown>\n#2 0x5627b59eea16 <unknown>\n#3 0x5627b59eec51 <unknown>\n#4 0x5627b5a3a404 <unknown>\n#5 0x5627b5a3762b <unknown>\n#6 0x5627b59e0842 <unknown>\n#7 0x5627b59e1631 <unknown>\n#8 0x5627b5f45689 <unknown>\n#9 0x5627b5f48581 <unknown>\n#10 0x5627b5f31ca9 <unknown>\n#11 0x5627b5f4913e <unknown>\n#12 0x5627b5f183a0 <unknown>\n#13 0x5627b5f6cfc8 <unknown>\n#14 0x5627b5f6d19b <unknown>\n#15 0x5627b5f7ee68 <unknown>\n#16 0x7fdfe269caa4 <unknown>\n#17 0x7fdfe2729c6c <unknown>","time":{"start":1770119620126,"stop":1770119630585,"duration":10459}},{"uid":"63c21b95ebf9b592","reportUrl":"https://Brain-up.github.io/auto-tests-python/817/#testresult/63c21b95ebf9b592","status":"skipped","statusDetails":"XFAIL\n\nselenium.common.exceptions.TimeoutException: Message: Can't find element by locator ('xpath', '//div[@class=\"__51e19\"]')\nStacktrace:\n#0 0x55f848b4eafa <unknown>\n#1 0x55f84856860f <unknown>\n#2 0x55f8485bda16 <unknown>\n#3 0x55f8485bdc51 <unknown>\n#4 0x55f848609404 <unknown>\n#5 0x55f84860662b <unknown>\n#6 0x55f8485af842 <unknown>\n#7 0x55f8485b0631 <unknown>\n#8 0x55f848b14689 <unknown>\n#9 0x55f848b17581 <unknown>\n#10 0x55f848b00ca9 <unknown>\n#11 0x55f848b1813e <unknown>\n#12 0x55f848ae73a0 <unknown>\n#13 0x55f848b3bfc8 <unknown>\n#14 0x55f848b3c19b <unknown>\n#15 0x55f848b4de68 <unknown>\n#16 0x7f425d09caa4 <unknown>\n#17 0x7f425d129c6c <unknown>","time":{"start":1769945876386,"stop":1769945886808,"duration":10422}},{"uid":"fb46ff554dc94ca","reportUrl":"https://Brain-up.github.io/auto-tests-python/816/#testresult/fb46ff554dc94ca","status":"skipped","statusDetails":"XFAIL\n\nselenium.common.exceptions.TimeoutException: Message: Can't find element by locator ('xpath', '//div[@class=\"__51e19\"]')\nStacktrace:\n#0 0x562af989cafa <unknown>\n#1 0x562af92b660f <unknown>\n#2 0x562af930ba16 <unknown>\n#3 0x562af930bc51 <unknown>\n#4 0x562af9357404 <unknown>\n#5 0x562af935462b <unknown>\n#6 0x562af92fd842 <unknown>\n#7 0x562af92fe631 <unknown>\n#8 0x562af9862689 <unknown>\n#9 0x562af9865581 <unknown>\n#10 0x562af984eca9 <unknown>\n#11 0x562af986613e <unknown>\n#12 0x562af98353a0 <unknown>\n#13 0x562af9889fc8 <unknown>\n#14 0x562af988a19b <unknown>\n#15 0x562af989be68 <unknown>\n#16 0x7fa9c689caa4 <unknown>\n#17 0x7fa9c6929c6c <unknown>","time":{"start":1769859830406,"stop":1769859840732,"duration":10326}},{"uid":"cbba786b165f9e75","reportUrl":"https://Brain-up.github.io/auto-tests-python/816/#testresult/cbba786b165f9e75","status":"skipped","statusDetails":"XFAIL\n\nselenium.common.exceptions.TimeoutException: Message: Can't find element by locator ('xpath', '//div[@class=\"__51e19\"]')\nStacktrace:\n#0 0x55bc77390afa <unknown>\n#1 0x55bc76daa60f <unknown>\n#2 0x55bc76dffa16 <unknown>\n#3 0x55bc76dffc51 <unknown>\n#4 0x55bc76e4b404 <unknown>\n#5 0x55bc76e4862b <unknown>\n#6 0x55bc76df1842 <unknown>\n#7 0x55bc76df2631 <unknown>\n#8 0x55bc77356689 <unknown>\n#9 0x55bc77359581 <unknown>\n#10 0x55bc77342ca9 <unknown>\n#11 0x55bc7735a13e <unknown>\n#12 0x55bc773293a0 <unknown>\n#13 0x55bc7737dfc8 <unknown>\n#14 0x55bc7737e19b <unknown>\n#15 0x55bc7738fe68 <unknown>\n#16 0x7ffb3dc9caa4 <unknown>\n#17 0x7ffb3dd29c6c <unknown>","time":{"start":1769785197615,"stop":1769785207955,"duration":10340}},{"uid":"ba426f5b7dbc351","reportUrl":"https://Brain-up.github.io/auto-tests-python/815/#testresult/ba426f5b7dbc351","status":"skipped","statusDetails":"XFAIL\n\nKeyError: 25","time":{"start":1769689079651,"stop":1769689085143,"duration":5492}},{"uid":"b709a14d94344dc8","reportUrl":"https://Brain-up.github.io/auto-tests-python/814/#testresult/b709a14d94344dc8","status":"skipped","statusDetails":"XFAIL\n\nKeyError: 37","time":{"start":1769601033862,"stop":1769601039423,"duration":5561}},{"uid":"8d0f3b2c774740af","reportUrl":"https://Brain-up.github.io/auto-tests-python/814/#testresult/8d0f3b2c774740af","status":"skipped","statusDetails":"XFAIL\n\nselenium.common.exceptions.TimeoutException: Message: Can't find element by locator ('xpath', '//div[@class=\"__51e19\"]')\nStacktrace:\n#0 0x5610c0546c3a <unknown>\n#1 0x5610bff60969 <unknown>\n#2 0x5610bffb5ead <unknown>\n#3 0x5610bffb60f1 <unknown>\n#4 0x5610c00017e4 <unknown>\n#5 0x5610bfffea20 <unknown>\n#6 0x5610bffa7be2 <unknown>\n#7 0x5610bffa8991 <unknown>\n#8 0x5610c050ca99 <unknown>\n#9 0x5610c050f9b1 <unknown>\n#10 0x5610c04f90a9 <unknown>\n#11 0x5610c051056e <unknown>\n#12 0x5610c04df5e0 <unknown>\n#13 0x5610c0534358 <unknown>\n#14 0x5610c0534528 <unknown>\n#15 0x5610c0545fa8 <unknown>\n#16 0x7f0c25c9caa4 <unknown>\n#17 0x7f0c25d29c6c <unknown>","time":{"start":1769552703180,"stop":1769552713583,"duration":10403}},{"uid":"13221f866008525e","reportUrl":"https://Brain-up.github.io/auto-tests-python/814/#testresult/13221f866008525e","status":"skipped","statusDetails":"XFAIL\n\nKeyError: 23","time":{"start":1769545415794,"stop":1769545421786,"duration":5992}},{"uid":"1a29b92e6d886729","reportUrl":"https://Brain-up.github.io/auto-tests-python/813/#testresult/1a29b92e6d886729","status":"skipped","statusDetails":"XFAIL\n\nselenium.common.exceptions.TimeoutException: Message: Can't find element by locator ('xpath', '//div[@class=\"__51e19\"]')\nStacktrace:\n#0 0x55a24edaac3a <unknown>\n#1 0x55a24e7c4969 <unknown>\n#2 0x55a24e819ead <unknown>\n#3 0x55a24e81a0f1 <unknown>\n#4 0x55a24e8657e4 <unknown>\n#5 0x55a24e862a20 <unknown>\n#6 0x55a24e80bbe2 <unknown>\n#7 0x55a24e80c991 <unknown>\n#8 0x55a24ed70a99 <unknown>\n#9 0x55a24ed739b1 <unknown>\n#10 0x55a24ed5d0a9 <unknown>\n#11 0x55a24ed7456e <unknown>\n#12 0x55a24ed435e0 <unknown>\n#13 0x55a24ed98358 <unknown>\n#14 0x55a24ed98528 <unknown>\n#15 0x55a24eda9fa8 <unknown>\n#16 0x7f039109caa4 <unknown>\n#17 0x7f0391129c6c <unknown>","time":{"start":1769426186868,"stop":1769426197226,"duration":10358}},{"uid":"4ea36c2cf83ea652","reportUrl":"https://Brain-up.github.io/auto-tests-python/812/#testresult/4ea36c2cf83ea652","status":"skipped","statusDetails":"XFAIL\n\nselenium.common.exceptions.TimeoutException: Message: Can't find element by locator ('xpath', '//div[@class=\"__51e19\"]')\nStacktrace:\n#0 0x556006c7ec3a <unknown>\n#1 0x556006698969 <unknown>\n#2 0x5560066edead <unknown>\n#3 0x5560066ee0f1 <unknown>\n#4 0x5560067397e4 <unknown>\n#5 0x556006736a20 <unknown>\n#6 0x5560066dfbe2 <unknown>\n#7 0x5560066e0991 <unknown>\n#8 0x556006c44a99 <unknown>\n#9 0x556006c479b1 <unknown>\n#10 0x556006c310a9 <unknown>\n#11 0x556006c4856e <unknown>\n#12 0x556006c175e0 <unknown>\n#13 0x556006c6c358 <unknown>\n#14 0x556006c6c528 <unknown>\n#15 0x556006c7dfa8 <unknown>\n#16 0x7feb8e29caa4 <unknown>\n#17 0x7feb8e329c6c <unknown>","time":{"start":1769336243073,"stop":1769336253417,"duration":10344}},{"uid":"b88ac971a9f914b5","reportUrl":"https://Brain-up.github.io/auto-tests-python/811/#testresult/b88ac971a9f914b5","status":"skipped","statusDetails":"XFAIL\n\nselenium.common.exceptions.TimeoutException: Message: Can't find element by locator ('xpath', '//div[@class=\"__51e19\"]')\nStacktrace:\n#0 0x55d1246ddc3a <unknown>\n#1 0x55d1240f7969 <unknown>\n#2 0x55d12414cead <unknown>\n#3 0x55d12414d0f1 <unknown>\n#4 0x55d1241987e4 <unknown>\n#5 0x55d124195a20 <unknown>\n#6 0x55d12413ebe2 <unknown>\n#7 0x55d12413f991 <unknown>\n#8 0x55d1246a3a99 <unknown>\n#9 0x55d1246a69b1 <unknown>\n#10 0x55d1246900a9 <unknown>\n#11 0x55d1246a756e <unknown>\n#12 0x55d1246765e0 <unknown>\n#13 0x55d1246cb358 <unknown>\n#14 0x55d1246cb528 <unknown>\n#15 0x55d1246dcfa8 <unknown>\n#16 0x7f264369caa4 <unknown>\n#17 0x7f2643729c6c <unknown>","time":{"start":1769252935816,"stop":1769252946101,"duration":10285}},{"uid":"bb21e9dd26918ccb","reportUrl":"https://Brain-up.github.io/auto-tests-python/810/#testresult/bb21e9dd26918ccb","status":"skipped","statusDetails":"XFAIL\n\nselenium.common.exceptions.TimeoutException: Message: Can't find element by locator ('xpath', '//div[@class=\"__51e19\"]')\nStacktrace:\n#0 0x5584a9e7440a <unknown>\n#1 0x5584a98a876b <unknown>\n#2 0x5584a98f9e88 <unknown>\n#3 0x5584a98fa0c1 <unknown>\n#4 0x5584a99482c4 <unknown>\n#5 0x5584a9945760 <unknown>\n#6 0x5584a98ec7b2 <unknown>\n#7 0x5584a98ed461 <unknown>\n#8 0x5584a9e3cdf9 <unknown>\n#9 0x5584a9e3fd5d <unknown>\n#10 0x5584a9e25b41 <unknown>\n#11 0x5584a9e4093b <unknown>\n#12 0x5584a9e0c870 <unknown>\n#13 0x5584a9e61828 <unknown>\n#14 0x5584a9e619fc <unknown>\n#15 0x5584a9e73763 <unknown>\n#16 0x7f80b729caa4 <unknown>\n#17 0x7f80b7329c6c <unknown>","time":{"start":1769071629526,"stop":1769071639895,"duration":10369}},{"uid":"be3920dca41a98f7","reportUrl":"https://Brain-up.github.io/auto-tests-python/809/#testresult/be3920dca41a98f7","status":"skipped","statusDetails":"XFAIL\n\nselenium.common.exceptions.TimeoutException: Message: Can't find element by locator ('xpath', '//div[@class=\"__51e19\"]')\nStacktrace:\n#0 0x559336c7240a <unknown>\n#1 0x5593366a676b <unknown>\n#2 0x5593366f7e88 <unknown>\n#3 0x5593366f80c1 <unknown>\n#4 0x5593367462c4 <unknown>\n#5 0x559336743760 <unknown>\n#6 0x5593366ea7b2 <unknown>\n#7 0x5593366eb461 <unknown>\n#8 0x559336c3adf9 <unknown>\n#9 0x559336c3dd5d <unknown>\n#10 0x559336c23b41 <unknown>\n#11 0x559336c3e93b <unknown>\n#12 0x559336c0a870 <unknown>\n#13 0x559336c5f828 <unknown>\n#14 0x559336c5f9fc <unknown>\n#15 0x559336c71763 <unknown>\n#16 0x7fdbf369caa4 <unknown>\n#17 0x7fdbf3729c6c <unknown>","time":{"start":1768989451886,"stop":1768989462239,"duration":10353}},{"uid":"7e818e7d17b5110c","reportUrl":"https://Brain-up.github.io/auto-tests-python/808/#testresult/7e818e7d17b5110c","status":"skipped","statusDetails":"XFAIL\n\nselenium.common.exceptions.TimeoutException: Message: Can't find element by locator ('xpath', '//div[@class=\"__51e19\"]')\nStacktrace:\n#0 0x55957c88d40a <unknown>\n#1 0x55957c2c176b <unknown>\n#2 0x55957c312e88 <unknown>\n#3 0x55957c3130c1 <unknown>\n#4 0x55957c3612c4 <unknown>\n#5 0x55957c35e760 <unknown>\n#6 0x55957c3057b2 <unknown>\n#7 0x55957c306461 <unknown>\n#8 0x55957c855df9 <unknown>\n#9 0x55957c858d5d <unknown>\n#10 0x55957c83eb41 <unknown>\n#11 0x55957c85993b <unknown>\n#12 0x55957c825870 <unknown>\n#13 0x55957c87a828 <unknown>\n#14 0x55957c87a9fc <unknown>\n#15 0x55957c88c763 <unknown>\n#16 0x7fdf1269caa4 <unknown>\n#17 0x7fdf12729c6c <unknown>","time":{"start":1768906865085,"stop":1768906875365,"duration":10280}}]},"tags":["@pytest.mark.xfail"]},"source":"46b5d0d05b3c9f32.json","parameterValues":[]}