{"uid":"ff689ba8f6bce6b1","name":"Verify sizes of images in links on the page","fullName":"tests.groups_page_test.TestGroupsPageImages#test_gp_04_04_verify_images_sizes","historyId":"2342b01d9713e6a353c7f7797e6b2f79","time":{"start":1765529592005,"stop":1765529592005,"duration":0},"status":"broken","statusMessage":"selenium.common.exceptions.TimeoutException: Message: Can't find element by locator https://www.brainup.site/groups","statusTrace":"self = <pages.base_page.BasePage object at 0x7f91e389cfb0>\nurl = 'https://www.brainup.site/groups'\n\n    def check_expected_link(self, url):\n        with allure.step(f'Check url is present: {url}'):\n            try:\n>               return Wait(self.driver, self.timeout).until(\n                    EC.url_to_be(url), message=f\"Can't find element by locator {url}\")\n\npages/base_page.py:80: \n_ _ _ _ _ _ _ _ _ _ _ _ _ _ _ _ _ _ _ _ _ _ _ _ _ _ _ _ _ _ _ _ _ _ _ _ _ _ _ _ \n\nself = <selenium.webdriver.support.wait.WebDriverWait (session=\"42a21def5ef3d05cc4f0aaea8956f288\")>\nmethod = <function url_to_be.<locals>._predicate at 0x7f91e39a5800>\nmessage = \"Can't find element by locator https://www.brainup.site/groups\"\n\n    def until(self, method, message: str = \"\"):\n        \"\"\"Calls the method provided with the driver as an argument until the \\\n        return value does not evaluate to ``False``.\n    \n        :param method: callable(WebDriver)\n        :param message: optional message for :exc:`TimeoutException`\n        :returns: the result of the last call to `method`\n        :raises: :exc:`selenium.common.exceptions.TimeoutException` if timeout occurs\n        \"\"\"\n        screen = None\n        stacktrace = None\n    \n        end_time = time.monotonic() + self._timeout\n        while True:\n            try:\n                value = method(self._driver)\n                if value:\n                    return value\n            except self._ignored_exceptions as exc:\n                screen = getattr(exc, \"screen\", None)\n                stacktrace = getattr(exc, \"stacktrace\", None)\n            time.sleep(self._poll)\n            if time.monotonic() > end_time:\n                break\n>       raise TimeoutException(message, screen, stacktrace)\nE       selenium.common.exceptions.TimeoutException: Message: Can't find element by locator https://www.brainup.site/groups\n\n/opt/hostedtoolcache/Python/3.12.12/x64/lib/python3.12/site-packages/selenium/webdriver/support/wait.py:95: TimeoutException\n\nDuring handling of the above exception, another exception occurred:\n\ndriver = <selenium.webdriver.chrome.webdriver.WebDriver (session=\"42a21def5ef3d05cc4f0aaea8956f288\")>\nmain_page_open = None\n\n    @pytest.fixture()\n    @allure.step('Auto test user authorized')\n    def auto_test_user_authorized(driver, main_page_open):\n        page = BasePage(driver)\n        page.element_is_present_and_clickable(MainPageLocators.LOGIN_BUTTON).click()\n        page.element_is_visible(LoginPageLocators.INPUT_LOGIN).send_keys(os.environ[\"LOGIN\"])\n        page.element_is_visible(LoginPageLocators.INPUT_PASSWORD).send_keys(os.environ[\"PASSWORD\"])\n        page.element_is_present_and_clickable(LoginPageLocators.SIGN_IN_BUTTON).click()\n>       page.check_expected_link(MainPageLinks.URL_GROUPS_PAGE)\n\ntests/conftest.py:178: \n_ _ _ _ _ _ _ _ _ _ _ _ _ _ _ _ _ _ _ _ _ _ _ _ _ _ _ _ _ _ _ _ _ _ _ _ _ _ _ _ \npages/base_page.py:84: in check_expected_link\n    return Wait(self.driver, self.timeout).until(\n_ _ _ _ _ _ _ _ _ _ _ _ _ _ _ _ _ _ _ _ _ _ _ _ _ _ _ _ _ _ _ _ _ _ _ _ _ _ _ _ \n\nself = <selenium.webdriver.support.wait.WebDriverWait (session=\"42a21def5ef3d05cc4f0aaea8956f288\")>\nmethod = <function url_to_be.<locals>._predicate at 0x7f91e39a5940>\nmessage = \"Can't find element by locator https://www.brainup.site/groups\"\n\n    def until(self, method, message: str = \"\"):\n        \"\"\"Calls the method provided with the driver as an argument until the \\\n        return value does not evaluate to ``False``.\n    \n        :param method: callable(WebDriver)\n        :param message: optional message for :exc:`TimeoutException`\n        :returns: the result of the last call to `method`\n        :raises: :exc:`selenium.common.exceptions.TimeoutException` if timeout occurs\n        \"\"\"\n        screen = None\n        stacktrace = None\n    \n        end_time = time.monotonic() + self._timeout\n        while True:\n            try:\n                value = method(self._driver)\n                if value:\n                    return value\n            except self._ignored_exceptions as exc:\n                screen = getattr(exc, \"screen\", None)\n                stacktrace = getattr(exc, \"stacktrace\", None)\n            time.sleep(self._poll)\n            if time.monotonic() > end_time:\n                break\n>       raise TimeoutException(message, screen, stacktrace)\nE       selenium.common.exceptions.TimeoutException: Message: Can't find element by locator https://www.brainup.site/groups\n\n/opt/hostedtoolcache/Python/3.12.12/x64/lib/python3.12/site-packages/selenium/webdriver/support/wait.py:95: TimeoutException","flaky":false,"newFailed":false,"newBroken":true,"newPassed":false,"retriesCount":0,"retriesStatusChange":false,"beforeStages":[{"name":"clear_allure_results_folder","time":{"start":1765528894979,"stop":1765528894979,"duration":0},"status":"passed","steps":[],"attachments":[],"parameters":[],"stepsCount":0,"shouldDisplayMessage":false,"attachmentsCount":0,"hasContent":false,"attachmentStep":false},{"name":"driver","time":{"start":1765529592005,"stop":1765529592769,"duration":764},"status":"passed","steps":[],"attachments":[],"parameters":[],"stepsCount":0,"shouldDisplayMessage":false,"attachmentsCount":0,"hasContent":false,"attachmentStep":false},{"name":"main_page_open","time":{"start":1765529592769,"stop":1765529595422,"duration":2653},"status":"passed","steps":[{"name":"Open page: https://www.brainup.site/","time":{"start":1765529592769,"stop":1765529595422,"duration":2653},"status":"passed","steps":[],"attachments":[],"parameters":[{"name":"driver","value":"<selenium.webdriver.chrome.webdriver.WebDriver (session=\"42a21def5ef3d05cc4f0aaea8956f288\")>"}],"stepsCount":0,"shouldDisplayMessage":false,"attachmentsCount":0,"hasContent":true,"attachmentStep":false}],"attachments":[],"parameters":[],"stepsCount":1,"shouldDisplayMessage":false,"attachmentsCount":0,"hasContent":true,"attachmentStep":false},{"name":"auto_test_user_authorized","time":{"start":1765529595422,"stop":1765529615972,"duration":20550},"status":"broken","statusMessage":"selenium.common.exceptions.TimeoutException: Message: Can't find element by locator https://www.brainup.site/groups\n\n","statusTrace":"  File \"/opt/hostedtoolcache/Python/3.12.12/x64/lib/python3.12/site-packages/pluggy/_callers.py\", line 38, in run_old_style_hookwrapper\n    res = yield\n          ^^^^^\n  File \"/opt/hostedtoolcache/Python/3.12.12/x64/lib/python3.12/site-packages/pluggy/_callers.py\", line 139, in _multicall\n    teardown.throw(exception)\n  File \"/opt/hostedtoolcache/Python/3.12.12/x64/lib/python3.12/site-packages/pluggy/_callers.py\", line 53, in run_old_style_hookwrapper\n    return result.get_result()\n           ^^^^^^^^^^^^^^^^^^^\n  File \"/opt/hostedtoolcache/Python/3.12.12/x64/lib/python3.12/site-packages/pluggy/_result.py\", line 103, in get_result\n    raise exc.with_traceback(tb)\n  File \"/opt/hostedtoolcache/Python/3.12.12/x64/lib/python3.12/site-packages/pluggy/_callers.py\", line 38, in run_old_style_hookwrapper\n    res = yield\n          ^^^^^\n  File \"/opt/hostedtoolcache/Python/3.12.12/x64/lib/python3.12/site-packages/pluggy/_callers.py\", line 121, in _multicall\n    res = hook_impl.function(*args)\n          ^^^^^^^^^^^^^^^^^^^^^^^^^\n  File \"/opt/hostedtoolcache/Python/3.12.12/x64/lib/python3.12/site-packages/_pytest/fixtures.py\", line 1123, in pytest_fixture_setup\n    result = call_fixture_func(fixturefunc, request, kwargs)\n             ^^^^^^^^^^^^^^^^^^^^^^^^^^^^^^^^^^^^^^^^^^^^^^^\n  File \"/opt/hostedtoolcache/Python/3.12.12/x64/lib/python3.12/site-packages/_pytest/fixtures.py\", line 902, in call_fixture_func\n    fixture_result = fixturefunc(**kwargs)\n                     ^^^^^^^^^^^^^^^^^^^^^\n  File \"/opt/hostedtoolcache/Python/3.12.12/x64/lib/python3.12/site-packages/allure_commons/_allure.py\", line 192, in impl\n    return func(*a, **kw)\n           ^^^^^^^^^^^^^^\n  File \"/home/runner/work/auto-tests-python/auto-tests-python/tests/conftest.py\", line 178, in auto_test_user_authorized\n    page.check_expected_link(MainPageLinks.URL_GROUPS_PAGE)\n  File \"/home/runner/work/auto-tests-python/auto-tests-python/pages/base_page.py\", line 84, in check_expected_link\n    return Wait(self.driver, self.timeout).until(\n           ^^^^^^^^^^^^^^^^^^^^^^^^^^^^^^^^^^^^^^\n  File \"/opt/hostedtoolcache/Python/3.12.12/x64/lib/python3.12/site-packages/selenium/webdriver/support/wait.py\", line 95, in until\n    raise TimeoutException(message, screen, stacktrace)\n","steps":[{"name":"Auto test user authorized","time":{"start":1765529595423,"stop":1765529615972,"duration":20549},"status":"broken","statusMessage":"selenium.common.exceptions.TimeoutException: Message: Can't find element by locator https://www.brainup.site/groups\n\n","statusTrace":"  File \"/opt/hostedtoolcache/Python/3.12.12/x64/lib/python3.12/site-packages/allure_commons/_allure.py\", line 192, in impl\n    return func(*a, **kw)\n           ^^^^^^^^^^^^^^\n  File \"/home/runner/work/auto-tests-python/auto-tests-python/tests/conftest.py\", line 178, in auto_test_user_authorized\n    page.check_expected_link(MainPageLinks.URL_GROUPS_PAGE)\n  File \"/home/runner/work/auto-tests-python/auto-tests-python/pages/base_page.py\", line 84, in check_expected_link\n    return Wait(self.driver, self.timeout).until(\n           ^^^^^^^^^^^^^^^^^^^^^^^^^^^^^^^^^^^^^^\n  File \"/opt/hostedtoolcache/Python/3.12.12/x64/lib/python3.12/site-packages/selenium/webdriver/support/wait.py\", line 95, in until\n    raise TimeoutException(message, screen, stacktrace)\n","steps":[{"name":"Check url is present: https://www.brainup.site/groups","time":{"start":1765529595828,"stop":1765529615972,"duration":20144},"status":"broken","statusMessage":"selenium.common.exceptions.TimeoutException: Message: Can't find element by locator https://www.brainup.site/groups\n\n","statusTrace":"  File \"/home/runner/work/auto-tests-python/auto-tests-python/pages/base_page.py\", line 84, in check_expected_link\n    return Wait(self.driver, self.timeout).until(\n           ^^^^^^^^^^^^^^^^^^^^^^^^^^^^^^^^^^^^^^\n  File \"/opt/hostedtoolcache/Python/3.12.12/x64/lib/python3.12/site-packages/selenium/webdriver/support/wait.py\", line 95, in until\n    raise TimeoutException(message, screen, stacktrace)\n","steps":[],"attachments":[],"parameters":[],"stepsCount":0,"shouldDisplayMessage":true,"attachmentsCount":0,"hasContent":true,"attachmentStep":false}],"attachments":[],"parameters":[{"name":"driver","value":"<selenium.webdriver.chrome.webdriver.WebDriver (session=\"42a21def5ef3d05cc4f0aaea8956f288\")>"},{"name":"main_page_open","value":"None"}],"stepsCount":1,"shouldDisplayMessage":false,"attachmentsCount":0,"hasContent":true,"attachmentStep":false}],"attachments":[],"parameters":[],"stepsCount":2,"shouldDisplayMessage":false,"attachmentsCount":0,"hasContent":true,"attachmentStep":false}],"afterStages":[{"name":"driver::0","time":{"start":1765529615990,"stop":1765529616058,"duration":68},"status":"passed","steps":[],"attachments":[],"parameters":[],"stepsCount":0,"shouldDisplayMessage":false,"attachmentsCount":0,"hasContent":false,"attachmentStep":false}],"labels":[{"name":"epic","value":"The Groups Page"},{"name":"parentSuite","value":"tests"},{"name":"suite","value":"groups_page_test"},{"name":"subSuite","value":"TestGroupsPage"},{"name":"host","value":"runnervm6qbrg"},{"name":"thread","value":"2577-MainThread"},{"name":"framework","value":"pytest"},{"name":"language","value":"cpython3"},{"name":"package","value":"tests.groups_page_test"},{"name":"resultFormat","value":"allure2"}],"parameters":[],"links":[],"hidden":false,"retry":false,"extra":{"severity":"normal","retries":[],"categories":[{"name":"Test defects","matchedStatuses":[],"flaky":false}],"history":{"statistic":{"failed":0,"broken":1,"skipped":0,"passed":36,"unknown":0,"total":37},"items":[{"uid":"40a437ad9e479a48","reportUrl":"https://Brain-up.github.io/auto-tests-python/770/#testresult/40a437ad9e479a48","status":"passed","time":{"start":1765428771127,"stop":1765428771195,"duration":68}},{"uid":"e6ec9eca90320775","reportUrl":"https://Brain-up.github.io/auto-tests-python/769/#testresult/e6ec9eca90320775","status":"passed","time":{"start":1765131343849,"stop":1765131343915,"duration":66}},{"uid":"8653da1eb507f721","reportUrl":"https://Brain-up.github.io/auto-tests-python/768/#testresult/8653da1eb507f721","status":"passed","time":{"start":1765022944942,"stop":1765022945009,"duration":67}},{"uid":"dfef84f7bc031dd2","reportUrl":"https://Brain-up.github.io/auto-tests-python/767/#testresult/dfef84f7bc031dd2","status":"passed","time":{"start":1764842217367,"stop":1764842217435,"duration":68}},{"uid":"78e66f775b2f37d4","reportUrl":"https://Brain-up.github.io/auto-tests-python/766/#testresult/78e66f775b2f37d4","status":"passed","time":{"start":1764759768577,"stop":1764759768645,"duration":68}},{"uid":"855e12d8ee113f3a","reportUrl":"https://Brain-up.github.io/auto-tests-python/765/#testresult/855e12d8ee113f3a","status":"passed","time":{"start":1764674233275,"stop":1764674233341,"duration":66}},{"uid":"1e38dbec9d6e00b5","reportUrl":"https://Brain-up.github.io/auto-tests-python/764/#testresult/1e38dbec9d6e00b5","status":"passed","time":{"start":1764588013954,"stop":1764588014024,"duration":70}},{"uid":"89a0a2d22586f5b5","reportUrl":"https://Brain-up.github.io/auto-tests-python/763/#testresult/89a0a2d22586f5b5","status":"passed","time":{"start":1764489763257,"stop":1764489763325,"duration":68}},{"uid":"1a89ee5aae442fc7","reportUrl":"https://Brain-up.github.io/auto-tests-python/762/#testresult/1a89ee5aae442fc7","status":"passed","time":{"start":1764422432069,"stop":1764422432143,"duration":74}},{"uid":"b6347bef823d0968","reportUrl":"https://Brain-up.github.io/auto-tests-python/761/#testresult/b6347bef823d0968","status":"passed","time":{"start":1764328907255,"stop":1764328907325,"duration":70}},{"uid":"10cafab50d1e6b70","reportUrl":"https://Brain-up.github.io/auto-tests-python/760/#testresult/10cafab50d1e6b70","status":"passed","time":{"start":1764257737609,"stop":1764257737675,"duration":66}},{"uid":"98953e9c950e0096","reportUrl":"https://Brain-up.github.io/auto-tests-python/759/#testresult/98953e9c950e0096","status":"passed","time":{"start":1764069254564,"stop":1764069254632,"duration":68}},{"uid":"9cce0cf9bbd0cb60","reportUrl":"https://Brain-up.github.io/auto-tests-python/758/#testresult/9cce0cf9bbd0cb60","status":"passed","time":{"start":1764011188954,"stop":1764011189021,"duration":67}},{"uid":"46b90c50df14562d","reportUrl":"https://Brain-up.github.io/auto-tests-python/757/#testresult/46b90c50df14562d","status":"passed","time":{"start":1763903668600,"stop":1763903668664,"duration":64}},{"uid":"ab060c1439c1ef7e","reportUrl":"https://Brain-up.github.io/auto-tests-python/756/#testresult/ab060c1439c1ef7e","status":"passed","time":{"start":1763825608455,"stop":1763825608525,"duration":70}},{"uid":"9648142b9df1b69","reportUrl":"https://Brain-up.github.io/auto-tests-python/755/#testresult/9648142b9df1b69","status":"passed","time":{"start":1763700164938,"stop":1763700165008,"duration":70}},{"uid":"b83702b5f00df0ad","reportUrl":"https://Brain-up.github.io/auto-tests-python/754/#testresult/b83702b5f00df0ad","status":"passed","time":{"start":1763643597698,"stop":1763643597771,"duration":73}},{"uid":"576050123e8d79d3","reportUrl":"https://Brain-up.github.io/auto-tests-python/753/#testresult/576050123e8d79d3","status":"passed","time":{"start":1763552905316,"stop":1763552905384,"duration":68}},{"uid":"1c18fcef726efe85","reportUrl":"https://Brain-up.github.io/auto-tests-python/752/#testresult/1c18fcef726efe85","status":"passed","time":{"start":1763463452202,"stop":1763463452271,"duration":69}},{"uid":"2cd7633f5ea08bf2","reportUrl":"https://Brain-up.github.io/auto-tests-python/751/#testresult/2cd7633f5ea08bf2","status":"passed","time":{"start":1763379372233,"stop":1763379372301,"duration":68}}]},"tags":[]},"source":"ff689ba8f6bce6b1.json","parameterValues":[]}